<?xml version="1.0" encoding="UTF-8"?>
<testsuite xmlns:xsi="http://www.w3.org/2001/XMLSchema-instance" xsi:noNamespaceSchemaLocation="https://maven.apache.org/surefire/maven-surefire-plugin/xsd/surefire-test-report-3.0.xsd" version="3.0" name="tests.RegisterAccountTests" time="33.32" tests="2" errors="0" skipped="0" failures="0">
  <properties>
    <property name="sun.desktop" value="windows"/>
    <property name="awt.toolkit" value="sun.awt.windows.WToolkit"/>
    <property name="java.specification.version" value="11"/>
    <property name="webdriver.chrome.driver" value="C:\WINDOWS\system32\config\systemprofile\.cache\selenium\chromedriver\win32\107.0.5304.62\chromedriver.exe"/>
    <property name="sun.cpu.isalist" value="amd64"/>
    <property name="sun.jnu.encoding" value="Cp1252"/>
    <property name="java.class.path" value="C:\Users\T540p\eclipse-workspace\TopTech.sdet.testNG\target\test-classes;C:\Users\T540p\eclipse-workspace\TopTech.sdet.testNG\target\classes;C:\WINDOWS\system32\config\systemprofile\.m2\repository\org\apache\maven\plugins\maven-compiler-plugin\3.10.1\maven-compiler-plugin-3.10.1.jar;C:\WINDOWS\system32\config\systemprofile\.m2\repository\org\apache\maven\shared\maven-shared-utils\3.3.4\maven-shared-utils-3.3.4.jar;C:\WINDOWS\system32\config\systemprofile\.m2\repository\org\apache\maven\shared\maven-shared-incremental\1.1\maven-shared-incremental-1.1.jar;C:\WINDOWS\system32\config\systemprofile\.m2\repository\org\codehaus\plexus\plexus-component-annotations\1.5.5\plexus-component-annotations-1.5.5.jar;C:\WINDOWS\system32\config\systemprofile\.m2\repository\org\codehaus\plexus\plexus-java\1.1.1\plexus-java-1.1.1.jar;C:\WINDOWS\system32\config\systemprofile\.m2\repository\org\ow2\asm\asm\9.2\asm-9.2.jar;C:\WINDOWS\system32\config\systemprofile\.m2\repository\com\thoughtworks\qdox\qdox\2.0.1\qdox-2.0.1.jar;C:\WINDOWS\system32\config\systemprofile\.m2\repository\org\codehaus\plexus\plexus-compiler-api\2.11.1\plexus-compiler-api-2.11.1.jar;C:\WINDOWS\system32\config\systemprofile\.m2\repository\org\codehaus\plexus\plexus-utils\3.4.1\plexus-utils-3.4.1.jar;C:\WINDOWS\system32\config\systemprofile\.m2\repository\org\codehaus\plexus\plexus-compiler-manager\2.11.1\plexus-compiler-manager-2.11.1.jar;C:\WINDOWS\system32\config\systemprofile\.m2\repository\org\codehaus\plexus\plexus-compiler-javac\2.11.1\plexus-compiler-javac-2.11.1.jar;C:\WINDOWS\system32\config\systemprofile\.m2\repository\org\apache\maven\plugins\maven-surefire-plugin\3.0.0-M7\maven-surefire-plugin-3.0.0-M7.jar;C:\WINDOWS\system32\config\systemprofile\.m2\repository\org\apache\maven\surefire\maven-surefire-common\3.0.0-M7\maven-surefire-common-3.0.0-M7.jar;C:\WINDOWS\system32\config\systemprofile\.m2\repository\org\apache\maven\surefire\surefire-api\3.0.0-M7\surefire-api-3.0.0-M7.jar;C:\WINDOWS\system32\config\systemprofile\.m2\repository\org\apache\maven\surefire\surefire-logger-api\3.0.0-M7\surefire-logger-api-3.0.0-M7.jar;C:\WINDOWS\system32\config\systemprofile\.m2\repository\org\apache\maven\surefire\surefire-extensions-api\3.0.0-M7\surefire-extensions-api-3.0.0-M7.jar;C:\WINDOWS\system32\config\systemprofile\.m2\repository\org\apache\maven\surefire\surefire-booter\3.0.0-M7\surefire-booter-3.0.0-M7.jar;C:\WINDOWS\system32\config\systemprofile\.m2\repository\org\apache\maven\surefire\surefire-extensions-spi\3.0.0-M7\surefire-extensions-spi-3.0.0-M7.jar;C:\WINDOWS\system32\config\systemprofile\.m2\repository\org\apache\maven\shared\maven-common-artifact-filters\3.1.1\maven-common-artifact-filters-3.1.1.jar;C:\WINDOWS\system32\config\systemprofile\.m2\repository\org\apache\maven\maven-artifact\3.1.0\maven-artifact-3.1.0.jar;C:\WINDOWS\system32\config\systemprofile\.m2\repository\org\apache\maven\maven-core\3.1.0\maven-core-3.1.0.jar;C:\WINDOWS\system32\config\systemprofile\.m2\repository\org\apache\maven\maven-settings\3.1.0\maven-settings-3.1.0.jar;C:\WINDOWS\system32\config\systemprofile\.m2\repository\org\apache\maven\maven-settings-builder\3.1.0\maven-settings-builder-3.1.0.jar;C:\WINDOWS\system32\config\systemprofile\.m2\repository\org\apache\maven\maven-repository-metadata\3.1.0\maven-repository-metadata-3.1.0.jar;C:\WINDOWS\system32\config\systemprofile\.m2\repository\org\apache\maven\maven-model-builder\3.1.0\maven-model-builder-3.1.0.jar;C:\WINDOWS\system32\config\systemprofile\.m2\repository\org\apache\maven\maven-aether-provider\3.1.0\maven-aether-provider-3.1.0.jar;C:\WINDOWS\system32\config\systemprofile\.m2\repository\org\eclipse\aether\aether-spi\0.9.0.M2\aether-spi-0.9.0.M2.jar;C:\WINDOWS\system32\config\systemprofile\.m2\repository\org\eclipse\aether\aether-impl\0.9.0.M2\aether-impl-0.9.0.M2.jar;C:\WINDOWS\system32\config\systemprofile\.m2\repository\org\eclipse\aether\aether-api\0.9.0.M2\aether-api-0.9.0.M2.jar;C:\WINDOWS\system32\config\systemprofile\.m2\repository\org\eclipse\aether\aether-util\0.9.0.M2\aether-util-0.9.0.M2.jar;C:\WINDOWS\system32\config\systemprofile\.m2\repository\org\eclipse\sisu\org.eclipse.sisu.plexus\0.0.0.M2a\org.eclipse.sisu.plexus-0.0.0.M2a.jar;C:\WINDOWS\system32\config\systemprofile\.m2\repository\javax\enterprise\cdi-api\1.0\cdi-api-1.0.jar;C:\WINDOWS\system32\config\systemprofile\.m2\repository\javax\annotation\jsr250-api\1.0\jsr250-api-1.0.jar;C:\WINDOWS\system32\config\systemprofile\.m2\repository\org\sonatype\sisu\sisu-guice\3.1.0\sisu-guice-3.1.0-no_aop.jar;C:\WINDOWS\system32\config\systemprofile\.m2\repository\aopalliance\aopalliance\1.0\aopalliance-1.0.jar;C:\WINDOWS\system32\config\systemprofile\.m2\repository\org\eclipse\sisu\org.eclipse.sisu.inject\0.0.0.M2a\org.eclipse.sisu.inject-0.0.0.M2a.jar;C:\WINDOWS\system32\config\systemprofile\.m2\repository\asm\asm\3.3.1\asm-3.3.1.jar;C:\WINDOWS\system32\config\systemprofile\.m2\repository\org\codehaus\plexus\plexus-classworlds\2.4.2\plexus-classworlds-2.4.2.jar;C:\WINDOWS\system32\config\systemprofile\.m2\repository\org\sonatype\plexus\plexus-sec-dispatcher\1.3\plexus-sec-dispatcher-1.3.jar;C:\WINDOWS\system32\config\systemprofile\.m2\repository\org\sonatype\plexus\plexus-cipher\1.4\plexus-cipher-1.4.jar;C:\WINDOWS\system32\config\systemprofile\.m2\repository\org\apache\maven\maven-plugin-api\3.1.0\maven-plugin-api-3.1.0.jar;C:\WINDOWS\system32\config\systemprofile\.m2\repository\org\apache\maven\surefire\surefire-shared-utils\3.0.0-M7\surefire-shared-utils-3.0.0-M7.jar;C:\WINDOWS\system32\config\systemprofile\.m2\repository\org\apache\maven\plugins\maven-resources-plugin\3.3.0\maven-resources-plugin-3.3.0.jar;C:\WINDOWS\system32\config\systemprofile\.m2\repository\org\codehaus\plexus\plexus-interpolation\1.26\plexus-interpolation-1.26.jar;C:\WINDOWS\system32\config\systemprofile\.m2\repository\org\apache\maven\shared\maven-filtering\3.3.0\maven-filtering-3.3.0.jar;C:\WINDOWS\system32\config\systemprofile\.m2\repository\javax\inject\javax.inject\1\javax.inject-1.jar;C:\WINDOWS\system32\config\systemprofile\.m2\repository\org\sonatype\plexus\plexus-build-api\0.0.7\plexus-build-api-0.0.7.jar;C:\WINDOWS\system32\config\systemprofile\.m2\repository\org\apache\commons\commons-lang3\3.12.0\commons-lang3-3.12.0.jar;C:\WINDOWS\system32\config\systemprofile\.m2\repository\org\testng\testng\7.6.1\testng-7.6.1.jar;C:\WINDOWS\system32\config\systemprofile\.m2\repository\com\google\code\findbugs\jsr305\3.0.2\jsr305-3.0.2.jar;C:\WINDOWS\system32\config\systemprofile\.m2\repository\org\slf4j\slf4j-api\1.7.36\slf4j-api-1.7.36.jar;C:\WINDOWS\system32\config\systemprofile\.m2\repository\com\beust\jcommander\1.82\jcommander-1.82.jar;C:\WINDOWS\system32\config\systemprofile\.m2\repository\org\webjars\jquery\3.6.0\jquery-3.6.0.jar;C:\WINDOWS\system32\config\systemprofile\.m2\repository\com\aventstack\extentreports\5.0.9\extentreports-5.0.9.jar;C:\WINDOWS\system32\config\systemprofile\.m2\repository\io\reactivex\rxjava3\rxjava\3.0.4\rxjava-3.0.4.jar;C:\WINDOWS\system32\config\systemprofile\.m2\repository\org\reactivestreams\reactive-streams\1.0.3\reactive-streams-1.0.3.jar;C:\WINDOWS\system32\config\systemprofile\.m2\repository\org\freemarker\freemarker\2.3.30\freemarker-2.3.30.jar;C:\WINDOWS\system32\config\systemprofile\.m2\repository\org\projectlombok\lombok\1.18.12\lombok-1.18.12.jar;C:\WINDOWS\system32\config\systemprofile\.m2\repository\com\google\code\gson\gson\2.8.6\gson-2.8.6.jar;C:\WINDOWS\system32\config\systemprofile\.m2\repository\org\catools\extentreport\1.0.1\extentreport-1.0.1.jar;C:\WINDOWS\system32\config\systemprofile\.m2\repository\org\catools\common.testng\1.0.1\common.testng-1.0.1.jar;C:\WINDOWS\system32\config\systemprofile\.m2\repository\org\catools\common.logger\1.0.1\common.logger-1.0.1.jar;C:\WINDOWS\system32\config\systemprofile\.m2\repository\org\catools\common.utils\1.0.1\common.utils-1.0.1.jar;C:\WINDOWS\system32\config\systemprofile\.m2\repository\org\catools\common.config\1.0.1\common.config-1.0.1.jar;C:\WINDOWS\system32\config\systemprofile\.m2\repository\org\catools\common.extension\1.0.1\common.extension-1.0.1.jar;C:\WINDOWS\system32\config\systemprofile\.m2\repository\org\catools\common.security\1.0.1\common.security-1.0.1.jar;C:\WINDOWS\system32\config\systemprofile\.m2\repository\com\github\lalyos\jfiglet\0.0.8\jfiglet-0.0.8.jar;C:\WINDOWS\system32\config\systemprofile\.m2\repository\com\diogonunes\JCDP\2.0.3.1\JCDP-2.0.3.1.jar;C:\WINDOWS\system32\config\systemprofile\.m2\repository\org\fusesource\jansi\jansi\1.15\jansi-1.15.jar;C:\WINDOWS\system32\config\systemprofile\.m2\repository\org\codehaus\groovy\groovy-jsr223\2.5.7\groovy-jsr223-2.5.7.jar;C:\WINDOWS\system32\config\systemprofile\.m2\repository\org\codehaus\groovy\groovy\2.5.7\groovy-2.5.7.jar;C:\WINDOWS\system32\config\systemprofile\.m2\repository\javax\xml\bind\jaxb-api\2.3.1\jaxb-api-2.3.1.jar;C:\WINDOWS\system32\config\systemprofile\.m2\repository\javax\activation\javax.activation-api\1.2.0\javax.activation-api-1.2.0.jar;C:\WINDOWS\system32\config\systemprofile\.m2\repository\javax\xml\bind\activation\1.0.2\activation-1.0.2.jar;C:\WINDOWS\system32\config\systemprofile\.m2\repository\org\glassfish\jaxb\jaxb-runtime\2.4.0-b180830.0438\jaxb-runtime-2.4.0-b180830.0438.jar;C:\WINDOWS\system32\config\systemprofile\.m2\repository\org\glassfish\jaxb\txw2\2.4.0-b180830.0438\txw2-2.4.0-b180830.0438.jar;C:\WINDOWS\system32\config\systemprofile\.m2\repository\com\sun\istack\istack-commons-runtime\3.0.7\istack-commons-runtime-3.0.7.jar;C:\WINDOWS\system32\config\systemprofile\.m2\repository\org\jvnet\staxex\stax-ex\1.8\stax-ex-1.8.jar;C:\WINDOWS\system32\config\systemprofile\.m2\repository\com\sun\xml\fastinfoset\FastInfoset\1.2.15\FastInfoset-1.2.15.jar;C:\WINDOWS\system32\config\systemprofile\.m2\repository\javax\ws\rs\javax.ws.rs-api\2.1.1\javax.ws.rs-api-2.1.1.jar;C:\WINDOWS\system32\config\systemprofile\.m2\repository\org\codehaus\jettison\jettison\1.4.0\jettison-1.4.0.jar;C:\WINDOWS\system32\config\systemprofile\.m2\repository\org\apache\commons\commons-text\1.6\commons-text-1.6.jar;C:\WINDOWS\system32\config\systemprofile\.m2\repository\org\apache\commons\commons-csv\1.6\commons-csv-1.6.jar;C:\WINDOWS\system32\config\systemprofile\.m2\repository\org\apache\commons\commons-collections4\4.4\commons-collections4-4.4.jar;C:\WINDOWS\system32\config\systemprofile\.m2\repository\com\fasterxml\jackson\core\jackson-core\2.10.2\jackson-core-2.10.2.jar;C:\WINDOWS\system32\config\systemprofile\.m2\repository\com\fasterxml\jackson\dataformat\jackson-dataformat-yaml\2.10.2\jackson-dataformat-yaml-2.10.2.jar;C:\WINDOWS\system32\config\systemprofile\.m2\repository\org\yaml\snakeyaml\1.24\snakeyaml-1.24.jar;C:\WINDOWS\system32\config\systemprofile\.m2\repository\com\fasterxml\jackson\core\jackson-databind\2.10.2\jackson-databind-2.10.2.jar;C:\WINDOWS\system32\config\systemprofile\.m2\repository\com\fasterxml\jackson\core\jackson-annotations\2.10.2\jackson-annotations-2.10.2.jar;C:\WINDOWS\system32\config\systemprofile\.m2\repository\commons-collections\commons-collections\3.2.1\commons-collections-3.2.1.jar;C:\WINDOWS\system32\config\systemprofile\.m2\repository\com\google\guava\guava\31.0.1-jre\guava-31.0.1-jre.jar;C:\WINDOWS\system32\config\systemprofile\.m2\repository\com\google\guava\failureaccess\1.0.1\failureaccess-1.0.1.jar;C:\WINDOWS\system32\config\systemprofile\.m2\repository\com\google\guava\listenablefuture\9999.0-empty-to-avoid-conflict-with-guava\listenablefuture-9999.0-empty-to-avoid-conflict-with-guava.jar;C:\WINDOWS\system32\config\systemprofile\.m2\repository\org\checkerframework\checker-qual\3.12.0\checker-qual-3.12.0.jar;C:\WINDOWS\system32\config\systemprofile\.m2\repository\com\google\errorprone\error_prone_annotations\2.7.1\error_prone_annotations-2.7.1.jar;C:\WINDOWS\system32\config\systemprofile\.m2\repository\com\google\j2objc\j2objc-annotations\1.3\j2objc-annotations-1.3.jar;C:\WINDOWS\system32\config\systemprofile\.m2\repository\org\bitbucket\cowwoc\diff-match-patch\1.2\diff-match-patch-1.2.jar;C:\WINDOWS\system32\config\systemprofile\.m2\repository\uk\com\robust-it\cloning\1.9.12\cloning-1.9.12.jar;C:\WINDOWS\system32\config\systemprofile\.m2\repository\org\objenesis\objenesis\3.0.1\objenesis-3.0.1.jar;C:\WINDOWS\system32\config\systemprofile\.m2\repository\com\vimalselvam\cucumber-extentsreport\3.1.1\cucumber-extentsreport-3.1.1.jar;C:\WINDOWS\system32\config\systemprofile\.m2\repository\org\apache\logging\log4j\log4j-slf4j-impl\2.19.0\log4j-slf4j-impl-2.19.0.jar;C:\WINDOWS\system32\config\systemprofile\.m2\repository\org\apache\logging\log4j\log4j-api\2.19.0\log4j-api-2.19.0.jar;C:\WINDOWS\system32\config\systemprofile\.m2\repository\org\apache\logging\log4j\log4j-core\2.19.0\log4j-core-2.19.0.jar;C:\WINDOWS\system32\config\systemprofile\.m2\repository\org\slf4j\slf4j-simple\2.0.3\slf4j-simple-2.0.3.jar;C:\WINDOWS\system32\config\systemprofile\.m2\repository\postgresql\postgresql\9.1-901-1.jdbc4\postgresql-9.1-901-1.jdbc4.jar;C:\WINDOWS\system32\config\systemprofile\.m2\repository\io\github\bonigarcia\webdrivermanager\5.3.1\webdrivermanager-5.3.1.jar;C:\WINDOWS\system32\config\systemprofile\.m2\repository\com\github\docker-java\docker-java\3.2.13\docker-java-3.2.13.jar;C:\WINDOWS\system32\config\systemprofile\.m2\repository\com\github\docker-java\docker-java-core\3.2.13\docker-java-core-3.2.13.jar;C:\WINDOWS\system32\config\systemprofile\.m2\repository\com\github\docker-java\docker-java-api\3.2.13\docker-java-api-3.2.13.jar;C:\WINDOWS\system32\config\systemprofile\.m2\repository\org\bouncycastle\bcpkix-jdk15on\1.64\bcpkix-jdk15on-1.64.jar;C:\WINDOWS\system32\config\systemprofile\.m2\repository\org\bouncycastle\bcprov-jdk15on\1.64\bcprov-jdk15on-1.64.jar;C:\WINDOWS\system32\config\systemprofile\.m2\repository\org\slf4j\jcl-over-slf4j\1.7.30\jcl-over-slf4j-1.7.30.jar;C:\WINDOWS\system32\config\systemprofile\.m2\repository\com\github\docker-java\docker-java-transport-httpclient5\3.2.13\docker-java-transport-httpclient5-3.2.13.jar;C:\WINDOWS\system32\config\systemprofile\.m2\repository\com\github\docker-java\docker-java-transport\3.2.13\docker-java-transport-3.2.13.jar;C:\WINDOWS\system32\config\systemprofile\.m2\repository\net\java\dev\jna\jna\5.8.0\jna-5.8.0.jar;C:\WINDOWS\system32\config\systemprofile\.m2\repository\org\brotli\dec\0.1.2\dec-0.1.2.jar;C:\WINDOWS\system32\config\systemprofile\.m2\repository\org\apache\httpcomponents\client5\httpclient5\5.1.3\httpclient5-5.1.3.jar;C:\WINDOWS\system32\config\systemprofile\.m2\repository\org\apache\httpcomponents\core5\httpcore5\5.1.3\httpcore5-5.1.3.jar;C:\WINDOWS\system32\config\systemprofile\.m2\repository\org\apache\httpcomponents\core5\httpcore5-h2\5.1.3\httpcore5-h2-5.1.3.jar;C:\WINDOWS\system32\config\systemprofile\.m2\repository\io\cucumber\cucumber-testng\5.2.0\cucumber-testng-5.2.0.jar;C:\WINDOWS\system32\config\systemprofile\.m2\repository\org\apiguardian\apiguardian-api\1.1.0\apiguardian-api-1.1.0.jar;C:\WINDOWS\system32\config\systemprofile\.m2\repository\io\cucumber\cucumber-core\5.2.0\cucumber-core-5.2.0.jar;C:\WINDOWS\system32\config\systemprofile\.m2\repository\io\cucumber\cucumber-gherkin\5.2.0\cucumber-gherkin-5.2.0.jar;C:\WINDOWS\system32\config\systemprofile\.m2\repository\io\cucumber\cucumber-gherkin-vintage\5.2.0\cucumber-gherkin-vintage-5.2.0.jar;C:\WINDOWS\system32\config\systemprofile\.m2\repository\io\cucumber\tag-expressions\2.0.4\tag-expressions-2.0.4.jar;C:\WINDOWS\system32\config\systemprofile\.m2\repository\io\cucumber\cucumber-expressions\8.3.1\cucumber-expressions-8.3.1.jar;C:\WINDOWS\system32\config\systemprofile\.m2\repository\io\cucumber\datatable\3.3.0\datatable-3.3.0.jar;C:\WINDOWS\system32\config\systemprofile\.m2\repository\io\cucumber\cucumber-plugin\5.2.0\cucumber-plugin-5.2.0.jar;C:\WINDOWS\system32\config\systemprofile\.m2\repository\io\cucumber\docstring\5.2.0\docstring-5.2.0.jar;C:\WINDOWS\system32\config\systemprofile\.m2\repository\org\seleniumhq\selenium\selenium-java\4.6.0\selenium-java-4.6.0.jar;C:\WINDOWS\system32\config\systemprofile\.m2\repository\org\seleniumhq\selenium\selenium-api\4.6.0\selenium-api-4.6.0.jar;C:\WINDOWS\system32\config\systemprofile\.m2\repository\org\seleniumhq\selenium\selenium-chrome-driver\4.6.0\selenium-chrome-driver-4.6.0.jar;C:\WINDOWS\system32\config\systemprofile\.m2\repository\com\google\auto\service\auto-service-annotations\1.0.1\auto-service-annotations-1.0.1.jar;C:\WINDOWS\system32\config\systemprofile\.m2\repository\com\google\auto\service\auto-service\1.0.1\auto-service-1.0.1.jar;C:\WINDOWS\system32\config\systemprofile\.m2\repository\com\google\auto\auto-common\1.2\auto-common-1.2.jar;C:\WINDOWS\system32\config\systemprofile\.m2\repository\org\seleniumhq\selenium\selenium-chromium-driver\4.6.0\selenium-chromium-driver-4.6.0.jar;C:\WINDOWS\system32\config\systemprofile\.m2\repository\org\seleniumhq\selenium\selenium-json\4.6.0\selenium-json-4.6.0.jar;C:\WINDOWS\system32\config\systemprofile\.m2\repository\org\seleniumhq\selenium\selenium-devtools-v105\4.6.0\selenium-devtools-v105-4.6.0.jar;C:\WINDOWS\system32\config\systemprofile\.m2\repository\org\seleniumhq\selenium\selenium-devtools-v106\4.6.0\selenium-devtools-v106-4.6.0.jar;C:\WINDOWS\system32\config\systemprofile\.m2\repository\org\seleniumhq\selenium\selenium-devtools-v107\4.6.0\selenium-devtools-v107-4.6.0.jar;C:\WINDOWS\system32\config\systemprofile\.m2\repository\org\seleniumhq\selenium\selenium-devtools-v85\4.6.0\selenium-devtools-v85-4.6.0.jar;C:\WINDOWS\system32\config\systemprofile\.m2\repository\org\seleniumhq\selenium\selenium-edge-driver\4.6.0\selenium-edge-driver-4.6.0.jar;C:\WINDOWS\system32\config\systemprofile\.m2\repository\org\seleniumhq\selenium\selenium-firefox-driver\4.6.0\selenium-firefox-driver-4.6.0.jar;C:\WINDOWS\system32\config\systemprofile\.m2\repository\org\seleniumhq\selenium\selenium-ie-driver\4.6.0\selenium-ie-driver-4.6.0.jar;C:\WINDOWS\system32\config\systemprofile\.m2\repository\org\seleniumhq\selenium\selenium-remote-driver\4.6.0\selenium-remote-driver-4.6.0.jar;C:\WINDOWS\system32\config\systemprofile\.m2\repository\io\netty\netty-buffer\4.1.84.Final\netty-buffer-4.1.84.Final.jar;C:\WINDOWS\system32\config\systemprofile\.m2\repository\io\netty\netty-codec-http\4.1.84.Final\netty-codec-http-4.1.84.Final.jar;C:\WINDOWS\system32\config\systemprofile\.m2\repository\io\netty\netty-codec\4.1.84.Final\netty-codec-4.1.84.Final.jar;C:\WINDOWS\system32\config\systemprofile\.m2\repository\io\netty\netty-handler\4.1.84.Final\netty-handler-4.1.84.Final.jar;C:\WINDOWS\system32\config\systemprofile\.m2\repository\io\netty\netty-common\4.1.84.Final\netty-common-4.1.84.Final.jar;C:\WINDOWS\system32\config\systemprofile\.m2\repository\io\netty\netty-transport-classes-epoll\4.1.84.Final\netty-transport-classes-epoll-4.1.84.Final.jar;C:\WINDOWS\system32\config\systemprofile\.m2\repository\io\netty\netty-transport-classes-kqueue\4.1.84.Final\netty-transport-classes-kqueue-4.1.84.Final.jar;C:\WINDOWS\system32\config\systemprofile\.m2\repository\io\netty\netty-transport-native-epoll\4.1.84.Final\netty-transport-native-epoll-4.1.84.Final.jar;C:\WINDOWS\system32\config\systemprofile\.m2\repository\io\netty\netty-transport-native-kqueue\4.1.84.Final\netty-transport-native-kqueue-4.1.84.Final.jar;C:\WINDOWS\system32\config\systemprofile\.m2\repository\io\netty\netty-transport-native-unix-common\4.1.84.Final\netty-transport-native-unix-common-4.1.84.Final.jar;C:\WINDOWS\system32\config\systemprofile\.m2\repository\io\netty\netty-transport\4.1.84.Final\netty-transport-4.1.84.Final.jar;C:\WINDOWS\system32\config\systemprofile\.m2\repository\io\netty\netty-resolver\4.1.84.Final\netty-resolver-4.1.84.Final.jar;C:\WINDOWS\system32\config\systemprofile\.m2\repository\io\opentelemetry\opentelemetry-api\1.19.0\opentelemetry-api-1.19.0.jar;C:\WINDOWS\system32\config\systemprofile\.m2\repository\io\opentelemetry\opentelemetry-context\1.19.0\opentelemetry-context-1.19.0.jar;C:\WINDOWS\system32\config\systemprofile\.m2\repository\io\opentelemetry\opentelemetry-exporter-logging\1.19.0\opentelemetry-exporter-logging-1.19.0.jar;C:\WINDOWS\system32\config\systemprofile\.m2\repository\io\opentelemetry\opentelemetry-sdk-metrics\1.19.0\opentelemetry-sdk-metrics-1.19.0.jar;C:\WINDOWS\system32\config\systemprofile\.m2\repository\io\opentelemetry\opentelemetry-sdk-logs\1.19.0-alpha\opentelemetry-sdk-logs-1.19.0-alpha.jar;C:\WINDOWS\system32\config\systemprofile\.m2\repository\io\opentelemetry\opentelemetry-api-logs\1.19.0-alpha\opentelemetry-api-logs-1.19.0-alpha.jar;C:\WINDOWS\system32\config\systemprofile\.m2\repository\io\opentelemetry\opentelemetry-sdk-common\1.19.0\opentelemetry-sdk-common-1.19.0.jar;C:\WINDOWS\system32\config\systemprofile\.m2\repository\io\opentelemetry\opentelemetry-sdk-extension-autoconfigure-spi\1.19.0\opentelemetry-sdk-extension-autoconfigure-spi-1.19.0.jar;C:\WINDOWS\system32\config\systemprofile\.m2\repository\io\opentelemetry\opentelemetry-sdk-extension-autoconfigure\1.19.0-alpha\opentelemetry-sdk-extension-autoconfigure-1.19.0-alpha.jar;C:\WINDOWS\system32\config\systemprofile\.m2\repository\io\opentelemetry\opentelemetry-exporter-common\1.19.0\opentelemetry-exporter-common-1.19.0.jar;C:\WINDOWS\system32\config\systemprofile\.m2\repository\io\opentelemetry\opentelemetry-sdk-trace\1.19.0\opentelemetry-sdk-trace-1.19.0.jar;C:\WINDOWS\system32\config\systemprofile\.m2\repository\io\opentelemetry\opentelemetry-sdk\1.19.0\opentelemetry-sdk-1.19.0.jar;C:\WINDOWS\system32\config\systemprofile\.m2\repository\io\opentelemetry\opentelemetry-semconv\1.19.0-alpha\opentelemetry-semconv-1.19.0-alpha.jar;C:\WINDOWS\system32\config\systemprofile\.m2\repository\io\ous\jtoml\2.0.0\jtoml-2.0.0.jar;C:\WINDOWS\system32\config\systemprofile\.m2\repository\net\bytebuddy\byte-buddy\1.12.18\byte-buddy-1.12.18.jar;C:\WINDOWS\system32\config\systemprofile\.m2\repository\org\apache\commons\commons-exec\1.3\commons-exec-1.3.jar;C:\WINDOWS\system32\config\systemprofile\.m2\repository\org\asynchttpclient\async-http-client\2.12.3\async-http-client-2.12.3.jar;C:\WINDOWS\system32\config\systemprofile\.m2\repository\org\asynchttpclient\async-http-client-netty-utils\2.12.3\async-http-client-netty-utils-2.12.3.jar;C:\WINDOWS\system32\config\systemprofile\.m2\repository\io\netty\netty-codec-socks\4.1.60.Final\netty-codec-socks-4.1.60.Final.jar;C:\WINDOWS\system32\config\systemprofile\.m2\repository\io\netty\netty-handler-proxy\4.1.60.Final\netty-handler-proxy-4.1.60.Final.jar;C:\WINDOWS\system32\config\systemprofile\.m2\repository\io\netty\netty-transport-native-epoll\4.1.60.Final\netty-transport-native-epoll-4.1.60.Final-linux-x86_64.jar;C:\WINDOWS\system32\config\systemprofile\.m2\repository\io\netty\netty-transport-native-kqueue\4.1.60.Final\netty-transport-native-kqueue-4.1.60.Final-osx-x86_64.jar;C:\WINDOWS\system32\config\systemprofile\.m2\repository\com\typesafe\netty\netty-reactive-streams\2.0.4\netty-reactive-streams-2.0.4.jar;C:\WINDOWS\system32\config\systemprofile\.m2\repository\com\sun\activation\jakarta.activation\1.2.2\jakarta.activation-1.2.2.jar;C:\WINDOWS\system32\config\systemprofile\.m2\repository\org\seleniumhq\selenium\selenium-http\4.6.0\selenium-http-4.6.0.jar;C:\WINDOWS\system32\config\systemprofile\.m2\repository\dev\failsafe\failsafe\3.3.0\failsafe-3.3.0.jar;C:\WINDOWS\system32\config\systemprofile\.m2\repository\org\seleniumhq\selenium\selenium-manager\4.6.0\selenium-manager-4.6.0.jar;C:\WINDOWS\system32\config\systemprofile\.m2\repository\org\seleniumhq\selenium\selenium-safari-driver\4.6.0\selenium-safari-driver-4.6.0.jar;C:\WINDOWS\system32\config\systemprofile\.m2\repository\org\seleniumhq\selenium\selenium-support\4.6.0\selenium-support-4.6.0.jar;C:\WINDOWS\system32\config\systemprofile\.m2\repository\junit\junit\4.11\junit-4.11.jar;C:\WINDOWS\system32\config\systemprofile\.m2\repository\org\hamcrest\hamcrest-core\1.3\hamcrest-core-1.3.jar;C:\WINDOWS\system32\config\systemprofile\.m2\repository\org\apache\poi\poi\5.2.3\poi-5.2.3.jar;C:\WINDOWS\system32\config\systemprofile\.m2\repository\commons-codec\commons-codec\1.15\commons-codec-1.15.jar;C:\WINDOWS\system32\config\systemprofile\.m2\repository\org\apache\commons\commons-math3\3.6.1\commons-math3-3.6.1.jar;C:\WINDOWS\system32\config\systemprofile\.m2\repository\com\zaxxer\SparseBitSet\1.2\SparseBitSet-1.2.jar;C:\WINDOWS\system32\config\systemprofile\.m2\repository\commons-io\commons-io\2.11.0\commons-io-2.11.0.jar;C:\WINDOWS\system32\config\systemprofile\.m2\repository\com\opencsv\opencsv\5.7.1\opencsv-5.7.1.jar;C:\WINDOWS\system32\config\systemprofile\.m2\repository\commons-beanutils\commons-beanutils\1.9.4\commons-beanutils-1.9.4.jar;C:\WINDOWS\system32\config\systemprofile\.m2\repository\commons-logging\commons-logging\1.2\commons-logging-1.2.jar;C:\WINDOWS\system32\config\systemprofile\.m2\repository\org\apache\poi\poi-scratchpad\5.2.3\poi-scratchpad-5.2.3.jar;C:\WINDOWS\system32\config\systemprofile\.m2\repository\org\apache\poi\poi-ooxml-lite\5.2.3\poi-ooxml-lite-5.2.3.jar;C:\WINDOWS\system32\config\systemprofile\.m2\repository\org\apache\xmlbeans\xmlbeans\5.1.1\xmlbeans-5.1.1.jar;C:\WINDOWS\system32\config\systemprofile\.m2\repository\org\apache\poi\poi-ooxml\5.2.3\poi-ooxml-5.2.3.jar;C:\WINDOWS\system32\config\systemprofile\.m2\repository\org\apache\commons\commons-compress\1.21\commons-compress-1.21.jar;C:\WINDOWS\system32\config\systemprofile\.m2\repository\com\github\virtuald\curvesapi\1.07\curvesapi-1.07.jar;C:\WINDOWS\system32\config\systemprofile\.m2\repository\org\apache\poi\openxml4j\1.0-beta\openxml4j-1.0-beta.jar;C:\WINDOWS\system32\config\systemprofile\.m2\repository\dom4j\dom4j\1.6.1\dom4j-1.6.1.jar;C:\WINDOWS\system32\config\systemprofile\.m2\repository\xml-apis\xml-apis\1.0.b2\xml-apis-1.0.b2.jar;C:\WINDOWS\system32\config\systemprofile\.m2\repository\log4j\log4j\1.2.8\log4j-1.2.8.jar;"/>
    <property name="java.vm.vendor" value="Oracle Corporation"/>
    <property name="sun.arch.data.model" value="64"/>
    <property name="user.variant" value=""/>
    <property name="java.vendor.url" value="https://openjdk.java.net/"/>
    <property name="user.timezone" value="America/Los_Angeles"/>
    <property name="java.vm.specification.version" value="11"/>
    <property name="os.name" value="Windows 10"/>
    <property name="sun.java.launcher" value="SUN_STANDARD"/>
    <property name="user.country" value="US"/>
    <property name="sun.boot.library.path" value="C:\Program Files\Java\jdk-11.0.17\bin"/>
    <property name="sun.java.command" value="C:\Windows\Temp\surefire8882611250007677083\surefirebooter-20221129160508017_3.jar C:\Windows\Temp\surefire8882611250007677083 2022-11-29T16-05-07_152-jvmRun1 surefire-20221129160508017_1tmp surefire_0-20221129160508017_2tmp"/>
    <property name="jdk.debug" value="release"/>
    <property name="surefire.test.class.path" value="C:\Users\T540p\eclipse-workspace\TopTech.sdet.testNG\target\test-classes;C:\Users\T540p\eclipse-workspace\TopTech.sdet.testNG\target\classes;C:\WINDOWS\system32\config\systemprofile\.m2\repository\org\apache\maven\plugins\maven-compiler-plugin\3.10.1\maven-compiler-plugin-3.10.1.jar;C:\WINDOWS\system32\config\systemprofile\.m2\repository\org\apache\maven\shared\maven-shared-utils\3.3.4\maven-shared-utils-3.3.4.jar;C:\WINDOWS\system32\config\systemprofile\.m2\repository\org\apache\maven\shared\maven-shared-incremental\1.1\maven-shared-incremental-1.1.jar;C:\WINDOWS\system32\config\systemprofile\.m2\repository\org\codehaus\plexus\plexus-component-annotations\1.5.5\plexus-component-annotations-1.5.5.jar;C:\WINDOWS\system32\config\systemprofile\.m2\repository\org\codehaus\plexus\plexus-java\1.1.1\plexus-java-1.1.1.jar;C:\WINDOWS\system32\config\systemprofile\.m2\repository\org\ow2\asm\asm\9.2\asm-9.2.jar;C:\WINDOWS\system32\config\systemprofile\.m2\repository\com\thoughtworks\qdox\qdox\2.0.1\qdox-2.0.1.jar;C:\WINDOWS\system32\config\systemprofile\.m2\repository\org\codehaus\plexus\plexus-compiler-api\2.11.1\plexus-compiler-api-2.11.1.jar;C:\WINDOWS\system32\config\systemprofile\.m2\repository\org\codehaus\plexus\plexus-utils\3.4.1\plexus-utils-3.4.1.jar;C:\WINDOWS\system32\config\systemprofile\.m2\repository\org\codehaus\plexus\plexus-compiler-manager\2.11.1\plexus-compiler-manager-2.11.1.jar;C:\WINDOWS\system32\config\systemprofile\.m2\repository\org\codehaus\plexus\plexus-compiler-javac\2.11.1\plexus-compiler-javac-2.11.1.jar;C:\WINDOWS\system32\config\systemprofile\.m2\repository\org\apache\maven\plugins\maven-surefire-plugin\3.0.0-M7\maven-surefire-plugin-3.0.0-M7.jar;C:\WINDOWS\system32\config\systemprofile\.m2\repository\org\apache\maven\surefire\maven-surefire-common\3.0.0-M7\maven-surefire-common-3.0.0-M7.jar;C:\WINDOWS\system32\config\systemprofile\.m2\repository\org\apache\maven\surefire\surefire-api\3.0.0-M7\surefire-api-3.0.0-M7.jar;C:\WINDOWS\system32\config\systemprofile\.m2\repository\org\apache\maven\surefire\surefire-logger-api\3.0.0-M7\surefire-logger-api-3.0.0-M7.jar;C:\WINDOWS\system32\config\systemprofile\.m2\repository\org\apache\maven\surefire\surefire-extensions-api\3.0.0-M7\surefire-extensions-api-3.0.0-M7.jar;C:\WINDOWS\system32\config\systemprofile\.m2\repository\org\apache\maven\surefire\surefire-booter\3.0.0-M7\surefire-booter-3.0.0-M7.jar;C:\WINDOWS\system32\config\systemprofile\.m2\repository\org\apache\maven\surefire\surefire-extensions-spi\3.0.0-M7\surefire-extensions-spi-3.0.0-M7.jar;C:\WINDOWS\system32\config\systemprofile\.m2\repository\org\apache\maven\shared\maven-common-artifact-filters\3.1.1\maven-common-artifact-filters-3.1.1.jar;C:\WINDOWS\system32\config\systemprofile\.m2\repository\org\apache\maven\maven-artifact\3.1.0\maven-artifact-3.1.0.jar;C:\WINDOWS\system32\config\systemprofile\.m2\repository\org\apache\maven\maven-core\3.1.0\maven-core-3.1.0.jar;C:\WINDOWS\system32\config\systemprofile\.m2\repository\org\apache\maven\maven-settings\3.1.0\maven-settings-3.1.0.jar;C:\WINDOWS\system32\config\systemprofile\.m2\repository\org\apache\maven\maven-settings-builder\3.1.0\maven-settings-builder-3.1.0.jar;C:\WINDOWS\system32\config\systemprofile\.m2\repository\org\apache\maven\maven-repository-metadata\3.1.0\maven-repository-metadata-3.1.0.jar;C:\WINDOWS\system32\config\systemprofile\.m2\repository\org\apache\maven\maven-model-builder\3.1.0\maven-model-builder-3.1.0.jar;C:\WINDOWS\system32\config\systemprofile\.m2\repository\org\apache\maven\maven-aether-provider\3.1.0\maven-aether-provider-3.1.0.jar;C:\WINDOWS\system32\config\systemprofile\.m2\repository\org\eclipse\aether\aether-spi\0.9.0.M2\aether-spi-0.9.0.M2.jar;C:\WINDOWS\system32\config\systemprofile\.m2\repository\org\eclipse\aether\aether-impl\0.9.0.M2\aether-impl-0.9.0.M2.jar;C:\WINDOWS\system32\config\systemprofile\.m2\repository\org\eclipse\aether\aether-api\0.9.0.M2\aether-api-0.9.0.M2.jar;C:\WINDOWS\system32\config\systemprofile\.m2\repository\org\eclipse\aether\aether-util\0.9.0.M2\aether-util-0.9.0.M2.jar;C:\WINDOWS\system32\config\systemprofile\.m2\repository\org\eclipse\sisu\org.eclipse.sisu.plexus\0.0.0.M2a\org.eclipse.sisu.plexus-0.0.0.M2a.jar;C:\WINDOWS\system32\config\systemprofile\.m2\repository\javax\enterprise\cdi-api\1.0\cdi-api-1.0.jar;C:\WINDOWS\system32\config\systemprofile\.m2\repository\javax\annotation\jsr250-api\1.0\jsr250-api-1.0.jar;C:\WINDOWS\system32\config\systemprofile\.m2\repository\org\sonatype\sisu\sisu-guice\3.1.0\sisu-guice-3.1.0-no_aop.jar;C:\WINDOWS\system32\config\systemprofile\.m2\repository\aopalliance\aopalliance\1.0\aopalliance-1.0.jar;C:\WINDOWS\system32\config\systemprofile\.m2\repository\org\eclipse\sisu\org.eclipse.sisu.inject\0.0.0.M2a\org.eclipse.sisu.inject-0.0.0.M2a.jar;C:\WINDOWS\system32\config\systemprofile\.m2\repository\asm\asm\3.3.1\asm-3.3.1.jar;C:\WINDOWS\system32\config\systemprofile\.m2\repository\org\codehaus\plexus\plexus-classworlds\2.4.2\plexus-classworlds-2.4.2.jar;C:\WINDOWS\system32\config\systemprofile\.m2\repository\org\sonatype\plexus\plexus-sec-dispatcher\1.3\plexus-sec-dispatcher-1.3.jar;C:\WINDOWS\system32\config\systemprofile\.m2\repository\org\sonatype\plexus\plexus-cipher\1.4\plexus-cipher-1.4.jar;C:\WINDOWS\system32\config\systemprofile\.m2\repository\org\apache\maven\maven-plugin-api\3.1.0\maven-plugin-api-3.1.0.jar;C:\WINDOWS\system32\config\systemprofile\.m2\repository\org\apache\maven\surefire\surefire-shared-utils\3.0.0-M7\surefire-shared-utils-3.0.0-M7.jar;C:\WINDOWS\system32\config\systemprofile\.m2\repository\org\apache\maven\plugins\maven-resources-plugin\3.3.0\maven-resources-plugin-3.3.0.jar;C:\WINDOWS\system32\config\systemprofile\.m2\repository\org\codehaus\plexus\plexus-interpolation\1.26\plexus-interpolation-1.26.jar;C:\WINDOWS\system32\config\systemprofile\.m2\repository\org\apache\maven\shared\maven-filtering\3.3.0\maven-filtering-3.3.0.jar;C:\WINDOWS\system32\config\systemprofile\.m2\repository\javax\inject\javax.inject\1\javax.inject-1.jar;C:\WINDOWS\system32\config\systemprofile\.m2\repository\org\sonatype\plexus\plexus-build-api\0.0.7\plexus-build-api-0.0.7.jar;C:\WINDOWS\system32\config\systemprofile\.m2\repository\org\apache\commons\commons-lang3\3.12.0\commons-lang3-3.12.0.jar;C:\WINDOWS\system32\config\systemprofile\.m2\repository\org\testng\testng\7.6.1\testng-7.6.1.jar;C:\WINDOWS\system32\config\systemprofile\.m2\repository\com\google\code\findbugs\jsr305\3.0.2\jsr305-3.0.2.jar;C:\WINDOWS\system32\config\systemprofile\.m2\repository\org\slf4j\slf4j-api\1.7.36\slf4j-api-1.7.36.jar;C:\WINDOWS\system32\config\systemprofile\.m2\repository\com\beust\jcommander\1.82\jcommander-1.82.jar;C:\WINDOWS\system32\config\systemprofile\.m2\repository\org\webjars\jquery\3.6.0\jquery-3.6.0.jar;C:\WINDOWS\system32\config\systemprofile\.m2\repository\com\aventstack\extentreports\5.0.9\extentreports-5.0.9.jar;C:\WINDOWS\system32\config\systemprofile\.m2\repository\io\reactivex\rxjava3\rxjava\3.0.4\rxjava-3.0.4.jar;C:\WINDOWS\system32\config\systemprofile\.m2\repository\org\reactivestreams\reactive-streams\1.0.3\reactive-streams-1.0.3.jar;C:\WINDOWS\system32\config\systemprofile\.m2\repository\org\freemarker\freemarker\2.3.30\freemarker-2.3.30.jar;C:\WINDOWS\system32\config\systemprofile\.m2\repository\org\projectlombok\lombok\1.18.12\lombok-1.18.12.jar;C:\WINDOWS\system32\config\systemprofile\.m2\repository\com\google\code\gson\gson\2.8.6\gson-2.8.6.jar;C:\WINDOWS\system32\config\systemprofile\.m2\repository\org\catools\extentreport\1.0.1\extentreport-1.0.1.jar;C:\WINDOWS\system32\config\systemprofile\.m2\repository\org\catools\common.testng\1.0.1\common.testng-1.0.1.jar;C:\WINDOWS\system32\config\systemprofile\.m2\repository\org\catools\common.logger\1.0.1\common.logger-1.0.1.jar;C:\WINDOWS\system32\config\systemprofile\.m2\repository\org\catools\common.utils\1.0.1\common.utils-1.0.1.jar;C:\WINDOWS\system32\config\systemprofile\.m2\repository\org\catools\common.config\1.0.1\common.config-1.0.1.jar;C:\WINDOWS\system32\config\systemprofile\.m2\repository\org\catools\common.extension\1.0.1\common.extension-1.0.1.jar;C:\WINDOWS\system32\config\systemprofile\.m2\repository\org\catools\common.security\1.0.1\common.security-1.0.1.jar;C:\WINDOWS\system32\config\systemprofile\.m2\repository\com\github\lalyos\jfiglet\0.0.8\jfiglet-0.0.8.jar;C:\WINDOWS\system32\config\systemprofile\.m2\repository\com\diogonunes\JCDP\2.0.3.1\JCDP-2.0.3.1.jar;C:\WINDOWS\system32\config\systemprofile\.m2\repository\org\fusesource\jansi\jansi\1.15\jansi-1.15.jar;C:\WINDOWS\system32\config\systemprofile\.m2\repository\org\codehaus\groovy\groovy-jsr223\2.5.7\groovy-jsr223-2.5.7.jar;C:\WINDOWS\system32\config\systemprofile\.m2\repository\org\codehaus\groovy\groovy\2.5.7\groovy-2.5.7.jar;C:\WINDOWS\system32\config\systemprofile\.m2\repository\javax\xml\bind\jaxb-api\2.3.1\jaxb-api-2.3.1.jar;C:\WINDOWS\system32\config\systemprofile\.m2\repository\javax\activation\javax.activation-api\1.2.0\javax.activation-api-1.2.0.jar;C:\WINDOWS\system32\config\systemprofile\.m2\repository\javax\xml\bind\activation\1.0.2\activation-1.0.2.jar;C:\WINDOWS\system32\config\systemprofile\.m2\repository\org\glassfish\jaxb\jaxb-runtime\2.4.0-b180830.0438\jaxb-runtime-2.4.0-b180830.0438.jar;C:\WINDOWS\system32\config\systemprofile\.m2\repository\org\glassfish\jaxb\txw2\2.4.0-b180830.0438\txw2-2.4.0-b180830.0438.jar;C:\WINDOWS\system32\config\systemprofile\.m2\repository\com\sun\istack\istack-commons-runtime\3.0.7\istack-commons-runtime-3.0.7.jar;C:\WINDOWS\system32\config\systemprofile\.m2\repository\org\jvnet\staxex\stax-ex\1.8\stax-ex-1.8.jar;C:\WINDOWS\system32\config\systemprofile\.m2\repository\com\sun\xml\fastinfoset\FastInfoset\1.2.15\FastInfoset-1.2.15.jar;C:\WINDOWS\system32\config\systemprofile\.m2\repository\javax\ws\rs\javax.ws.rs-api\2.1.1\javax.ws.rs-api-2.1.1.jar;C:\WINDOWS\system32\config\systemprofile\.m2\repository\org\codehaus\jettison\jettison\1.4.0\jettison-1.4.0.jar;C:\WINDOWS\system32\config\systemprofile\.m2\repository\org\apache\commons\commons-text\1.6\commons-text-1.6.jar;C:\WINDOWS\system32\config\systemprofile\.m2\repository\org\apache\commons\commons-csv\1.6\commons-csv-1.6.jar;C:\WINDOWS\system32\config\systemprofile\.m2\repository\org\apache\commons\commons-collections4\4.4\commons-collections4-4.4.jar;C:\WINDOWS\system32\config\systemprofile\.m2\repository\com\fasterxml\jackson\core\jackson-core\2.10.2\jackson-core-2.10.2.jar;C:\WINDOWS\system32\config\systemprofile\.m2\repository\com\fasterxml\jackson\dataformat\jackson-dataformat-yaml\2.10.2\jackson-dataformat-yaml-2.10.2.jar;C:\WINDOWS\system32\config\systemprofile\.m2\repository\org\yaml\snakeyaml\1.24\snakeyaml-1.24.jar;C:\WINDOWS\system32\config\systemprofile\.m2\repository\com\fasterxml\jackson\core\jackson-databind\2.10.2\jackson-databind-2.10.2.jar;C:\WINDOWS\system32\config\systemprofile\.m2\repository\com\fasterxml\jackson\core\jackson-annotations\2.10.2\jackson-annotations-2.10.2.jar;C:\WINDOWS\system32\config\systemprofile\.m2\repository\commons-collections\commons-collections\3.2.1\commons-collections-3.2.1.jar;C:\WINDOWS\system32\config\systemprofile\.m2\repository\com\google\guava\guava\31.0.1-jre\guava-31.0.1-jre.jar;C:\WINDOWS\system32\config\systemprofile\.m2\repository\com\google\guava\failureaccess\1.0.1\failureaccess-1.0.1.jar;C:\WINDOWS\system32\config\systemprofile\.m2\repository\com\google\guava\listenablefuture\9999.0-empty-to-avoid-conflict-with-guava\listenablefuture-9999.0-empty-to-avoid-conflict-with-guava.jar;C:\WINDOWS\system32\config\systemprofile\.m2\repository\org\checkerframework\checker-qual\3.12.0\checker-qual-3.12.0.jar;C:\WINDOWS\system32\config\systemprofile\.m2\repository\com\google\errorprone\error_prone_annotations\2.7.1\error_prone_annotations-2.7.1.jar;C:\WINDOWS\system32\config\systemprofile\.m2\repository\com\google\j2objc\j2objc-annotations\1.3\j2objc-annotations-1.3.jar;C:\WINDOWS\system32\config\systemprofile\.m2\repository\org\bitbucket\cowwoc\diff-match-patch\1.2\diff-match-patch-1.2.jar;C:\WINDOWS\system32\config\systemprofile\.m2\repository\uk\com\robust-it\cloning\1.9.12\cloning-1.9.12.jar;C:\WINDOWS\system32\config\systemprofile\.m2\repository\org\objenesis\objenesis\3.0.1\objenesis-3.0.1.jar;C:\WINDOWS\system32\config\systemprofile\.m2\repository\com\vimalselvam\cucumber-extentsreport\3.1.1\cucumber-extentsreport-3.1.1.jar;C:\WINDOWS\system32\config\systemprofile\.m2\repository\org\apache\logging\log4j\log4j-slf4j-impl\2.19.0\log4j-slf4j-impl-2.19.0.jar;C:\WINDOWS\system32\config\systemprofile\.m2\repository\org\apache\logging\log4j\log4j-api\2.19.0\log4j-api-2.19.0.jar;C:\WINDOWS\system32\config\systemprofile\.m2\repository\org\apache\logging\log4j\log4j-core\2.19.0\log4j-core-2.19.0.jar;C:\WINDOWS\system32\config\systemprofile\.m2\repository\org\slf4j\slf4j-simple\2.0.3\slf4j-simple-2.0.3.jar;C:\WINDOWS\system32\config\systemprofile\.m2\repository\postgresql\postgresql\9.1-901-1.jdbc4\postgresql-9.1-901-1.jdbc4.jar;C:\WINDOWS\system32\config\systemprofile\.m2\repository\io\github\bonigarcia\webdrivermanager\5.3.1\webdrivermanager-5.3.1.jar;C:\WINDOWS\system32\config\systemprofile\.m2\repository\com\github\docker-java\docker-java\3.2.13\docker-java-3.2.13.jar;C:\WINDOWS\system32\config\systemprofile\.m2\repository\com\github\docker-java\docker-java-core\3.2.13\docker-java-core-3.2.13.jar;C:\WINDOWS\system32\config\systemprofile\.m2\repository\com\github\docker-java\docker-java-api\3.2.13\docker-java-api-3.2.13.jar;C:\WINDOWS\system32\config\systemprofile\.m2\repository\org\bouncycastle\bcpkix-jdk15on\1.64\bcpkix-jdk15on-1.64.jar;C:\WINDOWS\system32\config\systemprofile\.m2\repository\org\bouncycastle\bcprov-jdk15on\1.64\bcprov-jdk15on-1.64.jar;C:\WINDOWS\system32\config\systemprofile\.m2\repository\org\slf4j\jcl-over-slf4j\1.7.30\jcl-over-slf4j-1.7.30.jar;C:\WINDOWS\system32\config\systemprofile\.m2\repository\com\github\docker-java\docker-java-transport-httpclient5\3.2.13\docker-java-transport-httpclient5-3.2.13.jar;C:\WINDOWS\system32\config\systemprofile\.m2\repository\com\github\docker-java\docker-java-transport\3.2.13\docker-java-transport-3.2.13.jar;C:\WINDOWS\system32\config\systemprofile\.m2\repository\net\java\dev\jna\jna\5.8.0\jna-5.8.0.jar;C:\WINDOWS\system32\config\systemprofile\.m2\repository\org\brotli\dec\0.1.2\dec-0.1.2.jar;C:\WINDOWS\system32\config\systemprofile\.m2\repository\org\apache\httpcomponents\client5\httpclient5\5.1.3\httpclient5-5.1.3.jar;C:\WINDOWS\system32\config\systemprofile\.m2\repository\org\apache\httpcomponents\core5\httpcore5\5.1.3\httpcore5-5.1.3.jar;C:\WINDOWS\system32\config\systemprofile\.m2\repository\org\apache\httpcomponents\core5\httpcore5-h2\5.1.3\httpcore5-h2-5.1.3.jar;C:\WINDOWS\system32\config\systemprofile\.m2\repository\io\cucumber\cucumber-testng\5.2.0\cucumber-testng-5.2.0.jar;C:\WINDOWS\system32\config\systemprofile\.m2\repository\org\apiguardian\apiguardian-api\1.1.0\apiguardian-api-1.1.0.jar;C:\WINDOWS\system32\config\systemprofile\.m2\repository\io\cucumber\cucumber-core\5.2.0\cucumber-core-5.2.0.jar;C:\WINDOWS\system32\config\systemprofile\.m2\repository\io\cucumber\cucumber-gherkin\5.2.0\cucumber-gherkin-5.2.0.jar;C:\WINDOWS\system32\config\systemprofile\.m2\repository\io\cucumber\cucumber-gherkin-vintage\5.2.0\cucumber-gherkin-vintage-5.2.0.jar;C:\WINDOWS\system32\config\systemprofile\.m2\repository\io\cucumber\tag-expressions\2.0.4\tag-expressions-2.0.4.jar;C:\WINDOWS\system32\config\systemprofile\.m2\repository\io\cucumber\cucumber-expressions\8.3.1\cucumber-expressions-8.3.1.jar;C:\WINDOWS\system32\config\systemprofile\.m2\repository\io\cucumber\datatable\3.3.0\datatable-3.3.0.jar;C:\WINDOWS\system32\config\systemprofile\.m2\repository\io\cucumber\cucumber-plugin\5.2.0\cucumber-plugin-5.2.0.jar;C:\WINDOWS\system32\config\systemprofile\.m2\repository\io\cucumber\docstring\5.2.0\docstring-5.2.0.jar;C:\WINDOWS\system32\config\systemprofile\.m2\repository\org\seleniumhq\selenium\selenium-java\4.6.0\selenium-java-4.6.0.jar;C:\WINDOWS\system32\config\systemprofile\.m2\repository\org\seleniumhq\selenium\selenium-api\4.6.0\selenium-api-4.6.0.jar;C:\WINDOWS\system32\config\systemprofile\.m2\repository\org\seleniumhq\selenium\selenium-chrome-driver\4.6.0\selenium-chrome-driver-4.6.0.jar;C:\WINDOWS\system32\config\systemprofile\.m2\repository\com\google\auto\service\auto-service-annotations\1.0.1\auto-service-annotations-1.0.1.jar;C:\WINDOWS\system32\config\systemprofile\.m2\repository\com\google\auto\service\auto-service\1.0.1\auto-service-1.0.1.jar;C:\WINDOWS\system32\config\systemprofile\.m2\repository\com\google\auto\auto-common\1.2\auto-common-1.2.jar;C:\WINDOWS\system32\config\systemprofile\.m2\repository\org\seleniumhq\selenium\selenium-chromium-driver\4.6.0\selenium-chromium-driver-4.6.0.jar;C:\WINDOWS\system32\config\systemprofile\.m2\repository\org\seleniumhq\selenium\selenium-json\4.6.0\selenium-json-4.6.0.jar;C:\WINDOWS\system32\config\systemprofile\.m2\repository\org\seleniumhq\selenium\selenium-devtools-v105\4.6.0\selenium-devtools-v105-4.6.0.jar;C:\WINDOWS\system32\config\systemprofile\.m2\repository\org\seleniumhq\selenium\selenium-devtools-v106\4.6.0\selenium-devtools-v106-4.6.0.jar;C:\WINDOWS\system32\config\systemprofile\.m2\repository\org\seleniumhq\selenium\selenium-devtools-v107\4.6.0\selenium-devtools-v107-4.6.0.jar;C:\WINDOWS\system32\config\systemprofile\.m2\repository\org\seleniumhq\selenium\selenium-devtools-v85\4.6.0\selenium-devtools-v85-4.6.0.jar;C:\WINDOWS\system32\config\systemprofile\.m2\repository\org\seleniumhq\selenium\selenium-edge-driver\4.6.0\selenium-edge-driver-4.6.0.jar;C:\WINDOWS\system32\config\systemprofile\.m2\repository\org\seleniumhq\selenium\selenium-firefox-driver\4.6.0\selenium-firefox-driver-4.6.0.jar;C:\WINDOWS\system32\config\systemprofile\.m2\repository\org\seleniumhq\selenium\selenium-ie-driver\4.6.0\selenium-ie-driver-4.6.0.jar;C:\WINDOWS\system32\config\systemprofile\.m2\repository\org\seleniumhq\selenium\selenium-remote-driver\4.6.0\selenium-remote-driver-4.6.0.jar;C:\WINDOWS\system32\config\systemprofile\.m2\repository\io\netty\netty-buffer\4.1.84.Final\netty-buffer-4.1.84.Final.jar;C:\WINDOWS\system32\config\systemprofile\.m2\repository\io\netty\netty-codec-http\4.1.84.Final\netty-codec-http-4.1.84.Final.jar;C:\WINDOWS\system32\config\systemprofile\.m2\repository\io\netty\netty-codec\4.1.84.Final\netty-codec-4.1.84.Final.jar;C:\WINDOWS\system32\config\systemprofile\.m2\repository\io\netty\netty-handler\4.1.84.Final\netty-handler-4.1.84.Final.jar;C:\WINDOWS\system32\config\systemprofile\.m2\repository\io\netty\netty-common\4.1.84.Final\netty-common-4.1.84.Final.jar;C:\WINDOWS\system32\config\systemprofile\.m2\repository\io\netty\netty-transport-classes-epoll\4.1.84.Final\netty-transport-classes-epoll-4.1.84.Final.jar;C:\WINDOWS\system32\config\systemprofile\.m2\repository\io\netty\netty-transport-classes-kqueue\4.1.84.Final\netty-transport-classes-kqueue-4.1.84.Final.jar;C:\WINDOWS\system32\config\systemprofile\.m2\repository\io\netty\netty-transport-native-epoll\4.1.84.Final\netty-transport-native-epoll-4.1.84.Final.jar;C:\WINDOWS\system32\config\systemprofile\.m2\repository\io\netty\netty-transport-native-kqueue\4.1.84.Final\netty-transport-native-kqueue-4.1.84.Final.jar;C:\WINDOWS\system32\config\systemprofile\.m2\repository\io\netty\netty-transport-native-unix-common\4.1.84.Final\netty-transport-native-unix-common-4.1.84.Final.jar;C:\WINDOWS\system32\config\systemprofile\.m2\repository\io\netty\netty-transport\4.1.84.Final\netty-transport-4.1.84.Final.jar;C:\WINDOWS\system32\config\systemprofile\.m2\repository\io\netty\netty-resolver\4.1.84.Final\netty-resolver-4.1.84.Final.jar;C:\WINDOWS\system32\config\systemprofile\.m2\repository\io\opentelemetry\opentelemetry-api\1.19.0\opentelemetry-api-1.19.0.jar;C:\WINDOWS\system32\config\systemprofile\.m2\repository\io\opentelemetry\opentelemetry-context\1.19.0\opentelemetry-context-1.19.0.jar;C:\WINDOWS\system32\config\systemprofile\.m2\repository\io\opentelemetry\opentelemetry-exporter-logging\1.19.0\opentelemetry-exporter-logging-1.19.0.jar;C:\WINDOWS\system32\config\systemprofile\.m2\repository\io\opentelemetry\opentelemetry-sdk-metrics\1.19.0\opentelemetry-sdk-metrics-1.19.0.jar;C:\WINDOWS\system32\config\systemprofile\.m2\repository\io\opentelemetry\opentelemetry-sdk-logs\1.19.0-alpha\opentelemetry-sdk-logs-1.19.0-alpha.jar;C:\WINDOWS\system32\config\systemprofile\.m2\repository\io\opentelemetry\opentelemetry-api-logs\1.19.0-alpha\opentelemetry-api-logs-1.19.0-alpha.jar;C:\WINDOWS\system32\config\systemprofile\.m2\repository\io\opentelemetry\opentelemetry-sdk-common\1.19.0\opentelemetry-sdk-common-1.19.0.jar;C:\WINDOWS\system32\config\systemprofile\.m2\repository\io\opentelemetry\opentelemetry-sdk-extension-autoconfigure-spi\1.19.0\opentelemetry-sdk-extension-autoconfigure-spi-1.19.0.jar;C:\WINDOWS\system32\config\systemprofile\.m2\repository\io\opentelemetry\opentelemetry-sdk-extension-autoconfigure\1.19.0-alpha\opentelemetry-sdk-extension-autoconfigure-1.19.0-alpha.jar;C:\WINDOWS\system32\config\systemprofile\.m2\repository\io\opentelemetry\opentelemetry-exporter-common\1.19.0\opentelemetry-exporter-common-1.19.0.jar;C:\WINDOWS\system32\config\systemprofile\.m2\repository\io\opentelemetry\opentelemetry-sdk-trace\1.19.0\opentelemetry-sdk-trace-1.19.0.jar;C:\WINDOWS\system32\config\systemprofile\.m2\repository\io\opentelemetry\opentelemetry-sdk\1.19.0\opentelemetry-sdk-1.19.0.jar;C:\WINDOWS\system32\config\systemprofile\.m2\repository\io\opentelemetry\opentelemetry-semconv\1.19.0-alpha\opentelemetry-semconv-1.19.0-alpha.jar;C:\WINDOWS\system32\config\systemprofile\.m2\repository\io\ous\jtoml\2.0.0\jtoml-2.0.0.jar;C:\WINDOWS\system32\config\systemprofile\.m2\repository\net\bytebuddy\byte-buddy\1.12.18\byte-buddy-1.12.18.jar;C:\WINDOWS\system32\config\systemprofile\.m2\repository\org\apache\commons\commons-exec\1.3\commons-exec-1.3.jar;C:\WINDOWS\system32\config\systemprofile\.m2\repository\org\asynchttpclient\async-http-client\2.12.3\async-http-client-2.12.3.jar;C:\WINDOWS\system32\config\systemprofile\.m2\repository\org\asynchttpclient\async-http-client-netty-utils\2.12.3\async-http-client-netty-utils-2.12.3.jar;C:\WINDOWS\system32\config\systemprofile\.m2\repository\io\netty\netty-codec-socks\4.1.60.Final\netty-codec-socks-4.1.60.Final.jar;C:\WINDOWS\system32\config\systemprofile\.m2\repository\io\netty\netty-handler-proxy\4.1.60.Final\netty-handler-proxy-4.1.60.Final.jar;C:\WINDOWS\system32\config\systemprofile\.m2\repository\io\netty\netty-transport-native-epoll\4.1.60.Final\netty-transport-native-epoll-4.1.60.Final-linux-x86_64.jar;C:\WINDOWS\system32\config\systemprofile\.m2\repository\io\netty\netty-transport-native-kqueue\4.1.60.Final\netty-transport-native-kqueue-4.1.60.Final-osx-x86_64.jar;C:\WINDOWS\system32\config\systemprofile\.m2\repository\com\typesafe\netty\netty-reactive-streams\2.0.4\netty-reactive-streams-2.0.4.jar;C:\WINDOWS\system32\config\systemprofile\.m2\repository\com\sun\activation\jakarta.activation\1.2.2\jakarta.activation-1.2.2.jar;C:\WINDOWS\system32\config\systemprofile\.m2\repository\org\seleniumhq\selenium\selenium-http\4.6.0\selenium-http-4.6.0.jar;C:\WINDOWS\system32\config\systemprofile\.m2\repository\dev\failsafe\failsafe\3.3.0\failsafe-3.3.0.jar;C:\WINDOWS\system32\config\systemprofile\.m2\repository\org\seleniumhq\selenium\selenium-manager\4.6.0\selenium-manager-4.6.0.jar;C:\WINDOWS\system32\config\systemprofile\.m2\repository\org\seleniumhq\selenium\selenium-safari-driver\4.6.0\selenium-safari-driver-4.6.0.jar;C:\WINDOWS\system32\config\systemprofile\.m2\repository\org\seleniumhq\selenium\selenium-support\4.6.0\selenium-support-4.6.0.jar;C:\WINDOWS\system32\config\systemprofile\.m2\repository\junit\junit\4.11\junit-4.11.jar;C:\WINDOWS\system32\config\systemprofile\.m2\repository\org\hamcrest\hamcrest-core\1.3\hamcrest-core-1.3.jar;C:\WINDOWS\system32\config\systemprofile\.m2\repository\org\apache\poi\poi\5.2.3\poi-5.2.3.jar;C:\WINDOWS\system32\config\systemprofile\.m2\repository\commons-codec\commons-codec\1.15\commons-codec-1.15.jar;C:\WINDOWS\system32\config\systemprofile\.m2\repository\org\apache\commons\commons-math3\3.6.1\commons-math3-3.6.1.jar;C:\WINDOWS\system32\config\systemprofile\.m2\repository\com\zaxxer\SparseBitSet\1.2\SparseBitSet-1.2.jar;C:\WINDOWS\system32\config\systemprofile\.m2\repository\commons-io\commons-io\2.11.0\commons-io-2.11.0.jar;C:\WINDOWS\system32\config\systemprofile\.m2\repository\com\opencsv\opencsv\5.7.1\opencsv-5.7.1.jar;C:\WINDOWS\system32\config\systemprofile\.m2\repository\commons-beanutils\commons-beanutils\1.9.4\commons-beanutils-1.9.4.jar;C:\WINDOWS\system32\config\systemprofile\.m2\repository\commons-logging\commons-logging\1.2\commons-logging-1.2.jar;C:\WINDOWS\system32\config\systemprofile\.m2\repository\org\apache\poi\poi-scratchpad\5.2.3\poi-scratchpad-5.2.3.jar;C:\WINDOWS\system32\config\systemprofile\.m2\repository\org\apache\poi\poi-ooxml-lite\5.2.3\poi-ooxml-lite-5.2.3.jar;C:\WINDOWS\system32\config\systemprofile\.m2\repository\org\apache\xmlbeans\xmlbeans\5.1.1\xmlbeans-5.1.1.jar;C:\WINDOWS\system32\config\systemprofile\.m2\repository\org\apache\poi\poi-ooxml\5.2.3\poi-ooxml-5.2.3.jar;C:\WINDOWS\system32\config\systemprofile\.m2\repository\org\apache\commons\commons-compress\1.21\commons-compress-1.21.jar;C:\WINDOWS\system32\config\systemprofile\.m2\repository\com\github\virtuald\curvesapi\1.07\curvesapi-1.07.jar;C:\WINDOWS\system32\config\systemprofile\.m2\repository\org\apache\poi\openxml4j\1.0-beta\openxml4j-1.0-beta.jar;C:\WINDOWS\system32\config\systemprofile\.m2\repository\dom4j\dom4j\1.6.1\dom4j-1.6.1.jar;C:\WINDOWS\system32\config\systemprofile\.m2\repository\xml-apis\xml-apis\1.0.b2\xml-apis-1.0.b2.jar;C:\WINDOWS\system32\config\systemprofile\.m2\repository\log4j\log4j\1.2.8\log4j-1.2.8.jar;"/>
    <property name="sun.cpu.endian" value="little"/>
    <property name="user.home" value="C:\WINDOWS\system32\config\systemprofile"/>
    <property name="user.language" value="en"/>
    <property name="java.specification.vendor" value="Oracle Corporation"/>
    <property name="java.version.date" value="2022-10-18"/>
    <property name="java.home" value="C:\Program Files\Java\jdk-11.0.17"/>
    <property name="file.separator" value="\"/>
    <property name="basedir" value="C:\Users\T540p\eclipse-workspace\TopTech.sdet.testNG"/>
    <property name="java.vm.compressedOopsMode" value="Zero based"/>
    <property name="line.separator" value="&#10;"/>
    <property name="java.specification.name" value="Java Platform API Specification"/>
    <property name="java.vm.specification.vendor" value="Oracle Corporation"/>
    <property name="java.awt.graphicsenv" value="sun.awt.Win32GraphicsEnvironment"/>
    <property name="surefire.real.class.path" value="C:\Windows\Temp\surefire8882611250007677083\surefirebooter-20221129160508017_3.jar"/>
    <property name="user.script" value=""/>
    <property name="sun.management.compiler" value="HotSpot 64-Bit Tiered Compilers"/>
    <property name="java.runtime.version" value="11.0.17+10-LTS-269"/>
    <property name="user.name" value="SAYED-SADAT$"/>
    <property name="path.separator" value=";"/>
    <property name="os.version" value="10.0"/>
    <property name="java.runtime.name" value="Java(TM) SE Runtime Environment"/>
    <property name="file.encoding" value="Cp1252"/>
    <property name="java.vm.name" value="Java HotSpot(TM) 64-Bit Server VM"/>
    <property name="java.vendor.version" value="18.9"/>
    <property name="localRepository" value="C:\WINDOWS\system32\config\systemprofile\.m2\repository"/>
    <property name="java.vendor.url.bug" value="https://bugreport.java.com/bugreport/"/>
    <property name="java.io.tmpdir" value="C:\WINDOWS\TEMP\"/>
    <property name="java.version" value="11.0.17"/>
    <property name="user.dir" value="C:\Users\T540p\eclipse-workspace\TopTech.sdet.testNG"/>
    <property name="os.arch" value="amd64"/>
    <property name="java.vm.specification.name" value="Java Virtual Machine Specification"/>
    <property name="java.awt.printerjob" value="sun.awt.windows.WPrinterJob"/>
    <property name="sun.os.patch.level" value=""/>
    <property name="java.library.path" value="C:\Program Files\Java\jdk-11.0.17\bin;C:\WINDOWS\Sun\Java\bin;C:\WINDOWS\system32;C:\WINDOWS;C:\Program Files\apache-maven-3.8.6/bin;C:\Program Files\Java\jdk-11.0.17/bin;C:\Program Files\Java\jdk-11.0.17/bin;C:\Program Files\Java\jdk1.8.0_351\bin;C:\Python311\;C:\Program Files (x86)\Intel\iCLS Client\;C:\Program Files\Intel\iCLS Client\;C:\Windows\system32;C:\Windows;C:\Windows\System32\Wbem;C:\Windows\System32\WindowsPowerShell\v1.0\;C:\Windows\System32\OpenSSH\;C:\Program Files\Intel\WiFi\bin\;C:\Program Files\Common Files\Intel\WirelessCommon\;C:\Program Files\NVIDIA Corporation\NVIDIA NvDLISR;C:\Program Files (x86)\Intel\Intel(R) Management Engine Components\DAL;C:\Program Files\Intel\Intel(R) Management Engine Components\DAL;C:\Program Files (x86)\Intel\Intel(R) Management Engine Components\IPT;C:\Program Files\Intel\Intel(R) Management Engine Components\IPT;C:\WINDOWS\system32;C:\WINDOWS;C:\WINDOWS\System32\Wbem;C:\WINDOWS\System32\WindowsPowerShell\v1.0\;C:\WINDOWS\System32\OpenSSH\;C:\Program Files\Git\cmd;C:\Program Files\nodejs\;C:\Program Files\apache-maven-3.8.6\bin;C:\Program Files\Java\jdk-11.0.17\bin;C:\Program Files\Common Files\Oracle\Java\javapath;%M2_MAVEN%\bin;C:\Program Files\apache-maven-3.8.6;C:\Program Files\Java\jdk-11.0.17;C:\Program Files\Java\jdk-11.0.17\bin;C:\WINDOWS\system32\config\systemprofile\AppData\Local\Microsoft\WindowsApps;."/>
    <property name="java.vendor" value="Oracle Corporation"/>
    <property name="java.vm.info" value="mixed mode"/>
    <property name="java.vm.version" value="11.0.17+10-LTS-269"/>
    <property name="sun.io.unicode.encoding" value="UnicodeLittle"/>
    <property name="java.class.version" value="55.0"/>
  </properties>
  <testcase name="registerAccount[Sayed, Seattle, 1 st Ave Burien, Sayed@gmail.come, Kabulcity@123](1)" classname="tests.RegisterAccountTests" time="4.084">
    <system-out><![CDATA[&amp#27;[35m22-11-29 16:05:10:640&amp#27;[m [&amp#27;[34mDEBUG&amp#27;[m] [Graph] ADDING NODE RegisterAccountTests.beforeTest()[pri:0, instance:null] -1285783340
&amp#27;[35m22-11-29 16:05:10:644&amp#27;[m [&amp#27;[34mDEBUG&amp#27;[m] [Graph] ================ SORTING
&amp#27;[35m22-11-29 16:05:10:651&amp#27;[m [&amp#27;[34mDEBUG&amp#27;[m] [Graph] =============== DONE SORTING
&amp#27;[35m22-11-29 16:05:10:651&amp#27;[m [&amp#27;[34mDEBUG&amp#27;[m] [Graph] ====== SORTED NODES
&amp#27;[35m22-11-29 16:05:10:651&amp#27;[m [&amp#27;[34mDEBUG&amp#27;[m] [Graph] ====== END SORTED NODES
&amp#27;[35m22-11-29 16:05:10:653&amp#27;[m [&amp#27;[34mDEBUG&amp#27;[m] [Graph] ADDING NODE RegisterAccountTests.GracefulTearDown()[pri:0, instance:null] 966631500
&amp#27;[35m22-11-29 16:05:10:653&amp#27;[m [&amp#27;[34mDEBUG&amp#27;[m] [Graph] ================ SORTING
&amp#27;[35m22-11-29 16:05:10:654&amp#27;[m [&amp#27;[34mDEBUG&amp#27;[m] [Graph] =============== DONE SORTING
&amp#27;[35m22-11-29 16:05:10:654&amp#27;[m [&amp#27;[34mDEBUG&amp#27;[m] [Graph] ====== SORTED NODES
&amp#27;[35m22-11-29 16:05:10:654&amp#27;[m [&amp#27;[34mDEBUG&amp#27;[m] [Graph] ====== END SORTED NODES
&amp#27;[35m22-11-29 16:05:10:662&amp#27;[m [&amp#27;[34mDEBUG&amp#27;[m] [Graph] ADDING NODE RegisterAccountTests.beforeTest()[pri:0, instance:tests.RegisterAccountTests@6815c5f2] 541679518
&amp#27;[35m22-11-29 16:05:10:662&amp#27;[m [&amp#27;[34mDEBUG&amp#27;[m] [Graph] ================ SORTING
&amp#27;[35m22-11-29 16:05:10:662&amp#27;[m [&amp#27;[34mDEBUG&amp#27;[m] [Graph] =============== DONE SORTING
&amp#27;[35m22-11-29 16:05:10:662&amp#27;[m [&amp#27;[34mDEBUG&amp#27;[m] [Graph] ====== SORTED NODES
&amp#27;[35m22-11-29 16:05:10:662&amp#27;[m [&amp#27;[34mDEBUG&amp#27;[m] [Graph] ====== END SORTED NODES
&amp#27;[35m22-11-29 16:05:10:666&amp#27;[m [&amp#27;[34mDEBUG&amp#27;[m] [Graph] ADDING NODE RegisterAccountTests.registerAccount(java.lang.String,java.lang.String,java.lang.String,java.lang.String,java.lang.String)[pri:0, instance:tests.RegisterAccountTests@6815c5f2] -522771099
&amp#27;[35m22-11-29 16:05:10:666&amp#27;[m [&amp#27;[34mDEBUG&amp#27;[m] [Graph] ================ SORTING
&amp#27;[35m22-11-29 16:05:10:666&amp#27;[m [&amp#27;[34mDEBUG&amp#27;[m] [Graph] =============== DONE SORTING
&amp#27;[35m22-11-29 16:05:10:667&amp#27;[m [&amp#27;[34mDEBUG&amp#27;[m] [Graph] ====== SORTED NODES
&amp#27;[35m22-11-29 16:05:10:667&amp#27;[m [&amp#27;[34mDEBUG&amp#27;[m] [Graph] ====== END SORTED NODES
&amp#27;[35m22-11-29 16:05:10:669&amp#27;[m [&amp#27;[34mDEBUG&amp#27;[m] [Graph] ADDING NODE RegisterAccountTests.GracefulTearDown()[pri:0, instance:tests.RegisterAccountTests@6815c5f2] 1647062822
&amp#27;[35m22-11-29 16:05:10:669&amp#27;[m [&amp#27;[34mDEBUG&amp#27;[m] [Graph] ================ SORTING
&amp#27;[35m22-11-29 16:05:10:669&amp#27;[m [&amp#27;[34mDEBUG&amp#27;[m] [Graph] =============== DONE SORTING
&amp#27;[35m22-11-29 16:05:10:669&amp#27;[m [&amp#27;[34mDEBUG&amp#27;[m] [Graph] ====== SORTED NODES
&amp#27;[35m22-11-29 16:05:10:669&amp#27;[m [&amp#27;[34mDEBUG&amp#27;[m] [Graph] ====== END SORTED NODES
&amp#27;[35m22-11-29 16:05:11:528&amp#27;[m [&amp#27;[34mDEBUG&amp#27;[m] Resolution chrome=107 in cache (valid until 17:00:16 29/11/2022 PST)
&amp#27;[35m22-11-29 16:05:11:532&amp#27;[m [&amp#27;[34mDEBUG&amp#27;[m] Resolution chrome107=107.0.5304.62 in cache (valid until 11:43:27 30/11/2022 PST)
&amp#27;[35m22-11-29 16:05:11:534&amp#27;[m [&amp#27;[32mINFO&amp#27;[m] Using chromedriver 107.0.5304.62 (resolved driver for Chrome 107)
&amp#27;[35m22-11-29 16:05:11:542&amp#27;[m [&amp#27;[30mTRACE&amp#27;[m] Checking if chromedriver exists in cache
&amp#27;[35m22-11-29 16:05:11:557&amp#27;[m [&amp#27;[30mTRACE&amp#27;[m] Filter cache by chromedriver -- input list [C:\WINDOWS\system32\config\systemprofile\.cache\selenium\chromedriver\win32\107.0.5304.62\chromedriver.exe, C:\WINDOWS\system32\config\systemprofile\.cache\selenium\resolution.properties] -- output list [C:\WINDOWS\system32\config\systemprofile\.cache\selenium\chromedriver\win32\107.0.5304.62\chromedriver.exe] 
&amp#27;[35m22-11-29 16:05:11:558&amp#27;[m [&amp#27;[30mTRACE&amp#27;[m] Filter cache by 107.0.5304.62 -- input list [C:\WINDOWS\system32\config\systemprofile\.cache\selenium\chromedriver\win32\107.0.5304.62\chromedriver.exe] -- output list [C:\WINDOWS\system32\config\systemprofile\.cache\selenium\chromedriver\win32\107.0.5304.62\chromedriver.exe] 
&amp#27;[35m22-11-29 16:05:11:558&amp#27;[m [&amp#27;[30mTRACE&amp#27;[m] Filter cache by WIN -- input list [C:\WINDOWS\system32\config\systemprofile\.cache\selenium\chromedriver\win32\107.0.5304.62\chromedriver.exe] -- output list [C:\WINDOWS\system32\config\systemprofile\.cache\selenium\chromedriver\win32\107.0.5304.62\chromedriver.exe] 
&amp#27;[35m22-11-29 16:05:11:559&amp#27;[m [&amp#27;[34mDEBUG&amp#27;[m] Driver chromedriver 107.0.5304.62 found in cache
&amp#27;[35m22-11-29 16:05:11:560&amp#27;[m [&amp#27;[32mINFO&amp#27;[m] Exporting webdriver.chrome.driver as C:\WINDOWS\system32\config\systemprofile\.cache\selenium\chromedriver\win32\107.0.5304.62\chromedriver.exe
&amp#27;[35m22-11-29 16:05:11:734&amp#27;[m [&amp#27;[34mDEBUG&amp#27;[m] Using SLF4J as the default logging framework
&amp#27;[35m22-11-29 16:05:11:740&amp#27;[m [&amp#27;[34mDEBUG&amp#27;[m] -Dio.netty.leakDetection.level: simple
&amp#27;[35m22-11-29 16:05:11:741&amp#27;[m [&amp#27;[34mDEBUG&amp#27;[m] -Dio.netty.leakDetection.targetRecords: 4
&amp#27;[35m22-11-29 16:05:11:749&amp#27;[m [&amp#27;[34mDEBUG&amp#27;[m] Loaded default ResourceLeakDetector: io.netty.util.ResourceLeakDetector@661c46bc
&amp#27;[35m22-11-29 16:05:11:773&amp#27;[m [&amp#27;[34mDEBUG&amp#27;[m] -Dio.netty.noUnsafe: false
&amp#27;[35m22-11-29 16:05:11:773&amp#27;[m [&amp#27;[34mDEBUG&amp#27;[m] Java version: 11
&amp#27;[35m22-11-29 16:05:11:775&amp#27;[m [&amp#27;[34mDEBUG&amp#27;[m] sun.misc.Unsafe.theUnsafe: available
&amp#27;[35m22-11-29 16:05:11:776&amp#27;[m [&amp#27;[34mDEBUG&amp#27;[m] sun.misc.Unsafe.copyMemory: available
&amp#27;[35m22-11-29 16:05:11:776&amp#27;[m [&amp#27;[34mDEBUG&amp#27;[m] sun.misc.Unsafe.storeFence: available
&amp#27;[35m22-11-29 16:05:11:777&amp#27;[m [&amp#27;[34mDEBUG&amp#27;[m] java.nio.Buffer.address: available
&amp#27;[35m22-11-29 16:05:11:778&amp#27;[m [&amp#27;[34mDEBUG&amp#27;[m] direct buffer constructor: unavailable
java.lang.UnsupportedOperationException: Reflective setAccessible(true) disabled
	at io.netty.util.internal.ReflectionUtil.trySetAccessible(ReflectionUtil.java:31) ~[netty-common-4.1.84.Final.jar:4.1.84.Final]
	at io.netty.util.internal.PlatformDependent0$5.run(PlatformDependent0.java:288) ~[netty-common-4.1.84.Final.jar:4.1.84.Final]
	at java.security.AccessController.doPrivileged(Native Method) ~[?:?]
	at io.netty.util.internal.PlatformDependent0.<clinit>(PlatformDependent0.java:282) ~[netty-common-4.1.84.Final.jar:4.1.84.Final]
	at io.netty.util.internal.PlatformDependent.isAndroid(PlatformDependent.java:333) ~[netty-common-4.1.84.Final.jar:4.1.84.Final]
	at io.netty.util.internal.PlatformDependent.<clinit>(PlatformDependent.java:88) ~[netty-common-4.1.84.Final.jar:4.1.84.Final]
	at io.netty.util.HashedWheelTimer.<init>(HashedWheelTimer.java:114) ~[netty-common-4.1.84.Final.jar:4.1.84.Final]
	at io.netty.util.HashedWheelTimer.<init>(HashedWheelTimer.java:251) ~[netty-common-4.1.84.Final.jar:4.1.84.Final]
	at io.netty.util.HashedWheelTimer.<init>(HashedWheelTimer.java:224) ~[netty-common-4.1.84.Final.jar:4.1.84.Final]
	at io.netty.util.HashedWheelTimer.<init>(HashedWheelTimer.java:203) ~[netty-common-4.1.84.Final.jar:4.1.84.Final]
	at org.asynchttpclient.DefaultAsyncHttpClient.newNettyTimer(DefaultAsyncHttpClient.java:111) ~[async-http-client-2.12.3.jar:?]
	at org.asynchttpclient.DefaultAsyncHttpClient.<init>(DefaultAsyncHttpClient.java:90) ~[async-http-client-2.12.3.jar:?]
	at org.asynchttpclient.Dsl.asyncHttpClient(Dsl.java:32) ~[async-http-client-2.12.3.jar:?]
	at org.openqa.selenium.remote.http.netty.NettyClient.createHttpClient(NettyClient.java:94) ~[selenium-remote-driver-4.6.0.jar:?]
	at org.openqa.selenium.remote.http.netty.NettyClient.<clinit>(NettyClient.java:47) ~[selenium-remote-driver-4.6.0.jar:?]
	at org.openqa.selenium.remote.http.netty.NettyClient$Factory.createClient(NettyClient.java:135) ~[selenium-remote-driver-4.6.0.jar:?]
	at org.openqa.selenium.remote.HttpCommandExecutor.<init>(HttpCommandExecutor.java:107) ~[selenium-remote-driver-4.6.0.jar:?]
	at org.openqa.selenium.remote.HttpCommandExecutor.<init>(HttpCommandExecutor.java:94) ~[selenium-remote-driver-4.6.0.jar:?]
	at org.openqa.selenium.remote.HttpCommandExecutor.<init>(HttpCommandExecutor.java:85) ~[selenium-remote-driver-4.6.0.jar:?]
	at org.openqa.selenium.remote.service.DriverCommandExecutor.<init>(DriverCommandExecutor.java:80) ~[selenium-remote-driver-4.6.0.jar:?]
	at org.openqa.selenium.chromium.ChromiumDriverCommandExecutor.<init>(ChromiumDriverCommandExecutor.java:35) ~[selenium-chromium-driver-4.6.0.jar:?]
	at org.openqa.selenium.chrome.ChromeDriver$ChromeDriverCommandExecutor.<init>(ChromeDriver.java:93) ~[selenium-chrome-driver-4.6.0.jar:?]
	at org.openqa.selenium.chrome.ChromeDriver.<init>(ChromeDriver.java:81) ~[selenium-chrome-driver-4.6.0.jar:?]
	at org.openqa.selenium.chrome.ChromeDriver.<init>(ChromeDriver.java:49) ~[selenium-chrome-driver-4.6.0.jar:?]
	at core.BaseClass.initializeDriver(BaseClass.java:83) ~[classes/:?]
	at tests.RegisterAccountTests.beforeTest(RegisterAccountTests.java:22) ~[test-classes/:?]
	at jdk.internal.reflect.NativeMethodAccessorImpl.invoke0(Native Method) ~[?:?]
	at jdk.internal.reflect.NativeMethodAccessorImpl.invoke(NativeMethodAccessorImpl.java:62) ~[?:?]
	at jdk.internal.reflect.DelegatingMethodAccessorImpl.invoke(DelegatingMethodAccessorImpl.java:43) ~[?:?]
	at java.lang.reflect.Method.invoke(Method.java:566) ~[?:?]
	at org.testng.internal.invokers.MethodInvocationHelper.invokeMethod(MethodInvocationHelper.java:139) ~[testng-7.6.1.jar:7.6.1]
	at org.testng.internal.invokers.MethodInvocationHelper.invokeMethodConsideringTimeout(MethodInvocationHelper.java:69) ~[testng-7.6.1.jar:7.6.1]
	at org.testng.internal.invokers.ConfigInvoker.invokeConfigurationMethod(ConfigInvoker.java:361) ~[testng-7.6.1.jar:7.6.1]
	at org.testng.internal.invokers.ConfigInvoker.invokeConfigurations(ConfigInvoker.java:296) ~[testng-7.6.1.jar:7.6.1]
	at org.testng.TestRunner.invokeTestConfigurations(TestRunner.java:643) ~[testng-7.6.1.jar:7.6.1]
	at org.testng.TestRunner.beforeRun(TestRunner.java:632) ~[testng-7.6.1.jar:7.6.1]
	at org.testng.TestRunner.run(TestRunner.java:594) ~[testng-7.6.1.jar:7.6.1]
	at org.testng.SuiteRunner.runTest(SuiteRunner.java:433) ~[testng-7.6.1.jar:7.6.1]
	at org.testng.SuiteRunner.runSequentially(SuiteRunner.java:427) ~[testng-7.6.1.jar:7.6.1]
	at org.testng.SuiteRunner.privateRun(SuiteRunner.java:387) ~[testng-7.6.1.jar:7.6.1]
	at org.testng.SuiteRunner.run(SuiteRunner.java:330) ~[testng-7.6.1.jar:7.6.1]
	at org.testng.SuiteRunnerWorker.runSuite(SuiteRunnerWorker.java:52) ~[testng-7.6.1.jar:7.6.1]
	at org.testng.SuiteRunnerWorker.run(SuiteRunnerWorker.java:95) ~[testng-7.6.1.jar:7.6.1]
	at org.testng.TestNG.runSuitesSequentially(TestNG.java:1256) ~[testng-7.6.1.jar:7.6.1]
	at org.testng.TestNG.runSuitesLocally(TestNG.java:1176) ~[testng-7.6.1.jar:7.6.1]
	at org.testng.TestNG.runSuites(TestNG.java:1099) ~[testng-7.6.1.jar:7.6.1]
	at org.testng.TestNG.run(TestNG.java:1067) ~[testng-7.6.1.jar:7.6.1]
	at org.apache.maven.surefire.testng.TestNGExecutor.run(TestNGExecutor.java:151) ~[surefire-testng-3.0.0-M7.jar:3.0.0-M7]
	at org.apache.maven.surefire.testng.TestNGDirectoryTestSuite.executeSingleClass(TestNGDirectoryTestSuite.java:111) ~[surefire-testng-3.0.0-M7.jar:3.0.0-M7]
	at org.apache.maven.surefire.testng.TestNGDirectoryTestSuite.execute(TestNGDirectoryTestSuite.java:98) ~[surefire-testng-3.0.0-M7.jar:3.0.0-M7]
	at org.apache.maven.surefire.testng.TestNGProvider.invoke(TestNGProvider.java:155) ~[surefire-testng-3.0.0-M7.jar:3.0.0-M7]
	at org.apache.maven.surefire.booter.ForkedBooter.runSuitesInProcess(ForkedBooter.java:456) ~[surefire-booter-3.0.0-M7.jar:3.0.0-M7]
	at org.apache.maven.surefire.booter.ForkedBooter.execute(ForkedBooter.java:169) ~[surefire-booter-3.0.0-M7.jar:3.0.0-M7]
	at org.apache.maven.surefire.booter.ForkedBooter.run(ForkedBooter.java:595) ~[surefire-booter-3.0.0-M7.jar:3.0.0-M7]
	at org.apache.maven.surefire.booter.ForkedBooter.main(ForkedBooter.java:581) ~[surefire-booter-3.0.0-M7.jar:3.0.0-M7]
&amp#27;[35m22-11-29 16:05:11:788&amp#27;[m [&amp#27;[34mDEBUG&amp#27;[m] java.nio.Bits.unaligned: available, true
&amp#27;[35m22-11-29 16:05:11:791&amp#27;[m [&amp#27;[34mDEBUG&amp#27;[m] jdk.internal.misc.Unsafe.allocateUninitializedArray(int): unavailable
java.lang.IllegalAccessException: class io.netty.util.internal.PlatformDependent0$7 cannot access class jdk.internal.misc.Unsafe (in module java.base) because module java.base does not export jdk.internal.misc to unnamed module @3a5c2626
	at jdk.internal.reflect.Reflection.newIllegalAccessException(Reflection.java:361) ~[?:?]
	at java.lang.reflect.AccessibleObject.checkAccess(AccessibleObject.java:591) ~[?:?]
	at java.lang.reflect.Method.invoke(Method.java:558) ~[?:?]
	at io.netty.util.internal.PlatformDependent0$7.run(PlatformDependent0.java:410) ~[netty-common-4.1.84.Final.jar:4.1.84.Final]
	at java.security.AccessController.doPrivileged(Native Method) ~[?:?]
	at io.netty.util.internal.PlatformDependent0.<clinit>(PlatformDependent0.java:401) ~[netty-common-4.1.84.Final.jar:4.1.84.Final]
	at io.netty.util.internal.PlatformDependent.isAndroid(PlatformDependent.java:333) ~[netty-common-4.1.84.Final.jar:4.1.84.Final]
	at io.netty.util.internal.PlatformDependent.<clinit>(PlatformDependent.java:88) ~[netty-common-4.1.84.Final.jar:4.1.84.Final]
	at io.netty.util.HashedWheelTimer.<init>(HashedWheelTimer.java:114) ~[netty-common-4.1.84.Final.jar:4.1.84.Final]
	at io.netty.util.HashedWheelTimer.<init>(HashedWheelTimer.java:251) ~[netty-common-4.1.84.Final.jar:4.1.84.Final]
	at io.netty.util.HashedWheelTimer.<init>(HashedWheelTimer.java:224) ~[netty-common-4.1.84.Final.jar:4.1.84.Final]
	at io.netty.util.HashedWheelTimer.<init>(HashedWheelTimer.java:203) ~[netty-common-4.1.84.Final.jar:4.1.84.Final]
	at org.asynchttpclient.DefaultAsyncHttpClient.newNettyTimer(DefaultAsyncHttpClient.java:111) ~[async-http-client-2.12.3.jar:?]
	at org.asynchttpclient.DefaultAsyncHttpClient.<init>(DefaultAsyncHttpClient.java:90) ~[async-http-client-2.12.3.jar:?]
	at org.asynchttpclient.Dsl.asyncHttpClient(Dsl.java:32) ~[async-http-client-2.12.3.jar:?]
	at org.openqa.selenium.remote.http.netty.NettyClient.createHttpClient(NettyClient.java:94) ~[selenium-remote-driver-4.6.0.jar:?]
	at org.openqa.selenium.remote.http.netty.NettyClient.<clinit>(NettyClient.java:47) ~[selenium-remote-driver-4.6.0.jar:?]
	at org.openqa.selenium.remote.http.netty.NettyClient$Factory.createClient(NettyClient.java:135) ~[selenium-remote-driver-4.6.0.jar:?]
	at org.openqa.selenium.remote.HttpCommandExecutor.<init>(HttpCommandExecutor.java:107) ~[selenium-remote-driver-4.6.0.jar:?]
	at org.openqa.selenium.remote.HttpCommandExecutor.<init>(HttpCommandExecutor.java:94) ~[selenium-remote-driver-4.6.0.jar:?]
	at org.openqa.selenium.remote.HttpCommandExecutor.<init>(HttpCommandExecutor.java:85) ~[selenium-remote-driver-4.6.0.jar:?]
	at org.openqa.selenium.remote.service.DriverCommandExecutor.<init>(DriverCommandExecutor.java:80) ~[selenium-remote-driver-4.6.0.jar:?]
	at org.openqa.selenium.chromium.ChromiumDriverCommandExecutor.<init>(ChromiumDriverCommandExecutor.java:35) ~[selenium-chromium-driver-4.6.0.jar:?]
	at org.openqa.selenium.chrome.ChromeDriver$ChromeDriverCommandExecutor.<init>(ChromeDriver.java:93) ~[selenium-chrome-driver-4.6.0.jar:?]
	at org.openqa.selenium.chrome.ChromeDriver.<init>(ChromeDriver.java:81) ~[selenium-chrome-driver-4.6.0.jar:?]
	at org.openqa.selenium.chrome.ChromeDriver.<init>(ChromeDriver.java:49) ~[selenium-chrome-driver-4.6.0.jar:?]
	at core.BaseClass.initializeDriver(BaseClass.java:83) ~[classes/:?]
	at tests.RegisterAccountTests.beforeTest(RegisterAccountTests.java:22) ~[test-classes/:?]
	at jdk.internal.reflect.NativeMethodAccessorImpl.invoke0(Native Method) ~[?:?]
	at jdk.internal.reflect.NativeMethodAccessorImpl.invoke(NativeMethodAccessorImpl.java:62) ~[?:?]
	at jdk.internal.reflect.DelegatingMethodAccessorImpl.invoke(DelegatingMethodAccessorImpl.java:43) ~[?:?]
	at java.lang.reflect.Method.invoke(Method.java:566) ~[?:?]
	at org.testng.internal.invokers.MethodInvocationHelper.invokeMethod(MethodInvocationHelper.java:139) ~[testng-7.6.1.jar:7.6.1]
	at org.testng.internal.invokers.MethodInvocationHelper.invokeMethodConsideringTimeout(MethodInvocationHelper.java:69) ~[testng-7.6.1.jar:7.6.1]
	at org.testng.internal.invokers.ConfigInvoker.invokeConfigurationMethod(ConfigInvoker.java:361) ~[testng-7.6.1.jar:7.6.1]
	at org.testng.internal.invokers.ConfigInvoker.invokeConfigurations(ConfigInvoker.java:296) ~[testng-7.6.1.jar:7.6.1]
	at org.testng.TestRunner.invokeTestConfigurations(TestRunner.java:643) ~[testng-7.6.1.jar:7.6.1]
	at org.testng.TestRunner.beforeRun(TestRunner.java:632) ~[testng-7.6.1.jar:7.6.1]
	at org.testng.TestRunner.run(TestRunner.java:594) ~[testng-7.6.1.jar:7.6.1]
	at org.testng.SuiteRunner.runTest(SuiteRunner.java:433) ~[testng-7.6.1.jar:7.6.1]
	at org.testng.SuiteRunner.runSequentially(SuiteRunner.java:427) ~[testng-7.6.1.jar:7.6.1]
	at org.testng.SuiteRunner.privateRun(SuiteRunner.java:387) ~[testng-7.6.1.jar:7.6.1]
	at org.testng.SuiteRunner.run(SuiteRunner.java:330) ~[testng-7.6.1.jar:7.6.1]
	at org.testng.SuiteRunnerWorker.runSuite(SuiteRunnerWorker.java:52) ~[testng-7.6.1.jar:7.6.1]
	at org.testng.SuiteRunnerWorker.run(SuiteRunnerWorker.java:95) ~[testng-7.6.1.jar:7.6.1]
	at org.testng.TestNG.runSuitesSequentially(TestNG.java:1256) ~[testng-7.6.1.jar:7.6.1]
	at org.testng.TestNG.runSuitesLocally(TestNG.java:1176) ~[testng-7.6.1.jar:7.6.1]
	at org.testng.TestNG.runSuites(TestNG.java:1099) ~[testng-7.6.1.jar:7.6.1]
	at org.testng.TestNG.run(TestNG.java:1067) ~[testng-7.6.1.jar:7.6.1]
	at org.apache.maven.surefire.testng.TestNGExecutor.run(TestNGExecutor.java:151) ~[surefire-testng-3.0.0-M7.jar:3.0.0-M7]
	at org.apache.maven.surefire.testng.TestNGDirectoryTestSuite.executeSingleClass(TestNGDirectoryTestSuite.java:111) ~[surefire-testng-3.0.0-M7.jar:3.0.0-M7]
	at org.apache.maven.surefire.testng.TestNGDirectoryTestSuite.execute(TestNGDirectoryTestSuite.java:98) ~[surefire-testng-3.0.0-M7.jar:3.0.0-M7]
	at org.apache.maven.surefire.testng.TestNGProvider.invoke(TestNGProvider.java:155) ~[surefire-testng-3.0.0-M7.jar:3.0.0-M7]
	at org.apache.maven.surefire.booter.ForkedBooter.runSuitesInProcess(ForkedBooter.java:456) ~[surefire-booter-3.0.0-M7.jar:3.0.0-M7]
	at org.apache.maven.surefire.booter.ForkedBooter.execute(ForkedBooter.java:169) ~[surefire-booter-3.0.0-M7.jar:3.0.0-M7]
	at org.apache.maven.surefire.booter.ForkedBooter.run(ForkedBooter.java:595) ~[surefire-booter-3.0.0-M7.jar:3.0.0-M7]
	at org.apache.maven.surefire.booter.ForkedBooter.main(ForkedBooter.java:581) ~[surefire-booter-3.0.0-M7.jar:3.0.0-M7]
&amp#27;[35m22-11-29 16:05:11:794&amp#27;[m [&amp#27;[34mDEBUG&amp#27;[m] java.nio.DirectByteBuffer.<init>(long, int): unavailable
&amp#27;[35m22-11-29 16:05:11:794&amp#27;[m [&amp#27;[34mDEBUG&amp#27;[m] sun.misc.Unsafe: available
&amp#27;[35m22-11-29 16:05:11:795&amp#27;[m [&amp#27;[34mDEBUG&amp#27;[m] maxDirectMemory: 4213178368 bytes (maybe)
&amp#27;[35m22-11-29 16:05:11:795&amp#27;[m [&amp#27;[34mDEBUG&amp#27;[m] -Dio.netty.tmpdir: C:\WINDOWS\TEMP (java.io.tmpdir)
&amp#27;[35m22-11-29 16:05:11:796&amp#27;[m [&amp#27;[34mDEBUG&amp#27;[m] -Dio.netty.bitMode: 64 (sun.arch.data.model)
&amp#27;[35m22-11-29 16:05:11:796&amp#27;[m [&amp#27;[34mDEBUG&amp#27;[m] Platform: Windows
&amp#27;[35m22-11-29 16:05:11:799&amp#27;[m [&amp#27;[34mDEBUG&amp#27;[m] -Dio.netty.maxDirectMemory: -1 bytes
&amp#27;[35m22-11-29 16:05:11:799&amp#27;[m [&amp#27;[34mDEBUG&amp#27;[m] -Dio.netty.uninitializedArrayAllocationThreshold: -1
&amp#27;[35m22-11-29 16:05:11:801&amp#27;[m [&amp#27;[34mDEBUG&amp#27;[m] java.nio.ByteBuffer.cleaner(): available
&amp#27;[35m22-11-29 16:05:11:801&amp#27;[m [&amp#27;[34mDEBUG&amp#27;[m] -Dio.netty.noPreferDirect: false
&amp#27;[35m22-11-29 16:05:11:811&amp#27;[m [&amp#27;[34mDEBUG&amp#27;[m] org.jctools-core.MpscChunkedArrayQueue: available
&amp#27;[35m22-11-29 16:05:11:840&amp#27;[m [&amp#27;[34mDEBUG&amp#27;[m] -Dio.netty.threadLocalMap.stringBuilder.initialSize: 1024
&amp#27;[35m22-11-29 16:05:11:840&amp#27;[m [&amp#27;[34mDEBUG&amp#27;[m] -Dio.netty.threadLocalMap.stringBuilder.maxSize: 4096
&amp#27;[35m22-11-29 16:05:11:880&amp#27;[m [&amp#27;[34mDEBUG&amp#27;[m] Default protocols (JDK): [TLSv1.3, TLSv1.2] 
&amp#27;[35m22-11-29 16:05:11:883&amp#27;[m [&amp#27;[34mDEBUG&amp#27;[m] Default cipher suites (JDK): [TLS_ECDHE_ECDSA_WITH_AES_256_GCM_SHA384, TLS_ECDHE_ECDSA_WITH_AES_128_GCM_SHA256, TLS_ECDHE_RSA_WITH_AES_128_GCM_SHA256, TLS_ECDHE_RSA_WITH_AES_256_GCM_SHA384, TLS_ECDHE_RSA_WITH_AES_128_CBC_SHA, TLS_ECDHE_RSA_WITH_AES_256_CBC_SHA, TLS_RSA_WITH_AES_128_GCM_SHA256, TLS_RSA_WITH_AES_128_CBC_SHA, TLS_RSA_WITH_AES_256_CBC_SHA, TLS_AES_128_GCM_SHA256, TLS_AES_256_GCM_SHA384]
&amp#27;[35m22-11-29 16:05:11:972&amp#27;[m [&amp#27;[34mDEBUG&amp#27;[m] -Dio.netty.eventLoopThreads: 8
&amp#27;[35m22-11-29 16:05:11:994&amp#27;[m [&amp#27;[34mDEBUG&amp#27;[m] -Dio.netty.noKeySetOptimization: false
&amp#27;[35m22-11-29 16:05:11:995&amp#27;[m [&amp#27;[34mDEBUG&amp#27;[m] -Dio.netty.selectorAutoRebuildThreshold: 512
&amp#27;[35m22-11-29 16:05:12:013&amp#27;[m [&amp#27;[30mTRACE&amp#27;[m] instrumented a special java.util.Set into: sun.nio.ch.WindowsSelectorImpl@76889e60
&amp#27;[35m22-11-29 16:05:12:018&amp#27;[m [&amp#27;[30mTRACE&amp#27;[m] instrumented a special java.util.Set into: sun.nio.ch.WindowsSelectorImpl@6b3f6585
&amp#27;[35m22-11-29 16:05:12:019&amp#27;[m [&amp#27;[30mTRACE&amp#27;[m] instrumented a special java.util.Set into: sun.nio.ch.WindowsSelectorImpl@282ffbf5
&amp#27;[35m22-11-29 16:05:12:021&amp#27;[m [&amp#27;[30mTRACE&amp#27;[m] instrumented a special java.util.Set into: sun.nio.ch.WindowsSelectorImpl@3e104d4b
&amp#27;[35m22-11-29 16:05:12:023&amp#27;[m [&amp#27;[30mTRACE&amp#27;[m] instrumented a special java.util.Set into: sun.nio.ch.WindowsSelectorImpl@55e2fe3c
&amp#27;[35m22-11-29 16:05:12:024&amp#27;[m [&amp#27;[30mTRACE&amp#27;[m] instrumented a special java.util.Set into: sun.nio.ch.WindowsSelectorImpl@45e1aa48
&amp#27;[35m22-11-29 16:05:12:025&amp#27;[m [&amp#27;[30mTRACE&amp#27;[m] instrumented a special java.util.Set into: sun.nio.ch.WindowsSelectorImpl@12c60152
&amp#27;[35m22-11-29 16:05:12:025&amp#27;[m [&amp#27;[30mTRACE&amp#27;[m] instrumented a special java.util.Set into: sun.nio.ch.WindowsSelectorImpl@2e807c54
&amp#27;[35m22-11-29 16:05:12:066&amp#27;[m [&amp#27;[34mDEBUG&amp#27;[m] -Dio.netty.allocator.numHeapArenas: 8
&amp#27;[35m22-11-29 16:05:12:066&amp#27;[m [&amp#27;[34mDEBUG&amp#27;[m] -Dio.netty.allocator.numDirectArenas: 8
&amp#27;[35m22-11-29 16:05:12:067&amp#27;[m [&amp#27;[34mDEBUG&amp#27;[m] -Dio.netty.allocator.pageSize: 8192
&amp#27;[35m22-11-29 16:05:12:067&amp#27;[m [&amp#27;[34mDEBUG&amp#27;[m] -Dio.netty.allocator.maxOrder: 9
&amp#27;[35m22-11-29 16:05:12:067&amp#27;[m [&amp#27;[34mDEBUG&amp#27;[m] -Dio.netty.allocator.chunkSize: 4194304
&amp#27;[35m22-11-29 16:05:12:068&amp#27;[m [&amp#27;[34mDEBUG&amp#27;[m] -Dio.netty.allocator.smallCacheSize: 256
&amp#27;[35m22-11-29 16:05:12:068&amp#27;[m [&amp#27;[34mDEBUG&amp#27;[m] -Dio.netty.allocator.normalCacheSize: 64
&amp#27;[35m22-11-29 16:05:12:068&amp#27;[m [&amp#27;[34mDEBUG&amp#27;[m] -Dio.netty.allocator.maxCachedBufferCapacity: 32768
&amp#27;[35m22-11-29 16:05:12:068&amp#27;[m [&amp#27;[34mDEBUG&amp#27;[m] -Dio.netty.allocator.cacheTrimInterval: 8192
&amp#27;[35m22-11-29 16:05:12:068&amp#27;[m [&amp#27;[34mDEBUG&amp#27;[m] -Dio.netty.allocator.cacheTrimIntervalMillis: 0
&amp#27;[35m22-11-29 16:05:12:069&amp#27;[m [&amp#27;[34mDEBUG&amp#27;[m] -Dio.netty.allocator.useCacheForAllThreads: false
&amp#27;[35m22-11-29 16:05:12:069&amp#27;[m [&amp#27;[34mDEBUG&amp#27;[m] -Dio.netty.allocator.maxCachedByteBuffersPerChunk: 1023
&amp#27;[35m22-11-29 16:05:12:090&amp#27;[m [&amp#27;[34mDEBUG&amp#27;[m] -Dio.netty.allocator.type: pooled
&amp#27;[35m22-11-29 16:05:12:091&amp#27;[m [&amp#27;[34mDEBUG&amp#27;[m] -Dio.netty.threadLocalDirectBufferSize: 0
&amp#27;[35m22-11-29 16:05:12:091&amp#27;[m [&amp#27;[34mDEBUG&amp#27;[m] -Dio.netty.maxThreadLocalCharBufferSize: 16384
&amp#27;[35m22-11-29 16:05:12:868&amp#27;[m [&amp#27;[34mDEBUG&amp#27;[m] -Dio.netty.processId: 30744 (auto-detected)
&amp#27;[35m22-11-29 16:05:12:887&amp#27;[m [&amp#27;[34mDEBUG&amp#27;[m] -Djava.net.preferIPv4Stack: false
&amp#27;[35m22-11-29 16:05:12:888&amp#27;[m [&amp#27;[34mDEBUG&amp#27;[m] -Djava.net.preferIPv6Addresses: false
&amp#27;[35m22-11-29 16:05:13:659&amp#27;[m [&amp#27;[34mDEBUG&amp#27;[m] Loopback interface: lo (Software Loopback Interface 1, 127.0.0.1)
&amp#27;[35m22-11-29 16:05:13:661&amp#27;[m [&amp#27;[34mDEBUG&amp#27;[m] Failed to get SOMAXCONN from sysctl and file \proc\sys\net\core\somaxconn. Default: 200
&amp#27;[35m22-11-29 16:05:13:876&amp#27;[m [&amp#27;[34mDEBUG&amp#27;[m] -Dio.netty.machineId: 7c:7a:91:ff:fe:1f:fa:59 (auto-detected)
&amp#27;[35m22-11-29 16:05:13:951&amp#27;[m [&amp#27;[34mDEBUG&amp#27;[m] -Dio.netty.buffer.checkAccessible: true
&amp#27;[35m22-11-29 16:05:13:952&amp#27;[m [&amp#27;[34mDEBUG&amp#27;[m] -Dio.netty.buffer.checkBounds: true
&amp#27;[35m22-11-29 16:05:13:953&amp#27;[m [&amp#27;[34mDEBUG&amp#27;[m] Loaded default ResourceLeakDetector: io.netty.util.ResourceLeakDetector@3265556c
&amp#27;[35m22-11-29 16:05:13:978&amp#27;[m [&amp#27;[30mTRACE&amp#27;[m] [id: 0xb21da692] REGISTERED
&amp#27;[35m22-11-29 16:05:13:978&amp#27;[m [&amp#27;[30mTRACE&amp#27;[m] [id: 0xb21da692] CONNECT: localhost/127.0.0.1:44632
&amp#27;[35m22-11-29 16:05:13:985&amp#27;[m [&amp#27;[34mDEBUG&amp#27;[m] Using new Channel '[id: 0xb21da692, L:/127.0.0.1:52679 - R:localhost/127.0.0.1:44632]' for 'POST' to '/session'
&amp#27;[35m22-11-29 16:05:13:998&amp#27;[m [&amp#27;[34mDEBUG&amp#27;[m] -Dio.netty.recycler.maxCapacityPerThread: 4096
&amp#27;[35m22-11-29 16:05:13:999&amp#27;[m [&amp#27;[34mDEBUG&amp#27;[m] -Dio.netty.recycler.ratio: 8
&amp#27;[35m22-11-29 16:05:13:999&amp#27;[m [&amp#27;[34mDEBUG&amp#27;[m] -Dio.netty.recycler.chunkSize: 32
&amp#27;[35m22-11-29 16:05:13:999&amp#27;[m [&amp#27;[34mDEBUG&amp#27;[m] -Dio.netty.recycler.blocking: false
&amp#27;[35m22-11-29 16:05:14:010&amp#27;[m [&amp#27;[30mTRACE&amp#27;[m] [id: 0xb21da692, L:/127.0.0.1:52679 - R:localhost/127.0.0.1:44632] WRITE: 173B
         +-------------------------------------------------+
         |  0  1  2  3  4  5  6  7  8  9  a  b  c  d  e  f |
+--------+-------------------------------------------------+----------------+
|00000000| 50 4f 53 54 20 2f 73 65 73 73 69 6f 6e 20 48 54 |POST /session HT|
|00000010| 54 50 2f 31 2e 31 0d 0a 55 73 65 72 2d 41 67 65 |TP/1.1..User-Age|
|00000020| 6e 74 3a 20 73 65 6c 65 6e 69 75 6d 2f 34 2e 36 |nt: selenium/4.6|
|00000030| 2e 30 20 28 6a 61 76 61 20 77 69 6e 64 6f 77 73 |.0 (java windows|
|00000040| 29 0d 0a 43 6f 6e 74 65 6e 74 2d 4c 65 6e 67 74 |)..Content-Lengt|
|00000050| 68 3a 20 33 36 35 0d 0a 43 6f 6e 74 65 6e 74 2d |h: 365..Content-|
|00000060| 54 79 70 65 3a 20 61 70 70 6c 69 63 61 74 69 6f |Type: applicatio|
|00000070| 6e 2f 6a 73 6f 6e 3b 20 63 68 61 72 73 65 74 3d |n/json; charset=|
|00000080| 75 74 66 2d 38 0d 0a 68 6f 73 74 3a 20 6c 6f 63 |utf-8..host: loc|
|00000090| 61 6c 68 6f 73 74 3a 34 34 36 33 32 0d 0a 61 63 |alhost:44632..ac|
|000000a0| 63 65 70 74 3a 20 2a 2f 2a 0d 0a 0d 0a          |cept: */*....   |
+--------+-------------------------------------------------+----------------+
&amp#27;[35m22-11-29 16:05:14:018&amp#27;[m [&amp#27;[30mTRACE&amp#27;[m] [id: 0xb21da692, L:/127.0.0.1:52679 - R:localhost/127.0.0.1:44632] WRITE: 365B
         +-------------------------------------------------+
         |  0  1  2  3  4  5  6  7  8  9  a  b  c  d  e  f |
+--------+-------------------------------------------------+----------------+
|00000000| 7b 0a 20 20 22 64 65 73 69 72 65 64 43 61 70 61 |{.  "desiredCapa|
|00000010| 62 69 6c 69 74 69 65 73 22 3a 20 7b 0a 20 20 20 |bilities": {.   |
|00000020| 20 22 62 72 6f 77 73 65 72 4e 61 6d 65 22 3a 20 | "browserName": |
|00000030| 22 63 68 72 6f 6d 65 22 2c 0a 20 20 20 20 22 67 |"chrome",.    "g|
|00000040| 6f 6f 67 3a 63 68 72 6f 6d 65 4f 70 74 69 6f 6e |oog:chromeOption|
|00000050| 73 22 3a 20 7b 0a 20 20 20 20 20 20 22 61 72 67 |s": {.      "arg|
|00000060| 73 22 3a 20 5b 0a 20 20 20 20 20 20 5d 2c 0a 20 |s": [.      ],. |
|00000070| 20 20 20 20 20 22 65 78 74 65 6e 73 69 6f 6e 73 |     "extensions|
|00000080| 22 3a 20 5b 0a 20 20 20 20 20 20 5d 0a 20 20 20 |": [.      ].   |
|00000090| 20 7d 0a 20 20 7d 2c 0a 20 20 22 63 61 70 61 62 | }.  },.  "capab|
|000000a0| 69 6c 69 74 69 65 73 22 3a 20 7b 0a 20 20 20 20 |ilities": {.    |
|000000b0| 22 66 69 72 73 74 4d 61 74 63 68 22 3a 20 5b 0a |"firstMatch": [.|
|000000c0| 20 20 20 20 20 20 7b 0a 20 20 20 20 20 20 20 20 |      {.        |
|000000d0| 22 62 72 6f 77 73 65 72 4e 61 6d 65 22 3a 20 22 |"browserName": "|
|000000e0| 63 68 72 6f 6d 65 22 2c 0a 20 20 20 20 20 20 20 |chrome",.       |
|000000f0| 20 22 67 6f 6f 67 3a 63 68 72 6f 6d 65 4f 70 74 | "goog:chromeOpt|
|00000100| 69 6f 6e 73 22 3a 20 7b 0a 20 20 20 20 20 20 20 |ions": {.       |
|00000110| 20 20 20 22 61 72 67 73 22 3a 20 5b 0a 20 20 20 |   "args": [.   |
|00000120| 20 20 20 20 20 20 20 5d 2c 0a 20 20 20 20 20 20 |       ],.      |
|00000130| 20 20 20 20 22 65 78 74 65 6e 73 69 6f 6e 73 22 |    "extensions"|
|00000140| 3a 20 5b 0a 20 20 20 20 20 20 20 20 20 20 5d 0a |: [.          ].|
|00000150| 20 20 20 20 20 20 20 20 7d 0a 20 20 20 20 20 20 |        }.      |
|00000160| 7d 0a 20 20 20 20 5d 0a 20 20 7d 0a 7d          |}.    ].  }.}   |
+--------+-------------------------------------------------+----------------+
&amp#27;[35m22-11-29 16:05:14:018&amp#27;[m [&amp#27;[30mTRACE&amp#27;[m] [id: 0xb21da692, L:/127.0.0.1:52679 - R:localhost/127.0.0.1:44632] FLUSH
&amp#27;[35m22-11-29 16:05:14:021&amp#27;[m [&amp#27;[30mTRACE&amp#27;[m] [id: 0xb21da692, L:/127.0.0.1:52679 - R:localhost/127.0.0.1:44632] WRITE: 0B
&amp#27;[35m22-11-29 16:05:14:021&amp#27;[m [&amp#27;[30mTRACE&amp#27;[m] [id: 0xb21da692, L:/127.0.0.1:52679 - R:localhost/127.0.0.1:44632] FLUSH
&amp#27;[35m22-11-29 16:05:14:021&amp#27;[m [&amp#27;[30mTRACE&amp#27;[m] [id: 0xb21da692, L:/127.0.0.1:52679 - R:localhost/127.0.0.1:44632] ACTIVE
&amp#27;[35m22-11-29 16:05:14:701&amp#27;[m [&amp#27;[30mTRACE&amp#27;[m] [id: 0xb21da692, L:/127.0.0.1:52679 - R:localhost/127.0.0.1:44632] READ: 878B
         +-------------------------------------------------+
         |  0  1  2  3  4  5  6  7  8  9  a  b  c  d  e  f |
+--------+-------------------------------------------------+----------------+
|00000000| 48 54 54 50 2f 31 2e 31 20 32 30 30 20 4f 4b 0d |HTTP/1.1 200 OK.|
|00000010| 0a 43 6f 6e 74 65 6e 74 2d 4c 65 6e 67 74 68 3a |.Content-Length:|
|00000020| 37 36 39 0d 0a 43 6f 6e 74 65 6e 74 2d 54 79 70 |769..Content-Typ|
|00000030| 65 3a 61 70 70 6c 69 63 61 74 69 6f 6e 2f 6a 73 |e:application/js|
|00000040| 6f 6e 3b 20 63 68 61 72 73 65 74 3d 75 74 66 2d |on; charset=utf-|
|00000050| 38 0d 0a 63 61 63 68 65 2d 63 6f 6e 74 72 6f 6c |8..cache-control|
|00000060| 3a 6e 6f 2d 63 61 63 68 65 0d 0a 0d 0a 7b 22 76 |:no-cache....{"v|
|00000070| 61 6c 75 65 22 3a 7b 22 63 61 70 61 62 69 6c 69 |alue":{"capabili|
|00000080| 74 69 65 73 22 3a 7b 22 61 63 63 65 70 74 49 6e |ties":{"acceptIn|
|00000090| 73 65 63 75 72 65 43 65 72 74 73 22 3a 66 61 6c |secureCerts":fal|
|000000a0| 73 65 2c 22 62 72 6f 77 73 65 72 4e 61 6d 65 22 |se,"browserName"|
|000000b0| 3a 22 63 68 72 6f 6d 65 22 2c 22 62 72 6f 77 73 |:"chrome","brows|
|000000c0| 65 72 56 65 72 73 69 6f 6e 22 3a 22 31 30 37 2e |erVersion":"107.|
|000000d0| 30 2e 35 33 30 34 2e 31 30 37 22 2c 22 63 68 72 |0.5304.107","chr|
|000000e0| 6f 6d 65 22 3a 7b 22 63 68 72 6f 6d 65 64 72 69 |ome":{"chromedri|
|000000f0| 76 65 72 56 65 72 73 69 6f 6e 22 3a 22 31 30 37 |verVersion":"107|
|00000100| 2e 30 2e 35 33 30 34 2e 36 32 20 28 31 65 65 63 |.0.5304.62 (1eec|
|00000110| 34 30 64 33 61 35 37 36 34 38 38 31 63 39 32 30 |40d3a5764881c920|
|00000120| 38 35 61 61 65 65 36 36 64 32 35 30 37 35 63 31 |85aaee66d25075c1|
|00000130| 35 39 61 61 2d 72 65 66 73 2f 62 72 61 6e 63 68 |59aa-refs/branch|
|00000140| 2d 68 65 61 64 73 2f 35 33 30 34 40 7b 23 39 34 |-heads/5304@{#94|
|00000150| 32 7d 29 22 2c 22 75 73 65 72 44 61 74 61 44 69 |2})","userDataDi|
|00000160| 72 22 3a 22 43 3a 5c 5c 57 49 4e 44 4f 57 53 5c |r":"C:\\WINDOWS\|
|00000170| 5c 54 45 4d 50 5c 5c 73 63 6f 70 65 64 5f 64 69 |\TEMP\\scoped_di|
|00000180| 72 32 30 39 30 38 5f 32 35 35 36 31 31 35 38 38 |r20908_255611588|
|00000190| 22 7d 2c 22 67 6f 6f 67 3a 63 68 72 6f 6d 65 4f |"},"goog:chromeO|
|000001a0| 70 74 69 6f 6e 73 22 3a 7b 22 64 65 62 75 67 67 |ptions":{"debugg|
|000001b0| 65 72 41 64 64 72 65 73 73 22 3a 22 6c 6f 63 61 |erAddress":"loca|
|000001c0| 6c 68 6f 73 74 3a 35 32 36 38 30 22 7d 2c 22 6e |lhost:52680"},"n|
|000001d0| 65 74 77 6f 72 6b 43 6f 6e 6e 65 63 74 69 6f 6e |etworkConnection|
|000001e0| 45 6e 61 62 6c 65 64 22 3a 66 61 6c 73 65 2c 22 |Enabled":false,"|
|000001f0| 70 61 67 65 4c 6f 61 64 53 74 72 61 74 65 67 79 |pageLoadStrategy|
|00000200| 22 3a 22 6e 6f 72 6d 61 6c 22 2c 22 70 6c 61 74 |":"normal","plat|
|00000210| 66 6f 72 6d 4e 61 6d 65 22 3a 22 77 69 6e 64 6f |formName":"windo|
|00000220| 77 73 22 2c 22 70 72 6f 78 79 22 3a 7b 7d 2c 22 |ws","proxy":{},"|
|00000230| 73 65 74 57 69 6e 64 6f 77 52 65 63 74 22 3a 74 |setWindowRect":t|
|00000240| 72 75 65 2c 22 73 74 72 69 63 74 46 69 6c 65 49 |rue,"strictFileI|
|00000250| 6e 74 65 72 61 63 74 61 62 69 6c 69 74 79 22 3a |nteractability":|
|00000260| 66 61 6c 73 65 2c 22 74 69 6d 65 6f 75 74 73 22 |false,"timeouts"|
|00000270| 3a 7b 22 69 6d 70 6c 69 63 69 74 22 3a 30 2c 22 |:{"implicit":0,"|
|00000280| 70 61 67 65 4c 6f 61 64 22 3a 33 30 30 30 30 30 |pageLoad":300000|
|00000290| 2c 22 73 63 72 69 70 74 22 3a 33 30 30 30 30 7d |,"script":30000}|
|000002a0| 2c 22 75 6e 68 61 6e 64 6c 65 64 50 72 6f 6d 70 |,"unhandledPromp|
|000002b0| 74 42 65 68 61 76 69 6f 72 22 3a 22 64 69 73 6d |tBehavior":"dism|
|000002c0| 69 73 73 20 61 6e 64 20 6e 6f 74 69 66 79 22 2c |iss and notify",|
|000002d0| 22 77 65 62 61 75 74 68 6e 3a 65 78 74 65 6e 73 |"webauthn:extens|
|000002e0| 69 6f 6e 3a 63 72 65 64 42 6c 6f 62 22 3a 74 72 |ion:credBlob":tr|
|000002f0| 75 65 2c 22 77 65 62 61 75 74 68 6e 3a 65 78 74 |ue,"webauthn:ext|
|00000300| 65 6e 73 69 6f 6e 3a 6c 61 72 67 65 42 6c 6f 62 |ension:largeBlob|
|00000310| 22 3a 74 72 75 65 2c 22 77 65 62 61 75 74 68 6e |":true,"webauthn|
|00000320| 3a 76 69 72 74 75 61 6c 41 75 74 68 65 6e 74 69 |:virtualAuthenti|
|00000330| 63 61 74 6f 72 73 22 3a 74 72 75 65 7d 2c 22 73 |cators":true},"s|
|00000340| 65 73 73 69 6f 6e 49 64 22 3a 22 63 32 32 31 66 |essionId":"c221f|
|00000350| 39 34 30 38 35 66 30 37 34 39 33 30 66 36 35 36 |94085f074930f656|
|00000360| 35 62 33 61 39 33 35 36 39 33 33 22 7d 7d       |5b3a9356933"}}  |
+--------+-------------------------------------------------+----------------+
&amp#27;[35m22-11-29 16:05:14:706&amp#27;[m [&amp#27;[34mDEBUG&amp#27;[m] brotli4j not in the classpath; Brotli support will be unavailable.
&amp#27;[35m22-11-29 16:05:14:708&amp#27;[m [&amp#27;[34mDEBUG&amp#27;[m] 

Request DefaultHttpRequest(decodeResult: success, version: HTTP/1.1)
POST /session HTTP/1.1
User-Agent: selenium/4.6.0 (java windows)
Content-Length: 365
Content-Type: application/json; charset=utf-8
host: localhost:44632
accept: */*

Response DefaultHttpResponse(decodeResult: success, version: HTTP/1.1)
HTTP/1.1 200 OK
Content-Type: application/json; charset=utf-8
cache-control: no-cache
content-length: 769

&amp#27;[35m22-11-29 16:05:14:717&amp#27;[m [&amp#27;[34mDEBUG&amp#27;[m] Adding key: http://localhost:44632 for channel [id: 0xb21da692, L:/127.0.0.1:52679 - R:localhost/127.0.0.1:44632]
&amp#27;[35m22-11-29 16:05:14:720&amp#27;[m [&amp#27;[30mTRACE&amp#27;[m] [id: 0xb21da692, L:/127.0.0.1:52679 - R:localhost/127.0.0.1:44632] READ COMPLETE
&amp#27;[35m22-11-29 16:05:14:840&amp#27;[m [&amp#27;[30mTRACE&amp#27;[m] [id: 0xa943d235] REGISTERED
&amp#27;[35m22-11-29 16:05:14:840&amp#27;[m [&amp#27;[30mTRACE&amp#27;[m] [id: 0xa943d235] CONNECT: localhost/127.0.0.1:52680
&amp#27;[35m22-11-29 16:05:14:841&amp#27;[m [&amp#27;[34mDEBUG&amp#27;[m] Using new Channel '[id: 0xa943d235, L:/127.0.0.1:52685 - R:localhost/127.0.0.1:52680]' for 'GET' to '/json/version'
&amp#27;[35m22-11-29 16:05:14:843&amp#27;[m [&amp#27;[30mTRACE&amp#27;[m] [id: 0xa943d235, L:/127.0.0.1:52685 - R:localhost/127.0.0.1:52680] WRITE: 109B
         +-------------------------------------------------+
         |  0  1  2  3  4  5  6  7  8  9  a  b  c  d  e  f |
+--------+-------------------------------------------------+----------------+
|00000000| 47 45 54 20 2f 6a 73 6f 6e 2f 76 65 72 73 69 6f |GET /json/versio|
|00000010| 6e 20 48 54 54 50 2f 31 2e 31 0d 0a 55 73 65 72 |n HTTP/1.1..User|
|00000020| 2d 41 67 65 6e 74 3a 20 73 65 6c 65 6e 69 75 6d |-Agent: selenium|
|00000030| 2f 34 2e 36 2e 30 20 28 6a 61 76 61 20 77 69 6e |/4.6.0 (java win|
|00000040| 64 6f 77 73 29 0d 0a 68 6f 73 74 3a 20 6c 6f 63 |dows)..host: loc|
|00000050| 61 6c 68 6f 73 74 3a 35 32 36 38 30 0d 0a 61 63 |alhost:52680..ac|
|00000060| 63 65 70 74 3a 20 2a 2f 2a 0d 0a 0d 0a          |cept: */*....   |
+--------+-------------------------------------------------+----------------+
&amp#27;[35m22-11-29 16:05:14:843&amp#27;[m [&amp#27;[30mTRACE&amp#27;[m] [id: 0xa943d235, L:/127.0.0.1:52685 - R:localhost/127.0.0.1:52680] FLUSH
&amp#27;[35m22-11-29 16:05:14:844&amp#27;[m [&amp#27;[30mTRACE&amp#27;[m] [id: 0xa943d235, L:/127.0.0.1:52685 - R:localhost/127.0.0.1:52680] ACTIVE
&amp#27;[35m22-11-29 16:05:14:845&amp#27;[m [&amp#27;[30mTRACE&amp#27;[m] [id: 0xa943d235, L:/127.0.0.1:52685 - R:localhost/127.0.0.1:52680] READ: 509B
         +-------------------------------------------------+
         |  0  1  2  3  4  5  6  7  8  9  a  b  c  d  e  f |
+--------+-------------------------------------------------+----------------+
|00000000| 48 54 54 50 2f 31 2e 31 20 32 30 30 20 4f 4b 0d |HTTP/1.1 200 OK.|
|00000010| 0a 43 6f 6e 74 65 6e 74 2d 4c 65 6e 67 74 68 3a |.Content-Length:|
|00000020| 34 32 34 0d 0a 43 6f 6e 74 65 6e 74 2d 54 79 70 |424..Content-Typ|
|00000030| 65 3a 61 70 70 6c 69 63 61 74 69 6f 6e 2f 6a 73 |e:application/js|
|00000040| 6f 6e 3b 20 63 68 61 72 73 65 74 3d 55 54 46 2d |on; charset=UTF-|
|00000050| 38 0d 0a 0d 0a 7b 0d 0a 20 20 20 22 42 72 6f 77 |8....{..   "Brow|
|00000060| 73 65 72 22 3a 20 22 43 68 72 6f 6d 65 2f 31 30 |ser": "Chrome/10|
|00000070| 37 2e 30 2e 35 33 30 34 2e 31 30 37 22 2c 0d 0a |7.0.5304.107",..|
|00000080| 20 20 20 22 50 72 6f 74 6f 63 6f 6c 2d 56 65 72 |   "Protocol-Ver|
|00000090| 73 69 6f 6e 22 3a 20 22 31 2e 33 22 2c 0d 0a 20 |sion": "1.3",.. |
|000000a0| 20 20 22 55 73 65 72 2d 41 67 65 6e 74 22 3a 20 |  "User-Agent": |
|000000b0| 22 4d 6f 7a 69 6c 6c 61 2f 35 2e 30 20 28 57 69 |"Mozilla/5.0 (Wi|
|000000c0| 6e 64 6f 77 73 20 4e 54 20 31 30 2e 30 3b 20 57 |ndows NT 10.0; W|
|000000d0| 69 6e 36 34 3b 20 78 36 34 29 20 41 70 70 6c 65 |in64; x64) Apple|
|000000e0| 57 65 62 4b 69 74 2f 35 33 37 2e 33 36 20 28 4b |WebKit/537.36 (K|
|000000f0| 48 54 4d 4c 2c 20 6c 69 6b 65 20 47 65 63 6b 6f |HTML, like Gecko|
|00000100| 29 20 43 68 72 6f 6d 65 2f 31 30 37 2e 30 2e 30 |) Chrome/107.0.0|
|00000110| 2e 30 20 53 61 66 61 72 69 2f 35 33 37 2e 33 36 |.0 Safari/537.36|
|00000120| 22 2c 0d 0a 20 20 20 22 56 38 2d 56 65 72 73 69 |",..   "V8-Versi|
|00000130| 6f 6e 22 3a 20 22 31 30 2e 37 2e 31 39 33 2e 32 |on": "10.7.193.2|
|00000140| 32 22 2c 0d 0a 20 20 20 22 57 65 62 4b 69 74 2d |2",..   "WebKit-|
|00000150| 56 65 72 73 69 6f 6e 22 3a 20 22 35 33 37 2e 33 |Version": "537.3|
|00000160| 36 20 28 40 32 39 34 66 39 64 61 32 35 65 65 64 |6 (@294f9da25eed|
|00000170| 61 37 64 64 63 61 39 33 37 64 37 63 37 30 62 39 |a7ddca937d7c70b9|
|00000180| 32 64 35 33 61 37 31 37 34 35 64 63 29 22 2c 0d |2d53a71745dc)",.|
|00000190| 0a 20 20 20 22 77 65 62 53 6f 63 6b 65 74 44 65 |.   "webSocketDe|
|000001a0| 62 75 67 67 65 72 55 72 6c 22 3a 20 22 77 73 3a |buggerUrl": "ws:|
|000001b0| 2f 2f 6c 6f 63 61 6c 68 6f 73 74 3a 35 32 36 38 |//localhost:5268|
|000001c0| 30 2f 64 65 76 74 6f 6f 6c 73 2f 62 72 6f 77 73 |0/devtools/brows|
|000001d0| 65 72 2f 39 64 37 30 39 34 61 63 2d 37 64 36 63 |er/9d7094ac-7d6c|
|000001e0| 2d 34 61 30 38 2d 61 37 65 66 2d 36 30 38 61 35 |-4a08-a7ef-608a5|
|000001f0| 33 63 38 34 64 30 37 22 0d 0a 7d 0d 0a          |3c84d07"..}..   |
+--------+-------------------------------------------------+----------------+
&amp#27;[35m22-11-29 16:05:14:848&amp#27;[m [&amp#27;[34mDEBUG&amp#27;[m] 

Request DefaultFullHttpRequest(decodeResult: success, version: HTTP/1.1, content: EmptyByteBufBE)
GET /json/version HTTP/1.1
User-Agent: selenium/4.6.0 (java windows)
host: localhost:52680
accept: */*

Response DefaultHttpResponse(decodeResult: success, version: HTTP/1.1)
HTTP/1.1 200 OK
Content-Type: application/json; charset=UTF-8
content-length: 424

&amp#27;[35m22-11-29 16:05:14:848&amp#27;[m [&amp#27;[34mDEBUG&amp#27;[m] Adding key: http://localhost:52680 for channel [id: 0xa943d235, L:/127.0.0.1:52685 - R:localhost/127.0.0.1:52680]
&amp#27;[35m22-11-29 16:05:14:849&amp#27;[m [&amp#27;[30mTRACE&amp#27;[m] [id: 0xa943d235, L:/127.0.0.1:52685 - R:localhost/127.0.0.1:52680] READ COMPLETE
&amp#27;[35m22-11-29 16:05:14:860&amp#27;[m [&amp#27;[34mDEBUG&amp#27;[m] -Dio.netty.initialSeedUniquifier: 0x4225193a3ee06e26
&amp#27;[35m22-11-29 16:05:14:864&amp#27;[m [&amp#27;[30mTRACE&amp#27;[m] [id: 0xf4fa5e3f] REGISTERED
&amp#27;[35m22-11-29 16:05:14:865&amp#27;[m [&amp#27;[30mTRACE&amp#27;[m] [id: 0xf4fa5e3f] CONNECT: localhost/127.0.0.1:52680
&amp#27;[35m22-11-29 16:05:14:866&amp#27;[m [&amp#27;[34mDEBUG&amp#27;[m] Using new Channel '[id: 0xf4fa5e3f, L:/127.0.0.1:52686 - R:localhost/127.0.0.1:52680]' for 'GET' to '/devtools/browser/9d7094ac-7d6c-4a08-a7ef-608a53c84d07'
&amp#27;[35m22-11-29 16:05:14:868&amp#27;[m [&amp#27;[30mTRACE&amp#27;[m] [id: 0xf4fa5e3f, L:/127.0.0.1:52686 - R:localhost/127.0.0.1:52680] WRITE: 273B
         +-------------------------------------------------+
         |  0  1  2  3  4  5  6  7  8  9  a  b  c  d  e  f |
+--------+-------------------------------------------------+----------------+
|00000000| 47 45 54 20 2f 64 65 76 74 6f 6f 6c 73 2f 62 72 |GET /devtools/br|
|00000010| 6f 77 73 65 72 2f 39 64 37 30 39 34 61 63 2d 37 |owser/9d7094ac-7|
|00000020| 64 36 63 2d 34 61 30 38 2d 61 37 65 66 2d 36 30 |d6c-4a08-a7ef-60|
|00000030| 38 61 35 33 63 38 34 64 30 37 20 48 54 54 50 2f |8a53c84d07 HTTP/|
|00000040| 31 2e 31 0d 0a 75 70 67 72 61 64 65 3a 20 77 65 |1.1..upgrade: we|
|00000050| 62 73 6f 63 6b 65 74 0d 0a 63 6f 6e 6e 65 63 74 |bsocket..connect|
|00000060| 69 6f 6e 3a 20 75 70 67 72 61 64 65 0d 0a 73 65 |ion: upgrade..se|
|00000070| 63 2d 77 65 62 73 6f 63 6b 65 74 2d 6b 65 79 3a |c-websocket-key:|
|00000080| 20 70 72 75 67 61 63 6e 77 6b 59 78 68 53 4f 46 | prugacnwkYxhSOF|
|00000090| 4b 75 74 46 58 32 67 3d 3d 0d 0a 73 65 63 2d 77 |KutFX2g==..sec-w|
|000000a0| 65 62 73 6f 63 6b 65 74 2d 76 65 72 73 69 6f 6e |ebsocket-version|
|000000b0| 3a 20 31 33 0d 0a 6f 72 69 67 69 6e 3a 20 68 74 |: 13..origin: ht|
|000000c0| 74 70 3a 2f 2f 6c 6f 63 61 6c 68 6f 73 74 3a 35 |tp://localhost:5|
|000000d0| 32 36 38 30 0d 0a 68 6f 73 74 3a 20 6c 6f 63 61 |2680..host: loca|
|000000e0| 6c 68 6f 73 74 3a 35 32 36 38 30 0d 0a 61 63 63 |lhost:52680..acc|
|000000f0| 65 70 74 3a 20 2a 2f 2a 0d 0a 75 73 65 72 2d 61 |ept: */*..user-a|
|00000100| 67 65 6e 74 3a 20 41 48 43 2f 32 2e 31 0d 0a 0d |gent: AHC/2.1...|
|00000110| 0a                                              |.               |
+--------+-------------------------------------------------+----------------+
&amp#27;[35m22-11-29 16:05:14:868&amp#27;[m [&amp#27;[30mTRACE&amp#27;[m] [id: 0xf4fa5e3f, L:/127.0.0.1:52686 - R:localhost/127.0.0.1:52680] FLUSH
&amp#27;[35m22-11-29 16:05:14:868&amp#27;[m [&amp#27;[30mTRACE&amp#27;[m] [id: 0xf4fa5e3f, L:/127.0.0.1:52686 - R:localhost/127.0.0.1:52680] ACTIVE
&amp#27;[35m22-11-29 16:05:14:868&amp#27;[m [&amp#27;[30mTRACE&amp#27;[m] [id: 0xf4fa5e3f, L:/127.0.0.1:52686 - R:localhost/127.0.0.1:52680] READ: 138B
         +-------------------------------------------------+
         |  0  1  2  3  4  5  6  7  8  9  a  b  c  d  e  f |
+--------+-------------------------------------------------+----------------+
|00000000| 48 54 54 50 2f 31 2e 31 20 31 30 31 20 57 65 62 |HTTP/1.1 101 Web|
|00000010| 53 6f 63 6b 65 74 20 50 72 6f 74 6f 63 6f 6c 20 |Socket Protocol |
|00000020| 48 61 6e 64 73 68 61 6b 65 0d 0a 55 70 67 72 61 |Handshake..Upgra|
|00000030| 64 65 3a 20 57 65 62 53 6f 63 6b 65 74 0d 0a 43 |de: WebSocket..C|
|00000040| 6f 6e 6e 65 63 74 69 6f 6e 3a 20 55 70 67 72 61 |onnection: Upgra|
|00000050| 64 65 0d 0a 53 65 63 2d 57 65 62 53 6f 63 6b 65 |de..Sec-WebSocke|
|00000060| 74 2d 41 63 63 65 70 74 3a 20 70 55 53 63 4d 72 |t-Accept: pUScMr|
|00000070| 76 35 39 31 32 53 4b 62 70 43 64 68 4a 45 37 56 |v5912SKbpCdhJE7V|
|00000080| 4d 79 57 78 77 3d 0d 0a 0d 0a                   |MyWxw=....      |
+--------+-------------------------------------------------+----------------+
&amp#27;[35m22-11-29 16:05:14:869&amp#27;[m [&amp#27;[34mDEBUG&amp#27;[m] 

Request DefaultFullHttpRequest(decodeResult: success, version: HTTP/1.1, content: EmptyByteBufBE)
GET /devtools/browser/9d7094ac-7d6c-4a08-a7ef-608a53c84d07 HTTP/1.1
upgrade: websocket
connection: upgrade
sec-websocket-key: prugacnwkYxhSOFKutFX2g==
sec-websocket-version: 13
origin: http://localhost:52680
host: localhost:52680
accept: */*
user-agent: AHC/2.1

Response DefaultHttpResponse(decodeResult: success, version: HTTP/1.1)
HTTP/1.1 101 WebSocket Protocol Handshake
Upgrade: WebSocket
Connection: Upgrade
Sec-WebSocket-Accept: pUScMrv5912SKbpCdhJE7VMyWxw=

&amp#27;[35m22-11-29 16:05:14:884&amp#27;[m [&amp#27;[30mTRACE&amp#27;[m] [id: 0xf4fa5e3f, L:/127.0.0.1:52686 - R:localhost/127.0.0.1:52680] READ COMPLETE
&amp#27;[35m22-11-29 16:05:14:931&amp#27;[m [&amp#27;[34mDEBUG&amp#27;[m] Using pooled Channel '[id: 0xb21da692, L:/127.0.0.1:52679 - R:localhost/127.0.0.1:44632]' for 'POST' to 'http://localhost:44632/session/c221f94085f074930f6565b3a9356933/window/maximize'
&amp#27;[35m22-11-29 16:05:14:932&amp#27;[m [&amp#27;[34mDEBUG&amp#27;[m] Using open Channel [id: 0xb21da692, L:/127.0.0.1:52679 - R:localhost/127.0.0.1:44632] for POST '/session/c221f94085f074930f6565b3a9356933/window/maximize'
&amp#27;[35m22-11-29 16:05:14:935&amp#27;[m [&amp#27;[30mTRACE&amp#27;[m] [id: 0xb21da692, L:/127.0.0.1:52679 - R:localhost/127.0.0.1:44632] WRITE: 220B
         +-------------------------------------------------+
         |  0  1  2  3  4  5  6  7  8  9  a  b  c  d  e  f |
+--------+-------------------------------------------------+----------------+
|00000000| 50 4f 53 54 20 2f 73 65 73 73 69 6f 6e 2f 63 32 |POST /session/c2|
|00000010| 32 31 66 39 34 30 38 35 66 30 37 34 39 33 30 66 |21f94085f074930f|
|00000020| 36 35 36 35 62 33 61 39 33 35 36 39 33 33 2f 77 |6565b3a9356933/w|
|00000030| 69 6e 64 6f 77 2f 6d 61 78 69 6d 69 7a 65 20 48 |indow/maximize H|
|00000040| 54 54 50 2f 31 2e 31 0d 0a 55 73 65 72 2d 41 67 |TTP/1.1..User-Ag|
|00000050| 65 6e 74 3a 20 73 65 6c 65 6e 69 75 6d 2f 34 2e |ent: selenium/4.|
|00000060| 36 2e 30 20 28 6a 61 76 61 20 77 69 6e 64 6f 77 |6.0 (java window|
|00000070| 73 29 0d 0a 43 6f 6e 74 65 6e 74 2d 4c 65 6e 67 |s)..Content-Leng|
|00000080| 74 68 3a 20 33 0d 0a 43 6f 6e 74 65 6e 74 2d 54 |th: 3..Content-T|
|00000090| 79 70 65 3a 20 61 70 70 6c 69 63 61 74 69 6f 6e |ype: application|
|000000a0| 2f 6a 73 6f 6e 3b 20 63 68 61 72 73 65 74 3d 75 |/json; charset=u|
|000000b0| 74 66 2d 38 0d 0a 68 6f 73 74 3a 20 6c 6f 63 61 |tf-8..host: loca|
|000000c0| 6c 68 6f 73 74 3a 34 34 36 33 32 0d 0a 61 63 63 |lhost:44632..acc|
|000000d0| 65 70 74 3a 20 2a 2f 2a 0d 0a 0d 0a             |ept: */*....    |
+--------+-------------------------------------------------+----------------+
&amp#27;[35m22-11-29 16:05:14:935&amp#27;[m [&amp#27;[30mTRACE&amp#27;[m] [id: 0xb21da692, L:/127.0.0.1:52679 - R:localhost/127.0.0.1:44632] WRITE: 3B
         +-------------------------------------------------+
         |  0  1  2  3  4  5  6  7  8  9  a  b  c  d  e  f |
+--------+-------------------------------------------------+----------------+
|00000000| 7b 0a 7d                                        |{.}             |
+--------+-------------------------------------------------+----------------+
&amp#27;[35m22-11-29 16:05:14:936&amp#27;[m [&amp#27;[30mTRACE&amp#27;[m] [id: 0xb21da692, L:/127.0.0.1:52679 - R:localhost/127.0.0.1:44632] FLUSH
&amp#27;[35m22-11-29 16:05:14:936&amp#27;[m [&amp#27;[30mTRACE&amp#27;[m] [id: 0xb21da692, L:/127.0.0.1:52679 - R:localhost/127.0.0.1:44632] WRITE: 0B
&amp#27;[35m22-11-29 16:05:14:937&amp#27;[m [&amp#27;[30mTRACE&amp#27;[m] [id: 0xb21da692, L:/127.0.0.1:52679 - R:localhost/127.0.0.1:44632] FLUSH
&amp#27;[35m22-11-29 16:05:15:061&amp#27;[m [&amp#27;[30mTRACE&amp#27;[m] [id: 0xb21da692, L:/127.0.0.1:52679 - R:localhost/127.0.0.1:44632] READ: 159B
         +-------------------------------------------------+
         |  0  1  2  3  4  5  6  7  8  9  a  b  c  d  e  f |
+--------+-------------------------------------------------+----------------+
|00000000| 48 54 54 50 2f 31 2e 31 20 32 30 30 20 4f 4b 0d |HTTP/1.1 200 OK.|
|00000010| 0a 43 6f 6e 74 65 6e 74 2d 4c 65 6e 67 74 68 3a |.Content-Length:|
|00000020| 35 31 0d 0a 43 6f 6e 74 65 6e 74 2d 54 79 70 65 |51..Content-Type|
|00000030| 3a 61 70 70 6c 69 63 61 74 69 6f 6e 2f 6a 73 6f |:application/jso|
|00000040| 6e 3b 20 63 68 61 72 73 65 74 3d 75 74 66 2d 38 |n; charset=utf-8|
|00000050| 0d 0a 63 61 63 68 65 2d 63 6f 6e 74 72 6f 6c 3a |..cache-control:|
|00000060| 6e 6f 2d 63 61 63 68 65 0d 0a 0d 0a 7b 22 76 61 |no-cache....{"va|
|00000070| 6c 75 65 22 3a 7b 22 68 65 69 67 68 74 22 3a 37 |lue":{"height":7|
|00000080| 38 34 2c 22 77 69 64 74 68 22 3a 31 30 34 30 2c |84,"width":1040,|
|00000090| 22 78 22 3a 2d 38 2c 22 79 22 3a 2d 38 7d 7d    |"x":-8,"y":-8}} |
+--------+-------------------------------------------------+----------------+
&amp#27;[35m22-11-29 16:05:15:064&amp#27;[m [&amp#27;[34mDEBUG&amp#27;[m] 

Request DefaultHttpRequest(decodeResult: success, version: HTTP/1.1)
POST /session/c221f94085f074930f6565b3a9356933/window/maximize HTTP/1.1
User-Agent: selenium/4.6.0 (java windows)
Content-Length: 3
Content-Type: application/json; charset=utf-8
host: localhost:44632
accept: */*

Response DefaultHttpResponse(decodeResult: success, version: HTTP/1.1)
HTTP/1.1 200 OK
Content-Type: application/json; charset=utf-8
cache-control: no-cache
content-length: 51

&amp#27;[35m22-11-29 16:05:15:065&amp#27;[m [&amp#27;[34mDEBUG&amp#27;[m] Adding key: http://localhost:44632 for channel [id: 0xb21da692, L:/127.0.0.1:52679 - R:localhost/127.0.0.1:44632]
&amp#27;[35m22-11-29 16:05:15:065&amp#27;[m [&amp#27;[30mTRACE&amp#27;[m] [id: 0xb21da692, L:/127.0.0.1:52679 - R:localhost/127.0.0.1:44632] READ COMPLETE
&amp#27;[35m22-11-29 16:05:15:069&amp#27;[m [&amp#27;[34mDEBUG&amp#27;[m] Using pooled Channel '[id: 0xb21da692, L:/127.0.0.1:52679 - R:localhost/127.0.0.1:44632]' for 'DELETE' to 'http://localhost:44632/session/c221f94085f074930f6565b3a9356933/cookie'
&amp#27;[35m22-11-29 16:05:15:069&amp#27;[m [&amp#27;[34mDEBUG&amp#27;[m] Using open Channel [id: 0xb21da692, L:/127.0.0.1:52679 - R:localhost/127.0.0.1:44632] for DELETE '/session/c221f94085f074930f6565b3a9356933/cookie'
&amp#27;[35m22-11-29 16:05:15:070&amp#27;[m [&amp#27;[30mTRACE&amp#27;[m] [id: 0xb21da692, L:/127.0.0.1:52679 - R:localhost/127.0.0.1:44632] WRITE: 194B
         +-------------------------------------------------+
         |  0  1  2  3  4  5  6  7  8  9  a  b  c  d  e  f |
+--------+-------------------------------------------------+----------------+
|00000000| 44 45 4c 45 54 45 20 2f 73 65 73 73 69 6f 6e 2f |DELETE /session/|
|00000010| 63 32 32 31 66 39 34 30 38 35 66 30 37 34 39 33 |c221f94085f07493|
|00000020| 30 66 36 35 36 35 62 33 61 39 33 35 36 39 33 33 |0f6565b3a9356933|
|00000030| 2f 63 6f 6f 6b 69 65 20 48 54 54 50 2f 31 2e 31 |/cookie HTTP/1.1|
|00000040| 0d 0a 55 73 65 72 2d 41 67 65 6e 74 3a 20 73 65 |..User-Agent: se|
|00000050| 6c 65 6e 69 75 6d 2f 34 2e 36 2e 30 20 28 6a 61 |lenium/4.6.0 (ja|
|00000060| 76 61 20 77 69 6e 64 6f 77 73 29 0d 0a 43 6f 6e |va windows)..Con|
|00000070| 74 65 6e 74 2d 54 79 70 65 3a 20 61 70 70 6c 69 |tent-Type: appli|
|00000080| 63 61 74 69 6f 6e 2f 6a 73 6f 6e 3b 20 63 68 61 |cation/json; cha|
|00000090| 72 73 65 74 3d 75 74 66 2d 38 0d 0a 68 6f 73 74 |rset=utf-8..host|
|000000a0| 3a 20 6c 6f 63 61 6c 68 6f 73 74 3a 34 34 36 33 |: localhost:4463|
|000000b0| 32 0d 0a 61 63 63 65 70 74 3a 20 2a 2f 2a 0d 0a |2..accept: */*..|
|000000c0| 0d 0a                                           |..              |
+--------+-------------------------------------------------+----------------+
&amp#27;[35m22-11-29 16:05:15:070&amp#27;[m [&amp#27;[30mTRACE&amp#27;[m] [id: 0xb21da692, L:/127.0.0.1:52679 - R:localhost/127.0.0.1:44632] FLUSH
&amp#27;[35m22-11-29 16:05:15:074&amp#27;[m [&amp#27;[30mTRACE&amp#27;[m] [id: 0xb21da692, L:/127.0.0.1:52679 - R:localhost/127.0.0.1:44632] READ: 122B
         +-------------------------------------------------+
         |  0  1  2  3  4  5  6  7  8  9  a  b  c  d  e  f |
+--------+-------------------------------------------------+----------------+
|00000000| 48 54 54 50 2f 31 2e 31 20 32 30 30 20 4f 4b 0d |HTTP/1.1 200 OK.|
|00000010| 0a 43 6f 6e 74 65 6e 74 2d 4c 65 6e 67 74 68 3a |.Content-Length:|
|00000020| 31 34 0d 0a 43 6f 6e 74 65 6e 74 2d 54 79 70 65 |14..Content-Type|
|00000030| 3a 61 70 70 6c 69 63 61 74 69 6f 6e 2f 6a 73 6f |:application/jso|
|00000040| 6e 3b 20 63 68 61 72 73 65 74 3d 75 74 66 2d 38 |n; charset=utf-8|
|00000050| 0d 0a 63 61 63 68 65 2d 63 6f 6e 74 72 6f 6c 3a |..cache-control:|
|00000060| 6e 6f 2d 63 61 63 68 65 0d 0a 0d 0a 7b 22 76 61 |no-cache....{"va|
|00000070| 6c 75 65 22 3a 6e 75 6c 6c 7d                   |lue":null}      |
+--------+-------------------------------------------------+----------------+
&amp#27;[35m22-11-29 16:05:15:074&amp#27;[m [&amp#27;[34mDEBUG&amp#27;[m] 

Request DefaultFullHttpRequest(decodeResult: success, version: HTTP/1.1, content: EmptyByteBufBE)
DELETE /session/c221f94085f074930f6565b3a9356933/cookie HTTP/1.1
User-Agent: selenium/4.6.0 (java windows)
Content-Type: application/json; charset=utf-8
host: localhost:44632
accept: */*

Response DefaultHttpResponse(decodeResult: success, version: HTTP/1.1)
HTTP/1.1 200 OK
Content-Type: application/json; charset=utf-8
cache-control: no-cache
content-length: 14

&amp#27;[35m22-11-29 16:05:15:074&amp#27;[m [&amp#27;[34mDEBUG&amp#27;[m] Adding key: http://localhost:44632 for channel [id: 0xb21da692, L:/127.0.0.1:52679 - R:localhost/127.0.0.1:44632]
&amp#27;[35m22-11-29 16:05:15:074&amp#27;[m [&amp#27;[30mTRACE&amp#27;[m] [id: 0xb21da692, L:/127.0.0.1:52679 - R:localhost/127.0.0.1:44632] READ COMPLETE
&amp#27;[35m22-11-29 16:05:15:077&amp#27;[m [&amp#27;[34mDEBUG&amp#27;[m] Using pooled Channel '[id: 0xb21da692, L:/127.0.0.1:52679 - R:localhost/127.0.0.1:44632]' for 'POST' to 'http://localhost:44632/session/c221f94085f074930f6565b3a9356933/timeouts'
&amp#27;[35m22-11-29 16:05:15:077&amp#27;[m [&amp#27;[34mDEBUG&amp#27;[m] Using open Channel [id: 0xb21da692, L:/127.0.0.1:52679 - R:localhost/127.0.0.1:44632] for POST '/session/c221f94085f074930f6565b3a9356933/timeouts'
&amp#27;[35m22-11-29 16:05:15:078&amp#27;[m [&amp#27;[30mTRACE&amp#27;[m] [id: 0xb21da692, L:/127.0.0.1:52679 - R:localhost/127.0.0.1:44632] WRITE: 214B
         +-------------------------------------------------+
         |  0  1  2  3  4  5  6  7  8  9  a  b  c  d  e  f |
+--------+-------------------------------------------------+----------------+
|00000000| 50 4f 53 54 20 2f 73 65 73 73 69 6f 6e 2f 63 32 |POST /session/c2|
|00000010| 32 31 66 39 34 30 38 35 66 30 37 34 39 33 30 66 |21f94085f074930f|
|00000020| 36 35 36 35 62 33 61 39 33 35 36 39 33 33 2f 74 |6565b3a9356933/t|
|00000030| 69 6d 65 6f 75 74 73 20 48 54 54 50 2f 31 2e 31 |imeouts HTTP/1.1|
|00000040| 0d 0a 55 73 65 72 2d 41 67 65 6e 74 3a 20 73 65 |..User-Agent: se|
|00000050| 6c 65 6e 69 75 6d 2f 34 2e 36 2e 30 20 28 6a 61 |lenium/4.6.0 (ja|
|00000060| 76 61 20 77 69 6e 64 6f 77 73 29 0d 0a 43 6f 6e |va windows)..Con|
|00000070| 74 65 6e 74 2d 4c 65 6e 67 74 68 3a 20 32 33 0d |tent-Length: 23.|
|00000080| 0a 43 6f 6e 74 65 6e 74 2d 54 79 70 65 3a 20 61 |.Content-Type: a|
|00000090| 70 70 6c 69 63 61 74 69 6f 6e 2f 6a 73 6f 6e 3b |pplication/json;|
|000000a0| 20 63 68 61 72 73 65 74 3d 75 74 66 2d 38 0d 0a | charset=utf-8..|
|000000b0| 68 6f 73 74 3a 20 6c 6f 63 61 6c 68 6f 73 74 3a |host: localhost:|
|000000c0| 34 34 36 33 32 0d 0a 61 63 63 65 70 74 3a 20 2a |44632..accept: *|
|000000d0| 2f 2a 0d 0a 0d 0a                               |/*....          |
+--------+-------------------------------------------------+----------------+
&amp#27;[35m22-11-29 16:05:15:078&amp#27;[m [&amp#27;[30mTRACE&amp#27;[m] [id: 0xb21da692, L:/127.0.0.1:52679 - R:localhost/127.0.0.1:44632] WRITE: 23B
         +-------------------------------------------------+
         |  0  1  2  3  4  5  6  7  8  9  a  b  c  d  e  f |
+--------+-------------------------------------------------+----------------+
|00000000| 7b 0a 20 20 22 69 6d 70 6c 69 63 69 74 22 3a 20 |{.  "implicit": |
|00000010| 34 35 30 30 30 0a 7d                            |45000.}         |
+--------+-------------------------------------------------+----------------+
&amp#27;[35m22-11-29 16:05:15:078&amp#27;[m [&amp#27;[30mTRACE&amp#27;[m] [id: 0xb21da692, L:/127.0.0.1:52679 - R:localhost/127.0.0.1:44632] FLUSH
&amp#27;[35m22-11-29 16:05:15:079&amp#27;[m [&amp#27;[30mTRACE&amp#27;[m] [id: 0xb21da692, L:/127.0.0.1:52679 - R:localhost/127.0.0.1:44632] WRITE: 0B
&amp#27;[35m22-11-29 16:05:15:079&amp#27;[m [&amp#27;[30mTRACE&amp#27;[m] [id: 0xb21da692, L:/127.0.0.1:52679 - R:localhost/127.0.0.1:44632] FLUSH
&amp#27;[35m22-11-29 16:05:15:080&amp#27;[m [&amp#27;[30mTRACE&amp#27;[m] [id: 0xb21da692, L:/127.0.0.1:52679 - R:localhost/127.0.0.1:44632] READ: 122B
         +-------------------------------------------------+
         |  0  1  2  3  4  5  6  7  8  9  a  b  c  d  e  f |
+--------+-------------------------------------------------+----------------+
|00000000| 48 54 54 50 2f 31 2e 31 20 32 30 30 20 4f 4b 0d |HTTP/1.1 200 OK.|
|00000010| 0a 43 6f 6e 74 65 6e 74 2d 4c 65 6e 67 74 68 3a |.Content-Length:|
|00000020| 31 34 0d 0a 43 6f 6e 74 65 6e 74 2d 54 79 70 65 |14..Content-Type|
|00000030| 3a 61 70 70 6c 69 63 61 74 69 6f 6e 2f 6a 73 6f |:application/jso|
|00000040| 6e 3b 20 63 68 61 72 73 65 74 3d 75 74 66 2d 38 |n; charset=utf-8|
|00000050| 0d 0a 63 61 63 68 65 2d 63 6f 6e 74 72 6f 6c 3a |..cache-control:|
|00000060| 6e 6f 2d 63 61 63 68 65 0d 0a 0d 0a 7b 22 76 61 |no-cache....{"va|
|00000070| 6c 75 65 22 3a 6e 75 6c 6c 7d                   |lue":null}      |
+--------+-------------------------------------------------+----------------+
&amp#27;[35m22-11-29 16:05:15:081&amp#27;[m [&amp#27;[34mDEBUG&amp#27;[m] 

Request DefaultHttpRequest(decodeResult: success, version: HTTP/1.1)
POST /session/c221f94085f074930f6565b3a9356933/timeouts HTTP/1.1
User-Agent: selenium/4.6.0 (java windows)
Content-Length: 23
Content-Type: application/json; charset=utf-8
host: localhost:44632
accept: */*

Response DefaultHttpResponse(decodeResult: success, version: HTTP/1.1)
HTTP/1.1 200 OK
Content-Type: application/json; charset=utf-8
cache-control: no-cache
content-length: 14

&amp#27;[35m22-11-29 16:05:15:081&amp#27;[m [&amp#27;[34mDEBUG&amp#27;[m] Adding key: http://localhost:44632 for channel [id: 0xb21da692, L:/127.0.0.1:52679 - R:localhost/127.0.0.1:44632]
&amp#27;[35m22-11-29 16:05:15:081&amp#27;[m [&amp#27;[30mTRACE&amp#27;[m] [id: 0xb21da692, L:/127.0.0.1:52679 - R:localhost/127.0.0.1:44632] READ COMPLETE
&amp#27;[35m22-11-29 16:05:15:084&amp#27;[m [&amp#27;[34mDEBUG&amp#27;[m] Using pooled Channel '[id: 0xb21da692, L:/127.0.0.1:52679 - R:localhost/127.0.0.1:44632]' for 'POST' to 'http://localhost:44632/session/c221f94085f074930f6565b3a9356933/timeouts'
&amp#27;[35m22-11-29 16:05:15:084&amp#27;[m [&amp#27;[34mDEBUG&amp#27;[m] Using open Channel [id: 0xb21da692, L:/127.0.0.1:52679 - R:localhost/127.0.0.1:44632] for POST '/session/c221f94085f074930f6565b3a9356933/timeouts'
&amp#27;[35m22-11-29 16:05:15:084&amp#27;[m [&amp#27;[30mTRACE&amp#27;[m] [id: 0xb21da692, L:/127.0.0.1:52679 - R:localhost/127.0.0.1:44632] WRITE: 214B
         +-------------------------------------------------+
         |  0  1  2  3  4  5  6  7  8  9  a  b  c  d  e  f |
+--------+-------------------------------------------------+----------------+
|00000000| 50 4f 53 54 20 2f 73 65 73 73 69 6f 6e 2f 63 32 |POST /session/c2|
|00000010| 32 31 66 39 34 30 38 35 66 30 37 34 39 33 30 66 |21f94085f074930f|
|00000020| 36 35 36 35 62 33 61 39 33 35 36 39 33 33 2f 74 |6565b3a9356933/t|
|00000030| 69 6d 65 6f 75 74 73 20 48 54 54 50 2f 31 2e 31 |imeouts HTTP/1.1|
|00000040| 0d 0a 55 73 65 72 2d 41 67 65 6e 74 3a 20 73 65 |..User-Agent: se|
|00000050| 6c 65 6e 69 75 6d 2f 34 2e 36 2e 30 20 28 6a 61 |lenium/4.6.0 (ja|
|00000060| 76 61 20 77 69 6e 64 6f 77 73 29 0d 0a 43 6f 6e |va windows)..Con|
|00000070| 74 65 6e 74 2d 4c 65 6e 67 74 68 3a 20 32 33 0d |tent-Length: 23.|
|00000080| 0a 43 6f 6e 74 65 6e 74 2d 54 79 70 65 3a 20 61 |.Content-Type: a|
|00000090| 70 70 6c 69 63 61 74 69 6f 6e 2f 6a 73 6f 6e 3b |pplication/json;|
|000000a0| 20 63 68 61 72 73 65 74 3d 75 74 66 2d 38 0d 0a | charset=utf-8..|
|000000b0| 68 6f 73 74 3a 20 6c 6f 63 61 6c 68 6f 73 74 3a |host: localhost:|
|000000c0| 34 34 36 33 32 0d 0a 61 63 63 65 70 74 3a 20 2a |44632..accept: *|
|000000d0| 2f 2a 0d 0a 0d 0a                               |/*....          |
+--------+-------------------------------------------------+----------------+
&amp#27;[35m22-11-29 16:05:15:085&amp#27;[m [&amp#27;[30mTRACE&amp#27;[m] [id: 0xb21da692, L:/127.0.0.1:52679 - R:localhost/127.0.0.1:44632] WRITE: 23B
         +-------------------------------------------------+
         |  0  1  2  3  4  5  6  7  8  9  a  b  c  d  e  f |
+--------+-------------------------------------------------+----------------+
|00000000| 7b 0a 20 20 22 70 61 67 65 4c 6f 61 64 22 3a 20 |{.  "pageLoad": |
|00000010| 34 35 30 30 30 0a 7d                            |45000.}         |
+--------+-------------------------------------------------+----------------+
&amp#27;[35m22-11-29 16:05:15:085&amp#27;[m [&amp#27;[30mTRACE&amp#27;[m] [id: 0xb21da692, L:/127.0.0.1:52679 - R:localhost/127.0.0.1:44632] FLUSH
&amp#27;[35m22-11-29 16:05:15:085&amp#27;[m [&amp#27;[30mTRACE&amp#27;[m] [id: 0xb21da692, L:/127.0.0.1:52679 - R:localhost/127.0.0.1:44632] WRITE: 0B
&amp#27;[35m22-11-29 16:05:15:085&amp#27;[m [&amp#27;[30mTRACE&amp#27;[m] [id: 0xb21da692, L:/127.0.0.1:52679 - R:localhost/127.0.0.1:44632] FLUSH
&amp#27;[35m22-11-29 16:05:15:086&amp#27;[m [&amp#27;[30mTRACE&amp#27;[m] [id: 0xb21da692, L:/127.0.0.1:52679 - R:localhost/127.0.0.1:44632] READ: 122B
         +-------------------------------------------------+
         |  0  1  2  3  4  5  6  7  8  9  a  b  c  d  e  f |
+--------+-------------------------------------------------+----------------+
|00000000| 48 54 54 50 2f 31 2e 31 20 32 30 30 20 4f 4b 0d |HTTP/1.1 200 OK.|
|00000010| 0a 43 6f 6e 74 65 6e 74 2d 4c 65 6e 67 74 68 3a |.Content-Length:|
|00000020| 31 34 0d 0a 43 6f 6e 74 65 6e 74 2d 54 79 70 65 |14..Content-Type|
|00000030| 3a 61 70 70 6c 69 63 61 74 69 6f 6e 2f 6a 73 6f |:application/jso|
|00000040| 6e 3b 20 63 68 61 72 73 65 74 3d 75 74 66 2d 38 |n; charset=utf-8|
|00000050| 0d 0a 63 61 63 68 65 2d 63 6f 6e 74 72 6f 6c 3a |..cache-control:|
|00000060| 6e 6f 2d 63 61 63 68 65 0d 0a 0d 0a 7b 22 76 61 |no-cache....{"va|
|00000070| 6c 75 65 22 3a 6e 75 6c 6c 7d                   |lue":null}      |
+--------+-------------------------------------------------+----------------+
&amp#27;[35m22-11-29 16:05:15:086&amp#27;[m [&amp#27;[34mDEBUG&amp#27;[m] 

Request DefaultHttpRequest(decodeResult: success, version: HTTP/1.1)
POST /session/c221f94085f074930f6565b3a9356933/timeouts HTTP/1.1
User-Agent: selenium/4.6.0 (java windows)
Content-Length: 23
Content-Type: application/json; charset=utf-8
host: localhost:44632
accept: */*

Response DefaultHttpResponse(decodeResult: success, version: HTTP/1.1)
HTTP/1.1 200 OK
Content-Type: application/json; charset=utf-8
cache-control: no-cache
content-length: 14

&amp#27;[35m22-11-29 16:05:15:086&amp#27;[m [&amp#27;[34mDEBUG&amp#27;[m] Adding key: http://localhost:44632 for channel [id: 0xb21da692, L:/127.0.0.1:52679 - R:localhost/127.0.0.1:44632]
&amp#27;[35m22-11-29 16:05:15:086&amp#27;[m [&amp#27;[30mTRACE&amp#27;[m] [id: 0xb21da692, L:/127.0.0.1:52679 - R:localhost/127.0.0.1:44632] READ COMPLETE
&amp#27;[35m22-11-29 16:05:15:088&amp#27;[m [&amp#27;[34mDEBUG&amp#27;[m] Using pooled Channel '[id: 0xb21da692, L:/127.0.0.1:52679 - R:localhost/127.0.0.1:44632]' for 'POST' to 'http://localhost:44632/session/c221f94085f074930f6565b3a9356933/url'
&amp#27;[35m22-11-29 16:05:15:088&amp#27;[m [&amp#27;[34mDEBUG&amp#27;[m] Using open Channel [id: 0xb21da692, L:/127.0.0.1:52679 - R:localhost/127.0.0.1:44632] for POST '/session/c221f94085f074930f6565b3a9356933/url'
&amp#27;[35m22-11-29 16:05:15:088&amp#27;[m [&amp#27;[30mTRACE&amp#27;[m] [id: 0xb21da692, L:/127.0.0.1:52679 - R:localhost/127.0.0.1:44632] WRITE: 209B
         +-------------------------------------------------+
         |  0  1  2  3  4  5  6  7  8  9  a  b  c  d  e  f |
+--------+-------------------------------------------------+----------------+
|00000000| 50 4f 53 54 20 2f 73 65 73 73 69 6f 6e 2f 63 32 |POST /session/c2|
|00000010| 32 31 66 39 34 30 38 35 66 30 37 34 39 33 30 66 |21f94085f074930f|
|00000020| 36 35 36 35 62 33 61 39 33 35 36 39 33 33 2f 75 |6565b3a9356933/u|
|00000030| 72 6c 20 48 54 54 50 2f 31 2e 31 0d 0a 55 73 65 |rl HTTP/1.1..Use|
|00000040| 72 2d 41 67 65 6e 74 3a 20 73 65 6c 65 6e 69 75 |r-Agent: seleniu|
|00000050| 6d 2f 34 2e 36 2e 30 20 28 6a 61 76 61 20 77 69 |m/4.6.0 (java wi|
|00000060| 6e 64 6f 77 73 29 0d 0a 43 6f 6e 74 65 6e 74 2d |ndows)..Content-|
|00000070| 4c 65 6e 67 74 68 3a 20 38 31 0d 0a 43 6f 6e 74 |Length: 81..Cont|
|00000080| 65 6e 74 2d 54 79 70 65 3a 20 61 70 70 6c 69 63 |ent-Type: applic|
|00000090| 61 74 69 6f 6e 2f 6a 73 6f 6e 3b 20 63 68 61 72 |ation/json; char|
|000000a0| 73 65 74 3d 75 74 66 2d 38 0d 0a 68 6f 73 74 3a |set=utf-8..host:|
|000000b0| 20 6c 6f 63 61 6c 68 6f 73 74 3a 34 34 36 33 32 | localhost:44632|
|000000c0| 0d 0a 61 63 63 65 70 74 3a 20 2a 2f 2a 0d 0a 0d |..accept: */*...|
|000000d0| 0a                                              |.               |
+--------+-------------------------------------------------+----------------+
&amp#27;[35m22-11-29 16:05:15:089&amp#27;[m [&amp#27;[30mTRACE&amp#27;[m] [id: 0xb21da692, L:/127.0.0.1:52679 - R:localhost/127.0.0.1:44632] WRITE: 81B
         +-------------------------------------------------+
         |  0  1  2  3  4  5  6  7  8  9  a  b  c  d  e  f |
+--------+-------------------------------------------------+----------------+
|00000000| 7b 0a 20 20 22 75 72 6c 22 3a 20 22 68 74 74 70 |{.  "url": "http|
|00000010| 73 3a 5c 75 30 30 32 66 5c 75 30 30 32 66 63 6f |s:\u002f\u002fco|
|00000020| 72 61 6d 6d 65 72 73 77 6f 72 6b 2e 6d 6c 5c 75 |rammerswork.ml\u|
|00000030| 30 30 32 66 77 6f 72 64 70 72 65 73 73 5c 75 30 |002fwordpress\u0|
|00000040| 30 32 66 74 65 73 74 31 5c 75 30 30 32 66 22 0a |02ftest1\u002f".|
|00000050| 7d                                              |}               |
+--------+-------------------------------------------------+----------------+
&amp#27;[35m22-11-29 16:05:15:089&amp#27;[m [&amp#27;[30mTRACE&amp#27;[m] [id: 0xb21da692, L:/127.0.0.1:52679 - R:localhost/127.0.0.1:44632] FLUSH
&amp#27;[35m22-11-29 16:05:15:089&amp#27;[m [&amp#27;[30mTRACE&amp#27;[m] [id: 0xb21da692, L:/127.0.0.1:52679 - R:localhost/127.0.0.1:44632] WRITE: 0B
&amp#27;[35m22-11-29 16:05:15:089&amp#27;[m [&amp#27;[30mTRACE&amp#27;[m] [id: 0xb21da692, L:/127.0.0.1:52679 - R:localhost/127.0.0.1:44632] FLUSH
&amp#27;[35m22-11-29 16:05:15:121&amp#27;[m [&amp#27;[34mDEBUG&amp#27;[m] Entry count for : http://localhost:52680 : 1
&amp#27;[35m22-11-29 16:05:16:225&amp#27;[m [&amp#27;[34mDEBUG&amp#27;[m] Entry count for : http://localhost:52680 : 1
&amp#27;[35m22-11-29 16:05:17:318&amp#27;[m [&amp#27;[34mDEBUG&amp#27;[m] Entry count for : http://localhost:52680 : 1
&amp#27;[35m22-11-29 16:05:18:419&amp#27;[m [&amp#27;[34mDEBUG&amp#27;[m] Entry count for : http://localhost:52680 : 1
&amp#27;[35m22-11-29 16:05:18:476&amp#27;[m [&amp#27;[30mTRACE&amp#27;[m] [id: 0xb21da692, L:/127.0.0.1:52679 - R:localhost/127.0.0.1:44632] READ: 122B
         +-------------------------------------------------+
         |  0  1  2  3  4  5  6  7  8  9  a  b  c  d  e  f |
+--------+-------------------------------------------------+----------------+
|00000000| 48 54 54 50 2f 31 2e 31 20 32 30 30 20 4f 4b 0d |HTTP/1.1 200 OK.|
|00000010| 0a 43 6f 6e 74 65 6e 74 2d 4c 65 6e 67 74 68 3a |.Content-Length:|
|00000020| 31 34 0d 0a 43 6f 6e 74 65 6e 74 2d 54 79 70 65 |14..Content-Type|
|00000030| 3a 61 70 70 6c 69 63 61 74 69 6f 6e 2f 6a 73 6f |:application/jso|
|00000040| 6e 3b 20 63 68 61 72 73 65 74 3d 75 74 66 2d 38 |n; charset=utf-8|
|00000050| 0d 0a 63 61 63 68 65 2d 63 6f 6e 74 72 6f 6c 3a |..cache-control:|
|00000060| 6e 6f 2d 63 61 63 68 65 0d 0a 0d 0a 7b 22 76 61 |no-cache....{"va|
|00000070| 6c 75 65 22 3a 6e 75 6c 6c 7d                   |lue":null}      |
+--------+-------------------------------------------------+----------------+
&amp#27;[35m22-11-29 16:05:18:476&amp#27;[m [&amp#27;[34mDEBUG&amp#27;[m] 

Request DefaultHttpRequest(decodeResult: success, version: HTTP/1.1)
POST /session/c221f94085f074930f6565b3a9356933/url HTTP/1.1
User-Agent: selenium/4.6.0 (java windows)
Content-Length: 81
Content-Type: application/json; charset=utf-8
host: localhost:44632
accept: */*

Response DefaultHttpResponse(decodeResult: success, version: HTTP/1.1)
HTTP/1.1 200 OK
Content-Type: application/json; charset=utf-8
cache-control: no-cache
content-length: 14

&amp#27;[35m22-11-29 16:05:18:476&amp#27;[m [&amp#27;[34mDEBUG&amp#27;[m] Adding key: http://localhost:44632 for channel [id: 0xb21da692, L:/127.0.0.1:52679 - R:localhost/127.0.0.1:44632]
&amp#27;[35m22-11-29 16:05:18:477&amp#27;[m [&amp#27;[30mTRACE&amp#27;[m] [id: 0xb21da692, L:/127.0.0.1:52679 - R:localhost/127.0.0.1:44632] READ COMPLETE
&amp#27;[35m22-11-29 16:05:18:664&amp#27;[m [&amp#27;[34mDEBUG&amp#27;[m] Parsing relationship: /xl/_rels/workbook.xml.rels
&amp#27;[35m22-11-29 16:05:18:668&amp#27;[m [&amp#27;[34mDEBUG&amp#27;[m] Parsing relationship: /xl/worksheets/_rels/sheet1.xml.rels
&amp#27;[35m22-11-29 16:05:18:701&amp#27;[m [&amp#27;[34mDEBUG&amp#27;[m] Parsing relationship: /_rels/.rels
&amp#27;[35m22-11-29 16:05:18:949&amp#27;[m [&amp#27;[30mTRACE&amp#27;[m] Loading type system org.apache.poi.schemas.ooxml.system.ooxml
&amp#27;[35m22-11-29 16:05:18:953&amp#27;[m [&amp#27;[30mTRACE&amp#27;[m] Loading type system org.apache.xmlbeans.metadata.system.sXMLCONFIG
&amp#27;[35m22-11-29 16:05:18:953&amp#27;[m [&amp#27;[30mTRACE&amp#27;[m] Loading type system org.apache.xmlbeans.metadata.system.sXMLLANG
&amp#27;[35m22-11-29 16:05:18:954&amp#27;[m [&amp#27;[30mTRACE&amp#27;[m] Loading type system org.apache.xmlbeans.metadata.system.sXMLSCHEMA
&amp#27;[35m22-11-29 16:05:18:955&amp#27;[m [&amp#27;[30mTRACE&amp#27;[m] Loading type system org.apache.xmlbeans.metadata.system.sXMLTOOLS
&amp#27;[35m22-11-29 16:05:18:957&amp#27;[m [&amp#27;[30mTRACE&amp#27;[m] Reading unresolved handles for type system org.apache.xmlbeans.metadata.system.sXMLTOOLS
&amp#27;[35m22-11-29 16:05:18:977&amp#27;[m [&amp#27;[30mTRACE&amp#27;[m] Finished loading type system org.apache.xmlbeans.metadata.system.sXMLTOOLS
&amp#27;[35m22-11-29 16:05:18:980&amp#27;[m [&amp#27;[30mTRACE&amp#27;[m] Reading unresolved handles for type system org.apache.xmlbeans.metadata.system.sXMLSCHEMA
&amp#27;[35m22-11-29 16:05:18:987&amp#27;[m [&amp#27;[30mTRACE&amp#27;[m] Finished loading type system org.apache.xmlbeans.metadata.system.sXMLSCHEMA
&amp#27;[35m22-11-29 16:05:18:988&amp#27;[m [&amp#27;[30mTRACE&amp#27;[m] Reading unresolved handles for type system org.apache.xmlbeans.metadata.system.sXMLLANG
&amp#27;[35m22-11-29 16:05:18:989&amp#27;[m [&amp#27;[30mTRACE&amp#27;[m] Finished loading type system org.apache.xmlbeans.metadata.system.sXMLLANG
&amp#27;[35m22-11-29 16:05:18:990&amp#27;[m [&amp#27;[30mTRACE&amp#27;[m] Reading unresolved handles for type system org.apache.xmlbeans.metadata.system.sXMLCONFIG
&amp#27;[35m22-11-29 16:05:18:992&amp#27;[m [&amp#27;[30mTRACE&amp#27;[m] Finished loading type system org.apache.xmlbeans.metadata.system.sXMLCONFIG
&amp#27;[35m22-11-29 16:05:18:993&amp#27;[m [&amp#27;[30mTRACE&amp#27;[m] Reading unresolved handles for type system org.apache.poi.schemas.ooxml.system.ooxml
&amp#27;[35m22-11-29 16:05:19:081&amp#27;[m [&amp#27;[30mTRACE&amp#27;[m] Finished loading type system org.apache.poi.schemas.ooxml.system.ooxml
&amp#27;[35m22-11-29 16:05:19:083&amp#27;[m [&amp#27;[30mTRACE&amp#27;[m] Resolving type for handle themefd26doctype
&amp#27;[35m22-11-29 16:05:19:194&amp#27;[m [&amp#27;[30mTRACE&amp#27;[m] Resolving type for handle stylesheet5d8bdoctype
&amp#27;[35m22-11-29 16:05:19:207&amp#27;[m [&amp#27;[30mTRACE&amp#27;[m] Resolving type for handle ctstylesheet4257type
&amp#27;[35m22-11-29 16:05:19:219&amp#27;[m [&amp#27;[30mTRACE&amp#27;[m] Resolving type for handle ctfonts6623type
&amp#27;[35m22-11-29 16:05:19:224&amp#27;[m [&amp#27;[30mTRACE&amp#27;[m] Resolving type for handle ctfont14d8type
&amp#27;[35m22-11-29 16:05:19:235&amp#27;[m [&amp#27;[30mTRACE&amp#27;[m] Resolving type for handle ctfills2c6ftype
&amp#27;[35m22-11-29 16:05:19:238&amp#27;[m [&amp#27;[30mTRACE&amp#27;[m] Resolving type for handle ctfill550ctype
&amp#27;[35m22-11-29 16:05:19:241&amp#27;[m [&amp#27;[30mTRACE&amp#27;[m] Resolving type for handle ctborders0d66type
&amp#27;[35m22-11-29 16:05:19:246&amp#27;[m [&amp#27;[30mTRACE&amp#27;[m] Resolving type for handle ctborderf935type
&amp#27;[35m22-11-29 16:05:19:250&amp#27;[m [&amp#27;[30mTRACE&amp#27;[m] Resolving type for handle ctcellxfs1322type
&amp#27;[35m22-11-29 16:05:19:254&amp#27;[m [&amp#27;[30mTRACE&amp#27;[m] Resolving type for handle ctxf97f7type
&amp#27;[35m22-11-29 16:05:19:258&amp#27;[m [&amp#27;[30mTRACE&amp#27;[m] Resolving type for handle ctcellstylexfsa81ftype
&amp#27;[35m22-11-29 16:05:19:260&amp#27;[m [&amp#27;[30mTRACE&amp#27;[m] Resolving type for handle ctdxfsb26atype
&amp#27;[35m22-11-29 16:05:19:265&amp#27;[m [&amp#27;[30mTRACE&amp#27;[m] Resolving type for handle cttablestyles872ftype
&amp#27;[35m22-11-29 16:05:19:270&amp#27;[m [&amp#27;[30mTRACE&amp#27;[m] Resolving type for handle sstf81fdoctype
&amp#27;[35m22-11-29 16:05:19:274&amp#27;[m [&amp#27;[30mTRACE&amp#27;[m] Resolving type for handle ctsst44f3type
&amp#27;[35m22-11-29 16:05:19:288&amp#27;[m [&amp#27;[30mTRACE&amp#27;[m] Resolving type for handle ctrsta472type
&amp#27;[35m22-11-29 16:05:19:325&amp#27;[m [&amp#27;[30mTRACE&amp#27;[m] Resolving type for handle workbookec17doctype
&amp#27;[35m22-11-29 16:05:19:336&amp#27;[m [&amp#27;[30mTRACE&amp#27;[m] Resolving type for handle ctworkbook83c3type
&amp#27;[35m22-11-29 16:05:19:345&amp#27;[m [&amp#27;[30mTRACE&amp#27;[m] Resolving type for handle ctsheets49fdtype
&amp#27;[35m22-11-29 16:05:19:350&amp#27;[m [&amp#27;[30mTRACE&amp#27;[m] Resolving type for handle ctsheet4dbetype
&amp#27;[35m22-11-29 16:05:19:354&amp#27;[m [&amp#27;[30mTRACE&amp#27;[m] Resolving type for handle strelationshipid1e94type
&amp#27;[35m22-11-29 16:05:19:364&amp#27;[m [&amp#27;[30mTRACE&amp#27;[m] Resolving type for handle worksheetf539doctype
&amp#27;[35m22-11-29 16:05:19:385&amp#27;[m [&amp#27;[30mTRACE&amp#27;[m] Resolving type for handle ctworksheet530dtype
&amp#27;[35m22-11-29 16:05:19:402&amp#27;[m [&amp#27;[30mTRACE&amp#27;[m] Resolving type for handle ctsheetdata8408type
&amp#27;[35m22-11-29 16:05:19:407&amp#27;[m [&amp#27;[30mTRACE&amp#27;[m] Resolving type for handle ctrowdd39type
&amp#27;[35m22-11-29 16:05:19:419&amp#27;[m [&amp#27;[30mTRACE&amp#27;[m] Resolving type for handle ctcell842btype
&amp#27;[35m22-11-29 16:05:19:435&amp#27;[m [&amp#27;[30mTRACE&amp#27;[m] Resolving type for handle stcellrefe4e0type
&amp#27;[35m22-11-29 16:05:19:454&amp#27;[m [&amp#27;[30mTRACE&amp#27;[m] Resolving type for handle ctcols627ctype
&amp#27;[35m22-11-29 16:05:19:521&amp#27;[m [&amp#27;[30mTRACE&amp#27;[m] Resolving type for handle cthyperlinks6416type
&amp#27;[35m22-11-29 16:05:19:525&amp#27;[m [&amp#27;[30mTRACE&amp#27;[m] Resolving type for handle cthyperlink0c85type
&amp#27;[35m22-11-29 16:05:19:537&amp#27;[m [&amp#27;[30mTRACE&amp#27;[m] Resolving type for handle stxstringf179type
&amp#27;[35m22-11-29 16:05:19:543&amp#27;[m [&amp#27;[34mDEBUG&amp#27;[m] Entry count for : http://localhost:52680 : 1
&amp#27;[35m22-11-29 16:05:19:546&amp#27;[m [&amp#27;[30mTRACE&amp#27;[m] Resolving type for handle stcelltypebf95type
&amp#27;[35m22-11-29 16:05:19:544&amp#27;[m [&amp#27;[34mDEBUG&amp#27;[m] Entry count for : http://localhost:44632 : 1
&amp#27;[35m22-11-29 16:05:19:644&amp#27;[m [&amp#27;[34mDEBUG&amp#27;[m] Using pooled Channel '[id: 0xb21da692, L:/127.0.0.1:52679 - R:localhost/127.0.0.1:44632]' for 'POST' to 'http://localhost:44632/session/c221f94085f074930f6565b3a9356933/element'
&amp#27;[35m22-11-29 16:05:19:646&amp#27;[m [&amp#27;[34mDEBUG&amp#27;[m] Using open Channel [id: 0xb21da692, L:/127.0.0.1:52679 - R:localhost/127.0.0.1:44632] for POST '/session/c221f94085f074930f6565b3a9356933/element'
&amp#27;[35m22-11-29 16:05:19:647&amp#27;[m [&amp#27;[30mTRACE&amp#27;[m] [id: 0xb21da692, L:/127.0.0.1:52679 - R:localhost/127.0.0.1:44632] WRITE: 214B
         +-------------------------------------------------+
         |  0  1  2  3  4  5  6  7  8  9  a  b  c  d  e  f |
+--------+-------------------------------------------------+----------------+
|00000000| 50 4f 53 54 20 2f 73 65 73 73 69 6f 6e 2f 63 32 |POST /session/c2|
|00000010| 32 31 66 39 34 30 38 35 66 30 37 34 39 33 30 66 |21f94085f074930f|
|00000020| 36 35 36 35 62 33 61 39 33 35 36 39 33 33 2f 65 |6565b3a9356933/e|
|00000030| 6c 65 6d 65 6e 74 20 48 54 54 50 2f 31 2e 31 0d |lement HTTP/1.1.|
|00000040| 0a 55 73 65 72 2d 41 67 65 6e 74 3a 20 73 65 6c |.User-Agent: sel|
|00000050| 65 6e 69 75 6d 2f 34 2e 36 2e 30 20 28 6a 61 76 |enium/4.6.0 (jav|
|00000060| 61 20 77 69 6e 64 6f 77 73 29 0d 0a 43 6f 6e 74 |a windows)..Cont|
|00000070| 65 6e 74 2d 4c 65 6e 67 74 68 3a 20 31 31 36 0d |ent-Length: 116.|
|00000080| 0a 43 6f 6e 74 65 6e 74 2d 54 79 70 65 3a 20 61 |.Content-Type: a|
|00000090| 70 70 6c 69 63 61 74 69 6f 6e 2f 6a 73 6f 6e 3b |pplication/json;|
|000000a0| 20 63 68 61 72 73 65 74 3d 75 74 66 2d 38 0d 0a | charset=utf-8..|
|000000b0| 68 6f 73 74 3a 20 6c 6f 63 61 6c 68 6f 73 74 3a |host: localhost:|
|000000c0| 34 34 36 33 32 0d 0a 61 63 63 65 70 74 3a 20 2a |44632..accept: *|
|000000d0| 2f 2a 0d 0a 0d 0a                               |/*....          |
+--------+-------------------------------------------------+----------------+
&amp#27;[35m22-11-29 16:05:19:648&amp#27;[m [&amp#27;[30mTRACE&amp#27;[m] [id: 0xb21da692, L:/127.0.0.1:52679 - R:localhost/127.0.0.1:44632] WRITE: 116B
         +-------------------------------------------------+
         |  0  1  2  3  4  5  6  7  8  9  a  b  c  d  e  f |
+--------+-------------------------------------------------+----------------+
|00000000| 7b 0a 20 20 22 75 73 69 6e 67 22 3a 20 22 78 70 |{.  "using": "xp|
|00000010| 61 74 68 22 2c 0a 20 20 22 76 61 6c 75 65 22 3a |ath",.  "value":|
|00000020| 20 22 5c 75 30 30 32 66 5c 75 30 30 32 66 2a 5b | "\u002f\u002f*[|
|00000030| 40 69 64 3d 5c 22 54 6f 70 5f 62 61 72 5c 22 5d |@id=\"Top_bar\"]|
|00000040| 5c 75 30 30 32 66 64 69 76 5c 75 30 30 32 66 64 |\u002fdiv\u002fd|
|00000050| 69 76 5c 75 30 30 32 66 64 69 76 5b 32 5d 5c 75 |iv\u002fdiv[2]\u|
|00000060| 30 30 32 66 64 69 76 5c 75 30 30 32 66 61 5b 34 |002fdiv\u002fa[4|
|00000070| 5d 22 0a 7d                                     |]".}            |
+--------+-------------------------------------------------+----------------+
&amp#27;[35m22-11-29 16:05:19:648&amp#27;[m [&amp#27;[30mTRACE&amp#27;[m] [id: 0xb21da692, L:/127.0.0.1:52679 - R:localhost/127.0.0.1:44632] FLUSH
&amp#27;[35m22-11-29 16:05:19:649&amp#27;[m [&amp#27;[30mTRACE&amp#27;[m] [id: 0xb21da692, L:/127.0.0.1:52679 - R:localhost/127.0.0.1:44632] WRITE: 0B
&amp#27;[35m22-11-29 16:05:19:650&amp#27;[m [&amp#27;[30mTRACE&amp#27;[m] [id: 0xb21da692, L:/127.0.0.1:52679 - R:localhost/127.0.0.1:44632] FLUSH
&amp#27;[35m22-11-29 16:05:19:682&amp#27;[m [&amp#27;[30mTRACE&amp#27;[m] [id: 0xb21da692, L:/127.0.0.1:52679 - R:localhost/127.0.0.1:44632] READ: 196B
         +-------------------------------------------------+
         |  0  1  2  3  4  5  6  7  8  9  a  b  c  d  e  f |
+--------+-------------------------------------------------+----------------+
|00000000| 48 54 54 50 2f 31 2e 31 20 32 30 30 20 4f 4b 0d |HTTP/1.1 200 OK.|
|00000010| 0a 43 6f 6e 74 65 6e 74 2d 4c 65 6e 67 74 68 3a |.Content-Length:|
|00000020| 38 38 0d 0a 43 6f 6e 74 65 6e 74 2d 54 79 70 65 |88..Content-Type|
|00000030| 3a 61 70 70 6c 69 63 61 74 69 6f 6e 2f 6a 73 6f |:application/jso|
|00000040| 6e 3b 20 63 68 61 72 73 65 74 3d 75 74 66 2d 38 |n; charset=utf-8|
|00000050| 0d 0a 63 61 63 68 65 2d 63 6f 6e 74 72 6f 6c 3a |..cache-control:|
|00000060| 6e 6f 2d 63 61 63 68 65 0d 0a 0d 0a 7b 22 76 61 |no-cache....{"va|
|00000070| 6c 75 65 22 3a 7b 22 65 6c 65 6d 65 6e 74 2d 36 |lue":{"element-6|
|00000080| 30 36 36 2d 31 31 65 34 2d 61 35 32 65 2d 34 66 |066-11e4-a52e-4f|
|00000090| 37 33 35 34 36 36 63 65 63 66 22 3a 22 30 63 34 |735466cecf":"0c4|
|000000a0| 32 35 66 36 36 2d 36 35 32 38 2d 34 61 63 61 2d |25f66-6528-4aca-|
|000000b0| 62 65 34 63 2d 32 38 61 31 38 61 64 34 64 66 33 |be4c-28a18ad4df3|
|000000c0| 36 22 7d 7d                                     |6"}}            |
+--------+-------------------------------------------------+----------------+
&amp#27;[35m22-11-29 16:05:19:682&amp#27;[m [&amp#27;[34mDEBUG&amp#27;[m] 

Request DefaultHttpRequest(decodeResult: success, version: HTTP/1.1)
POST /session/c221f94085f074930f6565b3a9356933/element HTTP/1.1
User-Agent: selenium/4.6.0 (java windows)
Content-Length: 116
Content-Type: application/json; charset=utf-8
host: localhost:44632
accept: */*

Response DefaultHttpResponse(decodeResult: success, version: HTTP/1.1)
HTTP/1.1 200 OK
Content-Type: application/json; charset=utf-8
cache-control: no-cache
content-length: 88

&amp#27;[35m22-11-29 16:05:19:683&amp#27;[m [&amp#27;[34mDEBUG&amp#27;[m] Adding key: http://localhost:44632 for channel [id: 0xb21da692, L:/127.0.0.1:52679 - R:localhost/127.0.0.1:44632]
&amp#27;[35m22-11-29 16:05:19:683&amp#27;[m [&amp#27;[30mTRACE&amp#27;[m] [id: 0xb21da692, L:/127.0.0.1:52679 - R:localhost/127.0.0.1:44632] READ COMPLETE
&amp#27;[35m22-11-29 16:05:19:690&amp#27;[m [&amp#27;[34mDEBUG&amp#27;[m] Using pooled Channel '[id: 0xb21da692, L:/127.0.0.1:52679 - R:localhost/127.0.0.1:44632]' for 'POST' to 'http://localhost:44632/session/c221f94085f074930f6565b3a9356933/element/0c425f66-6528-4aca-be4c-28a18ad4df36/click'
&amp#27;[35m22-11-29 16:05:19:690&amp#27;[m [&amp#27;[34mDEBUG&amp#27;[m] Using open Channel [id: 0xb21da692, L:/127.0.0.1:52679 - R:localhost/127.0.0.1:44632] for POST '/session/c221f94085f074930f6565b3a9356933/element/0c425f66-6528-4aca-be4c-28a18ad4df36/click'
&amp#27;[35m22-11-29 16:05:19:691&amp#27;[m [&amp#27;[30mTRACE&amp#27;[m] [id: 0xb21da692, L:/127.0.0.1:52679 - R:localhost/127.0.0.1:44632] WRITE: 256B
         +-------------------------------------------------+
         |  0  1  2  3  4  5  6  7  8  9  a  b  c  d  e  f |
+--------+-------------------------------------------------+----------------+
|00000000| 50 4f 53 54 20 2f 73 65 73 73 69 6f 6e 2f 63 32 |POST /session/c2|
|00000010| 32 31 66 39 34 30 38 35 66 30 37 34 39 33 30 66 |21f94085f074930f|
|00000020| 36 35 36 35 62 33 61 39 33 35 36 39 33 33 2f 65 |6565b3a9356933/e|
|00000030| 6c 65 6d 65 6e 74 2f 30 63 34 32 35 66 36 36 2d |lement/0c425f66-|
|00000040| 36 35 32 38 2d 34 61 63 61 2d 62 65 34 63 2d 32 |6528-4aca-be4c-2|
|00000050| 38 61 31 38 61 64 34 64 66 33 36 2f 63 6c 69 63 |8a18ad4df36/clic|
|00000060| 6b 20 48 54 54 50 2f 31 2e 31 0d 0a 55 73 65 72 |k HTTP/1.1..User|
|00000070| 2d 41 67 65 6e 74 3a 20 73 65 6c 65 6e 69 75 6d |-Agent: selenium|
|00000080| 2f 34 2e 36 2e 30 20 28 6a 61 76 61 20 77 69 6e |/4.6.0 (java win|
|00000090| 64 6f 77 73 29 0d 0a 43 6f 6e 74 65 6e 74 2d 4c |dows)..Content-L|
|000000a0| 65 6e 67 74 68 3a 20 35 30 0d 0a 43 6f 6e 74 65 |ength: 50..Conte|
|000000b0| 6e 74 2d 54 79 70 65 3a 20 61 70 70 6c 69 63 61 |nt-Type: applica|
|000000c0| 74 69 6f 6e 2f 6a 73 6f 6e 3b 20 63 68 61 72 73 |tion/json; chars|
|000000d0| 65 74 3d 75 74 66 2d 38 0d 0a 68 6f 73 74 3a 20 |et=utf-8..host: |
|000000e0| 6c 6f 63 61 6c 68 6f 73 74 3a 34 34 36 33 32 0d |localhost:44632.|
|000000f0| 0a 61 63 63 65 70 74 3a 20 2a 2f 2a 0d 0a 0d 0a |.accept: */*....|
+--------+-------------------------------------------------+----------------+
&amp#27;[35m22-11-29 16:05:19:692&amp#27;[m [&amp#27;[30mTRACE&amp#27;[m] [id: 0xb21da692, L:/127.0.0.1:52679 - R:localhost/127.0.0.1:44632] WRITE: 50B
         +-------------------------------------------------+
         |  0  1  2  3  4  5  6  7  8  9  a  b  c  d  e  f |
+--------+-------------------------------------------------+----------------+
|00000000| 7b 0a 20 20 22 69 64 22 3a 20 22 30 63 34 32 35 |{.  "id": "0c425|
|00000010| 66 36 36 2d 36 35 32 38 2d 34 61 63 61 2d 62 65 |f66-6528-4aca-be|
|00000020| 34 63 2d 32 38 61 31 38 61 64 34 64 66 33 36 22 |4c-28a18ad4df36"|
|00000030| 0a 7d                                           |.}              |
+--------+-------------------------------------------------+----------------+
&amp#27;[35m22-11-29 16:05:19:692&amp#27;[m [&amp#27;[30mTRACE&amp#27;[m] [id: 0xb21da692, L:/127.0.0.1:52679 - R:localhost/127.0.0.1:44632] FLUSH
&amp#27;[35m22-11-29 16:05:19:693&amp#27;[m [&amp#27;[30mTRACE&amp#27;[m] [id: 0xb21da692, L:/127.0.0.1:52679 - R:localhost/127.0.0.1:44632] WRITE: 0B
&amp#27;[35m22-11-29 16:05:19:693&amp#27;[m [&amp#27;[30mTRACE&amp#27;[m] [id: 0xb21da692, L:/127.0.0.1:52679 - R:localhost/127.0.0.1:44632] FLUSH
&amp#27;[35m22-11-29 16:05:20:618&amp#27;[m [&amp#27;[34mDEBUG&amp#27;[m] Entry count for : http://localhost:52680 : 1
&amp#27;[35m22-11-29 16:05:21:485&amp#27;[m [&amp#27;[30mTRACE&amp#27;[m] [id: 0xb21da692, L:/127.0.0.1:52679 - R:localhost/127.0.0.1:44632] READ: 122B
         +-------------------------------------------------+
         |  0  1  2  3  4  5  6  7  8  9  a  b  c  d  e  f |
+--------+-------------------------------------------------+----------------+
|00000000| 48 54 54 50 2f 31 2e 31 20 32 30 30 20 4f 4b 0d |HTTP/1.1 200 OK.|
|00000010| 0a 43 6f 6e 74 65 6e 74 2d 4c 65 6e 67 74 68 3a |.Content-Length:|
|00000020| 31 34 0d 0a 43 6f 6e 74 65 6e 74 2d 54 79 70 65 |14..Content-Type|
|00000030| 3a 61 70 70 6c 69 63 61 74 69 6f 6e 2f 6a 73 6f |:application/jso|
|00000040| 6e 3b 20 63 68 61 72 73 65 74 3d 75 74 66 2d 38 |n; charset=utf-8|
|00000050| 0d 0a 63 61 63 68 65 2d 63 6f 6e 74 72 6f 6c 3a |..cache-control:|
|00000060| 6e 6f 2d 63 61 63 68 65 0d 0a 0d 0a 7b 22 76 61 |no-cache....{"va|
|00000070| 6c 75 65 22 3a 6e 75 6c 6c 7d                   |lue":null}      |
+--------+-------------------------------------------------+----------------+
&amp#27;[35m22-11-29 16:05:21:486&amp#27;[m [&amp#27;[34mDEBUG&amp#27;[m] 

Request DefaultHttpRequest(decodeResult: success, version: HTTP/1.1)
POST /session/c221f94085f074930f6565b3a9356933/element/0c425f66-6528-4aca-be4c-28a18ad4df36/click HTTP/1.1
User-Agent: selenium/4.6.0 (java windows)
Content-Length: 50
Content-Type: application/json; charset=utf-8
host: localhost:44632
accept: */*

Response DefaultHttpResponse(decodeResult: success, version: HTTP/1.1)
HTTP/1.1 200 OK
Content-Type: application/json; charset=utf-8
cache-control: no-cache
content-length: 14

&amp#27;[35m22-11-29 16:05:21:486&amp#27;[m [&amp#27;[34mDEBUG&amp#27;[m] Adding key: http://localhost:44632 for channel [id: 0xb21da692, L:/127.0.0.1:52679 - R:localhost/127.0.0.1:44632]
&amp#27;[35m22-11-29 16:05:21:486&amp#27;[m [&amp#27;[30mTRACE&amp#27;[m] [id: 0xb21da692, L:/127.0.0.1:52679 - R:localhost/127.0.0.1:44632] READ COMPLETE
&amp#27;[35m22-11-29 16:05:21:489&amp#27;[m [&amp#27;[34mDEBUG&amp#27;[m] Using pooled Channel '[id: 0xb21da692, L:/127.0.0.1:52679 - R:localhost/127.0.0.1:44632]' for 'GET' to 'http://localhost:44632/session/c221f94085f074930f6565b3a9356933/screenshot'
&amp#27;[35m22-11-29 16:05:21:489&amp#27;[m [&amp#27;[34mDEBUG&amp#27;[m] Using open Channel [id: 0xb21da692, L:/127.0.0.1:52679 - R:localhost/127.0.0.1:44632] for GET '/session/c221f94085f074930f6565b3a9356933/screenshot'
&amp#27;[35m22-11-29 16:05:21:489&amp#27;[m [&amp#27;[30mTRACE&amp#27;[m] [id: 0xb21da692, L:/127.0.0.1:52679 - R:localhost/127.0.0.1:44632] WRITE: 220B
         +-------------------------------------------------+
         |  0  1  2  3  4  5  6  7  8  9  a  b  c  d  e  f |
+--------+-------------------------------------------------+----------------+
|00000000| 47 45 54 20 2f 73 65 73 73 69 6f 6e 2f 63 32 32 |GET /session/c22|
|00000010| 31 66 39 34 30 38 35 66 30 37 34 39 33 30 66 36 |1f94085f074930f6|
|00000020| 35 36 35 62 33 61 39 33 35 36 39 33 33 2f 73 63 |565b3a9356933/sc|
|00000030| 72 65 65 6e 73 68 6f 74 20 48 54 54 50 2f 31 2e |reenshot HTTP/1.|
|00000040| 31 0d 0a 55 73 65 72 2d 41 67 65 6e 74 3a 20 73 |1..User-Agent: s|
|00000050| 65 6c 65 6e 69 75 6d 2f 34 2e 36 2e 30 20 28 6a |elenium/4.6.0 (j|
|00000060| 61 76 61 20 77 69 6e 64 6f 77 73 29 0d 0a 43 61 |ava windows)..Ca|
|00000070| 63 68 65 2d 43 6f 6e 74 72 6f 6c 3a 20 6e 6f 2d |che-Control: no-|
|00000080| 63 61 63 68 65 0d 0a 43 6f 6e 74 65 6e 74 2d 54 |cache..Content-T|
|00000090| 79 70 65 3a 20 61 70 70 6c 69 63 61 74 69 6f 6e |ype: application|
|000000a0| 2f 6a 73 6f 6e 3b 20 63 68 61 72 73 65 74 3d 75 |/json; charset=u|
|000000b0| 74 66 2d 38 0d 0a 68 6f 73 74 3a 20 6c 6f 63 61 |tf-8..host: loca|
|000000c0| 6c 68 6f 73 74 3a 34 34 36 33 32 0d 0a 61 63 63 |lhost:44632..acc|
|000000d0| 65 70 74 3a 20 2a 2f 2a 0d 0a 0d 0a             |ept: */*....    |
+--------+-------------------------------------------------+----------------+
&amp#27;[35m22-11-29 16:05:21:489&amp#27;[m [&amp#27;[30mTRACE&amp#27;[m] [id: 0xb21da692, L:/127.0.0.1:52679 - R:localhost/127.0.0.1:44632] FLUSH
&amp#27;[35m22-11-29 16:05:21:567&amp#27;[m [&amp#27;[30mTRACE&amp#27;[m] [id: 0xb21da692, L:/127.0.0.1:52679 - R:localhost/127.0.0.1:44632] READ: 480B
         +-------------------------------------------------+
         |  0  1  2  3  4  5  6  7  8  9  a  b  c  d  e  f |
+--------+-------------------------------------------------+----------------+
|00000000| 48 54 54 50 2f 31 2e 31 20 32 30 30 20 4f 4b 0d |HTTP/1.1 200 OK.|
|00000010| 0a 43 6f 6e 74 65 6e 74 2d 4c 65 6e 67 74 68 3a |.Content-Length:|
|00000020| 35 33 37 31 32 0d 0a 43 6f 6e 74 65 6e 74 2d 54 |53712..Content-T|
|00000030| 79 70 65 3a 61 70 70 6c 69 63 61 74 69 6f 6e 2f |ype:application/|
|00000040| 6a 73 6f 6e 3b 20 63 68 61 72 73 65 74 3d 75 74 |json; charset=ut|
|00000050| 66 2d 38 0d 0a 63 61 63 68 65 2d 63 6f 6e 74 72 |f-8..cache-contr|
|00000060| 6f 6c 3a 6e 6f 2d 63 61 63 68 65 0d 0a 0d 0a 7b |ol:no-cache....{|
|00000070| 22 76 61 6c 75 65 22 3a 22 69 56 42 4f 52 77 30 |"value":"iVBORw0|
|00000080| 4b 47 67 6f 41 41 41 41 4e 53 55 68 45 55 67 41 |KGgoAAAANSUhEUgA|
|00000090| 41 42 41 41 41 41 41 4b 45 43 41 59 41 41 41 43 |ABAAAAAKECAYAAAC|
|000000a0| 5a 37 45 68 33 41 41 41 41 41 58 4e 53 52 30 49 |Z7Eh3AAAAAXNSR0I|
|000000b0| 41 72 73 34 63 36 51 41 41 49 41 42 4a 52 45 46 |Ars4c6QAAIABJREF|
|000000c0| 55 65 4a 7a 73 33 58 6c 63 56 33 57 2b 78 2f 45 |UeJzs3XlcV3W+x/E|
|000000d0| 33 4c 6f 41 70 41 36 4d 6d 30 42 32 52 57 34 4a |3LoApA6Mm0B2RW4J|
|000000e0| 62 6c 43 53 6d 4e 70 51 30 4c 6d 68 75 46 47 6d |blCSmNpQ0LmhuFGm|
|000000f0| 4b 64 56 4f 62 63 53 73 62 55 62 74 42 4e 63 50 |KdVObcSsbUbtBNcP|
|00000100| 50 6d 55 6c 74 45 6a 56 72 46 4a 33 63 70 6b 54 |PmUltEjVrFJ3cpkT|
|00000110| 54 4e 46 44 4a 4a 52 78 52 4b 65 55 4b 61 70 47 |TNFDJJRxRKeUKapG|
|00000120| 6d 36 48 51 42 35 36 71 59 47 6f 6f 4c 49 4d 6a |m6HQB56qYGooLIMj|
|00000130| 39 67 30 57 57 48 2f 75 50 52 63 2f 72 2b 58 6a |9g0WWH/uPRc/r+Xj|
|00000140| 77 65 4f 6a 35 6e 65 58 7a 4f 2b 66 38 34 50 64 |weOj5neXzO+f84Pd|
|00000150| 39 6e 2b 2f 35 48 71 75 38 76 4c 77 38 41 51 41 |9n+/5Hqu8vLw8AQA|
|00000160| 41 41 41 43 41 52 75 76 71 31 61 75 31 58 6b 63 |AAACARuvq1au1Xkc|
|00000170| 54 43 39 51 42 41 41 41 41 41 41 41 61 4f 51 49 |TC9QBAAAAAAAaOQI|
|00000180| 41 41 41 41 41 41 41 41 4d 67 41 41 41 41 41 41 |AAAAAAAAMgAAAAAA|
|00000190| 41 41 41 41 44 49 41 41 41 41 41 41 41 41 4d 41 |AAAADIAAAAAAAAMA|
|000001a0| 41 43 41 41 41 41 41 41 41 41 44 41 41 41 67 41 |ACAAAAAAAADAAAgA|
|000001b0| 41 41 41 41 41 41 41 79 41 41 41 41 41 41 41 41 |AAAAAAAyAAAAAAAA|
|000001c0| 41 67 4c 76 63 6c 69 31 62 4b 70 32 48 41 41 41 |AgLvcli1bKp2HAAA|
|000001d0| 41 41 41 41 41 67 4c 74 59 59 65 4f 2f 73 68 43 |AAAAAgLtYYeO/shC|
+--------+-------------------------------------------------+----------------+
&amp#27;[35m22-11-29 16:05:21:567&amp#27;[m [&amp#27;[34mDEBUG&amp#27;[m] 

Request DefaultFullHttpRequest(decodeResult: success, version: HTTP/1.1, content: EmptyByteBufBE)
GET /session/c221f94085f074930f6565b3a9356933/screenshot HTTP/1.1
User-Agent: selenium/4.6.0 (java windows)
Cache-Control: no-cache
Content-Type: application/json; charset=utf-8
host: localhost:44632
accept: */*

Response DefaultHttpResponse(decodeResult: success, version: HTTP/1.1)
HTTP/1.1 200 OK
Content-Type: application/json; charset=utf-8
cache-control: no-cache
content-length: 53712

&amp#27;[35m22-11-29 16:05:21:567&amp#27;[m [&amp#27;[30mTRACE&amp#27;[m] [id: 0xb21da692, L:/127.0.0.1:52679 - R:localhost/127.0.0.1:44632] READ COMPLETE
&amp#27;[35m22-11-29 16:05:21:568&amp#27;[m [&amp#27;[30mTRACE&amp#27;[m] [id: 0xb21da692, L:/127.0.0.1:52679 - R:localhost/127.0.0.1:44632] READ: 2048B
         +-------------------------------------------------+
         |  0  1  2  3  4  5  6  7  8  9  a  b  c  d  e  f |
+--------+-------------------------------------------------+----------------+
|00000000| 41 41 41 41 41 41 41 41 41 67 4c 74 55 36 55 5a |AAAAAAAAAgLtU6UZ|
|00000010| 2f 52 53 45 41 41 51 41 41 41 41 41 41 41 48 65 |/RSEAAQAAAAAAAHe|
|00000020| 68 38 68 72 37 35 55 32 33 79 73 76 4c 79 36 76 |h8hr75U23ysvLy6v|
|00000030| 4c 67 67 41 41 41 41 41 41 51 4f 31 63 76 58 71 |LggAAAAAAQO1cvXq|
|00000040| 31 31 75 75 67 42 77 41 41 41 41 41 41 41 41 5a |11uugBwAAAAAAAAZ|
|00000050| 41 41 41 41 41 41 41 41 41 67 41 45 51 41 41 41 |AAAAAAAAAgAEQAAA|
|00000060| 41 41 41 41 41 59 41 41 45 41 41 41 41 41 41 41 |AAAAAYAAEAAAAAAA|
|00000070| 41 47 41 41 42 41 41 41 41 41 41 41 41 42 74 43 |AGAABAAAAAAAABtC|
|00000080| 73 6f 51 73 41 41 41 41 41 41 41 42 56 63 2b 54 |soQsAAAAAAABVc+T|
|00000090| 49 6b 57 6f 76 34 2b 6e 70 4b 59 6b 65 41 41 41 |IkWov4+npKYkeAAA|
|000000a0| 41 41 41 41 41 47 41 49 42 41 41 41 41 41 41 41 |AAAAAGAIBAAAAAAA|
|000000b0| 41 42 6b 41 41 41 41 41 41 41 41 43 41 41 52 41 |ABkAAAAAAAACAARA|
|000000c0| 41 41 41 41 41 41 41 42 67 41 41 51 41 41 41 41 |AAAAAAABgAAQAAAA|
|000000d0| 41 41 41 41 59 41 41 45 41 41 41 41 41 41 41 41 |AAAAYAAEAAAAAAAA|
|000000e0| 47 51 41 41 41 41 41 41 41 41 49 41 42 45 41 41 |GQAAAAAAAAIABEAA|
|000000f0| 41 41 41 41 41 41 47 41 41 42 41 41 41 41 41 41 |AAAAAAGAABAAAAAA|
|00000100| 41 41 42 67 41 41 51 41 41 41 41 41 41 41 41 5a |AABgAAQAAAAAAAAZ|
|00000110| 41 41 41 41 41 41 41 41 41 67 41 45 51 41 41 41 |AAAAAAAAAgAEQAAA|
|00000120| 41 41 41 41 41 59 41 41 45 41 41 41 41 41 41 41 |AAAAAYAAEAAAAAAA|
|00000130| 41 47 41 41 42 41 41 41 41 41 41 41 41 42 6b 41 |AGAABAAAAAAAABkA|
|00000140| 41 41 41 41 41 41 41 43 41 41 52 41 41 41 41 41 |AAAAAAACAARAAAAA|
|00000150| 41 41 41 42 67 41 41 51 41 41 41 41 41 41 41 41 |AAABgAAQAAAAAAAA|
|00000160| 59 41 41 45 41 41 41 41 41 41 41 41 47 51 41 41 |YAAEAAAAAAAAGQAA|
|00000170| 41 41 41 41 41 41 49 41 42 45 41 41 41 41 41 41 |AAAAAAIABEAAAAAA|
|00000180| 41 41 47 41 41 42 41 41 41 41 41 41 41 41 42 67 |AAGAABAAAAAAAABg|
|00000190| 41 41 51 41 41 41 41 41 41 41 41 5a 41 41 41 41 |AAQAAAAAAAAZAAAA|
|000001a0| 41 41 41 41 41 67 41 45 51 41 41 41 41 41 41 41 |AAAAAgAEQAAAAAAA|
|000001b0| 41 59 41 41 45 41 41 41 41 41 41 41 41 47 41 41 |AYAAEAAAAAAAAGAA|
|000001c0| 42 41 41 41 41 41 41 41 41 42 6b 41 41 41 41 41 |BAAAAAAAABkAAAAA|
|000001d0| 41 41 41 43 41 41 52 41 41 41 41 41 41 41 41 42 |AAACAARAAAAAAAAB|
|000001e0| 67 41 41 51 41 41 41 41 41 41 41 41 59 41 41 45 |gAAQAAAAAAAAYAAE|
|000001f0| 41 41 41 41 41 41 41 41 47 51 41 41 41 41 41 41 |AAAAAAAAGQAAAAAA|
|00000200| 41 41 49 41 42 45 41 41 41 41 41 41 41 41 47 41 |AAIABEAAAAAAAAGA|
|00000210| 41 42 41 41 41 41 41 41 41 41 42 67 41 41 51 41 |ABAAAAAAAABgAAQA|
|00000220| 41 41 41 41 41 41 41 5a 41 41 41 41 41 41 41 41 |AAAAAAAZAAAAAAAA|
|00000230| 41 67 41 45 51 41 41 41 41 41 41 41 41 59 41 41 |AgAEQAAAAAAAAYAA|
|00000240| 45 41 41 41 41 41 41 41 41 47 41 41 42 41 41 41 |EAAAAAAAAGAABAAA|
|00000250| 41 41 41 41 41 42 6b 41 41 41 41 41 41 41 41 43 |AAAAABkAAAAAAAAC|
|00000260| 41 41 52 41 41 41 41 41 41 41 41 42 67 41 41 51 |AARAAAAAAAABgAAQ|
|00000270| 41 41 41 41 41 41 41 41 59 41 41 45 41 41 41 41 |AAAAAAAAYAAEAAAA|
|00000280| 41 41 41 41 47 51 41 41 41 41 41 41 41 41 49 41 |AAAAGQAAAAAAAAIA|
|00000290| 42 45 41 41 41 41 41 41 41 41 47 41 41 42 41 41 |BEAAAAAAAAGAABAA|
|000002a0| 41 41 41 41 41 41 42 67 41 41 51 41 41 41 41 41 |AAAAAABgAAQAAAAA|
|000002b0| 41 41 41 5a 41 41 41 41 41 41 41 41 41 67 41 45 |AAAZAAAAAAAAAgAE|
|000002c0| 51 41 41 41 41 41 41 41 41 59 41 41 45 41 41 41 |QAAAAAAAAYAAEAAA|
|000002d0| 41 41 41 41 41 47 41 41 42 41 41 41 41 41 41 41 |AAAAAGAABAAAAAAA|
|000002e0| 41 42 6b 41 41 41 41 41 41 41 41 43 41 41 52 41 |ABkAAAAAAAACAARA|
|000002f0| 41 41 41 41 41 41 41 42 67 41 41 51 41 41 41 41 |AAAAAAABgAAQAAAA|
|00000300| 41 41 41 41 59 41 41 45 41 41 41 41 41 41 41 41 |AAAAYAAEAAAAAAAA|
|00000310| 47 51 41 41 41 41 41 41 41 41 49 41 42 45 41 41 |GQAAAAAAAAIABEAA|
|00000320| 41 41 41 41 41 41 47 41 41 42 41 41 41 41 41 41 |AAAAAAGAABAAAAAA|
|00000330| 41 41 42 67 41 41 51 41 41 41 41 41 41 41 41 5a |AABgAAQAAAAAAAAZ|
|00000340| 41 41 41 41 41 41 41 41 41 67 41 45 51 41 41 41 |AAAAAAAAAgAEQAAA|
|00000350| 41 41 41 41 41 59 41 41 45 41 41 41 41 41 41 41 |AAAAAYAAEAAAAAAA|
|00000360| 41 47 41 41 42 41 41 41 41 41 41 41 41 42 6b 41 |AGAABAAAAAAAABkA|
|00000370| 41 41 41 41 41 41 41 43 41 41 52 41 41 41 41 41 |AAAAAAACAARAAAAA|
|00000380| 41 41 41 42 67 41 41 51 41 41 41 41 41 41 41 41 |AAABgAAQAAAAAAAA|
|00000390| 59 41 41 45 41 41 41 41 41 41 41 41 47 51 41 41 |YAAEAAAAAAAAGQAA|
|000003a0| 41 41 41 41 41 41 49 41 42 45 41 41 41 41 41 41 |AAAAAAIABEAAAAAA|
|000003b0| 41 41 47 41 41 7a 52 71 36 41 41 41 41 41 4f 42 |AAGAAzRq6AAAAAOB|
|000003c0| 65 46 6e 4d 38 57 33 74 2f 79 46 62 4d 38 57 77 |eFnM8W3t/yFbM8Ww|
|000003d0| 64 54 62 34 6c 53 65 72 75 32 6c 77 2b 58 61 33 |dTb4lSeru2lw+Xa3|
|000003e0| 56 74 34 75 31 66 4c 70 61 4e 33 43 46 73 4c 53 |Vt4u1fLpaN3CFsLS|
|000003f0| 38 76 44 78 6c 33 37 71 6c 6e 4a 77 63 35 65 58 |8vDxl37qlnJwc5eX|
|00000400| 6c 46 66 33 67 37 6d 42 6c 5a 56 58 30 30 37 78 |lFf3g7mBlZVX007x|
|00000410| 5a 4d 7a 56 76 33 6c 78 57 56 6c 59 4e 58 5a 5a |ZMzVv3lxWVlYNXZZ|
|00000420| 46 45 41 41 41 41 41 41 41 64 53 44 39 65 70 37 |FEAAAAAAAdSD9ep7|
|00000430| 47 68 36 55 72 49 6a 36 72 7a 47 73 78 78 2f 4d |Gh6UrIj6rzGsxx/M|
|00000440| 44 41 55 6e 79 38 37 4c 52 71 73 6b 4f 63 6d 68 |DAUny87LRqskOcmh|
|00000450| 35 62 7a 51 77 6a 43 6f 76 4c 30 2b 33 62 74 33 |5bzQwjCovL0+3bt3|
|00000460| 53 72 5a 77 63 35 65 62 6d 4e 6e 51 35 71 49 58 |SrZwc5ebmNnQ5qIX|
|00000470| 69 67 55 31 75 62 71 34 79 73 37 4c 55 74 47 6c |igU1ubq4ys7LUtGl|
|00000480| 54 4e 57 2f 65 58 4d 32 62 4e 62 75 72 77 77 42 |TNW/eXM2bNburwwB|
|00000490| 75 41 51 41 41 41 41 41 73 37 47 68 79 6a 6a 79 |uAQAAAAAs7Ghyjjy|
|000004a0| 44 4c 35 70 74 2f 4a 63 57 45 5a 38 6c 7a 2b 43 |DL5pt/JcWEZ8lz+C|
|000004b0| 4c 4f 70 71 63 55 77 2b 56 6f 53 37 6b 35 4f 54 |LOpqcUw+VoS7k5OT|
|000004c0| 6f 2b 6f 30 62 79 73 7a 4b 6f 76 46 2f 6a 38 72 |o+o0byszKovF/j8r|
|000004d0| 4e 7a 56 56 6d 5a 71 61 75 33 37 69 68 6e 4a 79 |NzVVmZqau37ihnJy|
|000004e0| 37 39 37 4e 4b 41 41 41 41 41 41 42 59 55 50 72 |797NKAAAAAABYUPr|
|000004f0| 31 50 44 32 37 34 47 63 6c 2f 31 54 31 68 6d 44 |1PD274Gcl/1T1hmD|
|00000500| 79 54 37 6c 36 64 73 48 50 53 72 39 4f 4e 2f 47 |yT7l6dsHPSr9ON/G|
|00000510| 37 53 55 35 4f 6a 71 35 64 76 36 34 62 4e 32 2f |7SU5Ojq5dv64bN2/|
|00000520| 71 39 75 33 62 44 56 30 4f 36 73 48 74 32 37 64 |q9u3bDV0O6sHt27d|
|00000530| 31 34 2b 5a 4e 58 62 39 2b 58 54 6c 33 59 64 68 |14+ZNXb9+XTl3Ydh|
|00000540| 44 41 41 41 41 41 41 42 59 30 4c 69 6c 36 64 56 |DAAAAAABY0Lil6dV|
|00000550| 71 2f 42 64 4b 2f 69 6c 58 67 5a 39 63 72 59 4f |q/BdK/ilXgZ9crYO|
|00000560| 4b 55 42 64 79 63 6e 4a 30 4d 7a 4f 54 68 72 39 |KUBdycnJ0MzOThr9|
|00000570| 42 35 64 36 2b 72 5a 73 33 62 39 35 31 76 51 45 |B5d6+rZs3b951vQE|
|00000580| 49 41 41 41 41 41 41 41 4c 69 54 6d 65 72 63 67 |IAAAAAAALiTmercg|
|00000590| 45 4d 39 33 2b 32 39 36 6e 37 59 73 64 6c 62 66 |EM93+296n7Ysdlbf|
|000005a0| 4f 55 54 66 58 4f 65 6e 6d 66 48 76 35 6d 6c 6c |OUTfXOenmfHv5mll|
|000005b0| 2b 39 64 36 62 52 57 4d 44 6f 50 48 4b 79 73 37 |+9d6bRWMDoPHKys7|
|000005c0| 57 6a 5a 73 33 47 64 6a 50 34 50 4c 79 38 6e 54 |WjZs3GdjP4PLy8nT|
|000005d0| 6a 35 6b 31 6c 5a 39 38 39 6e 31 6b 43 41 41 41 |j5k1lZ989n1kCAAA|
|000005e0| 41 41 4d 42 43 79 6d 75 38 76 2f 44 62 6c 76 4c |AAMBCymu8v/DblvL|
|000005f0| 4a 7a 74 53 67 4d 57 6c 71 4d 53 31 64 4f 36 78 |JztSgMWlqMS1dO6x|
|00000600| 62 4b 47 79 61 2b 64 48 2f 43 51 41 61 74 35 79 |bKGya+dH/CQAat5y|
|00000610| 63 48 47 56 6c 56 54 36 32 41 34 77 6a 4d 79 76 |cHGVlVT62A4wjMyv|
|00000620| 72 72 75 6b 4a 51 41 41 41 41 41 41 41 57 49 6a |rrukJQAAAAAAAWIj|
|00000630| 35 78 6e 74 54 2b 54 33 51 56 43 65 2b 76 61 4b |5xntT+T3QVCe+vaK|
|00000640| 64 6b 6e 51 78 55 39 4e 50 35 63 72 31 41 5a 74 |dknQxU9NP5cr1AZt|
|00000650| 71 72 41 4f 4e 51 57 37 42 2f 64 39 41 61 54 64 |qrAONQW7B/d9AaTd|
|00000660| 75 33 6c 54 75 58 58 41 37 43 41 45 41 41 41 41 |u3lTuXXA7CAEAAAA|
|00000670| 41 59 43 46 48 6b 32 2b 5a 6d 57 6f 6a 70 2f 74 |AYCFHk2+ZmWojp/t|
|00000680| 75 4b 2f 33 69 6e 53 6b 70 74 2f 4b 6b 35 75 61 |uK/3inSkpt/Kk5ua|
|00000690| 2f 69 6e 2b 62 59 6d 34 64 61 41 77 79 61 66 79 |/in+bYm4daAwyafy|
|000006a0| 6a 41 70 6d 5a 6d 51 31 64 51 71 57 61 57 58 71 |jApmZmQ1dQqWaWXq|
|000006b0| 46 6d 59 6c 66 4b 69 77 32 70 63 72 7a 32 33 72 |FmYlfKiw2pcrz23r|
|000006c0| 34 61 62 4b 33 73 36 58 4c 61 48 53 31 53 46 4c |4abK3s6XLaHS1SFL|
|000006d0| 36 6f 51 69 74 50 75 57 6d 63 51 48 64 35 46 44 |6oQitPuWmcQHd5FD|
|000006e0| 74 70 62 4e 30 50 6e 47 2f 64 6d 7a 61 72 34 6a |tpbN0PnG/dmzar4j|
|000006f0| 34 46 4b 56 4c 63 6e 44 7a 6c 4e 38 51 50 2f 6e |4FKVLcnDzlN8QP/n|
|00000700| 31 37 31 43 44 39 5a 57 53 6d 61 4b 49 38 44 6a |171CD9ZWSmaKI8Dj|
|00000710| 5a 39 68 2b 68 51 53 37 6d 30 2b 69 47 64 55 34 |Z9h+hQS7m0+iGdU4|
|00000720| 78 4b 79 4e 30 76 75 63 45 6a 66 61 6f 70 4c 37 |xKyN0vucEjfaopL7|
|00000730| 4d 55 31 71 2f 4b 6c 72 6e 71 37 70 71 47 30 2f |MU1q/Klrnq7pqG0/|
|00000740| 35 54 65 67 74 31 39 71 57 61 45 6c 56 66 67 39 |5Tegt19qWaElVfg9|
|00000750| 74 31 48 33 49 4b 50 6d 34 31 45 4e 4e 6b 71 51 |t1H3IKPm41ENNkqQ|
|00000760| 4d 6e 55 69 38 4c 43 63 50 43 35 78 7a 41 41 44 |MnUi8LCcPC5xzAAD|
|00000770| 41 4c 47 34 72 62 35 78 75 35 65 54 63 46 56 64 |ALG4rb5xu5eTcFVd|
|00000780| 34 30 58 42 79 63 33 4f 56 6b 35 4f 6a 5a 73 30 |40XByc3OVk5OjZs0|
|00000790| 73 33 73 79 32 47 49 74 58 64 69 4a 36 76 67 4a |s3sy2GItXdiJ6vgJ|
|000007a0| 6e 56 36 50 62 55 6a 39 6e 44 66 4c 32 71 35 50 |nV6PbUj9nDfL2q5P|
|000007b0| 47 56 32 4f 71 52 62 71 6b 48 59 76 6d 4b 7a 43 |GV2OqRbqkHYvmKzC|
|000007c0| 71 6c 35 7a 36 68 57 71 30 59 7a 55 57 76 58 4a |ql5z6hWq0YzUWvXJ|
|000007d0| 51 51 57 50 66 30 6e 75 78 70 64 35 4c 37 47 6c |QQWPf0nuxpd5L7Gl|
|000007e0| 46 72 74 71 6f 49 4f 2b 78 69 76 68 38 69 6e 72 |FrtqoIO+xivh8inr|
|000007f0| 62 31 71 4b 38 78 41 67 39 4f 32 4f 6a 46 4e 4a |b1qK8xAg9O2OjFNJ|
+--------+-------------------------------------------------+----------------+
&amp#27;[35m22-11-29 16:05:21:568&amp#27;[m [&amp#27;[30mTRACE&amp#27;[m] [id: 0xb21da692, L:/127.0.0.1:52679 - R:localhost/127.0.0.1:44632] READ COMPLETE
&amp#27;[35m22-11-29 16:05:21:575&amp#27;[m [&amp#27;[30mTRACE&amp#27;[m] [id: 0xb21da692, L:/127.0.0.1:52679 - R:localhost/127.0.0.1:44632] READ: 32768B
         +-------------------------------------------------+
         |  0  1  2  3  4  5  6  7  8  9  a  b  c  d  e  f |
+--------+-------------------------------------------------+----------------+
|00000000| 4e 65 59 48 64 61 72 47 69 4f 70 49 59 6f 64 45 |NeYHdarGiOpIYodE|
|00000010| 7a 31 69 6f 74 35 43 6d 4e 39 71 69 6b 76 6c 50 |z1iot5CmN9qikvlP|
|00000020| 52 6d 68 36 38 56 6d 6c 56 58 76 6b 52 4f 66 54 |Rmh68VmlVXvkROfT|
|00000030| 76 72 58 46 31 31 49 6a 4f 54 44 32 6d 67 35 6c |vrXF11IjOTD2mg5l|
|00000040| 4f 38 6e 46 76 55 2b 56 6c 7a 6b 65 46 61 55 78 |O8nFvU+VlzkeFaUx|
|00000050| 77 58 4a 58 6d 37 57 58 54 53 77 63 6e 64 4b 68 |wXJXm7WXTSwcndKh|
|00000060| 70 65 64 57 51 70 52 6a 54 43 44 32 39 4b 46 75 |pedWQpRjTCD29KFu|
|00000070| 4f 30 7a 39 55 73 73 6c 54 74 54 6e 6c 55 46 71 |O0z9UsslTtTnlUFq|
|00000080| 57 6b 67 38 64 56 36 61 37 70 7a 72 62 4e 33 51 |Wkg8dV6a7pzrbN3Q|
|00000090| 74 41 43 77 6d 4d 30 50 70 46 72 35 56 32 4e 62 |tACwmM0PpFr5V2Nb|
|000000a0| 65 7a 6a 43 2f 66 7a 4d 79 4d 69 52 4a 64 6e 5a |ezjC/fzMyMiRJdnZ|
|000000b0| 32 44 56 78 4a 31 58 56 33 62 61 36 39 50 35 54 |2DVxJ1XV3ba69P5T|
|000000c0| 2b 2f 6e 6c 44 79 65 6d 2f 55 50 65 32 64 36 62 |+/nlDyem/UPe2d6b|
|000000d0| 30 76 63 39 4b 75 6d 57 2b 4d 64 6e 64 74 58 6e |0vc9KumW+MdndtXn|
|000000e0| 64 46 58 67 50 69 59 2b 50 31 37 56 72 31 2b 54 |dFXgPiY+P17Vr1+T|
|000000f0| 73 37 4b 78 4f 6e 54 72 56 36 62 62 79 38 76 4c |s7KxOnTrV6bby8vL|
|00000100| 75 69 71 75 37 61 48 69 5a 57 56 6c 71 32 62 53 |uiqu7aHiZWVlq2bS|
|00000110| 70 72 4b 79 73 47 72 6f 55 73 79 77 65 41 48 51 |prKysGroUsyweAHQ|
|00000120| 50 33 4b 36 66 4a 35 54 38 70 58 63 2b 36 69 31 |P3K6fJ5T8pXc+6i1|
|00000130| 31 6d 58 70 45 6d 6a 35 66 50 35 64 75 58 4e 72 |1mXpEmj5fP5duXNr|
|00000140| 59 31 64 6d 56 78 4d 5a 55 53 38 32 6c 61 50 57 |Y1dmVxMZUS82laPW|
|00000150| 45 57 58 6f 76 56 75 6f 77 5a 4c 4c 43 51 67 61 |EWXovVuowZLLCQga|
|00000160| 72 74 30 73 62 4f 64 68 6d 4b 54 33 31 75 46 59 |rt0sbOdhmKT31uFY|
|00000170| 48 42 79 73 77 61 71 33 38 70 6e 62 51 77 5a 58 |HByswaq38pnbQwZX|
|00000180| 50 4e 4b 36 72 32 4a 61 55 6d 56 33 31 42 72 33 |PNK6r2JaUmV31Br3|
|00000190| 48 46 43 57 6e 76 4b 67 53 76 36 4c 54 64 6d 76 |HFCWnvKgSv6LTdmv|
|000001a0| 63 34 2f 4d 56 71 52 48 61 6e 6a 4a 5a 76 55 73 |c4/MVqRHanjJZvUs|
|000001b0| 73 59 43 32 48 4f 6d 74 77 58 56 4a 45 38 43 53 |sYC2HOmtwXVJE8CS|
|000001c0| 4e 69 65 71 6e 37 53 6d 7a 4e 61 69 61 32 78 6d |Nieqn7SmzNaia2xm|
|000001d0| 78 5a 4a 56 57 44 33 47 71 63 42 35 62 2b 2f 72 |xZJVWD3GqcB5b+/r|
|000001e0| 37 55 75 52 67 37 79 51 70 74 64 36 32 5a 79 68 |7UuRg7yQptd62Zyh|
|000001f0| 70 75 7a 56 39 77 42 78 46 6a 70 2b 6a 6e 78 63 |puzV9wBxFjp+jnxc|
|00000200| 2b 31 51 68 2f 46 77 47 6f 74 72 52 6f 6a 65 35 |+1Qh/FwGotrRoje5|
|00000210| 6b 30 6d 65 57 58 75 39 7a 4a 70 31 62 32 56 38 |k0meWXu9zJp1b2V8|
|00000220| 56 2f 33 57 34 75 38 58 45 78 43 67 30 4e 46 54 |V/3W4u8XExCg0NFT|
|00000230| 6e 7a 70 32 54 4a 44 6b 37 4f 32 76 6d 7a 4a 6e |nzp2TJDk7O2vmzJn|
|00000240| 79 38 66 47 70 75 34 31 6d 4a 53 6a 55 64 35 4c |y8fGpu41mJSjUd5L|
|00000250| 57 58 53 73 31 33 64 70 64 4d 38 4c 44 46 56 44 |WXSs13dpdM8LDFVD|
|00000260| 46 4c 31 6b 2b 58 61 33 4e 42 41 44 53 36 70 52 |FL1k+Xa3NBADS6pR|
|00000270| 63 37 65 68 70 72 78 65 32 58 39 46 6e 75 6b 2b |c7ehprxe2X9Fnuk+|
|00000280| 6d 72 6b 31 30 39 4d 43 4e 63 74 64 52 76 67 77 |mrk109MCNctdRvgw|
|00000290| 6c 62 74 6f 6c 44 66 53 58 78 39 32 54 69 31 6a |lbtolDfSXx92Ti1j|
|000002a0| 4d 32 62 4e 6e 4e 58 76 32 62 43 55 6b 4a 4a 52 |M2bNnNXv2bCUkJJR|
|000002b0| 35 62 65 4c 45 69 5a 6f 34 63 57 4b 64 62 50 64 |5beLEiZo4cWKdbPd|
|000002c0| 57 54 67 34 6a 2f 71 4e 4b 62 74 2b 2b 72 56 73 |WTg4j/qNKbt++rVs|
|000002d0| 35 4f 62 4a 75 33 6a 69 44 76 44 72 6f 6d 32 41 |5ObJu3jiDvDrom2A|
|000002e0| 6a 42 2f 75 53 58 62 51 7a 62 51 70 2b 69 64 6e |jB/uSXbQzbQp+idn|
|000002f0| 62 79 61 45 65 47 79 75 4e 71 35 59 61 53 74 79 |byaEeGyuNq5YaSty|
|00000300| 76 52 62 73 6c 39 5a 75 6c 6d 4c 58 46 65 79 66 |vRbsl9ZulmLXFeyf|
|00000310| 59 79 4d 48 46 55 39 50 58 72 70 4c 54 68 4c 45 |YyMHFU9PXrpLThLE|
|00000320| 61 73 33 6d 2b 31 67 63 2b 6f 79 43 50 68 69 75 |as3m+1gc+oyCPhiu|
|00000330| 31 4d 53 6c 7a 64 53 53 7a 38 41 2b 70 74 52 7a |1MSlzdSSz8A+ptRz|
|00000340| 73 47 79 4c 6f 75 61 62 30 54 45 6e 56 44 52 70 |sGyLouab0TEnVDRp|
|00000350| 73 57 6a 65 69 38 39 52 47 33 51 4e 58 36 65 63 |sWjei89RG3QNX6ec|
|00000360| 4a 32 59 61 36 2b 6c 54 76 4c 6c 77 54 31 78 65 |J2Ya6+lTvLlwT1xe|
|00000370| 41 65 34 52 6a 66 36 31 4f 36 61 55 77 53 36 2b |Ae4Rjf61O6aUwS6+|
|00000380| 33 55 56 36 77 73 4a 7a 35 38 2b 64 72 2f 66 72 |3UV6wsJz58+dr/fr|
|00000390| 31 47 6a 70 30 71 4e 7a 64 33 53 56 4a 53 55 6c |1Gjp0qNzd3SVJSUl|
|000003a0| 4a 6d 6a 56 72 6c 6b 61 50 48 71 31 5a 73 32 62 |JmjVrlkaPHq1Zs2b|
|000003b0| 56 7a 59 5a 74 32 73 69 31 68 37 76 63 7a 78 57 |VzYZt2si1h7vczxW|
|000003c0| 66 65 45 6e 4a 53 55 6b 36 6b 48 68 52 41 61 35 |feEnJSUk6kHhRAa5|
|000003d0| 74 79 31 75 79 42 4a 2b 75 31 70 71 39 71 65 7a |ty1uyBJ+u1pq9qez|
|000003e0| 30 76 65 75 75 61 55 65 51 6e 64 5a 2f 36 4b 54 |0veuuaUeQndZ/6KT|
|000003f0| 31 6b 74 4b 54 62 32 6a 30 69 74 78 79 31 31 47 |1ktKTb2j0itxy11G|
|00000400| 75 72 4c 4e 4b 32 72 56 4c 65 6e 69 6f 50 44 71 |urLNK2rVLenioPDq|
|00000410| 56 64 31 74 6b 68 6b 37 75 58 4b 37 6c 61 78 4a |Vd1tkhk7uXK7laxJ|
|00000420| 30 54 70 4c 73 58 44 56 30 34 67 77 46 39 4b 6a |0TpLsXDV04gwF9Kj|
|00000430| 73 50 56 52 6a 75 59 73 4a 43 6c 2b 77 58 4e 75 |sPVRjuYsJCl+wXNu|
|00000440| 53 38 33 74 70 4f 50 64 34 57 52 4d 6e 2b 71 70 |S83tpOPd4WRMn+qp|
|00000450| 54 48 58 35 74 32 62 70 31 71 30 4a 44 51 79 56 |THX5t2bp1q0JDQyV|
|00000460| 4a 76 2f 76 64 37 39 53 6a 52 77 2f 5a 32 64 6e |Jv/vd79SjRw/Z2dn|
|00000470| 70 33 4c 6c 7a 69 6f 6d 4a 30 66 4c 6c 79 78 55 |p3LlziomJ0fLlyxU|
|00000480| 54 45 36 50 35 38 2b 66 72 67 51 63 65 73 4f 69 |TE6P58+frgQcesOi|
|00000490| 32 62 39 31 69 58 41 5a 55 33 61 31 62 74 34 77 |2b91iXAZU3a1bt4w|
|000004a0| 55 41 4d 43 69 4d 69 2f 70 57 30 6e 79 36 46 44 |UAMCiMi/pW0ny6FD|
|000004b0| 4f 31 58 31 6e 6a 56 36 79 56 71 34 54 72 71 6b |O1X1njV6yVq4Trqk|
|000004c0| 7a 6a 58 2f 55 75 62 4b 68 47 67 43 67 66 41 53 |zjX/UubKhGgCgfAS|
|000004d0| 6d 31 52 4d 66 48 36 2f 31 36 39 63 72 4c 43 78 |m1RMfH6/169crLCx|
|000004e0| 4d 58 6c 35 65 4a 56 37 7a 38 66 48 52 72 46 6d |MXl5eJV7z8fHRrFm|
|000004f0| 7a 35 4f 50 6a 55 2b 59 31 79 33 43 56 66 32 69 |z5OPjU+Y1y3CVf2i|
|00000500| 34 2f 49 74 50 79 6f 6a 52 57 30 2f 50 30 71 37 |4/ItPyojRW0/P0q7|
|00000510| 45 4a 47 55 4e 61 36 75 71 2f 41 58 30 36 57 71 |EJGUNa6uq/AX06Wq|
|00000520| 74 45 54 31 73 46 4a 6c 51 36 74 36 50 69 7a 66 |tET1sFJlQ6t6Pizf|
|00000530| 31 37 4b 7a 4b 42 35 42 37 2b 61 6b 57 35 67 4f |17KzKB5B7+akW5gO|
|00000540| 41 6a 45 53 46 7a 35 71 6d 42 51 6b 46 58 52 54 |AjESFz5qmBQkFXRT|
|00000550| 47 2f 6c 70 7a 57 2f 58 51 6a 47 57 4c 46 56 41 |G/lpzW/XQjGWLFVA|
|00000560| 69 43 4d 68 53 34 6f 66 6a 4e 48 35 4e 69 74 53 |iCMhS4ofjNH5NitS|
|00000570| 71 67 39 77 66 73 4e 47 6c 78 46 31 61 4d 43 6c |qg9wfsNGlxF1aMCl|
|00000580| 47 42 30 49 2b 31 34 66 44 79 6d 73 59 56 32 4f |GB0I+14fDymsYV2O|
|00000590| 35 69 7a 73 31 62 66 6a 62 4f 70 42 74 72 54 62 |5izs1bfjbOpBtrTb|
|000005a0| 75 72 6d 71 54 64 56 5a 37 31 37 32 74 76 64 39 |urmqTdVZ7172tvd9|
|000005b0| 38 72 31 58 68 4d 31 58 5a 63 45 30 31 63 66 62 |8r1XhM1XZcE01cfb|
|000005c0| 73 57 59 57 47 68 73 72 5a 32 56 6d 68 6f 61 45 |sWYWGhsrZ2VmhoaE|
|000005d0| 6c 47 76 69 64 4f 6e 57 53 6a 34 2b 50 68 67 34 |lGvidOnWSj4+Phg4|
|000005e0| 64 71 6c 6d 7a 5a 6d 6e 32 37 4e 6c 61 74 6d 79 |dqlmzZmn27Nlatmy|
|000005f0| 5a 78 62 5a 39 2b 2f 5a 74 35 65 61 61 44 32 73 |ZxbZ9+/Zt5eaaD2s|
|00000600| 41 63 33 4a 7a 63 33 58 37 39 6d 30 31 61 64 4c |Ac3Jzc3X79m01adL|
|00000610| 34 78 74 78 76 4a 42 56 6c 4b 44 6c 36 67 79 62 |4xtxvJBVlKDl6gyb|
|00000620| 37 44 35 65 54 67 37 65 73 48 4c 7a 6c 32 6a 39 |7D5eTg7esHLzl2j9|
|00000630| 59 38 7a 59 64 71 33 51 51 74 50 4f 78 47 7a 52 |Y8zYdq3QQtPOxGzR|
|00000640| 35 62 49 42 63 71 37 6c 63 52 62 57 63 69 50 70 |5bIBcq7lcRbWciPp|
|00000650| 41 34 2f 6f 50 6b 70 57 44 74 36 77 63 66 71 50 |A4/oPkpWDt6wcfqP|
|00000660| 4f 2f 69 45 4b 69 37 31 55 38 66 78 44 43 32 75 |O/iEKi71U8fxDC2u|
|00000670| 76 62 48 35 4a 57 5a 63 55 73 7a 52 59 76 52 2f |vbH5JWZcUszRYvR/|
|00000680| 4a 72 39 6e 4b 66 62 67 47 42 57 35 51 6a 4c 6b |Jr9nKfbgGBW5QjLk|
|00000690| 2b 37 69 35 75 47 69 46 4a 75 2f 66 70 59 48 6d |+7i5uGiFJu/fpYHm|
|000006a0| 58 42 57 32 64 31 64 76 62 7a 66 7a 56 67 4c 51 |XBW2d1dvbzfzVgLQ|
|000006b0| 6a 43 67 75 63 64 6d 64 62 6a 77 52 6f 33 4d 4a |jCgucdmdbjwRo3MJ|
|000006c0| 6f 6e 62 68 53 58 6e 48 5a 53 6b 2f 36 55 74 4e |onbhSXnHZSk/6UtN|
|000006d0| 4c 48 34 75 6f 55 30 6f 76 39 77 33 56 38 50 69 |LH4uoU0ov9w3V8Pi|
|000006e0| 6c 48 64 50 36 68 57 58 33 77 34 37 55 6a 49 71 |lHdP6hWX3w47UjIq|
|000006f0| 57 71 6a 50 6e 59 38 32 38 68 2f 4c 65 64 2b 6e |WqjPnY828h/Led+n|
|00000700| 39 57 6c 54 37 6e 54 2f 32 6d 55 6e 52 43 6c 75 |9WlT7nT/2mUnRClu|
|00000710| 36 55 68 47 70 6b 70 53 69 69 4b 56 4c 74 57 6a |6UhGpkpSiiKVLtWj|
|00000720| 70 42 6b 55 6b 31 64 31 7a 59 38 39 48 42 63 76 |pBkUk1d1zY89HBcv|
|00000730| 31 6b 57 42 46 70 47 62 6f 78 4b 62 33 4e 61 6a |1kWBFpGboxKb3Naj|
|00000740| 6e 62 77 72 4f 34 30 48 71 50 66 55 44 52 53 51 |nbwrO40HqPfUDRSQ|
|00000750| 56 32 37 64 58 44 69 72 49 50 30 44 54 6f 38 76 |V27dXDirIP0DTo8v|
|00000760| 66 33 2b 65 6a 51 75 54 6a 76 31 51 78 42 65 64 |f3+ejQuTjv1QxBed|
|00000770| 4c 5a 75 4b 6e 38 6e 6c 6b 6e 42 59 6c 6c 6e 77 |LZuKn8nlknBYllnw|
|00000780| 50 79 5a 75 6d 6c 62 74 64 76 35 57 6e 53 6c 7a |PyZumlbtdv5WnSlz|
|00000790| 52 50 6e 2f 6f 53 38 32 62 65 75 63 7a 36 39 52 |RPn/oS82beucz69R|
|000007a0| 7a 6f 69 61 76 50 4b 68 6b 63 2b 64 6b 35 6a 45 |zoiavPKhkc+dk5jE|
|000007b0| 74 47 6a 70 49 50 6b 75 50 4b 54 33 74 69 42 61 |tGjpIPkuPKT3tiBa|
|000007c0| 56 57 65 36 49 2b 58 4d 73 4c 56 72 6a 65 67 37 |VWe6I+XMsLVrjeg7|
|000007d0| 58 75 4b 68 54 4f 68 6f 65 6f 6b 46 46 35 2f 39 |XuKhTOhoeokFF5/9|
|000007e0| 45 54 64 2b 55 66 30 77 7a 6b 36 49 31 62 30 4b |ETd+Uf0wzk6I1b0K|
|000007f0| 78 34 2b 33 2f 76 74 59 6e 56 62 41 76 71 6e 70 |x4+3/vtYnVbAvqnp|
|00000800| 2b 70 45 56 72 33 43 4f 44 4e 43 37 71 58 42 55 |+pEVr3CODNC7qXBU|
|00000810| 2f 53 31 6b 36 45 62 56 42 69 35 62 75 56 72 49 |/S1k6EbVBi5buVrI|
|00000820| 6b 70 65 37 57 6f 71 56 4c 74 57 68 6c 74 45 37 |kpe7WoqVLtWhltE7|
|00000830| 51 46 51 43 41 77 57 7a 62 74 6b 31 75 62 6d 35 |QFQCAwWzbtk1ubm5|
|00000840| 6d 47 2f 67 2b 50 6a 35 79 63 33 50 54 74 6d 33 |mG/g+Pj5yc3PTtm3|
|00000850| 62 36 71 38 67 75 34 66 56 70 34 2b 6b 7a 61 2f |b6q8gu4fVp4+kza/|
|00000860| 72 31 31 35 65 38 71 72 69 54 2f 4a 6e 66 72 4b |r115e8qriT/JnfrK|
|00000870| 2b 64 61 48 61 6d 2b 76 51 74 71 6b 57 2f 64 63 |+daHam+vQtqkW/dc|
|00000880| 76 7a 4c 78 79 55 56 76 66 47 71 38 46 43 57 33 |vzLxyUVvfGq8FCW3|
|00000890| 30 33 4c 75 4c 4e 61 4f 48 75 38 59 45 76 36 79 |03LuLNaOHu8YEv6y|
|000008a0| 48 73 78 4f 30 59 50 78 73 78 52 54 2f 38 33 56 |HsxO0YPxsxRT/83V|
|000008b0| 78 6c 35 61 76 53 5a 46 31 6e 78 42 74 69 64 6d |xl5avSZF1nxBtidm|
|000008c0| 6b 38 50 42 77 37 64 79 7a 56 71 38 39 6e 4b 30 |k8PBw7dyzVq89nK0|
|000008d0| 44 63 31 65 72 64 43 35 52 6b 2b 55 53 31 38 7a |Dc1erdC5Rk+US18z|
|000008e0| 57 67 65 77 4f 47 72 4e 71 6a 33 61 47 68 79 74 |WgewOGrNqj3aGhyt|
|000008f0| 38 55 34 78 32 76 44 74 51 31 69 6e 72 46 4c 72 |8U4x2vDtQ1inrFLr|
|00000900| 74 62 4c 58 66 64 31 57 59 54 43 5a 4a 4b 74 50 |tbLXfd1WYTCZJKtP|
|00000910| 34 4c 38 37 4c 79 30 73 6d 6b 30 6b 4a 43 51 6e |4L87Ly0smk0kJCQn|
|00000920| 61 75 6e 57 72 78 62 61 64 59 2b 6e 47 2f 34 57 |aunWrxbadY+nG/4W|
|00000930| 76 46 4e 42 2b 73 4f 7a 62 76 36 71 31 5a 34 71 |vFNB+sOzbv6q1Z4q|
|00000940| 2f 6b 4b 33 39 70 73 47 79 62 7a 39 59 39 6e 2f |/kK39psGybz9Y9n/|
|00000950| 37 51 5a 4b 55 65 65 42 44 75 62 55 66 72 43 6b |7QZKUeeBDubUfrCk|
|00000960| 37 37 39 79 62 55 6a 67 74 49 50 4a 79 78 64 75 |779ybUjgtIPJyxdu|
|00000970| 35 73 6c 64 54 32 67 2b 57 2f 59 74 52 4d 6a 63 |5sldT2g+W/YtRMjc|
|00000980| 73 65 76 71 78 4c 7a 52 6c 2b 50 4f 79 62 7a 39 |sevqxLzRl+POybz9|
|00000990| 59 62 6a 36 42 43 6f 6f 38 55 36 59 58 59 70 58 |Ybj6BCoo8U6YXYpX|
|000009a0| 6d 4f 62 79 68 61 42 36 50 34 58 2f 53 6b 73 50 |mObyhaB6P4X/SksP|
|000009b0| 46 36 37 71 73 54 61 38 4d 6c 6e 33 37 5a 54 70 |F67qsTa8Mln37ZTp|
|000009c0| 55 4e 4f 30 48 4c 53 7a 32 48 69 58 70 30 4e 38 |UNO0HLSz2HiXp0N8|
|000009d0| 47 79 37 37 39 79 31 70 34 2b 4d 37 74 4d 32 6d |Gy779y1p4+M7tM2m|
|000009e0| 52 37 38 69 2b 2f 54 76 61 64 4b 48 59 4d 6d 5a |R78i+/TvadKHYMmZ|
|000009f0| 2f 69 71 2b 37 38 62 44 34 65 57 4d 68 6a 53 41 |/iq+78bD4eWMhjSA|
|00000a00| 41 4f 4b 65 49 71 53 50 31 6e 38 38 76 31 72 4c |AOKeIqSP1n88v1rL|
|00000a10| 64 31 2b 54 67 33 56 46 39 76 56 32 6b 2b 50 30 |d1+Tg3VF9vV2k+P0|
|00000a20| 4b 66 6d 57 53 75 67 39 64 57 6b 37 44 4e 30 73 |KfmWSug9dWk7DN0s|
|00000a30| 48 46 34 35 54 39 36 47 4c 74 53 7a 71 76 47 79 |HF45T96GLtSzqvGy|
|00000a40| 72 76 46 7a 46 74 61 79 66 4d 45 4a 64 78 6d 37 |rvFzFtayfMEJdxm7|
|00000a50| 55 6d 67 75 74 31 62 64 77 6e 59 6d 37 4e 57 58 |Umgut1bdwnYm7NWX|
|00000a60| 6f 53 50 6b 73 50 46 62 71 68 4d 2b 76 76 63 76 |oSPksPFbqhM+vvcv|
|00000a70| 59 6a 56 6f 54 6d 79 31 58 37 34 37 71 36 2b 32 |YjVoTmy1X747q6+2|
|00000a80| 6b 7a 4e 33 6c 7a 53 39 4a 52 7a 53 39 2f 77 67 |kzN3lzS9JRzS9/wg|
|00000a90| 39 48 62 78 66 35 39 74 31 56 46 2f 76 6a 75 71 |9Hbxf59t1VF/vjuq|
|00000aa0| 6b 79 39 71 35 61 72 47 65 66 6e 4b 6d 31 70 65 |ky9q5arGefnKm1pe|
|00000ab0| 2b 76 64 71 78 6e 34 4a 43 58 4b 54 45 6a 66 4a |+vdqxn4JCXKTEjfJ|
|00000ac0| 37 2f 6c 32 74 50 6e 51 75 76 79 74 35 46 57 51 |7/l2tPnQuvyt5FWQ|
|00000ad0| 65 57 69 71 66 4a 36 64 70 79 71 6f 6a 53 72 62 |eWiqfJ6dpyqojSrb|
|00000ae0| 4a 33 31 5a 66 6d 2f 4e 61 4d 39 75 6b 4c 6b 38 |J31Zfm/NaM9ukLk8|
|00000af0| 47 46 7a 52 4d 53 31 6b 36 55 35 30 66 6e 36 4d |GFzRMS1k6U50fn6M|
|00000b00| 50 45 71 58 4f 33 68 33 56 31 36 75 56 55 75 4c |PEqXO3h3V16uVUuL|
|00000b10| 33 4b 33 6a 73 65 41 30 79 2b 33 35 71 64 76 7a |3K3jseA0y+35qdvz|
|00000b20| 79 61 35 75 6b 4d 62 50 33 4b 30 34 75 2b 62 58 |ya5ukMbP3K04u+bX|
|00000b30| 5a 58 39 50 4f 56 59 73 31 2b 4a 47 52 47 68 64 |ZX9POVYs1+JGRGhd|
|00000b40| 31 72 75 78 43 64 53 5a 4c 42 78 63 47 79 48 6e |1ruxCdSZLBxcGyHn|
|00000b50| 6f 59 69 30 72 66 4e 2f 65 48 65 56 30 49 66 39 |oYi0rfN/eHeV0If9|
|00000b60| 39 64 35 38 61 6e 64 38 77 4b 35 51 57 72 64 45 |9d58and8wK5QWrdE|
|00000b70| 46 2b 37 58 77 47 50 5a 31 79 53 36 6f 66 62 7a |F+7XwGPZ1yS6ofbz|
|00000b80| 6d 48 63 71 53 6c 4b 57 6a 34 58 4d 30 4a 54 68 |mHcqSlKWj4XM0JTh|
|00000b90| 53 6e 79 56 4b 30 6e 6c 39 74 6d 69 74 41 6f 4d |SnyVK0nl9tmitAoM|
|00000ba0| 58 61 33 4c 55 36 54 70 37 4a 38 6c 4a 2b 35 57 |Xa3LU6Tp7J8lJ+5W|
|00000bb0| 53 75 6c 2b 54 2b 34 39 51 6c 31 63 69 64 62 52 |Sul+T+49Ql1cidbR|
|00000bc0| 67 33 2f 5a 79 75 61 61 34 38 49 31 36 39 76 46 |g3/Zyuaa48I169vF|
|00000bd0| 4a 42 66 56 4a 30 6a 57 64 33 35 32 71 44 2b 5a |JBfVJ0jWd352qD+Z|
|00000be0| 46 36 71 69 35 6c 57 55 65 30 2b 70 35 75 37 55 |F6qi5lWUe0+p5u7U|
|00000bf0| 33 38 58 4c 52 63 55 39 50 4f 71 4b 39 71 61 63 |38XLRcU9POqK9qac|
|00000c00| 56 6b 31 54 79 42 73 6e 7a 71 55 65 55 6b 72 70 |Vk1TyBsnzqUeUkrp|
|00000c10| 66 30 34 65 4f 56 4a 64 58 74 69 76 5a 73 65 43 |f04eOVJdXtivZseC|
|00000c20| 59 65 6a 73 70 2f 64 53 35 67 75 55 4c 50 72 4d |Yejsp/dS5guULPrM|
|00000c30| 44 35 69 67 34 50 46 58 79 79 74 39 33 44 6c 65 |D5ig4PFXyyt93Dle|
|00000c40| 4f 61 39 6d 4d 57 66 70 50 63 2b 66 6b 6c 52 54 |Oa9mMWfpPc+fklRT|
|00000c50| 46 78 46 37 54 33 6f 58 54 31 4c 6e 54 4e 41 57 |FxF7T3oXT1LnTNAW|
|00000c60| 47 58 35 61 54 64 30 66 31 39 57 34 74 6e 54 71 |GX5aTd0f19W4tnTq|
|00000c70| 75 5a 54 4f 6d 71 66 75 45 4c 30 73 65 48 30 6c |uZTOmqfuEL0seH0l|
|00000c80| 4b 50 61 59 31 70 79 35 72 7a 64 6a 78 38 70 79 |KPaY1py5rzdjx8py|
|00000c90| 36 57 79 66 61 35 53 2f 6a 6d 48 70 63 48 37 77 |6Wyfa5S/jmHpcH7w|
|00000ca0| 79 58 6f 50 47 54 70 50 50 34 79 59 46 62 79 37 |yXoPGTpPP4yYFby7|
|00000cb0| 34 33 4c 70 5a 4b 32 56 33 70 4d 59 38 50 6b 6d |43LpZK2V3pMY8Pkm|
|00000cc0| 4c 45 6b 75 76 72 4a 72 6e 52 2b 6f 78 72 55 6d |LEkuvrJrnR+oxrUm|
|00000cd0| 39 70 6a 57 42 59 36 76 34 57 54 71 75 31 59 47 |9pjWBY6v4WTqu1YG|
|00000ce0| 4c 46 62 67 6f 4c 72 2b 33 54 32 4b 63 33 67 74 |LFbgoLr+3T2Kc3gt|
|00000cf0| 65 71 38 41 5a 63 78 52 78 71 71 4b 6a 44 51 44 |eq8AZcxRxqqKjDQD|
|00000d00| 33 6e 72 4e 6e 7a 31 59 34 34 4a 2b 64 6e 5a 33 |3nrNnz1Y44J+dnZ3|
|00000d10| 4f 6e 71 32 62 42 71 5a 35 62 65 58 68 6b 33 38 |Onq2bBqZ5beXhk38|
|00000d20| 62 51 71 73 4f 37 6e 4a 33 72 39 70 50 56 37 66 |bQqsO7nJ3r9pPV7f|
|00000d30| 2f 30 47 2f 79 46 6c 51 72 42 4f 6a 51 74 71 6b |/0G/yFlQrBOjQtqk|
|00000d40| 69 5a 76 35 53 44 69 33 4e 44 42 78 32 38 59 42 |iZv5SDi3NDBx28YB|
|00000d50| 32 48 5a 41 30 35 69 32 39 35 65 73 75 4f 2b 73 |2HZA05i295esuO+s|
|00000d60| 32 63 75 38 37 54 58 4f 43 2b 38 72 64 4e 56 6d |2cu87TXOC+8rdNVm|
|00000d70| 4a 79 58 64 61 35 78 63 54 64 75 6d 41 72 4f 55 |JyXda5xcTdumArOU|
|00000d80| 2f 63 5a 69 4b 6d 73 6b 32 6e 65 51 2f 62 71 43 |/cZiKmsk2neQ/bqC|
|00000d90| 55 76 56 6b 78 33 35 76 66 66 74 57 58 53 31 54 |UvVkx35vfftWXS1T|
|00000da0| 4d 70 6d 79 70 7a 7a 69 39 58 4f 78 53 66 31 76 |Mpmypzzi9XOxSf1v|
|00000db0| 66 6c 7a 58 52 57 66 70 2b 56 34 4c 71 34 67 67 |flzXRWfp+V4Lq4gg|
|00000dc0| 64 50 6e 78 59 45 79 64 4f 72 4c 52 72 66 32 46 |dPnxYEydOrLRrf2F|
|00000dd0| 51 5a 4d 6b 41 6f 4f 36 75 2f 76 2b 6f 38 41 50 |QZMkAoO6u/v+o8AP|
|00000de0| 46 45 6f 44 4d 37 78 53 31 6f 75 51 63 74 6e 32 |FEoDM7xS1ouQctn2|
|00000df0| 65 55 61 43 6e 46 50 36 33 4c 2f 57 64 4a 43 6c |eUaCnFP63L/WdJCl|
|00000e00| 4e 6d 2f 37 32 70 53 35 30 39 56 4f 67 62 2b 73 |Nm/72pS509VOgb+s|
|00000e10| 4b 31 35 35 2b 63 4b 2f 43 4a 57 6c 76 74 47 4c |K155+cK/CJWlvtGL|
|00000e20| 50 6c 48 72 78 32 41 62 35 44 31 71 75 32 50 74 |PlHrx2Ab5D1qu2Pt|
|00000e30| 48 61 65 32 47 50 32 75 65 72 37 54 70 74 56 63 |Hae2GP2uer7TptVc|
|00000e40| 31 5a 65 66 6c 61 73 32 54 48 6a 4e 58 50 55 65 |1Zeflas2THjNXPUe|
|00000e50| 73 55 6c 4c 48 73 56 72 37 79 51 78 4e 75 50 38 |sUlLHsVr7yQxNuP8|
|00000e60| 37 42 59 39 34 55 77 75 50 56 57 4d 67 39 69 49 |7BY94UwuPVWMg9iI|
|00000e70| 58 5a 46 72 77 6c 64 6d 77 51 6d 71 76 49 52 76 |XZFrwldmwQmqvIRv|
|00000e80| 65 30 37 59 4e 37 32 6e 62 6e 44 36 53 70 49 41 |e07YN72nbnD6SpIA|
|00000e90| 35 42 66 2f 66 38 49 7a 63 79 6c 33 6e 47 61 30 |5Bf/f8Izcyl3nGa0|
|00000ea0| 63 2f 72 79 6d 37 4b 7a 36 38 4f 43 57 63 72 75 |c/rym7Kz68OCWcru|
|00000eb0| 52 42 67 41 4e 66 67 76 41 30 61 55 7a 39 57 7a |RBgANfgvA0aUz9Wz|
|00000ec0| 34 4e 54 6b 2b 4e 30 73 78 43 2f 32 4b 6a 58 35 |4NTk+N0sxC/2KjX5|
|00000ed0| 39 53 54 74 4d 30 7a 52 34 30 56 72 35 42 58 66 |9STtM0zR40Vr5BXf|
|00000ee0| 54 69 56 4b 44 59 70 32 50 65 6b 74 2b 73 30 39 |TiVKDYp2Pekt+s09|
|00000ef0| 4c 2f 63 5a 71 7a 35 49 70 38 6e 45 30 73 39 78 |L/cZqz5Ip8nE0s9x|
|00000f00| 55 4e 78 32 74 38 69 41 35 57 54 71 36 63 4b 62 |UNx2t8iA5WTq6cKb|
|00000f10| 47 62 4a 5a 38 35 79 37 54 2b 69 6e 46 48 74 56 |GbJZ85y7T+inFHtV|
|00000f20| 33 35 5a 52 57 42 30 37 53 2b 4e 6b 68 57 75 53 |35ZRWB07S+NkhWuS|
|00000f30| 39 56 6b 45 39 62 53 71 75 76 58 44 2b 70 52 47 |9VkE9bSquvXD+pRG|
|00000f40| 4b 6d 64 43 74 31 4d 42 76 32 55 70 7a 47 61 77 |KmdCt1MBv2UpzGaw|
|00000f50| 76 6f 74 2b 57 58 39 47 6f 38 34 55 31 78 32 6c |vot+WX9Go84U1x2l|
|00000f60| 4d 59 49 52 36 62 79 70 35 72 33 2f 76 77 41 2b |MYIR6byp5r3/vwA+|
|00000f70| 31 35 38 70 4d 6a 56 36 30 58 65 4d 48 62 4e 64 |158pMjV60XeMHbNd|
|00000f80| 34 53 56 49 72 39 66 4c 32 56 4f 2b 41 55 51 70 |4SVIr9fL2VO+AUQp|
|00000f90| 36 7a 6c 4e 4f 70 66 73 58 58 74 6d 6e 36 57 50 |6zlNOpfsXXtmn6WP|
|00000fa0| 58 61 75 38 46 46 37 33 35 2b 59 65 61 31 2f 2f |Xau8FF735+Yea1//|
|00000fb0| 4f 43 50 54 6e 6f 39 2b 58 33 2f 4f 52 6d 68 65 |OCPTno9+X3/ORmhe|
|00000fc0| 64 49 72 2f 53 6f 38 64 66 6b 4c 71 58 65 76 2f |dIr/So8dfkLqXev/|
|00000fd0| 70 53 52 47 61 50 48 53 2b 50 70 73 39 54 61 61 |pSRGaPHS+Pps9Taa|
|00000fe0| 65 32 7a 58 50 2b 38 34 76 2b 78 6f 64 76 77 70 |e2zXP+84v+xodvwp|
|00000ff0| 71 4b 39 7a 57 6d 72 45 7a 31 58 31 2f 75 4b 62 |qK9zWmrEz1X1/uKb|
|00001000| 58 77 32 30 4e 2b 65 64 53 71 6e 71 4e 4e 32 6e |Xw20N+edSqnqNN2n|
|00001010| 39 77 76 37 46 39 6e 33 68 65 7a 42 70 65 6a 39 |9wv7F9n3hezBpej9|
|00001020| 50 52 66 6a 6e 31 35 6d 38 2b 31 4e 39 64 6b 45 |PRfjn15m8+1N9dkE|
|00001030| 61 73 57 4b 6a 49 76 7a 76 50 44 59 79 50 58 47 |asWKjIvzvPDYyPXG|
|00001040| 44 78 6f 30 4e 30 34 37 45 38 77 72 71 32 55 47 |Dxo0N047E8wrq2UG|
|00001050| 39 54 64 76 31 63 32 43 71 49 71 61 4f 31 2f 67 |9Tdv1c2CqIqaO1/g|
|00001060| 6f 54 36 33 36 6e 7a 6e 79 63 36 7a 65 6f 48 30 |oT636nznyc6zeoH0|
|00001070| 48 35 38 32 55 7a 79 6f 7a 4c 39 68 33 55 39 43 |H582UzyozL9h3U9C|
|00001080| 43 4e 7a 53 6f 6e 4b 64 4a 70 4b 6d 6a 46 75 34 |CNzSonKdJpKmjFu4|
|00001090| 50 31 66 53 69 30 59 45 79 64 43 4c 63 4a 4a 2b |P1fSi0YEydCLcJJ+|
|000010a0| 70 63 51 6f 65 75 31 69 39 76 33 74 44 50 76 5a |pcQoeu1i9v3tDPvZ|
|000010b0| 50 61 6e 4b 49 6b 39 62 4d 58 71 6e 31 73 53 50 |PanKIk9bMXqn1sSP|
|000010c0| 56 33 62 74 6b 66 37 33 30 33 5a 38 71 4f 46 46 |V3btkf7303Z8qOFF|
|000010d0| 36 64 4f 36 6f 4b 67 39 65 6d 4e 4b 75 6e 37 5a |6dO6oKg9emNKun7Z|
|000010e0| 2f 5a 62 36 75 39 4f 67 35 38 70 74 39 57 6d 6c |/Zb6u9Og58pt9Wml|
|000010f0| 65 49 37 52 39 62 66 46 35 43 6d 76 62 72 32 63 |eI7R9bfF5Cmvbr2c|
|00001100| 6e 66 4b 6f 6a 30 53 2b 71 65 2b 6d 46 4c 32 54 |nfKoj0S+qe+mFL2T|
|00001110| 4c 64 62 78 4a 42 34 73 66 6e 37 53 44 43 68 6f |LdbxJB4sfn7SDCho|
|00001120| 37 53 2b 39 74 6e 71 50 4a 2f 54 32 31 49 38 44 |7S+9tnqPJ/T21I8D|
|00001130| 63 49 7a 78 64 39 4f 61 32 44 7a 58 50 4f 2f 2f |cIzxd9Oa2DzXPO//|
|00001140| 59 5a 53 5a 74 30 4f 6a 48 46 79 73 79 36 6f 6a |YZSZt0OjHFysy6oj|
|00001150| 6b 4e 55 4a 37 4e 72 30 68 48 33 74 4a 79 74 4b |kNUJ7Nr0hH3tJytK|
|00001160| 4a 6c 57 2b 70 79 34 77 34 42 61 37 63 70 33 48 |JlW+py4w4Ba7cp3H|
|00001170| 46 7a 74 66 71 6e 68 39 33 61 71 37 71 5a 38 6c |Fztfqnh93aq7qZ8l|
|00001180| 54 38 37 37 62 72 71 44 55 67 6f 45 71 68 38 7a |T877brqDUgoEqh8z|
|00001190| 53 44 30 76 36 79 61 6c 4f 42 36 63 45 67 4c 74 |SD0v6yalOB6cEgLt|
|000011a0| 58 66 54 38 52 77 4e 57 39 68 36 79 56 70 43 65 |XfT8RwNW9h6yVpCe|
|000011b0| 6d 4c 64 4d 63 6e 36 70 76 4f 32 50 6e 54 44 33 |mLdMcn6pvO2PnTD3|
|000011c0| 35 7a 6a 52 6c 44 39 69 73 48 2f 36 33 34 76 76 |5zjRlD9isH/634vv|
|000011d0| 48 58 33 36 71 68 52 62 39 31 79 2f 4d 4e 2f 36 |HX36qhRb91y/MN/6|
|000011e0| 4c 4f 33 74 52 47 62 72 7a 33 65 32 42 59 61 45 |LO3tRGbrz3e2BYaE|
|000011f0| 4b 48 31 5a 79 6c 6e 4e 4a 43 5a 4a 36 79 4c 33 |KH1ZylnNJCZJ6yL3|
|00001200| 55 6e 30 55 37 5a 33 63 35 61 35 65 53 7a 31 36 |Un0U7Z3c5a5eSz16|
|00001210| 55 7a 4e 7a 54 58 2b 58 6c 4c 70 35 56 55 72 59 |UzNzTX+XlLp5VUrY|
|00001220| 6b 56 31 65 56 58 4d 73 44 63 76 57 51 74 43 74 |kV1eVXMsDcvWQtCt|
|00001230| 4a 6c 79 52 5a 38 67 37 38 2b 50 68 34 53 53 6f |JlyRZ8g78+Ph4SSo|
|00001240| 61 45 36 49 79 50 58 72 30 73 47 68 50 6b 62 77 |aE6IyPXr0sGhPkbw|
|00001250| 36 65 76 53 66 52 39 64 32 69 74 33 34 6e 56 4a |6evSfR9d2it34nVJ|
|00001260| 47 74 56 63 48 53 5a 6c 48 44 6d 69 70 32 73 6d |GtVcHSZlHDmip2sm|
|00001270| 6a 36 77 58 64 75 52 37 78 6b 41 4a 6d 50 4b 57 |j6wXduR7xkAJmPKW|
|00001280| 46 4c 33 32 71 54 51 66 38 39 4d 67 76 39 6d 72 |FL32qTQf89Mgv9mr|
|00001290| 70 58 6d 6e 49 52 79 50 56 73 38 4c 37 69 79 35 |pXmnIRyPVs8L7iy5|
|000012a0| 72 39 34 59 44 30 73 41 65 47 72 49 72 51 65 45 |r94YD0sAeGrIrQeE|
|000012b0| 48 7a 6d 68 73 2b 2f 59 46 72 31 31 54 39 4b 65 |Hzmhs+/YFr11T9Ke|
|000012c0| 72 46 48 2f 2f 4d 39 72 32 74 31 46 36 30 6c 5a |rFH//M9r2t1F60lZ|
|000012d0| 53 48 30 64 6c 48 70 36 6f 71 52 38 66 6b 4d 6c |SH0dlHp6oqR8fkMl|
|000012e0| 33 69 44 70 55 61 5a 34 30 52 58 32 38 54 78 65 |3iDpUaZ40RX28Txe|
|000012f0| 36 6a 74 65 6d 42 63 2f 71 45 55 6e 71 2f 53 74 |6jtemBc/qEUnq/St|
|00001300| 70 78 41 79 5a 46 75 78 56 77 49 6f 42 71 73 36 |pxAyZFuxVwIoBqs6|
|00001310| 44 7a 79 52 4a 65 35 66 4a 74 4c 4f 50 56 70 55 |DzyRJe5fJtLOPVpU|
|00001320| 4a 4e 31 72 4a 76 63 38 6a 63 70 63 6b 6d 77 4f |JN1rJvc8jcpckmwO|
|00001330| 53 4a 50 64 75 6a 2b 6a 4a 78 79 70 62 59 58 76 |SJPduj+jJxypbYXv|
|00001340| 31 65 2f 55 52 4c 66 7a 74 4f 35 72 2b 79 56 2b |1e/URLfztO5r+yV+|
|00001350| 30 79 4b 66 61 46 64 58 59 37 55 59 36 61 47 54 |0yKfaFdXY7UY6aGT|
|00001360| 44 39 67 43 34 73 6b 39 68 77 61 6c 53 75 78 46 |D9gC4sk9hwalSuxF|
|00001370| 61 76 38 53 76 31 4b 4f 76 32 6d 69 51 61 61 35 |av8Sv1KOv2miQaa5|
|00001380| 57 39 5a 50 53 56 69 33 57 36 68 4a 58 35 59 35 |W9ZPSVi3W6hJX5Y5|
|00001390| 70 64 57 43 63 30 74 72 31 30 2b 71 56 78 52 76 |pdWCc0tr10+qVxRv|
|000013a0| 2f 68 63 75 46 61 74 30 51 4b 57 31 7a 6d 4e 61 |/hcuFat0QKW1zmNa|
|000013b0| 58 75 5a 70 58 58 69 31 78 43 70 75 64 4b 67 32 |XuZpXXi1xCpudKg2|
|000013c0| 5a 70 64 58 46 47 2f 2b 53 5a 4f 2b 6d 63 61 62 |ZpdXFG/+SZO+mcab|
|000013d0| 58 35 61 76 7a 43 74 35 38 4a 50 2f 4b 58 57 48 |X5avzCt58JP/KXWH|
|000013e0| 74 48 69 4d 56 55 62 70 32 65 7a 65 4e 57 37 6c |tHiMVUbp2ezeNW7l|
|000013f0| 64 50 33 2f 33 74 70 6d 47 6b 37 58 65 4e 4d 30 |dP3/3tpmGk7XeNM0|
|00001400| 71 31 76 67 76 72 48 6d 32 46 6e 70 49 32 68 32 |q1vgvrHm2FnpI2h2|
|00001410| 68 6d 44 4a 58 35 74 76 49 78 37 52 61 35 30 2b |hmDJX5tvIx7Ra50+|
|00001420| 75 30 68 64 4c 52 6d 72 53 6b 49 37 71 36 79 58 |u0hdLRmrSkI7q6yX|
|00001430| 46 78 65 37 58 42 31 4f 6e 79 66 6d 52 69 57 57 |Fxe7XB1OnyfmRiWW|
|00001440| 36 5a 42 38 4e 58 36 78 6c 46 36 51 52 4b 30 4a |6ZB8NX6xlF6QRK0J|
|00001450| 4c 4e 4c 41 6c 79 61 6e 2f 47 7a 70 34 66 72 74 |LNLAlyan/Gzp4frt|
|00001460| 69 7a 44 30 36 72 74 2f 72 43 69 76 31 2f 68 33 |izD06rt/rCiv1/h3|
|00001470| 63 2f 52 53 32 38 45 6c 4a 32 58 6f 76 36 73 69 |c/RS28ElJ2Xov6si|
|00001480| 64 4b 35 63 31 50 48 36 46 74 66 6b 75 6d 56 75 |dK5c1PH6FtfkumVu|
|00001490| 6d 4e 67 64 33 50 36 31 65 4f 55 4b 4f 53 6c 58 |mNgd3P61eOUKOSlX|
|000014a0| 67 79 6e 30 56 33 48 5a 67 4b 61 65 30 66 6c 36 |gyn0V3HZgKae0fl6|
|000014b0| 63 30 6a 78 47 61 74 48 63 2f 71 58 47 57 57 69 |c0jxGatHc/qXGWWi|
|000014c0| 6a 51 55 46 76 36 4d 31 32 55 75 53 71 2f 57 57 |jQUFv6M12UuSq/WW|
|000014d0| 76 4d 70 66 69 34 44 46 4b 45 64 2f 39 73 39 68 |vMpfi4DFKEd/9s9h|
|000014e0| 2b 74 5a 47 44 66 65 75 43 65 7a 2b 74 5a 56 73 |+tZGDfeuCez+tZVs|
|000014f0| 77 38 47 52 31 37 67 56 4e 4f 33 56 61 65 32 50 |w8GR17gVNO3Vae2P|
|00001500| 4e 2f 45 51 64 4d 64 39 6c 76 6f 43 76 61 58 61 |N/EQdMd9lvoCvaXa|
|00001510| 78 78 72 38 6b 32 61 6c 7a 67 45 6c 68 41 5a 49 |xxr8k2alzgElhAZI|
|00001520| 75 52 43 6f 69 50 6b 75 53 6a 58 72 37 76 79 68 |uRCoiPkuSjXr7vyh|
|00001530| 66 5a 65 75 39 68 64 74 4c 76 62 38 55 52 61 7a |fZeu9hdtLvb8URaz|
|00001540| 63 4c 2b 6c 4a 6d 51 4c 4b 7a 31 52 4c 2b 37 33 |cL+lJmQLKz1RL+73|
|00001550| 70 39 58 4a 43 69 56 4e 61 50 58 75 33 30 74 52 |p9XJCiVNaPXu30tR|
|00001560| 56 71 31 61 57 44 67 6a 73 31 44 6c 67 6a 74 5a |Vq1aWDgjs1DlgjtZ|
|00001570| 50 73 5a 62 69 77 78 52 6d 37 70 61 45 64 69 4d |PsZbiwxRm7paEdiM|
|00001580| 30 72 2f 54 78 63 65 79 74 65 51 73 6e 36 31 46 |0r/TxceyteQsn61F|
|00001590| 4a 4f 38 50 6a 7a 42 2b 66 67 41 6b 4b 38 72 35 |JO8PjzB+fgAkK8r5|
|000015a0| 7a 6a 74 6d 36 44 39 62 6b 2f 41 52 4e 4c 77 64 |zjtm6D9bk/ARNLwd|
|000015b0| 4f 4c 6d 6a 38 53 35 4b 4e 4f 76 75 50 30 43 52 |OLmj8S5KNOvuP0CR|
|000015c0| 4a 69 6a 70 57 62 46 32 31 4f 44 2b 71 38 31 6d |JijpWbF21OD+q81m|
|000015d0| 79 74 5a 4f 44 66 61 6d 42 4b 68 6c 72 41 59 41 |ytZODfamBKhlrAYA|
|000015e0| 42 2b 66 6a 34 4b 43 6b 70 79 65 78 56 2f 72 4e |B+fj4KCkpyexV/rN|
|000015f0| 6e 7a 79 6f 70 4b 55 6b 39 65 76 53 6f 33 36 4c |nzyopKUk9evSo36L|
|00001600| 63 2b 32 69 6f 70 46 32 37 45 70 51 68 36 65 4c |c+2iopF27EpQh6eL|
|00001610| 57 61 58 65 36 2b 34 66 6d 66 38 46 4a 44 4c 33 |WaXe6+4fmf8FJDL3|
|00001620| 54 2f 66 2b 74 6d 41 78 4a 47 66 70 6d 31 31 34 |T/f+tmAxJGfpm114|
|00001630| 31 79 2f 50 56 78 79 46 74 74 4f 63 50 72 52 58 |1y/PVxyFttOcPrRX|
|00001640| 69 33 30 70 39 75 31 6a 4c 76 6f 57 56 37 46 74 |i30p9u1jLvoWV7Ft|
|00001650| 59 71 57 38 58 61 34 58 34 74 39 4b 65 50 37 54 |YqW8Xa4X4t9KeP7T|
|00001660| 57 36 69 6e 32 46 54 66 2b 32 2f 62 52 30 44 37 |W6in2FTf+2/bR0D7|
|00001670| 57 30 74 36 33 4e 57 7a 53 41 75 31 4b 7a 6c 5a |W0t63NWzSAu1KzlZ|
|00001680| 32 36 61 63 56 46 4d 6f 75 35 38 70 72 6d 7a 5a |26acVFMou58prmzZ|
|00001690| 79 6c 58 51 67 71 5a 78 65 6c 6c 56 65 72 72 77 |ylXQgqZxellVerrw|
|000016a0| 72 75 33 5a 71 30 30 61 53 6b 70 56 38 73 5a 78 |ru3Zq00aSkpV8sZx|
|000016b0| 5a 61 75 6a 61 74 66 77 33 57 39 58 77 78 38 37 |Zaujatfw3W9Xwx87|
|000016c0| 4f 72 6d 67 5a 53 36 69 72 68 70 7a 2f 4b 36 50 |OrmgZS6irhpz/K6P|
|000016d0| 6b 66 66 44 4c 67 71 76 7a 32 54 71 30 38 30 76 |kffDLgqvz2Tq080v|
|000016e0| 70 6c 56 47 61 38 71 75 53 38 7a 6e 34 6a 46 4b |plVGa8quS8zn4jFK|
|000016f0| 67 35 79 30 74 32 72 68 58 6d 37 5a 38 71 73 54 |g5y0t2rhXm7Z8qsT|
|00001700| 37 6e 39 47 55 53 71 37 2b 36 38 77 42 72 64 30 |7n9GUSq7+68wBrd0|
|00001710| 6c 44 52 6b 2b 58 68 4e 65 6c 47 4a 58 48 43 6a |lDRk+XhNelGJXHCj|
|00001720| 6f 51 53 42 4a 5a 35 53 34 55 35 4a 6e 5a 37 6b |oQSBJZ5S4U5JnZ7k|
|00001730| 58 66 54 46 74 72 37 45 62 74 2b 76 4b 78 69 45 |XfTFtr7Ebt+vKxiE|
|00001740| 46 45 56 4d 56 35 72 6c 77 51 74 46 37 4a 51 33 |FEVMV5rlwQtF7JQ3|
|00001750| 33 79 47 2f 38 53 35 4c 74 51 2f 4c 71 49 32 6e |3yG/8S5LtQ/LqI2n|
|00001760| 58 6a 7a 56 34 62 6c 52 2f 54 58 6c 46 32 68 79 |XjzV4blR/TXlF2hy|
|00001770| 38 56 76 73 74 65 42 74 6b 42 39 38 2f 61 74 74 |8VvsteBtkB98/att|
|00001780| 48 6a 6f 70 36 36 52 30 74 50 47 79 35 38 36 49 |Hjop66R0tPGy586I|
|00001790| 79 74 2b 73 6f 4f 4b 71 74 68 67 30 41 6b 6f 35 |yt+soOKqthg0Ako5|
|000017a0| 6f 6d 53 54 48 4b 63 2f 49 78 32 79 72 71 49 4d |omSTHKc/Ix2yrqIM|
|000017b0| 47 42 66 53 53 64 46 34 78 53 63 58 75 71 55 38 |GBfSSdF4xScXuqU8|
|000017c0| 38 6f 76 55 58 4a 50 6b 50 4c 76 59 46 76 6a 68 |8ovUXJPkPLvYFvjh|
|000017d0| 6e 44 52 72 66 54 39 4a 35 52 53 53 61 37 30 52 |nDRrfT9J5RSSa70R|
|000017e0| 53 58 69 32 39 33 4b 78 31 49 76 61 49 59 6b 72 |SXi293Kx1IvaIYkr|
|000017f0| 2f 70 45 71 64 33 53 51 6c 6e 73 2b 2f 35 37 69 |/pEqd3SQlns+/57i|
|00001800| 77 39 75 66 36 71 37 66 5a 32 6d 33 6b 59 48 61 |w9uf6q7fZ2m3kYHa|
|00001810| 36 70 37 71 37 6d 66 74 69 37 36 62 65 7a 30 6e |6p7q7mfti76bez0n|
|00001820| 53 61 5a 30 76 72 34 65 4b 6f 35 76 38 41 6e 36 |SaZ0vr4eKo5v8An6|
|00001830| 76 73 4c 57 72 46 52 4f 39 51 33 6e 6e 4e 32 72 |vsLWrFRO9Q3nnN2r|
|00001840| 37 39 49 35 79 76 48 42 63 67 66 36 4c 46 56 50 |79I5yvHBcgf6LFVP|
|00001850| 30 51 62 6d 6b 45 37 48 6e 4a 66 58 53 4f 47 39 |0QbmkE7HnJfXSOG9|
|00001860| 7a 56 30 55 6c 32 5a 62 54 45 50 56 32 4d 7a 76 |zV0Ul2ZbTEPV2Mzv|
|00001870| 59 6f 49 50 58 6b 2f 6c 6a 45 61 52 65 76 74 4d |YoIPXk/ljEaRevtM|
|00001880| 6f 72 39 48 78 4b 31 5a 62 50 2f 50 50 72 72 66 |or9HxK1ZbP/PPrrf|
|00001890| 31 66 6b 62 54 32 30 6c 61 64 55 51 6e 7a 46 64 |1fkbT20ladUQnzFd|
|000018a0| 76 4f 57 6d 6e 46 4a 4d 6f 79 63 4e 5a 6d 66 46 |vOWmnFJMoycNZmfF|
|000018b0| 6d 6a 6e 74 38 68 70 78 36 53 6f 6f 39 70 65 53 |mjnt8hpx6Soo9peS|
|000018c0| 43 2f 65 76 61 37 30 57 39 30 45 36 4b 66 47 57 |C/eva70W90E6KfGW|
|000018d0| 73 4f 76 75 48 4b 43 67 38 57 67 65 54 4c 74 58 |sOvuHKCg8WgeTLtX|
|000018e0| 4a 79 4f 30 6a 56 6b 51 71 4c 7a 33 57 7a 45 2b |JyO0jVkQqLz3WzE+|
|000018f0| 34 4a 6c 63 51 67 76 75 34 6d 54 76 75 64 75 72 |4JlcQgvu4mTvudur|
|00001900| 64 72 35 63 6b 4b 54 6d 74 34 4a 65 66 79 32 41 |dr5ckKTmt4Jefy2A|
|00001910| 46 54 62 65 57 64 6e 2b 71 69 47 49 68 54 57 62 |FTbeWdn+qiGIhTWb|
|00001920| 73 42 67 58 74 6c 68 34 4e 65 62 46 61 6a 79 35 |sBgXtlh4NebFajy5|
|00001930| 30 73 69 6d 6e 30 56 71 34 6e 34 66 34 61 5a 43 |0simn0Vq4n4f4aZC|
|00001940| 4c 75 52 6c 73 35 50 50 63 43 44 6c 4b 57 70 5a |LuRls5PPcCDlKWpZ|
|00001950| 6f 35 73 39 46 7a 32 37 71 62 4f 34 63 38 2f 44 |o5s9Fz27qbO4c8/D|
|00001960| 55 61 45 6d 4b 54 54 45 2f 46 6f 43 62 63 36 6d |UaEmKTTE/FoCbc6m|
|00001970| 78 4d 65 7a 6b 55 4c 44 39 7a 75 31 4b 66 59 6d |xMezkULD9zu1KfYm|
|00001980| 77 7a 2f 2b 43 6f 77 76 5a 64 34 35 6c 44 63 36 |wz/+CowvZd45lDc6|
|00001990| 50 49 74 58 35 4c 41 47 34 4e 36 56 46 61 33 54 |PItX5LAG4N6VFa3T|
|000019a0| 42 47 43 41 57 2f 5a 6b 51 58 59 75 78 6a 68 71 |BGCAW/ZkQXYuxjhq|
|000019b0| 33 67 49 41 41 4f 54 73 37 61 39 61 73 57 55 56 |3gIAAOTs7a9asWUV|
|000019c0| 58 66 61 58 38 4b 38 43 7a 5a 73 32 53 73 37 4f |XfaX8K8CzZs2Ss7O|
|000019d0| 7a 41 67 49 43 36 72 63 6f 47 33 64 35 39 4a 47 |zAgIC6rcoG3d59JG|
|000019e0| 30 36 78 73 6c 5a 6b 6c 74 50 58 7a 55 6f 37 43 |06xslZkltPXzUo7C|
|000019f0| 37 66 2b 47 66 57 2b 66 43 37 76 38 44 31 66 64 |7f+GfW+fC7v8D1fd|
|00001a00| 68 4f 79 6e 6a 47 2b 33 61 4b 32 6e 67 45 2f 4b |hOynjG+3aK2ngE/K|
|00001a10| 77 79 52 38 59 30 50 52 38 4b 38 58 38 73 62 58 |wyR8Y0PR8K8X8sbX|
|00001a20| 53 56 7a 6f 71 66 61 57 6a 59 76 37 59 57 71 62 |SVzoqfaWjYv7YWqb|
|00001a30| 6e 57 31 58 79 79 4c 39 43 62 65 58 37 34 52 59 |nW1XyyL9CbeX74RY|
|00001a40| 74 6d 7a 46 51 72 73 6b 78 4f 6e 41 75 51 58 4f |tmzFQrskxOnAuQXO|
|00001a50| 66 39 35 4b 50 2f 30 79 74 54 72 42 77 61 37 73 |f95KP/0ytTrBwa7s|
|00001a60| 52 63 6e 62 4f 33 39 47 46 6a 34 57 73 7a 4c 6c |RcnbO39GFj4WszLl|
|00001a70| 7a 35 2b 54 6b 5a 4c 6b 48 5a 64 5a 56 51 2b 36 |z5+TkZLkHZdZVQ+6|
|00001a80| 51 6a 61 4d 43 65 68 66 63 42 6c 44 51 2f 58 2b |QjaMCehfcBlDQ/X+|
|00001a90| 4b 72 36 4d 75 37 43 6f 39 35 30 4d 4b 65 4c 57 |Kr6Mu7Co950MKeLW|
|00001aa0| 50 74 48 47 42 4a 69 79 35 70 58 35 42 42 56 66 |PtHGBJiy5pX5BBVf|
|00001ab0| 6b 4b 35 42 79 49 46 71 37 39 61 43 47 50 50 61 |kK5ByIFq79aCGPPa|
|00001ac0| 51 50 48 72 33 6b 49 35 48 4b 66 5a 59 73 52 6c |QPHr3kI5HKfZYsRl|
|00001ad0| 2b 71 6b 4b 42 6c 63 36 54 72 62 4a 44 53 6c 6a |+qkKBlc6TrbJDSlj|
|00001ae0| 4c 39 6e 35 4a 4f 71 50 55 61 67 2b 44 30 55 72 |L9n5JOqPUag+D0Ur|
|00001af0| 2b 55 32 66 71 4f 58 30 70 30 34 6f 66 4c 50 72 |+U2fqOX0p04ofLPr|
|00001b00| 64 75 73 4f 49 49 4b 31 38 35 62 70 4d 49 39 62 |dusOIIK185bpMI9b|
|00001b10| 57 32 33 67 42 6a 54 55 41 61 4e 42 62 41 4d 36 |W23gBjTUAaNBbAM6|
|00001b20| 6e 35 6e 2f 52 37 2b 31 53 2f 67 66 55 79 63 56 |n5n/R7+1S/gfUycV|
|00001b30| 46 55 70 77 69 55 38 39 4c 4b 72 69 53 56 7a 67 |FUpwiU89LKriSVzg|
|00001b40| 79 66 72 76 79 72 36 59 36 32 4f 65 6e 59 6e 76 |yfrvyr6Y62OenYnv|
|00001b50| 54 71 70 62 79 46 4e 59 53 74 38 69 6b 70 78 64 |TqpbyFNYSt8ikpxd|
|00001b60| 56 4d 4b 50 74 4e 61 56 58 73 66 59 36 5a 2b 75 |VMKPtNaVXsfY6Z+u|
|00001b70| 73 51 61 59 50 46 58 5a 68 73 4a 34 4e 6a 39 54 |sQaYPFXZhsJ4Nj9T|
|00001b80| 36 32 4d 6e 79 36 57 38 6e 36 62 79 53 6f 79 54 |62Mny6W8n6bySoyT|
|00001b90| 4a 52 55 35 31 32 4d 75 6c 5a 73 66 76 54 6d 32 |JRU512MulZsfvTm2|
|00001ba0| 75 35 64 62 6d 4a 4e 65 65 6b 71 4a 53 6c 5a 77 |u5dbmJNeekqJSlZw|
|00001bb0| 6d 39 61 37 4c 6e 6a 71 70 70 78 51 70 53 65 47 |m9a7LnjqppxQpSeG|
|00001bc0| 4c 39 58 52 34 52 54 4e 65 55 32 61 57 4a 46 74 |L9XR4RTNeU2aWJFt|
|00001bd0| 4a 6a 76 32 31 2f 6c 41 48 2b 63 31 37 58 36 5a |Jjv21/lAH+c17X6Z|
|00001be0| 4e 75 2f 58 65 37 74 31 36 54 35 4c 61 64 64 54 |Nu/Xe7t16T5LaddT|
|00001bf0| 4c 70 6a 65 30 4b 4b 44 62 58 66 52 34 4a 68 76 |Lpje0KKDbXfR4Jhv|
|00001c00| 35 54 48 68 64 76 6f 76 6d 4b 33 42 70 74 4d 59 |5THhdvovmK3BptMY|
|00001c10| 74 36 53 38 48 58 56 4c 45 30 6b 69 6c 71 61 76 |t6S8HXVLE0kilqav|
|00001c20| 6d 2b 58 65 7a 7a 4f 6a 56 68 66 76 5a 71 30 50 |m+XezzOjVhfvZq0P|
|00001c30| 35 74 2b 53 34 75 4b 6d 33 70 4d 6a 34 46 4a 31 |5t+S4uKm3pMj4FJ1|
|00001c40| 58 74 38 62 78 66 4f 75 61 6e 42 38 41 55 49 6a |Xt8bxfOuanB8AUIj|
|00001c50| 48 41 4e 62 49 79 79 2b 2f 72 41 55 4c 46 6d 6a |HANbIyy+/rAULFmj|
|00001c60| 53 70 45 6b 6c 70 72 64 70 30 30 59 7a 5a 73 78 |SpEklprdp00YzZsx|
|00001c70| 6f 67 49 6f 4b 78 67 45 34 73 45 30 48 6b 74 37 |ogIoKxgE4sE0Hkt7|
|00001c80| 53 45 78 37 2b 57 68 5a 65 34 6c 6b 42 38 67 67 |SEx7+WhZe4lkB8gg|
|00001c90| 49 56 33 69 78 58 4f 4c 69 31 6d 33 61 4b 32 6e |IV3ixXOLi1m3aK2n|
|00001ca0| 67 77 42 36 79 33 41 30 4c 62 64 55 6a 59 49 35 |gwB6y3A0LbdUjYI5|
|00001cb0| 57 42 31 7a 55 31 6d 6d 76 4b 38 6c 6e 6f 4a 49 |WB1zU1mmvK8lnoJI|
|00001cc0| 2b 2f 45 67 66 54 55 71 57 31 6d 37 53 75 45 36 |+/EgfTUqW1m7SuE6|
|00001cd0| 56 4c 48 34 74 57 35 63 6b 39 53 6e 64 78 37 38 |VLH4tW5ck9Sndx78|
|00001ce0| 79 56 56 34 75 53 78 6c 5a 6b 75 53 71 4b 6a 34 |yVV4uSxlZkuSqKj4|
|00001cf0| 78 73 63 6f 36 64 63 70 2f 63 7a 45 78 4d 66 4c |xsco6dcp/czExMfL|
|00001d00| 78 38 61 6c 77 33 6f 79 4d 44 43 55 6b 4a 42 51 |x8alw3oyMDCUkJBQ|
|00001d10| 74 30 37 67 39 4b 4f 2b 52 44 32 72 71 78 75 2f |t07g9KO+RD2rqxu/|
|00001d20| 30 58 66 73 66 74 66 54 2b 5a 37 54 4e 73 36 58 |0XfsftfT+Z7TNs6X|
|00001d30| 69 7a 63 7a 70 34 44 74 57 63 37 73 65 55 50 44 |izczp4DtWc7seUPD|
|00001d40| 78 5a 78 51 34 76 4c 49 76 78 32 6d 4b 33 58 4a |xZxQ4vLIvx2mK3XJ|
|00001d50| 43 36 6a 70 65 48 75 30 6c 52 2f 57 52 74 78 49 |C6jpeHu0lR/WRtxI|
|00001d60| 55 66 75 42 66 6d 74 72 74 6f 66 78 5a 37 71 39 |UfuBfmtrtofxZ7q9|
|00001d70| 43 65 5a 58 4f 59 32 33 6d 79 52 6a 5a 79 76 78 |CeZXOY23myRjZyvx|
|00001d80| 4a 6b 74 72 4c 70 56 30 56 74 6c 46 61 75 37 34 |JktrLpV0VtlFau74|
|00001d90| 79 42 55 58 6f 6b 5a 6e 4c 74 66 53 56 35 70 4b |yBUXokZnLtfSV5pK|
|00001da0| 71 45 70 42 56 4c 69 56 79 6e 69 61 73 61 43 6c |qEpBVLiVyniasaCl|
|00001db0| 54 35 46 6a 31 74 4d 67 61 37 31 34 4e 47 67 41 |T5Fj1tMga714NGgA|
|00001dc0| 55 4e 67 34 50 46 6d 2f 63 6c 33 4c 2b 51 6e 34 |UNg4PFm/cl3L+Qn4|
|00001dd0| 6a 63 34 53 35 52 75 61 56 38 67 65 58 79 4d 7a |jc4S5RuaV8geXyMz|
|00001de0| 4b 66 36 32 76 59 36 74 71 31 65 4b 37 59 4a 58 |Kf62vY6tq1eK7YJX|
|00001df0| 57 2b 31 66 51 39 43 6a 38 6f 31 75 46 32 69 30 |W+1fQ9Cj8o1uF2i0|
|00001e00| 6a 53 2b 6d 5a 35 66 55 6d 6b 49 71 75 36 6f 62 |jS+mZ5fUmkIqu6ob|
|00001e10| 48 36 58 7a 52 2f 6e 43 53 36 78 42 4a 55 61 6e |H6XzR/nCS6xBJUan|
|00001e20| 35 76 51 6e 71 71 41 46 64 73 2b 4e 58 6c 64 72 |5vQnqqAFds+NXldr|
|00001e30| 4f 4b 2f 6d 51 56 48 46 49 59 43 45 46 54 31 6d |OK/mQVHFIYCEFT1m|
|00001e40| 49 6e 44 4a 48 50 77 64 35 6c 6a 2b 66 6a 56 33 |InDJHPwd5lj+fjV3|
|00001e50| 4a 59 32 44 76 70 74 46 7a 6c 32 76 30 58 43 6b |JY2DvptFzl2v0XCk|
|00001e60| 7a 4c 55 56 48 34 2f 64 72 58 6e 43 59 31 6b 79 |zLUVH4/drXnCY1ky|
|00001e70| 64 70 42 4e 58 56 75 6e 67 6c 4b 70 33 6d 32 39 |dpBNXVunglKp3m29|
|00001e80| 77 4c 76 30 30 66 66 78 69 37 56 79 31 51 52 46 |wLv00ffxi7Vy1QRF|
|00001e90| 42 2f 54 58 75 79 6e 62 4e 69 35 49 63 70 30 7a |B/TXuynbNi5Icp0z|
|00001ea0| 51 61 4c 4e 58 36 32 75 79 6a 59 4c 39 6e 48 69 |QaLNX62uyjYL9nHi|
|00001eb0| 75 2f 4d 62 39 68 52 51 64 6c 43 6f 4f 43 65 70 |u/Mb9hRQdlCoOCep|
|00001ec0| 62 54 63 38 50 41 43 6a 41 59 77 43 72 37 75 54 |bTc8PACjAYwCr7uT|
|00001ed0| 4a 6b 31 71 77 59 49 45 53 45 68 4c 55 71 6c 55 |Jk1qwYIESEhLUqlU|
|00001ee0| 72 75 62 75 37 79 38 72 4b 53 73 32 62 4e 31 64 |rubu7y8rKSs2bN1d|
|00001ef0| 32 64 72 59 79 4d 6a 4c 30 7a 6a 76 76 36 42 2f |2drYyMjL0zjvv6B/|
|00001f00| 2f 2b 49 64 43 51 6b 4c 71 74 59 48 6e 36 74 35 |/+IdCQkLqtYHn6t5|
|00001f10| 48 31 6b 72 53 70 6c 6b 42 53 71 6a 43 31 37 36 |H1krSplkBSqjC176|
|00001f20| 73 73 30 6d 53 42 6d 70 67 6a 37 6f 61 72 36 43 |ss0mSBmpgj7oar6C|
|00001f30| 4e 33 50 75 4f 30 32 76 4f 5a 2f 58 72 31 7a 63 |N3PuO02vOZ/Xr1zc|
|00001f40| 72 49 65 6d 69 78 6e 58 4b 62 33 55 37 50 39 78 |rIemixnXKb3U7P9x|
|00001f50| 48 55 6f 4b 53 7a 6b 6e 46 62 39 4c 50 4f 6e 74 |HUoKSzknFb9LPOnt|
|00001f60| 53 53 5a 4b 65 61 32 4f 2b 70 69 6f 76 31 39 5a |SSZKea2O+piov19Z|
|00001f70| 56 37 74 62 53 67 65 52 6b 58 5a 52 48 73 56 6e |V7tbSgeRkXZRHsVn|
|00001f80| 50 36 64 7a 33 6b 74 78 64 4c 52 68 36 33 50 47 |P6dz3ktxdLRh63PG|
|00001f90| 37 33 2f 31 4f 66 2f 2f 37 33 7a 56 30 36 4e 41 |73/1Of//73zV06NA|
|00001fa0| 4b 48 77 4f 35 62 4e 6b 79 6e 54 74 33 54 69 45 |KHwO5bNkynTt3TiE|
|00001fb0| 68 49 52 62 62 64 70 4d 6d 54 65 72 73 61 6d 36 |hIRbbdpMmTersam6|
|00001fc0| 48 50 73 2b 6f 33 38 77 76 46 62 7a 67 52 37 55 |HPs+o38wvFbzgR7U|
|00001fd0| 62 2b 5a 35 36 32 73 70 73 41 43 44 39 55 6f 36 |b+Z562spsACD9Uo6|
|00001fe0| 2f 6b 6e 54 63 57 72 61 56 2f 56 49 35 45 36 2f |/knTcWraV/VI5E6/|
|00001ff0| 77 76 5a 4b 30 53 6b 2b 32 4c 7a 61 59 31 4a 4a |wvZK0Sk+2LzaY1JJ|
|00002000| 6f 48 66 72 74 51 2b 71 70 39 76 4c 77 6c 62 54 |oHfrtQ+qp9vLwlbT|
|00002010| 7a 68 4a 49 79 42 38 6a 52 56 70 4c 4f 61 4f 33 |zhJIyB8jRVpLOaO3|
|00002020| 49 69 5a 71 71 31 2f 54 64 78 69 48 71 55 4a 56 |IiZqq1/TdxiHqUJV|
|00002030| 35 32 6e 56 57 2f 37 37 53 35 69 32 4a 2b 75 37 |52nVW/77S5i2J+u7|
|00002040| 56 4c 67 57 33 41 5a 78 52 34 67 46 4a 41 78 39 |VLgW3AZxR4gFJAx9|
|00002050| 55 2f 74 64 49 61 39 6d 58 44 67 4b 75 2f 46 7a |U/tdIa9mXDgKu/Fz|
|00002060| 4f 51 48 38 46 2b 32 54 34 52 4a 6c 57 7a 4a 42 |OQH8F+2T4RJlWzJB|
|00002070| 70 68 53 54 56 2f 70 61 66 6c 4a 31 2f 30 74 44 |phSTV/paflJ1/0tD|
|00002080| 58 30 6a 54 6b 6b 37 38 6f 38 4c 47 71 74 51 30 |X0jTkk78o8LGqtQ0|
|00002090| 74 6f 54 45 2b 41 6c 42 71 36 46 73 41 33 44 30 |toTE+AlBq6FsA3D0|
|000020a0| 31 53 56 4c 61 35 75 68 79 52 75 79 2f 70 4a 6a |1SVLa5uhyRuy/pJj|
|000020b0| 77 4f 45 6c 4f 38 6e 45 33 38 39 73 32 50 4c 70 |wOElO8nE389s2PLp|
|000020c0| 59 74 2f 65 53 79 30 55 73 6a 5a 52 6b 72 55 46 |Yt/eSy0UsjZRkrUF|
|000020d0| 75 35 72 75 5a 6c 31 66 4c 7a 71 68 6a 53 69 2b |u5ruZl1fLzqhjSi+|
|000020e0| 34 56 39 76 73 6a 32 33 4a 2b 63 75 76 33 52 49 |4V9vsj23J+cuv3RI|
|000020f0| 75 4b 57 4a 43 50 2f 33 53 61 61 4a 57 56 33 41 |uKWJCP/3SaaJWV3A|
|00002100| 54 54 66 71 56 30 6f 38 63 62 4b 50 4f 33 6b 36 |TTfqV0o8cbKPO3k6|
|00002110| 53 34 72 51 36 74 67 35 48 30 36 2f 52 38 61 75 |S4rQ6tg5H06/R8au|
|00002120| 38 74 73 78 44 30 66 6d 33 65 49 7a 33 56 4f 66 |8tsxD0fm3eIz3VOf|
|00002130| 43 69 62 5a 74 39 4b 67 6b 58 63 69 77 62 46 64 |CibZt9KgkXciwbFd|
|00002140| 37 52 7a 66 35 65 45 6a 61 46 4b 65 6a 4e 6c 55 |7Rzf5eEjaFKejNlU|
|00002150| 34 37 6d 62 59 4f 6e 5a 51 37 79 45 76 4b 6d 4b |47mbYOnZQ7yEvKmK|
|00002160| 2f 53 53 39 4c 69 6f 73 39 64 5a 64 31 7a 62 54 |/SS9Lios9dZd1zbT|
|00002170| 54 6f 41 6b 54 39 4b 69 4f 4b 32 68 6c 74 43 4c |ToAkT9KiOK2hltCL|
|00002180| 43 56 2b 70 62 75 53 67 6f 6f 4c 66 64 62 5a 79 |CV+pbuSgooLfdbZy|
|00002190| 7a 41 41 41 67 41 45 6c 45 51 56 54 6c 76 72 51 |zAAAgAElEQVTlvrQ|
|000021a0| 57 37 75 66 4e 32 38 32 4d 63 53 46 4a 57 54 6f |W7ufN282McSFJWTo|
|000021b0| 59 76 56 74 70 6b 69 5a 35 57 43 70 31 73 41 41 |YvVtpkiZ5WCp1sAA|
|000021c0| 4c 6e 42 38 41 67 4d 71 64 50 48 6c 53 6b 79 5a |LnB8AgMqdPHlSkyZ|
|000021d0| 4e 30 73 6d 54 4a 78 55 53 45 71 4b 59 6d 42 69 |N0smTJxUSEqKYmBi|
|000021e0| 74 57 37 64 4f 34 65 48 68 57 72 4e 6d 6a 64 61 |tW7dO4eHhWrNmjda|
|000021f0| 74 57 36 64 74 32 37 59 70 4a 43 52 45 56 36 39 |tW6dt27YpJCREV69|
|00002200| 65 4c 5a 71 33 33 72 6a 37 61 45 77 48 4b 66 74 |eLZq33rj7aEwHKft|
|00002210| 53 6b 70 4b 53 4b 76 39 4a 75 53 61 31 47 6a 70 |SkpKSKv9JuSa1Gjp|
|00002220| 51 46 6d 76 2f 58 39 79 71 61 56 35 65 38 70 71 |QFmv/X9yqaV5e8pq|
|00002230| 32 56 53 55 37 2f 4f 64 66 2f 4c 47 7a 4b 7a 59 |2VSU7/Odf/LGzKzY|
|00002240| 61 76 34 65 50 48 6c 61 32 4e 6d 33 39 52 6e 64 |av4ePHla2Nm39Rnd|
|00002250| 47 31 54 6d 72 58 65 73 32 53 78 71 6f 4a 34 70 |G1TmrXes2SxqoJ4p|
|00002260| 47 37 73 39 53 52 6b 5a 57 44 5a 5a 7a 31 78 4e |G7s9SRkZWDZZz1xN|
|00002270| 44 72 61 55 44 6d 37 53 72 32 41 41 34 57 51 6d |DraUDm7Sr2AA4WQm|
|00002280| 62 74 44 70 4a 63 68 37 34 73 4e 6c 62 34 47 70 |btDpJch74sNlb4Gp|
|00002290| 72 30 71 52 4a 63 6e 4e 7a 30 36 78 5a 73 78 51 |r0qRJcnNz06xZsxQ|
|000022a0| 54 45 31 50 6d 39 59 79 4d 44 49 57 47 68 6d 72 |TE1Pm9YyMDIWGhmr|
|000022b0| 64 75 6e 56 79 64 58 57 74 4d 43 53 6f 4c 69 75 |dunVydXWtMCSoLiu|
|000022c0| 72 53 67 5a 6e 72 49 33 32 58 76 4c 76 2b 36 4e |rSgZnrI32XvLv+6N|
|000022d0| 69 44 7a 5a 58 67 45 39 6e 69 33 7a 33 2b 6d 37 |iDzZXgE9ni3z3+m7|
|000022e0| 6e 42 73 57 71 6e 61 5a 38 56 44 68 4b 2f 6e 74 |nBsWqnaZ8VDhK/nt|
|000022f0| 61 47 39 52 5a 2b 69 6c 4b 32 77 35 6b 53 32 6f |aG9RZ+ilK2w5kS2o|
|00002300| 6c 37 78 64 48 79 75 75 6e 4c 7a 58 31 31 51 33 |l7xdHyuunLzX11Q3|
|00002310| 61 64 69 42 65 6d 2b 59 75 6b 4f 6d 67 4e 4f 54 |adiBem+YukOmgNOT|
|00002320| 46 50 67 56 6a 41 46 52 6c 48 6b 66 35 76 2f 71 |FPgVjAFRlHkf5v/q|
|00002330| 4d 32 68 31 66 70 63 41 5a 58 32 6a 62 67 62 31 |M2h1fpcAZX2jbgb1|
|00002340| 61 38 73 71 62 43 6a 37 2b 4b 35 6c 65 37 56 74 |a8sqbCj7+K5le7Vt|
|00002350| 77 6e 61 2b 56 76 48 79 66 55 6a 74 46 4b 43 67 |wna+VvHyfUjtFKCg|
|00002360| 34 53 74 45 48 34 72 56 32 33 69 71 74 55 6a 75 |4StEH4rV23iqtUju|
|00002370| 5a 2b 6a 78 6b 2f 67 33 59 64 74 45 55 30 7a 4f |Z+jxk/g3YdtEU0zO|
|00002380| 71 53 51 65 43 73 73 35 6f 39 39 2b 2b 6b 2f 66 |qSQeCss5o99++k/f|
|00002390| 48 39 54 73 41 6f 46 54 48 35 30 30 74 4e 47 77 |H9TsAoFTH500tNGw|
|000023a0| 41 59 4e 39 4c 6b 77 73 66 63 54 63 31 6f 74 53 |AYN9LkwsfcTc1otS|
|000023b0| 7a 36 54 4e 30 63 4f 46 4d 54 59 2b 53 48 4a 2b |z6TN0cOFMTY+SHJ+|
|000023c0| 62 72 4e 48 6d 52 6f 4f 2f 45 4b 6e 52 46 53 77 |brNHmRoO/EKnRFSw|
|000023d0| 6e 72 77 6b 61 56 4e 55 2b 48 6f 57 31 37 4a 36 |nrwkaVNU+HoW17J6|
|000023e0| 76 30 61 61 44 5a 52 70 77 36 59 6c 66 61 6c 48 |v0aaDZRpw6YlfalH|
|000023f0| 34 6b 54 76 33 37 46 5a 53 2b 39 48 77 39 7a 55 |4kTv37FZS+9Hw9zU|
|00002400| 76 4b 71 57 57 6a 64 55 32 36 75 33 66 53 34 34 |vKqWWjdU26u3fS44|
|00002410| 36 72 76 45 54 33 6a 58 37 6a 50 4c 7a 30 52 39 |6rvET3jX7jPLz0R9|
|00002420| 6f 38 72 7a 54 6b 72 72 4b 72 2b 65 64 6b 4b 54 |o8rzTkrrKr+edkKT|
|00002430| 37 63 35 4d 4c 37 6c 4f 66 71 61 44 6f 55 67 46 |7c5ML7lOfqaDoUgF|
|00002440| 42 36 6b 48 4e 43 2f 35 55 42 79 73 59 52 4b 35 |B6kHNC/5UBysYRK5|
|00002450| 4b 61 6e 6a 38 4b 71 37 74 53 30 31 2b 5a 61 4f |Kanj8Kq7tS01+ZaO|
|00002460| 2b 6c 59 76 6d 54 75 68 31 70 34 75 6a 69 34 74 |+lYvmTuh1p4uji4t|
|00002470| 36 53 31 4a 73 6e 49 35 61 4e 41 46 77 30 2b 69 |6S1JsnI5aNAFw0+i|
|00002480| 67 58 6e 49 30 65 79 35 4a 53 6a 32 6f 73 42 4c |gXnI0ey5JSj2osBL|
|00002490| 50 59 30 39 52 57 48 39 76 57 66 56 2f 58 7a 74 |PY09RWH9vWfV/Xzt|
|000024a0| 4b 6a 64 57 51 6d 58 51 73 2f 33 46 36 4e 73 57 |KjdWQmXQs/3F6NsW|
|000024b0| 37 4b 72 57 53 6b 35 75 31 70 44 69 74 33 6e 79 |7KrWSk5u1pDit3ny|
|000024c0| 73 38 64 37 7a 37 54 46 43 70 67 41 70 62 5a 46 |s8d7z7TFCpgApbZF|
|000024d0| 4a 7a 79 37 4e 6c 67 49 6d 61 4a 78 46 6e 38 42 |Jzy7NlgImaJxFn8B|
|000024e0| 51 73 4a 38 56 70 7a 45 54 79 75 36 37 35 45 30 |QsJ8VpzETyu675E0|
|000024f0| 6d 6a 5a 35 39 58 76 49 61 71 38 6e 65 39 54 75 |mjZ59XvIaq8ne9Tu|
|00002500| 36 63 38 57 71 65 33 37 55 67 72 32 7a 4f 72 65 |6c8Wqe37Ugr2zOre|
|00002510| 54 46 42 57 68 39 59 6c 6d 42 6b 49 45 67 48 75 |TFBWh9YlmBkIEgHu|
|00002520| 59 79 57 52 53 71 31 61 74 74 48 58 72 56 67 30 |YyWRSq1attHXrVg0|
|00002530| 62 4e 71 7a 63 2b 59 59 4e 47 36 5a 31 36 39 62 |bNqzc+YYNG6Z169b|
|00002540| 4a 32 64 6c 5a 73 32 66 50 72 72 38 43 62 54 77 |J2dlZs2fPrr8CbTw|
|00002550| 30 62 56 4f 38 34 75 4f 72 2f 68 4e 6a 38 72 48 |0bVO84uOr/hNj8rH|
|00002560| 63 6c 66 44 43 51 51 41 50 7a 4e 57 73 30 47 31 |clfDCQQAPzNWs0G1|
|00002570| 4b 76 48 52 4a 69 64 74 43 4e 57 6e 57 4e 71 6e |KvHRJidtCNWnWNqn|
|00002580| 44 47 49 33 70 55 32 78 4c 44 77 7a 56 7a 44 45 |DGI3pU2xLDwzVzDE|
|00002590| 64 6c 4c 33 35 64 66 6e 36 42 69 67 67 49 45 41 |dlL35dfn6BiggIEA|
|000025a0| 42 76 73 39 72 39 67 47 70 77 32 73 76 71 2f 42 |Bvs9r9gGpw2svq/B|
|000025b0| 42 42 73 6e 68 41 58 72 36 36 61 63 4c 42 69 32 |BBsnhAXr66acLBi2|
|000025c0| 73 2b 6e 4b 53 6a 58 71 4d 43 31 59 66 36 2b 2b |s+nKSjXqMC1Yf6++|
|000025d0| 31 34 48 6b 66 2b 51 63 45 4b 43 44 41 58 37 36 |14Hkf+QcEKCDAX76|
|000025e0| 54 31 75 6d 63 39 55 44 4e 39 4b 2b 37 6e 68 6d |T1umc9UDN9K+7nhm|
|000025f0| 68 6f 61 46 79 64 33 66 58 72 46 6d 7a 46 42 41 |hoaFyd3fXrFmzFBA|
|00002600| 51 6f 4e 44 51 55 43 31 66 76 6c 77 6d 6b 30 6b |QoNDQUC1fvlwmk0k|
|00002610| 42 41 51 46 61 74 32 36 64 48 6e 7a 77 51 53 55 |BAQFat26dHnzwQSU|
|00002620| 6e 4a 38 74 6b 4d 6c 6c 73 75 30 33 71 74 43 48 |nJ8tkMllsu03qtCH|
|00002630| 6e 4b 4f 2f 68 6e 61 58 37 42 36 69 2f 70 79 57 |nKO/hnaX7B6i/pyW|
|00002640| 36 75 2f 39 4c 73 52 73 76 53 46 32 48 4b 47 44 |6u/9LsRsvSF2HKGD|
|00002650| 45 49 33 71 79 54 2f 37 50 30 4f 48 39 31 55 2b |EI3qyT/7P0OH91U+|
|00002660| 33 46 42 35 7a 51 70 6d 53 62 4c 74 4e 30 4b 62 |3FB5zQpmSbLtN0Kb|
|00002670| 49 38 66 4c 2b 61 59 50 47 6a 76 71 44 67 6e 5a |I8fL+aYPGjvqDgnZ|
|00002680| 4b 2f 68 38 74 31 38 6f 52 64 77 59 58 72 4e 49 |K/h8t18oRdwYXrNI|
|00002690| 38 66 61 62 70 55 4f 52 34 75 5a 39 65 71 37 47 |8fabpUOR4uZ9eq7G|
|000026a0| 6a 35 6d 6e 70 54 34 39 6f 62 75 52 37 43 6e 7a |j5mnpT49obuR7Cnz|
|000026b0| 73 7a 6e 74 78 38 4a 6d 70 71 49 2b 65 6b 66 32 |szntx8JmpqI+ekf2|
|000026c0| 42 5a 66 49 66 39 51 65 5a 44 6a 6a 4b 74 4f 47 |BZfIf9QeZDjjKtOG|
|000026d0| 76 4a 65 59 70 7a 62 62 50 57 4d 30 62 61 49 48 |vJeYpzbbPWM0baIH|
|000026e0| 64 6f 66 61 61 73 4f 56 7a 4c 66 57 74 33 38 61 |dofaasOVzLfWt38a|
|000026f0| 2f 56 4e 66 6e 54 63 30 31 38 47 4d 41 62 64 52 |/VNfnTc018GMAbdR|
|00002700| 39 79 6c 79 74 53 68 79 76 38 5a 76 6e 71 30 76 |9ylytShyv8Zvnq0v|
|00002710| 73 53 76 56 31 7a 7a 2b 68 4d 6c 4e 50 4b 79 35 |sSvV1zz+hMlNPKy5|
|00002720| 56 2b 59 2f 71 57 6c 6a 4f 6f 2f 79 47 44 4a 5a |V+Y/qWljOo/yGDJZ|
|00002730| 66 36 6e 78 31 36 52 43 6d 58 74 35 4f 73 69 32 |f6nx16RCmXt5Osi2|
|00002740| 2b 58 4c 74 65 57 72 66 53 7a 4f 50 45 4b 71 6f |+XLteWrfSzOPEKqo|
|00002750| 6c 4d 46 52 66 6e 42 71 76 5a 78 66 4e 6b 6e 4e |lMFRfnBqvZxfNknN|
|00002760| 34 61 2f 6b 4f 36 61 64 42 39 70 63 56 45 78 75 |4a/kO6adB9pcVExu|
|00002770| 6e 79 50 68 72 55 72 76 42 36 6a 7a 45 73 32 42 |nyPhrUrvB6jzEs2B|
|00002780| 51 74 50 7a 35 31 79 57 4f 31 5a 68 79 61 6e 64 |QtPz51yWO1Zhyand|
|00002790| 38 7a 6c 50 6a 68 74 53 75 4f 37 50 54 45 4a 4d |8zlPjhtSuO7PTEJM|
|000027a0| 69 51 71 62 4a 62 2f 5a 32 6a 58 6c 38 75 36 61 |iQqbJb/Z2jXl8u6a|
|000027b0| 37 64 56 52 76 62 30 2b 35 5a 68 33 52 30 55 4f |7dVRvb0+5Zh3R0UO|
|000027c0| 70 32 6e 73 71 50 38 56 37 65 65 31 73 6a 53 74 |p2nsqP8V7ee1sjSt|
|000027d0| 2b 34 64 53 78 76 31 61 76 50 61 62 6b 41 52 76 |+4dSxv1avPabkARv|
|000027e0| 31 33 76 4d 6a 74 4e 36 72 6f 31 78 74 4a 65 6d |13vMjtN6ro1xtJem|
|000027f0| 79 54 73 52 65 56 70 70 63 4e 44 64 67 70 48 70 |yTsReVppcNDdgpHp|
|00002800| 37 31 47 61 6b 38 52 6f 65 50 38 66 2b 43 6c 74 |71Gak8RoeP8f+Clt|
|00002810| 35 52 4d 6c 44 49 38 75 70 7a 56 6f 76 4c 4a 6d |5RMlDI8upzVovLJm|
|00002820| 72 36 63 56 72 73 2b 2b 6c 30 56 4f 73 74 57 7a |r6cVrs++l0VOstWz|
|00002830| 70 52 76 56 78 32 69 68 35 6a 64 57 52 62 56 50 |pRvVx2ih5jdWRbVP|
|00002840| 55 33 51 49 78 71 64 4f 51 4f 59 6f 49 6d 53 53 |U3QIxqdOQOYoImSS|
|00002850| 2f 32 66 50 56 5a 58 4f 59 65 67 58 30 30 32 67 |/2fPVZXOYegX002g|
|00002860| 50 36 57 6a 55 66 75 30 6f 32 46 64 4c 76 66 75 |P6WjUfu0o2FdLvfu|
|00002870| 72 73 37 73 6b 74 5a 4b 54 69 37 57 30 4f 56 4b |rs7sktZKTi7W0OVK|
|00002880| 44 4f 30 57 71 67 37 6e 39 4f 75 58 4a 59 75 2f |DO0Wqg7n9OuXJYu/|
|00002890| 58 52 6a 34 54 5a 75 6d 46 38 44 6e 36 4c 48 69 |XRj4TZumF8Dn6LHi|
|000028a0| 53 66 68 6d 73 61 74 55 65 2b 63 6f 49 57 62 31 |SfhmsatUe+coIWb1|
|000028b0| 53 77 51 7a 74 57 75 76 33 53 39 5a 71 55 66 2f |SwQztWuv3S9ZqUf/|
|000028c0| 61 66 73 57 77 30 36 44 78 49 2f 56 6f 2b 45 5a |afsWw06DxI/Vo+EZ|
|000028d0| 39 4b 79 63 74 6e 4e 4c 66 34 76 65 58 4f 67 31 |9KyctnNLf4veXOg1|
|000028e0| 35 53 2b 75 6e 54 39 50 54 69 79 49 31 75 4e 50 |5S+unT9PTiyI1uNP|
|000028f0| 75 6f 73 2b 73 30 67 72 4f 34 33 61 39 74 47 72 |uos+s0grO43a9tGr|
|00002900| 4a 42 49 73 63 55 30 75 71 33 76 6c 52 43 37 61 |JBIscU0uq3vlRC7a|
|00002910| 65 6d 6a 79 33 6c 31 61 2f 45 71 66 41 4a 77 63 |emjy3l1a/EqfAJwc|
|00002920| 72 55 46 4b 76 6b 47 57 4b 43 62 54 51 4f 41 77 |rUFKvkGWKCbTQOAw|
|00002930| 41 30 45 68 6c 5a 47 54 6f 31 4b 6c 54 6d 6a 46 |A0EhlZGTo1KlTmjF|
|00002940| 6a 52 70 56 47 65 62 65 7a 73 39 4f 77 59 63 4f |jRpVGebezs9OwYcO|
|00002950| 30 59 4d 45 43 5a 57 52 6b 31 4f 39 6a 41 62 4f |0YMECZWRk1O9jAbO|
|00002960| 53 74 58 50 54 56 69 58 5a 50 4b 45 78 2f 6a 31 |StXPTViXZPKEx/j1|
|00002970| 4b 50 67 59 76 34 36 52 32 62 74 31 6c 2f 72 56 |KPgYv46R2bt1l/rV|
|00002980| 61 61 79 76 66 2b 65 48 4b 44 6a 58 70 6f 30 30 |aayvf+eHKDjXpo00|
|00002990| 66 36 66 74 73 53 55 6e 4a 61 74 50 6e 4e 53 30 |f6ftsSUnJatPnNS0|
|000029a0| 4c 47 61 65 53 58 2b 64 73 35 44 46 7a 6d 5a 59 |LGaeSX+ds5DFzmZY|
|000029b0| 35 4c 39 43 48 61 32 4c 30 66 56 4b 32 57 6e 58 |5L9CHa2L0fVK2WnX|
|000029c0| 6f 6f 65 64 65 6d 36 46 70 77 7a 71 56 6d 4b 39 |ooedem6FpwzqVmK9|
|000029d0| 6b 38 36 75 71 79 30 6c 36 59 4a 6a 6d 68 31 76 |k86uqy0l6YJjmh1v|
|000029e0| 72 6f 77 2b 58 61 2b 76 65 4a 46 32 7a 62 69 50 |row+Xa+veJF2zbiP|
|000029f0| 33 76 71 39 70 5a 76 41 34 79 2f 56 36 4d 4f 4f |3vq9pZvA4y/V6MOO|
|00002a00| 42 42 78 37 51 38 75 58 4c 74 58 58 72 31 71 4b |BBx7Q8uXLtXXr1qK|
|00002a10| 66 61 39 65 75 79 63 6e 4a 53 5a 30 36 64 56 4a |fa9euycnJSZ06dVJ|
|00002a20| 49 53 49 69 38 76 4c 78 6b 4d 70 6d 4b 48 67 4e |ISIi8vLxkMpmKHgN|
|00002a30| 6f 69 53 43 67 53 64 4f 6d 55 6b 35 4f 72 64 64 |oiSCgSdOmUk5Ordd|
|00002a40| 54 70 4e 30 41 68 5a 38 5a 55 50 54 66 44 71 4d |TpN0AhZ8ZUPTfDqM|
|00002a50| 57 36 73 71 6f 77 76 39 31 55 65 43 5a 37 51 6f |W6sqowv91UeCZ7Qo|
|00002a60| 73 73 31 42 72 2b 61 2f 59 4c 76 38 79 30 30 74 |ss1Br+a/YLv8y00t|
|00002a70| 37 53 46 4e 33 62 74 66 55 30 70 50 62 44 39 48 |7SFN3btfU0pPbD9H|
|00002a80| 6d 4d 30 4e 4b 54 48 4a 34 62 4a 53 57 62 68 6d |mM0NKTHJ4bJSWbhm|
|00002a90| 6c 70 52 57 73 7a 54 4c 7a 57 4d 74 39 78 44 52 |lpRWszTLzWMt9xDR|
|00002aa0| 74 48 6a 47 74 33 44 6c 36 76 72 70 64 56 31 34 |tHjGt3Dl6vrpdV14|
|00002ab0| 74 50 71 57 43 39 2f 76 59 4a 46 30 35 4d 38 6e |tPqWC9/vYJF05M8n|
|00002ac0| 63 4b 34 31 4b 30 36 5a 4e 47 37 6f 45 73 2b 6f |cK41K06ZNG7oEs+o|
|00002ad0| 6c 41 48 44 79 36 4b 57 2b 37 59 37 4a 31 64 31 |lAHDy6KW+7Y7J1d1|
|00002ae0| 4d 55 39 69 32 67 38 61 74 6a 46 52 76 2f 35 55 |MU9i2g8atjFRv/5U|
|00002af0| 79 6d 53 4c 31 57 65 7a 6c 2f 4f 6b 75 58 54 56 |ymSL1Wezl/OkuXTV|
|00002b00| 70 77 52 53 5a 4a 6e 69 57 33 34 44 32 38 6c 50 |pwRSZJniW34D28lP|
|00002b10| 59 68 46 45 61 74 44 4a 4d 51 55 76 6a 64 50 4b |YhFEatDJMQUvjdPK|
|00002b20| 43 70 48 61 74 35 54 74 6c 73 68 59 46 50 56 50 |CpHat5TtlshYFPVP|
|00002b30| 71 73 58 52 56 71 45 58 4f 38 6c 75 79 55 54 38 |qsXRVqEXO8luyUT8|
|00002b40| 4d 57 61 6c 35 43 37 64 72 7a 61 71 4e 32 69 6c |MWal5C7drzaqN2il|
|00002b50| 4a 4c 69 35 36 4f 57 53 57 67 69 62 30 4c 37 56 |JLi56OWSWgib0L7V|
|00002b60| 4f 5a 34 31 65 47 61 6e 75 2f 67 58 7a 78 35 36 |OZ41eGanu/gXzx56|
|00002b70| 57 4a 44 6d 36 6d 61 76 64 57 67 34 75 72 53 51 |WJDm6mavdWg4urSQ|
|00002b80| 58 46 37 6d 57 4d 36 71 36 71 33 73 76 4f 62 61 |XF7mWM6q6q3svOba|
|00002b90| 37 56 4f 72 5a 33 33 62 71 48 62 68 61 52 37 30 |7VOrZ33bqHbhaR70|
|00002ba0| 6a 4e 47 2f 65 53 71 33 66 66 56 71 52 70 30 34 |jNG/eSq3ffVqRp04|
|00002bb0| 58 72 62 50 54 63 79 4d 31 4c 32 69 43 2f 4e 7a |XrbPTcyM1L2iC/Nz|
|00002bc0| 4c 2f 72 61 31 37 66 6c 37 48 54 7a 35 6c 4d 4c |L/ra17fl7HTz5lML|
|00002bd0| 6d 4c 64 57 69 71 4f 50 61 65 30 47 53 57 71 6c |mLdWiqOPae0GSWql|
|00002be0| 58 77 45 69 46 54 5a 38 67 50 2f 66 69 44 57 78 |XwEiFTZ8gP/fiDWx|
|00002bf0| 6e 39 57 31 6e 4c 51 65 58 63 68 34 70 59 74 39 |n9W1nLQeXch4pYt9|
|00002c00| 42 76 62 32 6b 6f 79 36 74 53 7a 5a 47 61 6e 6a |Bvb2koy6tSzZGanj|
|00002c10| 38 48 4c 7a 66 30 4d 47 54 2f 52 55 32 62 36 6e |8HLzf0MGT/RU2b6n|
|00002c20| 6d 72 54 71 75 76 63 58 65 54 35 6a 5a 39 32 4d |mrTquvcXeT5jZ92M|
|00002c30| 6a 6e 35 42 56 57 71 64 33 46 62 54 30 75 44 4a |jn5BVWqd3FbT0uDJ|
|00002c40| 74 32 31 52 76 77 44 58 48 62 68 72 6b 62 61 32 |t21RvwDXHbhrkba2|
|00002c50| 6a 4c 74 33 4d 64 45 75 7a 79 64 2f 48 50 54 66 |jLt3MdEuzyd/HPTf|
|00002c60| 49 74 50 42 54 52 59 52 48 35 76 2f 53 62 64 64 |ItPBTRYRH5v/Sbdd|
|00002c70| 61 76 75 4e 66 56 31 44 51 71 47 4b 50 6d 6d 77 |avuNfV1DQqGKPmmw|
|00002c80| 6a 76 35 57 52 2b 74 2b 41 37 5a 71 33 39 46 4e |jv5WR+t+A7Zq39FN|
|00002c90| 46 37 44 35 39 70 2f 5a 2b 2f 57 51 4b 65 6c 32 |F7D59p/Z+/WQKel2|
|00002ca0| 54 65 35 59 4b 56 56 79 65 30 65 70 74 6b 6c 4e |Te5YKVVye0eptklN|
|00002cb0| 77 6d 4e 62 76 76 69 7a 5a 56 76 36 58 30 63 47 |wmNbvvizZVv6X0cG|
|00002cc0| 39 6f 33 6f 70 54 6e 47 56 7a 56 68 38 78 48 70 |9o3opTnGVzVh8xHp|
|00002cd0| 4a 44 76 59 64 35 64 6a 4f 72 74 79 78 45 2f 4c |JDvYd5djOrtyxE/L|
|00002ce0| 58 65 30 79 75 39 6d 55 54 56 39 75 65 4c 38 6f |Xe0yu9mUTV9ueL8o|
|00002cf0| 55 73 46 33 54 56 55 36 50 6d 77 71 57 72 32 79 |UsF3TVU6PmwqWr2y|
|00002d00| 37 2b 64 72 49 78 78 53 75 63 2f 30 33 79 4c 52 |7+drIxxSuc/03yLR|
|00002d10| 77 70 5a 62 74 4c 6a 69 50 32 37 58 57 43 79 47 |wpZbtLjiP27XWCyG|
|00002d20| 76 79 31 54 6d 38 79 58 4a 74 72 56 63 58 61 51 |vy1Tm8yXJtrVcXaQ|
|00002d30| 4f 5a 55 62 7a 4c 2b 53 6b 7a 73 39 5a 79 2f 46 |OZUbzL+Skzs9Zy/F|
|00002d40| 43 71 64 63 72 4f 4a 2b 64 58 44 7a 6c 32 45 35 |CqdcrOJ+dXDzl2E5|
|00002d50| 6d 61 6d 30 74 31 79 48 57 63 70 52 62 71 58 4f |mam0t1yHWcpRbqXO|
|00002d60| 32 4f 75 64 48 78 64 76 4f 66 37 32 63 7a 35 49 |2OudHxdvOf72cz5I|
|00002d70| 6b 56 2f 38 35 69 74 46 69 54 5a 2b 33 58 54 74 |kV/85itFiTZ+3XTt|
|00002d80| 50 71 66 4a 37 2f 41 41 30 66 70 6b 5a 53 69 38 |PqfJ7/AA0fpkZSi8|
|00002d90| 37 54 48 61 74 33 47 76 6a 43 68 52 32 35 61 2f |7THat3GvjChR25a/|
|00002da0| 71 4d 39 36 4c 7a 33 76 79 35 45 6d 4c 64 76 57 |qM96Lz3vy5EmLdvW|
|00002db0| 75 57 49 5a 69 35 67 62 6f 37 57 33 5a 6b 74 5a |uWIZi5gbo7W3ZktZ|
|00002dc0| 6f 33 63 6c 6c 32 76 4e 57 6a 34 4a 42 30 44 4b |o3cll2vNWj4JB0DK|
|00002dd0| 30 30 7a 52 57 62 2b 2b 56 70 44 58 61 6c 62 46 |00zRWb++VpDXalbF|
|00002de0| 57 57 79 73 64 6c 61 2b 61 62 46 77 31 37 4b 33 |WWysdla+abFw17K3|
|00002df0| 56 47 76 62 57 52 57 32 64 4e 6c 73 4b 2b 56 44 |VGvbWRW2dNlsK+VD|
|00002e00| 44 79 6b 30 5a 43 67 63 4d 4c 48 39 31 72 67 48 |Dyk0ZCgcMLH91rgH|
|00002e10| 68 2b 71 62 4d 36 35 55 76 64 36 63 63 58 38 30 |h+qbM65Uvd6ccX80|
|00002e20| 4d 39 64 58 4d 71 6c 56 76 55 63 4f 47 44 61 75 |M9dXMqlVvUcOGDau|
|00002e30| 77 70 30 68 68 6f 39 39 53 49 55 43 7a 5a 73 32 |wp0hho99SIUCzZs2|
|00002e40| 55 6c 57 58 68 44 7a 4c 75 65 63 32 61 4e 66 43 |UlWXhDzLuec2aNfC|
|00002e50| 31 39 6e 4a 59 35 65 58 56 30 59 4d 74 36 39 4b |19nJY5eXV0YMt69K|
|00002e60| 68 44 32 51 31 59 4b 4d 55 73 6b 78 35 67 64 30 |hD2Q1YKMUskx5gd0|
|00002e70| 61 75 70 70 36 6c 71 58 30 67 73 48 2b 37 72 55 |aupp6lqX0gsH+7rU|
|00002e80| 76 41 41 41 41 33 46 50 53 6f 6a 57 36 6b 30 6d |vAAAA3FPSojW6k0m|
|00002e90| 66 57 58 71 39 7a 35 6c 30 62 6d 55 35 76 53 50 |fWXq9z5l0bmU5vSP|
|00002ea0| 76 51 76 48 78 38 5a 6f 38 65 62 4a 6d 7a 70 78 |vQvHx8Zo8ebJmzpx|
|00002eb0| 5a 35 52 41 67 4b 53 6c 4a 6f 61 47 68 43 67 73 |Z5RAgKSlJoaGhCgs|
|00002ec0| 4c 71 38 63 41 34 4b 4a 32 54 68 75 6b 74 77 38 |Lq8cA4KJ2Thuktw8|
|00002ed0| 55 2f 48 66 67 66 4f 32 5a 55 39 6a 4e 50 31 6d |U/HfgfO2ZU9jNP1m|
|00002ee0| 62 41 70 37 58 33 4b 53 43 31 38 59 73 55 2f 7a |bAp7X3KSC18YsU/z|
|00002ef0| 4d 32 67 39 65 5a 6c 36 57 7a 69 59 6d 53 65 34 |M2g9eZl6WziYmSe4|
|00002f00| 65 65 71 41 32 48 54 6b 4e 6f 4c 41 6e 77 4e 43 |eeqA2HTkNoLAnwNC|
|00002f10| 68 51 32 73 64 41 6c 79 2f 63 55 4f 35 75 62 6b |hQ2sdAly/cUO5ubk|
|00002f20| 57 71 67 7a 33 75 71 5a 4e 6d 36 72 6c 66 66 64 |Wqgz3uqZNm6rlffd|
|00002f30| 5a 66 4c 31 58 72 31 36 56 4a 42 30 35 63 71 54 |ZfL1Xr16VJB05cqT|
|00002f40| 61 79 33 70 36 35 67 39 6f 33 54 68 6a 43 56 54 |ay3p65g9o3ThjCVT|
|00002f50| 41 52 67 37 32 2f 4c 59 48 41 4b 44 52 34 7a 47 |ARg72/LYHAKDR4zG|
|00002f60| 41 31 52 49 61 47 74 72 51 4a 56 53 69 72 58 78 |A1RIaGtrQJVSirXx|
|00002f70| 65 6d 36 45 65 69 51 75 55 6f 4c 35 36 39 37 58 |em6EeiQuUoL5697X|
|00002f80| 69 39 2f 69 37 61 6d 6a 77 61 39 6f 36 37 53 4d |i9/i7amjwa9o67SM|
|00002f90| 6c 32 51 78 55 79 4a 69 36 61 76 78 4c 6b 6f 30 |l2QxUyJi6avxLko0|
|00002fa0| 65 38 4c 44 6f 51 44 33 33 72 4d 4a 47 2f 38 6d |e8LDoQD33rMJG/8m|
|00002fb0| 54 4a 32 74 39 75 30 69 7a 5a 73 30 49 41 46 42 |TJ2t9u0izZs0IAFB|
|00002fc0| 6c 6a 66 58 71 76 30 51 50 41 41 41 41 41 44 53 |ljfXqv0QPAAAAADS|
|00002fd0| 67 6a 49 79 4d 47 6f 2f 6f 33 36 6c 54 70 2f 6f |gjIyMGo/o36lTp/o|
|00002fe0| 64 41 77 42 33 4a 55 75 4d 46 5a 47 58 6c 36 64 |dAwB3JUuMFZGXl6d|
|00002ff0| 72 31 36 2f 72 62 6d 77 36 6f 58 35 5a 57 56 6d |r16/rbmw6oX5ZWVm|
|00003000| 70 56 63 75 57 64 66 49 55 41 48 6f 41 41 41 41 |pVcuWdfIUAHoAAAA|
|00003010| 41 34 4b 35 6d 5a 32 64 58 6a 39 33 34 59 55 53 |A4K5mZ2dXj934YUS|
|00003020| 57 43 49 6d 73 72 4b 78 6b 61 32 75 72 6d 7a 64 |WCImsrKxka2urmzd|
|00003030| 76 57 71 41 69 33 4d 74 73 62 57 30 62 37 53 4d |vWqAi3MtsbW0b7SM|
|00003040| 41 70 62 73 31 41 50 42 34 52 75 76 6d 57 6b 76 |Apbs1APB4RuvmWkv|
|00003050| 65 48 52 75 36 45 67 41 41 41 41 41 47 30 4c 78 |eHRu6EgAAAAAG0Lx|
|00003060| 5a 4d 32 55 31 61 61 4c 62 74 32 38 33 64 43 6c |ZM2U1aaLbt283dCl|
|00003070| 6f 70 4a 6f 30 61 61 4c 6d 6a 62 6a 37 76 33 53 |opJo0aaLmjbj7v3S|
|00003080| 33 42 67 43 32 62 68 6f 39 78 61 32 68 71 77 41 |3BgC2bho9xa2hqwA|
|00003090| 41 41 41 42 67 49 43 31 73 62 58 58 39 78 6f 32 |AAABgIC1sbXX9xo2|
|000030a0| 47 4c 67 4f 4e 56 49 75 37 34 42 46 4f 54 52 71 |GLgONVIu74BFOTRq|
|000030b0| 36 41 41 41 41 41 41 43 34 47 7a 52 74 32 6c 54 |6AAAAAAC4GzRt2lT|
|000030c0| 33 74 57 6a 52 30 47 57 67 45 62 71 76 52 51 73 |3tWjR0GWgEbqvRQs|
|000030d0| 31 62 64 71 30 6f 63 75 6f 46 41 45 41 41 41 41 |1bdq0ocuoFAEAAAA|
|000030e0| 41 41 46 52 52 73 32 62 4e 5a 47 76 44 55 37 6c |AAFRRs2bNZGvDU7l|
|000030f0| 77 68 36 32 4e 54 61 4d 65 2b 62 38 34 41 67 41 |wh62NTaMe+b84AgA|
|00003100| 41 41 41 41 41 71 41 5a 72 61 32 74 36 41 6b 42 |AAAAAqAZra2t6AkB|
|00003110| 53 2f 70 56 2f 61 32 76 72 68 69 36 6a 79 67 67 |S/pV/a2vrhi6jygg|
|00003120| 41 41 41 41 41 41 4b 43 61 6d 6a 56 72 70 70 62 |AAAAAAKCamjVrppb|
|00003130| 33 33 61 63 6d 54 57 68 53 47 56 45 54 4b 79 75 |33acmTWhSGVETKyu|
|00003140| 31 62 4e 6e 79 72 72 6e 79 58 2b 6a 75 71 68 59 |1bNnyrrnyX+juqhY|
|00003150| 41 41 41 41 41 47 6f 6d 6d 54 5a 75 71 56 63 75 |AAAAAGommTZuqVcu|
|00003160| 57 79 72 35 31 53 31 6c 5a 57 63 72 4c 79 32 76 |Wyr51S1lZWcrLy2v|
|00003170| 6f 6b 6c 44 48 72 4b 79 73 5a 47 4e 74 66 56 64 |oklDHrKysZGNtfVd|
|00003180| 64 39 53 2b 4f 41 41 41 41 41 41 41 41 61 73 47 |d9S+OAAAAAAAAasG|
|00003190| 36 65 58 4e 5a 4e 32 2b 75 37 46 75 33 6c 48 50 |6eXNZN2+u7Fu3lHP|
|000031a0| 72 6c 6e 4a 79 63 78 75 36 4a 46 68 59 73 36 5a |rlnJycxu6JFhYs6Z|
|000031b0| 4e 31 62 78 35 63 7a 56 76 33 72 79 68 53 36 6b |N1bx5czVv3ryhS6k|
|000031c0| 56 41 67 41 41 41 41 41 41 73 49 44 43 49 45 43 |VAgAAAAAAsIDCIEC|
|000031d0| 53 63 6e 4a 7a 6c 5a 75 54 6f 39 7a 62 74 33 57 |ScnJzlZuTo9zbt3W|
|000031e0| 37 34 41 64 33 68 79 5a 4e 6d 71 68 4a 6b 79 5a |74Ad3hyZNmqhJkyZ|
|000031f0| 71 32 71 53 4a 6d 6a 5a 72 70 6d 5a 33 77 65 6a |q2qSJmjZrpmZ3wej|
|00003200| 2b 56 55 55 41 41 41 41 41 41 41 41 57 31 71 78 |+VUUAAAAAAAAW1qx|
|00003210| 70 30 33 75 71 34 59 68 37 41 79 4e 57 41 41 41 |p03uq4Yh7AyNWAAA|
|00003220| 41 41 41 42 67 41 41 51 41 41 41 41 41 41 41 41 |AAABgAAQAAAAAAAA|
|00003230| 59 41 41 45 41 41 41 41 41 41 41 41 47 51 41 41 |YAAEAAAAAAAAGQAA|
|00003240| 41 41 41 41 41 41 49 41 42 45 41 41 41 41 41 41 |AAAAAAIABEAAAAAA|
|00003250| 41 41 47 41 41 42 41 41 41 41 41 41 41 41 42 67 |AAGAABAAAAAAAABg|
|00003260| 41 41 51 41 41 41 41 41 41 41 41 5a 41 41 41 41 |AAQAAAAAAAAZAAAA|
|00003270| 41 41 41 41 41 67 41 45 51 41 41 41 41 41 41 41 |AAAAAgAEQAAAAAAA|
|00003280| 41 59 41 41 45 41 41 41 41 41 41 41 41 47 41 41 |AYAAEAAAAAAAAGAA|
|00003290| 42 41 41 41 41 41 41 41 41 42 6b 41 41 41 41 41 |BAAAAAAAABkAAAAA|
|000032a0| 41 41 41 43 41 41 52 41 41 41 41 41 41 41 41 42 |AAACAARAAAAAAAAB|
|000032b0| 67 41 41 51 41 41 41 41 41 41 41 41 59 41 41 45 |gAAQAAAAAAAAYAAE|
|000032c0| 41 41 41 41 41 41 41 41 47 51 41 41 41 41 41 41 |AAAAAAAAGQAAAAAA|
|000032d0| 41 41 49 41 42 45 41 41 41 41 41 41 41 41 47 41 |AAIABEAAAAAAAAGA|
|000032e0| 41 42 41 41 41 41 41 41 41 41 42 67 41 41 51 41 |ABAAAAAAAABgAAQA|
|000032f0| 41 41 41 41 41 41 41 5a 41 41 41 41 41 41 41 41 |AAAAAAAZAAAAAAAA|
|00003300| 41 67 41 45 51 41 41 41 41 41 41 41 41 59 41 41 |AgAEQAAAAAAAAYAA|
|00003310| 45 41 41 41 41 41 41 41 41 47 41 41 42 41 41 41 |EAAAAAAAAGAABAAA|
|00003320| 41 41 41 41 41 42 6b 41 41 41 41 41 41 41 41 43 |AAAAABkAAAAAAAAC|
|00003330| 41 41 52 41 41 41 41 41 41 41 41 42 67 41 41 51 |AARAAAAAAAABgAAQ|
|00003340| 41 41 41 41 41 41 41 41 59 41 41 45 41 41 41 41 |AAAAAAAAYAAEAAAA|
|00003350| 41 41 41 41 47 51 41 41 41 41 41 41 41 41 49 41 |AAAAGQAAAAAAAAIA|
|00003360| 42 45 41 41 41 41 41 41 41 41 47 41 41 42 41 41 |BEAAAAAAAAGAABAA|
|00003370| 41 41 41 41 41 41 42 67 41 41 51 41 41 41 41 41 |AAAAAABgAAQAAAAA|
|00003380| 41 41 41 5a 41 41 41 41 41 41 41 41 41 67 41 45 |AAAZAAAAAAAAAgAE|
|00003390| 51 41 41 41 41 41 41 41 41 59 41 41 45 41 41 41 |QAAAAAAAAYAAEAAA|
|000033a0| 41 41 41 41 41 47 41 41 42 41 41 41 41 41 41 41 |AAAAAGAABAAAAAAA|
|000033b0| 41 42 6b 41 41 41 41 41 41 41 41 43 41 41 52 41 |ABkAAAAAAAACAARA|
|000033c0| 41 41 41 41 41 41 41 42 67 41 41 51 41 41 41 41 |AAAAAAABgAAQAAAA|
|000033d0| 41 41 41 41 59 41 41 45 41 41 41 41 41 41 41 41 |AAAAYAAEAAAAAAAA|
|000033e0| 47 51 41 41 41 41 41 41 41 41 49 41 42 45 41 41 |GQAAAAAAAAIABEAA|
|000033f0| 41 41 41 41 41 41 47 41 41 42 41 41 41 41 41 41 |AAAAAAGAABAAAAAA|
|00003400| 41 41 42 67 41 41 51 41 41 41 41 41 41 41 41 5a |AABgAAQAAAAAAAAZ|
|00003410| 41 41 41 41 41 41 41 41 41 67 41 45 51 41 41 41 |AAAAAAAAAgAEQAAA|
|00003420| 41 41 41 41 41 59 41 41 45 41 41 41 41 41 41 41 |AAAAAYAAEAAAAAAA|
|00003430| 41 47 41 41 42 41 41 41 41 41 41 41 41 42 6b 41 |AGAABAAAAAAAABkA|
|00003440| 41 41 41 41 41 41 41 43 41 41 52 41 41 41 41 41 |AAAAAAACAARAAAAA|
|00003450| 41 41 41 42 67 41 41 51 41 41 41 41 41 41 41 41 |AAABgAAQAAAAAAAA|
|00003460| 59 41 41 45 41 41 41 41 41 41 41 41 47 51 41 41 |YAAEAAAAAAAAGQAA|
|00003470| 41 41 41 41 41 41 49 41 42 45 41 41 41 41 41 41 |AAAAAAIABEAAAAAA|
|00003480| 41 41 47 41 41 42 41 41 41 41 41 41 41 41 42 67 |AAGAABAAAAAAAABg|
|00003490| 41 41 51 41 41 41 41 41 41 41 41 5a 41 41 41 41 |AAQAAAAAAAAZAAAA|
|000034a0| 41 41 41 41 41 67 41 45 51 41 41 41 41 41 41 41 |AAAAAgAEQAAAAAAA|
|000034b0| 41 59 41 41 45 41 41 41 41 41 41 41 41 47 41 41 |AYAAEAAAAAAAAGAA|
|000034c0| 42 41 41 41 41 41 41 41 41 42 6b 41 41 41 41 41 |BAAAAAAAABkAAAAA|
|000034d0| 41 41 41 43 41 41 52 41 41 41 41 41 41 41 41 42 |AAACAARAAAAAAAAB|
|000034e0| 67 41 41 51 41 41 41 41 41 41 41 41 59 41 41 45 |gAAQAAAAAAAAYAAE|
|000034f0| 41 41 41 41 41 41 41 41 47 51 41 41 41 41 41 41 |AAAAAAAAGQAAAAAA|
|00003500| 41 41 49 41 42 45 41 41 41 41 41 41 41 41 47 41 |AAIABEAAAAAAAAGA|
|00003510| 41 42 41 41 41 41 41 41 41 41 42 67 41 41 51 41 |ABAAAAAAAABgAAQA|
|00003520| 41 41 41 41 41 41 41 5a 41 41 41 41 41 41 41 41 |AAAAAAAZAAAAAAAA|
|00003530| 41 67 41 45 51 41 41 41 41 41 41 41 41 59 41 41 |AgAEQAAAAAAAAYAA|
|00003540| 45 41 41 41 41 41 41 41 41 47 41 41 42 41 41 41 |EAAAAAAAAGAABAAA|
|00003550| 41 41 41 41 41 42 6b 41 41 41 41 41 41 41 41 43 |AAAAABkAAAAAAAAC|
|00003560| 41 41 52 41 41 41 41 41 41 41 41 42 67 41 41 51 |AARAAAAAAAABgAAQ|
|00003570| 41 41 41 41 41 41 41 41 59 41 41 45 41 41 41 41 |AAAAAAAAYAAEAAAA|
|00003580| 41 41 41 41 47 51 41 41 41 41 41 41 41 41 49 41 |AAAAGQAAAAAAAAIA|
|00003590| 42 45 41 41 41 41 41 41 41 41 47 41 41 42 41 41 |BEAAAAAAAAGAABAA|
|000035a0| 41 41 41 41 41 41 42 67 41 41 51 41 41 41 41 41 |AAAAAABgAAQAAAAA|
|000035b0| 41 41 41 5a 41 41 41 41 41 41 41 41 41 67 41 45 |AAAZAAAAAAAAAgAE|
|000035c0| 51 41 41 41 41 41 41 41 41 59 41 41 45 41 41 41 |QAAAAAAAAYAAEAAA|
|000035d0| 41 41 41 41 41 47 41 41 42 41 41 41 41 41 41 41 |AAAAAGAABAAAAAAA|
|000035e0| 41 42 6b 41 41 41 41 41 41 41 41 43 41 41 52 41 |ABkAAAAAAAACAARA|
|000035f0| 41 41 41 41 41 41 41 42 67 41 41 51 41 41 41 41 |AAAAAAABgAAQAAAA|
|00003600| 41 41 41 41 59 41 41 45 41 41 41 41 41 41 41 41 |AAAAYAAEAAAAAAAA|
|00003610| 47 51 41 41 41 41 41 41 41 41 49 41 42 45 41 41 |GQAAAAAAAAIABEAA|
|00003620| 41 41 41 41 41 41 47 41 41 42 41 41 41 41 41 41 |AAAAAAGAABAAAAAA|
|00003630| 41 41 42 67 41 41 51 41 41 41 41 41 41 41 41 5a |AABgAAQAAAAAAAAZ|
|00003640| 41 41 41 41 41 41 41 41 41 67 41 45 51 41 41 41 |AAAAAAAAAgAEQAAA|
|00003650| 41 41 41 41 41 59 41 41 45 41 41 41 41 41 41 41 |AAAAAYAAEAAAAAAA|
|00003660| 41 47 41 41 42 41 41 41 41 41 41 41 41 42 6b 41 |AGAABAAAAAAAABkA|
|00003670| 41 41 41 41 41 41 41 43 41 41 52 41 41 41 41 41 |AAAAAAACAARAAAAA|
|00003680| 41 41 41 42 67 41 41 51 41 41 41 41 41 41 41 41 |AAABgAAQAAAAAAAA|
|00003690| 59 41 41 45 41 41 41 41 41 41 41 41 47 51 41 41 |YAAEAAAAAAAAGQAA|
|000036a0| 41 41 41 41 41 41 49 41 42 45 41 41 41 41 41 41 |AAAAAAIABEAAAAAA|
|000036b0| 41 41 47 41 41 42 41 41 41 41 41 41 41 41 42 67 |AAGAABAAAAAAAABg|
|000036c0| 41 41 51 41 41 41 41 41 41 41 41 5a 41 41 41 41 |AAQAAAAAAAAZAAAA|
|000036d0| 41 41 41 41 41 67 41 45 51 41 41 41 41 41 41 41 |AAAAAgAEQAAAAAAA|
|000036e0| 41 59 41 41 45 41 41 41 41 41 41 41 41 47 41 41 |AYAAEAAAAAAAAGAA|
|000036f0| 42 41 41 41 41 41 41 41 41 42 6b 41 41 41 41 41 |BAAAAAAAABkAAAAA|
|00003700| 41 41 41 43 41 41 52 41 41 41 41 41 41 41 41 42 |AAACAARAAAAAAAAB|
|00003710| 67 41 41 51 41 41 41 41 41 41 41 41 59 41 41 45 |gAAQAAAAAAAAYAAE|
|00003720| 41 41 41 41 41 41 41 41 47 51 41 41 41 41 41 41 |AAAAAAAAGQAAAAAA|
|00003730| 41 41 49 41 42 45 41 41 41 41 41 41 41 41 47 41 |AAIABEAAAAAAAAGA|
|00003740| 41 42 41 41 41 41 41 41 41 41 42 67 41 41 51 41 |ABAAAAAAAABgAAQA|
|00003750| 41 41 41 41 41 41 41 5a 41 41 41 41 41 41 41 41 |AAAAAAAZAAAAAAAA|
|00003760| 41 67 41 45 51 41 41 41 41 41 41 41 41 59 41 42 |AgAEQAAAAAAAAYAB|
|00003770| 57 65 58 6c 35 65 51 31 64 42 41 41 41 41 41 41 |WeXl5eQ1dBAAAAAA|
|00003780| 41 4b 4e 2f 56 71 31 64 72 76 59 35 6d 46 71 67 |AKN/Vq1drvY5mFqg|
|00003790| 44 41 42 71 64 6d 7a 65 7a 74 4f 37 7a 72 37 51 |DABqdmzeztO7zr7Q|
|000037a0| 39 2b 71 42 36 65 33 58 54 2b 42 65 48 71 50 55 |9+qB6e3XT+BeHqPU|
|000037b0| 76 66 39 48 51 5a 56 58 71 70 34 76 70 57 76 48 |vf9HQZVXqp4vpWvH|
|000037c0| 4a 56 6e 32 62 65 46 6f 76 50 4e 64 50 51 77 66 |JVn2beFovPNdPQwf|
|000037d0| 39 57 73 32 61 4e 57 33 6f 73 67 41 41 41 48 41 |9Ws2aNW3osgAAAHA|
|000037e0| 50 6f 41 63 41 67 48 74 4f 62 6d 36 75 46 6e 7a |PoAcAgHtObm6uFnz|
|000037f0| 30 6d 66 34 37 5a 45 6e 52 74 4a 6d 76 6a 64 61 |0mf47ZEnRtJmvjda|
|00003800| 37 66 35 67 6f 47 78 76 72 42 71 79 73 59 6a 2b |7f5goGxvrBqysYj+|
|00003810| 6e 5a 32 6a 53 39 4c 39 71 59 38 51 65 53 5a 4a |nZ2jS9L9qY8QeSZJ|
|00003820| 64 71 2f 76 30 79 62 49 2f 61 4d 53 51 4a 78 75 |dq/v0ybI/aMSQJxu|
|00003830| 34 4d 67 41 41 41 44 51 30 53 2f 51 41 59 41 77 |4MgAAADQ0S/QAYAw|
|00003840| 41 41 50 65 63 39 43 76 58 74 48 74 76 66 49 6c |AAPec9CvXtHtvfIl|
|00003850| 70 34 52 75 2f 30 72 66 66 6e 32 36 67 69 71 70 |p4Ru/0rffn26giqp|
|00003860| 6d 7a 37 37 44 52 59 31 2f 53 63 71 34 64 6b 4e |mz77DRY1/Scq4dkN|
|00003870| 37 76 7a 36 69 37 4f 78 62 44 56 67 56 41 41 41 |7vz6i7OxbDVgVAAA|
|00003880| 41 37 68 55 45 41 41 41 4d 34 56 7a 61 4a 61 33 |A7hUEAAAM4VzaJa3|
|00003890| 64 73 45 74 5a 57 64 6b 4e 58 59 70 5a 50 36 64 |dsEtZWdkNXYpZP6d|
|000038a0| 6e 36 4e 4d 4e 4f 38 74 4d 76 33 45 6a 53 37 6d |n6NMNO8tMv3EjS7m|
|000038b0| 35 74 78 75 67 49 67 41 41 41 4e 78 72 43 41 41 |5txugIgAAANxrCAA|
|000038c0| 41 47 4d 62 47 69 44 32 4e 74 68 66 41 6e 6e 32 |AGMbGiD2NthfAnn2|
|000038d0| 48 39 63 57 32 66 51 31 64 42 67 41 30 53 74 65 |H9cW2fQ1dBgA0Ste|
|000038e0| 76 33 39 54 38 78 65 48 79 66 54 5a 51 4d 39 2f |v39T8xeHyfTZQM9/|
|000038f0| 2b 55 47 66 2b 6e 64 62 51 4a 51 48 41 58 59 6c |+UGf+ndbQJQHAXYl|
|00003900| 42 41 41 45 59 52 6d 45 76 67 45 63 66 37 74 69 |BAAEYRmEvgEcf7ti|
|00003910| 6f 78 67 4c 34 4f 54 31 44 36 7a 64 48 4e 33 51 |oxgL4OT1D6zdHN3Q|
|00003920| 5a 41 4e 41 6f 35 65 58 6c 36 65 4e 2f 62 4e 55 |ZANAo5eXl6eN/bNU|
|00003930| 62 66 38 77 66 31 32 58 58 6e 6b 4f 36 2f 50 4e |bf8wf12XXnkO6/PN|
|00003940| 56 66 66 54 2b 44 4c 56 73 32 61 4b 42 71 77 4f |VffT+DLVs2aKBqwO|
|00003950| 41 75 77 73 39 41 41 41 59 53 6d 50 73 42 62 44 |Auws9AAAYSmPsBbD|
|00003960| 76 36 36 50 61 45 52 33 58 30 47 55 41 51 4b 4f |v66PaER3X0GUAQKO|
|00003970| 55 6d 5a 6d 74 48 30 36 6d 6c 4a 68 32 35 4c 74 |UmZmtH06mlJh25Lt|
|00003980| 54 2b 76 66 5a 6e 78 71 6f 49 67 43 34 65 78 45 |T+vfZnxqoIgC4exE|
|00003990| 41 41 44 43 55 78 6a 59 57 77 4d 2f 70 47 56 71 |AADCUxjYWwM/pGVq|
|000039a0| 37 63 5a 63 79 72 74 31 6f 36 46 49 41 41 41 42 |7cZcyrt1o6FIAAAB|
|000039b0| 77 6a 79 4d 41 41 47 41 34 47 79 50 32 4b 43 37 |wjyMAAGA4GyP2KC7|
|000039c0| 2b 65 45 4f 58 49 59 6d 72 2f 77 41 41 41 4b 67 |+eEOXIYmr/wAAAKg|
|000039d0| 2f 42 41 41 41 44 4f 64 63 32 69 57 46 62 2f 78 |/BAAADOdc2iWFb/x|
|000039e0| 4b 4e 32 39 6d 4e 57 67 64 58 50 30 48 41 41 42 |KN29mNWgdXP0HAAB|
|000039f0| 41 66 53 49 41 41 47 42 49 57 37 62 48 36 74 44 |AfSIAAGBIW7bH6tD|
|00003a00| 68 48 78 71 30 68 6b 4f 48 66 2b 44 71 50 77 41 |hHxq0hkOHf+DqPwA|
|00003a10| 41 41 4f 6f 4e 41 51 41 41 51 32 72 6f 58 67 42 |AAOoNAQAAQ2roXgB|
|00003a20| 58 72 31 37 58 32 67 30 6c 72 2f 34 37 4f 37 5a |Xr17X2g0lr/47O7Z|
|00003a30| 70 6b 46 6f 41 41 41 42 67 44 41 51 41 41 41 79 |pkFoAAABgDAQAAAy|
|00003a40| 68 56 34 2b 75 38 68 76 79 5a 49 6c 70 44 64 6b |hV4+u8hvyZIlpDdk|
|00003a50| 4c 34 47 44 38 4d 58 32 78 62 56 2f 52 2f 35 30 |L4GD8MX2xbV/R/50|
|00003a60| 64 32 2b 6a 31 79 63 38 33 53 43 30 41 41 41 41 |d2+j1yc83SC0AAAA|
|00003a70| 77 42 67 49 41 41 49 62 67 59 4e 39 4b 76 2f 32 |wBgIAAIbgYN9Kv/2|
|00003a80| 76 59 53 57 75 73 6a 64 55 4c 77 42 7a 56 2f 39 |vYSWusjdULwBzV/9|
|00003a90| 48 2b 6a 32 74 78 78 2f 72 57 71 39 31 41 41 41 |H+j2txx/rWq91AAA|
|00003aa0| 41 77 46 67 49 41 41 41 59 68 75 63 6a 37 68 72 |AwFgIAAAYhucj7hr|
|00003ab0| 70 39 33 53 4a 61 51 33 52 43 38 44 63 31 66 2b |p93SJaQ3RC8Dc1f+|
|00003ac0| 78 6f 77 62 4b 78 71 5a 35 76 64 59 42 41 41 41 |xowbKxqZ5vdYBAAA|
|00003ad0| 41 59 32 6e 57 30 41 55 41 51 48 32 78 73 57 6d |AY2nW0AUAQH2xsWm|
|00003ae0| 75 73 61 4d 47 61 6d 50 45 48 70 31 4c 75 79 54 |usaMGamPEHp1LuyT|
|00003af0| 70 54 69 2b 41 6e 6f 39 31 55 59 73 57 4e 6e 56 |pTi+Ano91UYsWNnV|
|00003b00| 65 51 33 6c 58 2f 78 39 39 75 4b 50 69 6a 35 79 |eQ3lX/x99uKPij5y|
|00003b10| 6f 30 54 6f 76 58 62 36 69 72 64 75 2f 31 6f 32 |o0TovXb6irdu/1o2|
|00003b20| 62 6d 66 49 62 38 70 51 65 63 47 35 72 71 58 4c |bmfIb8pQecG5rqXL|
|00003b30| 4c 64 66 62 63 52 55 56 45 37 64 4e 39 4c 57 77 |LdfbcRUVE7dN9LWw|
|00003b40| 31 62 50 43 76 31 61 61 31 66 5a 31 76 73 7a 71 |1bPCv1aa1fZ1vszq|
|00003b50| 75 58 37 2b 70 78 4f 4d 2f 36 76 43 33 4a 33 58 |uX7+pxOM/6vC3J3X|
|00003b60| 6f 38 41 38 36 65 2b 35 69 69 64 63 66 63 47 36 |o8A86e+5iidcfcG6|
|00003b70| 72 52 37 70 31 31 4f 4d 39 75 71 69 37 68 35 74 |rR7p11OM9uqi7h5t|
|00003b80| 61 74 6d 7a 52 51 4a 56 4b 32 64 6d 33 39 4b 2f |atmzRQJVK2dm39K/|
|00003b90| 2f 2f 54 39 39 45 2f 65 39 44 6e 39 37 55 71 64 |//T99E/e9Dn97Uqd|
|00003ba0| 2f 2f 48 65 4a 31 78 39 77 62 71 75 65 6a 33 56 |//HeJ1x9wbquej3V|
|00003bb0| 52 4c 36 2b 75 38 75 6a 36 6b 4b 79 74 36 79 38 |RL6+u8uj6kKyt6y8|
|00003bc0| 6f 75 6e 6b 7a 53 38 64 50 2f 71 2f 69 34 6f 2b |ounkzS8dP/q/i4o+|
|00003bd0| 62 33 59 38 64 48 2f 79 56 48 6e 75 30 6b 37 7a |b3Y8dH/yVHnu0k7z|
|00003be0| 37 50 4b 4b 48 2f 76 4d 2f 31 4b 78 5a 30 33 71 |7PKKH/vM/1KxZ03q|
|00003bf0| 72 72 66 68 2b 4f 33 6b 36 56 64 38 6d 6e 69 72 |rrfh+O3k6Vd8mnir|
|00003c00| 78 65 76 50 6d 7a 64 54 64 77 30 32 50 39 2b 67 |xevPmzdTdw02P9+g|
|00003c10| 71 4c 38 2f 4f 63 6e 4a 73 72 53 5a 4e 4c 48 2f |qL8/OcnJsrSZNLH/|
|00003c20| 64 34 39 4c 6c 4b 2f 70 71 7a 79 46 6c 5a 6d 62 |d49LlK/pqzyFlZmb|
|00003c30| 58 79 32 65 68 38 50 4d 75 71 55 62 62 79 38 76 |Xy2eh8PMuqUbby8v|
|00003c40| 4c 30 34 6d 6b 46 4f 32 49 6a 70 4e 37 78 2f 62 |L04mkFO2IjpN7x/b|
|00003c50| 36 7a 56 4d 39 79 76 33 64 6c 35 31 39 53 34 6e |6zVM9yv3dl519S4n|
|00003c60| 48 2f 36 56 76 34 72 37 58 4e 33 47 4a 2b 72 39 |H/6Vv4r7XN3GJ+r9|
|00003c70| 7a 50 2b 6c 6f 34 6d 6c 6c 58 4c 75 68 33 6c 37 |zP+lo4mllXLuh3l7|
|00003c80| 64 31 4b 62 31 4c 2b 54 6c 32 56 6c 50 39 50 4a |d1Kb1L+Tl2VlP9PJ|
|00003c90| 51 7a 38 65 36 36 4a 63 4f 64 72 56 2b 66 77 43 |Qz8e66JcOdrV+fwC|
|00003ca0| 41 75 6b 55 41 41 4d 42 51 48 6e 32 34 6f 30 62 |AukUAAMBQHn24o0b|
|00003cb0| 36 50 61 33 46 79 7a 34 76 6d 72 5a 6c 65 36 77 |6Pa3Fyz4vmrZle6w|
|00003cc0| 43 52 67 37 51 55 37 2f 75 58 75 66 62 50 33 54 |CRg7QU7/uXufbP3T|
|00003cd0| 34 68 7a 4a 58 2f 2f 32 48 2b 38 6a 47 78 72 70 |4hzJX//2H+8jGxrp|
|00003ce0| 47 36 30 75 37 63 46 6d 54 70 76 39 56 6b 56 2f |G60u7cFmTpv9VkV/|
|00003cf0| 47 53 70 4b 69 59 2b 4b 31 62 4e 46 2f 36 2f 36 |GSpKiY+K1bNF/6/6|
|00003d00| 32 44 68 61 70 31 35 79 66 30 7a 4d 30 50 66 67 |2Dhap15yf0zM0Pfg|
|00003d10| 44 62 59 7a 59 49 79 6c 2f 66 49 56 56 53 39 35 |DbYzYIyl/fIVVS95|
|00003d20| 53 6c 30 36 75 64 62 62 4e 71 72 68 39 2b 37 62 |Sl06udbbNqrh9+7b|
|00003d30| 69 34 6f 38 72 62 47 57 45 76 74 69 32 72 38 71 |i4o8rbGWEvti2r8q|
|00003d40| 50 56 37 52 72 64 5a 2b 65 48 66 71 55 4a 6f 34 |PV7RrdZ+eHfqUJo4|
|00003d50| 62 72 6c 35 65 33 65 71 74 45 5a 74 36 4a 6b 31 |brl5e3eqtEZt6Jk1|
|00003d60| 72 31 6d 33 58 69 6b 2b 32 4b 75 56 4d 57 6f 58 |r1m3Xik+2KuVMWoX|
|00003d70| 7a 72 67 37 66 4c 6b 6c 71 37 57 43 6e 6c 30 59 |zrg7fLklq7WCnl0Y|
|00003d80| 50 30 71 54 78 49 39 54 5a 76 59 4f 73 72 4b 77 |P0qTxI9TZvYOsrKw|
|00003d90| 73 58 6c 64 68 41 33 48 5a 71 6b 68 39 73 6e 36 |sXldhA3HZqkh9sn6|
|00003da0| 48 4c 71 64 6e 6c 44 76 76 72 6a 32 48 69 76 37 |HLqdnlDvvrj2Hiv7|
|00003db0| 64 6f 62 32 6a 58 6e 6c 70 6d 46 34 65 4d 31 67 |dob2jXnlpmF4eM1g|
|00003dc0| 75 37 52 30 74 58 6c 66 78 32 76 36 2b 5a 6f 73 |u7R0tXlfx2v6+Zos|
|00003dd0| 32 62 39 31 62 36 58 36 4c 32 6e 57 67 36 4e 38 |2b91b6X6L2nWg6N8|
|00003de0| 65 58 52 2f 55 78 48 45 6a 4e 4f 62 35 2f 68 5a |eXR/UxHEjNOb5/hZ|
|00003df0| 72 70 4a 66 2b 2f 50 32 36 6c 34 63 2b 58 66 35 |rpJf+/P26l4c+Xf5|
|00003e00| 48 75 58 5a 77 74 73 6a 36 53 30 74 4f 4f 61 63 |HuXZwtsj6S0tOOac|
|00003e10| 58 4a 2f 35 4a 58 38 63 6c 53 70 4a 38 76 44 32 |XJ/5JX8clSpJ8vD2|
|00003e20| 31 65 73 6e 62 36 75 44 69 56 4f 56 31 62 50 6b |1esnb6uDiVOV1bPk|
|00003e30| 79 56 69 39 4e 2b 6e 50 52 35 2b 4f 31 33 2f 6e |yVi9N+nPR5+O13/n|
|00003e40| 72 72 33 2b 61 57 69 49 45 4f 48 66 2b 6f 6c 61 |rr3+aWiIEOHf+ola|
|00003e50| 74 2f 56 4c 4c 56 30 65 57 75 34 38 50 78 68 2b |t/VLLV0eWu48Pxh+|
|00003e60| 54 56 48 49 66 44 2f 56 39 51 74 4f 6e 6a 46 4a |TVHIfD/V9QtOnjFJ|
|00003e70| 66 62 38 38 61 66 34 35 75 33 37 36 74 4b 31 65 |fb88af45u376tK1e|
|00003e80| 76 36 2f 62 74 32 30 58 54 4d 6a 4f 7a 6c 58 33 |v6/bt20XTMjOzlX3|
|00003e90| 72 56 70 6e 35 72 6d 5a 63 31 36 58 4c 56 38 70 |rVpn5rmZc16XLV8p|
|00003ea0| 64 6c 31 32 72 2b 2b 6f 31 4d 41 4f 41 75 77 45 |dl12r++o1MAOAuwE|
|00003eb0| 42 41 41 42 44 73 62 47 78 62 72 42 65 41 4e 65 |BAABDsbGxbrBeANe|
|00003ec0| 76 33 39 53 6e 47 33 61 57 61 4a 67 4f 48 2b 79 |v39SnG3aWaJgOH+y|
|00003ed0| 74 6e 6f 39 31 71 66 45 36 34 2b 4b 50 46 7a 55 |tno91qfE64+KPFzU|
|00003ee0| 2b 4a 4f 6d 4c 62 66 76 30 34 69 68 66 50 54 65 |+JOmLbfv04ihfPTe|
|00003ef0| 38 62 36 31 71 72 63 69 65 66 59 65 4c 47 76 2b |8b61qrciefYeLGv+|
|00003f00| 53 46 4a 64 77 58 49 65 2f 54 57 71 77 41 43 41 |SFJdwXIe/TWqwACA|
|00003f10| 76 4c 30 39 48 76 6b 31 53 79 4e 77 56 32 72 62 |vL09Hvk1SyNwV2rb|
|00003f20| 7a 6d 32 6f 76 6e 33 48 74 68 76 36 78 66 6f 66 |zm2ovn3Hthv6xfof|
|00003f30| 2b 73 58 36 48 66 48 2f 7a 75 49 4a 6e 76 4b 53 |+sX6HfH/zuIJnvKS|
|00003f40| 6e 66 74 32 39 54 68 72 58 6b 6e 54 35 35 36 76 |nft29ThrXknT556v|
|00003f50| 36 36 77 64 72 74 65 54 6a 4c 36 6f 63 55 68 51 |66wdrteTjL6ocUhQ|
|00003f60| 74 6d 35 36 68 44 38 49 32 61 75 57 6e 55 5a 72 |tm56hD8I2auWnUZr|
|00003f70| 36 32 32 63 31 38 37 55 78 46 67 31 37 7a 76 77 |622c187UxFg17zvw|
|00003f80| 37 54 65 2f 38 35 65 2f 36 78 2f 6f 64 31 56 34 |7Te/85e/6x/od1V4|
|00003f90| 32 35 55 79 61 2f 6a 6a 6e 59 79 31 61 38 70 6e |25Uya/jjnYy1a8pn|
|00003fa0| 65 65 57 4f 63 4a 6f 34 62 62 74 47 65 46 63 6b |eeWOcJo4bbtGeFck|
|00003fb0| 70 35 78 51 79 64 30 57 4e 61 70 4f 6b 78 4f 4d |p5xQyd0WNapOkxOM|
|00003fc0| 2f 61 74 70 2f 4c 31 54 49 6e 49 38 74 56 6c 2f |/atp/L1TInI8tVl/|
|00003fd0| 70 7a 39 2f 58 63 59 6d 4b 53 7a 68 65 5a 77 46 |pz9/XcYmKSzheZwF|
|00003fe0| 41 58 4d 4c 78 6f 73 61 2f 4a 4d 58 45 48 74 48 |AXMLxosa/JMXEHtH|
|00003ff0| 42 2b 47 4e 56 44 67 41 79 4d 37 4f 31 36 35 2f |B+GNVDgAyM7O165/|
|00004000| 2f 55 2b 4b 38 4f 33 44 6f 65 2f 33 66 75 5a 2f |/U+K8O3Doe/3fuZ/|
|00004010| 55 38 63 46 66 36 66 72 31 6d 31 71 2b 65 6f 76 |U8cFf6fr1m1q+eov|
|00004020| 2b 38 76 37 71 43 6f 4f 66 38 6d 7a 62 2b 59 32 |+8v7qCoOf8mzb+Y2|
|00004030| 32 37 66 78 47 51 33 32 66 30 4f 7a 67 56 2b 54 |27fxGQ32f0OzgV+T|
|00004040| 35 71 48 75 31 50 6b 66 58 72 39 2f 55 32 33 39 |5qHu1PkfXr9/U239|
|00004050| 65 72 67 2f 43 4e 6c 59 36 62 2b 4c 78 48 2f 58 |erg/CNlY6b+LxH/X|
|00004060| 34 62 33 35 58 34 54 79 4e 4a 5a 77 45 67 4d 61 |4b35X4TyNJZwEgMa|
|00004070| 45 4d 51 41 41 47 45 35 68 4c 34 44 69 36 6d 4d |EMQAAGE5hL4Di6mM|
|00004080| 73 67 49 4f 48 6a 6d 6e 54 6c 72 31 46 2f 37 64 |sgIOHjmnTlr1F/7d|
|00004090| 72 64 5a 39 47 2b 6a 31 64 71 39 44 68 50 78 35 |rdZ9G+j1dq9DhPx5|
|000040a0| 6f 57 2b 62 78 67 5a 39 75 32 4b 6d 66 61 2f 44 |oW+bxgZ9u2Kmfa/D|
|000040b0| 6c 76 53 71 75 58 37 2b 70 72 54 74 69 53 30 78 |lvSquX7+prTtiS0x|
|000040c0| 7a 64 6d 77 6a 74 34 64 2b 56 53 66 62 71 30 78 |zdmwjt4d+VSfbq0x|
|000040d0| 47 78 67 32 39 38 2b 66 6c 38 68 6b 36 72 55 61 |Gxg298+fl8hk6rUa|
|000040e0| 4e 2f 39 4a 32 2f 76 4e 2f 4e 47 7a 30 6d 33 72 |N/9J2/vN/NGz0m3r|
|000040f0| 6e 7a 38 75 56 6b 56 47 39 78 6e 6c 56 48 44 35 |nz8uVkVG9xnlVHD5|
|00004100| 36 55 73 4e 48 76 36 6e 33 46 71 32 74 64 75 4f |6UsNHv6n3Fq2tduO|
|00004110| 2f 75 49 78 72 4e 2f 54 65 6f 72 56 36 63 74 42 |/uIxrN/TeorV6ctB|
|00004120| 55 37 59 67 2b 71 4c 79 38 76 46 72 56 6c 5a 65 |U7Yg+qLy8vFrVlZe|
|00004130| 58 70 78 33 52 42 7a 58 41 4c 37 44 47 44 65 78 |Xpx3RBzXAL7DGDex|
|00004140| 43 6c 39 4d 7a 4e 4f 50 74 44 2b 58 37 33 41 77 |Cl9MzNOPtD+X73Aw|
|00004150| 64 50 6e 71 79 56 75 75 53 70 4b 79 73 62 4b 33 |dPnqyVuuSpKysbK3|
|00004160| 36 4e 45 6f 39 2b 6b 36 6f 64 57 32 6c 36 34 73 |6NEo9+k6odW2l64s|
|00004170| 2f 63 71 4a 57 2b 38 37 63 4d 63 7a 4a 79 61 31 |/cqJW+87cMczJya1|
|00004180| 4e 65 52 55 79 74 2b 37 71 62 43 38 76 4c 30 2b |NeRUyt+7qbC8vL0+|
|00004190| 35 75 62 64 4c 54 4d 76 4a 79 56 56 75 37 6d 32 |5ubdLTMvJyVVu7m2|
|000041a0| 6c 70 4a 37 58 53 35 50 2b 72 42 6c 76 66 31 69 |lpJ7XS5P+rBlvf1i|
|000041b0| 6a 78 6e 39 78 32 33 5a 2b 6f 77 46 2b 30 78 57 |jxn9x23Z+owF+0xW|
|000041c0| 32 4d 71 4a 61 39 53 55 65 2f 31 45 72 50 34 32 |2MqJa9SUe/1ErP42|
|000041d0| 71 31 62 61 4c 69 30 73 34 72 73 38 32 37 36 37 |q1baLi0s4rs82767|
|000041e0| 31 35 77 4d 41 37 69 58 30 41 41 42 67 4f 4f 58 |15wMA7iX0AABgOOX|
|000041f0| 31 41 6c 69 31 4e 6b 6f 39 75 6e 65 71 6b 2f 76 |1Ali1Nko9uneqk/v|
|00004200| 42 7a 56 33 39 39 78 2f 65 56 37 31 37 64 71 76 |BzV399x/eV717dqv|
|00004210| 56 65 68 2f 75 38 6d 43 5a 57 78 71 69 59 2b 4b |Veh/u8mCZWxqiY+K|
|00004220| 31 37 2b 75 6a 47 6c 48 71 73 59 65 57 6b 48 44 |17+ujGlHqsYeWkHD|
|00004230| 30 70 48 62 75 2f 70 38 53 30 33 7a 37 50 61 35 |0pHbu/p8S03z7Pa5|
|00004240| 75 6e 66 2f 54 34 74 75 71 7a 50 2b 64 2f 55 6d |unf/T4tuqzP+d/Um|
|00004250| 42 62 79 30 75 30 52 76 42 48 4d 39 48 33 50 53 |Bby0u0RvBHM9H3PS|
|00004260| 41 55 31 74 31 39 33 43 54 4a 42 31 4e 50 4b 56 |AU1t193CTJB1NPKV|
|00004270| 4c 6c 36 38 57 64 57 45 75 4c 65 50 61 44 63 31 |Ll68WdWEuLePaDc1|
|00004280| 5a 38 49 6c 4f 2f 66 68 76 4c 5a 7a 7a 75 76 37 |Z8IlO/fhvLZzzuv7|
|00004290| 6a 67 66 74 72 58 57 74 2b 41 7a 74 4f 55 32 61 |jgftrXWt+AztOU2a|
|000042a0| 38 58 32 47 33 39 65 4b 31 32 74 68 59 36 2f 43 |8X2G39eK12thY6/C|
|000042b0| 33 4a 33 55 2b 37 58 4b 35 74 5a 34 38 6e 61 71 |3J3U+7XK5tZ48naq|
|000042c0| 78 76 35 32 74 44 39 38 50 31 47 6a 2f 2f 6a 57 |xv52tD98P1Gj//jW|
|000042d0| 36 78 7a 30 6e 4a 31 64 72 77 72 63 72 38 4b 33 |6xz0nJ1drwrcr8K3|
|000042e0| 46 46 59 59 53 76 62 32 36 79 63 6d 78 74 52 35 |FFYYSvb26ycmxtR5|
|000042f0| 37 74 4a 4f 79 73 72 4a 31 4e 50 47 55 7a 70 36 |7tJOysrJ1NPGUzp6|
|00004300| 2f 71 43 50 66 6e 54 49 37 2f 39 64 78 69 51 72 |/qCPfnTI7/9dxiQr|
|00004310| 34 37 57 79 46 4c 5a 79 6c 76 74 36 65 4e 65 70 |47WyFLZylvt6eNep|
|00004320| 52 6b 5a 46 78 51 32 2f 2f 65 5a 6b 2b 58 4c 36 |RkZFxQ2//eZk+XL6|
|00004330| 70 77 76 6b 36 74 48 65 55 32 30 50 74 35 66 35 |pwvk6tHeU20Pt5f5|
|00004340| 51 65 37 6d 30 64 31 54 71 6d 54 54 39 6b 4a 53 |Qe7m0d1TqmTT9kJS|
|00004350| 69 62 78 4e 50 6c 64 75 59 2f 54 6f 75 55 63 2f |ibxNPlduY/TouUc/|
|00004360| 2f 31 39 74 61 38 4f 37 72 65 6e 62 59 55 33 58 |/19ta8O7renbYU3X|
|00004370| 57 34 2b 4e 75 63 50 7a 45 2f 2b 71 39 52 57 73 |W4+NucPzE/+q9RWs|
|00004380| 56 6c 33 43 38 33 48 6b 36 64 58 52 52 68 32 4b |Vl3C83Hk6dXRRh2K|
|00004390| 33 64 71 53 63 53 64 50 4a 30 36 6e 6c 7a 6e 38 |3dqScSdPJ06nlzn8|
|000043a0| 35 50 55 4e 54 5a 34 62 71 61 73 5a 31 7a 58 78 |5PUNTZ4bqasZ1zXx|
|000043b0| 74 54 4a 56 75 43 57 6a 65 76 4b 6c 61 74 57 78 |tTJVuCWjevKlatWx|
|000043c0| 52 71 33 43 73 74 50 6f 63 6c 77 49 41 37 67 59 |Rq3CstPoclwIA7gY|
|000043d0| 45 41 41 41 4d 79 64 78 59 41 4a 75 32 37 4e 57 |EAAAMydxYAJu27NW|
|000043e0| 4c 6f 33 7a 56 7a 38 66 4c 34 74 73 7a 64 2f 58 |Lo3zVz8fL4tszd/X|
|000043f0| 2f 78 56 47 2b 74 51 34 62 62 47 79 73 35 54 2f |/xVG+tQ4bbGys5T/|
|00004400| 63 70 30 53 59 6b 58 48 74 68 69 4b 69 39 71 6d |cp0SYkXHthiKi9qm|
|00004410| 2f 6a 35 64 46 77 34 79 73 72 47 78 74 32 68 4a |/j5dFw4ysrGxt2hJ|
|00004420| 54 74 42 30 70 2f 33 32 4d 65 58 35 41 76 51 2b |TtB0p/32MeX5AvQ+|
|00004430| 69 6c 35 4a 36 58 71 2f 4f 43 69 31 78 2f 33 46 |il5J6Xq/OCi1x/3F|
|00004440| 78 51 33 32 66 30 4e 54 66 50 71 63 6e 48 6e 39 |xQ32f0NTfPqcnHn9|
|00004450| 59 39 76 61 74 7a 4d 35 7a 2f 66 70 4e 48 54 72 |Y9vatzM5z/fpNHTr|
|00004460| 38 67 35 61 76 33 71 4a 31 6d 36 4c 4c 76 4c 34 |8g5av3qJ1m6LLvL4|
|00004470| 78 59 6f 39 75 33 4d 6a 55 33 2b 62 50 72 4e 59 |xYo9u3MjU3+bPrNY|
|00004480| 39 31 75 62 73 2b 2f 70 6f 75 59 33 2f 6e 70 36 |91ubs+/pouY3/np6|
|00004490| 64 4e 58 33 71 4b 41 30 65 30 4b 66 63 51 64 53 |dNX3qKA0e0KfcQdS|
|000044a0| 75 58 37 2b 70 66 64 39 38 71 79 55 66 62 79 37 |uX7+pfd98qyUfby7|
|000044b0| 54 30 2b 46 79 65 6f 59 6d 42 38 36 58 4a 49 31 |T0+FyeoYmB86XJI1|
|000044c0| 35 66 6b 43 31 47 72 4a 35 65 58 6e 61 38 4d 58 |5fkC1GrJ5eXna8MX|
|000044d0| 75 63 68 76 2f 76 72 39 35 58 4c 2b 66 4d 6b 70 |uchv/vr95XL+fMkp|
|000044e0| 50 50 66 46 6f 75 63 66 34 35 2f 51 4d 62 66 2f |PPfFoucf45/QMbf/|
|000044f0| 71 67 4d 4a 57 52 6d 6a 2f 67 65 39 4b 76 48 62 |qgMJWRmj/ge9KvHb|
|00004500| 79 64 4b 72 47 54 58 31 58 61 35 61 2b 6f 37 37 |ydKrGTX1Xa5a+o77|
|00004510| 65 6e 6c 57 75 53 38 70 2f 7a 30 47 6d 70 56 71 |enlWuS8p/z0GmpVq|
|00004520| 79 34 67 75 7a 72 2f 66 30 37 4b 78 70 6b 35 37 |y4guzr/f07Kxpk57|
|00004530| 58 67 4b 64 37 79 72 46 64 61 37 50 76 2b 2f 62 |XgKd7yrFda7Pv+/b|
|00004540| 74 32 30 70 4f 50 61 2b 31 47 33 61 5a 48 57 73 |t20pOPa+1G3aZHWs|
|00004550| 68 35 55 79 61 78 6b 31 39 56 35 6c 5a 57 64 58 |h5Uyaxk19V5lZWdX|
|00004560| 65 64 2f 65 4b 62 37 38 2f 72 65 64 65 65 72 76 |ed/eKb78/redeerv|
|00004570| 4d 39 4d 4c 78 4a 67 4a 47 44 70 42 48 31 34 66 |M9MLxJgJGDpBH14f|
|00004580| 4d 39 6c 53 36 65 54 4e 4c 69 63 66 2f 70 66 43 |M9lS6eTNLicf/pfC|
|00004590| 4e 58 35 55 37 58 6b 53 51 4b 55 78 4e 72 4a 70 |NX5U7XkSQKUxNrJp|
|000045a0| 6f 78 6d 73 76 71 47 6e 54 69 68 76 6a 6a 7a 37 |oxmsvqGnTihvjjz7|
|000045b0| 73 70 73 43 70 4c 2b 6a 50 37 36 2b 32 53 41 6a |spsCpL+jP76+2SAj|
|000045c0| 77 37 4e 43 6e 39 4e 49 4c 67 77 78 35 58 41 47 |w7NCn9NILgwx5XAG|
|000045d0| 67 50 4e 77 43 41 4d 43 51 43 6e 73 42 46 4f 38 |gPNwCAMCQCnsBFO8|
|000045e0| 2b 6e 33 48 74 68 6a 37 64 73 46 50 58 72 39 2b |+n3Hthj7dsFPXr9+|
|000045f0| 30 36 4c 62 71 36 75 70 2f 6f 52 37 64 4f 38 6d |06Lbq6up/oR7dO8m|
|00004600| 33 33 2b 4d 6c 70 6d 33 61 73 6c 63 48 44 35 6d |33+Mlpm3aslcHD5m|
|00004610| 2f 61 6c 78 54 4a 30 2b 6c 36 71 74 69 67 37 35 |/alxTJ0+l6qtig75|
|00004620| 4a 55 6e 38 66 72 31 71 4e 59 56 41 54 61 52 63 |JUn8fr1qNYVATaRc|
|00004630| 75 36 2f 64 42 69 38 77 32 2f 6e 74 36 64 74 5a |u6/dBi8w2/nt6dtZ|
|00004640| 58 45 51 73 56 75 57 36 65 42 67 2f 6f 58 57 37 |XEQsVuW6eBg/oXW7|
|00004650| 6a 58 35 4a 61 74 6d 77 68 6e 79 63 66 30 39 71 |jX5Jatmwhnycf09q|
|00004660| 50 51 35 51 51 73 30 4a 44 66 5a 38 6f 4d 30 2f |PQ5QQs0JDfZ8oM0/|
|00004670| 55 72 67 50 36 66 64 41 69 70 56 32 34 58 4f 4e |UrgP6fdAipV24XON|
|00004680| 36 66 7a 69 5a 72 44 64 44 6c 70 5a 70 66 48 5a |6fziZrDdDlpZpfHZ|
|00004690| 6f 37 36 68 50 6c 76 31 42 2b 33 63 73 55 63 44 |o76hPlv1B+3csUcD|
|000046a0| 49 67 52 57 4f 6f 4e 36 79 5a 51 73 4e 48 74 42 |IgRWOoN6yZQsNHtB|
|000046b0| 62 6b 65 76 6d 36 61 75 49 68 65 72 70 32 62 6e |bkevm6auIherp2bn|
|000046c0| 45 36 78 6e 58 62 75 69 74 50 79 33 54 76 71 2b |E6xnXbuitPy3Tvq+|
|000046d0| 50 56 71 75 32 66 56 38 66 31 56 74 2f 57 6c 61 |PVqu2fV8f1Vt/Wla|
|000046e0| 6d 73 66 58 6f 77 78 32 31 36 34 75 46 2b 76 4c |msfXowx2164uF+vL|
|000046f0| 7a 2b 52 6f 38 6f 48 65 46 41 63 38 76 48 65 77 |z+Ro8oHeFAc8vHew|
|00004700| 55 4d 48 4b 67 76 6f 70 59 70 4c 56 2f 2f 36 4d |UMHKgvopYpLV//6M|
|00004710| 36 64 58 51 70 38 58 72 4b 6d 54 53 39 47 62 4a |6dXQp8XrKmTS9GbJ|
|00004720| 55 50 35 78 4d 72 6e 4a 64 4f 54 6d 35 2b 75 6a |UP5xMrnJdOTm5+uj|
|00004730| 76 6d 38 77 32 2f 6a 74 31 64 4e 48 61 76 2f 39 |vm8w2/jt1dNHav/9|
|00004740| 52 2b 33 63 73 30 55 75 6a 42 38 6e 4a 73 55 32 |R+3cs0UujB8nJsU2|
|00004750| 35 44 62 77 6d 54 5a 72 6f 51 64 63 48 39 49 66 |5DbwmTZroQdcH9If|
|00004760| 2f 48 71 63 6a 2b 31 66 72 72 52 6b 76 79 61 37 |/Hqcj+1frrRkvya7|
|00004770| 56 66 53 58 6d 71 65 6d 2b 75 31 66 5a 74 62 70 |VfSXmqem+u1fZtbp|
|00004780| 50 62 30 34 66 71 2b 38 50 66 71 4a 46 38 33 36 |Pb04fq+8PfqJF836|
|00004790| 76 78 33 74 30 4c 66 63 32 70 52 59 74 62 50 52 |vx3t0Lfc2pRYtbPR|
|000047a0| 34 6a 36 35 61 4e 4f 2f 33 4f 68 47 2f 54 6d 39 |4j65aNO/3OhG/Tm9|
|000047b0| 4f 48 31 74 6d 2f 30 72 53 33 7a 37 65 70 4e 68 |OH1tm/0rS3z7epNh|
|000047c0| 53 34 5a 41 35 7a 5a 6f 31 31 52 75 2f 44 39 44 |S4ZA5zZo11Ru/D9D|
|000047d0| 56 66 2b 39 53 58 6e 70 73 30 63 2b 4e 63 37 73 |Vf+9SXnps0c+Nc7s|
|000047e0| 31 61 64 79 49 45 76 4d 2b 2b 6e 42 48 6e 54 67 |1adyIEvM++nBHnTg|
|000047f0| 55 58 6d 4b 2b 30 6a 2b 62 50 35 31 54 36 2f 41 |UXmK+0j+bP51T6/A|
|00004800| 4f 41 4f 34 31 42 41 41 41 44 4d 76 63 57 41 42 |OAO41BAAADMvcWAB|
|00004810| 31 30 58 41 75 33 57 33 65 30 6c 66 4e 57 37 5a |10XAu3W3e0lfNW7Z|
|00004820| 73 6f 52 64 48 2b 5a 62 34 34 70 31 78 37 59 59 |soRdH+Zb44p1x7YY|
|00004830| 32 52 75 7a 52 7a 5a 74 5a 46 74 6c 47 62 6d 36 |2RuzRzZtZFtlGbm6|
|00004840| 75 50 6f 2b 4d 30 51 39 4a 4b 53 57 6d 2b 77 2f |uPo+M0Q9JKSWm+w/|
|00004850| 33 71 64 64 48 66 2b 58 6b 35 47 70 78 32 4d 59 |3qddHf+Xk5Gpx2MY|
|00004860| 53 41 36 38 56 6d 76 72 4b 73 39 71 78 65 59 48 |SA68VmvrKs9qxeYH|
|00004870| 36 2b 2f 53 73 56 6c 64 34 4b 79 73 72 50 64 61 |6+/SsVld4KysrPda|
|00004880| 39 6b 38 49 2f 4e 69 6c 6f 2b 6f 74 6c 58 6f 2f |9k8I/Nilo+otlXo/|
|00004890| 38 4d 6c 5a 2f 58 37 4f 6c 52 76 64 32 2f 35 79 |8MlZ/X7OlRvd2/5y|
|000048a0| 65 6f 5a 43 35 4b 38 70 30 72 65 37 56 6f 36 73 |eoZC5K8p0re7Vo6s|
|000048b0| 32 66 66 4b 75 58 6e 7a 42 74 31 70 50 67 47 6a |2ffKuXnzBt1pPgGj|
|000048c0| 53 70 49 6e 36 2b 2f 54 55 6c 76 58 76 36 61 55 |SpIn6+/TUlvXv6aU|
|000048d0| 58 66 45 75 38 6c 6e 49 6d 54 52 75 2b 2b 4b 63 |XfEu8lnImTRu++Kc|
|000048e0| 79 4d 37 4f 72 74 4b 37 6b 6c 48 4e 36 2b 38 2f |yM7OrtK7klHN6+8/|
|000048f0| 4c 79 77 51 54 51 77 62 32 55 57 54 34 50 41 31 |LywQTQwb2UWT4PA1|
|00004900| 34 75 6e 72 37 30 63 62 47 57 67 45 6a 42 79 6f |4unr70cbGWgEjByo|
|00004910| 69 66 4b 34 47 50 74 32 7a 78 47 74 78 43 63 63 |ifK4GPt2zxGtxCcc|
|00004920| 56 45 62 57 2f 53 75 73 70 37 4a 58 77 37 76 78 |VEbW/Susp7JXw7vx|
|00004930| 2f 6c 48 6e 74 32 61 46 50 61 65 66 6d 42 51 6f |/lHnt2aFPaefmBQo|
|00004940| 59 4f 62 44 61 54 38 37 34 70 59 4f 64 2f 76 4b |YObDaT874pYOd/vK|
|00004950| 48 69 64 72 2b 2b 58 77 39 2b 6e 44 48 45 71 2f |Hidr++Xw9+nDHEq/|
|00004960| 56 4a 4b 53 34 46 33 56 6f 37 36 67 56 48 77 56 |VJKS4F3Vo76gVHwV|
|00004970| 70 7a 68 38 6e 79 64 6d 70 65 6f 38 54 76 62 2b |pzh8nydmpeo8Tvb+|
|00004980| 74 67 2b 62 38 63 5a 4a 57 66 42 52 55 34 6c 59 |tg+b8cZJWfBRU4lY|
|00004990| 42 4b 58 2f 2f 66 68 43 32 55 54 39 64 54 4c 64 |BKX//fhC2UT9dTLd|
|000049a0| 6b 75 51 43 41 47 69 41 41 41 47 42 59 39 64 45 |kuQCAGiAAAGBY9dE|
|000049b0| 4c 34 4f 62 4e 4c 49 56 76 2f 4b 70 45 74 2f 6c |L4ObNLIVv/KpEt/l|
|000049c0| 6e 68 7a 36 6c 33 6c 36 57 75 66 70 66 71 48 66 |nhz6l3l6WufpfqHf|
|000049d0| 50 62 76 49 76 4e 66 4c 2f 6c 75 32 78 53 6a 7a |PbvIvNfL/lu2xSjz|
|000049e0| 2b 4c 34 75 73 50 2f 56 4d 6d 6e 62 39 73 2b 53 |+L4usP/VMmnb9s+S|
|000049f0| 39 2f 2f 31 39 76 50 53 62 70 78 36 7a 79 50 71 |9//19vPSbpx6zyPq|
|00004a00| 72 36 70 2f 37 45 73 7a 65 44 32 34 4b 6d 71 44 |r6p/7EszeD24KmqD|
|00004a10| 35 66 33 6c 4e 72 58 2f 35 69 78 71 76 32 38 37 |5f3lNrX/5ixqv287|
|00004a20| 75 50 76 33 35 6e 64 39 70 6e 6d 6c 79 6d 64 66 |uPv35nd9pnmlymdf|
|00004a30| 2b 2b 6b 47 34 2f 72 6b 76 6f 56 72 72 79 38 76 |++kG4/rkvoVrry8v|
|00004a40| 4c 30 2b 63 52 65 38 71 4d 55 64 43 72 52 31 64 |L0+cRe8qMUdCrR1d|
|00004a50| 39 2f 47 47 51 65 6e 54 76 58 4d 36 53 6c 58 4e |9/GGQenTvXM6SlXN|
|00004a60| 79 62 4b 4f 2f 7a 5a 2b 70 4b 52 50 38 53 6b 78 |ybKO/zZ+pKRP8Skx|
|00004a70| 33 37 39 68 65 4e 6a 61 56 50 2f 59 73 4a 79 64 |379heNjaVP/YsJyd|
|00004a80| 58 66 31 2b 7a 70 63 53 49 38 70 49 30 34 68 6c |Xf1+zpcSI8pI04hl|
|00004a90| 76 4c 56 76 30 33 37 57 36 61 74 72 5a 76 59 4e |vLVv037W6atrZvYN|
|00004aa0| 57 2f 75 30 74 6a 58 6a 47 75 32 69 61 58 61 76 |W/u0tjXjGu2iaXav|
|00004ab0| 37 31 4c 57 4b 49 37 47 66 2f 76 48 66 57 68 7a |71LWKI7Gf/vHfWhz|
|00004ac0| 32 65 5a 6c 65 43 53 50 39 6e 74 62 53 42 62 4e |2eZleCSP9ntbSBbN|
|00004ad0| 71 56 5a 75 56 6c 5a 56 2b 33 66 73 52 72 66 67 |qVZuVlZV+3fsRrfg|
|00004ae0| 6f 53 4c 31 36 64 43 33 78 57 6c 7a 43 63 61 33 |oSL16dC3xWlzCca3|
|00004af0| 34 5a 4a 75 79 73 71 6f 57 6f 4e 78 72 4f 72 52 |4ZJuysqoWoNxrOrR|
|00004b00| 33 31 4e 49 46 62 2b 6a 35 45 55 2f 58 61 43 77 |31NIFb+j5EU/XaCw|
|00004b10| 4a 4b 54 2b 67 65 6e 37 45 30 35 72 7a 78 30 6c |JKT+gen7E05rzx0l|
|00004b20| 6c 65 67 4a 38 73 57 31 66 6d 64 38 68 41 49 44 |legJ8sW1fmd8hAID|
|00004b30| 36 52 77 41 41 77 4e 44 71 75 68 66 41 6f 63 4d |6RwAAwNDquhfAocM|
|00004b40| 2f 61 4d 76 32 4f 31 65 72 37 56 72 64 70 37 47 |/aMv2O1er7Vrdp7G|
|00004b50| 6a 42 75 6f 58 76 32 68 70 6b 66 55 58 61 74 6d |jBuoXv2hpkfUXatm|
|00004b60| 79 68 63 59 38 50 36 44 45 6c 2b 35 7a 61 66 2f |yhcY8P6DEl+5zaf/|
|00004b70| 50 33 72 33 48 56 56 58 6c 2f 78 39 2f 47 77 61 |P3r3HVVXl/x9/Gwa|
|00004b80| 6b 49 69 6a 47 78 55 59 67 52 39 51 30 44 46 4b |kIijGxUYgR9Q0DFK|
|00004b90| 43 45 68 53 44 45 69 2b 54 71 47 6d 6d 54 61 6c |CEhSDEi+TqGmmTal|
|00004ba0| 39 4b 32 30 6d 30 79 34 7a 36 73 77 55 7a 56 54 |9K20m0y4z6swUzVT|
|00004bb0| 61 5a 4b 50 5a 2f 4e 52 6d 4a 72 56 47 7a 54 49 |aZKPZ/NRmJrVGzTI|
|00004bc0| 56 53 78 51 4c 79 6c 73 46 61 6f 6d 52 42 73 49 |VSxQLylsFaomRBsI|
|00004bd0| 6f 59 69 57 51 47 49 67 58 51 49 33 66 48 77 65 |oYiWQGIgXQI3fHwe|
|00004be0| 55 77 7a 6e 41 34 65 5a 42 39 2b 76 35 65 50 68 |UwznA4eZB9+v5ePh|
|00004bf0| 34 77 44 70 72 37 37 33 32 50 67 66 58 57 5a 39 |4wDpr7732PgfXWZ9|
|00004c00| 31 4b 39 44 4b 39 7a 39 75 64 49 4f 6d 76 4c 78 |1K9DK9z9udIOmvLx|
|00004c10| 63 36 7a 64 75 74 2b 6a 46 48 6a 37 34 44 6e 6c |c6zdut+jFHj74Dnl|
|00004c20| 56 32 34 47 67 4f 66 31 63 57 4b 7a 2f 76 50 4f |V24GgOf1cWKz/vPO|
|00004c30| 52 52 63 50 77 38 59 64 48 36 70 6b 6e 37 6d 2b |RRcPw8YdH6pkn7m+|
|00004c40| 53 4c 52 78 62 74 78 76 54 44 71 38 41 41 43 41 |SLRxbtxvTDq8AACA|
|00004c50| 41 53 55 52 42 56 48 62 51 37 78 38 5a 72 63 63 |ASURBVHbQ7x8Zrcc|
|00004c60| 66 48 6d 6d 57 58 6e 7a 71 6a 50 37 7a 7a 6b 66 |fHmmWXnzqjP7zzkf|
|00004c70| 31 32 6c 33 68 53 45 36 75 33 6e 35 33 73 31 6d |12l3hSE6u3n53s1m|
|00004c80| 61 53 37 73 32 2b 75 75 66 2f 6b 38 33 39 2b 72 |aS7s2+uuf/k839+r|
|00004c90| 61 36 4c 4b 36 75 4c 54 52 69 33 39 35 56 48 39 |a6LK6uLTRi395VH9|
|00004ca0| 36 2b 6b 45 46 39 4f 71 71 4f 63 38 2f 70 6b 63 |6+kEF9OqqOc8/pkc|
|00004cb0| 6e 6a 72 42 70 76 6e 4e 71 57 71 5a 57 72 76 6e |njrBpvnNqWqZWrvn|
|00004cc0| 59 4c 4f 32 6d 37 72 37 36 36 2b 7a 2f 61 35 4a |YLO2m7r766+z/a5J|
|00004cd0| 46 44 32 2f 6f 66 4c 33 65 2b 50 73 4d 50 66 4c |FD2/ofL3e+PsMPfL|
|00004ce0| 51 62 78 54 51 71 36 76 2b 33 37 79 6e 4e 4d 7a |QbxTQq6v+37ynNMz|
|00004cf0| 4b 46 49 76 71 4c 6c 79 34 6f 50 2b 75 33 6d 4c |KFIvqLly4oP+u3mL|
|00004d00| 78 57 52 73 55 66 71 76 6d 76 7a 78 4e 6e 68 34 |xWRsUfqvmvzxNnh4|
|00004d10| 64 47 31 30 32 53 65 6f 62 32 46 4f 76 76 44 44 |dG102Seob2FOvvDD|
|00004d20| 56 6f 71 66 36 58 38 73 2f 74 47 6d 6f 2b 74 58 |Voqf6X8s/tGmo+tX|
|00004d30| 6f 64 2f 38 33 57 6e 66 66 47 64 7a 6f 2b 66 4b |od/83WnffGdzo+fK|
|00004d40| 74 57 72 58 53 32 4a 47 52 2b 73 4f 54 34 79 31 |tWrXS2JGR+sOT4y1|
|00004d50| 65 57 2f 76 68 31 6d 62 62 6f 51 51 41 59 42 73 |eW/vh1mbboQQAYBs|
|00004d60| 43 41 41 41 4d 72 54 6c 48 41 56 6a 72 2f 59 2b |CAAAMrTlHAVjr/Y+|
|00004d70| 4f 43 6d 6d 32 4f 66 50 42 74 39 36 6b 36 4b 67 |OCmm2OfPBt96k6Kg|
|00004d80| 51 73 37 51 4e 6d 33 59 6f 37 63 43 68 52 70 30 |Qs7QNm3Yo7cChRp0|
|00004d90| 33 4e 36 39 41 6d 78 4f 54 7a 64 4a 43 2b 76 62 |3N69AmxOTzdJC+vb|
|00004da0| 53 50 55 50 43 4c 75 76 69 57 70 39 74 2f 39 71 |SPUPCLuviWp9t/9q|
|00004db0| 69 4e 37 31 2f 53 49 43 65 6e 54 61 2b 53 52 63 |iN71/SICenTa+SRc|
|00004dc0| 68 62 4e 76 32 4f 76 33 6c 44 78 4d 31 37 4f 37 |hbNv2Ov3lDxM17O7|
|00004dd0| 62 7a 64 4c 58 78 48 32 6d 7a 37 5a 2f 62 66 4e |bzdLXxH2mz7Z/bfN|
|00004de0| 35 6b 72 5a 39 5a 64 48 44 2f 75 6a 45 65 7a 53 |5krZ9ZdHD/ujEezS|
|00004df0| 77 66 32 43 54 6c 46 4f 53 4f 6e 5a 6f 72 78 66 |wf2CTlFOSOnZorxf|
|00004e00| 2f 38 71 69 2b 2b 65 49 64 7a 5a 7a 78 57 35 75 |/8qi++eIdzZzxW5u|
|00004e10| 43 49 42 63 75 58 4e 43 48 6d 33 5a 61 44 50 31 |CIBcuXNCHm3ZaDP1|
|00004e20| 2f 62 4e 49 49 42 66 54 2b 64 5a 4f 56 72 63 75 |/bNIIBfT+dZOVrcu|
|00004e30| 76 50 50 57 76 31 2f 2b 6f 62 37 35 34 52 37 38 |vPPWv1/+ob754R78|
|00004e40| 64 46 32 33 54 61 75 7a 70 42 33 50 30 77 51 62 |dF23TauzpB3P0wQb|
|00004e50| 7a 39 39 6a 62 30 31 31 2f 66 75 61 68 4a 67 6c |z99jb011/fuahJgl|
|00004e60| 4d 56 42 56 32 65 78 2f 39 37 76 39 47 6d 36 55 |MVBV2ex/97v9Gm6U|
|00004e70| 31 31 7a 6f 67 4c 64 32 67 38 46 73 31 66 73 78 |11zogLd2g8Fs1fsx|
|00004e80| 64 64 53 37 53 5a 36 76 57 72 52 30 30 59 63 7a |ddS7SZ6vWrR00Ycz|
|00004e90| 64 46 71 4d 73 6b 6e 66 76 31 36 48 73 48 35 72 |dFqMsknfv16HsH5r|
|00004ea0| 6b 47 67 43 41 68 69 45 41 41 4d 44 77 6d 6d 73 |kGgCAhiEAAMDwmms|
|00004eb0| 55 67 4e 58 65 2f 7a 6f 57 65 32 75 4d 44 6d 34 |UgNXe/zoWe2uMDm4|
|00004ec0| 75 6d 6a 44 6d 62 72 4e 52 41 45 65 4f 35 6d 6e |umjDmbrNRAEeO5mn|
|00004ed0| 39 52 39 73 61 74 54 66 35 70 6f 2b 54 6c 62 68 |9R9satTf5po+Tlbh|
|00004ee0| 31 6a 31 6e 61 33 58 66 65 4a 70 39 71 76 61 66 |1j1na3XfeJp9qvaf|
|00004ef0| 4e 36 66 54 70 73 2f 6f 6f 77 58 4c 65 2f 39 53 |N6fTps/oowXLe/9S|
|00004f00| 48 52 38 72 50 31 37 76 4a 72 2b 66 6c 36 61 35 |HR8rP17vJr+fl6a5|
|00004f10| 48 48 72 72 48 59 68 6a 7a 52 77 6b 37 62 57 6f |HHrrHYhjzRwk7bWo|
|00004f20| 63 46 68 57 64 55 6b 4b 53 65 64 44 6b 70 75 36 |cFhWdUkKSedDkpu6|
|00004f30| 2b 65 6e 42 63 64 4c 33 6e 72 6a 65 31 37 33 2f |+enBcdL3nrje173/|
|00004f40| 34 53 55 6e 62 7a 4e 2f 50 51 65 47 33 36 74 34 |4SUnbzN/PQeG36t4|
|00004f50| 52 67 2b 79 2b 57 76 72 4f 35 48 30 57 36 30 79 |Rg+y+WvrO5H0W60y|
|00004f60| 4d 48 33 4f 58 2b 6f 63 47 4e 50 6d 31 48 42 77 |MH3OX+ocGNPm1HBw|
|00004f70| 63 4e 48 37 4d 58 52 6f 55 62 6a 36 4e 35 66 50 |cNH7MXRoUbj6N5fP|
|00004f80| 6b 4e 50 33 76 73 4c 45 61 71 63 4d 48 33 36 48 |kNP3vsLEaqcMH36H|
|00004f90| 4f 33 76 57 62 38 31 38 58 6e 79 36 65 75 76 74 |O3vWb818Xny6euvt|
|00004fa0| 4f 38 38 56 4a 6a 2b 55 56 61 4d 2f 65 39 43 61 |O88VJj+UVaM/e9Ca|
|00004fb0| 39 44 67 43 67 66 67 67 41 41 44 43 38 35 68 67 |9DgCgfggAADC85hg|
|00004fc0| 46 59 47 33 4c 76 4f 69 6f 45 41 31 6f 77 74 35 |FYG3LvOioEA1owt5|
|00004fd0| 66 61 77 62 30 44 31 52 55 74 57 30 4d 31 32 2f |fawb0D1RUtW0M12/|
|00004fe0| 63 72 6f 7a 4d 6d 76 66 72 72 73 33 50 68 63 57 |crozMmvfrrs3PhcW|
|00004ff0| 4b 2f 39 68 38 32 37 6d 62 75 76 76 71 76 6c 47 |K/9h827mbuvvqvlG|
|00005000| 52 54 64 5a 62 61 49 76 73 6e 46 79 6c 37 44 45 |RTdZbaIvsnFyl7DE|
|00005010| 66 46 6a 35 79 2b 41 41 4e 72 64 5a 4c 33 35 53 |fFj5y+AANrdZL35S|
|00005020| 73 50 55 74 62 47 34 64 5a 68 37 2f 58 35 38 6e |sPUtbG4dZh7/X58n|
|00005030| 6d 76 66 39 33 44 51 70 57 44 33 2b 66 47 6f 36 |mvf93DQpWD3+fGo6|
|00005040| 34 66 50 5a 39 6d 36 55 76 64 6e 31 72 6c 74 59 |4fPZ9m6Uvdn1rltY|
|00005050| 63 44 63 44 36 4b 69 34 2b 59 2f 48 4d 76 44 33 |cDcD6Ki4+Y/HMvD3|
|00005060| 64 4e 58 62 6b 6e 63 30 57 4e 4f 6e 73 33 63 6c |dNXbknc0WNOns3cl|
|00005070| 69 39 34 66 4d 51 39 38 72 61 56 76 39 31 6e 75 |i94fMQ98raVv91nu|
|00005080| 34 30 76 55 4c 36 74 6e 6b 77 52 38 48 42 77 65 |40vUL6tnkwR8HBwe|
|00005090| 4c 76 78 2f 4a 74 4a 74 49 57 64 6d 35 4a 72 30 |Lvx/JtJtIWdm5Jr0|
|000050a0| 57 41 4d 42 32 42 41 41 41 51 45 30 2f 43 6d 44 |WAMB2BAAAQE0/CmD|
|000050b0| 66 74 31 6b 57 77 39 58 48 6a 59 70 71 39 68 58 |ft1kWw9XHjYpq9hX|
|000050c0| 7a 4f 37 69 35 36 49 47 78 35 71 76 44 66 33 66 |zO7i56IGx5qvDf3f|
|000050d0| 77 69 4e 35 62 6c 36 51 4c 46 2b 6f 2f 43 6d 44 |wiN5bl6QLF+o/CmD|
|000050e0| 37 35 36 6b 57 76 66 39 33 44 51 70 57 74 36 34 |756kWvf93DQpWt64|
|000050f0| 33 4e 4b 71 63 39 66 58 74 64 34 63 73 65 6f 62 |3NKqc9fXtd4cseob|
|00005100| 44 62 37 2b 6c 57 5a 39 6e 42 7a 63 58 69 2b 30 |Db7+lWZ9nBzcXi+0|
|00005110| 56 4d 77 39 39 62 39 4f 55 69 76 33 66 48 54 59 |VMw99b9OUiv3fHTY|
|00005120| 4c 2f 6b 6a 53 62 58 31 37 32 62 33 33 76 37 79 |L/kjSbX172b33v7y|
|00005130| 38 58 46 2f 76 79 7a 42 4c 63 32 6e 58 52 69 48 |8XF/vyzBLc2nXRiH|
|00005140| 39 65 74 6d 39 39 2f 2f 48 33 4f 50 36 5a 72 2f |9etm99//H3OP6Zr/|
|00005150| 35 6f 70 56 52 45 66 31 30 55 33 66 62 46 67 39 |5opVREf10U3fbFg9|
|00005160| 73 69 46 61 74 57 69 6b 71 6f 70 2f 38 75 2f 37 |siFatWikqop/8u/7|
|00005170| 4b 4c 50 31 41 78 6d 47 64 4f 56 50 53 62 4e 64 |KLP1AxmGdOVPSbNd|
|00005180| 74 53 51 4a 36 64 5a 58 48 39 52 32 61 35 64 79 |tSQJ6dZXH9R2a5dy|
|00005190| 64 76 54 75 70 62 32 41 50 73 37 53 44 57 55 64 |dvTupb2APs7SDWUd|
|000051a0| 31 32 69 44 50 46 67 42 61 49 67 49 41 41 4b 43 |12iDPFgBaIgIAAKC|
|000051b0| 61 52 77 47 38 73 7a 70 42 4a 30 2b 65 72 74 65 |aRwG8szpBJ0+erte|
|000051c0| 35 53 6b 76 4c 74 50 4c 39 6a 79 31 57 2f 68 39 |5SkvLtPL9jy1W/h9|
|000051d0| 30 6d 56 62 4d 44 37 75 39 6a 2b 34 5a 45 6d 61 |0mVbMD7u9j+4ZEma|
|000051e0| 57 39 75 48 6d 6e 63 6f 36 56 4c 39 68 7a 61 64 |W9uHmnco6VL9hzad|
|000051f0| 50 6e 31 56 63 2f 48 61 7a 52 66 65 38 50 64 30 |Pn1Vc/HazRfe8Pd0|
|00005200| 31 59 57 7a 39 74 32 42 72 6a 50 4c 79 63 6f 76 |1YWz9t2BrjPLycov|
|00005210| 74 32 62 77 39 33 54 57 67 2f 79 33 4e 66 75 31 |t2bw93TWg/y3Nfu1|
|00005220| 2b 51 54 33 4e 50 68 4f 53 71 58 46 66 57 7a 44 |+QT3NPhOSqXFfWzD|
|00005230| 6c 77 6f 55 4c 53 6a 39 6f 50 75 4c 43 76 2b 75 |lwoULSj9oPuLCv+u|
|00005240| 76 46 4e 41 45 43 2f 38 31 31 71 6c 54 5a 33 55 |vFNAEC/811qlTZ3U|
|00005250| 6f 2b 30 65 7a 74 4c 36 42 50 58 53 6a 62 32 63 |o+0eztL6BPXSjb2c|
|00005260| 37 6c 65 69 53 76 50 77 54 32 76 64 74 6c 6c 6c |7leiSvPwT2vdtlll|
|00005270| 61 55 4a 2f 75 63 6e 47 78 33 46 65 2b 4b 66 6c |aUJ/ucnGx3Fe+Kfl|
|00005280| 32 38 64 49 74 41 65 62 62 41 6d 59 64 2b 6b 47 |28dItAebbAmYd+kG|
|00005290| 46 52 61 65 61 39 62 6f 74 78 54 58 58 58 4e 4e |FRaea9botxTXXXNN|
|000052a0| 73 77 5a 38 4f 62 69 37 71 31 4e 48 56 4c 4b 32 |swZ8Obi7q1NHVLK2|
|000052b0| 30 37 46 79 6a 70 69 51 42 41 42 71 48 41 41 41 |07FyjpiQBABqHAAA|
|000052c0| 41 56 4c 41 32 43 6d 44 39 78 75 31 4b 33 6c 4f |AVLA2CmD9xu1K3lO|
|000052d0| 2f 55 51 44 57 65 76 38 66 47 44 75 34 32 58 76 |/UQDWev8fGDu42Xv|
|000052e0| 2f 4b 33 6c 63 33 30 46 6a 52 39 35 70 55 61 62 |/K3lc30FjR95pUab|
|000052f0| 34 4c 56 2b 6f 76 4c 7a 63 35 76 50 73 54 7a 2b |4LV+ovLzc5vPsTz+|
|00005300| 73 4c 55 6e 6d 32 33 59 4e 6a 72 78 4e 76 58 76 |sLUnm23YNjrxNvXv|
|00005310| 65 32 43 54 6c 74 46 56 4a 53 5a 6c 79 38 30 36 |e2CTltFVJSZly806|
|00005320| 59 70 66 58 77 39 35 47 33 5a 2f 4d 50 57 66 66 |YpfXw95G3Z/MPWff|
|00005330| 32 37 47 51 78 62 50 2f 37 48 2f 4e 31 35 6b 78 |27GQxbP/7H/N15kx|
|00005340| 70 6a 63 65 55 6c 5a 33 58 69 5a 39 50 6d 71 58 |pjceUlZ3XiZ9PmqX|
|00005350| 35 2b 6e 6a 56 65 31 2f 31 35 6c 42 32 37 70 7a |5+njVe1/15lB27pz|
|00005360| 79 66 2f 72 5a 4c 4b 31 62 31 78 76 6b 35 74 72 |yf/rZLK1b1xvk5tr|
|00005370| 4f 54 69 57 36 35 4f 67 50 2b 52 5a 70 54 62 46 |OTiW65OgP+RZpTbF|
|00005380| 62 51 6c 33 61 74 62 74 4f 2f 6c 32 37 6d 4b 58 |bQl3atbtO/l27mKX|
|00005390| 39 38 4f 4e 50 4f 6c 37 41 6e 76 57 4e 64 5a 32 |98ONPOl7AnvWNdZ2|
|000053a0| 7a 6b 37 72 38 79 73 4d 73 37 61 66 6a 68 52 5a |zk7r8ysMs7afjhRZ|
|000053b0| 2f 48 77 43 41 79 34 63 41 41 41 42 55 71 47 6b |/HwCAy4cAAABUqGk|
|000053c0| 55 77 4d 72 33 50 37 5a 35 46 49 43 31 33 76 39 |UwMr3P7Z5FIC13v9|
|000053d0| 37 68 6f 51 70 37 50 59 2b 54 56 37 65 32 74 77 |7hoQp7PY+TV7e2tw|
|000053e0| 35 34 46 61 4c 2b 62 66 72 50 74 71 6d 49 7a 6d |54FaL+bfrPtqmIzm|
|000053f0| 35 4e 68 31 76 37 54 35 63 32 72 58 52 2f 66 66 |5Nh1v7T5c2rXR/ff|
|00005400| 65 31 61 51 72 37 74 76 69 7a 4e 6b 53 5a 65 63 |e1aQr7tvizNkSZec|
|00005410| 63 4d 30 76 72 35 4f 36 71 74 6d 32 63 6d 2f 33 |cM0vr5O6qtm2cm/3|
|00005420| 61 4c 75 33 61 71 4d 73 4e 35 67 32 59 2f 4a 39 |aLu3aqMsN5g2Y/J9|
|00005430| 2b 56 74 6d 35 6d 75 63 77 57 79 75 76 6d 32 73 |+Vtm5mucwWyuvm2s|
|00005440| 37 4f 56 37 62 75 6c 6e 4b 57 42 2f 48 43 34 71 |7OV7bulnKWB/HC4q|
|00005450| 55 6d 32 38 65 54 48 46 70 31 38 61 6d 46 66 71 |Um28eTHFp18amFfq|
|00005460| 62 57 2f 57 52 43 64 36 65 37 75 72 59 6f 66 6d |bW/WRCd6e7urYofm|
|00005470| 44 5a 67 34 4f 44 76 4c 31 4d 56 2f 51 4d 76 50 |DZg4ODvL1MV/QMvP|
|00005480| 51 39 78 62 62 54 61 4c 2b 57 72 56 71 4a 59 64 |Q9xbbTaL+WrVqJYd|
|00005490| 72 37 50 2f 5a 41 67 42 63 51 67 41 41 41 4b 70 |r7P/ZAgBcQgAAAKp|
|000054a0| 6f 37 43 67 41 61 37 33 2f 59 30 66 65 32 57 78 |o7CgAa73/Y0fe2Wx|
|000054b0| 7a 62 47 76 69 37 64 56 4a 34 30 5a 46 6d 61 56 |zbGvi7dVJ40ZFmaV|
|000054c0| 39 6e 70 4b 6d 54 7a 37 62 62 64 4d 6f 67 4b 78 |9npKmTz7bbdMogKx|
|000054d0| 44 50 2b 69 54 7a 33 61 62 70 55 56 46 39 47 75 |DP+iTz3abpUVF9Gu|
|000054e0| 32 4c 51 7a 72 79 37 32 44 71 78 77 64 72 32 33 |2LQzry72Dqxwdr23|
|000054f0| 32 36 37 52 75 37 61 41 32 31 35 6b 48 47 6b 72 |267Ru7aA215kHGkr|
|00005500| 4c 7a 71 6d 30 74 48 36 4c 6d 46 32 75 38 6a 5a |Lzqm0tH6LmF2u8jZ|
|00005510| 45 42 37 66 32 4c 62 4a 73 48 74 64 33 55 4c 75 |EB7f2LbJsHtd3ULu|
|00005520| 32 7a 54 76 38 76 35 4b 31 36 78 53 63 6f 4a 63 |2zTv8v5K16xScoJc|
|00005530| 61 41 48 44 31 49 51 41 41 41 46 55 30 5a 68 52 |aAHD1IQAAAFU0ZhR|
|00005540| 41 61 57 6d 5a 33 6c 2f 2f 71 55 58 76 2f 31 32 |AaWmZ3l//qUXv/12|
|00005550| 44 67 70 75 74 76 4c 57 4a 6a 67 71 78 32 4f 4c |DgputvLWJjgqx2OL|
|00005560| 73 2f 62 68 50 6c 56 74 74 63 62 72 71 4c 6c 79 |s/bhPlVttcbrqLly|
|00005570| 34 6f 50 66 57 4a 56 6b 73 75 6a 66 36 6e 6f 6a |4oPfWJVksujf6noj|
|00005580| 4c 4e 6f 32 68 4a 66 75 35 73 4a 6a 65 59 51 50 |LNo2hJfu5sJjeYQP|
|00005590| 67 50 51 59 41 58 49 30 49 41 41 42 41 4e 51 30 |gPQYAXI0IAABANQ0|
|000055a0| 64 42 5a 42 32 34 4a 41 2b 32 47 44 65 2b 33 2f |dBZB24JA+2GDe+3/|
|000055b0| 50 6b 4c 44 4c 33 76 74 66 71 62 4e 33 4a 39 30 |PkLDL3vtfqbN3J90|
|000055c0| 2f 32 6e 77 55 51 4f 4c 57 50 64 72 30 63 58 49 |/2nwUQOLWPdr0cXI|
|000055d0| 4e 52 35 6a 6b 48 4d 33 54 78 35 2b 61 7a 2f 32 |NR5jkHM3Tx5+az/2|
|000055e0| 50 69 75 69 6e 4f 79 2f 54 49 6f 61 32 75 50 44 |PiuinOy/TIoa2uPD|
|000055f0| 4c 68 58 71 74 5a 32 42 76 4c 62 6d 38 46 79 36 |LhXqtZ2BvLbm8Fy6|
|00005600| 30 7a 4c 4c 39 38 73 73 76 64 69 32 58 76 66 35 |0zLL98ssvdi2Xvf5|
|00005610| 75 41 51 42 6f 54 67 51 41 41 4b 43 61 68 6f 77 |uAQBoTgQAAKCahow|
|00005620| 43 4b 43 30 74 30 2b 71 31 69 54 70 79 4e 4f 39 |CKC0t0+q1iTpyNO9|
|00005630| 69 57 6c 52 45 50 77 32 39 4f 37 54 5a 79 31 75 |iWlREPw29O7TZy1u|
|00005640| 54 56 71 31 61 36 61 35 42 77 65 6f 66 45 6d 43 |TVq1a6a5BweofEmC|
|00005650| 57 2f 75 48 6d 6e 52 59 4c 77 56 55 71 4c 79 2f |W/uHmnRYLwVUqLy/|
|00005660| 58 68 35 74 33 4b 75 57 72 41 32 62 70 77 77 66 |Xh5t3KuWrA2bpwwf|
|00005670| 66 49 61 39 71 71 2b 46 66 4c 6f 37 58 58 6d 76 |fIa9qq+FfLo7XXmv|
|00005680| 52 47 44 76 36 66 62 37 4f 6c 74 53 38 45 46 39 |RGDv6fb7OltS8EF9|
|00005690| 54 73 54 61 66 76 79 37 32 4c 47 39 64 58 4e 71 |TsTafvy72LG9dXNq|
|000056a0| 31 73 52 6a 46 6b 5a 74 33 51 69 55 6c 5a 58 59 |1sRjFkZt3QiUlZXY|
|000056b0| 71 30 53 58 74 71 71 30 74 6b 58 62 67 6b 41 70 |q0SXtqq0tkXbgkAp|
|000056c0| 4f 46 46 32 57 61 31 64 66 66 30 43 53 32 6c 7a |OFF2Wa1dff0CS2lz|
|000056d0| 6e 64 46 6d 75 44 51 44 41 35 55 51 41 41 41 43 |ndFmuDQDA5UQAAAC|
|000056e0| 73 71 4f 38 6f 41 47 75 39 2f 2b 4e 47 52 64 6c |sqO8oAGu9/+NGRdl|
|000056f0| 39 35 58 64 66 48 79 2b 4e 2b 73 31 41 73 37 51 |95XdfHy+N+s1As7Q|
|00005700| 50 4e 2b 2f 55 7a 69 2b 2f 73 5a 6f 2f 4e 36 39 |PN+/Uzi+/sZo/N69|
|00005710| 41 47 37 64 38 59 5a 59 57 30 72 65 58 37 68 6b |AG7d8YZYW0reX7hk|
|00005720| 53 5a 72 64 39 34 71 2b 39 74 72 56 63 32 70 6e |SZrd94q+9trVc2pn|
|00005730| 50 30 66 34 78 39 37 68 2b 4f 74 37 38 71 37 52 |P0f4x97h+Ot78q7R|
|00005740| 62 57 7a 53 76 4c 74 62 4b 65 2f 78 45 6b 58 34 |bWzSvLtbKe/xEkX4|
|00005750| 75 4c 47 37 4b 6f 6a 58 49 64 64 63 35 57 53 79 |uLG7KojXIddc5WSy|
|00005760| 65 2b 50 32 50 2b 53 6f 70 74 58 38 41 6f 4c 4f |e+P2P+SoptX8AoLO|
|00005770| 33 35 64 2f 4b 2f 77 37 58 62 2b 76 4b 68 6a 44 |35d/K/w7Xb+vKhjD|
|00005780| 74 4d 6d 45 2b 4c 53 61 67 56 31 65 35 56 39 75 |tMmE+LSagV1e5V9u|
|00005790| 2b 7a 68 70 72 6f 77 52 79 76 73 2b 7a 6b 68 4d |+zhprowRyvs+zkhM|
|000057a0| 41 67 4a 61 42 41 41 41 41 57 46 47 66 55 51 41 |AgJaBAAAAWFGfUQA|
|000057b0| 74 73 66 65 2f 55 71 74 57 72 54 52 79 2b 41 43 |tsfe/UqtWrTRy+AC|
|000057c0| 46 39 4f 31 6c 6c 72 37 69 2f 53 31 57 47 36 53 |F9O1llr7i/S1WG6S|
|000057d0| 66 62 76 39 61 69 56 76 33 6d 4b 58 64 66 65 64 |fbv9aiVv3mKXdfed|
|000057e0| 74 38 75 6e 69 61 5a 48 33 63 6e 46 32 64 6c 53 |t8uniaZH3cnF2dlS|
|000057f0| 33 72 72 38 79 53 30 73 37 63 45 67 48 73 34 34 |3rr8yS0s7cEgHs44|
|00005800| 32 2b 37 55 7a 4d 6e 4d 73 39 71 61 76 69 37 58 |2+7UzMnMs9qavi7X|
|00005810| 79 66 70 57 61 6f 63 4e 48 36 6a 65 53 6f 44 6d |yfpWaocNH6jeSoDm|
|00005820| 30 62 65 4f 73 37 74 33 4d 74 37 77 37 6d 48 56 |0beOs7t3Mt7w7mHV|
|00005830| 55 52 31 74 41 6f 37 56 62 31 78 76 4d 2f 74 34 |UR1tAo7Vb1xvM/t4|
|00005840| 6b 4b 54 55 74 55 32 56 6c 39 56 74 77 73 62 35 |kKTUtU2Vl9Vtwsb5|
|00005850| 4f 2f 48 78 53 42 7a 4b 79 7a 64 49 38 50 54 72 |O/HxSBzKyzdI8PTr|
|00005860| 61 46 41 43 77 4e 6b 71 67 75 50 69 4d 4c 6c 78 |aFACwNkqguPiMLlx|
|00005870| 67 6e 33 73 41 51 4d 74 45 41 41 41 41 61 6d 44 |gn3sAQMtEAAAAamD|
|00005880| 72 4b 49 43 4d 7a 42 78 74 2b 76 68 4c 73 37 53 |rKICMzBxt+vhLs7S|
|00005890| 78 4d 58 66 61 62 63 68 38 64 58 36 2b 33 68 6f |xMXfabch8dX6+3ho|
|000058a0| 37 38 6b 36 7a 74 4d 53 74 65 37 54 39 38 31 53 |78k6ztMSte7T981S|
|000058b0| 7a 74 4a 38 4c 69 37 58 32 77 36 31 6d 61 54 64 |ztJ8Li7X2w61maTd|
|000058c0| 31 39 39 56 39 6f 79 4c 6c 34 47 44 66 72 62 78 |199V9oyLl4GDfrbx|
|000058d0| 75 36 33 75 54 52 61 39 36 30 72 59 39 4b 6d 33 |u63uTRa960rY9Km3|
|000058e0| 47 6e 75 76 53 30 6a 49 6c 62 64 74 54 64 30 59 |GnuvS0jIlbdtTd0Y|
|000058f0| 72 72 4a 56 33 78 78 66 37 37 4e 34 77 64 48 53 |rrJV3xxf77N4wdHS|
|00005900| 38 56 6e 30 44 65 35 71 6c 5a 52 37 36 58 72 75 |8Vn0De5qlZR76Xru|
|00005910| 2f 54 72 64 54 69 53 37 78 37 65 4b 6c 57 32 37 |/TrdTiS7x7eKlW27|
|00005920| 75 5a 70 62 32 52 63 71 33 2b 75 48 48 6e 35 72 |uZpb2Rcq3+uHHn5r|
|00005930| 31 75 74 39 6c 5a 4f 75 72 31 41 79 7a 74 49 42 |1ut9lZOur1AyztIB|
|00005940| 65 58 65 58 61 76 6d 32 64 78 33 5a 79 64 37 4d |eXeXavm2dx3Zyd7M|
|00005950| 6f 38 2f 63 2f 35 75 76 4d 6d 65 61 5a 37 6c 48 |o8/c/5uvMmeaZ7lH|
|00005960| 54 31 42 30 41 41 47 78 46 41 41 41 41 61 6d 44 |T1B0AAGxFAAAAamD|
|00005970| 4c 4b 49 44 7a 35 79 31 58 7a 42 38 55 66 71 75 |LKIDz5y1XzB8Ufqu|
|00005980| 47 33 6e 32 37 33 59 62 4d 56 39 65 71 56 53 73 |G3n273YbMV9eqVSs|
|00005990| 4e 47 33 79 48 57 55 4f 6c 2b 4e 51 5a 72 66 74 |NG3yHWUOl+NQZrft|
|000059a0| 6f 6d 39 6c 6f 68 74 31 66 66 32 66 52 2b 33 2f |om9loht1ff2fR+3/|
|000059b0| 58 6f 47 42 31 36 33 72 44 5a 53 74 72 54 62 72 |XoGB163rDZStrTbr|
|000059c0| 36 64 56 5a 49 50 2f 4e 52 44 4a 39 38 74 6c 73 |6dVZIP/NRDJ98tls|
|000059d0| 5a 6d 54 6e 4e 64 6b 31 72 57 79 48 61 79 6c 70 |ZmTnNdk1rWyHaylp|
|000059e0| 35 50 2f 35 30 6c 33 4b 4f 32 72 2b 6e 50 54 44 |5P/50l3KO2r+nPTD|
|000059f0| 41 58 7a 64 31 39 7a 56 4c 69 2f 2f 34 43 37 74 |AXzd19zVLi//4C7t|
|00005a00| 50 55 65 6a 67 35 71 4b 67 50 74 33 4e 30 6c 4b |PUejg5qKgPt3N0lK|
|00005a10| 2b 4f 71 42 50 74 33 2f 64 62 4e 63 38 65 37 5a |+OqBPt3/dbNc8e7Z|
|00005a20| 55 61 2b 49 2b 73 31 6a 78 50 79 7a 30 46 70 75 |Ua+I+s1jxPyz0Fpu|
|00005a30| 32 52 76 53 34 76 6f 4e 2b 31 66 6c 36 73 37 51 |2RvS4voN+1fl6s7Q|
|00005a40| 39 65 39 4f 62 5a 52 72 41 32 62 4f 6c 7a 66 70 |9e9ObZRrA2bOlzfp|
|00005a50| 35 42 77 41 59 41 77 45 41 41 4b 68 46 58 61 4d |5BwAYAwEAAKhFXaM|
|00005a60| 41 44 71 51 66 31 76 71 4e 32 38 31 65 48 7a 45 |ADqQf1vqN281eHzE|
|00005a70| 30 7a 4f 70 38 5a 6e 76 71 31 76 55 47 33 54 4d |0zOp8Znvq1vUG3TM|
|00005a80| 6b 7a 43 78 74 2f 63 62 74 32 76 33 31 64 35 4b |kzCxt/cbt2v31d5K|
|00005a90| 6b 30 36 66 50 36 74 30 50 50 6a 46 72 43 48 6c |k06fP6t0PPjFrCHl|
|00005aa0| 37 75 6d 76 43 32 4c 76 6c 35 4f 52 34 57 63 74 |7umvC2Lvl5OR4Wct|
|00005ab0| 71 6a 63 66 31 48 58 52 37 38 4d 31 6d 61 64 38 |qjcf1HXR78M1mad8|
|00005ac0| 64 50 4b 4a 33 56 69 63 30 79 79 69 41 38 2b 63 |dPKJ3Vic0yyiA8+c|
|00005ad0| 76 61 4e 57 61 6a 79 32 32 51 72 53 56 74 66 4b |vaNWajy22QrSVtfK|
|00005ae0| 6d 66 48 56 41 48 32 37 65 61 66 63 56 39 2f 31 |mfHVAH27eafcV9/1|
|00005af0| 38 76 43 79 43 45 39 5a 47 68 46 78 75 44 67 34 |8vCyCE9ZGhFxuDg4|
|00005b00| 4f 69 68 7a 59 31 32 4c 6b 78 4d 6f 31 48 7a 66 |OihzY12LkxMo1Hzf|
|00005b10| 62 4b 49 41 76 64 33 32 72 44 7a 66 76 4e 45 73 |bKIAvd32rDzfvNEs|
|00005b20| 62 32 44 39 51 2f 59 4a 36 31 6e 43 45 75 66 59 |b2D9Q/YJ61nCEufY|
|00005b30| 75 62 64 53 6e 74 2f 6b 49 67 4f 38 4f 48 74 45 |ubdSnt/kIgO8OHtE|
|00005b40| 58 4b 57 6c 4e 2f 6a 37 6e 35 68 55 6f 4e 53 32 |XKWlN/j7n5hUoNS2|
|00005b50| 7a 53 63 39 35 70 58 42 30 62 4b 32 4f 48 64 71 |zSc95pXB0bK2OHdq|
|00005b60| 62 70 65 33 37 4e 6b 74 35 39 56 79 66 41 77 42 |bpe37Nkt59VyfAwB|
|00005b70| 41 41 41 41 41 61 6c 58 54 4b 49 44 2f 76 50 4f |AAAAAalXTKID/vPO|
|00005b80| 52 66 6a 70 65 61 4e 48 37 33 7a 38 6b 51 43 4f |RfjpeaNH73z8kQCO|
|00005b90| 47 68 72 65 59 33 76 39 4b 44 67 34 4f 75 6d 39 |GhreY3v9KDg4Oum9|
|00005ba0| 55 70 46 6e 50 62 2f 47 70 4d 31 72 78 2f 68 61 |UpFnPb/GpM1rx/ha|
|00005bb0| 64 50 6e 31 57 2b 39 4d 50 61 30 75 53 2b 64 5a |dPn1W+9MPa0uS+dZ|
|00005bc0| 2f 67 79 4e 76 55 2b 2b 65 4e 31 37 75 6f 6c 72 |/gyNvU++eN17uolr|
|00005bd0| 6c 34 4f 43 67 65 30 64 45 57 50 52 63 2f 32 76 |l4OCge0dEWPRc/2v|
|00005be0| 35 68 78 59 42 6d 4b 61 77 2f 66 4e 55 4c 56 75 |5hxYBmKaw/fNULVu|
|00005bf0| 35 71 63 48 48 31 31 54 65 2b 59 76 65 73 78 68 |5qcHH11Te+Yvesxh|
|00005c00| 75 66 72 6d 31 62 58 75 64 37 72 2f 33 4c 72 4f |ufrm1bXud7r/3LrO|
|00005c10| 47 64 76 47 70 4d 33 70 31 34 53 70 6c 32 33 6d |GdvGpM3p14Spl23m|
|00005c20| 64 67 75 42 62 62 39 4c 49 34 51 50 4d 30 6a 37 |dguBbb9LI4QPM0j7|
|00005c30| 62 38 62 57 57 72 59 7a 58 2b 66 4e 4e 4f 33 30 |b8bWWrYzX+fNNO30|
|00005c40| 69 4c 2f 2b 45 46 72 36 35 52 73 65 71 4c 51 42 |iL/+EFr65RseqLQB|
|00005c50| 34 7a 35 41 77 64 66 6d 56 68 30 33 6e 63 48 42 |4z5AwdfmVh03ncHB|
|00005c60| 77 55 47 68 77 62 34 76 30 74 39 2f 64 72 43 4d |wUGhwb4v0t9/drCM|
|00005c70| 35 75 55 31 53 54 73 6b 55 6b 46 71 35 35 6d 4f |5uU1STskUkFq55mO|
|00005c80| 4c 33 54 6d 4d 77 73 48 42 51 62 34 2b 6c 75 75 |L3TmMwsHBQb4+luu|
|00005c90| 51 37 4e 6d 62 62 76 65 41 47 67 42 63 61 51 67 |Q7NmbbveAGgBcaQg|
|00005ca0| 41 41 45 41 64 72 49 30 43 53 45 68 4d 30 65 75 |AAEAdrI0CSEhM0eu|
|00005cb0| 4c 33 37 64 6f 66 49 36 4a 47 53 52 66 48 36 2f |L37dofI6JGSRfH6/|
|00005cc0| 4c 57 54 79 62 39 65 7a 75 6f 33 74 48 6d 4e 2f |LWTyb9ezuo3tHmN/|
|00005cd0| 48 6c 71 52 64 2b 69 6f 31 51 79 76 66 2f 39 69 |HlqRd+io1Qyvf/9i|
|00005ce0| 73 49 65 54 53 72 6f 33 75 76 2f 63 75 74 61 32 |sIeTSro3uv/cuta2|
|00005cf0| 32 4e 5a 73 39 39 65 70 35 6f 30 58 6a 73 50 6a |2NZs99ep5o0XjsPj|
|00005d00| 55 47 63 32 64 76 30 4a 66 37 76 71 32 79 61 37 |UGc2dv0Jf7vq2ya7|
|00005d10| 7a 58 55 61 32 5a 76 2f 31 54 59 75 47 59 58 31 |zXUa2Zv/1TYuGYX1|
|00005d20| 5a 4b 2b 2b 52 6f 33 6c 36 38 64 58 6c 64 75 2b |ZK++Ro3l68dXldu+|
|00005d30| 35 44 4f 33 58 32 36 4a 73 6e 36 65 6b 36 64 57 |5DO3X26Jsn6ek6dW|
|00005d40| 46 71 33 54 36 39 46 6b 37 6c 55 70 71 33 37 36 |Fq3T69Fk7lUpq376|
|00005d50| 74 4a 6f 79 39 32 32 49 55 77 4e 39 66 58 36 58 |tJoy922IUwN9fX6X|
|00005d60| 33 31 79 63 31 57 57 50 76 39 4f 6d 7a 2b 75 73 |31yc1WWPv9Omz+us|
|00005d70| 72 79 37 52 68 6b 33 6e 76 66 2f 2b 51 41 49 33 |ry7Rhk3nvf/+QAI3|
|00005d80| 36 7a 63 42 36 42 66 43 43 62 2b 32 70 71 49 68 |6zcB6BfCCb+2pqIh|
|00005d90| 2b 5a 6d 6c 4e 2f 53 77 2f 54 2f 35 47 2f 33 6e |+ZmlN/Sw/T/5G/3n|
|00005da0| 6e 6f 79 59 35 31 35 58 71 35 70 75 36 57 6e 77 |noyY515Xq5pu6Wnw|
|00005db0| 75 31 6e 32 30 72 55 6b 44 4c 51 42 67 42 41 51 |u1n20rUkDLQBgBAQ|
|00005dc0| 41 41 4b 41 4f 4e 59 30 43 65 4f 6d 31 64 38 78 |AAKAONY0CeOm1d8x|
|00005dd0| 36 2f 2b 32 39 58 56 35 64 72 50 56 4b 48 38 73 |6/+29XV5drPVKH8s|
|00005de0| 72 30 4c 51 2f 4c 74 43 47 54 54 76 4d 38 6b 5a |r0LQ/LtCGTTvM8kZ|
|00005df0| 46 39 46 50 77 72 54 64 64 37 69 4c 57 71 6e 56 |F9FPwrTdd7iLWqnV|
|00005e00| 72 42 7a 33 79 30 44 33 71 48 78 4a 67 6c 72 37 |rBz3y0D3qHxJglr7|
|00005e10| 76 32 79 78 4e 66 57 70 65 6b 77 51 42 39 6e 39 |v2yxNfWpekwQB9n9|
|00005e20| 33 57 49 39 4d 65 36 56 4a 65 6c 70 72 4b 75 2b |3WI9Me6VJelprKu+|
|00005e30| 47 54 54 76 31 78 42 2f 6d 4e 33 70 59 65 33 6c |GTTv1xB/mN3pYe3l|
|00005e40| 35 75 66 61 6c 5a 65 6e 4a 50 79 37 51 33 50 6e |5ufalZenJPy7Q3Pn|
|00005e50| 2f 31 59 6d 66 54 39 70 38 62 50 76 32 62 66 58 |/1YmfT9p8bPv2bfX|
|00005e60| 45 59 2f 66 4b 74 39 72 75 44 6f 76 65 57 71 39 |EY/fKt9ruDoveWq9|
|00005e70| 5a 4c 79 78 52 63 66 47 5a 47 6f 36 30 7a 53 2b |ZLyxRcfGZGo60zS+|
|00005e80| 2f 2f 4b 4a 74 4f 2f 66 71 6b 57 6c 7a 74 57 52 |//KJtO/fqkWlztWR|
|00005e90| 70 6e 4d 36 65 74 58 31 52 76 49 48 39 41 2f 58 |pnM6etX1RvIH9A/X|
|00005ea0| 6f 78 48 76 4d 30 6f 70 50 6e 64 47 55 47 66 4f |oxHvM0opPndGUGfO|
|00005eb0| 30 39 4c 2b 4e 48 77 6c 51 58 48 78 47 4c 37 37 |09L+NHwlQXHxGL77|
|00005ec0| 36 74 68 61 39 74 64 34 73 33 61 56 64 47 2f 33 |6tha9td4s3aVdG/3|
|00005ed0| 2b 30 64 48 79 38 2f 57 75 31 2f 6d 38 50 4e 30 |+0dHy8/Wu1/m8PN0|
|00005ee0| 31 4e 75 5a 4f 69 2f 52 46 62 36 33 58 50 2f 2b |1NuZOi/RFb63XP/+|
|00005ef0| 39 74 74 48 6c 2f 58 4c 58 74 33 70 79 35 75 74 |9ttHl/XLXt3py5ut|
|00005f00| 6d 75 34 77 59 55 61 2b 65 4e 7a 5a 37 6f 41 55 |mu4wYUa+eNzZ7oAU|
|00005f10| 41 6a 49 41 41 41 41 44 59 77 4e 6f 6f 67 4f 72 |AjIAAAADYwNoogOr|
|00005f20| 47 6a 72 79 7a 33 6f 32 48 79 36 32 48 76 34 2b |Gjryz3o2Hy62Hv4+|
|00005f30| 47 33 6e 32 37 57 64 71 2b 62 37 4d 73 47 68 65 |G3n27Wdq+b7MsGhe|
|00005f40| 6a 37 34 6c 51 42 7a 65 58 79 31 6b 30 6d 2f 6a |j74lQBzeXy1k0m/j|
|00005f50| 35 65 75 75 76 73 2f 2f 50 59 72 75 34 66 64 39 |5euuvs//PYru4fd9|
|00005f60| 6d 36 66 36 48 6e 39 65 4b 39 37 59 30 61 45 32 |m6f6Hn9eK97Y0aE2|
|00005f70| 41 58 33 37 35 52 52 2f 45 66 61 62 52 76 2f 32 |AX375RR/EfabRv/2|
|00005f80| 54 50 6b 39 4a 75 35 6a 75 30 63 6e 4e 6f 74 65 |TPk9Ju5ju0cnNote|
|00005f90| 78 4b 63 71 37 4a 75 34 7a 33 54 66 70 75 51 59 |xKcq7Ju4z3TfpuQY|
|00005fa0| 50 59 53 34 74 4c 64 50 79 6c 5a 74 30 35 32 2b |PYS4tLdPylZt052+|
|00005fb0| 65 30 4d 49 33 50 39 43 73 46 39 37 55 37 42 66 |e0MI3P9CsF97U7Bf|
|00005fc0| 65 72 46 64 44 75 32 39 67 44 37 33 34 35 30 63 |erFdDu29gD73450c|
|00005fd0| 74 30 74 2f 34 31 31 6f 39 4e 50 56 46 48 63 72 |t0t/411o9NPVFHcr|
|00005fe0| 2b 73 64 37 6c 6b 6b 79 39 36 79 2f 4e 65 30 65 |+sd7lkky96y/Ne0e|
|00005ff0| 2f 47 66 64 48 2f 65 65 64 6a 5a 72 36 31 44 77 |/GfdH/eedjZr61Dw|
|00006000| 74 57 50 79 2b 7a 54 73 67 4f 44 6b 35 36 70 6b |tWPy+zTsgODk56pk|
|00006010| 6e 37 74 65 77 61 70 2f 54 34 6c 4e 6e 4e 47 50 |n7tewap/T4lNnNGP|
|00006020| 32 51 76 33 35 78 58 2f 56 4b 39 68 52 31 61 48 |2Qv35xX/VK9hR1aH|
|00006030| 73 48 2f 58 51 31 42 63 31 64 38 45 4b 69 39 63 |sH/XQ1Bc1d8EKi9c|
|00006040| 65 75 6e 2b 49 52 67 77 4e 72 2f 63 35 57 37 56 |eun+IRgwNr/c5W7V|
|00006050| 71 70 5a 6a 68 41 79 78 47 56 45 6a 53 7a 4e 67 |qpZjhAyxGVEjSzNg|
|00006060| 6c 6d 76 58 43 45 76 31 30 76 4c 44 65 35 79 30 |lmvXCEv10vLDe5y0|
|00006070| 74 4c 64 4f 4b 39 37 62 6f 2f 6f 65 66 72 2f 64 |tLdOK97bo/oefr/d|
|00006080| 57 6c 46 65 6a 44 6d 34 75 47 6e 62 33 48 52 62 |WlFejDm4uGnb3HRb|
|00006090| 70 69 39 35 61 54 78 41 41 41 4f 71 42 41 41 41 |pi95aTxAAAOqBAAA|
|000060a0| 41 32 4d 44 61 4b 49 43 71 51 76 72 32 30 73 6a |A2MDaKICqQvr20sj|
|000060b0| 68 41 31 70 73 37 33 38 6c 4a 79 64 48 6a 52 73 |hA1ps738lJydHjRs|
|000060c0| 64 5a 64 48 7a 57 31 56 55 52 44 2f 64 4f 65 44 |dZdHzW1VURD/dOeD|
|000060d0| 57 79 31 69 71 2b 68 6e 51 50 31 43 7a 6e 33 37 |Wy1iq+hnQP1Czn37|
|000060e0| 51 6f 6d 46 2b 35 47 69 65 66 76 76 59 33 33 54 |QomF+5GiefvvY33T|
|000060f0| 76 67 33 2f 57 6a 69 2f 32 32 64 54 7a 2b 73 73 |vg3/Wji/22dTz+ss|
|00006100| 76 76 2b 6a 72 31 41 77 39 38 4d 68 66 4e 57 62 |vv+jr1Aw98MhfNWb|
|00006110| 69 58 35 53 52 64 57 6d 56 64 64 38 75 6e 76 72 |iX5SRdWmVdd8unvr|
|00006120| 6e 76 4b 64 30 78 32 30 33 31 33 4b 47 68 70 66 |nvKd0x20313KGhpf|
|00006130| 33 38 35 51 30 33 66 6d 62 61 66 72 44 63 34 75 |385Q03fmbafrDc4u|
|00006140| 55 66 65 53 59 54 59 47 41 38 2b 63 76 61 4d 63 |UfeSYTYGA8+cvaMc|
|00006150| 58 2b 33 54 76 67 33 2f 57 35 4e 2f 50 30 59 6b |X+3Tvg3/W5N/P0Yk|
|00006160| 71 4b 2f 63 6e 37 39 6c 66 72 39 58 6e 57 37 56 |qK/cn79lfr9XnW7V|
|00006170| 71 70 5a 48 44 42 32 6a 32 55 37 2b 31 65 47 33 |qpZHDB2j2U7+1eG3|
|00006180| 39 78 75 30 4b 6a 6e 68 59 72 37 36 2b 79 75 61 |9xu0KjnhYr76+yua|
|00006190| 74 35 38 36 65 4c 56 58 38 6c 69 38 30 61 50 67 |t586eLVX8li80aPg|
|000061a0| 54 65 75 37 6c 2f 35 67 74 4b 4c 6c 74 35 31 34 |Teu7l/5gtKLlt514|
|000061b0| 56 46 70 32 79 75 57 78 65 6e 75 35 36 59 66 62 |VFp2yuWxenu56Yfb|
|000061c0| 44 43 75 6c 72 76 6c 68 68 38 61 6b 7a 65 6d 58 |DCulrvlhh8akzemX|
|000061d0| 42 53 6b 55 4d 2b 37 33 65 58 72 58 5a 35 6b 62 |BSkUM+73eXrXZ5kb|
|000061e0| 66 73 64 7a 6a 65 76 48 56 35 51 71 4f 65 4e 6a |fsdzjevHV5QqOeNj|
|000061f0| 71 6d 68 46 6a 59 67 62 70 7a 38 38 2b 70 4f 75 |qmhFjYgbpz88+pOu|
|00006200| 75 63 37 4b 35 6a 46 56 64 33 38 6c 4e 54 2f 39 |uc7K5jFVd38lNT/9|
|00006210| 2b 6e 4e 57 2f 71 33 6c 76 76 4b 76 77 36 4d 65 |+nNW/q3lvvKvw6Me|
|00006220| 31 62 45 57 38 32 61 34 62 4e 53 6b 72 4f 36 66 |1bEW82a4bNSkrO6f|
|00006230| 45 72 62 73 31 34 76 36 5a 2b 75 31 6a 66 7a 4e |Erbs14v6Z+u1jfzN|
|00006240| 38 7a 33 39 56 39 77 77 4e 73 78 70 6f 65 65 47 |8z39V9wwNsxpoeeG|
|00006250| 56 5a 52 70 79 37 39 4e 61 2f 39 45 32 46 5a 77 |VZRpy79Na/9E2FZw|
|00006260| 6f 59 6c 30 41 41 4b 68 46 61 33 73 58 41 41 43 |oYl0AAKhFa3sXAAC|
|00006270| 75 46 4a 57 6a 41 42 61 2b 2b 59 48 46 61 31 64 |uFJWjABa++YHFa1d|
|00006280| 43 37 33 2b 6c 67 46 35 64 4e 57 4a 6f 75 4e 58 |C73+lgF5dNWJouNX|
|00006290| 37 6b 4b 53 78 4d 58 66 4b 71 34 5a 41 52 30 76 |7kKSxMXfKq4ZAR0v|
|000062a0| 51 75 72 57 44 70 6b 79 4f 30 64 6d 7a 70 66 72 |QurWDpkyO0dmzpfr|
|000062b0| 62 71 38 73 74 74 6e 44 62 75 4f 55 4c 62 64 7a |bq8sttnDbuOULbdz|
|000062c0| 79 68 58 70 30 38 39 47 6f 33 77 78 55 2f 39 41 |yhXp089Go3wxU/9A|
|000062d0| 41 39 65 72 68 70 2f 59 56 2b 37 71 66 50 48 6c |A9erhp/YV+7qfPHl|
|000062e0| 61 57 59 64 2f 55 50 4c 75 2f 59 72 66 38 6f 58 |aWYd/UPLu/Yrf8oX|
|000062f0| 56 34 66 36 2b 58 54 7a 31 6a 35 65 6d 61 55 44 |V4f6+XTz1j5emaUD|
|00006300| 2f 57 2f 54 57 4f 78 75 62 72 62 7a 46 70 38 35 |/W/TWOxubrbzFp85|
|00006310| 6f 33 68 76 76 61 74 34 62 37 79 70 79 59 46 38 |o3hvvat4b7ypyYF8|
|00006320| 4e 48 39 78 66 66 51 4e 37 71 48 75 33 4c 6d 72 |NH9xffQN7qHu3Lmr|
|00006330| 64 32 6b 47 53 64 50 54 37 66 50 31 77 37 43 64 |d2kGSdPT7fP1w7Cd|
|00006340| 39 6e 70 79 6d 64 52 39 74 4d 77 74 53 56 4e 57 |9npymdR9tMwtSVNW|
|00006350| 39 57 78 64 35 58 4e 2b 68 58 6d 56 72 32 2f 59 |9Wxd5XN+hXmVr2/Y|
|00006360| 36 7a 58 37 36 51 5a 30 2b 55 36 4c 58 6c 36 77 |6zX76QZ0+U6LXl6w|
|00006370| 78 65 2b 31 45 59 62 48 2b 38 50 77 69 2f 65 33 |xe+1EYbH+8Pwi/e3|
|00006380| 56 35 59 6f 63 32 46 66 52 55 53 47 36 39 5a 59 |V5Yoc2FfRUSG69ZY|
|00006390| 65 38 76 50 78 31 6a 58 58 74 4e 49 76 76 35 51 |e8vPx1jXXtNIvv5Q|
|000063a0| 72 4f 2b 65 59 76 76 38 68 58 35 39 38 74 6c 75 |rO+eYvv8hX598tlu|
|000063b0| 62 50 76 6d 79 78 73 62 71 7a 62 32 36 71 6c 30 |bPvmyxsbqzb26ql0|
|000063c0| 39 31 35 50 6f 47 39 68 54 38 2b 64 4d 30 39 53 |915PoG9hT8+dM09S|
|000063d0| 6e 35 6c 6e 30 67 4b 63 64 4f 4b 53 4a 6a 37 2b |n5ln0gKcdOKSJj7+|
|000063e0| 6b 70 32 59 76 31 4c 44 42 64 79 67 36 4b 6b 53 |kp2Yv1LDBdyg6KkS|
|000063f0| 39 65 74 78 34 63 66 47 2b 38 2b 63 76 4b 4f 76 |9etx4cfG+8+cvKOv|
|00006400| 51 39 2f 72 32 75 30 4e 4b 53 45 78 52 30 72 61 |Q9/r2u0NKSExR0ra|
|00006410| 76 4c 44 34 6e 6c 63 62 45 44 4e 49 62 66 35 38 |vLD4nlcbEDNIbf58|
|00006420| 68 54 34 2b 4f 39 53 70 66 64 58 65 45 42 47 68 |hT4+O9SpfdXeEBGh|
|00006430| 75 37 46 54 39 37 75 6e 58 7a 41 49 7a 6b 70 53 |u7FT97unXzAIzkpS|
|00006440| 52 6c 61 50 4a 76 35 2b 6a 4a 32 65 2b 72 76 34 |RlaPJv5+jJ2e+rv4|
|00006450| 68 41 51 71 2f 34 78 62 64 63 6e 4d 33 74 57 33 |hAQq/4xbdcnM3tW3|
|00006460| 6a 66 44 48 50 2f 77 37 2f 71 42 31 66 37 74 50 |jfDHP/w7/qB1f7tP|
|00006470| 57 6e 56 39 62 66 59 36 33 33 4e 78 4e 51 58 33 |WnV9bfY633NxNQX3|
|00006480| 38 74 58 7a 56 35 6b 61 56 38 30 70 57 47 57 6a |8tXzV5kaV80pWGWj|
|00006490| 35 65 6c 2b 47 78 54 50 61 38 65 55 33 32 76 48 |5el+GxTPa8eU32vH|
|000064a0| 6c 4e 78 62 48 68 4e 2f 65 52 33 2f 2f 36 2b 2b |lNxbHhN/eR3//6++|
|000064b0| 73 4c 74 59 49 41 45 5a 45 41 41 41 41 62 46 51 |sLtYIAEZEAAAAbFQ|
|000064c0| 35 43 6d 42 4e 33 47 64 6d 43 38 54 64 63 6e 4d |5CmBN3GdmC8TdcnM|
|000064d0| 33 44 52 74 38 52 34 76 76 2f 61 39 55 30 33 31 |3DRt8R4vv/a9U031|
|000064e0| 49 70 70 45 4d 55 52 48 39 57 76 79 39 74 47 37 |IppEMURH9Wvy9tG7|
|000064f0| 74 6f 42 6d 2f 75 30 38 65 31 33 66 51 55 37 4d |toBm/u08e13fQU7M|
|00006500| 58 57 6a 53 34 4a 46 4f 6a 61 38 37 38 2f 39 62 |XWjS4JFOja878/9b|
|00006510| 37 33 44 32 36 2b 57 6a 42 33 47 6b 61 48 42 6e |73D26+WjB3GkaHBn|
|00006520| 53 34 4b 48 6d 31 62 56 75 37 61 43 6e 6e 78 69 |S4KHm1bVu7aCnnxi|
|00006530| 6e 47 7a 70 33 30 68 50 50 7a 72 64 61 33 71 52 |nGzp30hPPzrda3qR|
|00006540| 74 58 79 6c 70 32 31 63 4e 4f 76 39 76 37 78 75 |tXylp21cNOv9v7xu|
|00006550| 73 31 31 35 36 6f 6b 48 54 4e 74 71 32 76 55 36 |s1156okHTNtq2vU6|
|00006560| 76 76 44 42 56 6e 62 30 36 36 63 56 35 62 31 73 |vvDBVnb066cV5b1s|
|00006570| 30 6c 49 74 50 6e 56 46 63 2f 41 37 46 78 65 2b |0lItPnVFc/A7Fxe+|
|00006580| 6f 34 51 79 31 6d 2f 33 55 62 7a 58 37 36 51 63 |o4Qy1m/3UbzX76Qc|
|00006590| 62 74 4a 33 6b 37 62 66 64 72 4e 56 4c 58 39 43 |btJ3k7bfdrNVLX9C|
|000065a0| 54 66 31 79 67 6a 7a 2f 62 62 66 48 36 69 63 4a |Tf1ygjz/bbfH6icJ|
|000065b0| 69 2f 66 65 39 4c 66 72 76 65 31 73 61 56 4c 61 |i/fe9Lfrve1saVLa|
|000065c0| 5a 30 78 38 77 6a 63 35 77 61 66 67 30 6a 30 71 |Z0x8wjc5wafg0j0q|
|000065d0| 74 57 72 58 53 66 61 4d 69 35 58 6a 74 74 58 72 |tWrXSfaMi5XjttXr|
|000065e0| 71 54 77 75 74 4e 75 4b 4c 54 35 31 52 51 6c 4b |qTwutNuKLT51RQlK|
|000065f0| 4b 45 70 4a 53 36 6e 58 75 57 32 37 75 70 73 58 |KEpJS6nXuW27upsX|
|00006600| 2f 65 45 61 48 73 6e 38 30 64 41 42 41 4d 67 56 |/eEaHsn80dABAMgV|
|00006610| 61 46 76 2f 6a 57 55 31 39 36 6c 57 62 52 6b 66 |aFv/jWU196lWbRkf|
|00006620| 73 2b 50 49 62 2f 65 57 6c 66 2b 75 64 4a 58 2b |s+PIb/eWlf+udJX+|
|00006630| 57 74 31 66 4c 32 70 34 56 41 4f 79 42 4b 51 41 |Wt1fL2p4VAOyBKQA|
|00006640| 41 55 41 2b 33 33 4e 78 4e 34 38 66 63 5a 5a 5a |AUA+33NxN48fcZZZ|
|00006650| 32 33 36 68 49 64 65 74 36 51 37 4e 63 7a 38 48 |236hIdet6Q7Ncz8H|
|00006660| 68 6d 6d 5a 70 6a 41 66 30 2b 72 58 75 47 52 4a |hmmZpjAf0+rXuGRJ|
|00006670| 6d 6b 54 35 69 57 4c 68 38 61 70 6b 65 30 4a 4b |mkT5iWLh8apke0JK|
|00006680| 30 62 75 32 67 68 38 59 50 55 64 4b 48 43 7a 56 |0bu2gh8YPUdKHCzV|
|00006690| 38 73 4f 58 63 34 49 5a 34 63 46 79 30 45 74 61 |8sOXc4IZ4cFy0Eta|
|000066a0| 2b 70 75 69 6f 30 43 5a 2f 37 74 64 63 63 34 33 |+puio0CZ/7tdcc43|
|000066b0| 47 6a 37 6d 37 53 63 76 62 30 63 31 46 2f 33 78 |Gj7m7Scvb0c1F/3x|
|000066c0| 31 68 76 36 39 38 49 2b 36 76 70 4e 62 67 38 2f |1hv698I+6vpNbg8/|
|000066d0| 6a 35 4f 53 6f 5a 35 38 63 72 37 69 56 63 78 51 |j5OSoZ58cr7iVcxQ|
|000066e0| 63 31 4c 4e 4a 79 74 61 6a 6d 34 2f 57 4c 50 2b |c1LNJytajm4/WLP+|
|000066f0| 62 2f 76 62 6e 52 78 71 31 6d 30 54 50 37 72 35 |b/vbnRxq1m0TP7r5|
|00006700| 61 74 2b 4a 6c 2f 65 4f 6c 4a 39 53 78 69 64 61 |at+Jl/eOlJ9Sxida|
|00006710| 6c 71 43 7a 62 53 38 38 39 32 69 53 4e 2f 30 71 |lqCzbS8892iSN/0q|
|00006720| 74 57 72 58 53 71 48 73 47 4b 6d 37 6c 58 4e 30 |tWrXSqHsGKm7lXN0|
|00006730| 39 4b 4c 68 4a 7a 76 6e 67 75 47 68 39 74 50 6f |9KLhJzvnguGh9tPo|
|00006740| 56 33 64 37 49 71 53 68 58 69 31 61 74 57 69 6b |V3d7IqShXi1atWik|
|00006750| 36 4b 6b 51 72 2f 2f 32 38 62 72 6d 35 6d 30 33 |6KkQr//28brm5m03|
|00006760| 48 2f 48 53 38 55 43 63 62 75 62 41 6c 41 46 77 |H/HS8UCcbubAlAFw|
|00006770| 74 43 41 41 41 75 4f 71 30 61 33 75 64 62 75 37 |tCAAAuOq0a3udbu7|
|00006780| 56 31 53 7a 4e 7a 38 64 62 62 61 35 7a 72 75 45 |V1SzNz8dbba5zruE|
|00006790| 49 32 7a 6b 35 4f 57 72 32 30 77 2f 71 4c 38 39 |I2zk5OWr20w/qL89|
|000067a0| 4f 31 4e 32 44 67 72 56 67 7a 6a 52 4e 65 2b 78 |O1N2DgrVgzjRNe+x|
|000067b0| 65 4f 54 67 34 4e 50 72 63 58 57 37 77 31 4d 44 |eOTg4NPrcXW7w1MD|
|000067c0| 2b 67 57 5a 70 74 39 37 53 51 38 37 4f 39 65 38 |+gWZpt97SQ87O9e8|
|000067d0| 35 72 55 74 4a 61 5a 6e 79 6a 35 76 50 37 62 36 |5rUtJaZnyj5vP7b6|
|000067e0| 70 75 36 2f 75 47 52 4c 57 4a 50 64 79 4f 51 58 |pu6/uGRLWJPdyOQX|
|000067f0| 32 38 64 63 48 37 37 79 6f 44 39 35 2b 73 63 47 |28dcH77yoD95+scG|
|00006800| 4e 31 2f 44 62 2b 2b 6a 6a 39 66 50 31 31 6a 39 |N1/Db++jj9fP11j9|
|00006810| 6e 6d 55 33 6c 63 47 6e 58 52 72 31 36 2b 70 6e |nmU3lcGnXRr16+pn|
|00006820| 6c 37 65 6e 76 55 2b 4e 61 45 50 55 74 62 2f 6a |l7envU+NaEPUtb/j|
|00006830| 74 66 52 70 30 6a 6f 35 75 4c 76 72 6a 39 41 6e |tfRp0jo5uLvrj9An|
|00006840| 61 75 32 4f 35 66 76 66 49 36 41 62 31 72 6c 66 |au2O5fvfI6Ab1rlf|
|00006850| 58 71 6c 55 72 33 54 6d 77 72 7a 37 62 2b 49 59 |XqlUr3Tmwrz7b+IY|
|00006860| 57 76 66 61 30 41 71 72 39 44 64 6e 4b 74 34 75 |Wvfa0Aqr9DdnKt4u|
|00006870| 6e 35 76 33 74 64 2f 72 38 34 38 57 36 4e 32 61 |n5v3td/r848W6N2a|
|00006880| 51 72 72 6d 6d 38 56 38 31 32 72 61 39 54 6a 4e |Qrrmm8V812ra9TjN|
|00006890| 2b 64 35 2b 2b 32 72 5a 55 54 30 34 5a 30 2b 42 |+d5++2rZUT04Z0+B|
|000068a0| 41 51 49 39 75 50 76 72 6e 71 7a 4f 30 36 39 4e |AQI9uPvrnqzO069N|
|000068b0| 2f 4e 31 6e 5a 72 41 6e 73 34 36 39 31 4b 31 37 |/N1nZrAns4691K17|
|000068c0| 57 38 6b 56 2f 61 76 42 7a 44 41 37 71 71 59 33 |W8kV/avBzDA7qqY3|
|000068d0| 76 2f 56 33 2f 65 76 30 50 36 76 49 72 55 31 44 |v/V3/ev0P6vIrU1D|
|000068e0| 4f 7a 38 66 4c 62 43 30 4a 62 30 39 33 2b 66 2f |Oz8fLbC0Jb093+f/|
|000068f0| 36 56 7a 61 66 30 39 6e 5a 55 64 32 37 64 54 46 |6Vzaf09nZUd27dTF|
|00006900| 4c 75 37 36 54 6d 39 6f 33 59 52 43 6b 4b 6b 66 |Lu76Tm9o3YRCkKkf|
|00006910| 48 31 68 62 54 55 68 6f 79 56 61 57 36 56 71 31 |H1hbTUhoyVaW6Vq1|
|00006920| 61 71 58 39 6f 48 33 30 53 74 30 43 7a 6e 2f 70 |aqX9oH30St0Czn/p|
|00006930| 74 6e 5a 38 48 33 79 35 65 4c 58 4a 52 55 77 43 |tnZ8H3y5eLXJRUwC|
|00006940| 77 68 31 62 6c 72 4a 51 43 34 43 72 30 30 2f 46 |wh1blrJQC4Cr00/F|
|00006950| 43 2f 65 6c 76 62 32 72 31 32 69 53 4e 48 44 35 |C/elvb2r12iSNHD5|
|00006960| 41 4c 2f 37 35 6b 59 74 66 6f 6c 75 79 35 4e 33 |AL/75kYtfoluy5N3|
|00006970| 37 39 59 66 6e 2f 70 2f 32 66 33 64 59 54 7a 78 |79Yfn/p/2f3dYTzx|
|00006980| 32 72 35 36 64 4e 72 35 52 76 61 63 31 53 64 71 |2r56dNr5Rvac1Sdq|
|00006990| 36 52 79 4d 66 6d 47 30 32 33 50 76 70 33 34 2f |6RyMfmG023Pvp34/|
|000069a0| 54 53 33 39 35 74 45 6b 61 6b 2f 5a 79 2f 76 77 |TS395tEkak/Zy/vw|
|000069b0| 46 37 66 33 6d 6f 44 37 63 74 46 50 78 48 33 2b |F7f3moD7ctFPxH3+|
|000069c0| 68 76 64 39 6b 31 70 67 33 71 49 2b 2f 68 74 31 |hvd9k1pg3qI+/ht1|
|000069d0| 39 68 2b 34 62 46 61 6c 65 50 66 31 71 62 41 77 |9h+4bFalePf1qbAw|
|000069e0| 65 2f 54 35 50 7a 38 39 35 53 78 39 73 32 4b 71 |e/T5Pz895Sx9s2Kq|
|000069f0| 6f 69 48 35 36 2b 62 6e 48 31 4c 50 4b 56 6f 71 |oiH56+bnH1LPKVoq|
|00006a00| 4e 4c 65 39 33 47 64 6c 36 66 2f 32 6e 64 5a 62 |NLe93Gdl6f/2ndZb|
|00006a10| 58 74 34 75 6e 49 73 4a 75 31 62 44 42 74 79 73 |Xt4unIsJu1bDBtys|
|00006a20| 71 49 72 6a 5a 47 7a 52 6c 5a 65 65 30 36 36 76 |qIrjZGzRlZee066v|
|00006a30| 76 74 43 62 75 55 32 31 4a 32 6c 58 6a 32 67 4f |vtCbuU21J2lXj2gO|
|00006a40| 53 71 57 45 64 4f 62 43 76 52 67 77 4c 56 2f 2b |SqWEdObCvRgwLV/+|
|00006a50| 51 67 47 62 35 7a 46 62 31 63 32 47 78 45 72 66 |QgGb5zFb1c2GxErf|
|00006a60| 75 56 76 79 57 4c 32 75 63 4d 31 2b 31 62 49 4d |uVvyWL2ucM1+1bIM|
|00006a70| 6a 62 39 50 49 34 51 4d 55 30 71 39 33 67 78 66 |jb9PI4QMU0q93gxf|
|00006a80| 36 61 36 69 7a 5a 30 75 56 73 6d 65 2f 31 6e 32 |6a6izZ0uVsme/1n2|
|00006a90| 30 54 52 39 75 33 6c 6c 72 57 58 32 37 65 4f 71 |0TR9u3llrWX27eOq|
|00006aa0| 65 49 57 47 36 62 31 53 6b 51 76 72 31 76 72 67 |eIWG6b1SkQvr1vrg|
|00006ab0| 4f 52 4b 58 7a 35 79 2f 6f 72 66 39 2b 70 44 6e |ORKXz5y/orf9+pDn|
|00006ac0| 2f 2b 4b 2f 61 75 37 54 56 37 4b 63 66 31 4c 30 |/+K/au7TV7Kcf1L0|
|00006ad0| 6a 42 6c 6e 6b 71 30 33 56 2f 78 73 44 41 37 6f |jBlnkq03V/xsDA7o|
|00006ae0| 31 2b 2f 7a 34 45 7a 2b 66 56 4f 79 63 74 37 52 |1+/z4Ez+fVOyct7R|
|00006af0| 38 31 65 59 6d 2f 2f 75 70 6c 50 2f 54 7a 2f 70 |81eYm//uplP/Tz/p|
|00006b00| 30 2b 31 66 61 6b 70 53 69 66 64 39 6d 6d 66 30 |0+1fakpSifd9mmf0|
|00006b10| 64 6a 52 77 2b 51 4d 2f 39 59 5a 49 43 2b 2f 67 |djRw+QM/9YZIC+/g|
|00006b20| 33 36 54 55 42 77 42 35 4f 6e 6d 7a 38 31 45 51 |36TUBwB5Onmz81EQ|
|00006b30| 43 41 41 42 67 4d 4b 64 50 6e 39 58 76 6e 2f 32 |CAABgMKdPn9Xvn/2|
|00006b40| 48 32 56 78 69 62 30 39 33 78 61 32 61 6f 39 75 |H2Vxib093xa2ao9u|
|00006b50| 71 72 62 70 2b 70 54 74 37 74 6c 52 6e 7a 70 62 |qrbp+pTt7tlRnzpb|
|00006b60| 6f 36 50 66 35 4b 69 77 71 6c 71 64 48 52 33 6c |o6Pf5KiwqlqdHR3l|
|00006b70| 63 33 30 46 74 72 6e 4f 2b 37 41 31 42 57 35 53 |c30FtrnO+7A1BW5S|
|00006b80| 56 6e 56 50 78 71 54 50 4b 2f 2b 6c 6e 35 65 57 |VnVPxqTPK/+ln5eW|
|00006b90| 66 55 4e 75 32 31 38 6e 50 78 31 75 4f 31 37 5a |fUNu218nPx1uO17Z|
|00006ba0| 57 2b 2f 5a 74 37 62 6f 32 51 2f 56 6e 36 65 62 |W+/Zt7bo2Q/Vn6eb|
|00006bb0| 71 6f 69 36 2f 38 70 43 54 34 37 56 71 31 34 69 |qoi6/8pCT47Vq14i|
|00006bc0| 74 45 68 75 72 76 4c 78 63 4a 30 2b 65 56 74 6d |tEhurvLxcJ0+eVtm|
|00006bd0| 35 38 38 72 4f 4f 61 62 54 70 38 2b 32 32 50 65 |588rOOabTp8+22Pe|
|00006be0| 35 73 71 77 6e 66 6a 36 70 49 30 64 7a 4c 36 5a |5sqwnfj6pI0dzL6Z|
|00006bf0| 37 65 6e 52 55 5a 36 39 4f 64 6e 2b 50 41 51 41 |7enRUZ69Odn+PAQA|
|00006c00| 74 47 77 45 41 41 45 43 39 37 66 72 71 67 47 4c |tGwEAAEC97frqgGL|
|00006c10| 47 7a 7a 4a 62 41 48 44 69 2b 43 48 36 35 36 74 |GzzJbAHDi+CH656t|
|00006c20| 50 4e 58 76 50 4c 51 41 41 41 42 71 6d 4b 51 49 |PNXvPLQAAABqmKQI|
|00006c30| 41 72 41 45 41 41 41 5a 53 57 6c 71 6d 39 39 64 |ArAEAAAZSWlqm99d|
|00006c40| 2f 61 74 62 34 64 32 6e 58 52 67 2b 4d 48 55 7a |/atb4d2nXRg+MHUz|
|00006c50| 6a 48 77 41 41 34 43 70 48 41 41 41 41 44 43 54 |jHwAA4CpHAAAADCT|
|00006c60| 72 30 41 2f 61 39 50 47 58 5a 6d 6c 52 45 66 31 |r0A/a9PGXZmlREf1|
|00006c70| 30 61 32 41 50 4f 35 55 49 41 41 41 41 6c 77 73 |0a2APO5UIAAAAlws|
|00006c80| 42 41 41 41 77 69 41 73 58 4c 75 6a 44 7a 54 76 |BAAAwiAsXLujDzTv|
|00006c90| 31 33 63 45 6a 5a 75 6b 50 6a 42 33 4d 43 74 6b |13cEjZukPjB3MCtk|
|00006ca0| 41 41 41 41 47 51 41 41 41 41 41 77 69 35 32 69 |AAAAGQAAAAAwi52i|
|00006cb0| 65 4e 73 54 76 4d 45 75 4c 69 75 69 6e 32 32 39 |eNsTvMEuLiuin229|
|00006cc0| 72 76 68 58 41 41 51 41 41 30 48 49 51 41 41 41 |rvhXAAQAA0HIQAAA|
|00006cd0| 41 67 2f 68 30 2b 39 64 4b 2b 65 71 41 57 64 72 |Ag/h0+9dK+eqAWdr|
|00006ce0| 59 6d 44 76 6c 31 59 67 39 37 51 45 41 41 48 44 |YmDvl1Yg97QEAAHD|
|00006cf0| 6c 49 41 41 41 41 41 5a 77 4c 50 65 34 56 71 39 |lIAAAAAZwLPe4Vq9|
|00006d00| 4c 4e 45 73 4c 36 64 74 4c 55 52 48 39 32 48 59 |LNEsL6dtLURH92HY|
|00006d10| 4d 41 41 44 41 49 41 67 41 41 49 41 42 66 4c 6c |MAADAIAgAAIABfLl|
|00006d20| 72 76 78 4b 33 37 6a 46 4c 47 7a 45 73 58 44 35 |rvxK37jFLGzEsXD5|
|00006d30| 64 50 4f 31 55 49 67 41 41 41 46 78 75 42 41 41 |dPO1UIgAAAFxuBAA|
|00006d40| 41 34 43 72 33 63 32 47 78 52 65 2f 2f 54 64 31 |A4Cr3c2GxRe//Td1|
|00006d50| 39 64 63 2b 51 4d 44 6b 34 4f 4e 69 70 56 41 41 |9dc+QMDk4ONipVAA|
|00006d60| 41 41 4c 6a 63 43 41 41 41 77 46 58 75 36 39 51 |AALjcCAAAwFXu69Q|
|00006d70| 4d 4a 53 53 6d 6d 4b 55 4e 76 66 74 32 64 65 74 |MJSSmmKUNvft2det|
|00006d80| 36 67 35 31 4b 42 41 41 41 41 48 73 67 41 41 41 |6g51KBAAAAHsgAAA|
|00006d90| 41 56 37 47 7a 5a 30 75 31 4a 75 34 7a 46 5a 38 |AV7GzZ0u1Ju4zFZ8|
|00006da0| 36 63 7a 48 4e 32 39 4e 64 59 30 66 65 4b 53 63 |6czHN29NdY0feKSc|
|00006db0| 6e 52 7a 75 57 44 41 41 41 41 4a 63 62 41 51 41 |nRzuWDAAAAJcbAQA|
|00006dc0| 41 75 49 6f 64 79 44 69 73 44 7a 66 76 4e 45 73 |AuIodyDisDzfvNEs|
|00006dd0| 62 48 48 6d 62 65 76 65 38 30 55 34 6c 41 67 41 |bHHmbeve80U4lAgA|
|00006de0| 41 67 4c 30 51 41 41 43 41 71 31 68 4a 53 5a 6d |AgL0QAACAq1hJSZm|
|00006df0| 4f 35 52 56 63 2f 4e 32 6c 58 52 73 39 4d 48 61 |O5RVc/N2lXRs9MHa|
|00006e00| 77 32 72 61 39 7a 6f 36 6c 41 67 41 41 67 44 30 |w2ra9zo6lAgAAgD0|
|00006e10| 51 41 41 43 41 71 31 6a 50 37 72 35 36 36 50 34 |QAACAq1jP7r566P4|
|00006e20| 68 46 33 38 66 4f 58 79 41 67 6d 2b 39 79 59 34 |hF38fOXyAgm+9yY4|
|00006e30| 6c 41 67 41 41 67 4c 32 30 4b 69 38 76 4c 37 64 |lAgAAgL20Ki8vL7d|
|00006e40| 33 49 51 41 41 7a 65 66 38 2b 51 76 61 2f 39 31 |3IQAAzef8+Qva/91|
|00006e50| 68 6e 54 70 39 52 6f 45 42 2f 76 54 2b 41 77 41 |hnTp9RoEB/vT+AwA|
|00006e60| 41 58 49 46 4f 6e 6a 7a 5a 36 48 4d 51 41 41 41 |AXIFOnjzZ6HMQAAA|
|00006e70| 41 41 41 41 41 6f 49 56 72 69 67 41 41 55 77 41 |AAAAAoIVrigAAUwA|
|00006e80| 41 41 41 41 41 41 44 41 41 41 67 41 41 41 41 41 |AAAAAADAAAgAAAAA|
|00006e90| 41 41 42 67 41 41 51 41 41 41 41 41 41 41 41 79 |AABgAAQAAAAAAAAy|
|00006ea0| 41 41 41 41 41 41 41 41 41 41 41 5a 41 41 41 41 |AAAAAAAAAAAZAAAA|
|00006eb0| 41 41 41 41 41 41 41 4d 67 41 41 41 41 41 41 41 |AAAAAAAMgAAAAAAA|
|00006ec0| 41 67 41 45 51 41 41 41 41 41 41 41 41 77 41 41 |AgAEQAAAAAAAAwAA|
|00006ed0| 49 41 41 41 41 41 41 41 41 59 41 41 45 41 41 41 |IAAAAAAAAYAAEAAA|
|00006ee0| 41 41 41 41 41 4d 41 41 43 41 41 41 41 41 41 41 |AAAAAMAACAAAAAAA|
|00006ef0| 41 47 41 41 42 41 41 41 41 41 41 41 41 44 49 41 |AGAABAAAAAAAADIA|
|00006f00| 41 41 41 41 41 41 41 41 41 42 6b 41 41 41 41 41 |AAAAAAAAABkAAAAA|
|00006f10| 41 41 41 41 41 41 79 41 41 41 41 43 77 67 31 4c |AAAAAAyAAAACwg1L|
|00006f20| 6c 35 68 78 54 62 6f 6d 56 6c 30 6f 4b 6c 4a 31 |l5hxTbomVl0oKlJ1|
|00006f30| 54 49 47 73 76 6f 5a 35 4b 43 70 53 64 63 36 79 |TIGsvoZ5KCpSdc6y|
|00006f40| 4f 5a 31 6d 73 37 4a 72 65 43 31 52 52 71 68 4b |OZ1ms7JreC1RRqhK|
|00006f50| 65 45 51 44 67 43 6b 63 41 41 41 42 67 42 79 65 |eEQDgCkcAAABgBye|
|00006f60| 55 4f 6e 2b 46 55 76 4f 74 76 4a 53 2f 58 33 50 |UOn+FUvOtvJS/X3P|
|00006f70| 6e 37 31 66 75 5a 53 2b 54 48 5a 77 2f 72 5a 2b |n71fuZS+THZw/rZ+|
|00006f80| 4c 79 35 72 76 2f 50 6e 37 4e 58 66 2b 43 69 33 |Ly5rv/Pn7NXf+Ci3|
|00006f90| 66 58 56 78 6a 6c 73 4c 64 47 7a 53 33 70 76 63 |fXVxjlsLdGzS3pvc|
|00006fa0| 43 46 35 57 6b 62 64 62 30 56 66 73 4a 54 41 45 |CF5Wkbdb0VfsJTAE|
|00006fb0| 41 72 6d 67 45 41 41 41 41 56 34 68 69 35 65 59 |ArmgEAAAAV4hi5eY|
|00006fc0| 63 55 33 5a 65 71 64 56 58 4c 2f 62 4f 56 76 52 |cU3ZeqdVXL/bOVvR|
|00006fd0| 36 35 78 5a 56 7a 31 42 44 75 6c 6d 65 32 71 2f |65xZVz1BDulme2q/|
|00006fe0| 52 31 4d 36 63 4f 4b 71 30 74 41 78 6c 35 44 64 |R1M6cOKq0tAxl5Dd|
|00006ff0| 76 73 7a 4a 31 5a 30 30 42 6c 57 50 61 47 6e 2b |vszJ1Z00BlWPaGn+|
|00007000| 73 79 75 2b 31 39 48 4b 58 6c 4e 62 64 2b 43 30 |syu+19HKXlNbd+C0|
|00007010| 71 71 44 61 61 6f 49 62 7a 56 62 77 58 74 54 35 |qqDaaoIbzVbwXtT5|
|00007020| 6e 57 2f 4c 55 2b 5a 6d 77 4a 62 32 30 37 73 2b |nW/LU+ZmwJb207s+|
|00007030| 4f 53 6c 56 59 59 67 72 55 46 4a 59 77 45 67 41 |OSlVYYgrUFJYwEgA|
|00007040| 41 63 4f 56 71 62 65 38 43 41 41 42 51 75 32 4b |AcOVqbe8CAABQu2K|
|00007050| 6c 78 6d 2f 51 36 73 51 43 4f 58 64 33 6c 31 74 |lxm/Q6sQCOXd3l1t|
|00007060| 52 67 64 4a 4c 33 42 55 39 66 6f 52 69 75 72 75 |RgdJL3BU9foRiuru|
|00007070| 59 73 75 52 73 31 2f 54 35 70 7a 52 75 39 41 6b |YsuRs1/T5pzRu9Ak|
|00007080| 6c 37 43 79 54 6c 36 74 55 65 4c 42 41 4a 51 48 |l7CyTl6tUeLBAJQH|
|00007090| 68 6d 6a 34 35 53 43 58 78 61 37 51 38 54 58 4a |hmj45SCXxa7Q8TXJ|
|000070a0| 7a 4c 56 50 68 77 51 49 70 65 4b 69 6d 6a 2b 38 |zLVPhwQIpeKimj+8|
|000070b0| 74 74 34 76 58 4b 46 44 79 71 68 56 61 66 74 42 |tt4vXKFDyqhVaftB|
|000070c0| 52 50 54 31 64 70 4b 49 43 70 63 74 62 45 79 65 |RPT1dpKICpctbEye|
|000070d0| 4e 56 61 68 6e 38 39 31 5a 47 34 2b 75 36 6c 57 |NVahn891ZG4+u6lW|
|000070e0| 55 6f 51 4e 5a 6d 5a 4a 44 44 2f 56 77 64 32 79 |UoQNZmZJDD/Vwd2y|
|000070f0| 47 71 33 67 72 30 44 56 46 79 54 6d 68 69 76 45 |Gq3gr0DVFyTmhivE|
|00007100| 78 66 36 55 6b 4c 55 55 4a 72 75 37 79 4b 79 6f |xf6UkLUUJru7yKyo|
|00007110| 77 4a 52 52 6c 61 58 6c 73 69 6e 72 4f 6e 4b 79 |wJRRlaXlsinrOnKy|
|00007120| 49 71 76 64 64 6b 71 6e 6c 73 33 62 49 72 33 70 |Iqvddkqnls3bIr3p|
|00007130| 36 70 61 4a 4d 78 61 33 61 70 49 53 44 6b 6c 39 |6paJMxa3apISDkl9|
|00007140| 33 64 36 6d 6f 51 4d 34 42 51 78 58 6a 73 31 39 |3d6moQM4BQxXjs19|
|00007150| 7a 64 2f 74 72 77 65 54 65 63 70 5a 6b 32 33 4f |zd/trweTecpZk23O|
|00007160| 32 4a 59 38 4e 6e 34 6d 53 2f 56 6f 2b 61 35 50 |2JY8Nn4mS/Vo+a5P|
|00007170| 38 5a 6a 79 72 36 4b 72 33 58 53 32 39 4a 47 32 |8Zjyr6Kr3XS29JG2|
|00007180| 7a 70 75 2f 75 71 48 47 75 57 55 72 49 64 4a 54 |zpu/uqHGuWUrIdJT|
|00007190| 58 78 63 39 49 6a 4b 61 50 39 35 65 62 70 4f 7a |Xxc9IjKaP95ebpOz|
|000071a0| 45 68 5a 6f 62 4c 30 6c 48 46 44 74 4c 6b 6b 49 |EhZobL0lHFDtLkkI|
|000071b0| 30 63 2f 34 41 2b 54 58 77 48 51 45 41 77 46 34 |0c/4A+TXwHQEAwF4|
|000071c0| 49 41 41 41 41 57 72 54 73 2b 4b 56 61 63 6a 42 |IAAAAWrTs+KVacjB|
|000071d0| 49 4d 2b 63 38 49 44 39 54 4b 31 49 6c 42 78 4f |IM+c8ID9TK1IlBxO|
|000071e0| 31 59 50 45 61 4a 63 79 63 72 4f 69 4c 6a 63 4c |1YPEaJcycrOiLjcL|
|000071f0| 39 53 69 35 35 51 4c 45 7a 76 55 32 4e 7a 5a 4a |9Si55QLEzvU2NzZJ|
|00007200| 6a 53 6c 69 38 51 73 76 6e 48 35 42 58 32 41 6a |jSli8QsvnH5BX2Aj|
|00007210| 46 7a 6e 53 76 4f 50 69 49 34 68 61 2f 72 39 57 |FznSvOPiI4ha/r9W|
|00007220| 37 66 54 51 6c 32 45 56 53 71 64 4c 58 72 6c 43 |7fTQl2EVSqdLXrlC|
|00007230| 63 6f 6a 51 33 39 6c 4a 51 6f 44 41 74 54 6e 4d |cojQ39lJQoDAtTnM|
|00007240| 58 62 35 4c 62 7a 4b 48 71 36 64 78 63 64 2b 65 |Xb5LbzKHq6dxcd+e|
|00007250| 6f 54 76 34 39 31 45 73 5a 4f 70 43 52 49 66 56 |oTv491EsZOpCRIfV|
|00007260| 6f 6a 69 43 41 6a 30 4c 44 4f 6d 70 31 34 6e 35 |ojiCAj0LDOmp14n5|
|00007270| 46 54 4b 34 57 39 45 67 38 6f 75 69 77 4b 4f 57 |FTK4W9Eg8ouiwKOW|
|00007280| 75 32 6d 52 4b 63 75 32 6d 30 4f 42 4e 57 72 33 |u2mRKcu2m0OBNWr3|
|00007290| 6e 6d 43 4b 47 65 56 2f 4d 57 5a 4b 35 58 38 6b |nmCKGeV/MWZK5X8k|
|000072a0| 42 49 59 71 78 47 67 77 70 30 4e 61 6c 63 55 72 |BIYqxGgwp0NalcUr|
|000072b0| 32 48 4b 71 35 38 79 76 50 58 36 72 63 33 5a 75 |2HKq58yvPX6rc3Zu|
|000072c0| 31 5a 4f 30 52 79 63 65 2f 49 74 2b 6c 35 78 77 |1ZO0Ryce/It+l5xw|
|000072d0| 62 32 31 74 65 46 61 6d 35 75 2b 4f 30 34 4f 4a |b21teFam5u+O04OJ|
|000072e0| 7a 74 69 56 50 66 54 34 54 4e 6b 72 62 71 2b 7a |ztiVPfT4TNkrbq+z|
|000072f0| 4a 6b 7a 56 33 64 47 58 77 49 46 4f 72 35 38 5a |JkzV3dGXwIFOr58Z|
|00007300| 70 39 65 34 70 6d 68 4c 73 49 72 2b 6f 5a 37 58 |p9e4pmhLsIr+oZ7X|
|00007310| 41 4d 30 37 54 7a 59 49 5a 41 41 42 63 65 5a 67 |AM07TzYIZAABceZg|
|00007320| 43 41 41 43 77 6d 2b 53 31 4b 37 52 67 63 62 56 |CAACwm+S1K7RgcbV|
|00007330| 2f 61 2f 64 65 79 6c 43 79 58 77 6d 4a 4c 68 6f |/a/deylCyXwmJLho|
|00007340| 33 66 73 44 46 68 70 34 6b 4f 58 65 50 30 72 69 |3fsDFhp4kOXeP0ri|
|00007350| 6f 59 73 58 74 7a 4b 77 79 4c 4e 31 66 30 57 48 |oYsXtzKwyLN1f0WH|
|00007360| 65 6c 78 70 6e 7a 74 34 4b 6a 66 4a 56 64 6f 36 |elxpnzt4KjfJVdo6|
|00007370| 50 49 6f 4c 64 71 78 7a 73 71 34 67 77 62 36 57 |PIoLdqxzsq4gwb6W|
|00007380| 6d 35 5a 69 4f 4c 63 6e 53 31 70 33 75 69 68 6c |m5ZiOLcnS1p3uihl|
|00007390| 57 74 58 45 73 75 51 57 45 4b 38 5a 7a 76 37 5a |WtXEsuQWEK8Zzv7Z|
|000073a0| 6d 4e 76 64 30 41 45 64 31 38 76 64 58 6a 34 34 |mNvd0AEd18vdXj44|
|000073b0| 58 6c 4a 65 52 6f 63 4d 31 54 39 64 76 4d 4c 66 |XlJeRocM1T9dvMLf|
|000073c0| 75 49 59 6f 75 53 6c 46 71 58 70 58 45 6e 4c 31 |uIYouSlFqXpXEnL1|
|000073d0| 4b 63 49 31 53 52 45 44 56 6e 45 34 4b 44 41 75 |KcI1SREDVnE4KDAu|
|000073e0| 53 45 76 63 72 2b 32 4a 61 73 56 4a 33 5a 79 6f |SEvcr+2JasVJ3Zyo|
|000073f0| 30 75 4a 76 5a 38 37 6c 30 6e 76 31 4b 79 50 48 |0uJvZ87l0nv1KyPH|
|00007400| 58 75 46 46 56 6e 35 2b 54 76 49 4b 48 4b 4b 5a |XuFFVn5+TvIKHKKZ|
|00007410| 37 6c 66 55 4e 53 72 4b 30 64 61 65 4c 6f 69 4d |7lfUNSrK0daeLoiM|
|00007420| 76 4e 65 77 6c 79 53 74 34 69 4b 5a 50 44 6a 49 |vNewlySt4iKZPDjI|
|00007430| 64 61 31 4f 65 2b 6e 77 6d 62 4f 51 54 6f 75 67 |da1Oe+nwmbOQToug|
|00007440| 41 6c 79 6f 6e 38 31 64 45 6c 4c 74 53 4d 33 4f |Alyon81dElLtSM3O|
|00007450| 5a 38 77 38 41 75 4b 6f 77 41 67 41 41 59 44 65 |Z8w8AuKowAgAAYDe|
|00007460| 42 77 38 61 59 44 38 2b 57 70 4a 77 64 6d 72 36 |Bw8aYD8+WpJwdmr6|
|00007470| 34 34 75 66 38 41 71 57 71 6d 39 55 65 58 53 38 |44uf8AqWqm9UeXS8|
|00007480| 66 58 32 6e 74 4d 52 57 4f 39 71 39 6f 4c 48 61 |fX2ntMRWO9q9oLHa|
|00007490| 55 57 37 57 75 57 54 64 58 4c 38 73 44 4a 54 6b |UW7WuWTdXL8sDJTk|
|000074a0| 37 74 37 76 30 53 33 36 42 55 6c 57 67 77 6c 55 |7t7v0S36BUlWgwlU|
|000074b0| 72 6c 46 77 74 58 32 47 65 6c 4a 74 33 51 67 72 |rlFwtX2GelJt3Qgr|
|000074c0| 77 56 72 4d 71 2f 6c 6c 35 70 79 53 31 36 36 52 |wVrMq/ll5pyS166R|
|000074d0| 4f 4c 6e 58 6d 62 67 42 33 42 59 59 35 61 75 37 |OLnXmbgB3BYY5au7|
|000074e0| 4f 54 49 57 4f 39 70 65 7a 53 70 57 36 63 36 39 |OTIWO9pezSpW6c69|
|000074f0| 36 42 6f 66 4c 54 56 6e 6d 57 58 32 43 46 4f 32 |6BofLTVnmWX2CFO2|
|00007500| 7a 56 46 76 54 77 6a 55 78 77 45 6e 4b 32 36 2b |zVFvTwjUxwEnK26+|
|00007510| 74 4f 55 45 61 4e 39 6e 4a 36 70 6c 4c 69 6b 36 |tOUEaN9nJ6plLik6|
|00007520| 6f 73 4c 75 2f 57 57 50 63 78 45 6c 2b 2f 74 35 |osLu/WWPcxEl+/t5|
|00007530| 53 57 73 57 76 4e 62 36 58 54 76 4c 79 71 58 69 |SWsWvNb6XTvLyqXi|
|00007540| 2b 4f 59 33 4a 59 2b 30 7a 59 53 4e 58 46 34 76 |+OY3JY+0zYSNXF4v|
|00007550| 67 68 70 74 72 52 36 6d 6b 47 52 64 6f 42 41 44 |ghptrR6mkGRdoBAD|
|00007560| 41 44 67 67 41 41 41 44 73 78 74 6e 5a 53 63 37 |ADggAAADsxtnZSc7|
|00007570| 56 47 34 37 4f 31 59 66 41 6e 7a 49 74 75 6d 5a |VG47O1YfAnzItumZ|
|00007580| 74 33 4c 56 72 55 77 32 58 39 31 58 45 73 42 44 |t3LVrUw2X91XEsBD|
|00007590| 72 6a 55 61 6e 6a 6b 31 30 6a 52 6f 55 48 39 4d |rjUanjk10jRoUH9M|
|000075a0| 33 47 58 6b 71 64 50 52 55 55 43 39 76 4e 55 76 |3GXkqdPRUUC9vNUv|
|000075b0| 37 58 35 4a 62 63 4c 68 43 34 33 63 6f 4e 63 70 |7X5JbcLhC43coNcp|
|000075c0| 66 6f 53 56 37 6c 5a 41 58 6f 6e 48 6a 6e 57 54 |foSV7lZAXonHjnWT|
|000075d0| 5a 78 65 32 75 77 44 42 76 72 64 36 64 70 5a 69 |Zxe2uwDBvrd6dpZi|
|000075e0| 41 33 69 72 4a 50 43 42 46 6a 61 68 39 76 6e 74 |A3irJPCBFjah9vnt|
|000075f0| 4a 73 64 57 65 38 70 4c 53 36 67 31 6f 57 78 72 |JsdWe8pLS6g1oWxr|
|00007600| 55 74 75 53 78 35 54 50 68 79 46 42 39 41 41 43 |UtuSx5TPhyFB9AAC|
|00007610| 71 59 51 6f 41 41 4b 44 6c 38 76 42 57 68 44 4b |qYQoAAKDl8vBWhDK|
|00007620| 56 62 72 46 46 58 61 6e 53 64 32 66 4b 4c 63 43 |VbrFFXanSd2fKLcC|
|00007630| 33 66 6a 32 39 4e 56 37 6a 68 45 71 63 76 4f 58 |3fj29NV7jhEqcvOX|
|00007640| 6e 55 2f 57 66 6f 30 70 79 4d 6c 55 6f 36 7a 33 |nU/Wfo0pyMlUo6z3|
|00007650| 66 54 61 4a 36 34 37 39 5a 77 2f 4b 2b 43 6f 30 |fTaJ6479Zw/K+Co0|
|00007660| 71 30 39 61 30 59 38 72 65 6b 79 4b 33 73 4b 41 |q09a0Y8rekyK3sKA|
|00007670| 61 47 2f 56 75 41 53 45 4b 54 64 75 72 39 4c 78 |aG/VuASEKTdur9Lx|
|00007680| 6a 53 6b 35 30 56 45 53 41 65 77 30 35 4a 57 63 |jSk50VESAew05JWc|
|00007690| 50 4c 2f 6e 6c 48 46 42 36 58 76 56 58 43 70 53 |PL/nlHFB6XvVXCpS|
|000076a0| 2b 75 2b 44 53 72 78 37 65 69 74 42 2b 70 65 5a |+u+DSrx7eitB+peZ|
|000076b0| 59 35 6b 76 64 75 64 30 30 50 63 48 6d 50 44 5a |Y5kvdud00PcHmPDZ|
|000076c0| 38 4a 70 7a 62 79 63 74 56 79 69 32 71 4e 6f 57 |8JpzbyctVyi2qNoW|
|000076d0| 6a 71 46 69 46 4e 64 34 4e 41 41 42 58 4e 77 49 |jqFiFNd4NAABXNwI|
|000076e0| 41 41 49 43 57 79 39 6c 66 45 61 4e 64 6c 4c 41 |AAICWy9lfEaNdlLA|
|000076f0| 30 54 73 6b 35 46 5a 50 6a 53 77 71 55 47 72 39 |0Tsk5FZPjSwqUGr9|
|00007700| 47 56 51 46 58 68 51 41 41 49 41 42 4a 52 45 46 |GVQFXhQAAIABJREF|
|00007710| 55 71 33 50 38 4e 53 36 73 43 59 62 6d 4f 2f 73 |Uq3P8NS6sCYbmO/s|
|00007720| 72 59 72 53 30 65 74 55 6d 70 56 37 63 54 71 35 |rYrS0etUmpV7cTq5|
|00007730| 59 36 66 45 62 74 47 43 33 35 4e 57 4d 75 77 43 |Y6fEbtGC35NWMuwC|
|00007740| 63 4f 56 75 73 73 34 36 64 4c 6b 50 6a 33 38 51 |cOVuss46dLkPj38Q|
|00007750| 72 49 45 52 75 61 31 64 6f 62 71 4b 76 51 67 4e |rIERua1dobqKvQgN|
|00007760| 71 47 57 76 67 37 4b 2b 49 71 41 4a 74 58 62 56 |qGWvg7K+IqAJtXbV|
|00007770| 5a 43 64 31 44 46 4f 68 61 79 30 6b 39 67 78 51 |ZCd1DFOhay0k9gxQ|
|00007780| 54 56 6d 7a 2b 2f 45 6f 4b 6c 4c 70 32 73 35 4a |TVmz+/EoKlLp2s5J|
|00007790| 56 64 65 32 46 69 76 64 79 62 64 58 6e 58 4b 44 |Vde2FivdybdXnXKD|
|000077a0| 55 74 52 75 30 5a 4c 65 6a 36 54 6e 58 4a 30 2b |UtRu0ZLej6TnXJ0+|
|000077b0| 64 6e 77 6c 76 42 59 61 35 4b 7a 6b 78 36 64 4b |dnwlvBYa5Kzkx6dK|
|000077c0| 35 69 6f 34 6f 62 74 57 4f 4b 75 73 62 31 46 4e |5io4obtWOKusb1FN|
|000077d0| 52 67 58 4c 5a 42 68 41 41 63 41 56 6a 43 67 41 |RgXLZBhAAcAVjCgA|
|000077e0| 41 6f 45 58 7a 43 70 75 73 57 4e 64 45 78 61 31 |AoEXzCpusWNdExa1|
|000077f0| 61 6f 75 56 35 6b 75 51 6f 72 2b 41 51 54 5a 6b |aouV5kuQor+AQTZk|
|00007800| 5a 61 6d 58 65 65 57 4f 75 73 55 6d 72 46 79 2f |ZamXeeWOusUmrFy/|
|00007810| 55 6b 71 4a 4c 31 35 67 35 4e 62 54 78 49 77 78 |UkqJL15g5NbTxIwx|
|00007820| 71 30 63 61 6a 75 30 49 38 6d 76 45 43 31 62 6e |q0caju0I8mvEC1bn|
|00007830| 32 56 6e 52 55 6f 67 71 64 51 68 52 59 78 37 50 |2VnRUogqdQhRYx7P|
|00007840| 7a 43 77 68 53 59 65 4a 65 52 59 2f 32 72 32 4d |zCwhSYeJeRY/2r2M|
|00007850| 6f 76 5a 4e 36 6a 70 36 73 4b 66 45 62 46 44 64 |ovZN6jp6sKfEbFDd|
|00007860| 33 6f 5a 5a 49 6b 71 65 33 6f 6f 65 4e 30 4a 54 |3oZZIkqe3ooeN0JT|
|00007870| 75 53 5a 71 35 2b 31 4a 4f 72 37 41 4a 69 6e 58 |uSZq5+1JOr7AJinX|
|00007880| 61 72 43 56 6d 7a 33 6d 41 59 71 63 47 58 58 7a |arCVmz3mAYqcGXXz|
|00007890| 4f 74 75 57 78 37 54 50 68 46 54 56 47 30 30 73 |OtuWx7TPhFTVG00s|
|000078a0| 33 61 48 56 46 75 64 77 38 2f 52 55 7a 4c 45 71 |3aHVFudw8/RUzLEq|
|000078b0| 42 53 78 4e 74 66 57 49 58 4f 51 65 45 61 32 4c |BSxNtfWIXOQeEa2L|
|000078c0| 61 2b 31 6f 79 4b 30 57 46 62 41 4d 49 41 4c 68 |a+1oyK0WFbAMIALh|
|000078d0| 43 74 53 6f 76 4c 79 2b 33 64 79 45 41 41 4c 42 |CtSovLy+3dyEAALB|
|000078e0| 4a 53 61 6e 6b 33 49 78 44 38 69 2f 58 4e 61 34 |JSank3IxD8i/XNa4|
|000078f0| 45 4f 59 6d 61 75 62 61 64 70 73 2b 6f 58 78 43 |EOYmaubadps+oXxC|
|00007900| 6b 70 45 53 57 36 7a 70 59 7a 57 6a 44 63 32 36 |kpESW6zpYzWjDc26|
|00007910| 71 50 44 49 74 64 63 43 61 41 41 43 41 4b 39 6e |qPDItdcCaAACAK9n|
|00007920| 4a 6b 79 63 62 66 51 36 6d 41 41 41 41 72 68 79 |JkycbfQ6mAAAArhy|
|00007930| 58 6f 32 46 4f 34 31 2b 71 32 43 58 41 4c 62 69 |Xo2FO41+q2CXALbi|
|00007940| 65 71 2b 6e 4c 78 73 61 2f 5a 4e 74 7a 62 71 6f |eq+nLxsa/ZNtzbqo|
|00007950| 38 6f 76 45 50 41 49 42 45 41 41 41 41 41 46 52 |8ovEPAIBEAAAAAFR|
|00007960| 58 6c 4b 58 6b 33 64 36 31 4c 76 34 48 41 41 43 |XlKXk3d61Lv4HAAC|
|00007970| 75 50 41 51 41 41 41 43 41 6d 64 79 44 6d 53 71 |uPAQAAACAmdyDmSq|
|00007980| 4a 71 6d 50 78 50 77 41 41 63 4d 56 68 44 51 41 |JqmPxPwAAcMVhDQA|
|00007990| 41 41 41 41 41 41 46 6f 34 31 67 41 41 41 41 41 |AAAAAAFo41gAAAAA|
|000079a0| 41 41 41 41 32 49 51 41 41 41 41 41 41 41 49 41 |AAAA2IQAAAAAAAIA|
|000079b0| 42 45 41 41 41 41 41 41 41 41 4d 41 41 43 41 41 |BEAAAAAAAAMAACAA|
|000079c0| 41 41 41 41 41 41 47 41 41 42 41 41 41 41 41 41 |AAAAAAGAABAAAAAA|
|000079d0| 41 41 44 41 41 41 67 41 41 41 41 41 41 41 42 67 |AADAAAgAAAAAAABg|
|000079e0| 41 41 51 41 41 41 41 41 41 41 41 79 41 41 41 41 |AAQAAAAAAAAyAAAA|
|000079f0| 41 41 41 41 41 41 41 5a 41 41 41 41 41 41 41 41 |AAAAAAAZAAAAAAAA|
|00007a00| 41 41 41 4d 67 41 41 41 41 41 41 41 41 67 41 45 |AAAMgAAAAAAAAgAE|
|00007a10| 51 41 41 41 41 41 41 41 41 77 41 41 49 41 41 41 |QAAAAAAAAwAAIAAA|
|00007a20| 41 41 41 41 41 59 41 41 45 41 41 41 41 41 41 41 |AAAAAYAAEAAAAAAA|
|00007a30| 41 4d 41 41 43 41 41 41 41 41 41 41 41 47 41 41 |AMAACAAAAAAAAGAA|
|00007a40| 42 41 41 41 41 41 41 41 41 44 49 41 41 41 41 41 |BAAAAAAAADIAAAAA|
|00007a50| 41 41 41 41 41 42 6b 41 41 41 41 41 41 41 41 41 |AAAAABkAAAAAAAAA|
|00007a60| 41 41 79 41 41 41 41 41 41 41 41 43 41 41 52 41 |AAyAAAAAAAACAARA|
|00007a70| 41 41 41 41 41 41 41 44 41 41 41 67 41 41 41 41 |AAAAAAADAAAgAAAA|
|00007a80| 41 41 41 42 67 41 41 51 41 41 41 41 41 41 41 41 |AAABgAAQAAAAAAAA|
|00007a90| 77 41 41 49 41 41 41 41 41 41 41 41 59 41 41 45 |wAAIAAAAAAAAYAAE|
|00007aa0| 41 41 41 41 41 41 41 41 4d 67 41 41 41 41 41 41 |AAAAAAAAMgAAAAAA|
|00007ab0| 41 41 41 41 47 51 41 41 41 41 41 41 41 41 41 41 |AAAAGQAAAAAAAAAA|
|00007ac0| 44 49 41 41 41 41 41 41 41 41 49 41 42 45 41 41 |DIAAAAAAAAIABEAA|
|00007ad0| 41 41 41 41 41 41 4d 41 41 43 41 41 41 41 41 41 |AAAAAAMAACAAAAAA|
|00007ae0| 41 41 47 41 41 42 41 41 41 41 41 41 41 41 44 41 |AAGAABAAAAAAAADA|
|00007af0| 41 41 67 41 41 41 41 41 41 41 42 67 41 41 51 41 |AAgAAAAAAABgAAQA|
|00007b00| 41 41 41 41 41 41 41 79 41 41 41 41 41 41 41 41 |AAAAAAAyAAAAAAAA|
|00007b10| 41 41 41 5a 41 41 41 41 41 41 41 41 41 41 41 4d |AAAZAAAAAAAAAAAM|
|00007b20| 67 41 41 41 41 41 41 41 41 67 41 45 51 41 41 41 |gAAAAAAAAgAEQAAA|
|00007b30| 41 41 41 41 41 77 41 41 49 41 41 41 41 41 41 41 |AAAAAwAAIAAAAAAA|
|00007b40| 41 59 41 41 45 41 41 41 41 41 41 41 41 4d 41 41 |AYAAEAAAAAAAAMAA|
|00007b50| 43 41 41 41 41 41 41 41 41 47 41 41 42 41 41 41 |CAAAAAAAAGAABAAA|
|00007b60| 41 41 41 41 41 44 49 41 41 41 41 41 41 41 41 41 |AAAAADIAAAAAAAAA|
|00007b70| 41 42 6b 41 41 41 41 41 41 41 41 41 41 41 79 41 |ABkAAAAAAAAAAAyA|
|00007b80| 41 41 41 41 41 41 41 43 41 41 52 41 41 41 41 41 |AAAAAAACAARAAAAA|
|00007b90| 41 41 41 44 41 41 41 67 41 41 41 41 41 41 41 42 |AAADAAAgAAAAAAAB|
|00007ba0| 67 41 41 51 41 41 41 41 41 41 41 41 77 41 41 49 |gAAQAAAAAAAAwAAI|
|00007bb0| 41 41 41 41 41 41 41 41 59 41 41 45 41 41 41 41 |AAAAAAAAYAAEAAAA|
|00007bc0| 41 41 41 41 4d 67 41 41 41 41 41 41 41 41 41 41 |AAAAMgAAAAAAAAAA|
|00007bd0| 47 51 41 41 41 41 41 41 41 41 41 41 44 49 41 41 |GQAAAAAAAAAADIAA|
|00007be0| 41 41 41 41 41 41 49 41 42 45 41 41 41 41 41 41 |AAAAAAIABEAAAAAA|
|00007bf0| 41 41 4d 41 41 43 41 41 41 41 41 41 41 41 47 41 |AAMAACAAAAAAAAGA|
|00007c00| 41 42 41 41 41 41 41 41 41 41 44 41 41 41 67 41 |ABAAAAAAAADAAAgA|
|00007c10| 41 41 41 41 41 41 42 67 41 41 51 41 41 41 41 41 |AAAAAABgAAQAAAAA|
|00007c20| 41 41 41 79 41 41 41 41 41 41 41 41 41 41 41 5a |AAAyAAAAAAAAAAAZ|
|00007c30| 41 41 41 41 41 41 41 41 41 41 41 4d 67 41 41 41 |AAAAAAAAAAAMgAAA|
|00007c40| 41 41 41 41 41 67 41 45 51 41 41 41 41 41 41 41 |AAAAAgAEQAAAAAAA|
|00007c50| 41 77 41 41 49 41 41 41 41 41 41 41 41 59 41 41 |AwAAIAAAAAAAAYAA|
|00007c60| 45 41 41 41 41 41 41 41 41 4d 41 41 43 41 41 41 |EAAAAAAAAMAACAAA|
|00007c70| 41 41 41 41 41 47 41 41 42 41 41 41 41 41 41 41 |AAAAAGAABAAAAAAA|
|00007c80| 41 44 49 41 41 41 41 41 41 41 41 41 41 42 6b 41 |ADIAAAAAAAAAABkA|
|00007c90| 41 41 41 41 41 41 41 41 41 41 79 41 41 41 41 41 |AAAAAAAAAAyAAAAA|
|00007ca0| 41 41 41 43 41 41 52 41 41 41 41 41 41 41 41 44 |AAACAARAAAAAAAAD|
|00007cb0| 41 41 41 67 41 41 41 41 41 41 41 42 67 41 41 51 |AAAgAAAAAAABgAAQ|
|00007cc0| 41 41 41 41 41 41 41 41 77 41 41 49 41 41 41 41 |AAAAAAAAwAAIAAAA|
|00007cd0| 41 41 41 41 59 41 41 45 41 41 41 41 41 41 41 41 |AAAAYAAEAAAAAAAA|
|00007ce0| 4d 67 41 41 41 41 41 41 41 41 41 41 47 51 41 41 |MgAAAAAAAAAAGQAA|
|00007cf0| 41 41 41 41 41 41 41 41 44 49 41 41 41 41 41 41 |AAAAAAAADIAAAAAA|
|00007d00| 41 41 49 41 42 45 41 41 41 41 41 41 41 41 4d 41 |AAIABEAAAAAAAAMA|
|00007d10| 41 43 41 41 41 41 41 41 41 41 47 41 41 42 41 41 |ACAAAAAAAAGAABAA|
|00007d20| 41 41 41 41 41 41 44 41 41 41 67 41 41 41 41 41 |AAAAAADAAAgAAAAA|
|00007d30| 41 41 42 67 41 41 51 41 41 41 41 41 41 41 41 79 |AABgAAQAAAAAAAAy|
|00007d40| 41 41 41 41 41 41 41 41 41 41 41 5a 41 41 41 41 |AAAAAAAAAAAZAAAA|
|00007d50| 41 41 41 41 41 41 41 4d 67 41 41 41 41 41 41 41 |AAAAAAAMgAAAAAAA|
|00007d60| 41 67 41 45 51 41 41 41 41 41 41 41 41 77 41 41 |AgAEQAAAAAAAAwAA|
|00007d70| 49 41 41 41 41 41 41 41 41 59 41 41 45 41 41 41 |IAAAAAAAAYAAEAAA|
|00007d80| 41 41 41 41 41 4d 41 41 43 41 41 41 41 41 41 41 |AAAAAMAACAAAAAAA|
|00007d90| 41 47 41 41 42 41 41 41 41 41 41 41 41 44 49 41 |AGAABAAAAAAAADIA|
|00007da0| 41 41 41 41 41 41 41 41 41 42 6b 41 41 41 41 41 |AAAAAAAAABkAAAAA|
|00007db0| 41 41 41 41 41 41 79 41 41 41 41 41 41 41 41 43 |AAAAAAyAAAAAAAAC|
|00007dc0| 41 41 52 41 41 41 41 41 41 41 41 44 41 41 41 67 |AARAAAAAAAADAAAg|
|00007dd0| 41 41 41 41 41 41 41 42 67 41 41 51 41 41 41 41 |AAAAAAABgAAQAAAA|
|00007de0| 41 41 41 41 77 41 41 49 41 41 41 41 41 41 41 41 |AAAAwAAIAAAAAAAA|
|00007df0| 59 41 41 45 41 41 41 41 41 41 41 41 4d 67 41 41 |YAAEAAAAAAAAMgAA|
|00007e00| 41 41 41 41 41 41 41 41 47 51 41 41 41 41 41 41 |AAAAAAAAGQAAAAAA|
|00007e10| 41 41 41 41 44 49 41 41 41 41 41 41 41 41 49 41 |AAAADIAAAAAAAAIA|
|00007e20| 42 45 41 41 41 41 41 41 41 41 4d 41 41 43 41 41 |BEAAAAAAAAMAACAA|
|00007e30| 41 41 41 41 41 41 47 41 41 42 41 41 41 41 41 41 |AAAAAAGAABAAAAAA|
|00007e40| 41 41 44 41 41 41 67 41 41 41 41 41 41 41 42 67 |AADAAAgAAAAAAABg|
|00007e50| 41 41 51 41 41 41 41 41 41 41 41 79 41 41 41 41 |AAQAAAAAAAAyAAAA|
|00007e60| 41 41 46 65 52 34 38 65 50 32 37 73 49 41 41 43 |AAFeR48eP27sIAAC|
|00007e70| 67 68 53 49 41 41 41 41 41 41 41 43 41 41 52 41 |ghSIAAAAAAACAARA|
|00007e80| 41 41 41 41 41 41 41 44 41 41 41 67 41 41 41 41 |AAAAAAADAAAgAAAA|
|00007e90| 41 41 41 42 67 41 41 51 41 41 41 41 41 41 41 41 |AAABgAAQAAAAAAAA|
|00007ea0| 77 41 41 49 41 41 41 41 41 41 41 41 59 51 47 74 |wAAIAAAAAAAAYQGt|
|00007eb0| 37 46 77 43 4e 55 48 52 45 71 58 6b 64 46 64 6a |7FwCNUHREqXkdFdj|
|00007ec0| 64 78 64 34 6c 41 51 43 67 52 53 73 38 75 46 2b |dxd4lAQCgRSs8uF+|
|00007ed0| 70 2b 57 55 31 76 75 37 6d 30 30 31 2b 48 69 35 |p+WU1vu7m001+Hi5|
|00007ee0| 79 63 37 36 4d 68 51 49 41 34 44 49 6a 41 48 43 |yc76MhQIA4DIjAHC|
|00007ef0| 6c 4b 74 6d 72 6d 63 46 50 36 4a 56 38 52 7a 33 |lKtmrmcFP6JV8Rz3|
|00007f00| 32 77 51 59 74 69 53 49 49 59 46 4b 67 31 4c 56 |2wQYtiSIIYFKg1LV|
|00007f10| 4a 32 6c 72 71 6f 35 68 52 6f 66 4c 6a 69 78 77 |J2lrqo5hRofLjixw|
|00007f20| 41 47 46 37 4a 7a 6c 66 56 63 2f 67 47 35 64 6d |AGF7JzlfVc/gG5dm|
|00007f30| 51 31 39 4d 2f 52 4e 4e 6a 70 32 6a 4b 4d 48 2b |Q19M/RNNjp2jKMH+|
|00007f40| 35 4e 58 76 4a 4c 6a 66 71 53 41 41 77 4f 71 59 |5NXvJLjfqSAAwOqY|
|00007f50| 41 58 4b 6d 4b 6a 69 6b 39 58 35 4c 4b 6c 46 74 |AXKmKjik9X5LKlFt|
|00007f60| 55 63 34 2b 47 73 5a 51 71 65 66 35 6a 43 6e 70 |Uc4+GsZQqef5jCnp|
|00007f70| 34 6f 57 59 38 2f 6f 78 75 66 43 70 52 68 66 59 |4oWY8/oxufCpRhfY|
|00007f80| 75 45 67 44 41 37 67 72 7a 63 6d 31 71 2f 45 74 |uEgDA7grzcm1q/Et|
|00007f90| 53 58 6d 61 4b 5a 6b 32 59 70 41 35 52 4c 79 6b |SXmaKZk2YpA5RLyk|
|00007fa0| 75 70 31 6d 4c 64 5a 6e 5a 73 34 34 73 56 57 46 |up1mLdZnZs44sVWF|
|00007fb0| 52 73 55 6f 75 32 2f 55 41 41 44 55 68 41 49 43 |RsUou2/UAADUhAIC|
|00007fc0| 72 79 43 6e 6c 70 75 56 65 2b 6a 55 78 55 39 6e |ryCnlpuVe+jUxU9n|
|00007fd0| 32 4b 77 77 41 6f 4d 55 4a 30 72 4a 64 6d 2f 58 |2KwwAoMUJ0rJdm/X|
|00007fe0| 7a 6b 57 72 2f 76 6c 6d 6d 7a 7a 62 4f 30 37 74 |zkWr/vlmmzzbO07t|
|00007ff0| 7a 49 6a 58 59 70 79 4c 72 6e 73 30 61 47 66 57 |zIjXYpyLrns0aGfW|
+--------+-------------------------------------------------+----------------+
&amp#27;[35m22-11-29 16:05:21:583&amp#27;[m [&amp#27;[30mTRACE&amp#27;[m] [id: 0xb21da692, L:/127.0.0.1:52679 - R:localhost/127.0.0.1:44632] READ COMPLETE
&amp#27;[35m22-11-29 16:05:21:586&amp#27;[m [&amp#27;[30mTRACE&amp#27;[m] [id: 0xb21da692, L:/127.0.0.1:52679 - R:localhost/127.0.0.1:44632] READ: 18527B
         +-------------------------------------------------+
         |  0  1  2  3  4  5  6  7  8  9  a  b  c  d  e  f |
+--------+-------------------------------------------------+----------------+
|00000000| 30 56 6c 38 31 51 51 44 37 31 5a 47 70 69 79 65 |0Vl81QQD71ZGpiye|
|00000010| 70 67 2b 38 51 2b 63 33 59 54 6d 41 65 41 4f 79 |pg+8Q+c3YTmAeAOy|
|00000020| 4d 41 41 43 75 49 75 36 4b 6e 6a 70 47 49 5a 49 |MAACuIu6KnjpGIZI|
|00000030| 6b 52 39 30 33 4a 30 61 42 64 69 34 52 41 4b 41 |kR903J0aBdi4RAKA|
|00000040| 6c 63 5a 53 7a 71 34 76 63 71 76 2f 7a 38 56 64 |lcZSzq4vcqv/z8Vd|
|00000050| 45 57 4b 6a 47 54 58 31 42 43 64 39 73 30 4f 62 |EWKjGTX1BCd9s0Ob|
|00000060| 70 33 65 51 70 53 66 6b 70 75 6e 2f 79 59 71 56 |p3eQpSfkpun/yYqV|
|00000070| 65 46 56 33 58 39 71 6f 6a 43 35 53 2b 30 78 52 |eFV3X9qojC5S+0xR|
|00000080| 46 79 63 73 2f 78 53 67 41 41 4c 41 7a 31 67 44 |Fycs/xSgAALAz1gD|
|00000090| 41 56 63 55 35 2b 45 6b 6c 35 30 35 57 6f 56 6a |AVcU5+Ekl505WoVj|
|000000a0| 49 43 51 44 51 45 4f 36 4b 6a 6e 31 54 63 61 36 |ICQDQEO6Kjn1Tca6|
|000000b0| 54 64 50 73 4c 4f 64 4b 65 6c 5a 71 35 4c 6b 59 |TdPsLOdKelZq5LkY|
|000000c0| 4a 34 37 33 74 58 62 42 47 6f 34 34 45 41 44 41 |J473tXbBGo44EADA|
|000000d0| 43 41 46 63 66 5a 37 37 59 41 41 41 61 77 30 6d |CAFcfZ77YAAAaw0m|
|000000e0| 68 55 2f 2b 6b 4f 51 47 6d 33 37 61 73 53 72 6c |hU/+kOQGm37asSrl|
|000000f0| 36 70 70 52 52 52 77 4b 41 6f 52 45 41 41 41 41 |6ppRRRwKAoREAAAA|
|00000100| 41 71 4d 36 35 74 79 4a 47 4f 5a 70 2b 33 72 6c |AqM65tyJGOZp+3rl|
|00000110| 58 36 55 58 32 4c 51 34 41 41 45 32 42 4b 51 43 |X6UX2LQ4AAE2BKQC|
|00000120| 77 57 55 6c 52 73 55 70 4b 54 69 67 39 52 2f 4c |wWUlRsUpKTig9R/L|
|00000130| 72 33 6c 48 4f 54 6b 33 62 69 31 42 53 56 4b 79 |r3lHOTk3bi1BSVKy|
|00000140| 53 6f 6c 79 6c 35 6a 6d 71 5a 36 50 4f 58 36 72 |Solyl5jmqZ6POX6r|
|00000150| 43 45 71 63 36 6a 79 30 70 4b 5a 57 7a 73 35 4f |CEqc6jy0pKZWzs5O|
|00000160| 56 63 68 51 6f 2b 32 43 4f 63 6b 76 5a 46 78 6f |VchQo+2COckvZFxo|
|00000170| 41 6a 4d 7a 50 4a 30 68 53 69 71 52 54 4b 69 79 |AjMzPJ0hSiqRTKiy|
|00000180| 52 35 47 72 4c 55 61 55 71 4c 43 70 54 59 55 36 |R5GrLUaUqLCpTYU6|
|00000190| 57 43 6c 32 37 79 63 2f 56 55 57 36 75 6c 6e 56 |WCl27yc/VUW6ulnV|
|000001a0| 4e 66 56 33 75 4f 74 4c 61 39 51 76 7a 63 70 52 |NfV3uOtLa9QvzcpR|
|000001b0| 65 32 6c 47 42 50 75 33 6b 37 4f 6f 69 65 31 53 |e2lGBPu3k7Ooie1S|
|000001c0| 4e 6a 66 34 75 55 6c 4b 73 45 6d 63 72 5a 53 38 |Njf4uUlKsEmcrZS8|
|000001d0| 70 56 6e 5a 6d 6c 72 4b 4c 54 48 56 2f 54 78 2f |pVnZmlrKLTHV/Tx/|
|000001e0| 37 33 42 38 41 4e 44 63 43 41 4b 68 64 55 61 62 |73B8ANDcCAKhdUab|
|000001f0| 69 6c 69 37 56 33 47 55 37 6c 47 4a 6c 4a 57 54 |ili7V3GU7lGJlJWT|
|00000200| 66 66 75 47 61 4d 6d 4e 79 67 2f 64 4c 4c 73 6e |ffuGaMmNyg/dLLsn|
|00000210| 62 71 2b 56 7a 46 32 74 42 2f 41 46 6c 35 46 73 |bq+VzF2tB/AFl5Fs|
|00000220| 35 66 32 53 6b 5a 6b 36 64 72 48 46 52 76 72 61 |5f2SkZk6drHFRvra|
|00000230| 64 76 32 69 37 70 67 54 50 31 70 73 4b 30 72 75 |dv2i7pgTP1psK0ru|
|00000240| 4a 62 32 69 63 6a 37 56 4d 70 55 71 64 50 30 6c |Jb2icj7VMpUqdP0l|
|00000250| 42 4c 2b 51 6f 35 50 6b 33 74 58 56 47 62 7a 6d |BL+Qo5Pk3tXVGbzm|
|00000260| 72 51 46 75 58 4c 74 54 63 42 55 6e 61 59 75 30 |rQFuXLtTcBUnaYu0|
|00000270| 2b 49 79 4d 31 63 38 59 30 54 51 6c 7a 72 39 38 |+IyM1c8Y0TQlzr98|
|00000280| 4e 41 67 41 4d 6f 66 42 67 6f 70 59 73 57 4b 6f |NAgAMofBgopYsWKo|
|00000290| 6c 71 33 4a 30 70 50 71 4c 50 6a 35 36 61 4f 6f |lq3J0pPqLPj56aOo|
|000002a0| 30 78 59 34 50 6c 5a 39 4e 51 51 51 54 2b 39 53 |0xY4PlZ9NQQQT+9S|
|000002b0| 52 56 65 54 74 31 2f 49 46 72 32 76 75 57 6d 76 |RVeTt1/IFr2vuWmv|
|000002c0| 58 64 31 53 50 55 53 4d 30 64 2b 5a 6b 78 58 52 |Xd1SPUSM0d+ZkxXR|
|000002d0| 33 73 54 67 30 4e 36 31 79 31 45 53 42 55 69 74 |3sTg0N61y1ESBUit|
|000002e0| 48 54 78 52 6c 4b 6e 6e 6e 58 72 4f 79 4f 76 76 |HTxRlKnnnXrOyOvv|
|000002f0| 30 55 71 68 50 58 51 47 53 69 6a 70 36 38 51 35 |0UqhPXQGSijp68Q5|
|00000300| 74 79 61 79 2b 39 62 47 6a 65 6b 51 4f 30 63 79 |tyay+9bGjekQO0cy|
|00000310| 5a 6b 7a 55 78 75 49 34 36 4f 69 39 52 34 38 4a |ZkzUxuI46Oi9R48J|
|00000320| 6a 39 5a 34 69 74 58 6e 33 43 34 70 32 6c 51 6f |j9Z4itXn3C4p2lQo|
|00000330| 50 62 6c 4c 73 72 49 56 36 50 65 6d 55 65 56 36 |PblLsrIV6PemUeV6|
|00000340| 50 62 6c 71 38 64 72 6d 6d 42 4e 52 52 4e 41 43 |Pblq8drmmBNRRNAC|
|00000350| 34 77 68 41 41 51 41 31 4b 6c 62 35 32 6e 71 62 |4whAAQA1Klb52nqb|
|00000360| 4d 32 71 78 74 56 72 35 30 56 44 71 79 5a 34 64 |M2qxtVr50VDqyZ4d|
|00000370| 6d 54 64 69 68 57 54 37 68 57 76 5a 42 72 43 5a |mTdihWT7hWvZBrCZ|
|00000380| 32 74 37 57 58 6f 30 42 62 59 35 2f 57 75 41 56 |2t7WXo0BbY5/WuAV|
|00000390| 5a 74 65 37 4e 66 43 51 70 53 56 4f 54 6b 68 51 |Zte7NfCQpSVOTkhQ|
|000003a0| 62 4e 6b 52 4c 46 76 31 4a 4d 58 56 39 57 54 6d |bNkRLFv1JMXV9WTm|
|000003b0| 34 56 32 2f 6d 53 39 4a 65 5a 65 64 4a 73 70 72 |4V2/mS9JeZedJspr|
|000003c0| 2f 6c 4e 4c 33 6d 46 72 35 4b 58 75 4f 4b 50 74 |/lNL3mFr5KXuOKPt|
|000003d0| 67 70 75 62 65 4f 30 39 76 31 37 4c 56 55 32 55 |gpubeO09v17LVU2U|
|000003e0| 35 35 67 36 62 70 72 69 33 78 69 71 51 62 67 45 |55g6bpri3xiqQbgE|
|000003f0| 41 75 4f 72 6c 35 6c 39 71 79 74 66 38 33 2f 34 |AuOrl5l9qytf83/4|
|00000400| 78 4a 63 79 61 70 59 6d 4c 61 36 6e 50 63 6e 4c |xJcyapYmLa6nPcnL|
|00000410| 30 39 71 78 6e 39 50 62 38 58 70 71 2f 39 6a 56 |09qxn9Pb8Xpq/9jV|
|00000420| 4e 44 37 42 73 4d 4a 75 7a 5a 78 31 70 55 72 68 |ND7BsMJuzZx1pUrh|
|00000430| 37 73 57 49 6d 72 4b 7a 6c 4f 30 43 5a 4d 74 61 |7sWImrKzlO0CZMta|
|00000440| 74 30 63 68 31 47 7a 52 77 61 71 79 57 7a 78 6b |t0ch1GzRwaqyWzxk|
|00000450| 67 76 38 71 58 30 6c 59 6f 4f 6e 79 4a 39 6c 55 |gv8qX0lYoOnyJ9lU|
|00000460| 2f 5a 4f 63 61 6a 52 79 2b 78 6a 7a 4e 59 34 4c |/ZOcajRy+xjzNY4L|
|00000470| 32 48 70 78 61 34 34 34 45 4a 57 6e 76 61 39 79 |2Hpxa444EJWnva9y|
|00000480| 45 68 64 70 51 59 78 31 64 70 6f 79 6b 44 5a 71 |EhdpQYx1dpoykDZq|
|00000490| 55 74 45 46 4c 4a 73 56 71 39 66 79 6f 53 2b 57 |UtEFLJsVq9fyoS+W|
|000004a0| 6f 4c 6d 65 2f 33 73 75 58 70 43 53 6c 48 70 77 |oLme/3suXpCSlHpw|
|000004b0| 74 72 7a 31 50 4b 48 72 57 41 65 76 50 4f 44 39 |trz1PKHrWAevPOD9|
|000004c0| 48 71 58 6e 46 55 70 33 76 46 51 42 63 57 56 67 |HqXnFUp3vFQBcWVg|
|000004d0| 44 41 46 61 55 4b 6e 6e 2b 4a 4e 33 30 63 47 58 |DAFaUKnn+JN30cGX|
|000004e0| 6a 76 35 30 47 54 35 71 6d 39 54 76 57 56 4e 6b |jv50GT5qm9TvWVNk|
|000004f0| 33 65 59 33 32 66 6a 42 62 63 34 61 31 4d 78 32 |3eY32fjBbc4a1Mx2|
|00000500| 53 73 30 4f 54 62 70 75 6b 75 62 74 4c 62 54 6a |Ss0OTbpukubtLbTj|
|00000510| 2f 4d 61 32 65 50 45 61 44 4b 72 2f 59 65 48 54 |/Ma2ePEaDKr/YeHT|
|00000520| 54 51 33 4e 6d 36 37 4e 64 47 79 36 64 50 32 4f |TQ3Nm67NdGy6dP2O|
|00000530| 6c 76 6c 77 35 54 51 2b 46 6d 65 5a 66 35 75 33 |lvlw5TQ+FmeZf5u3|
|00000540| 63 72 4a 46 52 6a 32 70 42 6d 69 33 6e 72 34 65 |crJFRj2pBmi3nr4e|
|00000550| 63 46 5a 6f 34 76 4b 4c 78 58 31 47 4f 7a 52 66 |cFZo4vKLxX1GOzRf|
|00000560| 76 63 34 4f 2b 2b 32 53 65 33 6e 30 2b 52 44 30 |vc4O++2Se3n0+RD0|
|00000570| 38 54 4e 6d 50 78 43 39 55 39 4c 30 72 72 70 49 |8TNmPxC9U9L0rrpI|
|00000580| 74 6f 51 41 41 4e 63 76 55 31 6c 57 35 70 68 2f |toQAANcvU1lW5ph/|
|00000590| 44 77 68 58 6f 61 53 33 50 4d 61 32 65 50 45 46 |DwhXoaS3PMa2ePEF|
|000005a0| 44 4b 68 72 2f 6e 76 34 68 6d 72 39 79 6d 51 34 |DKhr/nv4hmr9ymQ4|
|000005b0| 66 32 61 79 66 63 33 66 71 37 4a 48 4e 4f 72 62 |f2ayfc3fq7JHNOrb|
|000005c0| 72 44 62 33 37 66 4a 42 38 4a 53 6e 2f 67 47 61 |rDb37fJB8JSn/gGa|
|000005d0| 45 50 31 5a 48 58 64 6b 43 36 73 69 38 54 5a 70 |EP1ZHXdkC6si8TZp|
|000005e0| 34 56 30 58 6a 33 36 4f 62 48 76 70 48 72 50 5a |4V0Xj36ObHvpHrPZ|
|000005f0| 2b 59 37 71 6e 38 6c 7a 54 39 54 39 37 61 34 78 |+Y7qn8lzT9T97a4x|
|00000600| 47 2b 45 68 53 6d 62 59 74 6e 71 32 49 78 78 4f |G+EhSmbYtnq2IxxO|
|00000610| 56 57 33 6d 38 66 35 41 6d 52 6e 61 55 31 55 64 |VW3m8f5AmRnaU1Ud|
|00000620| 6d 70 70 30 47 6a 2b 34 74 72 78 70 65 4c 64 6e |mpp0Gj+4trxpeLdn|
|00000630| 39 75 69 4c 43 4b 78 76 2f 37 54 52 34 36 6a 4d |9uiLCKxv/7TR46jM|
|00000640| 56 7a 79 46 4a 35 59 56 4a 70 75 38 69 56 5a 35 |VzyFJ5YVJpu8iVZ5|
|00000650| 44 79 72 4a 59 68 55 37 65 5a 4e 4f 43 6a 63 6d |DyrJYhU7eZNOCjcm|
|00000660| 4c 5a 31 63 30 2f 74 74 70 78 4e 52 6e 71 6e 33 |LZ1c0/ttpxNRnqn3|
|00000670| 48 4d 66 31 62 45 6b 58 6a 48 38 42 56 71 42 78 |HMf1bEkXjH8BVqBx|
|00000680| 58 70 74 7a 34 38 68 47 75 2f 63 76 6c 32 72 39 |Xptz48hGu/cvl2r9|
|00000690| 38 78 41 66 48 6d 2f 54 55 68 7a 39 34 71 74 79 |8xAfHm/TUhz94qty|
|000006a0| 7a 34 74 79 4b 2f 48 76 35 35 74 7a 61 38 78 2f |z4tyK/Hv55tza8x/|
|000006b0| 37 5a 45 48 35 51 50 2b 4b 2f 50 35 50 6c 62 39 |7ZEH5QP+K/P5Plb9|
|000006c0| 37 70 4c 62 63 4a 65 56 66 2f 75 4e 2b 55 31 37 |7pLbcJeVf/uN+U17|
|000006d0| 58 2f 75 57 2b 55 39 65 58 66 31 64 59 65 2f 37 |X/uW+U9eXf1dYe/7|
|000006e0| 76 50 6e 69 78 50 4b 53 79 50 50 37 50 6c 57 2b |vPnixPKSyPP7PlW+|
|000006f0| 75 4c 66 2b 75 42 52 66 50 50 57 64 58 54 5a 6d |uLf+uBRfPPWdXTZm|
|00000700| 4f 6c 37 38 37 76 76 2f 46 66 48 4c 74 58 78 34 |Ol787vv/FfHLtXx4|
|00000710| 79 2f 5a 50 79 77 37 55 56 6f 2f 42 67 2b 62 4a |y/ZPyw7UVo/Bg+bJ|
|00000720| 4a 67 79 37 6c 2f 38 65 33 35 57 64 72 79 77 38 |Jgy7l/8e35Wdryw8|
|00000730| 41 64 76 4c 54 54 7a 2f 5a 75 77 67 74 7a 72 45 |AdvLTTz/ZuwgtzrE|
|00000740| 50 6e 71 72 34 2f 2f 75 70 38 6e 66 72 71 4e 4e |Pnqr4//up8nfrqNN|
|00000750| 4d 7a 4f 75 71 77 53 74 2f 74 4a 70 6e 37 38 55 |MzOuqwSt/tJpn78U|
|00000760| 38 67 38 6f 48 50 76 39 6c 2b 63 2b 31 6e 66 4a |8g8oHPv9l+c+1nfJ|
|00000770| 49 66 50 6c 44 41 58 58 56 5a 53 32 68 6a 69 77 |IfPlDAXXVZS2hjiw|
|00000780| 76 33 37 74 6f 64 45 57 2b 2b 38 76 6e 37 43 71 |v37todEW++8vn7Cq|
|00000790| 70 35 59 51 2f 6c 72 39 37 73 57 35 38 71 6e 79 |p5YQ/lr97sW58qny|
|000007a0| 39 31 57 64 62 70 63 34 64 48 31 39 2b 72 4c 62 |91Wdbpc4dH19+rLb|
|000007b0| 62 71 53 72 33 6b 2f 4c 37 4b 72 39 62 42 4d 77 |bqSr3k/L7Kr9bBMw|
|000007c0| 73 58 35 5a 52 57 7a 6c 4f 6c 6e 2f 35 6a 34 63 |sX5ZRWzlOln/5j4c|
|000007d0| 75 66 6e 63 4a 57 58 54 51 65 72 59 71 39 32 2f |ufncJWXTQerYq92/|
|000007e0| 72 64 78 77 41 61 45 6d 4b 69 6f 6f 61 2f 59 38 |rdxwAaEmKiooa/Y8|
|000007f0| 52 41 44 43 58 74 30 6e 54 48 30 34 78 39 54 72 |RADCXt0nTH04x9Tr|
|00000800| 30 47 36 4d 76 4e 7a 36 72 36 44 70 43 2b 46 35 |0G6MvNz6r6DpC+F5|
|00000810| 52 54 79 70 68 35 52 69 46 53 46 4a 2b 69 75 36 |RTyph5RiFSFJ+iu6|
|00000820| 66 74 65 6c 53 4c 30 41 31 4a 62 75 58 61 4d 6f |ftelSL0A1JbuXaMo|
|00000830| 4c 70 6e 46 38 6e 71 4e 6d 61 2b 75 69 47 50 57 |LpnF8nqNma+uiGPW|
|00000840| 73 64 54 36 6b 6b 33 71 4f 2f 70 4e 57 76 78 56 |sdT6kk3qO/pNWvxV|
|00000850| 69 36 6b 6e 49 54 39 4c 45 75 63 6c 71 79 67 35 |i6knIT9LEuclqyg5|
|00000860| 34 7a 31 47 7a 61 78 38 79 4b 45 6d 75 2f 70 71 |4z1Gzax8yKEmu/pq|
|00000870| 34 36 41 33 4e 36 57 66 36 4e 65 57 46 46 55 70 |46A3N6Wf6NeWFFUp|
|00000880| 67 52 57 67 41 75 41 6f 56 4b 43 48 32 4d 63 56 |gRWgAuAoVKCH2McV|
|00000890| 55 31 46 58 71 4e 30 46 7a 52 33 6c 62 5a 73 76 |U1FXqN0FzR3lbZsv|
|000008a0| 5a 72 4a 6b 56 65 55 4b 65 66 30 4d 4a 73 61 47 |ZrJkVeUKef0MJsaG|
|000008b0| 31 7a 38 50 33 47 61 72 6c 47 35 2f 52 59 45 6e |1z8P3GarlG5/RYEn|
|000008c0| 4b 54 39 4c 4d 56 5a 6b 57 57 56 70 47 48 56 6d |KT9LMVZkWWVpGHVm|
|000008d0| 67 39 4a 30 56 74 66 69 77 42 7a 51 75 75 4c 61 |g9J0VtfiwBzQuuLa|
|000008e0| 70 66 64 34 61 74 33 53 4e 76 6c 77 30 51 59 74 |pfd4at3SNvlw0QYt|
|000008f0| 58 54 71 76 7a 2b 34 4c 74 53 72 56 31 77 63 75 |XTqvz+4LtSrV1wcu|
|00000900| 6d 34 66 6f 65 49 58 70 33 34 35 77 36 70 68 69 |m4foeIXp345w6phi|
|00000910| 36 4b 48 54 47 6d 31 6f 39 74 57 49 6b 77 4b 79 |6KHTGm1o9tWIkwKy|
|00000920| 6c 69 71 75 72 6a 76 59 49 30 62 74 4c 36 2f 36 |liqurjvYI0btL6/6|
|00000930| 4f 41 77 42 58 47 77 49 41 4d 4a 4f 36 62 71 6b |OAwBXGwIAMJO6bqk|
|00000940| 32 53 4a 4a 38 4e 48 2f 2b 6b 77 71 31 63 61 36 |2SJJ8NH/+kwq1ca6|
|00000950| 37 63 2f 43 54 57 72 32 6f 6c 2b 6d 58 2b 48 6c |7c/CTWr2ol+mX+Hl|
|00000960| 61 76 74 74 61 72 6d 49 6c 4c 46 74 6a 6d 68 50 |avttarmIlLFtjmhP|
|00000970| 6f 45 61 6e 6c 38 34 66 57 33 75 69 75 77 6d 2f |oEanl84fW3uiuwm/|
|00000980| 30 79 78 63 72 39 72 7a 46 53 37 57 36 6c 76 6e |0yxcr9rzFS7W6lvn|
|00000990| 36 39 64 4e 4c 63 32 4e 74 4c 49 64 7a 62 30 32 |69dNLc2NtLIdzb02|
|000009a0| 50 48 56 45 78 70 48 47 48 6c 69 63 57 4e 46 55 |PHVExpHGHlicWNFU|
|000009b0| 68 41 41 43 58 52 59 46 53 39 2b 7a 56 31 70 33 |hAACXRYFS9+zV1p3|
|000009c0| 57 2f 69 56 71 65 65 7a 7a 69 75 34 7a 51 6b 4d |W/iVqeezziu4zQkM|
|000009d0| 75 44 72 38 50 30 62 74 4c 70 31 70 5a 39 36 56 |uDr8P0btLp1pZ96V|
|000009e0| 55 57 35 63 75 31 42 5a 4a 38 68 69 68 75 56 4e |UW5cu1BZJ8hihuVN|
|000009f0| 37 32 37 5a 69 76 45 2b 4d 35 73 34 78 44 58 6a |727ZivE+M5s4xDXj|
|00000a00| 66 4e 7a 39 4f 57 38 31 61 36 69 32 6e 6a 72 79 |fNz9OW81a6i2njry|
|00000a10| 34 51 55 35 52 39 51 58 33 72 48 46 58 36 50 69 |4QU5R9QX3rHFX6Pi|
|00000a20| 70 6d 6a 4c 4d 74 2b 6c 57 7a 63 2f 5a 72 4c 6d |pmjLMt+lWzc/ZrLm|
|00000a30| 4c 54 64 63 65 48 44 75 74 37 73 55 4b 4a 55 6c |LTdceHDut7sUKJUl|
|00000a40| 4f 69 70 67 35 57 77 39 4a 6b 6e 5a 6f 53 66 79 |Oipg5Ww9JknZoSfy|
|00000a50| 78 57 6e 50 66 4d 6d 4f 4b 6a 65 63 46 67 4b 73 |xWnPfMmOKjecFgKs|
|00000a60| 4c 41 51 42 55 55 57 57 2b 34 2f 6a 4a 6d 6c 6a |LAQBUUWW+4/jJmlj|
|00000a70| 50 6c 57 2f 39 68 6f 32 74 71 48 6a 4c 74 47 44 |PlW/9ho2tqHjLtGD|
|00000a80| 6e 66 73 73 4d 65 53 6c 61 76 63 72 30 34 79 30 |nfssMeSlavcr04y0|
|00000a90| 7a 48 6c 42 30 50 56 5a 43 6c 70 77 55 4d 58 57 |zHlB0PVZClpwUMXW|
|00000aa0| 61 42 6b 71 53 44 69 68 75 64 78 4d 31 76 73 4f |aBkqSDihudxM1vsO|
|00000ab0| 47 4b 71 49 65 58 77 43 63 77 36 49 30 73 65 4c |GKqIeXwCcw6I0seL|
|00000ac0| 6e 44 58 73 79 6d 33 51 6b 41 67 43 67 75 57 58 |nDXsym3QkAgCguWX|
|00000ad0| 70 6c 51 6c 50 61 4e 42 77 61 2f 39 69 4e 61 6e |plQlPaNBwa/9iNan|
|00000ae0| 4b 54 6a 43 65 59 55 4f 30 50 76 47 31 47 68 71 |KTjCeYUO0PvG1Ghq|
|00000af0| 4a 57 55 70 65 5a 57 71 67 33 6a 49 6a 52 68 48 |JWUpeZWqg3jIjRhH|
|00000b00| 31 61 50 6b 47 68 73 58 6f 46 6b 6e 4b 33 36 7a |1aPkGhsXoFknK36z|
|00000b10| 6b 71 6f 4d 41 57 6b 77 64 36 61 37 41 71 49 71 |kqoMAWkwd6a7AqIq|
|00000b20| 41 2f 73 34 56 6d 6c 74 48 51 37 6f 35 35 4f 37 |A/s4VmltHQ7o55O7|
|00000b30| 65 59 51 71 75 4b 46 78 54 68 76 6e 61 66 71 42 |eYQquKFxThvnafqB|
|00000b40| 72 69 4d 5a 4e 4d 76 32 34 4a 58 46 2f 6a 61 4d |riMZNMv24JXF/jaM|
|00000b50| 52 4a 53 6d 36 6e 33 2f 44 43 77 67 41 56 7a 41 |RJSm6n3/DCwgAVzA|
|00000b60| 43 41 4c 67 6b 4a 31 4e 62 30 30 77 2f 6a 6f 67 |CALgkJ1Nb00w/jog|
|00000b70| 4d 71 76 2b 32 66 6c 55 71 33 72 79 6b 54 4d 74 |Mqv+2flUq3rykTMt|
|00000b80| 46 65 48 4c 32 36 7a 31 4a 6b 71 50 47 68 54 57 |FeHL26z1JkqPGhTW|
|00000b90| 67 34 76 58 70 72 5a 69 4b 6f 4d 53 47 6e 66 74 |g4vXprZiKoMSGnft|
|00000ba0| 56 57 50 38 7a 57 48 4a 31 72 47 65 50 68 59 38 |VWP8zWHJ1rGePhY8|
|00000bb0| 43 68 31 58 38 6d 48 4f 69 61 63 6f 41 41 47 68 |Ch1X8mHOiacoAAGh|
|00000bc0| 42 65 75 6e 4a 6c 63 75 55 76 72 47 57 56 66 56 |BeunJlcuUvrGWVfV|
|00000bd0| 7a 6a 69 69 35 59 6e 58 38 65 6a 63 6b 41 33 6f |zjii5YnX8ejckA3o|
|00000be0| 72 57 70 4a 55 70 75 53 44 56 52 72 71 4c 61 69 |rWpJUpuSDVRrqLai|
|00000bf0| 4f 39 42 76 31 5a 4d 57 55 74 31 79 39 4f 57 47 |O9Bv1ZMWUt1y9OWG|
|00000c00| 4d 2f 43 61 38 72 74 55 37 6a 79 69 33 71 49 6b |M/Ca8rtU7jyi3qIk|
|00000c10| 58 34 71 31 42 64 6c 71 4b 36 59 64 68 34 51 71 |X4q1BdlqK6Ydh4Qq|
|00000c20| 73 56 79 44 45 52 54 33 44 67 6b 77 2f 72 74 74 |sVyDERT3Dgkw/rtt|
|00000c30| 66 36 32 4b 41 44 64 6d 36 47 41 43 75 42 6d 77 |f62KADdm6GACuBmw|
|00000c40| 44 69 45 76 79 4d 69 75 47 2f 30 75 68 50 67 33 |DiEvyMiuG/0uhPg3|
|00000c50| 5a 37 39 35 46 58 6a 36 4f 6b 73 71 6b 6e 55 65 |Z795FXj6OksqknUe|
|00000c60| 55 4b 35 6b 4e 58 38 7a 4e 71 52 79 54 47 43 51 |UK5kNX8zNqRyTGCQ|
|00000c70| 2f 6a 34 59 55 73 4b 50 38 2f 43 57 6c 53 63 6f |/j4YUsKP8/CWlSco|
|00000c80| 2f 52 65 38 37 41 4b 43 65 67 72 52 73 31 38 75 |/Re87AKCegrRs18u|
|00000c90| 4b 73 5a 6a 33 66 55 4a 78 6a 30 2f 51 70 48 68 |KsZj3fUJxj0/QpHh|
|00000ca0| 4a 4f 69 55 76 48 35 2f 61 47 34 68 56 36 73 74 |JOiUvH5/aG4hV6st|
|00000cb0| 58 37 67 72 54 4b 77 30 73 54 57 48 70 4b 55 6d |X7grTKw0sTWHpKUm|
|00000cc0| 6d 2b 72 5a 46 31 5a 48 4f 76 54 56 7a 37 52 76 |m+rZF1ZHOvTVz7Rv|
|00000cd0| 53 35 4b 63 31 4b 36 6c 4d 52 2b 4c 58 36 50 37 |S5Kc1K6lMR+LX6P7|
|00000ce0| 34 69 75 33 37 50 44 70 71 59 48 43 51 51 6f 65 |4iu37PDpqYHCQQoe|
|00000cf0| 46 61 31 78 59 75 41 4a 39 62 4e 33 2b 31 31 59 |Fa1xYuAJ9bN3+11Y|
|00000d00| 46 79 71 34 63 47 52 48 2f 73 6d 35 30 65 37 6d |Fyq4cGRH/sm50e7m|
|00000d10| 42 35 79 6c 54 53 59 6c 71 32 37 38 52 41 41 79 |B5ylTSYlq278RAAy|
|00000d20| 4a 45 51 42 6f 55 6c 34 2b 46 5a 46 33 35 5a 6a |JEQBoUl4+FZF35Zj|
|00000d30| 32 47 47 35 53 37 76 4b 71 6e 4a 59 51 62 32 57 |2GG5S7vKqnJYQb2W|
|00000d40| 45 41 51 41 41 74 58 4b 55 73 36 75 4c 33 43 7a |EAQAAtXKUs6uL3Cz|
|00000d50| 2b 2b 57 72 69 6e 49 6f 46 2b 70 53 6a 57 54 50 |++WrinIoF+pSjWTP|
|00000d60| 57 4b 50 55 79 6c 4d 62 4e 71 56 30 54 6e 71 32 |WKPUylMbNqV0Tnq2|
|00000d70| 4a 36 30 6a 58 49 4d 31 63 2b 36 6d 4f 66 54 4a |J60jXIM1c+6mOfTJ|
|00000d80| 62 63 38 62 37 36 4f 4a 41 2f 50 77 54 32 68 61 |bc8b76OJA/PwT2ha|
|00000d90| 66 70 46 63 65 6a 31 56 51 6e 30 68 35 44 58 39 |fpFcej1VQn0h5DX9|
|00000da0| 4a 71 77 38 57 4e 2f 5a 71 54 63 2f 44 55 63 34 |Jqw8WN/ZqTc/DUc4|
|00000db0| 30 2f 67 48 41 41 69 4d 41 30 4b 53 79 63 79 71 |0/gHAAiMA0KSycyq|
|00000dc0| 47 37 63 6c 48 66 6b 32 2b 73 6d 36 42 73 76 63 |G7clHfk2+sm6Bsvc|
|00000dd0| 30 39 54 6b 42 41 46 44 46 41 6e 33 76 61 38 75 |09TkBAFDFAn3va8u|
|00000de0| 73 48 47 6e 50 45 73 31 63 46 61 36 45 38 58 58 |sHGnPEs1cFa6E8XX|
|00000df0| 4e 50 2f 66 52 48 39 39 71 32 45 72 79 7a 68 34 |NP/fRH99q2Eryzh4|
|00000e00| 2b 43 75 7a 65 6b 4e 46 32 4e 57 6d 65 4f 74 49 |+CuzekNF2NWmeOtI|
|00000e10| 72 65 4b 68 6d 42 67 2f 56 7a 45 57 6c 4b 73 7a |reKhmBg/VzEWlKsz|
|00000e20| 4c 56 58 70 6d 70 74 49 54 64 32 68 31 2f 41 35 |LVXpmptITd2h1/A5|
|00000e30| 74 79 53 78 54 33 73 37 4e 75 76 2b 32 48 55 70 |tySxT3s7Nuv+2HUp|
|00000e40| 59 75 55 7a 4c 68 31 6e 5a 4c 61 45 78 78 6b 2f |YuUzLh1nZLaExxk/|
|00000e50| 54 5a 2b 4d 62 4d 6c 65 2f 6e 66 7a 36 2b 64 75 |TZ+MbMle/nfz6+du|
|00000e60| 38 69 43 49 41 47 41 6b 42 41 46 7a 69 34 36 38 |8iCIAGAkBAFzi468|
|00000e70| 52 6b 6a 5a 49 53 73 34 35 4a 67 58 58 74 79 4b |RkjZISs45JgXXtyK|
|00000e80| 76 38 75 55 6a 7a 46 64 65 31 56 37 31 38 76 47 |v8uUjzFde1V718vG|
|00000e90| 52 6c 43 4a 70 72 37 4a 7a 4a 4e 58 37 43 31 4f |RlCJpr7JzJNX7C1O|
|00000ea0| 75 73 71 33 75 4c 67 41 41 51 4f 4d 46 54 76 71 |usq3uLgAAQOMFTvq|
|00000eb0| 54 35 71 78 39 54 4c 50 32 53 46 73 65 58 36 6a |T5qx9TLP2SFseX6j|
|00000ec0| 56 59 54 55 73 41 6e 69 78 76 73 78 52 69 57 63 |VYTUsAnixvsxRiWc|
|00000ed0| 76 52 59 51 31 66 68 68 38 79 36 38 6a 6e 65 54 |vRYQ1fhh8y68jneT|
|00000ee0| 6d 36 61 74 51 54 31 2b 46 68 6b 56 70 59 71 79 |m6atQT1+FhkVpYqy|
|00000ef0| 55 75 2f 74 39 7a 58 78 34 6f 64 37 4f 4f 61 57 |Uu/t9zXx4od7OOaW|
|00000f00| 33 4a 38 78 54 64 4d 5a 72 47 74 66 6f 34 4c 2b |3J8xTdMZrGtfo4L+|
|00000f10| 37 2f 50 70 4a 69 70 65 55 34 79 69 2f 73 43 41 |7/PpJipeU4yi/sCA|
|00000f20| 61 38 67 44 51 68 4a 67 43 67 45 73 38 2f 52 56 |a8gDQhJgCgEs8/RV|
|00000f30| 52 75 59 44 51 71 70 54 36 44 78 38 73 32 71 75 |RuYDQqpT6Dx8s2qu|
|00000f40| 45 2b 49 70 54 52 56 71 4a 76 48 63 50 30 6d 4f |E+IpTRVqJvHcP0mO|
|00000f50| 53 70 44 4b 74 33 6d 4f 35 2f 33 47 64 30 76 5a |SpDKt3mO5/3Gd0vZ|
|00000f60| 71 64 58 37 39 44 77 4d 41 77 43 62 4f 76 54 56 |qdX79DwMAwCbOvTV|
|00000f70| 39 7a 68 69 46 53 4a 4a 53 4e 44 30 32 30 66 70 |9zhiFSJJSND020fp|
|00000f80| 4b 38 6c 58 71 79 39 57 4a 42 35 70 6d 54 5a 6f |K8lXqy9WJB5pmTZo|
|00000f90| 72 73 49 37 30 43 68 36 72 35 52 73 72 70 30 36 |rsI70Ch6r5Rsrp06|
|00000fa0| 6b 61 45 6e 53 6b 54 71 50 73 65 56 5a 39 51 79 |kaEnSkTqPseVZ9Qy|
|00000fb0| 49 4e 50 32 77 63 35 4f 32 4e 74 6d 32 76 77 41 |INP2wc5O2Ntm2vwA|
|00000fc0| 41 69 51 41 41 7a 50 67 72 5a 6d 72 46 31 6a 39 |AiQAAzPgrZmrF1j9|
|00000fd0| 4a 43 37 56 67 5a 33 31 57 2b 79 31 56 38 76 77 |JC7VgZ31W+y1V8vw|
|00000fe0| 6c 65 6c 75 53 35 4b 57 5a 55 62 30 74 73 37 67 |leluS5KWZUb0ts7g|
|00000ff0| 47 4b 58 71 38 36 63 64 39 73 35 62 55 63 35 2f |GKXq86cd9s5bUc5/|
|00001000| 69 41 73 58 4e 58 32 72 61 48 78 6b 41 67 47 62 |iAsXNX2raHxkAgGb|
|00001010| 69 48 44 78 46 43 36 61 62 78 72 44 6c 72 58 74 |iHDxFC6abxrDlrXt|
|00001020| 5a 73 59 6e 57 35 72 66 37 4b 32 4a 38 52 5a 34 |ZsYnW5rf7K2J8RZ4|
|00001030| 46 69 2b 74 5a 6e 39 58 67 53 71 30 6a 66 59 49 |Fi+tZn9XgSq0jfYI|
|00001040| 30 4c 73 7a 30 34 37 61 38 55 31 59 79 75 4a 73 |0Lsz047a8U1YyuJs|
|00001050| 57 4a 35 53 6b 2b 50 33 4b 74 69 45 43 34 42 59 |WJ5Sk+P3KtiEC4BY|
|00001060| 63 58 72 47 74 38 41 48 4e 58 4a 7a 4d 6f 72 38 |cXrGt8AHNXJzMor8|
|00001070| 41 30 49 51 49 41 4d 43 4d 33 36 6a 4a 65 74 4a |A0IQIAMCM36jJetJ|
|00001080| 44 6b 73 72 30 2b 75 54 5a 4e 6e 38 42 79 55 36 |Dksr0+uTZNn8ByU6|
|00001090| 63 70 2b 6b 4c 54 50 30 6b 6e 70 4f 6d 61 57 4b |cp+kLTP0knpOmaWK|
|000010a0| 41 74 56 77 75 69 70 34 30 78 72 54 2f 73 56 49 |AtVwuip40xrT/sVI|
|000010b0| 30 50 54 5a 4f 36 54 62 57 36 74 6c 72 58 39 61 |0PTZO6TbW6tlrX9a|
|000010c0| 55 64 57 57 32 5a 51 59 41 6f 4d 47 63 46 44 72 |UdWW2ZQYAoMGcFDr|
|000010d0| 7a 6d 59 74 31 34 5a 75 50 4c 39 46 57 4b 33 56 |zmYt14ZuPL9FWK3V|
|000010e0| 56 34 50 68 70 65 73 78 44 6b 67 35 6f 30 75 54 |V4PhpesxDkg5o0uT|
|000010f0| 58 6c 64 7a 6f 56 6d 6f 4c 71 53 4e 4c 4d 72 58 |XldzoVmoLqSNLMrX|
|00001100| 6b 38 59 6d 61 75 44 54 54 74 6f 5a 33 79 54 47 |k8YmauDTTtoZ3yTG|
|00001110| 6c 37 6a 54 39 57 4e 50 6f 2f 35 37 42 34 52 55 |l7jT9WNPo/57B4RU|
|00001120| 2f 62 64 62 71 6e 54 59 73 47 4f 67 61 70 65 6c |/bdbqnTYsGOgapel|
|00001130| 7a 54 48 4d 76 38 68 62 50 31 73 53 31 78 32 77 |zTHMv8hbP1sS1x2w|
|00001140| 70 43 51 44 41 42 67 51 41 59 4d 34 35 56 48 4f |pCQDABgQAYM45VHO|
|00001150| 58 6a 6a 42 56 34 76 6b 70 75 6a 2f 71 55 63 33 |XjjBV4vkpuj/qUc3|
|00001160| 64 57 56 44 4c 41 63 56 4b 58 7a 56 4c 45 66 64 |dWVDLAcVKXzVLEfd|
|00001170| 75 56 6f 6f 6b 65 59 52 6f 79 63 77 42 4e 57 36 |uVookeYRoycwBNW6|
|00001180| 66 35 42 77 38 52 55 75 65 72 36 6a 55 31 38 31 |f5Bw8RUuer6jU181|
|00001190| 54 78 4c 32 76 4b 36 48 57 33 51 49 4b 74 48 58 |TxL2vK6HW3QIKtHX|
|000011a0| 2b 6f 77 70 39 4f 45 56 35 6b 63 39 6f 32 66 51 |+owp9OEV5kc9o2fQ|
|000011b0| 47 33 42 4d 41 41 50 58 68 48 4b 72 59 52 5a 45 |G3BMAAPXhHKrYRZE|
|000011c0| 56 64 65 45 47 54 5a 2b 37 31 37 49 78 37 44 70 |VdeEGTZ+717Ix7Dp|
|000011d0| 41 73 66 4e 44 54 48 6e 32 72 4e 48 74 64 61 36 |AsfNDTHn2rNHtda6|
|000011e0| 47 58 36 7a 30 74 53 38 70 6f 6e 75 59 76 49 61 |GX6z0tS8ponuYvIa|
|000011f0| 2f 62 33 57 58 67 5a 5a 51 52 2b 62 47 4c 39 48 |/b3WXgZZQR+bGL9H|
|00001200| 55 56 56 6c 36 2b 36 6c 4a 69 70 69 52 57 45 65 |UVVl6+6lJipiRWEe|
|00001210| 50 66 59 47 32 7a 6c 32 6f 31 79 58 56 4f 50 70 |PfYG2zl2o1yXVOPp|
|00001220| 50 6b 6c 76 6b 69 43 6f 42 6c 61 65 31 49 4b 33 |PklvkiCoBlae1IK3|
|00001230| 75 49 45 44 67 70 44 39 70 54 6a 2f 54 4d 65 38 |uIEDgpD9pTj/TMe8|
|00001240| 39 50 45 48 52 38 2f 64 61 6e 34 35 52 4b 57 2b |9PEHR8/dan45RKW+|
|00001250| 76 46 6b 79 49 56 69 75 33 61 45 32 78 4f 6d 6f |vFkyIViu3aE2xOmo|
|00001260| 44 41 43 43 78 43 4f 42 56 49 54 74 2b 71 52 62 |DACCxCOBVITt+qRb|
|00001270| 6b 4e 32 41 72 49 53 64 2f 52 59 2b 50 55 73 39 |kN2ArISd/RY+PUs9|
|00001280| 71 32 2b 51 34 68 7a 32 72 35 4c 64 79 54 56 38 |q2+Q4hz2r5LdyTV8|
|00001290| 6f 38 67 39 6f 31 76 41 52 57 68 49 5a 71 65 6e |o8g9o1vARWhIZqen|
|000012a0| 6a 68 79 6a 51 78 31 73 39 75 7a 73 71 4e 2b 32 |jhyjQx1s9uzsqN+2|
|000012b0| 49 30 74 4d 32 61 2f 6e 69 4a 47 32 70 48 43 58 |I0tM2a/niJG2pHCX|
|000012c0| 67 45 61 4a 6c 47 36 33 74 72 32 78 32 55 59 58 |gEaJlG63tr2x2UYX|
|000012d0| 4f 65 45 33 72 4d 79 64 70 35 4b 70 54 79 74 75 |OeE3rMydp5KpTytu|
|000012e0| 35 52 6b 4e 36 62 46 43 50 55 55 4d 30 63 33 53 |5RkN6bFCPUUM0c3S|
|000012f0| 55 2f 48 79 38 46 4f 68 52 70 76 54 4d 59 38 71 |U/Hy8FOhRpvTMY8q|
|00001300| 75 65 6e 36 50 45 4c 30 37 50 30 5a 2b 61 2b 66 |uen6PEL07P0Z+a+f|
|00001310| 56 2f 7a 34 42 41 4b 67 6e 74 36 68 70 57 6a 4a |V/z4BAKgnt6hpWjJ|
|00001320| 71 68 30 61 75 4b 39 4f 2b 42 61 39 71 77 65 68 |qh0auK9O+Ba9qweh|
|00001330| 6c 6d 68 6c 67 76 74 69 66 31 37 43 58 6c 54 44 |lmhlgvtif17CXlTD|
|00001340| 6e 43 55 58 50 4f 71 43 38 50 5a 74 31 2f 32 31 |nCUXPOqC8PZt1/21|
|00001350| 4a 69 68 30 31 51 72 48 6a 6f 78 51 59 34 43 4d |Jih01QrHjoxQY4CM|
|00001360| 76 5a 36 6b 77 4a 30 75 70 61 59 6c 61 50 58 2b |vZ6kwJ0upaYlaPX+|
|00001370| 7a 33 73 75 73 36 4b 58 33 71 61 6d 33 33 76 35 |z3sus6KX3qam33v5|
|00001380| 31 70 46 66 59 43 44 33 57 4c 30 56 76 37 70 46 |1pFfYCD3WL0Vv7pF|
|00001390| 53 6c 73 58 71 78 76 69 46 75 6d 2f 30 41 34 71 |SlsXqxviFum/0A4q|
|000013a0| 4a 39 4a 65 66 6a 34 39 36 75 70 35 53 65 75 59 |J9Jefj496up5SeuY|
|000013b0| 4a 35 65 61 59 33 31 50 4e 6f 2f 38 6b 4f 59 64 |J5eaY31PNo/8kOYd|
|000013c0| 71 35 76 77 51 72 5a 35 67 2b 6c 34 78 49 33 79 |q5vwQrZ5g+l4xI3y|
|000013d0| 49 46 76 54 72 70 6f 6a 67 45 41 58 36 53 46 35 |IFvTrpojgEAX6SF5|
|000013e0| 68 6b 7a 57 75 32 72 4f 56 63 32 2f 4e 58 50 71 |hkzWu2rOVc2/NXPq|
|000013f0| 79 73 69 66 50 31 70 74 37 79 72 54 6c 68 53 66 |ysifP1pt7yrTlhSf|
|00001400| 6b 76 61 79 58 48 70 73 2b 56 75 4f 43 65 79 76 |kvayXHps+VuOCeyv|
|00001410| 51 70 35 31 55 63 6b 4c 70 61 66 75 56 48 42 2b |Qp51UckLpafuVHB+|
|00001420| 6e 42 63 73 4f 79 4c 51 43 67 57 4f 6a 6e 77 45 |nBcsOyLQCgWOjnwE|
|00001430| 41 58 4d 30 49 41 46 77 46 39 71 33 62 6f 42 6e |AXM0IAFwF9q3boBn|
|00001440| 72 47 6e 62 73 38 6c 4a 66 70 55 36 31 33 47 4c |rGnbs8lJfpU613GL|
|00001450| 48 62 2f 52 72 53 75 2f 2b 76 69 5a 4f 57 4b 67 |Hb/RrSu/+viZOWKg|
|00001460| 4e 4f 64 4b 52 70 43 54 4e 53 45 71 71 38 54 79 |NOdKRpCTNSEqq8Ty|
|00001470| 2b 77 36 5a 6f 39 61 49 48 46 4f 70 71 79 31 57 |+w6Zo9aIHFOpqy1W|
|00001480| 39 46 62 4e 6f 70 62 34 4d 69 4e 57 34 57 58 74 |9FbNopb4MiNW4WXt|
|00001490| 31 52 47 58 4b 57 4c 64 42 6b 39 5a 74 73 4a 72 |1RGXKWLdBk9ZtsJr|
|000014a0| 62 4d 32 79 4d 56 71 39 38 55 68 47 75 42 59 70 |bM2yMVq98UhGuBYp|
|000014b0| 4c 71 30 67 63 78 76 59 2b 41 49 44 6d 35 4b 36 |Lq0gcxvY+AIDm5K6|
|000014c0| 59 32 47 63 30 59 74 33 4c 32 71 41 63 7a 5a 71 |Y2Gc0Yt3L2qAczZq|
|000014d0| 2f 51 78 4f 58 52 6c 58 62 34 63 5a 4a 67 56 50 |/QxOXRlXb4cZJgVP|
|000014e0| 2f 70 66 52 2b 4b 7a 54 78 34 53 58 61 6b 46 4f |/pfR+KzTx4SXakFO|
|000014f0| 6d 6a 48 56 72 64 50 2b 36 4e 54 57 63 30 31 45 |mjHVrdP+6NTWc01E|
|00001500| 44 70 7a 36 6a 4a 54 4f 48 71 6d 65 4e 31 37 56 |Dpz6jJTOHqmeN17V|
|00001510| 7a 48 65 6b 35 51 45 76 57 76 71 6e 41 78 35 2f |zHek5QEvWvqnAx5/|
|00001520| 57 31 50 68 54 55 76 34 4a 76 62 64 34 6f 64 35 |W1PhTUv4Jvbd4od5|
|00001530| 62 58 4e 4d 42 6a 68 6f 34 4e 56 62 4c 35 39 51 |bXNMBjho4NVbL59Q|
|00001540| 38 2b 6b 38 79 42 55 75 32 4c 6f 70 56 39 4f 4d |8+k8yBUu2LopV9OM|
|00001550| 37 64 45 54 53 6b 54 31 5a 65 6e 74 50 6c 6d 6e |7dETSkT1ZentPlmn|
|00001560| 74 6f 46 48 2b 69 72 42 34 74 70 4a 38 42 6d 6a |toFH+irB4tpJ8Bmj|
|00001570| 4a 78 70 57 4b 65 4f 46 35 54 56 2b 63 70 62 79 |JxpWKeOF5TV+cpby|
|00001580| 63 41 33 72 7a 71 56 69 39 57 64 4e 46 66 49 49 |cA3rzqVi9WdNFfII|
|00001590| 30 66 31 47 73 70 6f 65 35 31 4f 65 4f 41 63 42 |0f1Gspoe51OeOAcB|
|000015a0| 51 6d 41 4a 77 70 66 49 4d 30 73 54 78 44 65 6a |QmAJwpfIM0sTxDej|
|000015b0| 31 72 38 71 6a 6d 79 61 47 57 64 76 66 79 4d 51 |1r8qjmyaGWdvfyMQ|
|000015c0| 74 59 4b 7a 69 76 74 6d 73 37 7a 36 59 70 73 63 |tYKzivtms7z6Ypsc|
|000015d0| 69 4f 31 72 4f 37 66 50 6f 71 4d 47 54 4a 75 6a |iO1rO7fPoqMGTJuj|
|000015e0| 64 54 7a 59 6f 65 36 57 74 6a 66 39 4b 37 67 71 |dTzYoe6Wtjf9K7gq|
|000015f0| 64 2b 6f 61 79 4d 39 37 55 75 38 2b 48 61 36 42 |d+oayM97Uu8+Ha6B|
|00001600| 2f 39 59 69 39 6f 33 70 45 52 6d 72 78 42 79 75 |/9Yi9o3pERmrxByu|
|00001610| 56 76 76 46 4a 52 62 68 4b 30 67 6c 6c 56 79 36 |VvvFJRbhK0gllVy6|
|00001620| 4d 37 4e 46 4f 31 51 59 75 6d 41 52 45 61 58 36 |M7NFO1QYumAREaX6|
|00001630| 59 6f 2b 51 54 72 70 34 31 33 70 71 37 41 6f 63 |Yo+QTrp413pq7Aoc|
|00001640| 46 79 56 66 74 4e 47 4a 59 62 38 73 76 48 48 57 |FyVftNGJYb8svHHW|
|00001650| 55 4f 32 4a 38 75 48 7a 6c 71 4d 48 31 50 68 59 |UO2J8uHzlqMH1PhY|
|00001660| 41 59 41 39 65 77 55 50 30 6b 49 2f 6b 4f 79 78 |AYA9ewUP0kI/kOyx|
|00001670| 63 67 66 58 5a 70 73 35 6e 71 42 61 73 4e 50 32 |cgfXZps5nqBasNP2|
|00001680| 66 50 7a 44 59 75 38 59 47 72 6c 76 77 41 34 72 |fPzDYu8YGrlvwA4r|
|00001690| 37 5a 6f 4f 2b 66 47 75 4d 48 67 71 7a 72 43 38 |7ZoO+fGuMHgqzrC8|
|000016a0| 39 2f 58 76 70 73 54 6d 7a 39 57 58 47 5a 6d 32 |9/XvpsTmz9WXGZm2|
|000016b0| 64 4d 31 51 39 36 36 77 76 37 56 6c 48 53 6e 4c |dM1Q966wv7VlHSnL|
|000016c0| 74 72 53 6b 72 45 33 51 32 34 30 32 39 4f 79 64 |trSkrE3Q24029Oyd|
|000016d0| 53 49 2f 70 5a 2b 62 37 68 34 36 4d 52 6b 36 5a |SI/pZ+b7h46MRk6Z|
|000016e0| 70 38 7a 63 62 74 48 58 4f 41 42 73 43 44 6b 37 |p8zcbtHXOABsCDk7|
|000016f0| 71 4f 58 36 4f 73 6a 50 65 30 4c 4b 70 56 65 2b |qOX6OsjPe0LKpVe+|
|00001700| 70 6e 52 34 61 58 55 74 39 36 75 79 72 63 58 4f |pnR4aXUt96uyrcXO|
|00001710| 57 4b 2f 32 62 65 56 6f 38 4b 55 67 68 46 75 56 |WK/2beVo8KUghFuV|
|00001720| 75 70 35 44 78 49 37 54 73 67 35 58 36 2b 5a 73 |up5DxI7Tsg5X6+Zs|
|00001730| 33 4e 44 33 4d 76 65 59 69 64 41 2f 53 59 7a 36 |3ND3MveYidA/SYz6|
|00001740| 6d 6f 45 6c 6f 39 7a 6f 4c 44 41 42 58 70 56 62 |moElo9zoLDABXpVb|
|00001750| 6c 35 65 58 6c 39 69 34 45 72 68 77 6c 52 63 57 |l5eXl9i4ErhwlRcW|
|00001760| 6d 65 5a 42 4f 4c 6e 4b 7a 2b 75 32 69 4d 55 70 |meZBOLnKz+u2iMUp|
|00001770| 56 57 47 51 61 53 75 6a 73 36 6d 4c 35 35 53 55 |VWGQaSujs6mL55SU|
|00001780| 6e 54 74 46 39 35 6d 6d 4c 70 49 47 4c 56 6d 72 |nTtF95mmLpIGLVmr|
|00001790| 72 65 4e 2b 6d 4c 67 41 41 58 50 47 4f 48 7a 2b |reN+mLgAAXPGOHz+|
|000017a0| 75 54 70 30 36 32 62 73 59 68 74 66 30 39 61 57 |uTp062bsYhtf09aW|
|000017b0| 39 36 38 68 4c 31 32 2b 65 37 77 44 31 55 46 4b |968hL12+e7wD1UFK|
|000017c0| 73 77 6c 4a 4a 63 70 53 62 71 31 4e 64 75 51 48 |swlJJcpSbq1NduQH|
|000017d0| 67 71 6e 48 79 35 4d 6c 47 6e 34 4d 70 41 4b 67 |gqnHy5MlGn4MpAKg|
|000017e0| 58 71 31 38 36 36 71 75 6b 57 49 57 79 39 75 58 |Xq1866qukWIWy9uX|
|000017f0| 42 71 5a 61 4b 76 46 54 4a 61 31 64 6f 69 79 53 |BqZaKvFTJa1doiyS|
|00001800| 70 6c 79 61 47 30 66 67 48 41 4c 52 63 44 61 34 |plyaG0fgHALRcDa4|
|00001810| 76 57 32 77 64 57 64 76 31 4c 7a 4e 6e 4f 77 63 |vW2wdWdv1LzNnOwc|
|00001820| 67 41 4f 41 4b 78 68 51 41 58 46 34 48 33 31 65 |gAOAKxhQAXF4H31e|
|00001830| 6f 31 78 42 31 36 50 4e 30 76 66 59 34 4c 74 6d |o1xB16PN0vfY4Ltm|
|00001840| 39 52 4e 4e 66 71 4e 78 6d 38 41 48 46 31 44 5a |9RNNfqNxm8AHF1DZ|
|00001850| 30 45 51 43 41 4b 78 46 31 4a 41 43 67 6d 52 45 |0EQCAKxF1JACgmRE|
|00001860| 41 77 4f 58 6c 32 6c 46 2b 48 71 72 59 59 76 42 |AwOXl2lF+HqrYYvB|
|00001870| 70 4c 61 39 31 79 79 53 54 77 6f 4e 78 6d 6a 68 |pLa91yySTwoNxmjh|
|00001880| 68 7a 63 56 74 42 68 66 4d 71 48 32 68 49 51 41 |hzcVtBhfMqH2hIQA|
|00001890| 41 72 6b 6a 55 6b 51 43 41 5a 6b 59 41 41 4a 65 |ArkjUkQCAZkYAAJe|
|000018a0| 58 5a 35 53 57 72 78 79 6a 45 45 6e 4b 54 39 47 |XZ5SWrxyjEEnKT9G|
|000018b0| 6b 32 30 59 6f 34 76 48 33 6c 58 43 77 77 47 4b |k20Yo4vH3lXCwwGK|
|000018c0| 50 35 5a 4b 63 2f 56 6f 39 2f 77 6b 46 33 6a 5a |P5ZKc/Vo9/wkF3jZ|
|000018d0| 50 37 2b 56 4c 6b 6f 2f 6d 72 48 78 5a 34 2b 6a |P7+VLko/mrHxZ4+j|
|000018e0| 5a 41 41 42 63 6a 61 67 6a 41 51 44 4e 6a 45 55 |ZAABcjagjAQDNjEU|
|000018f0| 41 59 52 65 46 61 5a 65 32 47 44 54 58 54 69 48 |AYReFaZe2GDTXTiH|
|00001900| 39 70 4a 51 39 70 38 79 54 50 58 70 70 2f 74 72 |9pJQ9p8yTPXpp/tr|
|00001910| 58 4e 44 32 41 72 58 30 41 6f 44 59 73 41 6e 6a |XND2ArX0AoDYsAnj|
|00001920| 6c 6f 34 34 45 41 46 6a 54 46 49 73 41 45 67 43 |lo44EAFjTFIsAEgC|
|00001930| 41 48 52 56 6f 36 39 4b 46 6d 72 73 67 53 56 74 |AHRVo69KFmrsgSVt|
|00001940| 71 6e 4f 76 59 54 69 4f 65 66 30 5a 7a 4a 30 66 |qnOvYTiOef0ZzJ0f|
|00001950| 5a 73 47 30 53 41 49 41 41 77 4e 57 43 4f 68 49 |ZsG0SAIAAwNWCOhI|
|00001960| 41 59 49 34 41 41 4b 34 53 70 53 72 4d 79 56 46 |AYI4AAK4SpSrMyVF|
|00001970| 71 7a 68 46 6c 70 32 57 71 55 4a 4b 7a 52 35 42 |qzhFlp2WqUJKzR5B|
|00001980| 36 64 76 64 56 61 49 42 33 34 33 63 64 41 41 41 |6dvdVaIB343cdAAA|
|00001990| 44 49 51 42 77 74 61 47 4f 42 41 43 59 45 41 41 |DIQBwtaGOBACYEAA|
|000019a0| 41 41 41 42 6d 43 41 41 41 41 48 42 31 61 6f 6f |AAABmCAAAAHB1aoo|
|000019b0| 41 41 49 73 41 41 67 41 41 41 41 42 67 41 41 51 |AAIsAAgAAAABgAAQ|
|000019c0| 41 41 41 41 41 41 41 41 77 41 41 49 41 41 41 41 |AAAAAAAAwAAIAAAA|
|000019d0| 41 41 41 41 59 41 41 45 41 41 41 41 41 41 41 41 |AAAAYAAEAAAAAAAA|
|000019e0| 4d 67 41 41 41 41 41 41 41 41 41 41 47 51 41 41 |MgAAAAAAAAAAGQAA|
|000019f0| 41 41 41 41 41 41 41 41 44 49 41 41 41 41 41 41 |AAAAAAAADIAAAAAA|
|00001a00| 41 41 49 41 42 45 41 41 41 41 41 41 41 41 4d 41 |AAIABEAAAAAAAAMA|
|00001a10| 41 43 41 41 41 41 41 41 41 41 47 41 41 42 41 41 |ACAAAAAAAAGAABAA|
|00001a20| 41 41 41 41 41 41 44 41 41 41 67 41 41 41 41 41 |AAAAAADAAAgAAAAA|
|00001a30| 41 41 42 67 41 41 51 41 41 41 41 41 41 41 41 79 |AABgAAQAAAAAAAAy|
|00001a40| 41 41 41 41 41 41 41 41 41 41 41 5a 41 41 41 41 |AAAAAAAAAAAZAAAA|
|00001a50| 41 41 41 41 41 41 41 4d 67 41 41 41 41 41 41 41 |AAAAAAAMgAAAAAAA|
|00001a60| 41 67 41 45 51 41 41 41 41 41 41 41 41 77 41 41 |AgAEQAAAAAAAAwAA|
|00001a70| 49 41 41 41 41 41 41 41 41 59 41 41 45 41 41 41 |IAAAAAAAAYAAEAAA|
|00001a80| 41 41 41 41 41 4d 41 41 43 41 41 41 41 41 41 41 |AAAAAMAACAAAAAAA|
|00001a90| 41 47 41 41 42 41 41 41 41 41 41 41 41 44 49 41 |AGAABAAAAAAAADIA|
|00001aa0| 41 41 41 41 41 41 41 41 41 42 6b 41 41 41 41 41 |AAAAAAAAABkAAAAA|
|00001ab0| 41 41 41 41 41 41 79 41 41 41 41 41 41 41 41 43 |AAAAAAyAAAAAAAAC|
|00001ac0| 41 41 52 41 41 41 41 41 41 41 41 44 41 41 41 67 |AARAAAAAAAADAAAg|
|00001ad0| 41 41 41 41 41 41 41 42 67 41 41 51 41 41 41 41 |AAAAAAABgAAQAAAA|
|00001ae0| 41 41 41 41 77 41 41 49 41 41 41 41 41 41 41 41 |AAAAwAAIAAAAAAAA|
|00001af0| 59 41 41 45 41 41 41 41 41 41 41 41 4d 67 41 41 |YAAEAAAAAAAAMgAA|
|00001b00| 41 63 4c 55 36 6b 36 33 74 6e 2b 33 53 34 54 50 |AcLU6k63tn+3S4TP|
|00001b10| 32 4c 67 67 41 41 41 43 41 6c 6f 41 41 77 42 57 |2LggAAACAloAAwBW|
|00001b20| 73 4a 4f 2b 67 55 76 63 66 31 49 2b 6c 31 56 34 |sJO+gUvcf1I+l1V4|
|00001b30| 6f 7a 56 58 36 2f 6d 2b 55 6d 6c 4e 6f 6c 33 4b |ozVX6/m+UmlNol3K|
|00001b40| 68 5a 54 6a 38 2b 56 66 61 6c 58 46 45 6e 2b 7a |hZTj8+VfalXFEn+z|
|00001b50| 4a 4e 79 56 6b 4a 47 6e 65 6b 6a 56 36 4c 36 4f |JNyVkJGnekjV6L6O|
|00001b60| 5a 4c 6e 67 38 57 66 39 61 73 6b 62 2f 32 70 35 |ZLng8Wf9askb/2p5|
|00001b70| 66 52 38 5a 38 66 62 4a 79 6a 65 61 74 54 46 5a |fR8Z8fbJyjeatTFZ|
|00001b80| 64 4f 65 33 69 33 42 6e 70 33 44 6e 70 76 55 65 |dOe3i3Bnp3DnpvUe|
|00001b90| 6c 52 62 73 6c 6e 5a 48 4f 32 62 74 51 41 4f 71 |lRbslnZHO2btQAOq|
|00001ba0| 76 55 49 66 33 66 36 50 55 72 46 79 56 56 48 2b |vUIf3f6PUrFyVVH+|
|00001bb0| 70 6f 70 35 4d 7a 37 4e 34 70 57 55 36 63 30 59 |pop5Mz7N4pWU6c0Y|
|00001bc0| 36 2f 6f 58 30 36 44 50 53 6f 59 72 66 41 51 42 |6/oX06DPSoYrfAQB|
|00001bd0| 6f 41 41 49 41 56 37 43 54 47 65 6c 4b 33 4a 47 |oAAIAV7CTGelK3JG|
|00001be0| 75 2f 63 58 56 58 69 6a 4f 31 76 59 64 47 55 70 |u/cXVXijO1vYdGUp|
|00001bf0| 4d 7a 62 56 4c 75 64 41 79 33 4e 69 76 74 33 70 |MzbVLudAy3Nivt3p|
|00001c00| 33 36 61 7a 62 41 74 7a 74 58 5a 51 72 79 2b 35 |36azbAtztXZQry+5|
|00001c10| 2f 53 2f 50 65 6b 36 37 74 4c 58 6b 56 53 66 4f |/S/Pek67tLXkVSfO|
|00001c20| 65 6b 37 59 64 74 58 65 70 41 4e 52 62 72 6e 62 |ek7YdtXepANRbrnb|
|00001c30| 74 79 46 42 69 34 75 66 61 6d 46 57 74 6f 56 39 |tyFBi4ufamFWtoV9|
|00001c40| 52 54 32 37 50 4f 47 6d 66 6f 74 58 48 75 51 7a |RT27POGmfotXHuQz|
|00001c50| 70 75 65 65 6b 31 43 4a 4a 33 61 56 44 79 36 54 |pueek1CJJ3aVDy6T|
|00001c60| 6e 31 6b 6e 45 41 41 41 41 44 64 44 61 33 67 58 |n1knEAAAADdDa3gX|
|00001c70| 41 35 58 4a 42 4a 54 2f 2f 6f 4b 77 66 43 33 57 |A5XJBJT//oKwfC3W|
|00001c80| 2b 74 5a 75 36 2b 4e 30 67 64 79 65 48 61 6e 6c |+tZu6+N0gdyeHanl|
|00001c90| 4b 56 4a 43 54 6f 36 50 46 4a 57 72 74 63 6f 4f |KVJCTo6PFJWrtcoO|
|00001ca0| 36 2b 62 6a 4c 75 65 72 78 5a 34 70 56 4b 6d 65 |6+bjLuerxZ4pVKme|
|00001cb0| 35 74 72 6c 47 52 54 6e 5a 4f 74 47 68 75 32 35 |5trlGRTnZOtGhu25|
|00001cc0| 30 4b 64 50 70 34 6a 4d 36 37 39 42 47 72 6f 37 |0KdPp4jM679BGro7|
|00001cd0| 6e 39 4f 50 52 2f 79 6e 2f 54 46 74 35 33 4e 68 |n9OPR/yn/TFt53Nh|
|00001ce0| 46 6e 64 73 34 57 68 61 6a 4e 46 65 5a 57 66 6b |Fnds4WhajNFeZWfk|
|00001cf0| 36 72 62 62 79 36 4f 61 6e 7a 6b 37 6e 64 4c 71 |6rbby6Oanzk7ndLq|
|00001d00| 34 52 48 4a 30 55 56 73 6e 42 30 6b 32 6e 4b 2b |4RHJ0UVsnB0k2nK+|
|00001d10| 30 51 49 65 7a 66 31 43 52 61 72 6f 50 36 66 79 |0QIezf1CRaroP6fy|
|00001d20| 5a 48 33 54 34 63 49 48 70 4f 6a 57 56 78 65 4b |ZH3T4cIHpOjWVxeK|
|00001d30| 67 30 78 58 58 6b 39 70 32 2b 72 56 75 39 47 78 |g0xXXk9p2+rVu9Gx|
|00001d40| 62 35 51 2b 6b 70 76 75 76 34 56 79 56 5a 54 7a |b5Q+kpvuv4VyVZTz|
|00001d50| 76 4c 4e 66 4f 50 72 71 78 67 33 4f 56 46 35 76 |vLNfOPrqxg3OVF5v|
|00001d60| 6d 48 75 74 38 6c 69 35 64 64 4d 63 41 4c 37 57 |mHut8li5ddMcAL7W|
|00001d70| 2b 7a 73 71 78 74 61 6e 7a 50 61 71 57 72 2f 4c |+zsqxtanzPaqWr/L|
|00001d80| 7a 56 4f 4d 4a 53 2f 54 6a 34 59 50 4b 50 31 50 |zVOMJS/Tj4YPKP1P|
|00001d90| 35 4c 4b 71 2f 58 74 65 7a 72 65 31 7a 61 56 4c |5LKq/Xtezre1zaVL|
|00001da0| 58 2b 31 32 76 7a 30 50 76 55 56 4c 52 52 39 4c |X+12vz0PvUVLRR9L|
|00001db0| 36 2f 5a 49 4b 70 4f 6a 37 70 45 43 76 32 70 38 |6/ZIKpOj7pECv2p8|
|00001dc0| 5a 67 42 62 73 46 32 56 76 54 31 5a 6d 74 77 6a |ZgBbsF2VvT1Zmtwj|
|00001dd0| 35 31 35 57 31 4a 64 5a 52 31 33 61 52 48 68 6b |515W1JdZR13aRHhk|
|00001de0| 6c 72 56 74 75 2b 6e 33 33 37 64 4c 45 53 4f 6e |lrVtu+n337dLESOn|
|00001df0| 61 68 6a 77 4c 41 49 44 52 45 51 41 77 68 4e 50 |ahjwLAIDREQAwhNP|
|00001e00| 36 4e 76 34 54 4a 52 79 74 4f 6f 37 35 57 76 6b |6Nv4TJRytOo75Wvk|
|00001e10| 4e 75 6b 76 33 39 6d 67 72 53 54 72 2f 34 79 36 |Nukv39mgrSTr/4y6|
|00001e20| 74 54 44 69 69 6e 38 6f 71 58 38 2b 51 48 46 31 |tTDiin8oqX8+QHF1|
|00001e30| 30 32 37 43 37 4e 4d 44 54 51 56 4b 42 64 71 7a |027C7NMDTQVKBdqz|
|00001e40| 66 70 6e 33 6e 58 65 58 6e 56 4b 54 73 51 71 6e |fpn3nXeXnVKTsQqn|
|00001e50| 4c 6f 4f 36 36 73 63 63 68 62 56 79 5a 70 71 4d |LoO66scchbVyZpqM|
|00001e60| 75 62 64 53 78 2b 49 78 4f 56 42 36 2b 34 32 74 |ubdSx+IxOVB6+42t|
|00001e70| 31 44 41 6a 58 35 50 36 56 44 61 63 79 48 64 33 |1DAjX5P6VDacyHd3|
|00001e80| 2b 69 64 34 37 55 4b 58 4c 59 6b 65 61 72 76 64 |+id47UKXLYkearvd|
|00001e90| 72 6f 39 50 5a 52 57 72 64 61 36 41 65 48 65 41 |ro9PZRWrda6AeHeA|
|00001ea0| 68 71 66 62 7a 6a 65 36 30 58 2b 39 38 64 6b 4b |hqfbzje60X+98dkK|
|00001eb0| 58 5a 6a 31 63 71 79 35 33 52 4f 69 2b 50 6d 34 |XZj1cqy53ROi+Pm4|
|00001ec0| 56 76 35 39 55 65 73 4b 6e 32 70 68 64 35 56 35 |Vv59UesKn2phd5V5|
|00001ed0| 33 66 4b 33 32 76 37 35 56 45 2b 37 36 74 64 70 |3fK32v75VE+76tdp|
|00001ee0| 61 66 54 34 58 39 47 50 79 4a 31 71 62 57 6c 7a |afT4X9GPyJ1qbWlz|
|00001ef0| 6c 76 42 6d 53 69 36 65 47 33 39 4e 66 50 56 31 |lvBmSi6eG39NfPV1|
|00001f00| 71 75 2f 2f 71 35 79 72 54 30 65 52 50 46 57 64 |qu//q5yrT0eRPFWd|
|00001f10| 32 72 6e 31 79 63 75 2b 71 30 57 50 36 71 72 50 |2rn1ycu+q0WP6qrP|
|00001f20| 55 42 50 64 6f 34 37 50 38 58 37 4c 2b 2f 64 6b |UBPdo47P8X7L+/dk|
|00001f30| 4a 64 52 6b 30 52 76 64 5a 6c 4e 4d 61 57 39 38 |JdRk0RvdZlNMaW98|
|00001f40| 6a 4b 2f 6c 30 72 61 37 33 61 36 50 7a 4d 76 39 |jK/l0ra73a6PzMv9|
|00001f50| 50 35 66 79 50 79 58 72 6e 77 36 4f 58 37 6c 48 |P5fyPyXrnw6OX7lH|
|00001f60| 37 35 4f 52 2b 76 54 7a 4d 4d 74 62 38 62 4f 76 |75OR+vTzMMtb8bOv|
|00001f70| 2b 58 46 37 51 6a 35 38 6e 61 46 56 61 31 54 4a |+XF7Qj58naFVa1TJ|
|00001f80| 58 2f 65 7a 56 39 58 70 31 35 36 54 64 4b 36 54 |X/ezV9Xp156TdK6T|
|00001f90| 31 68 36 58 32 37 61 58 32 72 61 57 45 39 36 51 |1h6X27aX2raWE96Q|
|00001fa0| 7a 31 30 6b 50 33 47 7a 4c 51 77 54 51 30 72 67 |z10kP3GzLQwTQ0rg|
|00001fb0| 34 71 58 33 78 54 30 70 49 2b 4a 2f 38 6f 33 39 |4qX3xT0pI+J/8o39|
|00001fc0| 64 51 36 59 57 58 45 63 56 5a 55 6a 4c 6c 30 76 |dQ6YWXEcVZUjLl0v|
|00001fd0| 6e 32 6b 74 71 4c 35 33 37 55 6c 70 35 55 6e 72 |n2ktqL537Ulp5Unr|
|00001fe0| 38 63 61 6b 4c 55 51 41 41 51 50 30 51 41 44 43 |8cakLUQAAQP0QADC|
|00001ff0| 43 77 37 76 31 79 64 46 7a 61 74 38 6a 52 41 38 |Cw7v1ydFzat8jRA8|
|00002000| 4f 38 6c 48 72 34 6d 2b 30 64 6e 57 47 73 70 4e |O8lHr4m+0dnWGspN|
|00002010| 54 64 62 52 48 66 33 55 70 54 64 66 61 2b 43 50 |TdbRHf3UpTdfa+CP|
|00002020| 36 79 63 46 56 34 53 50 37 71 36 2f 6e 74 53 72 |6ycFV4SP7q6/ntSr|
|00002030| 4e 4f 36 43 34 2b 45 7a 74 69 74 38 71 6a 77 6d |NO6C4+Eztit8qjwm|
|00002040| 52 36 75 6c 55 63 61 36 7a 52 54 72 6d 35 4b 6e |R6ulUca6zRTrm5Kn|
|00002050| 62 77 74 33 55 70 58 4f 56 61 78 53 58 79 43 6e |bwt3UpXOVaxSXyCn|
|00002060| 6b 44 6b 30 4e 38 4a 4a 44 38 66 2b 55 38 4f 45 |kDk0N8JJD8f+U8OE|
|00002070| 2b 5a 61 55 6c 61 2f 4f 4e 4d 52 72 53 57 53 72 |+ZaUla/ONMRrSWSr|
|00002080| 4a 32 4b 45 50 44 70 79 52 72 75 75 6f 71 4f 68 |J2KEPDpyRruuoqOh|
|00002090| 51 33 65 77 75 35 57 63 6b 4b 32 37 48 43 5a 32 |Q3ewu5WckK27HCZ2|
|000020a0| 52 31 4c 35 36 6d 61 32 65 62 34 66 2b 72 57 76 |R1L56ma2eb4f+rWv|
|000020b0| 56 62 64 43 64 69 75 37 68 6f 67 73 56 5a 54 7a |VbdCdiu7hogsVZTz|
|000020c0| 36 78 53 35 39 31 65 4e 75 39 58 57 53 38 72 64 |6xS591eNu9XWS8rd|
|000020d0| 76 31 63 62 73 63 32 72 66 34 31 61 4e 76 73 4e |v1cbsc2rf41aNvsN|
|000020e0| 50 37 69 70 55 35 68 65 66 61 30 50 47 31 31 72 |P7ipU5hefa0PG11r|
|000020f0| 5a 78 6b 57 50 39 76 65 77 65 44 77 6c 57 56 74 |ZxkWP9veweDwlWVt|
|00002100| 4e 6a 58 2b 58 7a 68 6f 78 74 4b 2f 38 58 53 37 |NjX+XzhoxtK/8XS7|
|00002110| 6f 78 37 54 50 74 54 59 6c 54 78 73 2f 33 4b 33 |ox7TPtTYlTxs/3K3|
|00002120| 32 45 30 4a 31 38 56 5a 72 75 76 2f 4b 63 32 58 |2E0J18VZruv/Kc2X|
|00002130| 73 30 41 65 70 78 57 72 74 34 61 2f 78 30 62 33 |s0AepxWrt4a/x0b3|
|00002140| 55 32 66 46 63 78 62 6b 4f 61 57 32 38 69 78 34 |U2fFcxbkOaW28ix4|
|00002150| 5a 31 76 31 53 37 33 55 44 37 37 48 65 7a 39 4a |Z1v1S73UD77Hez9J|
|00002160| 47 74 70 37 58 35 75 75 58 70 6d 74 74 2f 46 47 |Gtp7X5uuXpmtt/FG|
|00002170| 64 30 4c 58 79 43 77 2f 57 6b 42 37 58 53 77 58 |d0LXyCw/WkB7XSwX|
|00002180| 70 32 70 79 51 6f 65 79 7a 6b 71 71 50 6e 71 6a |p2pyQoeyzkqqPnqj|
|00002190| 2b 62 47 33 35 58 4a 61 6c 4b 69 48 74 6a 42 77 |+bG35XJalKiHtjBw|
|000021a0| 36 39 39 44 6b 6f 58 33 6b 65 69 46 48 6d 7a 39 |699DkoX3keiFHmz9|
|000021b0| 49 30 66 36 30 62 2f 52 56 50 79 2b 53 42 61 4a |I0f60b/RVPy+SBaJ|
|000021c0| 39 41 41 41 63 33 55 6c 45 51 56 54 31 72 65 74 |9AAAc3UlEQVT1ret|
|000021d0| 31 70 32 70 6c 30 4c 56 53 34 45 42 4a 44 30 6a |1p2pl0LVS4EBJD0j|
|000021e0| 6e 58 70 66 4f 33 69 63 4e 53 5a 58 63 62 59 71 |nXpfO3icNSZXcbYq|
|000021f0| 67 41 47 69 4a 58 4c 70 72 65 4a 65 44 57 6e 55 |gAGiJXLpreJeDWnU|
|00002200| 67 56 58 47 48 2f 52 52 7a 6f 32 57 50 66 45 75 |gVXGH/RRzo2WPfEu|
|00002210| 75 6f 2b 52 36 73 7a 51 67 55 75 72 52 56 5a 71 |uo+R6szQgUurRVZq|
|00002220| 37 57 35 72 30 67 50 52 46 45 59 31 2f 41 45 43 |7W5r0gPRFEY1/AEC|
|00002230| 44 73 41 61 41 45 56 79 34 6f 41 75 53 53 6f 73 |DsAaAEVy4oAuSSos|
|00002240| 4c 56 58 70 65 61 75 33 53 52 36 4d 6e 33 4b 56 |LVXpeau3SR6Mn3KV|
|00002250| 48 52 67 58 4b 57 31 4c 52 33 76 2f 70 36 41 57 |HRgXKW1LR3v/p6AW|
|00002260| 70 53 2f 39 49 68 58 69 32 56 57 73 35 71 71 31 |pS/9IhXi2VWs5qq1|
|00002270| 6e 6f 43 61 45 75 45 70 6c 4a 2f 52 56 52 74 57 |noCaEuEplJ/RVRtW|
|00002280| 35 6b 78 30 31 61 4e 77 41 44 65 6a 64 78 33 7a |5kx01aNwADejdx3z|
|00002290| 34 75 31 73 58 52 51 66 64 6f 4c 61 74 48 65 54 |4u1sXRQfdoLatHeT|
|000022a0| 63 6f 62 74 69 2b 6c 38 76 42 35 33 54 30 63 50 |cobti+l8vB53T0cP|
|000022b0| 35 6b 67 71 31 61 2b 38 4a 58 56 41 62 33 58 5a |5kgq1a+8JXVAb3XZ|
|000022c0| 50 70 41 49 39 32 36 70 31 36 37 62 71 33 44 74 |PpAI926p167bq3Dt|
|000022d0| 53 39 77 57 32 73 56 35 6d 71 2b 65 54 48 50 77 |S9wW2sV5mq+eTHPw|
|000022e0| 43 46 4e 50 44 58 63 34 56 5a 52 7a 65 71 34 32 |CFNPDXc4VZRzeq42|
|000022f0| 6b 49 6d 56 6c 53 39 4c 2f 39 45 56 47 71 65 54 |kImVlS9L/9EVGqeT|
|00002300| 53 52 54 47 44 66 6d 30 61 64 75 6e 6b 4c 76 39 |SRTGDfm0adunkLv9|
|00002310| 42 74 2b 6d 57 36 36 53 54 47 5a 6d 79 6e 4d 6c |Bt+mW66STGZmynMl|
|00002320| 64 71 46 31 37 54 71 68 55 4c 67 6f 66 32 56 2f |dqF17TqhULgof2V/|
|00002330| 2b 48 5a 79 6c 31 6d 33 56 4f 65 68 75 78 66 53 |+HZyl1m3VOehuxfS|
|00002340| 34 56 69 6f 2b 71 69 2b 79 71 75 61 76 34 66 34 |4Vio+qi+yquav4f4|
|00002350| 72 7a 37 58 33 68 43 36 6f 6f 77 61 4e 43 6a 51 |rz7X3hC6oowaNCjQ|
|00002360| 4e 36 57 7a 64 56 70 32 44 49 68 58 65 57 53 6f |N6WzdVp2DIhXeWSo|
|00002370| 39 65 6b 6a 37 71 79 37 59 32 4b 42 37 62 4d 43 |9ekj7qy7Y2KB7bMC|
|00002380| 7a 74 49 6d 74 35 37 58 39 2b 70 57 66 71 34 36 |ztImt57X9+pWfq46|
|00002390| 42 45 62 71 33 39 77 31 71 32 39 70 52 62 54 33 |BEbq39w1q29pRbT3|
|000023a0| 37 36 4e 35 37 66 4e 58 52 61 68 6e 4d 6e 36 31 |76N57fNXRahnMn61|
|000023b0| 4e 6e 38 76 7a 46 33 52 65 30 6f 58 69 4d 7a 70 |Nn8vzF3Re0oXiMzp|
|000023c0| 35 34 59 4c 6b 35 4b 4d 68 39 77 37 57 49 78 4e |54YLk5KMh9w7WIxN|
|000023d0| 43 31 64 74 4a 64 62 39 75 54 61 63 37 70 43 67 |C1dtJdb9uTac7pCg|
|000023e0| 76 71 56 4f 30 35 43 34 70 2b 44 36 70 4b 31 2b |vqVO05C4p+D6pK1+|
|000023f0| 30 67 53 74 5a 35 77 47 33 36 52 61 58 58 35 54 |0gStZ5wG36RaXX5T|
|00002400| 31 32 51 35 6c 57 72 7a 61 6b 75 73 6f 53 62 70 |12Q5lWrzakusoSbp|
|00002410| 57 47 6e 4b 66 31 50 34 36 61 57 78 33 71 58 55 |WGnKf1P46aWx3qXU|
|00002420| 58 36 62 36 67 70 6e 6f 30 41 41 43 44 59 51 53 |X6b6gpno0AACDYQS|
|00002430| 41 45 58 51 4c 31 66 39 76 37 39 35 69 34 37 72 |AEXQL1f9v795i47r|
|00002440| 76 78 49 35 2f 35 7a 36 63 45 53 6c 61 6f 69 69 |vxI5/5z6cESlaoii|
|00002450| 4a 77 6a 68 53 52 46 6d 43 4a 63 74 4b 48 46 2f |JwjhSRFmCJctKHF/|
|00002460| 57 67 52 55 37 6c 6a 66 32 4f 6e 58 53 6a 52 4d |WgRU7ljf2OnXSjRM|
|00002470| 48 36 30 58 53 47 4f 69 69 47 2f 53 6c 51 42 2b |H60XSGOiiG/SlQB+|
|00002480| 32 2b 39 43 48 50 68 51 46 6d 67 55 4b 46 45 69 |2+9CHPhQFmgUKFEi|
|00002490| 4b 70 6b 6a 69 41 69 34 32 71 42 30 62 53 59 77 |KpkjiAi42qB0bSYw|
|000024a0| 71 73 4c 4a 79 4c 4e 67 62 79 54 63 70 74 67 51 |qsLJyLNgbyTcptgQ|
|000024b0| 78 75 74 45 69 54 4f 74 43 4b 53 52 48 4d 38 4f |xutEiTOtCKSRHM8O|
|000024c0| 35 39 34 45 63 69 70 4a 4a 63 53 68 4b 47 73 37 |594EcipJJcShKGs7|
|000024d0| 4d 39 77 50 77 51 65 63 63 6e 76 6d 64 30 65 48 |M9wPwQeccnvmd0eH|
|000024e0| 35 6e 66 50 37 58 38 37 6a 41 36 2b 78 65 32 69 |5nfP7X87jA6+xe2i|
|000024f0| 41 48 2f 2b 76 59 79 52 57 72 6d 54 54 39 69 30 |AH/+vYyRWrmTT9i0|
|00002500| 38 74 4c 6d 62 4d 48 42 75 64 50 49 42 66 2f 6a |8tLmbMHBudPIBf/j|
|00002510| 4e 58 2f 48 66 33 35 7a 35 69 32 55 41 4d 71 4d |NX/Hf35z5i2UAMqM|
|00002520| 7a 4a 6b 6e 71 54 44 4a 4c 2b 77 51 6b 75 71 34 |zJknqTDJL+wQkuq4|
|00002530| 63 41 39 34 64 6e 2b 7a 4b 57 41 61 34 77 4d 55 |cA94dn+zKWAa4wMU|
|00002540| 30 30 4c 6d 53 4c 56 65 4e 2f 31 36 35 59 53 57 |00LmSLVeN/165YSW|
|00002550| 4a 67 37 50 4d 5a 44 54 58 2f 68 4a 58 50 6e 55 |Jg7PMZDTX/hJXPnU|
|00002560| 76 76 79 33 4f 39 45 78 49 36 56 45 75 6c 6f 48 |vvy3O9ExI6VEuloH|
|00002570| 30 78 2f 7a 38 4a 36 39 63 73 56 32 70 41 44 44 |0x/z8J69csV2pADD|
|00002580| 42 47 4a 43 36 59 6b 30 74 74 6d 34 32 58 48 57 |BGJC6Yk0ttm42XHW|
|00002590| 66 6c 2b 72 72 68 49 47 4c 58 42 77 2b 42 2f 31 |fl+rrhIGLXBw+B/1|
|000025a0| 54 43 2b 63 36 2f 70 6e 37 59 70 53 39 50 33 6d |TC+c6/pn7YpS9P3m|
|000025b0| 46 76 54 4e 58 6c 51 45 4b 6b 2b 74 72 44 35 37 |FvTNXlQEKk+trD57|
|000025c0| 58 63 34 7a 58 38 31 33 57 70 64 37 39 31 76 2f |Xc4zX813Wpd791v/|
|000025d0| 35 6b 2b 64 56 6a 46 52 2f 39 35 55 62 33 6e 59 |5k+dVjFR/95Ub3nY|
|000025e0| 37 71 59 36 50 5a 67 77 4c 6d 48 4c 56 64 31 76 |7qY6PZgwLmHLVd1v|
|000025f0| 58 65 62 6e 39 48 72 35 36 31 33 6e 2b 7a 77 64 |Xebn9Hr5613n+zwd|
|00002600| 44 2f 50 79 6e 51 34 53 36 6c 37 4e 6c 38 78 59 |D/PynQ4S6l7Nl8xY|
|00002610| 65 76 4f 76 32 79 5a 34 57 74 38 32 7a 66 6b 34 |evOv2yZ4Wt82zfk4|
|00002620| 52 75 48 66 58 4e 62 65 51 31 45 7a 57 38 4e 69 |RuHfXNbeQ1EzW8Ni|
|00002630| 75 46 4b 64 65 48 70 6f 63 43 76 43 46 6d 65 75 |uFKdeHpocCvCFmeu|
|00002640| 57 63 6f 36 61 6f 57 63 62 37 48 49 6f 6b 69 52 |Wco6aoWcb7HIokiR|
|00002650| 70 63 53 77 41 74 4c 42 45 64 2b 33 42 4b 38 6d |pcSwAtLBEd+3BK8m|
|00002660| 32 4a 37 2f 4f 6c 76 52 70 50 6e 7a 2f 4a 49 64 |2J7/OlvRpPnz/JId|
|00002670| 4f 6e 65 66 51 33 76 4d 63 2b 73 4d 6d 76 76 66 |OnefQ3vMc+sMmvvf|
|00002680| 4e 48 63 53 6e 4a 69 68 4b 39 6e 53 7a 59 70 62 |NHcSnJihK9nSzYpb|
|00002690| 35 34 70 4b 72 6f 30 44 68 30 79 76 71 46 69 45 |54pKro0Dh0yvqFiE|
|000026a0| 57 41 76 4a 6c 72 6e 35 6a 59 61 31 33 77 67 30 |WAvJlrn5jYa13wg0|
|000026b0| 35 45 61 4f 68 79 57 66 72 6a 69 52 72 65 32 5a |5EaOhyWfrjiRre2Z|
|000026c0| 37 76 4f 74 6b 2b 56 79 78 6c 61 41 30 31 33 37 |7vOtk+VyxlaA0137|
|000026d0| 72 6e 6b 4e 76 61 6c 39 45 36 46 33 64 4e 63 75 |rnkNval9E6F3dNcu|
|000026e0| 76 52 56 67 37 56 36 74 7a 33 57 37 57 64 31 6e |vRVg7V6tz3W7Wd1n|
|000026f0| 76 66 75 76 2f 2f 4d 6e 7a 71 6a 4a 31 59 7a 74 |vfuv//MnzqjJ1Yzt|
|00002700| 54 67 56 49 64 67 64 5a 33 58 6f 62 6f 2b 2b 4b |TgVIdgdZ3Xobo++K|
|00002710| 54 2f 50 73 76 6e 4f 48 59 2b 79 63 34 63 4f 49 |T/PsvnOHY+yc4cOI|
|00002720| 4d 68 2f 66 76 35 2f 44 37 67 33 7a 74 75 5a 31 |Mh/fv5/D7g3ztuZ1|
|00002730| 73 6d 6e 65 39 70 4c 61 78 2b 6c 36 2b 65 75 65 |smne9pLax+l6+eue|
|00002740| 35 79 61 45 41 33 65 74 6d 72 46 6a 4b 4f 55 71 |5yaEA3etmrFjKOUq|
|00002750| 53 70 42 76 4c 41 6b 41 54 36 2b 71 4f 41 32 4d |SpBvLAkAT6+qOA2M|
|00002760| 4d 44 32 57 67 35 2f 4c 55 51 5a 6e 68 55 63 61 |MD2Wg5/LUQZnhUca|
|00002770| 42 74 56 4d 46 67 4c 47 42 4e 33 6e 74 65 4a 48 |BtVMFgLGBN3nteJH|
|00002780| 55 35 78 37 6d 2f 70 32 33 73 32 4e 6e 6d 56 4f |U5x7m/p23s2NnmVO|
|00002790| 76 2f 59 71 58 54 70 7a 6d 30 4a 39 32 38 4f 57 |v/YqXTpzm0J928OW|
|000027a0| 70 6c 75 35 77 37 77 36 65 66 71 42 57 4e 43 68 |plu5w7w6efqBWNCh|
|000027b0| 7a 34 64 52 68 68 72 4a 52 56 76 5a 31 77 36 4c |z4dRhhrJRVvZ1w6L|
|000027c0| 65 32 4c 36 4f 56 41 38 63 48 6a 37 44 75 36 66 |e2L6OVA8cHj7Du6f|
|000027d0| 4b 70 4b 62 48 58 32 59 34 2b 4d 34 5a 38 6c 78 |KpKbHX2Y4+M4Z8lx|
|000027e0| 75 46 46 2b 55 57 42 2b 39 6e 63 66 34 4a 42 74 |uFF+UWB+9ncf4JBt|
|000027f0| 6e 32 35 4d 50 73 36 57 32 50 50 73 78 48 35 36 |n25MPs6W2PPsxH56|
|00002800| 36 51 43 6d 78 68 72 58 58 69 4f 33 51 63 4a 6d |6QCmxhrXXiO3QcJm|
|00002810| 2b 76 68 6d 78 44 59 77 43 45 56 49 62 65 71 6e |+vhmxDYwCEVIbeqn|
|00002820| 76 2b 47 76 37 43 72 48 32 77 59 66 5a 4f 64 32 |v+Gv7CrH2wYfZOd2|
|00002830| 53 64 49 46 6a 68 7a 2b 65 6e 43 31 2f 72 72 63 |SdIFjhz+enC1/rrc|
|00002840| 47 31 4f 31 6d 66 5a 66 31 37 72 66 2b 7a 36 2f |G1O1mfZf17rf+z6/|
|00002850| 31 6f 44 6a 2b 68 78 50 51 64 33 6e 69 72 63 7a |1oDj+hxPQd3nircz|
|00002860| 68 6f 78 77 74 7a 42 39 6f 71 70 37 7a 63 76 68 |hoxwtzB9oqp7zcvh|
|00002870| 64 58 6e 77 2f 54 62 4a 2f 42 30 38 38 38 45 55 |dXnw/TbJ/B0888EU|
|00002880| 32 50 51 43 5a 39 33 66 7a 6f 2f 31 6e 4f 58 51 |2PQCZ93fzo/1nOXQ|
|00002890| 63 4e 69 58 6d 57 64 39 2f 7a 52 41 6b 74 5a 54 |cNiXmWd9/zRAktZT|
|000028a0| 51 35 46 43 41 6f 58 30 63 4f 6a 6a 5a 32 58 35 |Q5FCAoX0cOjjZ2X5|
|000028b0| 79 62 50 39 53 7a 6c 47 53 4a 4e 31 59 46 67 43 |ybP9SzlGSJN1YFgC|
|000028c0| 61 57 48 7a 37 52 76 72 66 65 59 2f 6a 2b 31 2f |aWHz7RvrfeY/j+1/|
|000028d0| 6a 4a 79 4d 70 50 74 38 58 59 58 78 34 69 45 4d |jJyMpPt8XYXx4iEM|
|000028e0| 6e 73 68 42 64 78 58 33 62 4a 31 73 59 6c 6e 66 |nshBdxX3bJ1sYlnf|
|000028f0| 43 75 61 48 7a 44 49 37 38 6c 76 77 58 56 74 46 |CuaHzDI78lvwXVtF|
|00002900| 56 53 48 4e 6f 71 41 69 68 56 66 54 64 42 74 78 |VSHNoqAihVfTdBtx|
|00002910| 32 46 35 39 2f 35 33 65 38 64 2f 42 31 6e 73 2b |2F59/53e8d/B1ns+|
|00002920| 74 35 2b 37 65 49 50 6c 7a 77 78 77 59 53 4a 50 |t5+7eIPlzwxwYSJP|
|00002930| 76 2f 41 7a 66 32 62 72 59 53 45 4e 73 65 2f 41 |v/Azf2brYSENse/A|
|00002940| 7a 76 50 58 69 52 78 7a 2f 7a 61 2f 34 2b 5a 33 |zvPXiRxz/za/4+Z3|
|00002950| 72 32 62 77 53 50 6a 6b 79 79 4f 45 4c 6c 63 58 |r2bwSPjkyyOELlcX|
|00002960| 75 66 49 5a 65 48 72 70 2f 42 55 66 33 6e 4f 66 |ufIZeHrp/BUf3nOf|
|00002970| 58 4c 37 7a 4f 75 52 30 72 36 4b 4c 49 38 58 64 |XL7zOuR0r6KLI8Xd|
|00002980| 4f 4d 70 67 4c 73 6e 37 58 48 65 79 34 52 6d 79 |OMpgLsn7XHey4Rmy|
|00002990| 48 66 2f 6b 71 6d 52 33 72 36 65 2b 73 54 4d 63 |Hf/kqmR3r6e+sTMc|
|000029a0| 57 36 39 76 4b 7a 6c 6b 6d 2b 35 76 76 4f 41 2b |W69vKzlkm+5vvOA+|
|000029b0| 38 76 4a 76 4d 35 2f 70 59 47 36 33 77 79 5a 45 |8vJvM5/pYG63wyZE|
|000029c0| 54 48 4c 35 51 6f 65 75 75 4c 37 46 6a 30 58 50 |THL5QoeuuL7Fj0XP|
|000029d0| 4a 33 61 7a 76 73 74 37 39 4c 75 44 7a 4e 30 2b |J3azvst79LuDzN0+|
|000029e0| 64 56 34 50 76 38 63 4e 66 6e 75 65 65 6a 51 6d |dV4Pv8cNfnueejQm|
|000029f0| 59 4f 71 2f 4b 39 59 53 30 75 59 37 7a 4d 68 6f |YOq/K9YS0uY7zMho|
|00002a00| 68 50 33 53 65 77 62 4f 2f 68 32 77 66 61 36 4e |hP3SewbO/h2wfa6N|
|00002a10| 46 6a 76 38 68 44 53 54 6f 58 51 6b 6b 35 6c 6b |Fjv8hDSToXQkk5lk|
|00002a20| 76 71 63 31 63 48 67 70 77 65 58 44 62 55 73 35 |vqc1cHgpweXDbUs5|
|00002a30| 52 6b 69 54 64 57 42 59 41 6d 74 70 47 76 76 37 |RkiTdWBYAmtpGvv7|
|00002a40| 74 45 4b 2f 74 50 73 69 68 45 79 66 5a 63 32 4a |tEK/tPsihEyfZc2J|
|00002a50| 79 61 61 49 33 78 54 63 65 66 34 41 4e 74 63 33 |yaaI3xTcef4ANtc3|
|00002a60| 36 48 75 44 5a 58 57 2f 79 38 37 31 6e 4f 62 42 |6HuDZXW/y871nObB|
|00002a70| 76 61 75 52 31 74 4a 4f 37 76 33 4c 76 56 41 74 |vauR1tJO7v3LvVAt|
|00002a80| 45 4c 31 39 2b 35 6b 48 43 76 33 79 62 41 77 50 |EL19+5kHCv3ybAwP|
|00002a90| 48 32 44 4d 77 63 7a 2f 33 58 57 50 4d 2b 77 4c |H2DMwcz/3XWPM+wL|
|00002aa0| 30 33 4d 65 7a 66 31 48 68 6c 62 31 44 44 42 32 |03Mezf1Hhlb1DDB2|
|00002ab0| 5a 6d 75 69 6f 63 78 57 37 64 73 55 35 73 47 66 |ZmuiocxW7dsU5sGf|
|00002ac0| 32 61 59 2b 75 52 37 7a 2f 59 62 35 44 37 56 6a |2aY+uR7z/Yb5D7Vj|
|00002ad0| 50 54 79 34 4d 78 56 6a 2f 30 42 64 35 75 6e 2b |PTy4MxVj/0Bd5un+|
|00002ae0| 4f 55 64 38 39 39 2f 48 63 30 33 46 65 2b 63 30 |OUd899/Hc03Fe+c0|
|00002af0| 78 42 67 38 4f 4d 41 68 41 68 4c 56 33 33 73 74 |xBg8OMAhAhLV33st|
|00002b00| 58 64 36 36 66 34 39 57 42 63 2b 69 35 6a 2b 65 |Xd66f49WBc+i5j+e|
|00002b10| 65 67 70 2b 2f 39 68 47 48 39 77 39 77 65 48 70 |egp+/9hGH9w9weHp|
|00002b20| 66 39 2f 44 31 32 57 5a 33 76 68 34 33 36 37 75 |f9/D12WZ3vh4367u|
|00002b30| 73 64 37 2b 7a 62 64 65 78 67 6b 64 32 4a 58 6e |sd7+zbdexgkd2JXn|
|00002b40| 33 69 73 2f 76 35 63 76 2f 38 6c 37 4b 75 77 39 |3is/v5cv/8l7Kuw9|
|00002b50| 79 61 48 69 49 66 63 4d 77 2b 55 71 73 75 31 6e |yaHiIfcMw+Uqsu1n|
|00002b60| 78 77 53 45 4f 7a 52 74 51 48 65 64 6c 62 44 76 |xwSEOzRtQHedlbDv|
|00002b70| 50 50 44 56 78 31 66 63 64 59 2f 31 44 44 30 7a |PPDVx1fcdY/1DD0z|
|00002b80| 31 77 4a 68 76 76 61 53 32 4d 7a 30 55 59 45 61 |1wJhvvaS2Mz0UYEa|
|00002b90| 48 2f 36 57 63 6f 79 52 4a 75 6f 45 43 31 57 71 |H/6WcoyRJuoEC1Wq|
|00002ba0| 31 32 75 67 67 64 43 4f 55 6d 63 67 57 69 53 65 |12uggdCOUmcgWiSe|
|00002bb0| 75 66 51 4e 52 79 6f 36 53 49 63 48 79 52 48 53 |ufQNRyo6SIcHyRHS|
|00002bc0| 4f 4c 53 62 49 70 41 75 45 4f 72 76 6d 6d 53 54 |OLSbIpAuEOrvmmST|
|00002bd0| 74 2b 70 57 79 6f 2b 52 44 6e 53 52 6a 64 51 2b |t+pWyo+RDnSRjdQ+|
|00002be0| 75 76 2b 37 50 75 66 61 78 7a 76 5a 4c 47 63 59 |uv+7PufaxzvZLGcY|
|00002bf0| 4b 49 5a 62 50 38 7a 33 57 4a 54 2f 4f 57 44 6c |KIZbP8z3WJT/OWDl|
|00002c00| 36 59 2f 59 31 68 35 76 31 58 64 61 37 33 37 6f |6Y/Y1h5v1Xda737o|
|00002c10| 2f 66 39 48 66 61 78 33 6e 35 58 7a 66 39 79 33 |/f9Hfax3n5Xzf9y3|
|00002c20| 34 2f 35 43 57 67 70 47 52 45 58 70 36 65 68 6f |4/5CWgpGREXp6eho|
|00002c30| 64 52 74 4e 61 30 6a 6c 4b 6b 74 54 57 78 73 66 |dRtNa0jlKktTWxsf|
|00002c40| 48 35 39 39 6f 48 68 59 41 4a 45 6c 71 49 52 59 |H599oHhYAJElqIRY|
|00002c50| 41 4a 45 6c 71 54 54 65 69 41 42 43 38 41 58 46 |AJElqTTeiABC8AXF|
|00002c60| 49 6b 69 52 4a 6b 71 51 6c 7a 67 4b 41 4a 45 6d |IkiRJkqQlzgKAJEm|
|00002c70| 53 4a 45 6c 74 77 41 4b 41 4a 45 6d 53 4a 45 6c |SJEltwAKAJEmSJEl|
|00002c80| 74 77 41 4b 41 4a 45 6d 53 4a 45 6c 74 77 41 4b |twAKAJEmSJEltwAK|
|00002c90| 41 4a 45 6d 53 4a 45 6c 74 77 41 4b 41 4a 45 6d |AJEmSJEltwAKAJEm|
|00002ca0| 53 4a 45 6c 74 77 41 4b 41 4a 45 6d 53 4a 45 6c |SJEltwAKAJEmSJEl|
|00002cb0| 74 77 41 4b 41 4a 45 6d 53 4a 45 6c 74 77 41 4b |twAKAJEmSJEltwAK|
|00002cc0| 41 4a 45 6d 53 4a 45 6c 74 77 41 4b 41 4a 45 6d |AJEmSJEltwAKAJEm|
|00002cd0| 53 4a 45 6c 74 77 41 4b 41 4a 45 6d 53 4a 45 6c |SJEltwAKAJEmSJEl|
|00002ce0| 74 77 41 4b 41 4a 45 6d 53 4a 45 6c 74 77 41 4b |twAKAJEmSJEltwAK|
|00002cf0| 41 4a 45 6d 53 4a 45 6c 74 49 4e 7a 6f 41 4e 51 |AJEmSJEltINzoANQ|
|00002d00| 34 6c 55 71 46 51 71 46 41 71 56 53 69 55 71 6c |4lUqFQqFAqVSiUql|
|00002d10| 63 38 53 4e 4a 4e 30 4d 77 47 4c 7a 69 4a 78 77 |c8SNJN0MwGLziJxw|
|00002d20| 4f 45 34 31 47 43 51 61 74 52 32 76 70 4d 55 39 |OE41GCQatR2vpMU9|
|00002d30| 4b 75 70 58 4d 6b 62 6f 56 4c 41 43 30 6d 56 4b |KupXMkboVLAC0mVK|
|00002d40| 70 52 44 36 66 70 31 41 6f 55 43 36 58 47 78 32 |pRD6fp1AoUC6XGx2|
|00002d50| 4f 70 44 59 7a 31 38 4e 54 4b 42 51 69 47 6f 30 |OpDYz18NTKBQiGo0|
|00002d60| 53 69 38 55 49 68 30 31 4e 61 68 7a 7a 70 4b 52 |Si8UIh01NahzzpKR|
|00002d70| 47 4d 55 66 71 56 76 41 4d 61 68 4f 6c 55 6f 6c |GMUfqVvAMahOlUol|
|00002d80| 4d 4a 6b 4f 78 57 4a 78 65 46 67 67 45 69 45 51 |MJkOxWJxeFggEiEQ|
|00002d90| 69 52 43 4b 52 36 55 70 6a 4b 42 53 79 79 69 6a |iRCKR6UpjKBSyyij|
|00002da0| 70 70 71 6c 55 4b 70 54 4c 35 65 6d 62 6e 47 4b |ppqlUKpTL5embnGK|
|00002db0| 78 53 4c 46 59 70 46 77 75 6b 38 76 6c 79 4f 56 |xSLFYpFwuk8vlyOV|
|00002dc0| 79 52 43 49 52 6b 73 6d 6b 4e 7a 6d 36 70 63 79 |yRCIRksmkNzm6pcy|
|00002dd0| 54 6b 68 72 4e 48 4b 6c 62 49 56 43 74 56 71 75 |TkhrNHKlbIVCtVqu|
|00002de0| 4e 44 6b 49 33 54 37 6c 63 4a 70 76 4e 6b 73 2f |NDkI3T7lcJpvNks/|
|00002df0| 6e 67 63 6d 75 52 52 30 64 48 55 53 6a 55 55 4b |ngcmuRR0dHUSjUUK|
|00002e00| 68 55 49 4f 6a 6b 36 52 4a 70 56 4b 4a 59 72 46 |hUIOjk6RJpVKJYrF|
|00002e10| 49 4c 70 65 62 62 76 32 49 78 57 49 6b 6b 30 6b |ILpebbv2IxWIkk0k|
|00002e20| 66 74 68 5a 6f 5a 47 53 45 6e 70 36 65 52 6f 66 |fthZoZGSEnp6eRof|
|00002e30| 52 4e 4d 79 54 6b 70 59 36 63 36 52 71 78 73 66 |RNMyTkpY6c6Rqxsf|
|00002e40| 48 46 37 30 50 43 77 41 74 4c 4a 2f 50 6b 30 36 |HF70PCwAtLJ/Pk06|
|00002e50| 6e 67 63 6c 57 6a 45 51 69 51 55 64 48 52 34 4f |ngclWjEQiQUdHR4O|
|00002e60| 6a 6b 71 52 72 79 2b 56 79 5a 4c 4e 5a 61 75 6d |jkqRry+VyZLNZaum|
|00002e70| 70 71 36 75 4c 61 44 54 61 34 4b 69 61 68 77 57 |pq6uLaDTa4KiahwW|
|00002e80| 41 2b 70 6b 6e 4a 54 55 62 63 32 52 37 73 77 43 |A+pknJTUbc2R7swC|
|00002e90| 67 4f 65 56 79 4f 54 4b 5a 44 41 44 78 65 4a 78 |gOeVyOTKZDADxeJx|
|00002ea0| 6b 4d 6b 6b 67 45 47 68 77 56 4a 4a 55 6e 32 71 |kMkkgEGhwVJJUn2q|
|00002eb0| 31 79 71 56 4c 6c 36 5a 62 5a 5a 63 74 57 30 59 |1yqVLl6ZbZZctW0Y|
|00002ec0| 38 48 6d 39 77 56 4d 33 42 41 6b 42 39 7a 4a 4f |8Hm9wVM3BAkB9zJO|
|00002ed0| 53 6d 70 55 35 73 6e 33 64 69 41 4b 41 67 30 64 |SmpU5sn3diAKAg0d|
|00002ee0| 61 30 4b 56 4c 6c 35 69 59 6d 41 43 38 49 45 68 |a0KVLl5iYmAC8IEh|
|00002ef0| 71 54 6f 46 41 67 4d 37 4f 54 73 4c 68 4d 4a 6c |qToFAgM7OTsLhMJl|
|00002f00| 4d 68 6b 75 58 4c 6c 45 75 6c 30 6b 6d 6b 34 30 |MhkuXLlEul0kmk40|
|00002f10| 4f 54 53 33 41 50 43 6d 70 6d 5a 6b 6a 74 52 67 |OTS3APCmpmZkjtRg|
|00002f20| 57 41 46 70 4d 4a 70 4e 68 59 6d 4b 43 51 43 42 |WAFpMJpNhYmKCQCB|
|00002f30| 41 56 31 63 58 6b 55 69 6b 30 53 46 4a 30 6e 58 |AV1cXkUik0SFJ0nX|
|00002f40| 72 36 4f 67 67 48 41 34 7a 50 6a 35 4f 4c 70 63 |r6OggHA4zPj5OLpc|
|00002f50| 44 38 41 5a 48 69 32 4b 65 6c 4e 51 71 7a 4a 47 |D8AZHi2KelNQqzJG|
|00002f60| 36 48 73 34 61 30 55 4c 79 2b 54 79 35 58 49 35 |6Hs4a0ULy+Ty5XI5|
|00002f70| 41 49 45 42 33 64 37 63 33 4e 5a 4a 61 51 69 51 |AIEB3d7c3NZJaQiQ|
|00002f80| 53 6f 62 75 37 6d 30 41 67 51 43 36 58 6d 2b 37 |Sobu7m0AgQC6Xm+7|
|00002f90| 79 4b 43 32 55 65 56 4a 53 71 7a 46 48 61 71 45 |yKC2UeVJSqzFHaqE|
|00002fa0| 73 41 4c 53 49 55 71 6b 30 50 5a 46 52 56 31 65 |sALSIUqk0PZFRV1e|
|00002fb0| 58 4d 78 64 4c 61 69 6d 68 55 49 69 75 72 69 34 |XMxdLaimhUIiuri4|
|00002fc0| 41 30 75 6b 30 70 56 4b 70 77 52 47 70 32 5a 67 |A0uk0pVKpwRGp2Zg|
|00002fd0| 6e 4a 62 55 71 63 36 51 57 77 67 4a 41 43 36 68 |nJbUqc6QWwgJAC6h|
|00002fe0| 55 4b 6f 79 4e 6a 51 47 54 59 78 6c 74 30 5a 44 |UKoyNjQGTYxlt0ZD|
|00002ff0| 55 69 69 4b 52 43 4d 75 57 4c 51 4e 67 62 47 78 |UiiKRCMuWLQNgbGx|
|00003000| 73 2b 6c 56 49 30 6e 7a 4d 6b 35 4a 61 6e 54 6c |s+lVI0nzMk5JanTl|
|00003010| 53 39 62 49 41 30 41 4c 53 36 54 54 56 61 70 56 |S9bIA0ALS6TTVapV|
|00003020| 34 50 4f 35 45 52 70 4a 61 57 75 30 36 56 35 73 |4PO5ERpJaWu06V5s|
|00003030| 42 57 61 71 48 65 56 4a 53 4f 7a 42 48 71 68 34 |BWaqHeVJSOzBHqh4|
|00003040| 57 41 4a 70 63 71 56 53 69 57 43 77 53 44 41 61 |WAJpcqVSiWCwSDAa|
|00003050| 6e 71 33 36 53 31 4d 71 57 4c 56 74 47 4d 42 69 |nq36S1MqWLVtGMBi|
|00003060| 6b 55 43 6a 59 7a 56 48 7a 4d 6b 39 4b 61 69 66 |kUCjYzVHzMk9Kaif|
|00003070| 6d 53 4d 33 48 41 6b 43 54 71 37 33 44 4f 4a 46 |mSM3HAkCTq73DOJF|
|00003080| 49 4e 44 67 53 53 62 70 31 61 74 65 38 62 44 62 |INDgSSbp1ate8bDb|
|00003090| 62 34 45 69 30 31 4a 6b 6e 4a 62 55 62 63 36 53 |b4Ei01JknJbUbc6S|
|000030a0| 75 78 51 4a 41 45 35 76 5a 71 6d 47 58 52 6b 6e |uxQJAE5vZqmGXRkn|
|000030b0| 74 4a 42 36 50 32 38 4b 68 65 5a 6b 6e 4a 62 55 |tJB6P28KheZknJbU|
|000030c0| 6a 63 36 53 75 78 51 4a 41 45 36 75 39 37 39 4f |jc6SuxQJAE6u979O|
|000030d0| 62 47 6b 6e 74 71 48 62 74 6d 35 69 59 61 48 41 |bGkntqHbtm5iYaHA|
|000030e0| 6b 57 71 72 4d 6b 35 4c 61 6c 54 6c 53 63 37 45 |kWqrMk5LalTlSc7E|
|000030f0| 41 30 4d 51 4b 68 51 49 41 30 57 69 30 77 5a 46 |A0MQKhQIA0Wi0wZF|
|00003100| 49 30 71 31 58 75 2f 62 35 7a 6d 50 4e 78 54 77 |I0q1Xu/b5zmPNxTw|
|00003110| 70 71 56 32 5a 49 7a 55 58 43 77 42 4e 71 6c 77 |pqV2ZIzUXCwBNqlw|
|00003120| 75 55 36 31 57 43 51 61 44 68 4d 50 68 52 6f 63 |uU61WCQaDhMPhRoc|
|00003130| 6a 53 62 64 63 4f 42 77 6d 45 41 68 51 72 56 59 |jSbdcOBwmEAhQrVY|
|00003140| 70 6c 38 75 4e 44 6b 64 4c 6a 48 6c 53 55 6a 73 |pl8uNDkdLjHlSUjs|
|00003150| 7a 52 32 6f 75 46 67 43 61 6c 4b 30 61 6b 67 53 |zR2ouFgCalK0akgS|
|00003160| 78 57 41 79 34 66 45 32 55 61 73 79 54 6b 74 71 |xWAy4fE2UasyTktq|
|00003170| 64 4f 56 4b 7a 73 51 44 51 70 47 6f 54 65 74 69 |dOVKzsQDQpGoTeti|
|00003180| 71 49 61 6d 64 31 61 36 42 54 6e 4b 6b 71 35 6b |qIamd1a6BTnKkq5k|
|00003190| 6e 4a 62 55 37 63 36 52 6d 59 77 47 67 53 56 55 |nJbU7c6RmYwGgSVU|
|000031a0| 71 46 51 43 43 51 66 38 4c 4a 62 57 76 32 6a 57 |qFQCCQf8LJbWv2jW|
|000031b0| 77 64 6b 32 55 61 73 79 54 6b 74 71 64 4f 56 4b |wdk2UasyTktqdOVK|
|000031c0| 7a 4d 53 73 32 4b 57 39 73 4a 4d 6d 62 47 38 33 |zMSs2KW9sJMmbG83|
|000031d0| 4e 50 43 6d 70 33 5a 6b 6a 4e 52 75 7a 59 70 4f |NPCmp3ZkjNRuzYpO|
|000031e0| 71 2f 53 47 48 51 71 45 47 52 79 4a 4a 6a 65 50 |q/SGHQqEGRyJJjeP|
|000031f0| 4e 6a 65 5a 69 6e 70 54 55 37 73 79 52 6d 6f 30 |NjeZinpTU7syRmo0|
|00003200| 46 67 43 5a 56 72 56 59 42 43 41 51 43 44 59 35 |FgCZVrVYBCAQCDY5|
|00003210| 45 6b 68 71 6e 64 6e 4e 54 75 79 5a 4b 4e 65 5a |EkhqndnNTuyZKNeZ|
|00003220| 4a 53 65 33 4f 48 4b 6e 5a 57 41 42 6f 55 72 55 |JSe3OHKnZWABoUrU|
|00003230| 62 47 76 2b 67 4a 62 57 7a 57 71 75 47 44 33 6d |bGv+gJbWzWquGD3m|
|00003240| 36 6d 6e 6c 53 55 72 73 7a 52 32 6f 32 46 67 43 |6mnlSUrszR2o2FgC|
|00003250| 61 6c 46 31 36 4a 4d 6c 78 33 70 71 62 65 56 4a |alF16JMlx3pqbeVJ|
|00003260| 53 75 7a 4e 48 61 6a 61 65 44 55 33 4b 47 78 74 |SuzNHajaeDU3KGxt|
|00003270| 4a 75 74 79 36 36 38 32 4e 72 6d 61 65 6c 4e 54 |Juty6682NrmaelNT|
|00003280| 75 7a 4a 47 61 6a 57 64 44 6b 2f 4c 47 52 70 4b |uzJGajWdDk/LGRpK|
|00003290| 67 58 43 34 44 33 74 7a 6f 30 38 79 54 6b 74 71 |gXC4D3tzo08yTktq|
|000032a0| 64 4f 56 4b 7a 38 57 78 6f 55 75 46 77 47 49 42 |dOVKz8WxoUuFwGIB|
|000032b0| 53 71 64 54 67 53 43 53 70 63 57 72 58 77 4e 6f |SqdTgSCSpcWrXwNo|
|000032c0| 31 55 61 6f 78 54 30 70 71 64 2b 5a 49 7a 63 59 |1UaoxT0pqd+ZIzcY|
|000032d0| 43 51 4a 4f 4b 52 71 4d 41 35 50 50 35 42 6b 63 |CQJOKRqMA5PP5Bkc|
|000032e0| 69 53 59 31 54 4b 42 51 41 69 4d 56 69 44 59 35 |iSY1TKBQAiMViDY5|
|000032f0| 45 53 34 31 35 55 6c 4b 37 4d 30 64 71 4e 68 59 |ES415UlK7M0dqNhY|
|00003300| 41 6d 6c 51 6f 46 43 49 59 44 46 4b 70 56 4b 61 |AmlQoFCIYDFKpVKa|
|00003310| 37 39 30 68 53 4f 79 6d 56 53 6c 51 71 6c 65 6e |790hSOymVSlQqlen|
|00003320| 72 6f 54 53 54 65 56 4a 53 4f 7a 4e 48 61 69 36 |roTSTeVJSOzNHai6|
|00003330| 65 44 55 33 4d 31 67 31 4a 37 61 7a 57 73 6c 47 |eDU3M1g1J7azWslG|
|00003340| 37 46 6b 70 58 4d 30 39 4b 61 6c 66 6d 53 4d 33 |7FkpXM09KalfmSM3|
|00003350| 46 41 6b 41 54 71 2f 31 42 54 30 78 4d 4e 44 67 |FAkATq/1BT0xMNDg|
|00003360| 53 53 62 72 31 63 72 6b 63 34 4d 32 4e 35 6d 61 |SSbr1crkc4M2N5ma|
|00003370| 65 6c 4e 53 75 7a 4a 47 61 69 77 57 41 4a 68 61 |elNSuzJGaiwWAJha|
|00003380| 4e 52 71 65 37 4e 32 61 7a 32 55 61 48 49 30 6d |NRqe7N2az2UaHI0m|
|00003390| 33 54 44 61 62 70 56 71 74 45 67 71 46 69 45 51 |3TDabpVqtEgqFiEQ|
|000033a0| 69 6a 51 35 48 53 35 52 35 55 6c 49 37 4d 6b 66 |ijQ5HS5R5UlI7Mkf|
|000033b0| 71 57 69 77 41 4e 4c 6e 4f 7a 6b 37 67 38 68 2b |qWiwANLnOzk7g8h+|
|000033c0| 36 4a 4c 57 36 61 72 55 36 2f 54 42 58 75 77 5a |6JLW6arU6/TBXuwZ|
|000033d0| 4b 63 7a 46 50 53 6d 6f 6e 35 6b 6a 4e 78 77 4a |KczFPSmon5kjNxwJ|
|000033e0| 41 6b 34 74 45 49 74 4e 64 65 38 62 48 78 78 73 |Ak4tEItNde8bHxxs|
|000033f0| 63 6a 53 54 64 66 4c 56 72 58 54 51 61 39 64 56 |cjSTdfLVrXTQa9dV|
|00003400| 47 6d 70 64 35 55 6c 49 37 4d 55 64 71 50 68 59 |Gmpd5UlI7MUdqPhY|
|00003410| 41 57 73 43 79 5a 63 73 49 42 41 49 55 69 30 57 |AWsCyZcsIBAIUi0W|
|00003420| 37 4f 45 70 71 61 5a 6c 4d 68 6d 4b 78 53 44 41 |7OEpqaZlMhmKxSDA|
|00003430| 59 74 47 56 44 64 54 4e 50 53 6d 6f 48 35 6b 6a |YtGVDdTNPSmoH5kj|
|00003440| 56 77 77 4a 41 43 77 67 47 67 79 78 66 76 68 79 |VwwJACwgGgyxfvhy|
|00003450| 59 37 4f 4a 59 6d 2f 56 54 6b 6c 70 4a 6f 56 43 |Y7OJYm/VTklpJoVC|
|00003460| 59 6e 74 53 6f 71 36 75 4c 51 43 44 51 34 49 6a |YntSoq6uLQCDQ4Ij|
|00003470| 55 4c 4d 79 54 6b 6c 71 64 4f 56 4c 31 73 67 44 |ULMyTklqdOVL1sgD|
|00003480| 51 49 73 4c 68 38 48 53 6c 4c 35 31 4f 2b 38 35 |QIsLh8HSlL51O+85|
|00003490| 6a 53 53 32 6c 58 43 35 50 64 32 76 73 37 4f 79 |jSS2lXC5Pd2vs7Oy|
|000034a0| 30 57 36 4d 57 7a 44 77 70 71 56 57 5a 49 37 55 |0W6MWzDwpqVWZI7U|
|000034b0| 51 46 67 42 61 53 43 77 57 6f 36 4f 6a 67 32 71 |QFgBaSCwWo6Ojg2q|
|000034c0| 31 79 75 6a 6f 4b 4d 56 69 73 64 45 68 53 64 4b |1yujoKMVisdEhSdK|
|000034d0| 69 46 59 74 46 52 6b 64 48 41 55 67 6b 45 73 52 |iFYtFRkdHAUgkEsR|
|000034e0| 69 73 51 5a 48 70 47 5a 6c 6e 70 54 55 61 73 79 |isQZHpGZlnpTUasy|
|000034f0| 52 57 69 67 4c 41 43 30 6d 6d 55 79 53 53 43 53 |RWigLAC0mmUySSCS|
|00003500| 6f 56 71 75 4d 6a 59 33 35 37 6d 4e 4a 54 53 32 |oVquMjY357mNJTS2|
|00003510| 58 79 7a 45 32 4e 6b 61 31 57 69 57 52 53 4a 42 |XyzE2Nka1WiWRSJB|
|00003520| 49 4a 42 6f 64 6b 70 71 63 65 56 4a 53 71 7a 42 |IJBodkpqceVJSqzB|
|00003530| 48 36 6e 72 59 50 36 51 46 4a 52 49 4a 51 71 45 |H6nrYP6QFJRIJQqE|
|00003540| 51 36 58 53 61 53 35 63 75 55 53 71 56 57 4c 5a |Q6XSaS5cuUSqVWLZ|
|00003550| 73 57 61 50 44 6b 71 51 46 53 61 66 54 35 50 4e |sWaPDkqQFSafT5PN|
|00003560| 35 59 48 49 38 59 32 30 6d 64 32 6d 78 7a 4a 4f |5YHI8Y20md2mxzJO|
|00003570| 53 6d 70 30 35 55 74 66 4c 41 6b 43 4c 69 73 56 |Smp05UtfLAkCLisV|
|00003580| 69 68 45 4b 68 36 64 61 4e 59 72 46 6f 74 79 42 |ihEKh6daNYrFotyB|
|00003590| 4a 54 53 47 66 7a 35 50 4e 5a 69 6d 58 79 77 53 |JTSGfz5PNZimXywS|
|000035a0| 44 51 62 71 36 75 68 7a 50 71 42 76 4f 50 43 6d |DQbq6uhzPqBvOPCm|
|000035b0| 70 47 5a 6b 6a 74 56 69 42 61 72 56 61 62 58 51 |pGZkjtViBarVabXQ|
|000035c0| 51 75 6e 6d 71 31 53 72 5a 62 48 5a 36 56 74 42 |Qunmq1SrZbHZ6VtB|
|000035d0| 67 4d 45 67 69 6b 53 41 61 6a 52 49 4d 4f 67 4a |gMEgikSAajRIMOgJ|
|000035e0| 45 30 74 4a 51 71 56 54 49 35 2f 50 6b 63 6a 6b |E0tJQqVTI5/Pkcjk|
|000035f0| 71 6c 51 6f 41 48 52 30 64 4a 42 49 4a 5a 7a 4a |qlQoAHR0dJBIJZzJ|
|00003600| 65 6f 4a 47 52 45 58 70 36 65 68 6f 64 52 74 4d |eoJGREXp6ehodRtM|
|00003610| 77 54 30 70 61 36 73 79 52 71 71 6c 4e 39 72 67 |wT0pa6syRqqlN9rg|
|00003620| 59 46 67 44 61 52 4b 56 53 49 5a 50 4a 54 48 63 |YFgDaRKVSIZPJTHc|
|00003630| 56 67 73 6b 5a 6b 61 50 52 4b 4a 46 49 68 47 41 |VgskZkaPRKJFIhGA|
|00003640| 77 53 43 41 51 6d 50 36 52 70 4a 75 68 57 71 31 |wSCAQmP6RpJuhWq1|
|00003650| 4f 2f 31 51 71 46 59 72 46 49 6f 56 43 67 56 4b |O/1QqFYrFIoVCgVK|
|00003660| 70 4e 4c 31 4e 4c 42 59 6a 6d 55 7a 36 38 48 57 |pNL1NLBYjmUz68HW|
|00003670| 64 4c 41 42 63 48 2f 4f 6b 70 45 59 7a 52 32 6f |dLABcH/OkpEYzR2o|
|00003680| 2b 46 67 43 30 59 4a 56 4b 68 55 4b 68 51 44 36 |+FgC0YJVKhUKhQD6|
|00003690| 66 64 2f 5a 6a 53 55 74 47 4a 42 49 68 46 6f 76 |fd/ZjSUtGJBIhFov|
|000036a0| 5a 36 6e 6f 44 57 41 42 59 48 50 4f 6b 70 4b 58 |Z6noDWABYHPOkpKX|
|000036b0| 47 48 4b 6d 61 47 31 45 41 63 4d 42 49 6d 77 6b |GHKmaG1EAcMBImwk|
|000036c0| 47 67 38 54 6a 63 65 4c 78 4f 4e 56 71 6c 58 77 |Gg8TjceLxONVqlXw|
|000036d0| 2b 54 36 6c 55 6f 6c 4b 70 58 50 45 6a 53 54 64 |+T6lUolKpXPEjSTd|
|000036e0| 44 4d 42 69 38 34 69 63 63 44 68 4f 4c 78 57 78 |DMBi84iccDhOLxWx|
|000036f0| 52 31 5a 4a 68 6e 70 54 55 4b 4f 5a 49 33 51 6f |R1ZJhnpTUKOZI3Qo|
|00003700| 57 41 4e 70 59 49 42 41 67 48 6f 38 33 4f 67 78 |WANpYIBAgHo83Ogx|
|00003710| 4a 6b 70 59 6b 38 36 51 6b 71 64 58 59 68 30 53 |JkpYk86QkqdXYh0S|
|00003720| 53 4a 45 6d 53 70 44 5a 67 41 55 43 53 4a 45 6d |SJEmSpDZgAUCSJEm|
|00003730| 53 70 44 5a 67 41 55 43 53 4a 45 6d 53 70 44 5a |SpDZgAUCSJEmSpDZ|
|00003740| 67 41 55 43 53 4a 45 6d 53 70 44 5a 67 41 55 43 |gAUCSJEmSpDZgAUC|
|00003750| 53 4a 45 6d 53 70 44 5a 67 41 55 43 53 4a 45 6d |SJEmSpDZgAUCSJEm|
|00003760| 53 70 44 5a 67 41 55 43 53 4a 45 6d 53 70 44 5a |SpDZgAUCSJEmSpDZ|
|00003770| 67 41 55 43 53 4a 45 6d 53 70 44 5a 67 41 55 43 |gAUCSJEmSpDZgAUC|
|00003780| 53 4a 45 6d 53 70 44 5a 67 41 55 43 53 4a 45 6d |SJEmSpDZgAUCSJEm|
|00003790| 53 70 44 5a 67 41 55 43 53 4a 45 6d 53 70 44 5a |SpDZgAUCSJEmSpDZ|
|000037a0| 67 41 55 43 53 4a 45 6d 53 70 44 5a 67 41 55 43 |gAUCSJEmSpDZgAUC|
|000037b0| 53 4a 45 6d 53 70 44 5a 67 41 55 43 53 4a 45 6d |SJEmSpDZgAUCSJEm|
|000037c0| 53 70 44 5a 67 41 55 43 53 4a 45 6d 53 70 44 5a |SpDZgAUCSJEmSpDZ|
|000037d0| 67 41 55 43 53 4a 45 6d 53 70 44 5a 67 41 55 43 |gAUCSJEmSpDZgAUC|
|000037e0| 53 4a 45 6d 53 70 44 5a 67 41 55 43 53 4a 45 6d |SJEmSpDZgAUCSJEm|
|000037f0| 53 70 44 5a 67 41 55 43 53 4a 45 6d 53 70 44 5a |SpDZgAUCSJEmSpDZ|
|00003800| 67 41 55 43 53 4a 4f 6c 50 52 2f 6c 2f 65 34 39 |gAUCSJOlPR/l/e49|
|00003810| 79 6f 64 46 78 53 4a 4a 30 45 34 55 62 48 59 43 |yodFxSJJ0E4UbHYC|
|00003820| 75 33 38 54 5a 50 33 4a 30 5a 4f 4b 4b 5a 63 6d |u38TZP3J0ZOKKZcm|
|00003830| 65 4f 39 69 30 4f 74 36 67 69 4a 61 41 67 64 2f |eO9i0Ot6giJaAgd/|
|00003840| 79 67 37 30 58 53 54 33 79 54 5a 37 5a 50 4e 73 |yg70XST3yTZ7ZPNs|
|00003850| 47 52 63 67 43 51 37 2b 41 66 37 67 41 2f 2f 58 |GRcgCQ7+Af7gA//X|
|00003860| 37 45 43 6c 43 49 6e 4b 4c 41 35 55 6b 33 54 4c |7EClCInKLA5Uk3TL|
|00003870| 35 4d 78 77 37 4d 73 6a 52 34 51 6e 79 69 55 36 |5Mxw7MsjR4QnyiU6|
|00003880| 32 62 4e 7a 49 6c 74 75 37 5a 39 77 45 6a 62 4e |2bNzIltu7Z9wEjbN|
|00003890| 2f 7a 77 63 63 76 67 44 6a 66 56 73 6d 38 30 66 |/zwccvgDjfVsm80f|
|000038a0| 36 4e 41 64 50 6a 78 4c 76 75 59 4d 74 69 38 32 |6NAdPjxLvuYMti82|
|000038b0| 72 32 53 78 6b 44 38 4c 66 2f 77 4c 2b 37 67 65 |r2SxkD8Lf/wL+7ge|
|000038c0| 77 4a 67 75 4a 78 4f 4c 32 4b 55 6e 53 64 62 41 |wJguJxOL2KUnSdbA|
|000038d0| 41 30 4d 54 47 42 34 36 79 35 30 6a 2b 71 71 55 |A0MTGB46y50j+qqU|
|000038e0| 44 30 50 30 5a 2f 75 72 62 39 39 48 58 6b 4b 69 |D0P0Z/urb99HXkKi|
|000038f0| 57 75 4a 47 33 34 65 39 2f 42 39 2f 61 44 47 76 |WuJG34e9/B9/aDGv|
|00003900| 57 77 46 73 2f 67 49 4d 37 34 44 2f 73 61 6e 52 |WwFs/gIM74D/sanR|
|00003910| 6b 6b 71 51 62 4c 73 4f 70 76 61 2f 7a 30 6b 42 |kkqQbLsOpva/z0kB|
|00003920| 32 78 72 4c 7a 44 41 36 63 5a 48 66 6e 4b 6e 62 |2xrLzDA6cZHfnKnb|
|00003930| 39 78 55 50 73 75 43 30 45 64 4c 48 74 2f 73 39 |9xUPsuC0EdLHt/s9|
|00003940| 77 62 67 43 32 70 61 59 32 47 7a 37 47 6e 6e 30 |wbgC2paY2Gz7Gnn0|
|00003950| 58 36 62 70 7a 7a 65 49 4b 41 4d 55 42 2b 49 38 |X6bpzzeIKAMUB+I8|
|00003960| 2f 68 73 63 66 42 65 36 41 6b 7a 2b 46 48 30 62 |/hscfBe6Akz+FH0b|
|00003970| 67 50 2f 30 31 57 41 4f 51 4a 4e 31 69 46 67 43 |gP/01WAOQJN1iFgC|
|00003980| 61 58 6f 79 37 6e 33 36 4b 78 33 6f 41 43 70 78 |aXoy7n36Kx3oACpx|
|00003990| 37 2f 35 39 34 59 66 39 48 76 4c 4a 33 48 64 39 |7/594Yf9HvLJ3Hd9|
|000039a0| 2f 5a 4e 33 30 56 71 58 30 61 59 36 65 48 71 55 |/ZN30VqX0aY6eHqU|
|000039b0| 55 37 6d 62 44 78 74 74 5a 54 6f 61 78 58 4a 46 |U7mbDxttZToaxXJF|
|000039c0| 77 52 7a 66 4a 36 62 4e 67 67 67 75 6e 54 7a 4f |wRzfJ6bNgggunTzO|
|000039d0| 55 6e 69 44 63 75 59 37 2b 32 31 64 79 35 53 33 |UniDcuY7+21dy5S3|
|000039e0| 50 48 4f 74 4c 55 2f 75 4b 64 70 4b 4d 68 61 61 |PHOtLU/uKdpKMhaa|
|000039f0| 33 7a 61 51 6e 4b 49 55 53 4c 45 39 45 70 35 59 |3zaQnKIUSLE9Ep5Y|
|00003a00| 56 79 4b 53 7a 6e 31 35 32 64 6f 68 6a 49 78 6c |VyKSzn152dohjIxl|
|00003a10| 49 72 47 52 54 61 74 32 4d 65 47 62 73 75 36 4f |IrGRTat2MeGbsu6O|
|00003a20| 62 5a 50 6b 4d 78 34 59 67 31 62 39 6d 4f 71 37 |bZPkMx4Yg1b9mOq7|
|00003a30| 70 34 36 72 39 37 6e 78 66 31 2f 4b 74 38 4c 64 |p46r97nxf1/Kt8Ld|
|00003a40| 6a 38 50 4c 4c 63 41 59 34 39 54 67 38 73 36 50 |j8PLLcAY49Tg8s6P|
|00003a50| 2b 72 31 75 53 31 43 54 4b 44 4c 2f 78 57 31 34 |+r1uS1CTKDL/xW14|
|00003a60| 61 79 42 50 72 32 38 51 33 76 6e 49 58 66 62 45 |ayBPr28Q3vnIXfbE|
|00003a70| 51 4d 4d 48 77 2b 32 2f 77 30 76 37 7a 37 48 6e |QMMHw+2/w0v7z7Hn|
|00003a80| 35 64 65 4c 50 50 73 71 57 47 43 52 58 62 32 48 |5deLPPsqWGCRXb2H|
|00003a90| 6e 62 52 42 4c 41 45 79 51 79 5a 59 42 4b 4a 57 |nbRBLAEyQyZYBKJW|
|00003aa0| 7a 6a 4b 56 48 43 55 64 6a 55 4d 68 54 49 6b 4b |zjKVHCUdjUMhTIkK|
|00003ab0| 79 4d 33 6e 6c 44 56 52 2b 6e 4c 46 43 35 61 71 |yM3nlDVR+nLFC5aq|
|00003ac0| 63 4f 69 57 53 67 6e 2f 39 6c 2f 43 4c 6e 30 33 |cOiWSgn/9l/CLn03|
|00003ad0| 2b 2b 2b 30 2f 67 33 2f 31 4b 4e 6a 78 54 4a 4c |+++0/g3/1KNjxTJL|
|00003ae0| 55 41 42 59 41 57 6b 71 55 33 73 2b 74 70 32 2f |UABYAWkqU3s+tp2/|
|00003af0| 2f 42 77 79 4e 6e 43 66 44 4f 70 4b 4d 63 2f 44 |/BwyNnCfDOpKMc/D|
|00003b00| 56 66 32 4c 50 55 50 48 79 5a 6e 73 50 73 6e 6c |Vf2LPUPHyZnsPsnl|
|00003b10| 39 6c 49 48 42 39 4f 57 75 38 74 6d 6a 76 50 69 |9lIHB9OWu8tmjvPi|
|00003b20| 50 48 7a 42 59 71 47 30 30 41 4e 45 56 50 50 37 |PHzBYqG00ANEVPP7|
|00003b30| 74 52 39 6d 57 6d 47 64 39 2b 53 67 76 76 58 43 |tR9mWmGd9+SgvvXC|
|00003b40| 53 73 66 57 66 35 39 38 39 76 6e 46 71 39 5a 76 |SsfWf5989vnFq9Zv|
|00003b50| 38 61 4f 39 46 36 45 7a 78 6e 57 63 66 6f 42 64 |8aO9F6EzxnWcfoBd|
|00003b60| 67 35 44 31 65 65 48 45 49 37 76 77 53 66 37 4f |g5D1eeHEI7vwSf7O|
|00003b70| 7a 46 38 36 2b 79 2f 4f 76 6e 75 52 38 34 58 4a |zF86+y/OvnuR84XJ|
|00003b80| 6f 65 34 69 78 65 64 66 44 2f 49 76 2b 72 73 6b |oe4ixedfD/Iv+rsk|
|00003b90| 46 4a 33 37 50 6a 2f 64 65 5a 46 58 66 43 73 61 |FJ37Pj/deZFXfCsa|
|00003ba0| 48 4c 35 4c 76 54 50 47 64 2f 6a 58 45 5a 7a 6d |HL5LvTPGd/jXEZzm|
|00003bb0| 75 50 63 54 59 76 44 37 4b 4e 51 32 39 44 53 2b |uPcTYvD7KNQ29DS+|
|00003bc0| 38 44 48 54 42 6d 69 34 34 75 52 74 2b 6c 6f 57 |8DHTBmi44uRt+loW|
|00003bd0| 2f 73 79 56 47 6b 6c 72 4b 6e 39 35 6c 39 35 45 |/syVGklrKn95l95E|
|00003be0| 38 39 47 37 69 75 61 64 32 7a 43 67 51 78 2b 6e |89G7iuad2zCgQx+n|
|00003bf0| 37 33 4b 4e 38 49 2f 51 6d 62 77 31 56 47 42 6f |73KN8I/Qmbw1VGBo|
|00003c00| 61 5a 30 74 2f 46 2b 66 32 76 38 37 2f 50 73 4a |aZ0t/F+f2v87/PsJ|
|00003c10| 6b 55 5a 32 44 76 4c 42 2f 44 49 44 73 77 4e 76 |kUZ2DvLB/DIDswNv|
|00003c20| 38 65 41 43 36 37 76 77 7a 37 68 6e 35 5a 2f 61 |8eAC67vwz7hn5Z/a|
|00003c30| 65 69 37 44 31 71 61 2f 7a 78 48 51 33 75 7a 49 |ei7D1qa/zxHQ3uzI|
|00003c40| 66 2f 75 59 33 37 42 35 65 7a 69 50 66 2b 33 50 |f/uY37B5eziPf+3P|
|00003c50| 75 75 66 72 4f 61 6d 77 41 66 76 59 7a 4b 48 59 |uufrOamwAfvYzKHY|
|00003c60| 42 58 56 44 38 5a 33 68 68 48 4c 37 2f 66 55 68 |BXVD8Z3hhHL7/fUh|
|00003c70| 5a 42 5a 41 6b 33 56 6f 57 41 46 72 4e 38 49 58 |ZBZAk3VoWAFrN8IX|
|00003c80| 4a 43 59 77 53 43 5a 4c 41 75 54 64 65 5a 38 39 |JCYwSCZLAuTdeZ89|
|00003c90| 51 6b 64 6a 4b 46 49 2f 76 32 73 47 47 52 49 5a |QkdjKFI/v2sGGRIZ|
|00003ca0| 54 2b 39 39 6d 39 35 48 30 46 62 39 32 37 49 33 |T+99m95H0Fb927I3|
|00003cb0| 44 44 42 5a 69 62 48 33 71 7a 33 6d 69 4c 38 6a |DDBZibH3qz3miL8j|
|00003cc0| 59 48 31 37 6e 4a 32 39 64 35 49 33 39 48 37 50 |YH17nJ29d5I39H7P|
|00003cd0| 74 6b 58 58 7a 72 4e 39 49 66 2f 64 4a 44 6c 77 |tkXXzrN9If/dJDlw|
|00003ce0| 34 7a 7a 6b 32 30 67 73 63 4f 7a 55 36 75 65 50 |4zzk20gscOzU6ueP|
|00003cf0| 30 42 59 36 6d 6f 62 63 54 4a 6f 5a 48 47 53 66 |0BY6mobcTJoZHGSf|
|00003d00| 47 33 58 66 32 51 76 36 50 76 50 6a 71 53 63 34 |G3Xf2Qv6PvPjqSc4|
|00003d10| 58 59 6d 7a 39 79 68 64 35 5a 45 4d 6e 35 62 4e |XYmz9yhd5ZEMn5bN|
|00003d20| 48 2b 50 57 72 78 78 6a 59 38 7a 72 78 7a 69 64 |H+PWrxxjY8zrxzid|
|00003d30| 35 62 48 56 6f 4f 72 37 7a 77 32 6c 53 64 32 35 |5bHVoOr7zw2lSd25|
|00003d40| 69 63 39 38 61 75 68 5a 77 58 4a 2f 79 32 52 31 |ic98auhZwXJ/y2R1|
|00003d50| 77 4c 37 43 6a 43 50 2b 51 67 2f 2f 38 42 42 78 |wL7CjCP+Qg//8BBx|
|00003d60| 63 36 63 4f 2f 4a 4c 57 59 43 30 66 4f 63 42 46 |c6cO/JLWYC0fOcBF|
|00003d70| 49 62 62 31 72 6c 74 35 68 49 66 71 32 37 2b 54 |Ibb1rlt5hIfq27+T|
|00003d80| 70 37 58 50 38 63 73 38 4f 6e 72 31 2f 6e 42 2f |p7XP8cs8Onr1/nB/|
|00003d90| 74 48 79 4f 78 2b 56 36 65 2f 55 4c 33 5a 43 2b |tHyOx+V6e/UL3ZC+|
|00003da0| 33 6f 56 57 38 73 65 63 38 70 77 59 2b 68 72 36 |3oVW8sec8pwY+hr6|
|00003db0| 70 58 6e 62 35 77 78 77 61 68 74 44 36 6a 64 77 |pXnb5wxwahtD6jdw|
|00003dc0| 54 6d 32 56 66 79 37 66 42 7a 6b 64 68 38 32 66 |Tm2Vfy7fBzkdh82f|
|00003dd0| 68 76 37 77 4e 33 2f 74 72 65 47 76 4d 68 33 39 |hv7wN3/treGvMh39|
|00003de0| 4a 55 6b 4e 59 41 47 68 36 52 55 36 39 39 54 6f |JUkNYAGh6RU699To|
|00003df0| 76 68 6f 44 79 42 4f 65 47 30 32 53 4a 63 66 63 |vhoDyBOeG02SJcfc|
|00003e00| 58 4e 67 49 6e 65 47 73 67 44 36 46 56 50 50 62 |XNgIneGsgD6FVPPb|
|00003e10| 4e 42 39 67 45 51 4a 78 4e 4f 78 2b 6a 6e 48 32 |NB9gEQJxNOx+jnH2|
|00003e20| 46 58 77 39 57 70 76 64 53 4c 6c 65 41 49 75 4e |FXw9WpvdSLleAIuN|
|00003e30| 2f 6d 71 44 55 31 38 33 79 37 51 2f 7a 4e 78 73 |/mqDU183y7Q/zNxs|
|00003e40| 6d 75 2b 76 50 76 7a 37 4b 6c 72 34 59 42 34 37 |mu+vPvz7Klr4YB47|
|00003e50| 55 48 76 62 50 4d 48 69 32 51 6c 66 66 43 68 69 |UHvbPMHi2QlffChi|
|00003e60| 2b 79 43 65 6e 79 37 41 56 6a 67 2b 6d 6f 61 4f |+yCeny7AVjg+moaO|
|00003e70| 50 4c 54 30 77 39 76 74 6a 44 42 5a 67 31 66 32 |PLT0w9vtjDBZg1f2|
|00003e80| 50 38 73 53 47 71 56 75 7a 31 54 74 34 35 76 45 |P8sSGqVuz1Tt45vE|
|00003e90| 4d 50 2f 7a 6c 4d 49 66 65 4f 63 46 6a 54 39 34 |MP/zlMIfeOcFjT94|
|00003ea0| 78 48 56 2f 58 6e 51 2f 79 7a 4d 37 65 71 58 2b |xHV/XnQ/yzM7eqX+|
|00003eb0| 64 59 48 65 64 78 2f 56 70 50 66 44 4d 72 73 6d |dYHedx/VpPfDMrsm|
|00003ec0| 65 41 4e 2f 4b 51 75 52 65 63 50 69 2f 4a 4c 57 |eAN/KQuRecPi/JLW|
|00003ed0| 63 38 36 4e 35 49 4d 61 4b 6c 61 46 35 74 2f 32 |c86N5IMaKlaF5t/2|
|00003ee0| 30 4f 4d 6e 45 35 4f 2b 46 51 77 6d 57 64 33 5a |0OMnE5O+FQwmWd3Z|
|00003ef0| 50 4c 75 37 66 78 4a 59 33 7a 33 50 34 31 43 42 |PLu7fxJY3z3P41CB|
|00003f00| 44 6a 36 77 6a 42 56 78 34 66 34 68 50 69 4c 42 |Dj6wjBVx4f4hPiLB|
|00003f10| 31 2b 38 59 35 39 68 57 42 4a 35 36 42 6b 51 2f |1+8Y59hWBJ56BkQ/|
|00003f20| 68 57 33 64 41 4f 41 58 50 66 50 59 36 59 70 49 |hW3dAOAXPfPY6YpI|
|00003f30| 6b 61 66 46 38 44 57 44 54 71 35 41 5a 47 65 57 |kafF8DWDTq5AZGeW|
|00003f40| 54 73 36 4e 38 4d 6c 4a 6d 2b 63 62 50 38 4c 56 |Ts6N8MlJm+cbP8LV|
|00003f50| 6e 70 31 72 50 30 36 4e 63 4c 41 4f 72 31 37 44 |np1rP06NcLAOr17D|
|00003f60| 6c 69 74 38 4a 73 53 58 56 65 63 57 53 4c 59 2f |lit8JsSXVecWSLY/|
|00003f70| 63 78 66 70 6f 68 61 46 39 72 2f 48 66 66 76 77 |cxfpohaF9r/Hffvw|
|00003f80| 4b 7a 37 2f 36 48 71 65 79 38 65 6d 78 2b 76 4f |Kz7/6Hqey8emx+vO|
|00003f90| 74 37 37 32 7a 6c 79 36 79 44 4a 32 61 67 50 54 |t772zly6yDJ2agPT|
|00003fa0| 48 44 4f 57 43 39 4e 36 31 69 56 51 55 68 6f 63 |HDOWC9N61iVQUhoc|
|00003fb0| 47 67 55 47 4f 6e 34 58 59 37 53 6c 53 77 4c 6e |GgUGOn4XY7SlSwLn|
|00003fc0| 52 43 53 42 47 58 2b 71 71 64 70 6d 2b 6c 61 77 |RCSBGX+qqdpm+law|
|00003fd0| 45 47 4c 33 49 75 52 6d 4c 6c 36 2f 75 76 66 79 |EGL3IuRmLl6/uvfy|
|00003fe0| 50 42 52 7a 58 6e 46 4c 33 77 71 34 76 77 66 4c |PBRzXnFL3wq4vwfL|
|00003ff0| 36 4e 70 63 6b 4e 5a 65 75 7a 71 6e 6d 2b 50 4b |6NpckNZeuzqnm+PK|
|00004000| 4e 33 4f 73 36 74 74 30 65 67 63 49 5a 33 6a 31 |N3Os6tt0egcIZ3j1|
|00004010| 65 42 6b 59 35 50 4a 69 46 37 6a 37 75 6d 32 2f |eBkY5PJiF7j7um2/|
|00004020| 6d 33 5a 35 74 73 47 73 58 72 4c 58 6c 58 35 4c |m3Z5tsGsXrLXlX5L|
|00004030| 55 4f 50 59 41 61 48 6f 78 74 6a 31 56 6d 77 54 |UOPYAaHoxtj1VmwT|
|00004040| 77 4b 74 45 51 4d 59 44 53 42 42 4e 77 78 59 52 |wKtEQMYDSBBNwxYR|
|00004050| 2b 45 2b 57 72 57 73 6b 54 57 33 6a 36 75 63 38 |+E+WrWskTW3j6uc8|
|00004060| 79 64 76 6f 6f 42 7a 34 59 35 74 6a 51 45 4c 75 |ydvooBz4Y5tjQELu|
|00004070| 48 68 6e 6a 33 2f 73 66 34 37 75 65 36 35 31 2f |Hhnj3/sf47ue651/|
|00004080| 66 6b 79 4c 56 4d 63 54 52 34 59 2b 5a 34 44 77 |fkyLVMcTR4Y+Z4Dw|
|00004090| 58 36 65 61 2b 44 62 63 54 47 33 69 62 77 32 66 |X6ea+DbcTG3ibw2f|
|000040a0| 50 4d 33 77 57 68 73 73 52 2b 6a 66 66 44 6b 43 |PM3wWhssR+jffDkC|
|000040b0| 38 4e 6c 6e 67 6e 44 64 6d 51 65 5a 73 73 31 6e |8NlngnDdmQeZss1n|
|000040c0| 49 63 55 6d 53 32 6c 4c 66 36 69 51 63 75 63 6a |IcUmS2lLf6iQcucj|
|000040d0| 51 71 56 46 59 33 58 33 44 39 70 76 61 30 63 65 |QqVFY3X3D9pva0ce|
|000040e0| 4b 67 59 38 34 64 58 77 51 45 6d 66 34 63 42 54 |KgY84dXwQEmf4cBT|
|000040f0| 57 50 72 68 39 73 6e 67 74 53 64 49 53 5a 77 2b |WPrh9sngtSdISZw+|
|00004100| 41 56 68 62 72 6f 37 63 54 4f 50 63 78 42 2f 34 |AVhbro7cTOPcxB/4|
|00004110| 30 63 38 55 5a 39 6e 30 77 63 36 7a 38 4b 42 2f |0c8UZ9n0wc6z8KB/|
|00004120| 75 66 5a 30 58 58 2f 32 41 38 64 75 33 38 39 69 |ufZ0XX/2A8du389i|
|00004130| 54 6a 2f 50 39 66 33 4d 76 6d 36 4e 77 2f 73 67 |Tj/P9f3Mvm6Nw/sg|
|00004140| 66 75 54 44 76 65 71 69 31 69 70 53 48 50 32 62 |fuTDveqi1ipSHP2b|
|00004150| 76 59 42 70 36 56 39 49 50 62 4e 72 51 44 62 6b |vYBp6V9IPbNrQDbk|
|00004160| 4c 48 44 70 79 67 57 79 6f 6d 2f 36 70 46 70 4a |LHDpygWyom/6pFpJ|
|00004170| 55 58 79 65 51 35 39 69 52 30 31 65 45 6e 44 6c |UXyeQ59iR01eEnDl|
|00004180| 38 6d 6d 45 67 30 62 64 75 37 70 75 70 75 6f 39 |8mmEg0bdu7pupuo9|
|00004190| 4c 6b 74 53 32 4e 6d 39 69 61 77 64 63 50 50 67 |LktS2Nm9iawdcPPg|
|000041a0| 47 72 35 32 39 75 74 70 38 68 74 64 65 2b 4c 2f |Gr529utp8htde+L/|
|000041b0| 38 34 48 2b 38 78 43 75 6e 46 74 68 46 34 4c 62 |84H+8xCunFthF4Lb|
|000041c0| 74 33 4e 30 4c 35 63 45 54 76 50 6a 4f 47 62 4b |t3N0L5cETvPjOGbK|
|000041d0| 68 56 64 79 7a 66 52 47 76 43 5a 51 6b 36 52 61 |hVdyzfRGvCZQk6Ra|
|000041e0| 79 42 30 42 4c 36 2b 57 68 2b 31 64 77 64 4d 39 |yB0BL6+Wh+1dwdM9|
|000041f0| 46 44 72 7a 38 4b 6d 4e 33 70 6b 68 31 46 6a 6c |FDrz8KmN3pkh1Fjl|
|00004200| 2b 38 43 53 44 56 7a 77 6e 64 37 4f 63 55 51 61 |+8CSDVzwnd7OcUQa|
|00004210| 48 7a 6e 50 75 56 58 68 77 66 59 54 38 75 57 45 |HznPuVXhwfYT8uWE|
|00004220| 47 43 78 44 71 57 38 6c 4b 75 73 6c 65 63 2f 32 |GCxDqW8lKuslec/2|
|00004230| 6b 31 4f 5a 56 78 41 61 47 4f 54 77 4d 4b 33 61 |k1OZVxAaGOTwMK3a|
|00004240| 73 6e 32 79 5a 58 37 2b 53 74 52 7a 6a 38 41 43 |sn2yZX7+StRzj8AC|
|00004250| 45 31 6d 2b 5a 47 71 38 50 62 4c 36 4c 7a 37 2f |E1m+ZGq8PbL6Lz7/|
|00004260| 7a 4f 39 34 62 32 4d 2f 2f 7a 4a 37 6e 76 71 6c |zO94b2M//zJ7nvql|
|00004270| 39 48 68 68 49 55 34 36 75 59 4f 66 39 36 35 68 |9HhhIU46uYOf965h|
|00004280| 62 76 63 63 6c 53 57 70 66 74 2f 50 45 34 32 66 |bvcclSWpft/PE42f|
|00004290| 34 35 4f 57 50 4f 50 54 79 72 78 68 4b 72 57 48 |45OWPOPTyrxhKrWH|
|000042a0| 72 2b 67 53 78 39 43 6a 76 48 54 6e 4c 78 51 4c |r+gSx9CjvHTnLxQL|
|000042b0| 45 55 6c 74 35 62 4d 4d 63 2f 63 31 57 4a 75 6e |EUlt5bMMc/c1WJun|
|000042c0| 69 49 75 4e 44 52 39 6c 2f 2b 41 7a 4c 65 2b 35 |iIuNDR9l/+AzLe+5|
|000042d0| 67 79 2b 6f 34 45 4f 65 65 37 5a 4f 54 41 51 34 |gy+o4EOee7ZOTAQ4|
|000042e0| 4f 51 32 4c 7a 70 71 75 47 6f 30 6d 53 74 48 54 |OQ2LzpquGo0mStHT|
|000042f0| 5a 41 36 44 46 78 66 73 66 35 71 38 65 57 6b 56 |ZA6DFxfsf5q8eWkV|
|00004300| 58 4f 63 76 41 77 51 48 32 37 44 76 4a 4a 39 45 |XOcvAwQH27DvJJ9E|
|00004310| 55 33 37 68 2f 78 52 58 62 70 52 37 35 4d 6c 2f |U37h/xRXbpR75Ml/|
|00004320| 64 47 43 4d 2f 64 4a 49 39 2b 77 62 59 4e 35 43 |dGCM/dJI9+wbYN5C|
|00004330| 47 6c 53 6d 2b 76 6e 4e 6a 58 65 73 42 36 46 74 |GlSm+vnNjXesB6Ft|
|00004340| 44 4b 67 51 51 49 39 55 2f 31 64 30 79 74 70 35 |DKgQQI9U/1d0ytp5|
|00004350| 55 4e 30 43 51 44 66 33 72 5a 33 78 69 4c 31 39 |UN0CQDf3rZ3xiL19|
|00004360| 2b 35 6b 76 73 53 73 58 49 7a 4e 68 6e 71 44 66 |+5kvsSsXIzNhnqDf|
|00004370| 46 31 37 37 35 38 4f 53 72 42 78 64 34 58 45 4f |F17758OSrBxd4XEO|
|00004380| 68 76 6b 38 64 6c 79 53 70 6a 61 32 2b 6a 2b 65 |hvk8dlySpja2+j+e|
|00004390| 65 76 5a 66 37 2b 6f 4b 4d 44 51 32 78 62 39 38 |evZf7+oKMDQ2xb98|
|000043a0| 41 65 77 36 65 35 57 4b 6f 6b 38 30 50 66 59 6d |Aew6e5WKok80PfYm|
|000043b0| 2f 66 58 4c 4c 4c 47 38 49 6d 4e 4a 7a 46 7a 73 |/fXLLLG8ImNJzFzs|
|000043c0| 33 78 67 69 6c 7a 37 4a 76 33 77 42 76 44 49 78 |3xgilz7Jv3wBvDIx|
|000043d0| 66 58 74 66 2f 57 62 5a 45 41 52 4a 73 32 33 47 |fXtf/WbZEARJs23G|
|000043e0| 74 67 72 55 6b 53 55 74 4c 6f 46 71 74 56 68 73 |tgrUkSUtLoFqtVhs|
|000043f0| 64 68 47 36 46 4d 68 50 5a 4e 4f 56 6f 4e 38 6c |dhG6FMhPZNOVoN8l|
|00004400| 72 39 76 73 6f 6b 45 6c 6e 6f 57 4f 75 37 65 5a |r9vsokElnoWOu7eZ|
|00004410| 62 66 7a 30 4b 5a 4e 49 54 68 44 71 37 57 48 67 |bfz0KZNIThDq7WHg|
|00004420| 6e 79 6e 71 50 53 35 4c 61 77 38 6a 49 43 44 30 |nynqPS5Law8jICD0|
|00004430| 39 73 30 30 4d 6f 78 73 6d 2f 77 64 65 2b 4f 6b |9s00Moxsm/wde+Ok|
|00004440| 41 6e 2f 52 75 35 74 2f 2b 35 66 62 72 79 46 32 |An/Ru5t/+5fbryF2|
|00004450| 53 4a 43 33 63 2b 50 6a 34 2f 42 76 4e 77 30 65 |SJC3c+Pj4/BvNw0e|
|00004460| 6d 74 68 45 69 6e 71 68 6e 45 71 51 6f 79 63 37 |mthEinqhnEqQoyc7|
|00004470| 6f 49 74 5a 66 6a 38 58 73 73 39 37 6a 6b 69 54 |oItZfj8Xss97jkiT|
|00004480| 70 78 70 68 38 39 56 2b 51 2f 75 31 62 66 66 69 |pxph89V+Q/u1bffi|
|00004490| 58 4a 44 55 56 68 77 42 49 6b 69 54 56 37 57 4d |XJDUVhwBIkiTV7WM|
|000044a0| 4f 44 47 53 68 59 77 33 33 39 4d 2f 35 76 68 70 |ODGShYw339M/5vhp|
|000044b0| 4a 6b 70 59 6b 43 77 43 53 4a 45 6c 31 4b 70 30 |JkpYkCwCSJEl1Kp0|
|000044c0| 36 77 56 41 35 77 74 72 74 57 30 6b 31 4f 68 68 |6wVA5wtrtW0k1Ohh|
|000044d0| 4a 6b 68 62 49 4f 51 41 6b 53 57 6f 68 7a 67 45 |JkhbIOQAkSWohzgE|
|000044e0| 67 53 56 4a 72 75 68 46 7a 41 4e 67 44 51 4a 49 |gSVJruhFzANgDQJI|
|000044f0| 6b 53 5a 4b 6b 4e 6d 41 42 51 4a 49 6b 53 5a 4b |kSZKkNmABQJIkSZK|
|00004500| 6b 4e 6d 41 42 51 4a 49 6b 53 5a 4b 6b 4e 6d 41 |kNmABQJIkSZKkNmA|
|00004510| 42 51 4a 49 6b 53 5a 4b 6b 4e 6d 41 42 51 4a 49 |BQJIkSZKkNmABQJI|
|00004520| 6b 53 5a 4b 6b 4e 6d 41 42 51 4a 49 6b 53 5a 4b |kSZKkNmABQJIkSZK|
|00004530| 6b 4e 6d 41 42 51 4a 49 6b 53 5a 4b 6b 4e 6d 41 |kNmABQJIkSZKkNmA|
|00004540| 42 51 4a 49 6b 53 5a 4b 6b 4e 68 42 75 64 41 43 |BQJIkSZKkNhBudAC|
|00004550| 53 4a 45 6d 53 4a 47 6e 68 76 76 76 64 37 38 36 |SJEmSJGnhvvvd786|
|00004560| 35 37 76 6e 6e 6e 2f 2f 55 4d 6e 73 41 53 4a 49 |57vnnn//UMnsASJI|
|00004570| 6b 53 5a 4c 55 68 47 5a 37 79 4c 2f 57 38 6b 43 |kSZLUhGZ7yL/W8kC|
|00004580| 31 57 71 33 65 7a 49 43 30 64 46 55 71 46 51 71 |1Wq3ezIC0dFUqFQq|
|00004590| 46 41 71 56 53 69 55 71 6c 63 73 57 50 4a 4e 30 |FAqVSiUqlcsWPJN0|
|000045a0| 4d 77 57 44 77 69 70 39 77 4f 45 77 30 47 69 55 |MwWDwip9wOEw0GiU|
|000045b0| 59 74 42 35 39 6f 34 79 4d 6a 4e 44 54 30 39 50 |YtB59o4yMjNDT09P|
|000045c0| 6f 4d 46 71 43 65 56 4c 53 72 57 53 4f 31 48 7a |oMFqCeVLSrWSO1Hz|
|000045d0| 47 78 38 66 6e 58 44 65 7a 4a 38 42 63 44 2f 39 |Gx8fnXDezJ8BcD/9|
|000045e0| 67 41 61 44 74 6c 45 6f 6c 38 76 6b 38 68 55 4b |gAaDtlEol8vk8hUK|
|000045f0| 42 63 72 6e 63 36 48 41 6b 43 59 42 51 4b 45 51 |Bcrnc6HAkCYBQKEQ|
|00004600| 30 47 69 55 57 69 78 45 4f 4f 7a 70 74 4d 53 77 |0GiUWixEOOzptMSw|
|00004610| 41 4c 49 35 35 55 74 4a 53 59 34 35 55 7a 62 55 |ALI55UtJSY45UzbU|
|00004620| 4b 41 44 42 5a 42 4c 6a 57 77 7a 39 59 41 47 67 |KADBZBLjWwz9YAGg|
|00004630| 62 70 56 4b 4a 54 43 5a 44 73 56 69 63 58 68 59 |bpVKJTCZDsVicXhY|
|00004640| 49 42 49 68 45 49 6b 51 69 6b 65 6c 4b 59 79 67 |IBIhEIkQikelKYyg|
|00004650| 55 73 73 6f 6f 36 61 61 70 56 43 71 55 79 2b 58 |Ussoo6aapVCqUy+X|
|00004660| 70 56 74 52 69 73 55 69 78 57 47 52 6d 4b 6f 70 |pVtRisUixWGRmKop|
|00004670| 45 49 69 53 54 53 57 39 79 72 70 4d 46 67 4f 74 |EIiSTSW9yrpMFgOt|
|00004680| 6a 6e 70 54 55 61 4f 5a 49 7a 57 65 2b 41 6b 41 |jnpTUaOZIzWe+AkA|
|00004690| 39 4c 41 43 30 75 48 4b 35 54 44 61 62 4a 5a 2f |9LAC0uHK5TDabJZ/|
|000046a0| 50 41 35 4e 64 69 7a 6f 36 4f 6f 68 47 6f 34 52 |PA5Ndizo6OohGo4R|
|000046b0| 43 6f 51 5a 48 4a 30 6d 54 53 71 55 53 78 57 4b |CoQZHJ0mTSqUSxWK|
|000046c0| 52 58 43 34 33 33 62 30 36 46 6f 75 52 54 43 5a |RXC433b06FouRTCZ|
|000046d0| 39 32 46 6f 67 43 77 41 4c 59 35 36 55 74 4e 53 |92FogCwALY56UtNS|
|000046e0| 5a 49 31 56 6a 41 55 44 58 6c 4d 2f 6e 53 61 66 |ZI1VjAUDXlM/nSaf|
|000046f0| 54 77 47 51 72 52 69 4b 52 6f 4b 4f 6a 6f 38 46 |TwGQrRiKRoKOjo8F|
|00004700| 52 53 64 4b 31 35 58 49 35 73 74 6e 73 64 49 74 |RSdK15XI5stnsdIt|
|00004710| 48 56 31 63 58 30 57 69 30 77 56 45 31 44 77 73 |HV1cX0Wi0wVE1Dws|
|00004720| 41 39 54 4e 50 53 6d 6f 32 35 73 6a 32 5a 67 46 |A9TNPSmo25sj2ZgF|
|00004730| 41 63 38 72 6c 63 6d 51 79 47 51 44 69 38 54 6a |Ac8rlcmQyGQDi8Tj|
|00004740| 4a 5a 4a 4a 41 49 4e 44 67 71 43 53 70 50 74 56 |JZJJAINDgqCSpPtV|
|00004750| 71 6c 55 75 58 4c 6b 32 33 79 69 35 62 74 6f 78 |qlUuXLk23yi5btox|
|00004760| 34 50 4e 37 67 71 4a 71 44 42 59 44 36 6d 43 63 |4PN7gqJqDBYD6mCc|
|00004770| 6c 4e 53 74 7a 5a 50 75 36 45 51 55 41 42 34 2b |lNStzZPu6EQUAB4+|
|00004780| 30 6f 45 75 58 4c 6a 45 78 4d 51 46 34 51 5a 44 |0oEuXLjExMQF4QZD|
|00004790| 55 6e 41 4b 42 41 4a 32 64 6e 59 54 44 59 54 4b |UnAKBAJ2dnYTDYTK|
|000047a0| 5a 44 4a 63 75 58 61 4a 63 4c 70 4e 4d 4a 68 73 |ZDJcuXaJcLpNMJhs|
|000047b0| 64 6d 6c 71 41 65 56 4a 53 4d 7a 4e 48 61 6a 45 |dmlqAeVJSMzNHajE|
|000047c0| 73 41 4c 53 59 54 43 62 44 78 4d 51 45 67 55 43 |sALSYTCbDxMQEgUC|
|000047d0| 41 72 71 34 75 49 70 46 49 6f 30 4f 53 70 4f 76 |Arq4uIpFIo0OSpOv|
|000047e0| 57 30 64 46 42 4f 42 78 6d 66 48 79 63 58 43 34 |W0dFBOBxmfHycXC4|
|000047f0| 48 34 41 32 4f 46 73 55 38 4b 61 6c 56 6d 43 4e |H4A2OFsU8KalVmCN|
|00004800| 31 50 5a 77 31 6f 6f 58 6b 38 33 6c 79 75 52 79 |1PZw1ooXk83lyuRy|
|00004810| 42 51 49 44 75 37 6d 35 76 61 69 53 31 68 45 67 |BQIDu7m5vaiS1hEg|
|00004820| 6b 51 6e 64 33 4e 34 46 41 67 46 77 75 4e 39 33 |kQnd3N4FAgFwuN93|
|00004830| 6c 55 56 6f 6f 38 36 53 6b 56 6d 4f 4f 31 45 4c |lUVoo86SkVmOO1EL|
|00004840| 39 66 37 65 6d 6d 69 2b 41 57 79 47 44 41 41 41 |9f7emmi+AWyGDAAA|
|00004850| 41 41 45 6c 46 54 6b 53 75 51 6d 43 43 22 7d    |AAElFTkSuQmCC"} |
+--------+-------------------------------------------------+----------------+
&amp#27;[35m22-11-29 16:05:21:589&amp#27;[m [&amp#27;[34mDEBUG&amp#27;[m] Adding key: http://localhost:44632 for channel [id: 0xb21da692, L:/127.0.0.1:52679 - R:localhost/127.0.0.1:44632]
&amp#27;[35m22-11-29 16:05:21:590&amp#27;[m [&amp#27;[30mTRACE&amp#27;[m] [id: 0xb21da692, L:/127.0.0.1:52679 - R:localhost/127.0.0.1:44632] READ COMPLETE
&amp#27;[35m22-11-29 16:05:21:617&amp#27;[m [&amp#27;[34mDEBUG&amp#27;[m] Using pooled Channel '[id: 0xb21da692, L:/127.0.0.1:52679 - R:localhost/127.0.0.1:44632]' for 'POST' to 'http://localhost:44632/session/c221f94085f074930f6565b3a9356933/element'
&amp#27;[35m22-11-29 16:05:21:618&amp#27;[m [&amp#27;[34mDEBUG&amp#27;[m] Using open Channel [id: 0xb21da692, L:/127.0.0.1:52679 - R:localhost/127.0.0.1:44632] for POST '/session/c221f94085f074930f6565b3a9356933/element'
&amp#27;[35m22-11-29 16:05:21:619&amp#27;[m [&amp#27;[30mTRACE&amp#27;[m] [id: 0xb21da692, L:/127.0.0.1:52679 - R:localhost/127.0.0.1:44632] WRITE: 213B
         +-------------------------------------------------+
         |  0  1  2  3  4  5  6  7  8  9  a  b  c  d  e  f |
+--------+-------------------------------------------------+----------------+
|00000000| 50 4f 53 54 20 2f 73 65 73 73 69 6f 6e 2f 63 32 |POST /session/c2|
|00000010| 32 31 66 39 34 30 38 35 66 30 37 34 39 33 30 66 |21f94085f074930f|
|00000020| 36 35 36 35 62 33 61 39 33 35 36 39 33 33 2f 65 |6565b3a9356933/e|
|00000030| 6c 65 6d 65 6e 74 20 48 54 54 50 2f 31 2e 31 0d |lement HTTP/1.1.|
|00000040| 0a 55 73 65 72 2d 41 67 65 6e 74 3a 20 73 65 6c |.User-Agent: sel|
|00000050| 65 6e 69 75 6d 2f 34 2e 36 2e 30 20 28 6a 61 76 |enium/4.6.0 (jav|
|00000060| 61 20 77 69 6e 64 6f 77 73 29 0d 0a 43 6f 6e 74 |a windows)..Cont|
|00000070| 65 6e 74 2d 4c 65 6e 67 74 68 3a 20 39 36 0d 0a |ent-Length: 96..|
|00000080| 43 6f 6e 74 65 6e 74 2d 54 79 70 65 3a 20 61 70 |Content-Type: ap|
|00000090| 70 6c 69 63 61 74 69 6f 6e 2f 6a 73 6f 6e 3b 20 |plication/json; |
|000000a0| 63 68 61 72 73 65 74 3d 75 74 66 2d 38 0d 0a 68 |charset=utf-8..h|
|000000b0| 6f 73 74 3a 20 6c 6f 63 61 6c 68 6f 73 74 3a 34 |ost: localhost:4|
|000000c0| 34 36 33 32 0d 0a 61 63 63 65 70 74 3a 20 2a 2f |4632..accept: */|
|000000d0| 2a 0d 0a 0d 0a                                  |*....           |
+--------+-------------------------------------------------+----------------+
&amp#27;[35m22-11-29 16:05:21:620&amp#27;[m [&amp#27;[30mTRACE&amp#27;[m] [id: 0xb21da692, L:/127.0.0.1:52679 - R:localhost/127.0.0.1:44632] WRITE: 96B
         +-------------------------------------------------+
         |  0  1  2  3  4  5  6  7  8  9  a  b  c  d  e  f |
+--------+-------------------------------------------------+----------------+
|00000000| 7b 0a 20 20 22 75 73 69 6e 67 22 3a 20 22 78 70 |{.  "using": "xp|
|00000010| 61 74 68 22 2c 0a 20 20 22 76 61 6c 75 65 22 3a |ath",.  "value":|
|00000020| 20 22 5c 75 30 30 32 66 5c 75 30 30 32 66 69 6e | "\u002f\u002fin|
|00000030| 70 75 74 5b 40 69 64 3d 27 77 70 77 63 5f 63 75 |put[@id='wpwc_cu|
|00000040| 73 74 6f 6d 5f 72 65 67 69 73 74 72 61 74 69 6f |stom_registratio|
|00000050| 6e 5f 66 69 65 6c 64 5f 31 32 35 27 5d 22 0a 7d |n_field_125']".}|
+--------+-------------------------------------------------+----------------+
&amp#27;[35m22-11-29 16:05:21:620&amp#27;[m [&amp#27;[30mTRACE&amp#27;[m] [id: 0xb21da692, L:/127.0.0.1:52679 - R:localhost/127.0.0.1:44632] FLUSH
&amp#27;[35m22-11-29 16:05:21:620&amp#27;[m [&amp#27;[30mTRACE&amp#27;[m] [id: 0xb21da692, L:/127.0.0.1:52679 - R:localhost/127.0.0.1:44632] WRITE: 0B
&amp#27;[35m22-11-29 16:05:21:620&amp#27;[m [&amp#27;[30mTRACE&amp#27;[m] [id: 0xb21da692, L:/127.0.0.1:52679 - R:localhost/127.0.0.1:44632] FLUSH
&amp#27;[35m22-11-29 16:05:21:631&amp#27;[m [&amp#27;[30mTRACE&amp#27;[m] [id: 0xb21da692, L:/127.0.0.1:52679 - R:localhost/127.0.0.1:44632] READ: 196B
         +-------------------------------------------------+
         |  0  1  2  3  4  5  6  7  8  9  a  b  c  d  e  f |
+--------+-------------------------------------------------+----------------+
|00000000| 48 54 54 50 2f 31 2e 31 20 32 30 30 20 4f 4b 0d |HTTP/1.1 200 OK.|
|00000010| 0a 43 6f 6e 74 65 6e 74 2d 4c 65 6e 67 74 68 3a |.Content-Length:|
|00000020| 38 38 0d 0a 43 6f 6e 74 65 6e 74 2d 54 79 70 65 |88..Content-Type|
|00000030| 3a 61 70 70 6c 69 63 61 74 69 6f 6e 2f 6a 73 6f |:application/jso|
|00000040| 6e 3b 20 63 68 61 72 73 65 74 3d 75 74 66 2d 38 |n; charset=utf-8|
|00000050| 0d 0a 63 61 63 68 65 2d 63 6f 6e 74 72 6f 6c 3a |..cache-control:|
|00000060| 6e 6f 2d 63 61 63 68 65 0d 0a 0d 0a 7b 22 76 61 |no-cache....{"va|
|00000070| 6c 75 65 22 3a 7b 22 65 6c 65 6d 65 6e 74 2d 36 |lue":{"element-6|
|00000080| 30 36 36 2d 31 31 65 34 2d 61 35 32 65 2d 34 66 |066-11e4-a52e-4f|
|00000090| 37 33 35 34 36 36 63 65 63 66 22 3a 22 33 34 30 |735466cecf":"340|
|000000a0| 64 65 36 34 39 2d 37 62 37 35 2d 34 38 31 35 2d |de649-7b75-4815-|
|000000b0| 62 65 39 36 2d 30 34 63 63 30 62 33 37 34 30 34 |be96-04cc0b37404|
|000000c0| 61 22 7d 7d                                     |a"}}            |
+--------+-------------------------------------------------+----------------+
&amp#27;[35m22-11-29 16:05:21:632&amp#27;[m [&amp#27;[34mDEBUG&amp#27;[m] 

Request DefaultHttpRequest(decodeResult: success, version: HTTP/1.1)
POST /session/c221f94085f074930f6565b3a9356933/element HTTP/1.1
User-Agent: selenium/4.6.0 (java windows)
Content-Length: 96
Content-Type: application/json; charset=utf-8
host: localhost:44632
accept: */*

Response DefaultHttpResponse(decodeResult: success, version: HTTP/1.1)
HTTP/1.1 200 OK
Content-Type: application/json; charset=utf-8
cache-control: no-cache
content-length: 88

&amp#27;[35m22-11-29 16:05:21:632&amp#27;[m [&amp#27;[34mDEBUG&amp#27;[m] Adding key: http://localhost:44632 for channel [id: 0xb21da692, L:/127.0.0.1:52679 - R:localhost/127.0.0.1:44632]
&amp#27;[35m22-11-29 16:05:21:632&amp#27;[m [&amp#27;[30mTRACE&amp#27;[m] [id: 0xb21da692, L:/127.0.0.1:52679 - R:localhost/127.0.0.1:44632] READ COMPLETE
&amp#27;[35m22-11-29 16:05:21:636&amp#27;[m [&amp#27;[34mDEBUG&amp#27;[m] Using pooled Channel '[id: 0xb21da692, L:/127.0.0.1:52679 - R:localhost/127.0.0.1:44632]' for 'POST' to 'http://localhost:44632/session/c221f94085f074930f6565b3a9356933/element/340de649-7b75-4815-be96-04cc0b37404a/value'
&amp#27;[35m22-11-29 16:05:21:637&amp#27;[m [&amp#27;[34mDEBUG&amp#27;[m] Using open Channel [id: 0xb21da692, L:/127.0.0.1:52679 - R:localhost/127.0.0.1:44632] for POST '/session/c221f94085f074930f6565b3a9356933/element/340de649-7b75-4815-be96-04cc0b37404a/value'
&amp#27;[35m22-11-29 16:05:21:637&amp#27;[m [&amp#27;[30mTRACE&amp#27;[m] [id: 0xb21da692, L:/127.0.0.1:52679 - R:localhost/127.0.0.1:44632] WRITE: 257B
         +-------------------------------------------------+
         |  0  1  2  3  4  5  6  7  8  9  a  b  c  d  e  f |
+--------+-------------------------------------------------+----------------+
|00000000| 50 4f 53 54 20 2f 73 65 73 73 69 6f 6e 2f 63 32 |POST /session/c2|
|00000010| 32 31 66 39 34 30 38 35 66 30 37 34 39 33 30 66 |21f94085f074930f|
|00000020| 36 35 36 35 62 33 61 39 33 35 36 39 33 33 2f 65 |6565b3a9356933/e|
|00000030| 6c 65 6d 65 6e 74 2f 33 34 30 64 65 36 34 39 2d |lement/340de649-|
|00000040| 37 62 37 35 2d 34 38 31 35 2d 62 65 39 36 2d 30 |7b75-4815-be96-0|
|00000050| 34 63 63 30 62 33 37 34 30 34 61 2f 76 61 6c 75 |4cc0b37404a/valu|
|00000060| 65 20 48 54 54 50 2f 31 2e 31 0d 0a 55 73 65 72 |e HTTP/1.1..User|
|00000070| 2d 41 67 65 6e 74 3a 20 73 65 6c 65 6e 69 75 6d |-Agent: selenium|
|00000080| 2f 34 2e 36 2e 30 20 28 6a 61 76 61 20 77 69 6e |/4.6.0 (java win|
|00000090| 64 6f 77 73 29 0d 0a 43 6f 6e 74 65 6e 74 2d 4c |dows)..Content-L|
|000000a0| 65 6e 67 74 68 3a 20 31 33 31 0d 0a 43 6f 6e 74 |ength: 131..Cont|
|000000b0| 65 6e 74 2d 54 79 70 65 3a 20 61 70 70 6c 69 63 |ent-Type: applic|
|000000c0| 61 74 69 6f 6e 2f 6a 73 6f 6e 3b 20 63 68 61 72 |ation/json; char|
|000000d0| 73 65 74 3d 75 74 66 2d 38 0d 0a 68 6f 73 74 3a |set=utf-8..host:|
|000000e0| 20 6c 6f 63 61 6c 68 6f 73 74 3a 34 34 36 33 32 | localhost:44632|
|000000f0| 0d 0a 61 63 63 65 70 74 3a 20 2a 2f 2a 0d 0a 0d |..accept: */*...|
|00000100| 0a                                              |.               |
+--------+-------------------------------------------------+----------------+
&amp#27;[35m22-11-29 16:05:21:638&amp#27;[m [&amp#27;[30mTRACE&amp#27;[m] [id: 0xb21da692, L:/127.0.0.1:52679 - R:localhost/127.0.0.1:44632] WRITE: 131B
         +-------------------------------------------------+
         |  0  1  2  3  4  5  6  7  8  9  a  b  c  d  e  f |
+--------+-------------------------------------------------+----------------+
|00000000| 7b 0a 20 20 22 69 64 22 3a 20 22 33 34 30 64 65 |{.  "id": "340de|
|00000010| 36 34 39 2d 37 62 37 35 2d 34 38 31 35 2d 62 65 |649-7b75-4815-be|
|00000020| 39 36 2d 30 34 63 63 30 62 33 37 34 30 34 61 22 |96-04cc0b37404a"|
|00000030| 2c 0a 20 20 22 74 65 78 74 22 3a 20 22 53 61 79 |,.  "text": "Say|
|00000040| 65 64 22 2c 0a 20 20 22 76 61 6c 75 65 22 3a 20 |ed",.  "value": |
|00000050| 5b 0a 20 20 20 20 22 53 22 2c 0a 20 20 20 20 22 |[.    "S",.    "|
|00000060| 61 22 2c 0a 20 20 20 20 22 79 22 2c 0a 20 20 20 |a",.    "y",.   |
|00000070| 20 22 65 22 2c 0a 20 20 20 20 22 64 22 0a 20 20 | "e",.    "d".  |
|00000080| 5d 0a 7d                                        |].}             |
+--------+-------------------------------------------------+----------------+
&amp#27;[35m22-11-29 16:05:21:638&amp#27;[m [&amp#27;[30mTRACE&amp#27;[m] [id: 0xb21da692, L:/127.0.0.1:52679 - R:localhost/127.0.0.1:44632] FLUSH
&amp#27;[35m22-11-29 16:05:21:638&amp#27;[m [&amp#27;[30mTRACE&amp#27;[m] [id: 0xb21da692, L:/127.0.0.1:52679 - R:localhost/127.0.0.1:44632] WRITE: 0B
&amp#27;[35m22-11-29 16:05:21:638&amp#27;[m [&amp#27;[30mTRACE&amp#27;[m] [id: 0xb21da692, L:/127.0.0.1:52679 - R:localhost/127.0.0.1:44632] FLUSH
&amp#27;[35m22-11-29 16:05:21:701&amp#27;[m [&amp#27;[30mTRACE&amp#27;[m] [id: 0xb21da692, L:/127.0.0.1:52679 - R:localhost/127.0.0.1:44632] READ: 122B
         +-------------------------------------------------+
         |  0  1  2  3  4  5  6  7  8  9  a  b  c  d  e  f |
+--------+-------------------------------------------------+----------------+
|00000000| 48 54 54 50 2f 31 2e 31 20 32 30 30 20 4f 4b 0d |HTTP/1.1 200 OK.|
|00000010| 0a 43 6f 6e 74 65 6e 74 2d 4c 65 6e 67 74 68 3a |.Content-Length:|
|00000020| 31 34 0d 0a 43 6f 6e 74 65 6e 74 2d 54 79 70 65 |14..Content-Type|
|00000030| 3a 61 70 70 6c 69 63 61 74 69 6f 6e 2f 6a 73 6f |:application/jso|
|00000040| 6e 3b 20 63 68 61 72 73 65 74 3d 75 74 66 2d 38 |n; charset=utf-8|
|00000050| 0d 0a 63 61 63 68 65 2d 63 6f 6e 74 72 6f 6c 3a |..cache-control:|
|00000060| 6e 6f 2d 63 61 63 68 65 0d 0a 0d 0a 7b 22 76 61 |no-cache....{"va|
|00000070| 6c 75 65 22 3a 6e 75 6c 6c 7d                   |lue":null}      |
+--------+-------------------------------------------------+----------------+
&amp#27;[35m22-11-29 16:05:21:701&amp#27;[m [&amp#27;[34mDEBUG&amp#27;[m] 

Request DefaultHttpRequest(decodeResult: success, version: HTTP/1.1)
POST /session/c221f94085f074930f6565b3a9356933/element/340de649-7b75-4815-be96-04cc0b37404a/value HTTP/1.1
User-Agent: selenium/4.6.0 (java windows)
Content-Length: 131
Content-Type: application/json; charset=utf-8
host: localhost:44632
accept: */*

Response DefaultHttpResponse(decodeResult: success, version: HTTP/1.1)
HTTP/1.1 200 OK
Content-Type: application/json; charset=utf-8
cache-control: no-cache
content-length: 14

&amp#27;[35m22-11-29 16:05:21:701&amp#27;[m [&amp#27;[34mDEBUG&amp#27;[m] Adding key: http://localhost:44632 for channel [id: 0xb21da692, L:/127.0.0.1:52679 - R:localhost/127.0.0.1:44632]
&amp#27;[35m22-11-29 16:05:21:702&amp#27;[m [&amp#27;[30mTRACE&amp#27;[m] [id: 0xb21da692, L:/127.0.0.1:52679 - R:localhost/127.0.0.1:44632] READ COMPLETE
&amp#27;[35m22-11-29 16:05:21:704&amp#27;[m [&amp#27;[34mDEBUG&amp#27;[m] Using pooled Channel '[id: 0xb21da692, L:/127.0.0.1:52679 - R:localhost/127.0.0.1:44632]' for 'POST' to 'http://localhost:44632/session/c221f94085f074930f6565b3a9356933/element'
&amp#27;[35m22-11-29 16:05:21:704&amp#27;[m [&amp#27;[34mDEBUG&amp#27;[m] Using open Channel [id: 0xb21da692, L:/127.0.0.1:52679 - R:localhost/127.0.0.1:44632] for POST '/session/c221f94085f074930f6565b3a9356933/element'
&amp#27;[35m22-11-29 16:05:21:704&amp#27;[m [&amp#27;[30mTRACE&amp#27;[m] [id: 0xb21da692, L:/127.0.0.1:52679 - R:localhost/127.0.0.1:44632] WRITE: 213B
         +-------------------------------------------------+
         |  0  1  2  3  4  5  6  7  8  9  a  b  c  d  e  f |
+--------+-------------------------------------------------+----------------+
|00000000| 50 4f 53 54 20 2f 73 65 73 73 69 6f 6e 2f 63 32 |POST /session/c2|
|00000010| 32 31 66 39 34 30 38 35 66 30 37 34 39 33 30 66 |21f94085f074930f|
|00000020| 36 35 36 35 62 33 61 39 33 35 36 39 33 33 2f 65 |6565b3a9356933/e|
|00000030| 6c 65 6d 65 6e 74 20 48 54 54 50 2f 31 2e 31 0d |lement HTTP/1.1.|
|00000040| 0a 55 73 65 72 2d 41 67 65 6e 74 3a 20 73 65 6c |.User-Agent: sel|
|00000050| 65 6e 69 75 6d 2f 34 2e 36 2e 30 20 28 6a 61 76 |enium/4.6.0 (jav|
|00000060| 61 20 77 69 6e 64 6f 77 73 29 0d 0a 43 6f 6e 74 |a windows)..Cont|
|00000070| 65 6e 74 2d 4c 65 6e 67 74 68 3a 20 39 38 0d 0a |ent-Length: 98..|
|00000080| 43 6f 6e 74 65 6e 74 2d 54 79 70 65 3a 20 61 70 |Content-Type: ap|
|00000090| 70 6c 69 63 61 74 69 6f 6e 2f 6a 73 6f 6e 3b 20 |plication/json; |
|000000a0| 63 68 61 72 73 65 74 3d 75 74 66 2d 38 0d 0a 68 |charset=utf-8..h|
|000000b0| 6f 73 74 3a 20 6c 6f 63 61 6c 68 6f 73 74 3a 34 |ost: localhost:4|
|000000c0| 34 36 33 32 0d 0a 61 63 63 65 70 74 3a 20 2a 2f |4632..accept: */|
|000000d0| 2a 0d 0a 0d 0a                                  |*....           |
+--------+-------------------------------------------------+----------------+
&amp#27;[35m22-11-29 16:05:21:705&amp#27;[m [&amp#27;[30mTRACE&amp#27;[m] [id: 0xb21da692, L:/127.0.0.1:52679 - R:localhost/127.0.0.1:44632] WRITE: 98B
         +-------------------------------------------------+
         |  0  1  2  3  4  5  6  7  8  9  a  b  c  d  e  f |
+--------+-------------------------------------------------+----------------+
|00000000| 7b 0a 20 20 22 75 73 69 6e 67 22 3a 20 22 78 70 |{.  "using": "xp|
|00000010| 61 74 68 22 2c 0a 20 20 22 76 61 6c 75 65 22 3a |ath",.  "value":|
|00000020| 20 22 5c 75 30 30 32 66 5c 75 30 30 32 66 69 6e | "\u002f\u002fin|
|00000030| 70 75 74 5b 40 6e 61 6d 65 3d 27 77 70 77 63 5f |put[@name='wpwc_|
|00000040| 63 75 73 74 6f 6d 5f 72 65 67 69 73 74 72 61 74 |custom_registrat|
|00000050| 69 6f 6e 5f 66 69 65 6c 64 5f 31 32 37 27 5d 22 |ion_field_127']"|
|00000060| 0a 7d                                           |.}              |
+--------+-------------------------------------------------+----------------+
&amp#27;[35m22-11-29 16:05:21:705&amp#27;[m [&amp#27;[30mTRACE&amp#27;[m] [id: 0xb21da692, L:/127.0.0.1:52679 - R:localhost/127.0.0.1:44632] FLUSH
&amp#27;[35m22-11-29 16:05:21:706&amp#27;[m [&amp#27;[30mTRACE&amp#27;[m] [id: 0xb21da692, L:/127.0.0.1:52679 - R:localhost/127.0.0.1:44632] WRITE: 0B
&amp#27;[35m22-11-29 16:05:21:706&amp#27;[m [&amp#27;[30mTRACE&amp#27;[m] [id: 0xb21da692, L:/127.0.0.1:52679 - R:localhost/127.0.0.1:44632] FLUSH
&amp#27;[35m22-11-29 16:05:21:719&amp#27;[m [&amp#27;[34mDEBUG&amp#27;[m] Entry count for : http://localhost:52680 : 1
&amp#27;[35m22-11-29 16:05:21:812&amp#27;[m [&amp#27;[30mTRACE&amp#27;[m] [id: 0xb21da692, L:/127.0.0.1:52679 - R:localhost/127.0.0.1:44632] READ: 196B
         +-------------------------------------------------+
         |  0  1  2  3  4  5  6  7  8  9  a  b  c  d  e  f |
+--------+-------------------------------------------------+----------------+
|00000000| 48 54 54 50 2f 31 2e 31 20 32 30 30 20 4f 4b 0d |HTTP/1.1 200 OK.|
|00000010| 0a 43 6f 6e 74 65 6e 74 2d 4c 65 6e 67 74 68 3a |.Content-Length:|
|00000020| 38 38 0d 0a 43 6f 6e 74 65 6e 74 2d 54 79 70 65 |88..Content-Type|
|00000030| 3a 61 70 70 6c 69 63 61 74 69 6f 6e 2f 6a 73 6f |:application/jso|
|00000040| 6e 3b 20 63 68 61 72 73 65 74 3d 75 74 66 2d 38 |n; charset=utf-8|
|00000050| 0d 0a 63 61 63 68 65 2d 63 6f 6e 74 72 6f 6c 3a |..cache-control:|
|00000060| 6e 6f 2d 63 61 63 68 65 0d 0a 0d 0a 7b 22 76 61 |no-cache....{"va|
|00000070| 6c 75 65 22 3a 7b 22 65 6c 65 6d 65 6e 74 2d 36 |lue":{"element-6|
|00000080| 30 36 36 2d 31 31 65 34 2d 61 35 32 65 2d 34 66 |066-11e4-a52e-4f|
|00000090| 37 33 35 34 36 36 63 65 63 66 22 3a 22 31 32 34 |735466cecf":"124|
|000000a0| 36 30 31 33 30 2d 63 35 63 66 2d 34 31 36 63 2d |60130-c5cf-416c-|
|000000b0| 38 37 33 32 2d 38 37 38 34 30 34 39 65 32 30 62 |8732-8784049e20b|
|000000c0| 38 22 7d 7d                                     |8"}}            |
+--------+-------------------------------------------------+----------------+
&amp#27;[35m22-11-29 16:05:21:813&amp#27;[m [&amp#27;[34mDEBUG&amp#27;[m] 

Request DefaultHttpRequest(decodeResult: success, version: HTTP/1.1)
POST /session/c221f94085f074930f6565b3a9356933/element HTTP/1.1
User-Agent: selenium/4.6.0 (java windows)
Content-Length: 98
Content-Type: application/json; charset=utf-8
host: localhost:44632
accept: */*

Response DefaultHttpResponse(decodeResult: success, version: HTTP/1.1)
HTTP/1.1 200 OK
Content-Type: application/json; charset=utf-8
cache-control: no-cache
content-length: 88

&amp#27;[35m22-11-29 16:05:21:813&amp#27;[m [&amp#27;[34mDEBUG&amp#27;[m] Adding key: http://localhost:44632 for channel [id: 0xb21da692, L:/127.0.0.1:52679 - R:localhost/127.0.0.1:44632]
&amp#27;[35m22-11-29 16:05:21:813&amp#27;[m [&amp#27;[30mTRACE&amp#27;[m] [id: 0xb21da692, L:/127.0.0.1:52679 - R:localhost/127.0.0.1:44632] READ COMPLETE
&amp#27;[35m22-11-29 16:05:21:815&amp#27;[m [&amp#27;[34mDEBUG&amp#27;[m] Using pooled Channel '[id: 0xb21da692, L:/127.0.0.1:52679 - R:localhost/127.0.0.1:44632]' for 'POST' to 'http://localhost:44632/session/c221f94085f074930f6565b3a9356933/element/12460130-c5cf-416c-8732-8784049e20b8/value'
&amp#27;[35m22-11-29 16:05:21:815&amp#27;[m [&amp#27;[34mDEBUG&amp#27;[m] Using open Channel [id: 0xb21da692, L:/127.0.0.1:52679 - R:localhost/127.0.0.1:44632] for POST '/session/c221f94085f074930f6565b3a9356933/element/12460130-c5cf-416c-8732-8784049e20b8/value'
&amp#27;[35m22-11-29 16:05:21:815&amp#27;[m [&amp#27;[30mTRACE&amp#27;[m] [id: 0xb21da692, L:/127.0.0.1:52679 - R:localhost/127.0.0.1:44632] WRITE: 257B
         +-------------------------------------------------+
         |  0  1  2  3  4  5  6  7  8  9  a  b  c  d  e  f |
+--------+-------------------------------------------------+----------------+
|00000000| 50 4f 53 54 20 2f 73 65 73 73 69 6f 6e 2f 63 32 |POST /session/c2|
|00000010| 32 31 66 39 34 30 38 35 66 30 37 34 39 33 30 66 |21f94085f074930f|
|00000020| 36 35 36 35 62 33 61 39 33 35 36 39 33 33 2f 65 |6565b3a9356933/e|
|00000030| 6c 65 6d 65 6e 74 2f 31 32 34 36 30 31 33 30 2d |lement/12460130-|
|00000040| 63 35 63 66 2d 34 31 36 63 2d 38 37 33 32 2d 38 |c5cf-416c-8732-8|
|00000050| 37 38 34 30 34 39 65 32 30 62 38 2f 76 61 6c 75 |784049e20b8/valu|
|00000060| 65 20 48 54 54 50 2f 31 2e 31 0d 0a 55 73 65 72 |e HTTP/1.1..User|
|00000070| 2d 41 67 65 6e 74 3a 20 73 65 6c 65 6e 69 75 6d |-Agent: selenium|
|00000080| 2f 34 2e 36 2e 30 20 28 6a 61 76 61 20 77 69 6e |/4.6.0 (java win|
|00000090| 64 6f 77 73 29 0d 0a 43 6f 6e 74 65 6e 74 2d 4c |dows)..Content-L|
|000000a0| 65 6e 67 74 68 3a 20 32 33 31 0d 0a 43 6f 6e 74 |ength: 231..Cont|
|000000b0| 65 6e 74 2d 54 79 70 65 3a 20 61 70 70 6c 69 63 |ent-Type: applic|
|000000c0| 61 74 69 6f 6e 2f 6a 73 6f 6e 3b 20 63 68 61 72 |ation/json; char|
|000000d0| 73 65 74 3d 75 74 66 2d 38 0d 0a 68 6f 73 74 3a |set=utf-8..host:|
|000000e0| 20 6c 6f 63 61 6c 68 6f 73 74 3a 34 34 36 33 32 | localhost:44632|
|000000f0| 0d 0a 61 63 63 65 70 74 3a 20 2a 2f 2a 0d 0a 0d |..accept: */*...|
|00000100| 0a                                              |.               |
+--------+-------------------------------------------------+----------------+
&amp#27;[35m22-11-29 16:05:21:816&amp#27;[m [&amp#27;[30mTRACE&amp#27;[m] [id: 0xb21da692, L:/127.0.0.1:52679 - R:localhost/127.0.0.1:44632] WRITE: 231B
         +-------------------------------------------------+
         |  0  1  2  3  4  5  6  7  8  9  a  b  c  d  e  f |
+--------+-------------------------------------------------+----------------+
|00000000| 7b 0a 20 20 22 69 64 22 3a 20 22 31 32 34 36 30 |{.  "id": "12460|
|00000010| 31 33 30 2d 63 35 63 66 2d 34 31 36 63 2d 38 37 |130-c5cf-416c-87|
|00000020| 33 32 2d 38 37 38 34 30 34 39 65 32 30 62 38 22 |32-8784049e20b8"|
|00000030| 2c 0a 20 20 22 74 65 78 74 22 3a 20 22 31 20 73 |,.  "text": "1 s|
|00000040| 74 20 41 76 65 20 42 75 72 69 65 6e 22 2c 0a 20 |t Ave Burien",. |
|00000050| 20 22 76 61 6c 75 65 22 3a 20 5b 0a 20 20 20 20 | "value": [.    |
|00000060| 22 31 22 2c 0a 20 20 20 20 22 20 22 2c 0a 20 20 |"1",.    " ",.  |
|00000070| 20 20 22 73 22 2c 0a 20 20 20 20 22 74 22 2c 0a |  "s",.    "t",.|
|00000080| 20 20 20 20 22 20 22 2c 0a 20 20 20 20 22 41 22 |    " ",.    "A"|
|00000090| 2c 0a 20 20 20 20 22 76 22 2c 0a 20 20 20 20 22 |,.    "v",.    "|
|000000a0| 65 22 2c 0a 20 20 20 20 22 20 22 2c 0a 20 20 20 |e",.    " ",.   |
|000000b0| 20 22 42 22 2c 0a 20 20 20 20 22 75 22 2c 0a 20 | "B",.    "u",. |
|000000c0| 20 20 20 22 72 22 2c 0a 20 20 20 20 22 69 22 2c |   "r",.    "i",|
|000000d0| 0a 20 20 20 20 22 65 22 2c 0a 20 20 20 20 22 6e |.    "e",.    "n|
|000000e0| 22 0a 20 20 5d 0a 7d                            |".  ].}         |
+--------+-------------------------------------------------+----------------+
&amp#27;[35m22-11-29 16:05:21:816&amp#27;[m [&amp#27;[30mTRACE&amp#27;[m] [id: 0xb21da692, L:/127.0.0.1:52679 - R:localhost/127.0.0.1:44632] FLUSH
&amp#27;[35m22-11-29 16:05:21:817&amp#27;[m [&amp#27;[30mTRACE&amp#27;[m] [id: 0xb21da692, L:/127.0.0.1:52679 - R:localhost/127.0.0.1:44632] WRITE: 0B
&amp#27;[35m22-11-29 16:05:21:817&amp#27;[m [&amp#27;[30mTRACE&amp#27;[m] [id: 0xb21da692, L:/127.0.0.1:52679 - R:localhost/127.0.0.1:44632] FLUSH
&amp#27;[35m22-11-29 16:05:21:880&amp#27;[m [&amp#27;[30mTRACE&amp#27;[m] [id: 0xb21da692, L:/127.0.0.1:52679 - R:localhost/127.0.0.1:44632] READ: 122B
         +-------------------------------------------------+
         |  0  1  2  3  4  5  6  7  8  9  a  b  c  d  e  f |
+--------+-------------------------------------------------+----------------+
|00000000| 48 54 54 50 2f 31 2e 31 20 32 30 30 20 4f 4b 0d |HTTP/1.1 200 OK.|
|00000010| 0a 43 6f 6e 74 65 6e 74 2d 4c 65 6e 67 74 68 3a |.Content-Length:|
|00000020| 31 34 0d 0a 43 6f 6e 74 65 6e 74 2d 54 79 70 65 |14..Content-Type|
|00000030| 3a 61 70 70 6c 69 63 61 74 69 6f 6e 2f 6a 73 6f |:application/jso|
|00000040| 6e 3b 20 63 68 61 72 73 65 74 3d 75 74 66 2d 38 |n; charset=utf-8|
|00000050| 0d 0a 63 61 63 68 65 2d 63 6f 6e 74 72 6f 6c 3a |..cache-control:|
|00000060| 6e 6f 2d 63 61 63 68 65 0d 0a 0d 0a 7b 22 76 61 |no-cache....{"va|
|00000070| 6c 75 65 22 3a 6e 75 6c 6c 7d                   |lue":null}      |
+--------+-------------------------------------------------+----------------+
&amp#27;[35m22-11-29 16:05:21:881&amp#27;[m [&amp#27;[34mDEBUG&amp#27;[m] 

Request DefaultHttpRequest(decodeResult: success, version: HTTP/1.1)
POST /session/c221f94085f074930f6565b3a9356933/element/12460130-c5cf-416c-8732-8784049e20b8/value HTTP/1.1
User-Agent: selenium/4.6.0 (java windows)
Content-Length: 231
Content-Type: application/json; charset=utf-8
host: localhost:44632
accept: */*

Response DefaultHttpResponse(decodeResult: success, version: HTTP/1.1)
HTTP/1.1 200 OK
Content-Type: application/json; charset=utf-8
cache-control: no-cache
content-length: 14

&amp#27;[35m22-11-29 16:05:21:881&amp#27;[m [&amp#27;[34mDEBUG&amp#27;[m] Adding key: http://localhost:44632 for channel [id: 0xb21da692, L:/127.0.0.1:52679 - R:localhost/127.0.0.1:44632]
&amp#27;[35m22-11-29 16:05:21:881&amp#27;[m [&amp#27;[30mTRACE&amp#27;[m] [id: 0xb21da692, L:/127.0.0.1:52679 - R:localhost/127.0.0.1:44632] READ COMPLETE
&amp#27;[35m22-11-29 16:05:21:884&amp#27;[m [&amp#27;[34mDEBUG&amp#27;[m] Using pooled Channel '[id: 0xb21da692, L:/127.0.0.1:52679 - R:localhost/127.0.0.1:44632]' for 'POST' to 'http://localhost:44632/session/c221f94085f074930f6565b3a9356933/element'
&amp#27;[35m22-11-29 16:05:21:884&amp#27;[m [&amp#27;[34mDEBUG&amp#27;[m] Using open Channel [id: 0xb21da692, L:/127.0.0.1:52679 - R:localhost/127.0.0.1:44632] for POST '/session/c221f94085f074930f6565b3a9356933/element'
&amp#27;[35m22-11-29 16:05:21:885&amp#27;[m [&amp#27;[30mTRACE&amp#27;[m] [id: 0xb21da692, L:/127.0.0.1:52679 - R:localhost/127.0.0.1:44632] WRITE: 213B
         +-------------------------------------------------+
         |  0  1  2  3  4  5  6  7  8  9  a  b  c  d  e  f |
+--------+-------------------------------------------------+----------------+
|00000000| 50 4f 53 54 20 2f 73 65 73 73 69 6f 6e 2f 63 32 |POST /session/c2|
|00000010| 32 31 66 39 34 30 38 35 66 30 37 34 39 33 30 66 |21f94085f074930f|
|00000020| 36 35 36 35 62 33 61 39 33 35 36 39 33 33 2f 65 |6565b3a9356933/e|
|00000030| 6c 65 6d 65 6e 74 20 48 54 54 50 2f 31 2e 31 0d |lement HTTP/1.1.|
|00000040| 0a 55 73 65 72 2d 41 67 65 6e 74 3a 20 73 65 6c |.User-Agent: sel|
|00000050| 65 6e 69 75 6d 2f 34 2e 36 2e 30 20 28 6a 61 76 |enium/4.6.0 (jav|
|00000060| 61 20 77 69 6e 64 6f 77 73 29 0d 0a 43 6f 6e 74 |a windows)..Cont|
|00000070| 65 6e 74 2d 4c 65 6e 67 74 68 3a 20 36 39 0d 0a |ent-Length: 69..|
|00000080| 43 6f 6e 74 65 6e 74 2d 54 79 70 65 3a 20 61 70 |Content-Type: ap|
|00000090| 70 6c 69 63 61 74 69 6f 6e 2f 6a 73 6f 6e 3b 20 |plication/json; |
|000000a0| 63 68 61 72 73 65 74 3d 75 74 66 2d 38 0d 0a 68 |charset=utf-8..h|
|000000b0| 6f 73 74 3a 20 6c 6f 63 61 6c 68 6f 73 74 3a 34 |ost: localhost:4|
|000000c0| 34 36 33 32 0d 0a 61 63 63 65 70 74 3a 20 2a 2f |4632..accept: */|
|000000d0| 2a 0d 0a 0d 0a                                  |*....           |
+--------+-------------------------------------------------+----------------+
&amp#27;[35m22-11-29 16:05:21:885&amp#27;[m [&amp#27;[30mTRACE&amp#27;[m] [id: 0xb21da692, L:/127.0.0.1:52679 - R:localhost/127.0.0.1:44632] WRITE: 69B
         +-------------------------------------------------+
         |  0  1  2  3  4  5  6  7  8  9  a  b  c  d  e  f |
+--------+-------------------------------------------------+----------------+
|00000000| 7b 0a 20 20 22 75 73 69 6e 67 22 3a 20 22 78 70 |{.  "using": "xp|
|00000010| 61 74 68 22 2c 0a 20 20 22 76 61 6c 75 65 22 3a |ath",.  "value":|
|00000020| 20 22 5c 75 30 30 32 66 5c 75 30 30 32 66 69 6e | "\u002f\u002fin|
|00000030| 70 75 74 5b 40 6e 61 6d 65 3d 27 65 6d 61 69 6c |put[@name='email|
|00000040| 27 5d 22 0a 7d                                  |']".}           |
+--------+-------------------------------------------------+----------------+
&amp#27;[35m22-11-29 16:05:21:885&amp#27;[m [&amp#27;[30mTRACE&amp#27;[m] [id: 0xb21da692, L:/127.0.0.1:52679 - R:localhost/127.0.0.1:44632] FLUSH
&amp#27;[35m22-11-29 16:05:21:886&amp#27;[m [&amp#27;[30mTRACE&amp#27;[m] [id: 0xb21da692, L:/127.0.0.1:52679 - R:localhost/127.0.0.1:44632] WRITE: 0B
&amp#27;[35m22-11-29 16:05:21:886&amp#27;[m [&amp#27;[30mTRACE&amp#27;[m] [id: 0xb21da692, L:/127.0.0.1:52679 - R:localhost/127.0.0.1:44632] FLUSH
&amp#27;[35m22-11-29 16:05:21:900&amp#27;[m [&amp#27;[30mTRACE&amp#27;[m] [id: 0xb21da692, L:/127.0.0.1:52679 - R:localhost/127.0.0.1:44632] READ: 196B
         +-------------------------------------------------+
         |  0  1  2  3  4  5  6  7  8  9  a  b  c  d  e  f |
+--------+-------------------------------------------------+----------------+
|00000000| 48 54 54 50 2f 31 2e 31 20 32 30 30 20 4f 4b 0d |HTTP/1.1 200 OK.|
|00000010| 0a 43 6f 6e 74 65 6e 74 2d 4c 65 6e 67 74 68 3a |.Content-Length:|
|00000020| 38 38 0d 0a 43 6f 6e 74 65 6e 74 2d 54 79 70 65 |88..Content-Type|
|00000030| 3a 61 70 70 6c 69 63 61 74 69 6f 6e 2f 6a 73 6f |:application/jso|
|00000040| 6e 3b 20 63 68 61 72 73 65 74 3d 75 74 66 2d 38 |n; charset=utf-8|
|00000050| 0d 0a 63 61 63 68 65 2d 63 6f 6e 74 72 6f 6c 3a |..cache-control:|
|00000060| 6e 6f 2d 63 61 63 68 65 0d 0a 0d 0a 7b 22 76 61 |no-cache....{"va|
|00000070| 6c 75 65 22 3a 7b 22 65 6c 65 6d 65 6e 74 2d 36 |lue":{"element-6|
|00000080| 30 36 36 2d 31 31 65 34 2d 61 35 32 65 2d 34 66 |066-11e4-a52e-4f|
|00000090| 37 33 35 34 36 36 63 65 63 66 22 3a 22 31 32 37 |735466cecf":"127|
|000000a0| 35 39 33 31 62 2d 37 32 39 31 2d 34 64 36 37 2d |5931b-7291-4d67-|
|000000b0| 62 63 38 36 2d 34 63 30 35 35 65 39 39 64 31 33 |bc86-4c055e99d13|
|000000c0| 65 22 7d 7d                                     |e"}}            |
+--------+-------------------------------------------------+----------------+
&amp#27;[35m22-11-29 16:05:21:900&amp#27;[m [&amp#27;[34mDEBUG&amp#27;[m] 

Request DefaultHttpRequest(decodeResult: success, version: HTTP/1.1)
POST /session/c221f94085f074930f6565b3a9356933/element HTTP/1.1
User-Agent: selenium/4.6.0 (java windows)
Content-Length: 69
Content-Type: application/json; charset=utf-8
host: localhost:44632
accept: */*

Response DefaultHttpResponse(decodeResult: success, version: HTTP/1.1)
HTTP/1.1 200 OK
Content-Type: application/json; charset=utf-8
cache-control: no-cache
content-length: 88

&amp#27;[35m22-11-29 16:05:21:900&amp#27;[m [&amp#27;[34mDEBUG&amp#27;[m] Adding key: http://localhost:44632 for channel [id: 0xb21da692, L:/127.0.0.1:52679 - R:localhost/127.0.0.1:44632]
&amp#27;[35m22-11-29 16:05:21:900&amp#27;[m [&amp#27;[30mTRACE&amp#27;[m] [id: 0xb21da692, L:/127.0.0.1:52679 - R:localhost/127.0.0.1:44632] READ COMPLETE
&amp#27;[35m22-11-29 16:05:21:902&amp#27;[m [&amp#27;[34mDEBUG&amp#27;[m] Using pooled Channel '[id: 0xb21da692, L:/127.0.0.1:52679 - R:localhost/127.0.0.1:44632]' for 'POST' to 'http://localhost:44632/session/c221f94085f074930f6565b3a9356933/element/1275931b-7291-4d67-bc86-4c055e99d13e/value'
&amp#27;[35m22-11-29 16:05:21:902&amp#27;[m [&amp#27;[34mDEBUG&amp#27;[m] Using open Channel [id: 0xb21da692, L:/127.0.0.1:52679 - R:localhost/127.0.0.1:44632] for POST '/session/c221f94085f074930f6565b3a9356933/element/1275931b-7291-4d67-bc86-4c055e99d13e/value'
&amp#27;[35m22-11-29 16:05:21:903&amp#27;[m [&amp#27;[30mTRACE&amp#27;[m] [id: 0xb21da692, L:/127.0.0.1:52679 - R:localhost/127.0.0.1:44632] WRITE: 257B
         +-------------------------------------------------+
         |  0  1  2  3  4  5  6  7  8  9  a  b  c  d  e  f |
+--------+-------------------------------------------------+----------------+
|00000000| 50 4f 53 54 20 2f 73 65 73 73 69 6f 6e 2f 63 32 |POST /session/c2|
|00000010| 32 31 66 39 34 30 38 35 66 30 37 34 39 33 30 66 |21f94085f074930f|
|00000020| 36 35 36 35 62 33 61 39 33 35 36 39 33 33 2f 65 |6565b3a9356933/e|
|00000030| 6c 65 6d 65 6e 74 2f 31 32 37 35 39 33 31 62 2d |lement/1275931b-|
|00000040| 37 32 39 31 2d 34 64 36 37 2d 62 63 38 36 2d 34 |7291-4d67-bc86-4|
|00000050| 63 30 35 35 65 39 39 64 31 33 65 2f 76 61 6c 75 |c055e99d13e/valu|
|00000060| 65 20 48 54 54 50 2f 31 2e 31 0d 0a 55 73 65 72 |e HTTP/1.1..User|
|00000070| 2d 41 67 65 6e 74 3a 20 73 65 6c 65 6e 69 75 6d |-Agent: selenium|
|00000080| 2f 34 2e 36 2e 30 20 28 6a 61 76 61 20 77 69 6e |/4.6.0 (java win|
|00000090| 64 6f 77 73 29 0d 0a 43 6f 6e 74 65 6e 74 2d 4c |dows)..Content-L|
|000000a0| 65 6e 67 74 68 3a 20 32 34 31 0d 0a 43 6f 6e 74 |ength: 241..Cont|
|000000b0| 65 6e 74 2d 54 79 70 65 3a 20 61 70 70 6c 69 63 |ent-Type: applic|
|000000c0| 61 74 69 6f 6e 2f 6a 73 6f 6e 3b 20 63 68 61 72 |ation/json; char|
|000000d0| 73 65 74 3d 75 74 66 2d 38 0d 0a 68 6f 73 74 3a |set=utf-8..host:|
|000000e0| 20 6c 6f 63 61 6c 68 6f 73 74 3a 34 34 36 33 32 | localhost:44632|
|000000f0| 0d 0a 61 63 63 65 70 74 3a 20 2a 2f 2a 0d 0a 0d |..accept: */*...|
|00000100| 0a                                              |.               |
+--------+-------------------------------------------------+----------------+
&amp#27;[35m22-11-29 16:05:21:903&amp#27;[m [&amp#27;[30mTRACE&amp#27;[m] [id: 0xb21da692, L:/127.0.0.1:52679 - R:localhost/127.0.0.1:44632] WRITE: 241B
         +-------------------------------------------------+
         |  0  1  2  3  4  5  6  7  8  9  a  b  c  d  e  f |
+--------+-------------------------------------------------+----------------+
|00000000| 7b 0a 20 20 22 69 64 22 3a 20 22 31 32 37 35 39 |{.  "id": "12759|
|00000010| 33 31 62 2d 37 32 39 31 2d 34 64 36 37 2d 62 63 |31b-7291-4d67-bc|
|00000020| 38 36 2d 34 63 30 35 35 65 39 39 64 31 33 65 22 |86-4c055e99d13e"|
|00000030| 2c 0a 20 20 22 74 65 78 74 22 3a 20 22 53 61 79 |,.  "text": "Say|
|00000040| 65 64 40 67 6d 61 69 6c 2e 63 6f 6d 65 22 2c 0a |ed@gmail.come",.|
|00000050| 20 20 22 76 61 6c 75 65 22 3a 20 5b 0a 20 20 20 |  "value": [.   |
|00000060| 20 22 53 22 2c 0a 20 20 20 20 22 61 22 2c 0a 20 | "S",.    "a",. |
|00000070| 20 20 20 22 79 22 2c 0a 20 20 20 20 22 65 22 2c |   "y",.    "e",|
|00000080| 0a 20 20 20 20 22 64 22 2c 0a 20 20 20 20 22 40 |.    "d",.    "@|
|00000090| 22 2c 0a 20 20 20 20 22 67 22 2c 0a 20 20 20 20 |",.    "g",.    |
|000000a0| 22 6d 22 2c 0a 20 20 20 20 22 61 22 2c 0a 20 20 |"m",.    "a",.  |
|000000b0| 20 20 22 69 22 2c 0a 20 20 20 20 22 6c 22 2c 0a |  "i",.    "l",.|
|000000c0| 20 20 20 20 22 2e 22 2c 0a 20 20 20 20 22 63 22 |    ".",.    "c"|
|000000d0| 2c 0a 20 20 20 20 22 6f 22 2c 0a 20 20 20 20 22 |,.    "o",.    "|
|000000e0| 6d 22 2c 0a 20 20 20 20 22 65 22 0a 20 20 5d 0a |m",.    "e".  ].|
|000000f0| 7d                                              |}               |
+--------+-------------------------------------------------+----------------+
&amp#27;[35m22-11-29 16:05:21:903&amp#27;[m [&amp#27;[30mTRACE&amp#27;[m] [id: 0xb21da692, L:/127.0.0.1:52679 - R:localhost/127.0.0.1:44632] FLUSH
&amp#27;[35m22-11-29 16:05:21:903&amp#27;[m [&amp#27;[30mTRACE&amp#27;[m] [id: 0xb21da692, L:/127.0.0.1:52679 - R:localhost/127.0.0.1:44632] WRITE: 0B
&amp#27;[35m22-11-29 16:05:21:903&amp#27;[m [&amp#27;[30mTRACE&amp#27;[m] [id: 0xb21da692, L:/127.0.0.1:52679 - R:localhost/127.0.0.1:44632] FLUSH
&amp#27;[35m22-11-29 16:05:22:001&amp#27;[m [&amp#27;[30mTRACE&amp#27;[m] [id: 0xb21da692, L:/127.0.0.1:52679 - R:localhost/127.0.0.1:44632] READ: 122B
         +-------------------------------------------------+
         |  0  1  2  3  4  5  6  7  8  9  a  b  c  d  e  f |
+--------+-------------------------------------------------+----------------+
|00000000| 48 54 54 50 2f 31 2e 31 20 32 30 30 20 4f 4b 0d |HTTP/1.1 200 OK.|
|00000010| 0a 43 6f 6e 74 65 6e 74 2d 4c 65 6e 67 74 68 3a |.Content-Length:|
|00000020| 31 34 0d 0a 43 6f 6e 74 65 6e 74 2d 54 79 70 65 |14..Content-Type|
|00000030| 3a 61 70 70 6c 69 63 61 74 69 6f 6e 2f 6a 73 6f |:application/jso|
|00000040| 6e 3b 20 63 68 61 72 73 65 74 3d 75 74 66 2d 38 |n; charset=utf-8|
|00000050| 0d 0a 63 61 63 68 65 2d 63 6f 6e 74 72 6f 6c 3a |..cache-control:|
|00000060| 6e 6f 2d 63 61 63 68 65 0d 0a 0d 0a 7b 22 76 61 |no-cache....{"va|
|00000070| 6c 75 65 22 3a 6e 75 6c 6c 7d                   |lue":null}      |
+--------+-------------------------------------------------+----------------+
&amp#27;[35m22-11-29 16:05:22:001&amp#27;[m [&amp#27;[34mDEBUG&amp#27;[m] 

Request DefaultHttpRequest(decodeResult: success, version: HTTP/1.1)
POST /session/c221f94085f074930f6565b3a9356933/element/1275931b-7291-4d67-bc86-4c055e99d13e/value HTTP/1.1
User-Agent: selenium/4.6.0 (java windows)
Content-Length: 241
Content-Type: application/json; charset=utf-8
host: localhost:44632
accept: */*

Response DefaultHttpResponse(decodeResult: success, version: HTTP/1.1)
HTTP/1.1 200 OK
Content-Type: application/json; charset=utf-8
cache-control: no-cache
content-length: 14

&amp#27;[35m22-11-29 16:05:22:002&amp#27;[m [&amp#27;[34mDEBUG&amp#27;[m] Adding key: http://localhost:44632 for channel [id: 0xb21da692, L:/127.0.0.1:52679 - R:localhost/127.0.0.1:44632]
&amp#27;[35m22-11-29 16:05:22:002&amp#27;[m [&amp#27;[30mTRACE&amp#27;[m] [id: 0xb21da692, L:/127.0.0.1:52679 - R:localhost/127.0.0.1:44632] READ COMPLETE
&amp#27;[35m22-11-29 16:05:22:004&amp#27;[m [&amp#27;[34mDEBUG&amp#27;[m] Using pooled Channel '[id: 0xb21da692, L:/127.0.0.1:52679 - R:localhost/127.0.0.1:44632]' for 'POST' to 'http://localhost:44632/session/c221f94085f074930f6565b3a9356933/element'
&amp#27;[35m22-11-29 16:05:22:004&amp#27;[m [&amp#27;[34mDEBUG&amp#27;[m] Using open Channel [id: 0xb21da692, L:/127.0.0.1:52679 - R:localhost/127.0.0.1:44632] for POST '/session/c221f94085f074930f6565b3a9356933/element'
&amp#27;[35m22-11-29 16:05:22:004&amp#27;[m [&amp#27;[30mTRACE&amp#27;[m] [id: 0xb21da692, L:/127.0.0.1:52679 - R:localhost/127.0.0.1:44632] WRITE: 213B
         +-------------------------------------------------+
         |  0  1  2  3  4  5  6  7  8  9  a  b  c  d  e  f |
+--------+-------------------------------------------------+----------------+
|00000000| 50 4f 53 54 20 2f 73 65 73 73 69 6f 6e 2f 63 32 |POST /session/c2|
|00000010| 32 31 66 39 34 30 38 35 66 30 37 34 39 33 30 66 |21f94085f074930f|
|00000020| 36 35 36 35 62 33 61 39 33 35 36 39 33 33 2f 65 |6565b3a9356933/e|
|00000030| 6c 65 6d 65 6e 74 20 48 54 54 50 2f 31 2e 31 0d |lement HTTP/1.1.|
|00000040| 0a 55 73 65 72 2d 41 67 65 6e 74 3a 20 73 65 6c |.User-Agent: sel|
|00000050| 65 6e 69 75 6d 2f 34 2e 36 2e 30 20 28 6a 61 76 |enium/4.6.0 (jav|
|00000060| 61 20 77 69 6e 64 6f 77 73 29 0d 0a 43 6f 6e 74 |a windows)..Cont|
|00000070| 65 6e 74 2d 4c 65 6e 67 74 68 3a 20 37 34 0d 0a |ent-Length: 74..|
|00000080| 43 6f 6e 74 65 6e 74 2d 54 79 70 65 3a 20 61 70 |Content-Type: ap|
|00000090| 70 6c 69 63 61 74 69 6f 6e 2f 6a 73 6f 6e 3b 20 |plication/json; |
|000000a0| 63 68 61 72 73 65 74 3d 75 74 66 2d 38 0d 0a 68 |charset=utf-8..h|
|000000b0| 6f 73 74 3a 20 6c 6f 63 61 6c 68 6f 73 74 3a 34 |ost: localhost:4|
|000000c0| 34 36 33 32 0d 0a 61 63 63 65 70 74 3a 20 2a 2f |4632..accept: */|
|000000d0| 2a 0d 0a 0d 0a                                  |*....           |
+--------+-------------------------------------------------+----------------+
&amp#27;[35m22-11-29 16:05:22:005&amp#27;[m [&amp#27;[30mTRACE&amp#27;[m] [id: 0xb21da692, L:/127.0.0.1:52679 - R:localhost/127.0.0.1:44632] WRITE: 74B
         +-------------------------------------------------+
         |  0  1  2  3  4  5  6  7  8  9  a  b  c  d  e  f |
+--------+-------------------------------------------------+----------------+
|00000000| 7b 0a 20 20 22 75 73 69 6e 67 22 3a 20 22 78 70 |{.  "using": "xp|
|00000010| 61 74 68 22 2c 0a 20 20 22 76 61 6c 75 65 22 3a |ath",.  "value":|
|00000020| 20 22 5c 75 30 30 32 66 5c 75 30 30 32 66 69 6e | "\u002f\u002fin|
|00000030| 70 75 74 5b 40 69 64 3d 27 72 65 67 5f 70 61 73 |put[@id='reg_pas|
|00000040| 73 77 6f 72 64 27 5d 22 0a 7d                   |sword']".}      |
+--------+-------------------------------------------------+----------------+
&amp#27;[35m22-11-29 16:05:22:005&amp#27;[m [&amp#27;[30mTRACE&amp#27;[m] [id: 0xb21da692, L:/127.0.0.1:52679 - R:localhost/127.0.0.1:44632] FLUSH
&amp#27;[35m22-11-29 16:05:22:005&amp#27;[m [&amp#27;[30mTRACE&amp#27;[m] [id: 0xb21da692, L:/127.0.0.1:52679 - R:localhost/127.0.0.1:44632] WRITE: 0B
&amp#27;[35m22-11-29 16:05:22:005&amp#27;[m [&amp#27;[30mTRACE&amp#27;[m] [id: 0xb21da692, L:/127.0.0.1:52679 - R:localhost/127.0.0.1:44632] FLUSH
&amp#27;[35m22-11-29 16:05:22:016&amp#27;[m [&amp#27;[30mTRACE&amp#27;[m] [id: 0xb21da692, L:/127.0.0.1:52679 - R:localhost/127.0.0.1:44632] READ: 196B
         +-------------------------------------------------+
         |  0  1  2  3  4  5  6  7  8  9  a  b  c  d  e  f |
+--------+-------------------------------------------------+----------------+
|00000000| 48 54 54 50 2f 31 2e 31 20 32 30 30 20 4f 4b 0d |HTTP/1.1 200 OK.|
|00000010| 0a 43 6f 6e 74 65 6e 74 2d 4c 65 6e 67 74 68 3a |.Content-Length:|
|00000020| 38 38 0d 0a 43 6f 6e 74 65 6e 74 2d 54 79 70 65 |88..Content-Type|
|00000030| 3a 61 70 70 6c 69 63 61 74 69 6f 6e 2f 6a 73 6f |:application/jso|
|00000040| 6e 3b 20 63 68 61 72 73 65 74 3d 75 74 66 2d 38 |n; charset=utf-8|
|00000050| 0d 0a 63 61 63 68 65 2d 63 6f 6e 74 72 6f 6c 3a |..cache-control:|
|00000060| 6e 6f 2d 63 61 63 68 65 0d 0a 0d 0a 7b 22 76 61 |no-cache....{"va|
|00000070| 6c 75 65 22 3a 7b 22 65 6c 65 6d 65 6e 74 2d 36 |lue":{"element-6|
|00000080| 30 36 36 2d 31 31 65 34 2d 61 35 32 65 2d 34 66 |066-11e4-a52e-4f|
|00000090| 37 33 35 34 36 36 63 65 63 66 22 3a 22 37 64 64 |735466cecf":"7dd|
|000000a0| 61 35 31 61 31 2d 32 39 63 30 2d 34 63 37 36 2d |a51a1-29c0-4c76-|
|000000b0| 38 64 30 35 2d 38 32 30 66 30 38 31 63 39 61 66 |8d05-820f081c9af|
|000000c0| 33 22 7d 7d                                     |3"}}            |
+--------+-------------------------------------------------+----------------+
&amp#27;[35m22-11-29 16:05:22:016&amp#27;[m [&amp#27;[34mDEBUG&amp#27;[m] 

Request DefaultHttpRequest(decodeResult: success, version: HTTP/1.1)
POST /session/c221f94085f074930f6565b3a9356933/element HTTP/1.1
User-Agent: selenium/4.6.0 (java windows)
Content-Length: 74
Content-Type: application/json; charset=utf-8
host: localhost:44632
accept: */*

Response DefaultHttpResponse(decodeResult: success, version: HTTP/1.1)
HTTP/1.1 200 OK
Content-Type: application/json; charset=utf-8
cache-control: no-cache
content-length: 88

&amp#27;[35m22-11-29 16:05:22:017&amp#27;[m [&amp#27;[34mDEBUG&amp#27;[m] Adding key: http://localhost:44632 for channel [id: 0xb21da692, L:/127.0.0.1:52679 - R:localhost/127.0.0.1:44632]
&amp#27;[35m22-11-29 16:05:22:017&amp#27;[m [&amp#27;[30mTRACE&amp#27;[m] [id: 0xb21da692, L:/127.0.0.1:52679 - R:localhost/127.0.0.1:44632] READ COMPLETE
&amp#27;[35m22-11-29 16:05:22:018&amp#27;[m [&amp#27;[34mDEBUG&amp#27;[m] Using pooled Channel '[id: 0xb21da692, L:/127.0.0.1:52679 - R:localhost/127.0.0.1:44632]' for 'POST' to 'http://localhost:44632/session/c221f94085f074930f6565b3a9356933/element/7dda51a1-29c0-4c76-8d05-820f081c9af3/value'
&amp#27;[35m22-11-29 16:05:22:018&amp#27;[m [&amp#27;[34mDEBUG&amp#27;[m] Using open Channel [id: 0xb21da692, L:/127.0.0.1:52679 - R:localhost/127.0.0.1:44632] for POST '/session/c221f94085f074930f6565b3a9356933/element/7dda51a1-29c0-4c76-8d05-820f081c9af3/value'
&amp#27;[35m22-11-29 16:05:22:019&amp#27;[m [&amp#27;[30mTRACE&amp#27;[m] [id: 0xb21da692, L:/127.0.0.1:52679 - R:localhost/127.0.0.1:44632] WRITE: 257B
         +-------------------------------------------------+
         |  0  1  2  3  4  5  6  7  8  9  a  b  c  d  e  f |
+--------+-------------------------------------------------+----------------+
|00000000| 50 4f 53 54 20 2f 73 65 73 73 69 6f 6e 2f 63 32 |POST /session/c2|
|00000010| 32 31 66 39 34 30 38 35 66 30 37 34 39 33 30 66 |21f94085f074930f|
|00000020| 36 35 36 35 62 33 61 39 33 35 36 39 33 33 2f 65 |6565b3a9356933/e|
|00000030| 6c 65 6d 65 6e 74 2f 37 64 64 61 35 31 61 31 2d |lement/7dda51a1-|
|00000040| 32 39 63 30 2d 34 63 37 36 2d 38 64 30 35 2d 38 |29c0-4c76-8d05-8|
|00000050| 32 30 66 30 38 31 63 39 61 66 33 2f 76 61 6c 75 |20f081c9af3/valu|
|00000060| 65 20 48 54 54 50 2f 31 2e 31 0d 0a 55 73 65 72 |e HTTP/1.1..User|
|00000070| 2d 41 67 65 6e 74 3a 20 73 65 6c 65 6e 69 75 6d |-Agent: selenium|
|00000080| 2f 34 2e 36 2e 30 20 28 6a 61 76 61 20 77 69 6e |/4.6.0 (java win|
|00000090| 64 6f 77 73 29 0d 0a 43 6f 6e 74 65 6e 74 2d 4c |dows)..Content-L|
|000000a0| 65 6e 67 74 68 3a 20 32 31 31 0d 0a 43 6f 6e 74 |ength: 211..Cont|
|000000b0| 65 6e 74 2d 54 79 70 65 3a 20 61 70 70 6c 69 63 |ent-Type: applic|
|000000c0| 61 74 69 6f 6e 2f 6a 73 6f 6e 3b 20 63 68 61 72 |ation/json; char|
|000000d0| 73 65 74 3d 75 74 66 2d 38 0d 0a 68 6f 73 74 3a |set=utf-8..host:|
|000000e0| 20 6c 6f 63 61 6c 68 6f 73 74 3a 34 34 36 33 32 | localhost:44632|
|000000f0| 0d 0a 61 63 63 65 70 74 3a 20 2a 2f 2a 0d 0a 0d |..accept: */*...|
|00000100| 0a                                              |.               |
+--------+-------------------------------------------------+----------------+
&amp#27;[35m22-11-29 16:05:22:019&amp#27;[m [&amp#27;[30mTRACE&amp#27;[m] [id: 0xb21da692, L:/127.0.0.1:52679 - R:localhost/127.0.0.1:44632] WRITE: 211B
         +-------------------------------------------------+
         |  0  1  2  3  4  5  6  7  8  9  a  b  c  d  e  f |
+--------+-------------------------------------------------+----------------+
|00000000| 7b 0a 20 20 22 69 64 22 3a 20 22 37 64 64 61 35 |{.  "id": "7dda5|
|00000010| 31 61 31 2d 32 39 63 30 2d 34 63 37 36 2d 38 64 |1a1-29c0-4c76-8d|
|00000020| 30 35 2d 38 32 30 66 30 38 31 63 39 61 66 33 22 |05-820f081c9af3"|
|00000030| 2c 0a 20 20 22 74 65 78 74 22 3a 20 22 4b 61 62 |,.  "text": "Kab|
|00000040| 75 6c 63 69 74 79 40 31 32 33 22 2c 0a 20 20 22 |ulcity@123",.  "|
|00000050| 76 61 6c 75 65 22 3a 20 5b 0a 20 20 20 20 22 4b |value": [.    "K|
|00000060| 22 2c 0a 20 20 20 20 22 61 22 2c 0a 20 20 20 20 |",.    "a",.    |
|00000070| 22 62 22 2c 0a 20 20 20 20 22 75 22 2c 0a 20 20 |"b",.    "u",.  |
|00000080| 20 20 22 6c 22 2c 0a 20 20 20 20 22 63 22 2c 0a |  "l",.    "c",.|
|00000090| 20 20 20 20 22 69 22 2c 0a 20 20 20 20 22 74 22 |    "i",.    "t"|
|000000a0| 2c 0a 20 20 20 20 22 79 22 2c 0a 20 20 20 20 22 |,.    "y",.    "|
|000000b0| 40 22 2c 0a 20 20 20 20 22 31 22 2c 0a 20 20 20 |@",.    "1",.   |
|000000c0| 20 22 32 22 2c 0a 20 20 20 20 22 33 22 0a 20 20 | "2",.    "3".  |
|000000d0| 5d 0a 7d                                        |].}             |
+--------+-------------------------------------------------+----------------+
&amp#27;[35m22-11-29 16:05:22:019&amp#27;[m [&amp#27;[30mTRACE&amp#27;[m] [id: 0xb21da692, L:/127.0.0.1:52679 - R:localhost/127.0.0.1:44632] FLUSH
&amp#27;[35m22-11-29 16:05:22:020&amp#27;[m [&amp#27;[30mTRACE&amp#27;[m] [id: 0xb21da692, L:/127.0.0.1:52679 - R:localhost/127.0.0.1:44632] WRITE: 0B
&amp#27;[35m22-11-29 16:05:22:020&amp#27;[m [&amp#27;[30mTRACE&amp#27;[m] [id: 0xb21da692, L:/127.0.0.1:52679 - R:localhost/127.0.0.1:44632] FLUSH
&amp#27;[35m22-11-29 16:05:22:123&amp#27;[m [&amp#27;[30mTRACE&amp#27;[m] [id: 0xb21da692, L:/127.0.0.1:52679 - R:localhost/127.0.0.1:44632] READ: 122B
         +-------------------------------------------------+
         |  0  1  2  3  4  5  6  7  8  9  a  b  c  d  e  f |
+--------+-------------------------------------------------+----------------+
|00000000| 48 54 54 50 2f 31 2e 31 20 32 30 30 20 4f 4b 0d |HTTP/1.1 200 OK.|
|00000010| 0a 43 6f 6e 74 65 6e 74 2d 4c 65 6e 67 74 68 3a |.Content-Length:|
|00000020| 31 34 0d 0a 43 6f 6e 74 65 6e 74 2d 54 79 70 65 |14..Content-Type|
|00000030| 3a 61 70 70 6c 69 63 61 74 69 6f 6e 2f 6a 73 6f |:application/jso|
|00000040| 6e 3b 20 63 68 61 72 73 65 74 3d 75 74 66 2d 38 |n; charset=utf-8|
|00000050| 0d 0a 63 61 63 68 65 2d 63 6f 6e 74 72 6f 6c 3a |..cache-control:|
|00000060| 6e 6f 2d 63 61 63 68 65 0d 0a 0d 0a 7b 22 76 61 |no-cache....{"va|
|00000070| 6c 75 65 22 3a 6e 75 6c 6c 7d                   |lue":null}      |
+--------+-------------------------------------------------+----------------+
&amp#27;[35m22-11-29 16:05:22:123&amp#27;[m [&amp#27;[34mDEBUG&amp#27;[m] 

Request DefaultHttpRequest(decodeResult: success, version: HTTP/1.1)
POST /session/c221f94085f074930f6565b3a9356933/element/7dda51a1-29c0-4c76-8d05-820f081c9af3/value HTTP/1.1
User-Agent: selenium/4.6.0 (java windows)
Content-Length: 211
Content-Type: application/json; charset=utf-8
host: localhost:44632
accept: */*

Response DefaultHttpResponse(decodeResult: success, version: HTTP/1.1)
HTTP/1.1 200 OK
Content-Type: application/json; charset=utf-8
cache-control: no-cache
content-length: 14

&amp#27;[35m22-11-29 16:05:22:124&amp#27;[m [&amp#27;[34mDEBUG&amp#27;[m] Adding key: http://localhost:44632 for channel [id: 0xb21da692, L:/127.0.0.1:52679 - R:localhost/127.0.0.1:44632]
&amp#27;[35m22-11-29 16:05:22:124&amp#27;[m [&amp#27;[30mTRACE&amp#27;[m] [id: 0xb21da692, L:/127.0.0.1:52679 - R:localhost/127.0.0.1:44632] READ COMPLETE
&amp#27;[35m22-11-29 16:05:22:126&amp#27;[m [&amp#27;[34mDEBUG&amp#27;[m] Using pooled Channel '[id: 0xb21da692, L:/127.0.0.1:52679 - R:localhost/127.0.0.1:44632]' for 'POST' to 'http://localhost:44632/session/c221f94085f074930f6565b3a9356933/element'
&amp#27;[35m22-11-29 16:05:22:127&amp#27;[m [&amp#27;[34mDEBUG&amp#27;[m] Using open Channel [id: 0xb21da692, L:/127.0.0.1:52679 - R:localhost/127.0.0.1:44632] for POST '/session/c221f94085f074930f6565b3a9356933/element'
&amp#27;[35m22-11-29 16:05:22:128&amp#27;[m [&amp#27;[30mTRACE&amp#27;[m] [id: 0xb21da692, L:/127.0.0.1:52679 - R:localhost/127.0.0.1:44632] WRITE: 213B
         +-------------------------------------------------+
         |  0  1  2  3  4  5  6  7  8  9  a  b  c  d  e  f |
+--------+-------------------------------------------------+----------------+
|00000000| 50 4f 53 54 20 2f 73 65 73 73 69 6f 6e 2f 63 32 |POST /session/c2|
|00000010| 32 31 66 39 34 30 38 35 66 30 37 34 39 33 30 66 |21f94085f074930f|
|00000020| 36 35 36 35 62 33 61 39 33 35 36 39 33 33 2f 65 |6565b3a9356933/e|
|00000030| 6c 65 6d 65 6e 74 20 48 54 54 50 2f 31 2e 31 0d |lement HTTP/1.1.|
|00000040| 0a 55 73 65 72 2d 41 67 65 6e 74 3a 20 73 65 6c |.User-Agent: sel|
|00000050| 65 6e 69 75 6d 2f 34 2e 36 2e 30 20 28 6a 61 76 |enium/4.6.0 (jav|
|00000060| 61 20 77 69 6e 64 6f 77 73 29 0d 0a 43 6f 6e 74 |a windows)..Cont|
|00000070| 65 6e 74 2d 4c 65 6e 67 74 68 3a 20 37 33 0d 0a |ent-Length: 73..|
|00000080| 43 6f 6e 74 65 6e 74 2d 54 79 70 65 3a 20 61 70 |Content-Type: ap|
|00000090| 70 6c 69 63 61 74 69 6f 6e 2f 6a 73 6f 6e 3b 20 |plication/json; |
|000000a0| 63 68 61 72 73 65 74 3d 75 74 66 2d 38 0d 0a 68 |charset=utf-8..h|
|000000b0| 6f 73 74 3a 20 6c 6f 63 61 6c 68 6f 73 74 3a 34 |ost: localhost:4|
|000000c0| 34 36 33 32 0d 0a 61 63 63 65 70 74 3a 20 2a 2f |4632..accept: */|
|000000d0| 2a 0d 0a 0d 0a                                  |*....           |
+--------+-------------------------------------------------+----------------+
&amp#27;[35m22-11-29 16:05:22:128&amp#27;[m [&amp#27;[30mTRACE&amp#27;[m] [id: 0xb21da692, L:/127.0.0.1:52679 - R:localhost/127.0.0.1:44632] WRITE: 73B
         +-------------------------------------------------+
         |  0  1  2  3  4  5  6  7  8  9  a  b  c  d  e  f |
+--------+-------------------------------------------------+----------------+
|00000000| 7b 0a 20 20 22 75 73 69 6e 67 22 3a 20 22 78 70 |{.  "using": "xp|
|00000010| 61 74 68 22 2c 0a 20 20 22 76 61 6c 75 65 22 3a |ath",.  "value":|
|00000020| 20 22 5c 75 30 30 32 66 5c 75 30 30 32 66 62 75 | "\u002f\u002fbu|
|00000030| 74 74 6f 6e 5b 40 6e 61 6d 65 3d 27 72 65 67 69 |tton[@name='regi|
|00000040| 73 74 65 72 27 5d 22 0a 7d                      |ster']".}       |
+--------+-------------------------------------------------+----------------+
&amp#27;[35m22-11-29 16:05:22:129&amp#27;[m [&amp#27;[30mTRACE&amp#27;[m] [id: 0xb21da692, L:/127.0.0.1:52679 - R:localhost/127.0.0.1:44632] FLUSH
&amp#27;[35m22-11-29 16:05:22:129&amp#27;[m [&amp#27;[30mTRACE&amp#27;[m] [id: 0xb21da692, L:/127.0.0.1:52679 - R:localhost/127.0.0.1:44632] WRITE: 0B
&amp#27;[35m22-11-29 16:05:22:130&amp#27;[m [&amp#27;[30mTRACE&amp#27;[m] [id: 0xb21da692, L:/127.0.0.1:52679 - R:localhost/127.0.0.1:44632] FLUSH
&amp#27;[35m22-11-29 16:05:22:139&amp#27;[m [&amp#27;[30mTRACE&amp#27;[m] [id: 0xb21da692, L:/127.0.0.1:52679 - R:localhost/127.0.0.1:44632] READ: 196B
         +-------------------------------------------------+
         |  0  1  2  3  4  5  6  7  8  9  a  b  c  d  e  f |
+--------+-------------------------------------------------+----------------+
|00000000| 48 54 54 50 2f 31 2e 31 20 32 30 30 20 4f 4b 0d |HTTP/1.1 200 OK.|
|00000010| 0a 43 6f 6e 74 65 6e 74 2d 4c 65 6e 67 74 68 3a |.Content-Length:|
|00000020| 38 38 0d 0a 43 6f 6e 74 65 6e 74 2d 54 79 70 65 |88..Content-Type|
|00000030| 3a 61 70 70 6c 69 63 61 74 69 6f 6e 2f 6a 73 6f |:application/jso|
|00000040| 6e 3b 20 63 68 61 72 73 65 74 3d 75 74 66 2d 38 |n; charset=utf-8|
|00000050| 0d 0a 63 61 63 68 65 2d 63 6f 6e 74 72 6f 6c 3a |..cache-control:|
|00000060| 6e 6f 2d 63 61 63 68 65 0d 0a 0d 0a 7b 22 76 61 |no-cache....{"va|
|00000070| 6c 75 65 22 3a 7b 22 65 6c 65 6d 65 6e 74 2d 36 |lue":{"element-6|
|00000080| 30 36 36 2d 31 31 65 34 2d 61 35 32 65 2d 34 66 |066-11e4-a52e-4f|
|00000090| 37 33 35 34 36 36 63 65 63 66 22 3a 22 35 62 62 |735466cecf":"5bb|
|000000a0| 37 37 32 32 30 2d 34 66 62 35 2d 34 61 31 31 2d |77220-4fb5-4a11-|
|000000b0| 39 37 35 64 2d 31 35 32 62 65 62 37 63 31 65 36 |975d-152beb7c1e6|
|000000c0| 61 22 7d 7d                                     |a"}}            |
+--------+-------------------------------------------------+----------------+
&amp#27;[35m22-11-29 16:05:22:140&amp#27;[m [&amp#27;[34mDEBUG&amp#27;[m] 

Request DefaultHttpRequest(decodeResult: success, version: HTTP/1.1)
POST /session/c221f94085f074930f6565b3a9356933/element HTTP/1.1
User-Agent: selenium/4.6.0 (java windows)
Content-Length: 73
Content-Type: application/json; charset=utf-8
host: localhost:44632
accept: */*

Response DefaultHttpResponse(decodeResult: success, version: HTTP/1.1)
HTTP/1.1 200 OK
Content-Type: application/json; charset=utf-8
cache-control: no-cache
content-length: 88

&amp#27;[35m22-11-29 16:05:22:140&amp#27;[m [&amp#27;[34mDEBUG&amp#27;[m] Adding key: http://localhost:44632 for channel [id: 0xb21da692, L:/127.0.0.1:52679 - R:localhost/127.0.0.1:44632]
&amp#27;[35m22-11-29 16:05:22:140&amp#27;[m [&amp#27;[30mTRACE&amp#27;[m] [id: 0xb21da692, L:/127.0.0.1:52679 - R:localhost/127.0.0.1:44632] READ COMPLETE
&amp#27;[35m22-11-29 16:05:22:141&amp#27;[m [&amp#27;[34mDEBUG&amp#27;[m] Using pooled Channel '[id: 0xb21da692, L:/127.0.0.1:52679 - R:localhost/127.0.0.1:44632]' for 'POST' to 'http://localhost:44632/session/c221f94085f074930f6565b3a9356933/element/5bb77220-4fb5-4a11-975d-152beb7c1e6a/click'
&amp#27;[35m22-11-29 16:05:22:141&amp#27;[m [&amp#27;[34mDEBUG&amp#27;[m] Using open Channel [id: 0xb21da692, L:/127.0.0.1:52679 - R:localhost/127.0.0.1:44632] for POST '/session/c221f94085f074930f6565b3a9356933/element/5bb77220-4fb5-4a11-975d-152beb7c1e6a/click'
&amp#27;[35m22-11-29 16:05:22:142&amp#27;[m [&amp#27;[30mTRACE&amp#27;[m] [id: 0xb21da692, L:/127.0.0.1:52679 - R:localhost/127.0.0.1:44632] WRITE: 256B
         +-------------------------------------------------+
         |  0  1  2  3  4  5  6  7  8  9  a  b  c  d  e  f |
+--------+-------------------------------------------------+----------------+
|00000000| 50 4f 53 54 20 2f 73 65 73 73 69 6f 6e 2f 63 32 |POST /session/c2|
|00000010| 32 31 66 39 34 30 38 35 66 30 37 34 39 33 30 66 |21f94085f074930f|
|00000020| 36 35 36 35 62 33 61 39 33 35 36 39 33 33 2f 65 |6565b3a9356933/e|
|00000030| 6c 65 6d 65 6e 74 2f 35 62 62 37 37 32 32 30 2d |lement/5bb77220-|
|00000040| 34 66 62 35 2d 34 61 31 31 2d 39 37 35 64 2d 31 |4fb5-4a11-975d-1|
|00000050| 35 32 62 65 62 37 63 31 65 36 61 2f 63 6c 69 63 |52beb7c1e6a/clic|
|00000060| 6b 20 48 54 54 50 2f 31 2e 31 0d 0a 55 73 65 72 |k HTTP/1.1..User|
|00000070| 2d 41 67 65 6e 74 3a 20 73 65 6c 65 6e 69 75 6d |-Agent: selenium|
|00000080| 2f 34 2e 36 2e 30 20 28 6a 61 76 61 20 77 69 6e |/4.6.0 (java win|
|00000090| 64 6f 77 73 29 0d 0a 43 6f 6e 74 65 6e 74 2d 4c |dows)..Content-L|
|000000a0| 65 6e 67 74 68 3a 20 35 30 0d 0a 43 6f 6e 74 65 |ength: 50..Conte|
|000000b0| 6e 74 2d 54 79 70 65 3a 20 61 70 70 6c 69 63 61 |nt-Type: applica|
|000000c0| 74 69 6f 6e 2f 6a 73 6f 6e 3b 20 63 68 61 72 73 |tion/json; chars|
|000000d0| 65 74 3d 75 74 66 2d 38 0d 0a 68 6f 73 74 3a 20 |et=utf-8..host: |
|000000e0| 6c 6f 63 61 6c 68 6f 73 74 3a 34 34 36 33 32 0d |localhost:44632.|
|000000f0| 0a 61 63 63 65 70 74 3a 20 2a 2f 2a 0d 0a 0d 0a |.accept: */*....|
+--------+-------------------------------------------------+----------------+
&amp#27;[35m22-11-29 16:05:22:142&amp#27;[m [&amp#27;[30mTRACE&amp#27;[m] [id: 0xb21da692, L:/127.0.0.1:52679 - R:localhost/127.0.0.1:44632] WRITE: 50B
         +-------------------------------------------------+
         |  0  1  2  3  4  5  6  7  8  9  a  b  c  d  e  f |
+--------+-------------------------------------------------+----------------+
|00000000| 7b 0a 20 20 22 69 64 22 3a 20 22 35 62 62 37 37 |{.  "id": "5bb77|
|00000010| 32 32 30 2d 34 66 62 35 2d 34 61 31 31 2d 39 37 |220-4fb5-4a11-97|
|00000020| 35 64 2d 31 35 32 62 65 62 37 63 31 65 36 61 22 |5d-152beb7c1e6a"|
|00000030| 0a 7d                                           |.}              |
+--------+-------------------------------------------------+----------------+
&amp#27;[35m22-11-29 16:05:22:142&amp#27;[m [&amp#27;[30mTRACE&amp#27;[m] [id: 0xb21da692, L:/127.0.0.1:52679 - R:localhost/127.0.0.1:44632] FLUSH
&amp#27;[35m22-11-29 16:05:22:142&amp#27;[m [&amp#27;[30mTRACE&amp#27;[m] [id: 0xb21da692, L:/127.0.0.1:52679 - R:localhost/127.0.0.1:44632] WRITE: 0B
&amp#27;[35m22-11-29 16:05:22:142&amp#27;[m [&amp#27;[30mTRACE&amp#27;[m] [id: 0xb21da692, L:/127.0.0.1:52679 - R:localhost/127.0.0.1:44632] FLUSH
&amp#27;[35m22-11-29 16:05:22:821&amp#27;[m [&amp#27;[34mDEBUG&amp#27;[m] Entry count for : http://localhost:52680 : 1
&amp#27;[35m22-11-29 16:05:23:474&amp#27;[m [&amp#27;[30mTRACE&amp#27;[m] [id: 0xb21da692, L:/127.0.0.1:52679 - R:localhost/127.0.0.1:44632] READ: 122B
         +-------------------------------------------------+
         |  0  1  2  3  4  5  6  7  8  9  a  b  c  d  e  f |
+--------+-------------------------------------------------+----------------+
|00000000| 48 54 54 50 2f 31 2e 31 20 32 30 30 20 4f 4b 0d |HTTP/1.1 200 OK.|
|00000010| 0a 43 6f 6e 74 65 6e 74 2d 4c 65 6e 67 74 68 3a |.Content-Length:|
|00000020| 31 34 0d 0a 43 6f 6e 74 65 6e 74 2d 54 79 70 65 |14..Content-Type|
|00000030| 3a 61 70 70 6c 69 63 61 74 69 6f 6e 2f 6a 73 6f |:application/jso|
|00000040| 6e 3b 20 63 68 61 72 73 65 74 3d 75 74 66 2d 38 |n; charset=utf-8|
|00000050| 0d 0a 63 61 63 68 65 2d 63 6f 6e 74 72 6f 6c 3a |..cache-control:|
|00000060| 6e 6f 2d 63 61 63 68 65 0d 0a 0d 0a 7b 22 76 61 |no-cache....{"va|
|00000070| 6c 75 65 22 3a 6e 75 6c 6c 7d                   |lue":null}      |
+--------+-------------------------------------------------+----------------+
&amp#27;[35m22-11-29 16:05:23:475&amp#27;[m [&amp#27;[34mDEBUG&amp#27;[m] 

Request DefaultHttpRequest(decodeResult: success, version: HTTP/1.1)
POST /session/c221f94085f074930f6565b3a9356933/element/5bb77220-4fb5-4a11-975d-152beb7c1e6a/click HTTP/1.1
User-Agent: selenium/4.6.0 (java windows)
Content-Length: 50
Content-Type: application/json; charset=utf-8
host: localhost:44632
accept: */*

Response DefaultHttpResponse(decodeResult: success, version: HTTP/1.1)
HTTP/1.1 200 OK
Content-Type: application/json; charset=utf-8
cache-control: no-cache
content-length: 14

&amp#27;[35m22-11-29 16:05:23:475&amp#27;[m [&amp#27;[34mDEBUG&amp#27;[m] Adding key: http://localhost:44632 for channel [id: 0xb21da692, L:/127.0.0.1:52679 - R:localhost/127.0.0.1:44632]
&amp#27;[35m22-11-29 16:05:23:475&amp#27;[m [&amp#27;[30mTRACE&amp#27;[m] [id: 0xb21da692, L:/127.0.0.1:52679 - R:localhost/127.0.0.1:44632] READ COMPLETE
&amp#27;[35m22-11-29 16:05:23:481&amp#27;[m [&amp#27;[34mDEBUG&amp#27;[m] Using pooled Channel '[id: 0xb21da692, L:/127.0.0.1:52679 - R:localhost/127.0.0.1:44632]' for 'GET' to 'http://localhost:44632/session/c221f94085f074930f6565b3a9356933/screenshot'
&amp#27;[35m22-11-29 16:05:23:481&amp#27;[m [&amp#27;[34mDEBUG&amp#27;[m] Using open Channel [id: 0xb21da692, L:/127.0.0.1:52679 - R:localhost/127.0.0.1:44632] for GET '/session/c221f94085f074930f6565b3a9356933/screenshot'
&amp#27;[35m22-11-29 16:05:23:482&amp#27;[m [&amp#27;[30mTRACE&amp#27;[m] [id: 0xb21da692, L:/127.0.0.1:52679 - R:localhost/127.0.0.1:44632] WRITE: 220B
         +-------------------------------------------------+
         |  0  1  2  3  4  5  6  7  8  9  a  b  c  d  e  f |
+--------+-------------------------------------------------+----------------+
|00000000| 47 45 54 20 2f 73 65 73 73 69 6f 6e 2f 63 32 32 |GET /session/c22|
|00000010| 31 66 39 34 30 38 35 66 30 37 34 39 33 30 66 36 |1f94085f074930f6|
|00000020| 35 36 35 62 33 61 39 33 35 36 39 33 33 2f 73 63 |565b3a9356933/sc|
|00000030| 72 65 65 6e 73 68 6f 74 20 48 54 54 50 2f 31 2e |reenshot HTTP/1.|
|00000040| 31 0d 0a 55 73 65 72 2d 41 67 65 6e 74 3a 20 73 |1..User-Agent: s|
|00000050| 65 6c 65 6e 69 75 6d 2f 34 2e 36 2e 30 20 28 6a |elenium/4.6.0 (j|
|00000060| 61 76 61 20 77 69 6e 64 6f 77 73 29 0d 0a 43 61 |ava windows)..Ca|
|00000070| 63 68 65 2d 43 6f 6e 74 72 6f 6c 3a 20 6e 6f 2d |che-Control: no-|
|00000080| 63 61 63 68 65 0d 0a 43 6f 6e 74 65 6e 74 2d 54 |cache..Content-T|
|00000090| 79 70 65 3a 20 61 70 70 6c 69 63 61 74 69 6f 6e |ype: application|
|000000a0| 2f 6a 73 6f 6e 3b 20 63 68 61 72 73 65 74 3d 75 |/json; charset=u|
|000000b0| 74 66 2d 38 0d 0a 68 6f 73 74 3a 20 6c 6f 63 61 |tf-8..host: loca|
|000000c0| 6c 68 6f 73 74 3a 34 34 36 33 32 0d 0a 61 63 63 |lhost:44632..acc|
|000000d0| 65 70 74 3a 20 2a 2f 2a 0d 0a 0d 0a             |ept: */*....    |
+--------+-------------------------------------------------+----------------+
&amp#27;[35m22-11-29 16:05:23:482&amp#27;[m [&amp#27;[30mTRACE&amp#27;[m] [id: 0xb21da692, L:/127.0.0.1:52679 - R:localhost/127.0.0.1:44632] FLUSH
&amp#27;[35m22-11-29 16:05:23:615&amp#27;[m [&amp#27;[30mTRACE&amp#27;[m] [id: 0xb21da692, L:/127.0.0.1:52679 - R:localhost/127.0.0.1:44632] READ: 1024B
         +-------------------------------------------------+
         |  0  1  2  3  4  5  6  7  8  9  a  b  c  d  e  f |
+--------+-------------------------------------------------+----------------+
|00000000| 48 54 54 50 2f 31 2e 31 20 32 30 30 20 4f 4b 0d |HTTP/1.1 200 OK.|
|00000010| 0a 43 6f 6e 74 65 6e 74 2d 4c 65 6e 67 74 68 3a |.Content-Length:|
|00000020| 35 33 37 39 32 0d 0a 43 6f 6e 74 65 6e 74 2d 54 |53792..Content-T|
|00000030| 79 70 65 3a 61 70 70 6c 69 63 61 74 69 6f 6e 2f |ype:application/|
|00000040| 6a 73 6f 6e 3b 20 63 68 61 72 73 65 74 3d 75 74 |json; charset=ut|
|00000050| 66 2d 38 0d 0a 63 61 63 68 65 2d 63 6f 6e 74 72 |f-8..cache-contr|
|00000060| 6f 6c 3a 6e 6f 2d 63 61 63 68 65 0d 0a 0d 0a 7b |ol:no-cache....{|
|00000070| 22 76 61 6c 75 65 22 3a 22 69 56 42 4f 52 77 30 |"value":"iVBORw0|
|00000080| 4b 47 67 6f 41 41 41 41 4e 53 55 68 45 55 67 41 |KGgoAAAANSUhEUgA|
|00000090| 41 42 41 41 41 41 41 4b 45 43 41 59 41 41 41 43 |ABAAAAAKECAYAAAC|
|000000a0| 5a 37 45 68 33 41 41 41 41 41 58 4e 53 52 30 49 |Z7Eh3AAAAAXNSR0I|
|000000b0| 41 72 73 34 63 36 51 41 41 49 41 42 4a 52 45 46 |Ars4c6QAAIABJREF|
|000000c0| 55 65 4a 7a 73 33 58 6c 63 56 33 57 2b 78 2f 45 |UeJzs3XlcV3W+x/E|
|000000d0| 33 4c 6f 41 70 41 36 4d 6d 30 42 32 52 57 34 4a |3LoApA6Mm0B2RW4J|
|000000e0| 62 6c 43 53 6d 4e 70 51 30 4c 6d 68 75 46 47 6d |blCSmNpQ0LmhuFGm|
|000000f0| 4b 64 56 4f 62 63 53 73 62 55 62 74 42 4e 63 50 |KdVObcSsbUbtBNcP|
|00000100| 50 6d 55 6c 74 45 6a 56 72 46 4a 33 63 70 6b 54 |PmUltEjVrFJ3cpkT|
|00000110| 54 4e 46 44 4a 4a 52 78 52 4b 65 55 4b 61 70 47 |TNFDJJRxRKeUKapG|
|00000120| 6d 36 48 51 42 35 36 71 59 47 6f 6f 4c 49 4d 6a |m6HQB56qYGooLIMj|
|00000130| 39 67 30 57 57 48 2f 75 50 52 63 2f 72 2b 58 6a |9g0WWH/uPRc/r+Xj|
|00000140| 77 65 4f 6a 35 6e 65 58 7a 4f 2b 66 38 34 50 64 |weOj5neXzO+f84Pd|
|00000150| 39 6e 2b 2f 35 48 71 75 38 76 4c 77 38 41 51 41 |9n+/5Hqu8vLw8AQA|
|00000160| 41 41 41 43 41 52 75 76 71 31 61 75 31 58 6b 63 |AAACARuvq1au1Xkc|
|00000170| 54 43 39 51 42 41 41 41 41 41 41 41 61 4f 51 49 |TC9QBAAAAAAAaOQI|
|00000180| 41 41 41 41 41 41 41 41 4d 67 41 41 41 41 41 41 |AAAAAAAAMgAAAAAA|
|00000190| 41 41 41 41 44 49 41 41 41 41 41 41 41 41 4d 41 |AAAADIAAAAAAAAMA|
|000001a0| 41 43 41 41 41 41 41 41 41 41 44 41 41 41 67 41 |ACAAAAAAAADAAAgA|
|000001b0| 41 41 41 41 41 41 41 79 41 41 41 41 41 41 41 41 |AAAAAAAyAAAAAAAA|
|000001c0| 41 67 4c 76 63 6c 69 31 62 4b 70 32 48 41 41 41 |AgLvcli1bKp2HAAA|
|000001d0| 41 41 41 41 41 67 4c 74 59 59 65 4f 2f 73 68 43 |AAAAAgLtYYeO/shC|
|000001e0| 41 41 41 41 41 41 41 41 41 67 4c 74 55 36 55 5a |AAAAAAAAAgLtU6UZ|
|000001f0| 2f 52 53 45 41 41 51 41 41 41 41 41 41 41 48 65 |/RSEAAQAAAAAAAHe|
|00000200| 68 38 68 72 37 35 55 32 33 79 73 76 4c 79 36 76 |h8hr75U23ysvLy6v|
|00000210| 4c 67 67 41 41 41 41 41 41 51 4f 31 63 76 58 71 |LggAAAAAAQO1cvXq|
|00000220| 31 31 75 75 67 42 77 41 41 41 41 41 41 41 41 5a |11uugBwAAAAAAAAZ|
|00000230| 41 41 41 41 41 41 41 41 41 67 41 45 51 41 41 41 |AAAAAAAAAgAEQAAA|
|00000240| 41 41 41 41 41 59 41 41 45 41 41 41 41 41 41 41 |AAAAAYAAEAAAAAAA|
|00000250| 41 47 41 41 42 41 41 41 41 41 41 41 41 42 74 43 |AGAABAAAAAAAABtC|
|00000260| 73 6f 51 73 41 41 41 41 41 41 41 42 56 63 2b 54 |soQsAAAAAAABVc+T|
|00000270| 49 6b 57 6f 76 34 2b 6e 70 4b 59 6b 65 41 41 41 |IkWov4+npKYkeAAA|
|00000280| 41 41 41 41 41 47 41 49 42 41 41 41 41 41 41 41 |AAAAAGAIBAAAAAAA|
|00000290| 41 42 6b 41 41 41 41 41 41 41 41 43 41 41 52 41 |ABkAAAAAAAACAARA|
|000002a0| 41 41 41 41 41 41 41 42 67 41 41 51 41 41 41 41 |AAAAAAABgAAQAAAA|
|000002b0| 41 41 41 41 59 41 41 45 41 41 41 41 41 41 41 41 |AAAAYAAEAAAAAAAA|
|000002c0| 47 51 41 41 41 41 41 41 41 41 49 41 42 45 41 41 |GQAAAAAAAAIABEAA|
|000002d0| 41 41 41 41 41 41 47 41 41 42 41 41 41 41 41 41 |AAAAAAGAABAAAAAA|
|000002e0| 41 41 42 67 41 41 51 41 41 41 41 41 41 41 41 5a |AABgAAQAAAAAAAAZ|
|000002f0| 41 41 41 41 41 41 41 41 41 67 41 45 51 41 41 41 |AAAAAAAAAgAEQAAA|
|00000300| 41 41 41 41 41 59 41 41 45 41 41 41 41 41 41 41 |AAAAAYAAEAAAAAAA|
|00000310| 41 47 41 41 42 41 41 41 41 41 41 41 41 42 6b 41 |AGAABAAAAAAAABkA|
|00000320| 41 41 41 41 41 41 41 43 41 41 52 41 41 41 41 41 |AAAAAAACAARAAAAA|
|00000330| 41 41 41 42 67 41 41 51 41 41 41 41 41 41 41 41 |AAABgAAQAAAAAAAA|
|00000340| 59 41 41 45 41 41 41 41 41 41 41 41 47 51 41 41 |YAAEAAAAAAAAGQAA|
|00000350| 41 41 41 41 41 41 49 41 42 45 41 41 41 41 41 41 |AAAAAAIABEAAAAAA|
|00000360| 41 41 47 41 41 42 41 41 41 41 41 41 41 41 42 67 |AAGAABAAAAAAAABg|
|00000370| 41 41 51 41 41 41 41 41 41 41 41 5a 41 41 41 41 |AAQAAAAAAAAZAAAA|
|00000380| 41 41 41 41 41 67 41 45 51 41 41 41 41 41 41 41 |AAAAAgAEQAAAAAAA|
|00000390| 41 59 41 41 45 41 41 41 41 41 41 41 41 47 41 41 |AYAAEAAAAAAAAGAA|
|000003a0| 42 41 41 41 41 41 41 41 41 42 6b 41 41 41 41 41 |BAAAAAAAABkAAAAA|
|000003b0| 41 41 41 43 41 41 52 41 41 41 41 41 41 41 41 42 |AAACAARAAAAAAAAB|
|000003c0| 67 41 41 51 41 41 41 41 41 41 41 41 59 41 41 45 |gAAQAAAAAAAAYAAE|
|000003d0| 41 41 41 41 41 41 41 41 47 51 41 41 41 41 41 41 |AAAAAAAAGQAAAAAA|
|000003e0| 41 41 49 41 42 45 41 41 41 41 41 41 41 41 47 41 |AAIABEAAAAAAAAGA|
|000003f0| 41 42 41 41 41 41 41 41 41 41 42 67 41 41 51 41 |ABAAAAAAAABgAAQA|
+--------+-------------------------------------------------+----------------+
&amp#27;[35m22-11-29 16:05:23:615&amp#27;[m [&amp#27;[34mDEBUG&amp#27;[m] 

Request DefaultFullHttpRequest(decodeResult: success, version: HTTP/1.1, content: EmptyByteBufBE)
GET /session/c221f94085f074930f6565b3a9356933/screenshot HTTP/1.1
User-Agent: selenium/4.6.0 (java windows)
Cache-Control: no-cache
Content-Type: application/json; charset=utf-8
host: localhost:44632
accept: */*

Response DefaultHttpResponse(decodeResult: success, version: HTTP/1.1)
HTTP/1.1 200 OK
Content-Type: application/json; charset=utf-8
cache-control: no-cache
content-length: 53792

&amp#27;[35m22-11-29 16:05:23:616&amp#27;[m [&amp#27;[30mTRACE&amp#27;[m] [id: 0xb21da692, L:/127.0.0.1:52679 - R:localhost/127.0.0.1:44632] READ COMPLETE
&amp#27;[35m22-11-29 16:05:23:617&amp#27;[m [&amp#27;[30mTRACE&amp#27;[m] [id: 0xb21da692, L:/127.0.0.1:52679 - R:localhost/127.0.0.1:44632] READ: 16384B
         +-------------------------------------------------+
         |  0  1  2  3  4  5  6  7  8  9  a  b  c  d  e  f |
+--------+-------------------------------------------------+----------------+
|00000000| 41 41 41 41 41 41 41 5a 41 41 41 41 41 41 41 41 |AAAAAAAZAAAAAAAA|
|00000010| 41 67 41 45 51 41 41 41 41 41 41 41 41 59 41 41 |AgAEQAAAAAAAAYAA|
|00000020| 45 41 41 41 41 41 41 41 41 47 41 41 42 41 41 41 |EAAAAAAAAGAABAAA|
|00000030| 41 41 41 41 41 42 6b 41 41 41 41 41 41 41 41 43 |AAAAABkAAAAAAAAC|
|00000040| 41 41 52 41 41 41 41 41 41 41 41 42 67 41 41 51 |AARAAAAAAAABgAAQ|
|00000050| 41 41 41 41 41 41 41 41 59 41 41 45 41 41 41 41 |AAAAAAAAYAAEAAAA|
|00000060| 41 41 41 41 47 51 41 41 41 41 41 41 41 41 49 41 |AAAAGQAAAAAAAAIA|
|00000070| 42 45 41 41 41 41 41 41 41 41 47 41 41 42 41 41 |BEAAAAAAAAGAABAA|
|00000080| 41 41 41 41 41 41 42 67 41 41 51 41 41 41 41 41 |AAAAAABgAAQAAAAA|
|00000090| 41 41 41 5a 41 41 41 41 41 41 41 41 41 67 41 45 |AAAZAAAAAAAAAgAE|
|000000a0| 51 41 41 41 41 41 41 41 41 59 41 41 45 41 41 41 |QAAAAAAAAYAAEAAA|
|000000b0| 41 41 41 41 41 47 41 41 42 41 41 41 41 41 41 41 |AAAAAGAABAAAAAAA|
|000000c0| 41 42 6b 41 41 41 41 41 41 41 41 43 41 41 52 41 |ABkAAAAAAAACAARA|
|000000d0| 41 41 41 41 41 41 41 42 67 41 41 51 41 41 41 41 |AAAAAAABgAAQAAAA|
|000000e0| 41 41 41 41 59 41 41 45 41 41 41 41 41 41 41 41 |AAAAYAAEAAAAAAAA|
|000000f0| 47 51 41 41 41 41 41 41 41 41 49 41 42 45 41 41 |GQAAAAAAAAIABEAA|
|00000100| 41 41 41 41 41 41 47 41 41 42 41 41 41 41 41 41 |AAAAAAGAABAAAAAA|
|00000110| 41 41 42 67 41 41 51 41 41 41 41 41 41 41 41 5a |AABgAAQAAAAAAAAZ|
|00000120| 41 41 41 41 41 41 41 41 41 67 41 45 51 41 41 41 |AAAAAAAAAgAEQAAA|
|00000130| 41 41 41 41 41 59 41 41 45 41 41 41 41 41 41 41 |AAAAAYAAEAAAAAAA|
|00000140| 41 47 41 41 42 41 41 41 41 41 41 41 41 42 6b 41 |AGAABAAAAAAAABkA|
|00000150| 41 41 41 41 41 41 41 43 41 41 52 41 41 41 41 41 |AAAAAAACAARAAAAA|
|00000160| 41 41 41 42 67 41 41 51 41 41 41 41 41 41 41 41 |AAABgAAQAAAAAAAA|
|00000170| 59 41 41 45 41 41 41 41 41 41 41 41 47 51 41 41 |YAAEAAAAAAAAGQAA|
|00000180| 41 41 41 41 41 41 49 41 42 45 41 41 41 41 41 41 |AAAAAAIABEAAAAAA|
|00000190| 41 41 47 41 41 7a 52 71 36 41 41 41 41 41 4f 42 |AAGAAzRq6AAAAAOB|
|000001a0| 65 46 6e 4d 38 57 33 74 2f 79 46 62 4d 38 57 77 |eFnM8W3t/yFbM8Ww|
|000001b0| 64 54 62 34 6c 53 65 72 75 32 6c 77 2b 58 61 33 |dTb4lSeru2lw+Xa3|
|000001c0| 56 74 34 75 31 66 4c 70 61 4e 33 43 46 73 4c 53 |Vt4u1fLpaN3CFsLS|
|000001d0| 38 76 44 78 6c 33 37 71 6c 6e 4a 77 63 35 65 58 |8vDxl37qlnJwc5eX|
|000001e0| 6c 46 66 33 67 37 6d 42 6c 5a 56 58 30 30 37 78 |lFf3g7mBlZVX007x|
|000001f0| 5a 4d 7a 56 76 33 6c 78 57 56 6c 59 4e 58 5a 5a |ZMzVv3lxWVlYNXZZ|
|00000200| 46 45 41 41 41 41 41 41 41 64 53 44 39 65 70 37 |FEAAAAAAAdSD9ep7|
|00000210| 47 68 36 55 72 49 6a 36 72 7a 47 73 78 78 2f 4d |Gh6UrIj6rzGsxx/M|
|00000220| 44 41 55 6e 79 38 37 4c 52 71 73 6b 4f 63 6d 68 |DAUny87LRqskOcmh|
|00000230| 35 62 7a 51 77 6a 43 6f 76 4c 30 2b 33 62 74 33 |5bzQwjCovL0+3bt3|
|00000240| 53 72 5a 77 63 35 65 62 6d 4e 6e 51 35 71 49 58 |SrZwc5ebmNnQ5qIX|
|00000250| 69 67 55 31 75 62 71 34 79 73 37 4c 55 74 47 6c |igU1ubq4ys7LUtGl|
|00000260| 54 4e 57 2f 65 58 4d 32 62 4e 62 75 72 77 77 42 |TNW/eXM2bNburwwB|
|00000270| 75 41 51 41 41 41 41 41 73 37 47 68 79 6a 6a 79 |uAQAAAAAs7Ghyjjy|
|00000280| 44 4c 35 70 74 2f 4a 63 57 45 5a 38 6c 7a 2b 43 |DL5pt/JcWEZ8lz+C|
|00000290| 4c 4f 70 71 63 55 77 2b 56 6f 53 37 6b 35 4f 54 |LOpqcUw+VoS7k5OT|
|000002a0| 6f 2b 6f 30 62 79 73 7a 4b 6f 76 46 2f 6a 38 72 |o+o0byszKovF/j8r|
|000002b0| 4e 7a 56 56 6d 5a 71 61 75 33 37 69 68 6e 4a 79 |NzVVmZqau37ihnJy|
|000002c0| 37 39 37 4e 4b 41 41 41 41 41 41 42 59 55 50 72 |797NKAAAAAABYUPr|
|000002d0| 31 50 44 32 37 34 47 63 6c 2f 31 54 31 68 6d 44 |1PD274Gcl/1T1hmD|
|000002e0| 79 54 37 6c 36 64 73 48 50 53 72 39 4f 4e 2f 47 |yT7l6dsHPSr9ON/G|
|000002f0| 37 53 55 35 4f 6a 71 35 64 76 36 34 62 4e 32 2f |7SU5Ojq5dv64bN2/|
|00000300| 71 39 75 33 62 44 56 30 4f 36 73 48 74 32 37 64 |q9u3bDV0O6sHt27d|
|00000310| 31 34 2b 5a 4e 58 62 39 2b 58 54 6c 33 59 64 68 |14+ZNXb9+XTl3Ydh|
|00000320| 44 41 41 41 41 41 41 42 59 30 4c 69 6c 36 64 56 |DAAAAAABY0Lil6dV|
|00000330| 71 2f 42 64 4b 2f 69 6c 58 67 5a 39 63 72 59 4f |q/BdK/ilXgZ9crYO|
|00000340| 4b 55 42 64 79 63 6e 4a 30 4d 7a 4f 54 68 72 39 |KUBdycnJ0MzOThr9|
|00000350| 42 35 64 36 2b 72 5a 73 33 62 39 35 31 76 51 45 |B5d6+rZs3b951vQE|
|00000360| 49 41 41 41 41 41 41 41 4c 69 54 6d 65 72 63 67 |IAAAAAAALiTmercg|
|00000370| 45 4d 39 33 2b 32 39 36 6e 37 59 73 64 6c 62 66 |EM93+296n7Ysdlbf|
|00000380| 4f 55 54 66 58 4f 65 6e 6d 66 48 76 35 6d 6c 6c |OUTfXOenmfHv5mll|
|00000390| 2b 39 64 36 62 52 57 4d 44 6f 50 48 4b 79 73 37 |+9d6bRWMDoPHKys7|
|000003a0| 57 6a 5a 73 33 47 64 6a 50 34 50 4c 79 38 6e 54 |WjZs3GdjP4PLy8nT|
|000003b0| 6a 35 6b 31 6c 5a 39 38 39 6e 31 6b 43 41 41 41 |j5k1lZ989n1kCAAA|
|000003c0| 41 41 4d 42 43 79 6d 75 38 76 2f 44 62 6c 76 4c |AAMBCymu8v/DblvL|
|000003d0| 4a 7a 74 53 67 4d 57 6c 71 4d 53 31 64 4f 36 78 |JztSgMWlqMS1dO6x|
|000003e0| 62 4b 47 79 61 2b 64 48 2f 43 51 41 61 74 35 79 |bKGya+dH/CQAat5y|
|000003f0| 63 48 47 56 6c 56 54 36 32 41 34 77 6a 4d 79 76 |cHGVlVT62A4wjMyv|
|00000400| 72 72 75 6b 4a 51 41 41 41 41 41 41 41 57 49 6a |rrukJQAAAAAAAWIj|
|00000410| 35 78 6e 74 54 2b 54 33 51 56 43 65 2b 76 61 4b |5xntT+T3QVCe+vaK|
|00000420| 64 6b 6e 51 78 55 39 4e 50 35 63 72 31 41 5a 74 |dknQxU9NP5cr1AZt|
|00000430| 71 72 41 4f 4e 51 57 37 42 2f 64 39 41 61 54 64 |qrAONQW7B/d9AaTd|
|00000440| 75 33 6c 54 75 58 58 41 37 43 41 45 41 41 41 41 |u3lTuXXA7CAEAAAA|
|00000450| 41 59 43 46 48 6b 32 2b 5a 6d 57 6f 6a 70 2f 74 |AYCFHk2+ZmWojp/t|
|00000460| 75 4b 2f 33 69 6e 53 6b 70 74 2f 4b 6b 35 75 61 |uK/3inSkpt/Kk5ua|
|00000470| 2f 69 6e 2b 62 59 6d 34 64 61 41 77 79 61 66 79 |/in+bYm4daAwyafy|
|00000480| 6a 41 70 6d 5a 6d 51 31 64 51 71 57 61 57 58 71 |jApmZmQ1dQqWaWXq|
|00000490| 46 6d 59 6c 66 4b 69 77 32 70 63 72 7a 32 33 72 |FmYlfKiw2pcrz23r|
|000004a0| 34 61 62 4b 33 73 36 58 4c 61 48 53 31 53 46 4c |4abK3s6XLaHS1SFL|
|000004b0| 36 6f 51 69 74 50 75 57 6d 63 51 48 64 35 46 44 |6oQitPuWmcQHd5FD|
|000004c0| 74 70 62 4e 30 50 6e 47 2f 64 6d 7a 61 72 34 6a |tpbN0PnG/dmzar4j|
|000004d0| 34 46 4b 56 4c 63 6e 44 7a 6c 4e 38 51 50 2f 6e |4FKVLcnDzlN8QP/n|
|000004e0| 31 37 31 43 44 39 5a 57 53 6d 61 4b 49 38 44 6a |171CD9ZWSmaKI8Dj|
|000004f0| 5a 39 68 2b 68 51 53 37 6d 30 2b 69 47 64 55 34 |Z9h+hQS7m0+iGdU4|
|00000500| 78 4b 79 4e 30 76 75 63 45 6a 66 61 6f 70 4c 37 |xKyN0vucEjfaopL7|
|00000510| 4d 55 31 71 2f 4b 6c 72 6e 71 37 70 71 47 30 2f |MU1q/Klrnq7pqG0/|
|00000520| 35 54 65 67 74 31 39 71 57 61 45 6c 56 66 67 39 |5Tegt19qWaElVfg9|
|00000530| 74 31 48 33 49 4b 50 6d 34 31 45 4e 4e 6b 71 51 |t1H3IKPm41ENNkqQ|
|00000540| 4d 6e 55 69 38 4c 43 63 50 43 35 78 7a 41 41 44 |MnUi8LCcPC5xzAAD|
|00000550| 41 4c 47 34 72 62 35 78 75 35 65 54 63 46 56 64 |ALG4rb5xu5eTcFVd|
|00000560| 34 30 58 42 79 63 33 4f 56 6b 35 4f 6a 5a 73 30 |40XByc3OVk5OjZs0|
|00000570| 73 33 73 79 32 47 49 74 58 64 69 4a 36 76 67 4a |s3sy2GItXdiJ6vgJ|
|00000580| 6e 56 36 50 62 55 6a 39 6e 44 66 4c 32 71 35 50 |nV6PbUj9nDfL2q5P|
|00000590| 47 56 32 4f 71 52 62 71 6b 48 59 76 6d 4b 7a 43 |GV2OqRbqkHYvmKzC|
|000005a0| 71 6c 35 7a 36 68 57 71 30 59 7a 55 57 76 58 4a |ql5z6hWq0YzUWvXJ|
|000005b0| 51 51 57 50 66 30 6e 75 78 70 64 35 4c 37 47 6c |QQWPf0nuxpd5L7Gl|
|000005c0| 46 72 74 71 6f 49 4f 2b 78 69 76 68 38 69 6e 72 |FrtqoIO+xivh8inr|
|000005d0| 62 31 71 4b 38 78 41 67 39 4f 32 4f 6a 46 4e 4a |b1qK8xAg9O2OjFNJ|
|000005e0| 4e 65 59 48 64 61 72 47 69 4f 70 49 59 6f 64 45 |NeYHdarGiOpIYodE|
|000005f0| 7a 31 69 6f 74 35 43 6d 4e 39 71 69 6b 76 6c 50 |z1iot5CmN9qikvlP|
|00000600| 52 6d 68 36 38 56 6d 6c 56 58 76 6b 52 4f 66 54 |Rmh68VmlVXvkROfT|
|00000610| 76 72 58 46 31 31 49 6a 4f 54 44 32 6d 67 35 6c |vrXF11IjOTD2mg5l|
|00000620| 4f 38 6e 46 76 55 2b 56 6c 7a 6b 65 46 61 55 78 |O8nFvU+VlzkeFaUx|
|00000630| 77 58 4a 58 6d 37 57 58 54 53 77 63 6e 64 4b 68 |wXJXm7WXTSwcndKh|
|00000640| 70 65 64 57 51 70 52 6a 54 43 44 32 39 4b 46 75 |pedWQpRjTCD29KFu|
|00000650| 4f 30 7a 39 55 73 73 6c 54 74 54 6e 6c 55 46 71 |O0z9UsslTtTnlUFq|
|00000660| 57 6b 67 38 64 56 36 61 37 70 7a 72 62 4e 33 51 |Wkg8dV6a7pzrbN3Q|
|00000670| 74 41 43 77 6d 4d 30 50 70 46 72 35 56 32 4e 62 |tACwmM0PpFr5V2Nb|
|00000680| 65 7a 6a 43 2f 66 7a 4d 79 4d 69 52 4a 64 6e 5a |ezjC/fzMyMiRJdnZ|
|00000690| 32 44 56 78 4a 31 58 56 33 62 61 36 39 50 35 54 |2DVxJ1XV3ba69P5T|
|000006a0| 2b 2f 6e 6c 44 79 65 6d 2f 55 50 65 32 64 36 62 |+/nlDyem/UPe2d6b|
|000006b0| 30 76 63 39 4b 75 6d 57 2b 4d 64 6e 64 74 58 6e |0vc9KumW+MdndtXn|
|000006c0| 64 46 58 67 50 69 59 2b 50 31 37 56 72 31 2b 54 |dFXgPiY+P17Vr1+T|
|000006d0| 73 37 4b 78 4f 6e 54 72 56 36 62 62 79 38 76 4c |s7KxOnTrV6bby8vL|
|000006e0| 75 69 71 75 37 61 48 69 5a 57 56 6c 71 32 62 53 |uiqu7aHiZWVlq2bS|
|000006f0| 70 72 4b 79 73 47 72 6f 55 73 79 77 65 41 48 51 |prKysGroUsyweAHQ|
|00000700| 50 33 4b 36 66 4a 35 54 38 70 58 63 2b 36 69 31 |P3K6fJ5T8pXc+6i1|
|00000710| 31 6d 58 70 45 6d 6a 35 66 50 35 64 75 58 4e 72 |1mXpEmj5fP5duXNr|
|00000720| 59 31 64 6d 56 78 4d 5a 55 53 38 32 6c 61 50 57 |Y1dmVxMZUS82laPW|
|00000730| 45 57 58 6f 76 56 75 6f 77 5a 4c 4c 43 51 67 61 |EWXovVuowZLLCQga|
|00000740| 72 74 30 73 62 4f 64 68 6d 4b 54 33 31 75 46 59 |rt0sbOdhmKT31uFY|
|00000750| 48 42 79 73 77 61 71 33 38 70 6e 62 51 77 5a 58 |HByswaq38pnbQwZX|
|00000760| 50 4e 4b 36 72 32 4a 61 55 6d 56 33 31 42 72 33 |PNK6r2JaUmV31Br3|
|00000770| 48 46 43 57 6e 76 4b 67 53 76 36 4c 54 64 6d 76 |HFCWnvKgSv6LTdmv|
|00000780| 63 34 2f 4d 56 71 52 48 61 6e 6a 4a 5a 76 55 73 |c4/MVqRHanjJZvUs|
|00000790| 73 59 43 32 48 4f 6d 74 77 58 56 4a 45 38 43 53 |sYC2HOmtwXVJE8CS|
|000007a0| 4e 69 65 71 6e 37 53 6d 7a 4e 61 69 61 32 78 6d |Nieqn7SmzNaia2xm|
|000007b0| 78 5a 4a 56 57 44 33 47 71 63 42 35 62 2b 2f 72 |xZJVWD3GqcB5b+/r|
|000007c0| 37 55 75 52 67 37 79 51 70 74 64 36 32 5a 79 68 |7UuRg7yQptd62Zyh|
|000007d0| 70 75 7a 56 39 77 42 78 46 6a 70 2b 6a 6e 78 63 |puzV9wBxFjp+jnxc|
|000007e0| 2b 31 51 68 2f 46 77 47 6f 74 72 52 6f 6a 65 35 |+1Qh/FwGotrRoje5|
|000007f0| 6b 30 6d 65 57 58 75 39 7a 4a 70 31 62 32 56 38 |k0meWXu9zJp1b2V8|
|00000800| 56 2f 33 57 34 75 38 58 45 78 43 67 30 4e 46 54 |V/3W4u8XExCg0NFT|
|00000810| 6e 7a 70 32 54 4a 44 6b 37 4f 32 76 6d 7a 4a 6e |nzp2TJDk7O2vmzJn|
|00000820| 79 38 66 47 70 75 34 31 6d 4a 53 6a 55 64 35 4c |y8fGpu41mJSjUd5L|
|00000830| 57 58 53 73 31 33 64 70 64 4d 38 4c 44 46 56 44 |WXSs13dpdM8LDFVD|
|00000840| 46 4c 31 6b 2b 58 61 33 4e 42 41 44 53 36 70 52 |FL1k+Xa3NBADS6pR|
|00000850| 63 37 65 68 70 72 78 65 32 58 39 46 6e 75 6b 2b |c7ehprxe2X9Fnuk+|
|00000860| 6d 72 6b 31 30 39 4d 43 4e 63 74 64 52 76 67 77 |mrk109MCNctdRvgw|
|00000870| 6c 62 74 6f 6c 44 66 53 58 78 39 32 54 69 31 6a |lbtolDfSXx92Ti1j|
|00000880| 4d 32 62 4e 6e 4e 58 76 32 62 43 55 6b 4a 4a 52 |M2bNnNXv2bCUkJJR|
|00000890| 35 62 65 4c 45 69 5a 6f 34 63 57 4b 64 62 50 64 |5beLEiZo4cWKdbPd|
|000008a0| 57 54 67 34 6a 2f 71 4e 4b 62 74 2b 2b 72 56 73 |WTg4j/qNKbt++rVs|
|000008b0| 35 4f 62 4a 75 33 6a 69 44 76 44 72 6f 6d 32 41 |5ObJu3jiDvDrom2A|
|000008c0| 6a 42 2f 75 53 58 62 51 7a 62 51 70 2b 69 64 6e |jB/uSXbQzbQp+idn|
|000008d0| 62 79 61 45 65 47 79 75 4e 71 35 59 61 53 74 79 |byaEeGyuNq5YaSty|
|000008e0| 76 52 62 73 6c 39 5a 75 6c 6d 4c 58 46 65 79 66 |vRbsl9ZulmLXFeyf|
|000008f0| 59 79 4d 48 46 55 39 50 58 72 70 4c 54 68 4c 45 |YyMHFU9PXrpLThLE|
|00000900| 61 73 33 6d 2b 31 67 63 2b 6f 79 43 50 68 69 75 |as3m+1gc+oyCPhiu|
|00000910| 31 4d 53 6c 7a 64 53 53 7a 38 41 2b 70 74 52 7a |1MSlzdSSz8A+ptRz|
|00000920| 73 47 79 4c 6f 75 61 62 30 54 45 6e 56 44 52 70 |sGyLouab0TEnVDRp|
|00000930| 73 57 6a 65 69 38 39 52 47 33 51 4e 58 36 65 63 |sWjei89RG3QNX6ec|
|00000940| 4a 32 59 61 36 2b 6c 54 76 4c 6c 77 54 31 78 65 |J2Ya6+lTvLlwT1xe|
|00000950| 41 65 34 52 6a 66 36 31 4f 36 61 55 77 53 36 2b |Ae4Rjf61O6aUwS6+|
|00000960| 33 55 56 36 77 73 4a 7a 35 38 2b 64 72 2f 66 72 |3UV6wsJz58+dr/fr|
|00000970| 31 47 6a 70 30 71 4e 7a 64 33 53 56 4a 53 55 6c |1Gjp0qNzd3SVJSUl|
|00000980| 4a 6d 6a 56 72 6c 6b 61 50 48 71 31 5a 73 32 62 |JmjVrlkaPHq1Zs2b|
|00000990| 56 7a 59 5a 74 32 73 69 31 68 37 76 63 7a 78 57 |VzYZt2si1h7vczxW|
|000009a0| 66 65 45 6e 4a 53 55 6b 36 6b 48 68 52 41 61 35 |feEnJSUk6kHhRAa5|
|000009b0| 74 79 31 75 79 42 4a 2b 75 31 70 71 39 71 65 7a |ty1uyBJ+u1pq9qez|
|000009c0| 30 76 65 75 75 61 55 65 51 6e 64 5a 2f 36 4b 54 |0veuuaUeQndZ/6KT|
|000009d0| 31 6b 74 4b 54 62 32 6a 30 69 74 78 79 31 31 47 |1ktKTb2j0itxy11G|
|000009e0| 75 72 4c 4e 4b 32 72 56 4c 65 6e 69 6f 50 44 71 |urLNK2rVLenioPDq|
|000009f0| 56 64 31 74 6b 68 6b 37 75 58 4b 37 6c 61 78 4a |Vd1tkhk7uXK7laxJ|
|00000a00| 30 54 70 4c 73 58 44 56 30 34 67 77 46 39 4b 6a |0TpLsXDV04gwF9Kj|
|00000a10| 73 50 56 52 6a 75 59 73 4a 43 6c 2b 77 58 4e 75 |sPVRjuYsJCl+wXNu|
|00000a20| 53 38 33 74 70 4f 50 64 34 57 52 4d 6e 2b 71 70 |S83tpOPd4WRMn+qp|
|00000a30| 54 48 58 35 74 32 62 70 31 71 30 4a 44 51 79 56 |THX5t2bp1q0JDQyV|
|00000a40| 4a 76 2f 76 64 37 39 53 6a 52 77 2f 5a 32 64 6e |Jv/vd79SjRw/Z2dn|
|00000a50| 70 33 4c 6c 7a 69 6f 6d 4a 30 66 4c 6c 79 78 55 |p3LlziomJ0fLlyxU|
|00000a60| 54 45 36 50 35 38 2b 66 72 67 51 63 65 73 4f 69 |TE6P58+frgQcesOi|
|00000a70| 32 62 39 31 69 58 41 5a 55 33 61 31 62 74 34 77 |2b91iXAZU3a1bt4w|
|00000a80| 55 41 4d 43 69 4d 69 2f 70 57 30 6e 79 36 46 44 |UAMCiMi/pW0ny6FD|
|00000a90| 4f 31 58 31 6e 6a 56 36 79 56 71 34 54 72 71 6b |O1X1njV6yVq4Trqk|
|00000aa0| 7a 6a 58 2f 55 75 62 4b 68 47 67 43 67 66 41 53 |zjX/UubKhGgCgfAS|
|00000ab0| 6d 31 52 4d 66 48 36 2f 31 36 39 63 72 4c 43 78 |m1RMfH6/169crLCx|
|00000ac0| 4d 58 6c 35 65 4a 56 37 7a 38 66 48 52 72 46 6d |MXl5eJV7z8fHRrFm|
|00000ad0| 7a 35 4f 50 6a 55 2b 59 31 79 33 43 56 66 32 69 |z5OPjU+Y1y3CVf2i|
|00000ae0| 34 2f 49 74 50 79 6f 6a 52 57 30 2f 50 30 71 37 |4/ItPyojRW0/P0q7|
|00000af0| 45 4a 47 55 4e 61 36 75 71 2f 41 58 30 36 57 71 |EJGUNa6uq/AX06Wq|
|00000b00| 74 45 54 31 73 46 4a 6c 51 36 74 36 50 69 7a 66 |tET1sFJlQ6t6Pizf|
|00000b10| 31 37 4b 7a 4b 42 35 42 37 2b 61 6b 57 35 67 4f |17KzKB5B7+akW5gO|
|00000b20| 41 6a 45 53 46 7a 35 71 6d 42 51 6b 46 58 52 54 |AjESFz5qmBQkFXRT|
|00000b30| 47 2f 6c 70 7a 57 2f 58 51 6a 47 57 4c 46 56 41 |G/lpzW/XQjGWLFVA|
|00000b40| 69 43 4d 68 53 34 6f 66 6a 4e 48 35 4e 69 74 53 |iCMhS4ofjNH5NitS|
|00000b50| 71 67 39 77 66 73 4e 47 6c 78 46 31 61 4d 43 6c |qg9wfsNGlxF1aMCl|
|00000b60| 47 42 30 49 2b 31 34 66 44 79 6d 73 59 56 32 4f |GB0I+14fDymsYV2O|
|00000b70| 35 69 7a 73 31 62 66 6a 62 4f 70 42 74 72 54 62 |5izs1bfjbOpBtrTb|
|00000b80| 75 72 6d 71 54 64 56 5a 37 31 37 32 74 76 64 39 |urmqTdVZ7172tvd9|
|00000b90| 38 72 31 58 68 4d 31 58 5a 63 45 30 31 63 66 62 |8r1XhM1XZcE01cfb|
|00000ba0| 73 57 59 57 47 68 73 72 5a 32 56 6d 68 6f 61 45 |sWYWGhsrZ2VmhoaE|
|00000bb0| 6c 47 76 69 64 4f 6e 57 53 6a 34 2b 50 68 67 34 |lGvidOnWSj4+Phg4|
|00000bc0| 64 71 6c 6d 7a 5a 6d 6e 32 37 4e 6c 61 74 6d 79 |dqlmzZmn27Nlatmy|
|00000bd0| 5a 78 62 5a 39 2b 2f 5a 74 35 65 61 61 44 32 73 |ZxbZ9+/Zt5eaaD2s|
|00000be0| 41 63 33 4a 7a 63 33 58 37 39 6d 30 31 61 64 4c |Ac3Jzc3X79m01adL|
|00000bf0| 34 78 74 78 76 4a 42 56 6c 4b 44 6c 36 67 79 62 |4xtxvJBVlKDl6gyb|
|00000c00| 37 44 35 65 54 67 37 65 73 48 4c 7a 6c 32 6a 39 |7D5eTg7esHLzl2j9|
|00000c10| 59 38 7a 59 64 71 33 51 51 74 50 4f 78 47 7a 52 |Y8zYdq3QQtPOxGzR|
|00000c20| 35 62 49 42 63 71 37 6c 63 52 62 57 63 69 50 70 |5bIBcq7lcRbWciPp|
|00000c30| 41 34 2f 6f 50 6b 70 57 44 74 36 77 63 66 71 50 |A4/oPkpWDt6wcfqP|
|00000c40| 4f 2f 69 45 4b 69 37 31 55 38 66 78 44 43 32 75 |O/iEKi71U8fxDC2u|
|00000c50| 76 62 48 35 4a 57 5a 63 55 73 7a 52 59 76 52 2f |vbH5JWZcUszRYvR/|
|00000c60| 4a 72 39 6e 4b 66 62 67 47 42 57 35 51 6a 4c 6b |Jr9nKfbgGBW5QjLk|
|00000c70| 2b 37 69 35 75 47 69 46 4a 75 2f 66 70 59 48 6d |+7i5uGiFJu/fpYHm|
|00000c80| 58 42 57 32 64 31 64 76 62 7a 66 7a 56 67 4c 51 |XBW2d1dvbzfzVgLQ|
|00000c90| 6a 43 67 75 63 64 6d 64 62 6a 77 52 6f 33 4d 4a |jCgucdmdbjwRo3MJ|
|00000ca0| 6f 6e 62 68 53 58 6e 48 5a 53 6b 2f 36 55 74 4e |onbhSXnHZSk/6UtN|
|00000cb0| 4c 48 34 75 6f 55 30 6f 76 39 77 33 56 38 50 69 |LH4uoU0ov9w3V8Pi|
|00000cc0| 6c 48 64 50 36 68 57 58 33 77 34 37 55 6a 49 71 |lHdP6hWX3w47UjIq|
|00000cd0| 57 71 6a 50 6e 59 38 32 38 68 2f 4c 65 64 2b 6e |WqjPnY828h/Led+n|
|00000ce0| 39 57 6c 54 37 6e 54 2f 32 6d 55 6e 52 43 6c 75 |9WlT7nT/2mUnRClu|
|00000cf0| 36 55 68 47 70 6b 70 53 69 69 4b 56 4c 74 57 6a |6UhGpkpSiiKVLtWj|
|00000d00| 70 42 6b 55 6b 31 64 31 7a 59 38 39 48 42 63 76 |pBkUk1d1zY89HBcv|
|00000d10| 31 6b 57 42 46 70 47 62 6f 78 4b 62 33 4e 61 6a |1kWBFpGboxKb3Naj|
|00000d20| 6e 62 77 72 4f 34 30 48 71 50 66 55 44 52 53 51 |nbwrO40HqPfUDRSQ|
|00000d30| 56 32 37 64 58 44 69 72 49 50 30 44 54 6f 38 76 |V27dXDirIP0DTo8v|
|00000d40| 66 33 2b 65 6a 51 75 54 6a 76 31 51 78 42 65 64 |f3+ejQuTjv1QxBed|
|00000d50| 4c 5a 75 4b 6e 38 6e 6c 6b 6e 42 59 6c 6c 6e 77 |LZuKn8nlknBYllnw|
|00000d60| 50 79 5a 75 6d 6c 62 74 64 76 35 57 6e 53 6c 7a |PyZumlbtdv5WnSlz|
|00000d70| 52 50 6e 2f 6f 53 38 32 62 65 75 63 7a 36 39 52 |RPn/oS82beucz69R|
|00000d80| 7a 6f 69 61 76 50 4b 68 6b 63 2b 64 6b 35 6a 45 |zoiavPKhkc+dk5jE|
|00000d90| 74 47 6a 70 49 50 6b 75 50 4b 54 33 74 69 42 61 |tGjpIPkuPKT3tiBa|
|00000da0| 56 57 65 36 49 2b 58 4d 73 4c 56 72 6a 65 67 37 |VWe6I+XMsLVrjeg7|
|00000db0| 58 75 4b 68 54 4f 68 6f 65 6f 6b 46 46 35 2f 39 |XuKhTOhoeokFF5/9|
|00000dc0| 45 54 64 2b 55 66 30 77 7a 6b 36 49 31 62 30 4b |ETd+Uf0wzk6I1b0K|
|00000dd0| 78 34 2b 33 2f 76 74 59 6e 56 62 41 76 71 6e 70 |x4+3/vtYnVbAvqnp|
|00000de0| 2b 70 45 56 72 33 43 4f 44 4e 43 37 71 58 42 55 |+pEVr3CODNC7qXBU|
|00000df0| 2f 53 31 6b 36 45 62 56 42 69 35 62 75 56 72 49 |/S1k6EbVBi5buVrI|
|00000e00| 6b 70 65 37 57 6f 71 56 4c 74 57 68 6c 74 45 37 |kpe7WoqVLtWhltE7|
|00000e10| 51 46 51 43 41 77 57 7a 62 74 6b 31 75 62 6d 35 |QFQCAwWzbtk1ubm5|
|00000e20| 6d 47 2f 67 2b 50 6a 35 79 63 33 50 54 74 6d 33 |mG/g+Pj5yc3PTtm3|
|00000e30| 62 36 71 38 67 75 34 66 56 70 34 2b 6b 7a 61 2f |b6q8gu4fVp4+kza/|
|00000e40| 72 31 31 35 65 38 71 72 69 54 2f 4a 6e 66 72 4b |r115e8qriT/JnfrK|
|00000e50| 2b 64 61 48 61 6d 2b 76 51 74 71 6b 57 2f 64 63 |+daHam+vQtqkW/dc|
|00000e60| 76 7a 4c 78 79 55 56 76 66 47 71 38 46 43 57 33 |vzLxyUVvfGq8FCW3|
|00000e70| 30 33 4c 75 4c 4e 61 4f 48 75 38 59 45 76 36 79 |03LuLNaOHu8YEv6y|
|00000e80| 48 73 78 4f 30 59 50 78 73 78 52 54 2f 38 33 56 |HsxO0YPxsxRT/83V|
|00000e90| 78 6c 35 61 76 53 5a 46 31 6e 78 42 74 69 64 6d |xl5avSZF1nxBtidm|
|00000ea0| 6b 38 50 42 77 37 64 79 7a 56 71 38 39 6e 4b 30 |k8PBw7dyzVq89nK0|
|00000eb0| 44 63 31 65 72 64 43 35 52 6b 2b 55 53 31 38 7a |Dc1erdC5Rk+US18z|
|00000ec0| 57 67 65 77 4f 47 72 4e 71 6a 33 61 47 68 79 74 |WgewOGrNqj3aGhyt|
|00000ed0| 38 55 34 78 32 76 44 74 51 31 69 6e 72 46 4c 72 |8U4x2vDtQ1inrFLr|
|00000ee0| 74 62 4c 58 66 64 31 57 59 54 43 5a 4a 4b 74 50 |tbLXfd1WYTCZJKtP|
|00000ef0| 34 4c 38 37 4c 79 30 73 6d 6b 30 6b 4a 43 51 6e |4L87Ly0smk0kJCQn|
|00000f00| 61 75 6e 57 72 78 62 61 64 59 2b 6e 47 2f 34 57 |aunWrxbadY+nG/4W|
|00000f10| 76 46 4e 42 2b 73 4f 7a 62 76 36 71 31 5a 34 71 |vFNB+sOzbv6q1Z4q|
|00000f20| 2f 6b 4b 33 39 70 73 47 79 62 7a 39 59 39 6e 2f |/kK39psGybz9Y9n/|
|00000f30| 37 51 5a 4b 55 65 65 42 44 75 62 55 66 72 43 6b |7QZKUeeBDubUfrCk|
|00000f40| 37 37 39 79 62 55 6a 67 74 49 50 4a 79 78 64 75 |779ybUjgtIPJyxdu|
|00000f50| 35 73 6c 64 54 32 67 2b 57 2f 59 74 52 4d 6a 63 |5sldT2g+W/YtRMjc|
|00000f60| 73 65 76 71 78 4c 7a 52 6c 2b 50 4f 79 62 7a 39 |sevqxLzRl+POybz9|
|00000f70| 59 62 6a 36 42 43 6f 6f 38 55 36 59 58 59 70 58 |Ybj6BCoo8U6YXYpX|
|00000f80| 6d 4f 62 79 68 61 42 36 50 34 58 2f 53 6b 73 50 |mObyhaB6P4X/SksP|
|00000f90| 46 36 37 71 73 54 61 38 4d 6c 6e 33 37 5a 54 70 |F67qsTa8Mln37ZTp|
|00000fa0| 55 4e 4f 30 48 4c 53 7a 32 48 69 58 70 30 4e 38 |UNO0HLSz2HiXp0N8|
|00000fb0| 47 79 37 37 39 79 31 70 34 2b 4d 37 74 4d 32 6d |Gy779y1p4+M7tM2m|
|00000fc0| 52 37 38 69 2b 2f 54 76 61 64 4b 48 59 4d 6d 5a |R78i+/TvadKHYMmZ|
|00000fd0| 2f 69 71 2b 37 38 62 44 34 65 57 4d 68 6a 53 41 |/iq+78bD4eWMhjSA|
|00000fe0| 41 4f 4b 65 49 71 53 50 31 6e 38 38 76 31 72 4c |AOKeIqSP1n88v1rL|
|00000ff0| 64 31 2b 54 67 33 56 46 39 76 56 32 6b 2b 50 30 |d1+Tg3VF9vV2k+P0|
|00001000| 4b 66 6d 57 53 75 67 39 64 57 6b 37 44 4e 30 73 |KfmWSug9dWk7DN0s|
|00001010| 48 46 34 35 54 39 36 47 4c 74 53 7a 71 76 47 79 |HF45T96GLtSzqvGy|
|00001020| 72 76 46 7a 46 74 61 79 66 4d 45 4a 64 78 6d 37 |rvFzFtayfMEJdxm7|
|00001030| 55 6d 67 75 74 31 62 64 77 6e 59 6d 37 4e 57 58 |Umgut1bdwnYm7NWX|
|00001040| 6f 53 50 6b 73 50 46 62 71 68 4d 2b 76 76 63 76 |oSPksPFbqhM+vvcv|
|00001050| 59 6a 56 6f 54 6d 79 31 58 37 34 37 71 36 2b 32 |YjVoTmy1X747q6+2|
|00001060| 6b 7a 4e 33 6c 7a 53 39 4a 52 7a 53 39 2f 77 67 |kzN3lzS9JRzS9/wg|
|00001070| 39 48 62 78 66 35 39 74 31 56 46 2f 76 6a 75 71 |9Hbxf59t1VF/vjuq|
|00001080| 6b 79 39 71 35 61 72 47 65 66 6e 4b 6d 31 70 65 |ky9q5arGefnKm1pe|
|00001090| 2b 76 64 71 78 6e 34 4a 43 58 4b 54 45 6a 66 4a |+vdqxn4JCXKTEjfJ|
|000010a0| 37 2f 6c 32 74 50 6e 51 75 76 79 74 35 46 57 51 |7/l2tPnQuvyt5FWQ|
|000010b0| 65 57 69 71 66 4a 36 64 70 79 71 6f 6a 53 72 62 |eWiqfJ6dpyqojSrb|
|000010c0| 4a 33 31 5a 66 6d 2f 4e 61 4d 39 75 6b 4c 6b 38 |J31Zfm/NaM9ukLk8|
|000010d0| 47 46 7a 52 4d 53 31 6b 36 55 35 30 66 6e 36 4d |GFzRMS1k6U50fn6M|
|000010e0| 50 45 71 58 4f 33 68 33 56 31 36 75 56 55 75 4c |PEqXO3h3V16uVUuL|
|000010f0| 33 4b 33 6a 73 65 41 30 79 2b 33 35 71 64 76 7a |3K3jseA0y+35qdvz|
|00001100| 79 61 35 75 6b 4d 62 50 33 4b 30 34 75 2b 62 58 |ya5ukMbP3K04u+bX|
|00001110| 5a 58 39 50 4f 56 59 73 31 2b 4a 47 52 47 68 64 |ZX9POVYs1+JGRGhd|
|00001120| 31 72 75 78 43 64 53 5a 4c 42 78 63 47 79 48 6e |1ruxCdSZLBxcGyHn|
|00001130| 6f 59 69 30 72 66 4e 2f 65 48 65 56 30 49 66 39 |oYi0rfN/eHeV0If9|
|00001140| 39 64 35 38 61 6e 64 38 77 4b 35 51 57 72 64 45 |9d58and8wK5QWrdE|
|00001150| 46 2b 37 58 77 47 50 5a 31 79 53 36 6f 66 62 7a |F+7XwGPZ1yS6ofbz|
|00001160| 6d 48 63 71 53 6c 4b 57 6a 34 58 4d 30 4a 54 68 |mHcqSlKWj4XM0JTh|
|00001170| 53 6e 79 56 4b 30 6e 6c 39 74 6d 69 74 41 6f 4d |SnyVK0nl9tmitAoM|
|00001180| 58 61 33 4c 55 36 54 70 37 4a 38 6c 4a 2b 35 57 |Xa3LU6Tp7J8lJ+5W|
|00001190| 53 75 6c 2b 54 2b 34 39 51 6c 31 63 69 64 62 52 |Sul+T+49Ql1cidbR|
|000011a0| 67 33 2f 5a 79 75 61 61 34 38 49 31 36 39 76 46 |g3/Zyuaa48I169vF|
|000011b0| 4a 42 66 56 4a 30 6a 57 64 33 35 32 71 44 2b 5a |JBfVJ0jWd352qD+Z|
|000011c0| 46 36 71 69 35 6c 57 55 65 30 2b 70 35 75 37 55 |F6qi5lWUe0+p5u7U|
|000011d0| 33 38 58 4c 52 63 55 39 50 4f 71 4b 39 71 61 63 |38XLRcU9POqK9qac|
|000011e0| 56 6b 31 54 79 42 73 6e 7a 71 55 65 55 6b 72 70 |Vk1TyBsnzqUeUkrp|
|000011f0| 66 30 34 65 4f 56 4a 64 58 74 69 76 5a 73 65 43 |f04eOVJdXtivZseC|
|00001200| 59 65 6a 73 70 2f 64 53 35 67 75 55 4c 50 72 4d |Yejsp/dS5guULPrM|
|00001210| 44 35 69 67 34 50 46 58 79 79 74 39 33 44 6c 65 |D5ig4PFXyyt93Dle|
|00001220| 4f 61 39 6d 4d 57 66 70 50 63 2b 66 6b 6c 52 54 |Oa9mMWfpPc+fklRT|
|00001230| 46 78 46 37 54 33 6f 58 54 31 4c 6e 54 4e 41 57 |FxF7T3oXT1LnTNAW|
|00001240| 47 58 35 61 54 64 30 66 31 39 57 34 74 6e 54 71 |GX5aTd0f19W4tnTq|
|00001250| 75 5a 54 4f 6d 71 66 75 45 4c 30 73 65 48 30 6c |uZTOmqfuEL0seH0l|
|00001260| 4b 50 61 59 31 70 79 35 72 7a 64 6a 78 38 70 79 |KPaY1py5rzdjx8py|
|00001270| 36 57 79 66 61 35 53 2f 6a 6d 48 70 63 48 37 77 |6Wyfa5S/jmHpcH7w|
|00001280| 79 58 6f 50 47 54 70 50 50 34 79 59 46 62 79 37 |yXoPGTpPP4yYFby7|
|00001290| 34 33 4c 70 5a 4b 32 56 33 70 4d 59 38 50 6b 6d |43LpZK2V3pMY8Pkm|
|000012a0| 4c 45 6b 75 76 72 4a 72 6e 52 2b 6f 78 72 55 6d |LEkuvrJrnR+oxrUm|
|000012b0| 39 70 6a 57 42 59 36 76 34 57 54 71 75 31 59 47 |9pjWBY6v4WTqu1YG|
|000012c0| 4c 46 62 67 6f 4c 72 2b 33 54 32 4b 63 33 67 74 |LFbgoLr+3T2Kc3gt|
|000012d0| 65 71 38 41 5a 63 78 52 78 71 71 4b 6a 44 51 44 |eq8AZcxRxqqKjDQD|
|000012e0| 33 6e 72 4e 6e 7a 31 59 34 34 4a 2b 64 6e 5a 33 |3nrNnz1Y44J+dnZ3|
|000012f0| 4f 6e 71 32 62 42 71 5a 35 62 65 58 68 6b 33 38 |Onq2bBqZ5beXhk38|
|00001300| 62 51 71 73 4f 37 6e 4a 33 72 39 70 50 56 37 66 |bQqsO7nJ3r9pPV7f|
|00001310| 2f 30 47 2f 79 46 6c 51 72 42 4f 6a 51 74 71 6b |/0G/yFlQrBOjQtqk|
|00001320| 69 5a 76 35 53 44 69 33 4e 44 42 78 32 38 59 42 |iZv5SDi3NDBx28YB|
|00001330| 32 48 5a 41 30 35 69 32 39 35 65 73 75 4f 2b 73 |2HZA05i295esuO+s|
|00001340| 32 63 75 38 37 54 58 4f 43 2b 38 72 64 4e 56 6d |2cu87TXOC+8rdNVm|
|00001350| 4a 79 58 64 61 35 78 63 54 64 75 6d 41 72 4f 55 |JyXda5xcTdumArOU|
|00001360| 2f 63 5a 69 4b 6d 73 6b 32 6e 65 51 2f 62 71 43 |/cZiKmsk2neQ/bqC|
|00001370| 55 76 56 6b 78 33 35 76 66 66 74 57 58 53 31 54 |UvVkx35vfftWXS1T|
|00001380| 4d 70 6d 79 70 7a 7a 69 39 58 4f 78 53 66 31 76 |Mpmypzzi9XOxSf1v|
|00001390| 66 6c 7a 58 52 57 66 70 2b 56 34 4c 71 34 67 67 |flzXRWfp+V4Lq4gg|
|000013a0| 64 50 6e 78 59 45 79 64 4f 72 4c 52 72 66 32 46 |dPnxYEydOrLRrf2F|
|000013b0| 51 5a 4d 6b 41 6f 4f 36 75 2f 76 2b 6f 38 41 50 |QZMkAoO6u/v+o8AP|
|000013c0| 46 45 6f 44 4d 37 78 53 31 6f 75 51 63 74 6e 32 |FEoDM7xS1ouQctn2|
|000013d0| 65 55 61 43 6e 46 50 36 33 4c 2f 57 64 4a 43 6c |eUaCnFP63L/WdJCl|
|000013e0| 4e 6d 2f 37 32 70 53 35 30 39 56 4f 67 62 2b 73 |Nm/72pS509VOgb+s|
|000013f0| 4b 31 35 35 2b 63 4b 2f 43 4a 57 6c 76 74 47 4c |K155+cK/CJWlvtGL|
|00001400| 50 6c 48 72 78 32 41 62 35 44 31 71 75 32 50 74 |PlHrx2Ab5D1qu2Pt|
|00001410| 48 61 65 32 47 50 32 75 65 72 37 54 70 74 56 63 |Hae2GP2uer7TptVc|
|00001420| 31 5a 65 66 6c 61 73 32 54 48 6a 4e 58 50 55 65 |1Zeflas2THjNXPUe|
|00001430| 73 55 6c 4c 48 73 56 72 37 79 51 78 4e 75 50 38 |sUlLHsVr7yQxNuP8|
|00001440| 37 42 59 39 34 55 77 75 50 56 57 4d 67 39 69 49 |7BY94UwuPVWMg9iI|
|00001450| 58 5a 46 72 77 6c 64 6d 77 51 6d 71 76 49 52 76 |XZFrwldmwQmqvIRv|
|00001460| 65 30 37 59 4e 37 32 6e 62 6e 44 36 53 70 49 41 |e07YN72nbnD6SpIA|
|00001470| 35 42 66 2f 66 38 49 7a 63 79 6c 33 6e 47 61 30 |5Bf/f8Izcyl3nGa0|
|00001480| 63 2f 72 79 6d 37 4b 7a 36 38 4f 43 57 63 72 75 |c/rym7Kz68OCWcru|
|00001490| 52 42 67 41 4e 66 67 76 41 30 61 55 7a 39 57 7a |RBgANfgvA0aUz9Wz|
|000014a0| 34 4e 54 6b 2b 4e 30 73 78 43 2f 32 4b 6a 58 35 |4NTk+N0sxC/2KjX5|
|000014b0| 39 53 54 74 4d 30 7a 52 34 30 56 72 35 42 58 66 |9STtM0zR40Vr5BXf|
|000014c0| 54 69 56 4b 44 59 70 32 50 65 6b 74 2b 73 30 39 |TiVKDYp2Pekt+s09|
|000014d0| 4c 2f 63 5a 71 7a 35 49 70 38 6e 45 30 73 39 78 |L/cZqz5Ip8nE0s9x|
|000014e0| 55 4e 78 32 74 38 69 41 35 57 54 71 36 63 4b 62 |UNx2t8iA5WTq6cKb|
|000014f0| 47 62 4a 5a 38 35 79 37 54 2b 69 6e 46 48 74 56 |GbJZ85y7T+inFHtV|
|00001500| 33 35 5a 52 57 42 30 37 53 2b 4e 6b 68 57 75 53 |35ZRWB07S+NkhWuS|
|00001510| 39 56 6b 45 39 62 53 71 75 76 58 44 2b 70 52 47 |9VkE9bSquvXD+pRG|
|00001520| 4b 6d 64 43 74 31 4d 42 76 32 55 70 7a 47 61 77 |KmdCt1MBv2UpzGaw|
|00001530| 76 6f 74 2b 57 58 39 47 6f 38 34 55 31 78 32 6c |vot+WX9Go84U1x2l|
|00001540| 4d 59 49 52 36 62 79 70 35 72 33 2f 76 77 41 2b |MYIR6byp5r3/vwA+|
|00001550| 31 35 38 70 4d 6a 56 36 30 58 65 4d 48 62 4e 64 |158pMjV60XeMHbNd|
|00001560| 34 53 56 49 72 39 66 4c 32 56 4f 2b 41 55 51 70 |4SVIr9fL2VO+AUQp|
|00001570| 36 7a 6c 4e 4f 70 66 73 58 58 74 6d 6e 36 57 50 |6zlNOpfsXXtmn6WP|
|00001580| 58 61 75 38 46 46 37 33 35 2b 59 65 61 31 2f 2f |Xau8FF735+Yea1//|
|00001590| 4f 43 50 54 6e 6f 39 2b 58 33 2f 4f 52 6d 68 65 |OCPTno9+X3/ORmhe|
|000015a0| 64 49 72 2f 53 6f 38 64 66 6b 4c 71 58 65 76 2f |dIr/So8dfkLqXev/|
|000015b0| 70 53 52 47 61 50 48 53 2b 50 70 73 39 54 61 61 |pSRGaPHS+Pps9Taa|
|000015c0| 65 32 7a 58 50 2b 38 34 76 2b 78 6f 64 76 77 70 |e2zXP+84v+xodvwp|
|000015d0| 71 4b 39 7a 57 6d 72 45 7a 31 58 31 2f 75 4b 62 |qK9zWmrEz1X1/uKb|
|000015e0| 58 77 32 30 4e 2b 65 64 53 71 6e 71 4e 4e 32 6e |Xw20N+edSqnqNN2n|
|000015f0| 39 77 76 37 46 39 6e 33 68 65 7a 42 70 65 6a 39 |9wv7F9n3hezBpej9|
|00001600| 50 52 66 6a 6e 31 35 6d 38 2b 31 4e 39 64 6b 45 |PRfjn15m8+1N9dkE|
|00001610| 61 73 57 4b 6a 49 76 7a 76 50 44 59 79 50 58 47 |asWKjIvzvPDYyPXG|
|00001620| 44 78 6f 30 4e 30 34 37 45 38 77 72 71 32 55 47 |Dxo0N047E8wrq2UG|
|00001630| 39 54 64 76 31 63 32 43 71 49 71 61 4f 31 2f 67 |9Tdv1c2CqIqaO1/g|
|00001640| 6f 54 36 33 36 6e 7a 6e 79 63 36 7a 65 6f 48 30 |oT636nznyc6zeoH0|
|00001650| 48 35 38 32 55 7a 79 6f 7a 4c 39 68 33 55 39 43 |H582UzyozL9h3U9C|
|00001660| 43 4e 7a 53 6f 6e 4b 64 4a 70 4b 6d 6a 46 75 34 |CNzSonKdJpKmjFu4|
|00001670| 50 31 66 53 69 30 59 45 79 64 43 4c 63 4a 4a 2b |P1fSi0YEydCLcJJ+|
|00001680| 70 63 51 6f 65 75 31 69 39 76 33 74 44 50 76 5a |pcQoeu1i9v3tDPvZ|
|00001690| 50 61 6e 4b 49 6b 39 62 4d 58 71 6e 31 73 53 50 |PanKIk9bMXqn1sSP|
|000016a0| 56 33 62 74 6b 66 37 33 30 33 5a 38 71 4f 46 46 |V3btkf7303Z8qOFF|
|000016b0| 36 64 4f 36 6f 4b 67 39 65 6d 4e 4b 75 6e 37 5a |6dO6oKg9emNKun7Z|
|000016c0| 2f 5a 62 36 75 39 4f 67 35 38 70 74 39 57 6d 6c |/Zb6u9Og58pt9Wml|
|000016d0| 65 49 37 52 39 62 66 46 35 43 6d 76 62 72 32 63 |eI7R9bfF5Cmvbr2c|
|000016e0| 6e 66 4b 6f 6a 30 53 2b 71 65 2b 6d 46 4c 32 54 |nfKoj0S+qe+mFL2T|
|000016f0| 4c 64 62 78 4a 42 34 73 66 6e 37 53 44 43 68 6f |LdbxJB4sfn7SDCho|
|00001700| 37 53 2b 39 74 6e 71 50 4a 2f 54 32 31 49 38 44 |7S+9tnqPJ/T21I8D|
|00001710| 63 49 7a 78 64 39 4f 61 32 44 7a 58 50 4f 2f 2f |cIzxd9Oa2DzXPO//|
|00001720| 59 5a 53 5a 74 30 4f 6a 48 46 79 73 79 36 6f 6a |YZSZt0OjHFysy6oj|
|00001730| 6b 4e 55 4a 37 4e 72 30 68 48 33 74 4a 79 74 4b |kNUJ7Nr0hH3tJytK|
|00001740| 4a 6c 57 2b 70 79 34 77 34 42 61 37 63 70 33 48 |JlW+py4w4Ba7cp3H|
|00001750| 46 7a 74 66 71 6e 68 39 33 61 71 37 71 5a 38 6c |Fztfqnh93aq7qZ8l|
|00001760| 54 38 37 37 62 72 71 44 55 67 6f 45 71 68 38 7a |T877brqDUgoEqh8z|
|00001770| 53 44 30 76 36 79 61 6c 4f 42 36 63 45 67 4c 74 |SD0v6yalOB6cEgLt|
|00001780| 58 66 54 38 52 77 4e 57 39 68 36 79 56 70 43 65 |XfT8RwNW9h6yVpCe|
|00001790| 6d 4c 64 4d 63 6e 36 70 76 4f 32 50 6e 54 44 33 |mLdMcn6pvO2PnTD3|
|000017a0| 35 7a 6a 52 6c 44 39 69 73 48 2f 36 33 34 76 76 |5zjRlD9isH/634vv|
|000017b0| 48 58 33 36 71 68 52 62 39 31 79 2f 4d 4e 2f 36 |HX36qhRb91y/MN/6|
|000017c0| 4c 4f 33 74 52 47 62 72 7a 33 65 32 42 59 61 45 |LO3tRGbrz3e2BYaE|
|000017d0| 4b 48 31 5a 79 6c 6e 4e 4a 43 5a 4a 36 79 4c 33 |KH1ZylnNJCZJ6yL3|
|000017e0| 55 6e 30 55 37 5a 33 63 35 61 35 65 53 7a 31 36 |Un0U7Z3c5a5eSz16|
|000017f0| 55 7a 4e 7a 54 58 2b 58 6c 4c 70 35 56 55 72 59 |UzNzTX+XlLp5VUrY|
|00001800| 6b 56 31 65 56 58 4d 73 44 63 76 57 51 74 43 74 |kV1eVXMsDcvWQtCt|
|00001810| 4a 6c 79 52 5a 38 67 37 38 2b 50 68 34 53 53 6f |JlyRZ8g78+Ph4SSo|
|00001820| 61 45 36 49 79 50 58 72 30 73 47 68 50 6b 62 77 |aE6IyPXr0sGhPkbw|
|00001830| 36 65 76 53 66 52 39 64 32 69 74 33 34 6e 56 4a |6evSfR9d2it34nVJ|
|00001840| 47 74 56 63 48 53 5a 6c 48 44 6d 69 70 32 73 6d |GtVcHSZlHDmip2sm|
|00001850| 6a 36 77 58 64 75 52 37 78 6b 41 4a 6d 50 4b 57 |j6wXduR7xkAJmPKW|
|00001860| 46 4c 33 32 71 54 51 66 38 39 4d 67 76 39 6d 72 |FL32qTQf89Mgv9mr|
|00001870| 70 58 6d 6e 49 52 79 50 56 73 38 4c 37 69 79 35 |pXmnIRyPVs8L7iy5|
|00001880| 72 39 34 59 44 30 73 41 65 47 72 49 72 51 65 45 |r94YD0sAeGrIrQeE|
|00001890| 48 7a 6d 68 73 2b 2f 59 46 72 31 31 54 39 4b 65 |Hzmhs+/YFr11T9Ke|
|000018a0| 72 46 48 2f 2f 4d 39 72 32 74 31 46 36 30 6c 5a |rFH//M9r2t1F60lZ|
|000018b0| 53 48 30 64 6c 48 70 36 6f 71 52 38 66 6b 4d 6c |SH0dlHp6oqR8fkMl|
|000018c0| 33 69 44 70 55 61 5a 34 30 52 58 32 38 54 78 65 |3iDpUaZ40RX28Txe|
|000018d0| 36 6a 74 65 6d 42 63 2f 71 45 55 6e 71 2f 53 74 |6jtemBc/qEUnq/St|
|000018e0| 70 78 41 79 5a 46 75 78 56 77 49 6f 42 71 73 36 |pxAyZFuxVwIoBqs6|
|000018f0| 44 7a 79 52 4a 65 35 66 4a 74 4c 4f 50 56 70 55 |DzyRJe5fJtLOPVpU|
|00001900| 4a 4e 31 72 4a 76 63 38 6a 63 70 63 6b 6d 77 4f |JN1rJvc8jcpckmwO|
|00001910| 53 4a 50 64 75 6a 2b 6a 4a 78 79 70 62 59 58 76 |SJPduj+jJxypbYXv|
|00001920| 31 65 2f 55 52 4c 66 7a 74 4f 35 72 2b 79 56 2b |1e/URLfztO5r+yV+|
|00001930| 30 79 4b 66 61 46 64 58 59 37 55 59 36 61 47 54 |0yKfaFdXY7UY6aGT|
|00001940| 44 39 67 43 34 73 6b 39 68 77 61 6c 53 75 78 46 |D9gC4sk9hwalSuxF|
|00001950| 61 76 38 53 76 31 4b 4f 76 32 6d 69 51 61 61 35 |av8Sv1KOv2miQaa5|
|00001960| 57 39 5a 50 53 56 69 33 57 36 68 4a 58 35 59 35 |W9ZPSVi3W6hJX5Y5|
|00001970| 70 64 57 43 63 30 74 72 31 30 2b 71 56 78 52 76 |pdWCc0tr10+qVxRv|
|00001980| 2f 68 63 75 46 61 74 30 51 4b 57 31 7a 6d 4e 61 |/hcuFat0QKW1zmNa|
|00001990| 58 75 5a 70 58 58 69 31 78 43 70 75 64 4b 67 32 |XuZpXXi1xCpudKg2|
|000019a0| 5a 70 64 58 46 47 2f 2b 53 5a 4f 2b 6d 63 61 62 |ZpdXFG/+SZO+mcab|
|000019b0| 58 35 61 76 7a 43 74 35 38 4a 50 2f 4b 58 57 48 |X5avzCt58JP/KXWH|
|000019c0| 74 48 69 4d 56 55 62 70 32 65 7a 65 4e 57 37 6c |tHiMVUbp2ezeNW7l|
|000019d0| 64 50 33 2f 33 74 70 6d 47 6b 37 58 65 4e 4d 30 |dP3/3tpmGk7XeNM0|
|000019e0| 71 31 76 67 76 72 48 6d 32 46 6e 70 49 32 68 32 |q1vgvrHm2FnpI2h2|
|000019f0| 68 6d 44 4a 58 35 74 76 49 78 37 52 61 35 30 2b |hmDJX5tvIx7Ra50+|
|00001a00| 75 30 68 64 4c 52 6d 72 53 6b 49 37 71 36 79 58 |u0hdLRmrSkI7q6yX|
|00001a10| 46 78 65 37 58 42 31 4f 6e 79 66 6d 52 69 57 57 |Fxe7XB1OnyfmRiWW|
|00001a20| 36 5a 42 38 4e 58 36 78 6c 46 36 51 52 4b 30 4a |6ZB8NX6xlF6QRK0J|
|00001a30| 4c 4e 4c 41 6c 79 61 6e 2f 47 7a 70 34 66 72 74 |LNLAlyan/Gzp4frt|
|00001a40| 69 7a 44 30 36 72 74 2f 72 43 69 76 31 2f 68 33 |izD06rt/rCiv1/h3|
|00001a50| 63 2f 52 53 32 38 45 6c 4a 32 58 6f 76 36 73 69 |c/RS28ElJ2Xov6si|
|00001a60| 64 4b 35 63 31 50 48 36 46 74 66 6b 75 6d 56 75 |dK5c1PH6FtfkumVu|
|00001a70| 6d 4e 67 64 33 50 36 31 65 4f 55 4b 4f 53 6c 58 |mNgd3P61eOUKOSlX|
|00001a80| 67 79 6e 30 56 33 48 5a 67 4b 61 65 30 66 6c 36 |gyn0V3HZgKae0fl6|
|00001a90| 63 30 6a 78 47 61 74 48 63 2f 71 58 47 57 57 69 |c0jxGatHc/qXGWWi|
|00001aa0| 6a 51 55 46 76 36 4d 31 32 55 75 53 71 2f 57 57 |jQUFv6M12UuSq/WW|
|00001ab0| 76 4d 70 66 69 34 44 46 4b 45 64 2f 39 73 39 68 |vMpfi4DFKEd/9s9h|
|00001ac0| 2b 74 5a 47 44 66 65 75 43 65 7a 2b 74 5a 56 73 |+tZGDfeuCez+tZVs|
|00001ad0| 77 38 47 52 31 37 67 56 4e 4f 33 56 61 65 32 50 |w8GR17gVNO3Vae2P|
|00001ae0| 4e 2f 45 51 64 4d 64 39 6c 76 6f 43 76 61 58 61 |N/EQdMd9lvoCvaXa|
|00001af0| 78 78 72 38 6b 32 61 6c 7a 67 45 6c 68 41 5a 49 |xxr8k2alzgElhAZI|
|00001b00| 75 52 43 6f 69 50 6b 75 53 6a 58 72 37 76 79 68 |uRCoiPkuSjXr7vyh|
|00001b10| 66 5a 65 75 39 68 64 74 4c 76 62 38 55 52 61 7a |fZeu9hdtLvb8URaz|
|00001b20| 63 4c 2b 6c 4a 6d 51 4c 4b 7a 31 52 4c 2b 37 33 |cL+lJmQLKz1RL+73|
|00001b30| 70 39 58 4a 43 69 56 4e 61 50 58 75 33 30 74 52 |p9XJCiVNaPXu30tR|
|00001b40| 56 71 31 61 57 44 67 6a 73 31 44 6c 67 6a 74 5a |Vq1aWDgjs1DlgjtZ|
|00001b50| 50 73 5a 62 69 77 78 52 6d 37 70 61 45 64 69 4d |PsZbiwxRm7paEdiM|
|00001b60| 30 72 2f 54 78 63 65 79 74 65 51 73 6e 36 31 46 |0r/TxceyteQsn61F|
|00001b70| 4a 4f 38 50 6a 7a 42 2b 66 67 41 6b 4b 38 72 35 |JO8PjzB+fgAkK8r5|
|00001b80| 7a 6a 74 6d 36 44 39 62 6b 2f 41 52 4e 4c 77 64 |zjtm6D9bk/ARNLwd|
|00001b90| 4f 4c 6d 6a 38 53 35 4b 4e 4f 76 75 50 30 43 52 |OLmj8S5KNOvuP0CR|
|00001ba0| 4a 69 6a 70 57 62 46 32 31 4f 44 2b 71 38 31 6d |JijpWbF21OD+q81m|
|00001bb0| 79 74 5a 4f 44 66 61 6d 42 4b 68 6c 72 41 59 41 |ytZODfamBKhlrAYA|
|00001bc0| 42 2b 66 6a 34 4b 43 6b 70 79 65 78 56 2f 72 4e |B+fj4KCkpyexV/rN|
|00001bd0| 6e 7a 79 6f 70 4b 55 6b 39 65 76 53 6f 33 36 4c |nzyopKUk9evSo36L|
|00001be0| 63 2b 32 69 6f 70 46 32 37 45 70 51 68 36 65 4c |c+2iopF27EpQh6eL|
|00001bf0| 57 61 58 65 36 2b 34 66 6d 66 38 46 4a 44 4c 33 |WaXe6+4fmf8FJDL3|
|00001c00| 54 2f 66 2b 74 6d 41 78 4a 47 66 70 6d 31 31 34 |T/f+tmAxJGfpm114|
|00001c10| 31 79 2f 50 56 78 79 46 74 74 4f 63 50 72 52 58 |1y/PVxyFttOcPrRX|
|00001c20| 69 33 30 70 39 75 31 6a 4c 76 6f 57 56 37 46 74 |i30p9u1jLvoWV7Ft|
|00001c30| 59 71 57 38 58 61 34 58 34 74 39 4b 65 50 37 54 |YqW8Xa4X4t9KeP7T|
|00001c40| 57 36 69 6e 32 46 54 66 2b 32 2f 62 52 30 44 37 |W6in2FTf+2/bR0D7|
|00001c50| 57 30 74 36 33 4e 57 7a 53 41 75 31 4b 7a 6c 5a |W0t63NWzSAu1KzlZ|
|00001c60| 32 36 61 63 56 46 4d 6f 75 35 38 70 72 6d 7a 5a |26acVFMou58prmzZ|
|00001c70| 79 6c 58 51 67 71 5a 78 65 6c 6c 56 65 72 72 77 |ylXQgqZxellVerrw|
|00001c80| 72 75 33 5a 71 30 30 61 53 6b 70 56 38 73 5a 78 |ru3Zq00aSkpV8sZx|
|00001c90| 5a 61 75 6a 61 74 66 77 33 57 39 58 77 78 38 37 |Zaujatfw3W9Xwx87|
|00001ca0| 4f 72 6d 67 5a 53 36 69 72 68 70 7a 2f 4b 36 50 |OrmgZS6irhpz/K6P|
|00001cb0| 6b 66 66 44 4c 67 71 76 7a 32 54 71 30 38 30 76 |kffDLgqvz2Tq080v|
|00001cc0| 70 6c 56 47 61 38 71 75 53 38 7a 6e 34 6a 46 4b |plVGa8quS8zn4jFK|
|00001cd0| 67 35 79 30 74 32 72 68 58 6d 37 5a 38 71 73 54 |g5y0t2rhXm7Z8qsT|
|00001ce0| 37 6e 39 47 55 53 71 37 2b 36 38 77 42 72 64 30 |7n9GUSq7+68wBrd0|
|00001cf0| 6c 44 52 6b 2b 58 68 4e 65 6c 47 4a 58 48 43 6a |lDRk+XhNelGJXHCj|
|00001d00| 6f 51 53 42 4a 5a 35 53 34 55 35 4a 6e 5a 37 6b |oQSBJZ5S4U5JnZ7k|
|00001d10| 58 66 54 46 74 72 37 45 62 74 2b 76 4b 78 69 45 |XfTFtr7Ebt+vKxiE|
|00001d20| 46 45 56 4d 56 35 72 6c 77 51 74 46 37 4a 51 33 |FEVMV5rlwQtF7JQ3|
|00001d30| 33 79 47 2f 38 53 35 4c 74 51 2f 4c 71 49 32 6e |3yG/8S5LtQ/LqI2n|
|00001d40| 58 6a 7a 56 34 62 6c 52 2f 54 58 6c 46 32 68 79 |XjzV4blR/TXlF2hy|
|00001d50| 38 56 76 73 74 65 42 74 6b 42 39 38 2f 61 74 74 |8VvsteBtkB98/att|
|00001d60| 48 6a 6f 70 36 36 52 30 74 50 47 79 35 38 36 49 |Hjop66R0tPGy586I|
|00001d70| 79 74 2b 73 6f 4f 4b 71 74 68 67 30 41 6b 6f 35 |yt+soOKqthg0Ako5|
|00001d80| 6f 6d 53 54 48 4b 63 2f 49 78 32 79 72 71 49 4d |omSTHKc/Ix2yrqIM|
|00001d90| 47 42 66 53 53 64 46 34 78 53 63 58 75 71 55 38 |GBfSSdF4xScXuqU8|
|00001da0| 38 6f 76 55 58 4a 50 6b 50 4c 76 59 46 76 6a 68 |8ovUXJPkPLvYFvjh|
|00001db0| 6e 44 52 72 66 54 39 4a 35 52 53 53 61 37 30 52 |nDRrfT9J5RSSa70R|
|00001dc0| 53 58 69 32 39 33 4b 78 31 49 76 61 49 59 6b 72 |SXi293Kx1IvaIYkr|
|00001dd0| 2f 70 45 71 64 33 53 51 6c 6e 73 2b 2f 35 37 69 |/pEqd3SQlns+/57i|
|00001de0| 77 39 75 66 36 71 37 66 5a 32 6d 33 6b 59 48 61 |w9uf6q7fZ2m3kYHa|
|00001df0| 36 70 37 71 37 6d 66 74 69 37 36 62 65 7a 30 6e |6p7q7mfti76bez0n|
|00001e00| 53 61 5a 30 76 72 34 65 4b 6f 35 76 38 41 6e 36 |SaZ0vr4eKo5v8An6|
|00001e10| 76 73 4c 57 72 46 52 4f 39 51 33 6e 6e 4e 32 72 |vsLWrFRO9Q3nnN2r|
|00001e20| 37 39 49 35 79 76 48 42 63 67 66 36 4c 46 56 50 |79I5yvHBcgf6LFVP|
|00001e30| 30 51 62 6d 6b 45 37 48 6e 4a 66 58 53 4f 47 39 |0QbmkE7HnJfXSOG9|
|00001e40| 7a 56 30 55 6c 32 5a 62 54 45 50 56 32 4d 7a 76 |zV0Ul2ZbTEPV2Mzv|
|00001e50| 59 6f 49 50 58 6b 2f 6c 6a 45 61 52 65 76 74 4d |YoIPXk/ljEaRevtM|
|00001e60| 6f 72 39 48 78 4b 31 5a 62 50 2f 50 50 72 72 66 |or9HxK1ZbP/PPrrf|
|00001e70| 31 66 6b 62 54 32 30 6c 61 64 55 51 6e 7a 46 64 |1fkbT20ladUQnzFd|
|00001e80| 76 4f 57 6d 6e 46 4a 4d 6f 79 63 4e 5a 6d 66 46 |vOWmnFJMoycNZmfF|
|00001e90| 6d 6a 6e 74 38 68 70 78 36 53 6f 6f 39 70 65 53 |mjnt8hpx6Soo9peS|
|00001ea0| 43 2f 65 76 61 37 30 57 39 30 45 36 4b 66 47 57 |C/eva70W90E6KfGW|
|00001eb0| 73 4f 76 75 48 4b 43 67 38 57 67 65 54 4c 74 58 |sOvuHKCg8WgeTLtX|
|00001ec0| 4a 79 4f 30 6a 56 6b 51 71 4c 7a 33 57 7a 45 2b |JyO0jVkQqLz3WzE+|
|00001ed0| 34 4a 6c 63 51 67 76 75 34 6d 54 76 75 64 75 72 |4JlcQgvu4mTvudur|
|00001ee0| 64 72 35 63 6b 4b 54 6d 74 34 4a 65 66 79 32 41 |dr5ckKTmt4Jefy2A|
|00001ef0| 46 54 62 65 57 64 6e 2b 71 69 47 49 68 54 57 62 |FTbeWdn+qiGIhTWb|
|00001f00| 73 42 67 58 74 6c 68 34 4e 65 62 46 61 6a 79 35 |sBgXtlh4NebFajy5|
|00001f10| 30 73 69 6d 6e 30 56 71 34 6e 34 66 34 61 5a 43 |0simn0Vq4n4f4aZC|
|00001f20| 4c 75 52 6c 73 35 50 50 63 43 44 6c 4b 57 70 5a |LuRls5PPcCDlKWpZ|
|00001f30| 6f 35 73 39 46 7a 32 37 71 62 4f 34 63 38 2f 44 |o5s9Fz27qbO4c8/D|
|00001f40| 55 61 45 6d 4b 54 54 45 2f 46 6f 43 62 63 36 6d |UaEmKTTE/FoCbc6m|
|00001f50| 78 4d 65 7a 6b 55 4c 44 39 7a 75 31 4b 66 59 6d |xMezkULD9zu1KfYm|
|00001f60| 77 7a 2f 2b 43 6f 77 76 5a 64 34 35 6c 44 63 36 |wz/+CowvZd45lDc6|
|00001f70| 50 49 74 58 35 4c 41 47 34 4e 36 56 46 61 33 54 |PItX5LAG4N6VFa3T|
|00001f80| 42 47 43 41 57 2f 5a 6b 51 58 59 75 78 6a 68 71 |BGCAW/ZkQXYuxjhq|
|00001f90| 33 67 49 41 41 4f 54 73 37 61 39 61 73 57 55 56 |3gIAAOTs7a9asWUV|
|00001fa0| 58 66 61 58 38 4b 38 43 7a 5a 73 32 53 73 37 4f |XfaX8K8CzZs2Ss7O|
|00001fb0| 7a 41 67 49 43 36 72 63 6f 47 33 64 35 39 4a 47 |zAgIC6rcoG3d59JG|
|00001fc0| 30 36 78 73 6c 5a 6b 6c 74 50 58 7a 55 6f 37 43 |06xslZkltPXzUo7C|
|00001fd0| 37 66 2b 47 66 57 2b 66 43 37 76 38 44 31 66 64 |7f+GfW+fC7v8D1fd|
|00001fe0| 68 4f 79 6e 6a 47 2b 33 61 4b 32 6e 67 45 2f 4b |hOynjG+3aK2ngE/K|
|00001ff0| 77 79 52 38 59 30 50 52 38 4b 38 58 38 73 62 58 |wyR8Y0PR8K8X8sbX|
|00002000| 53 56 7a 6f 71 66 61 57 6a 59 76 37 59 57 71 62 |SVzoqfaWjYv7YWqb|
|00002010| 6e 57 31 58 79 79 4c 39 43 62 65 58 37 34 52 59 |nW1XyyL9CbeX74RY|
|00002020| 74 6d 7a 46 51 72 73 6b 78 4f 6e 41 75 51 58 4f |tmzFQrskxOnAuQXO|
|00002030| 66 39 35 4b 50 2f 30 79 74 54 72 42 77 61 37 73 |f95KP/0ytTrBwa7s|
|00002040| 52 63 6e 62 4f 33 39 47 46 6a 34 57 73 7a 4c 6c |RcnbO39GFj4WszLl|
|00002050| 7a 35 2b 54 6b 5a 4c 6b 48 5a 64 5a 56 51 2b 36 |z5+TkZLkHZdZVQ+6|
|00002060| 51 6a 61 4d 43 65 68 66 63 42 6c 44 51 2f 58 2b |QjaMCehfcBlDQ/X+|
|00002070| 4b 72 36 4d 75 37 43 6f 39 35 30 4d 4b 65 4c 57 |Kr6Mu7Co950MKeLW|
|00002080| 50 74 48 47 42 4a 69 79 35 70 58 35 42 42 56 66 |PtHGBJiy5pX5BBVf|
|00002090| 6b 4b 35 42 79 49 46 71 37 39 61 43 47 50 50 61 |kK5ByIFq79aCGPPa|
|000020a0| 51 50 48 72 33 6b 49 35 48 4b 66 5a 59 73 52 6c |QPHr3kI5HKfZYsRl|
|000020b0| 2b 71 6b 4b 42 6c 63 36 54 72 62 4a 44 53 6c 6a |+qkKBlc6TrbJDSlj|
|000020c0| 4c 39 6e 35 4a 4f 71 50 55 61 67 2b 44 30 55 72 |L9n5JOqPUag+D0Ur|
|000020d0| 2b 55 32 66 71 4f 58 30 70 30 34 6f 66 4c 50 72 |+U2fqOX0p04ofLPr|
|000020e0| 64 75 73 4f 49 49 4b 31 38 35 62 70 4d 49 39 62 |dusOIIK185bpMI9b|
|000020f0| 57 32 33 67 42 6a 54 55 41 61 4e 42 62 41 4d 36 |W23gBjTUAaNBbAM6|
|00002100| 6e 35 6e 2f 52 37 2b 31 53 2f 67 66 55 79 63 56 |n5n/R7+1S/gfUycV|
|00002110| 46 55 70 77 69 55 38 39 4c 4b 72 69 53 56 7a 67 |FUpwiU89LKriSVzg|
|00002120| 79 66 72 76 79 72 36 59 36 32 4f 65 6e 59 6e 76 |yfrvyr6Y62OenYnv|
|00002130| 54 71 70 62 79 46 4e 59 53 74 38 69 6b 70 78 64 |TqpbyFNYSt8ikpxd|
|00002140| 56 4d 4b 50 74 4e 61 56 58 73 66 59 36 5a 2b 75 |VMKPtNaVXsfY6Z+u|
|00002150| 73 51 61 59 50 46 58 5a 68 73 4a 34 4e 6a 39 54 |sQaYPFXZhsJ4Nj9T|
|00002160| 36 32 4d 6e 79 36 57 38 6e 36 62 79 53 6f 79 54 |62Mny6W8n6bySoyT|
|00002170| 4a 52 55 35 31 32 4d 75 6c 5a 73 66 76 54 6d 32 |JRU512MulZsfvTm2|
|00002180| 75 35 64 62 6d 4a 4e 65 65 6b 71 4a 53 6c 5a 77 |u5dbmJNeekqJSlZw|
|00002190| 6d 39 61 37 4c 6e 6a 71 70 70 78 51 70 53 65 47 |m9a7LnjqppxQpSeG|
|000021a0| 4c 39 58 52 34 52 54 4e 65 55 32 61 57 4a 46 74 |L9XR4RTNeU2aWJFt|
|000021b0| 4a 6a 76 32 31 2f 6c 41 48 2b 63 31 37 58 36 5a |Jjv21/lAH+c17X6Z|
|000021c0| 4e 75 2f 58 65 37 74 31 36 54 35 4c 61 64 64 54 |Nu/Xe7t16T5LaddT|
|000021d0| 4c 70 6a 65 30 4b 4b 44 62 58 66 52 34 4a 68 76 |Lpje0KKDbXfR4Jhv|
|000021e0| 35 54 48 68 64 76 6f 76 6d 4b 33 42 70 74 4d 59 |5THhdvovmK3BptMY|
|000021f0| 74 36 53 38 48 58 56 4c 45 30 6b 69 6c 71 61 76 |t6S8HXVLE0kilqav|
|00002200| 6d 2b 58 65 7a 7a 4f 6a 56 68 66 76 5a 71 30 50 |m+XezzOjVhfvZq0P|
|00002210| 35 74 2b 53 34 75 4b 6d 33 70 4d 6a 34 46 4a 31 |5t+S4uKm3pMj4FJ1|
|00002220| 58 74 38 62 78 66 4f 75 61 6e 42 38 41 55 49 6a |Xt8bxfOuanB8AUIj|
|00002230| 48 41 4e 62 49 79 79 2b 2f 72 41 55 4c 46 6d 6a |HANbIyy+/rAULFmj|
|00002240| 53 70 45 6b 6c 70 72 64 70 30 30 59 7a 5a 73 78 |SpEklprdp00YzZsx|
|00002250| 6f 67 49 6f 4b 78 67 45 34 73 45 30 48 6b 74 37 |ogIoKxgE4sE0Hkt7|
|00002260| 53 45 78 37 2b 57 68 5a 65 34 6c 6b 42 38 67 67 |SEx7+WhZe4lkB8gg|
|00002270| 49 56 33 69 78 58 4f 4c 69 31 6d 33 61 4b 32 6e |IV3ixXOLi1m3aK2n|
|00002280| 67 77 42 36 79 33 41 30 4c 62 64 55 6a 59 49 35 |gwB6y3A0LbdUjYI5|
|00002290| 57 42 31 7a 55 31 6d 6d 76 4b 38 6c 6e 6f 4a 49 |WB1zU1mmvK8lnoJI|
|000022a0| 2b 2f 45 67 66 54 55 71 57 31 6d 37 53 75 45 36 |+/EgfTUqW1m7SuE6|
|000022b0| 56 4c 48 34 74 57 35 63 6b 39 53 6e 64 78 37 38 |VLH4tW5ck9Sndx78|
|000022c0| 79 56 56 34 75 53 78 6c 5a 6b 75 53 71 4b 6a 34 |yVV4uSxlZkuSqKj4|
|000022d0| 78 73 63 6f 36 64 63 70 2f 63 7a 45 78 4d 66 4c |xsco6dcp/czExMfL|
|000022e0| 78 38 61 6c 77 33 6f 79 4d 44 43 55 6b 4a 42 51 |x8alw3oyMDCUkJBQ|
|000022f0| 74 30 37 67 39 4b 4f 2b 52 44 32 72 71 78 75 2f |t07g9KO+RD2rqxu/|
|00002300| 30 58 66 73 66 74 66 54 2b 5a 37 54 4e 73 36 58 |0XfsftfT+Z7TNs6X|
|00002310| 69 7a 63 7a 70 34 44 74 57 63 37 73 65 55 50 44 |izczp4DtWc7seUPD|
|00002320| 78 5a 78 51 34 76 4c 49 76 78 32 6d 4b 33 58 4a |xZxQ4vLIvx2mK3XJ|
|00002330| 43 36 6a 70 65 48 75 30 6c 52 2f 57 52 74 78 49 |C6jpeHu0lR/WRtxI|
|00002340| 55 66 75 42 66 6d 74 72 74 6f 66 78 5a 37 71 39 |UfuBfmtrtofxZ7q9|
|00002350| 43 65 5a 58 4f 59 32 33 6d 79 52 6a 5a 79 76 78 |CeZXOY23myRjZyvx|
|00002360| 4a 6b 74 72 4c 70 56 30 56 74 6c 46 61 75 37 34 |JktrLpV0VtlFau74|
|00002370| 79 42 55 58 6f 6b 5a 6e 4c 74 66 53 56 35 70 4b |yBUXokZnLtfSV5pK|
|00002380| 71 45 70 42 56 4c 69 56 79 6e 69 61 73 61 43 6c |qEpBVLiVyniasaCl|
|00002390| 54 35 46 6a 31 74 4d 67 61 37 31 34 4e 47 67 41 |T5Fj1tMga714NGgA|
|000023a0| 55 4e 67 34 50 46 6d 2f 63 6c 33 4c 2b 51 6e 34 |UNg4PFm/cl3L+Qn4|
|000023b0| 6a 63 34 53 35 52 75 61 56 38 67 65 58 79 4d 7a |jc4S5RuaV8geXyMz|
|000023c0| 4b 66 36 32 76 59 36 74 71 31 65 4b 37 59 4a 58 |Kf62vY6tq1eK7YJX|
|000023d0| 57 2b 31 66 51 39 43 6a 38 6f 31 75 46 32 69 30 |W+1fQ9Cj8o1uF2i0|
|000023e0| 6a 53 2b 6d 5a 35 66 55 6d 6b 49 71 75 36 6f 62 |jS+mZ5fUmkIqu6ob|
|000023f0| 48 36 58 7a 52 2f 6e 43 53 36 78 42 4a 55 61 6e |H6XzR/nCS6xBJUan|
|00002400| 35 76 51 6e 71 71 41 46 64 73 2b 4e 58 6c 64 72 |5vQnqqAFds+NXldr|
|00002410| 4f 4b 2f 6d 51 56 48 46 49 59 43 45 46 54 31 6d |OK/mQVHFIYCEFT1m|
|00002420| 49 6e 44 4a 48 50 77 64 35 6c 6a 2b 66 6a 56 33 |InDJHPwd5lj+fjV3|
|00002430| 4a 59 32 44 76 70 74 46 7a 6c 32 76 30 58 43 6b |JY2DvptFzl2v0XCk|
|00002440| 7a 4c 55 56 48 34 2f 64 72 58 6e 43 59 31 6b 79 |zLUVH4/drXnCY1ky|
|00002450| 64 70 42 4e 58 56 75 6e 67 6c 4b 70 33 6d 32 39 |dpBNXVunglKp3m29|
|00002460| 77 4c 76 30 30 66 66 78 69 37 56 79 31 51 52 46 |wLv00ffxi7Vy1QRF|
|00002470| 42 2f 54 58 75 79 6e 62 4e 69 35 49 63 70 30 7a |B/TXuynbNi5Icp0z|
|00002480| 51 61 4c 4e 58 36 32 75 79 6a 59 4c 39 6e 48 69 |QaLNX62uyjYL9nHi|
|00002490| 75 2f 4d 62 39 68 52 51 64 6c 43 6f 4f 43 65 70 |u/Mb9hRQdlCoOCep|
|000024a0| 62 54 63 38 50 41 43 6a 41 59 77 43 72 37 75 54 |bTc8PACjAYwCr7uT|
|000024b0| 4a 6b 31 71 77 59 49 45 53 45 68 4c 55 71 6c 55 |Jk1qwYIESEhLUqlU|
|000024c0| 72 75 62 75 37 79 38 72 4b 53 73 32 62 4e 31 64 |rubu7y8rKSs2bN1d|
|000024d0| 32 64 72 59 79 4d 6a 4c 30 7a 6a 76 76 36 42 2f |2drYyMjL0zjvv6B/|
|000024e0| 2f 2b 49 64 43 51 6b 4c 71 74 59 48 6e 36 74 35 |/+IdCQkLqtYHn6t5|
|000024f0| 48 31 6b 72 53 70 6c 6b 42 53 71 6a 43 31 37 36 |H1krSplkBSqjC176|
|00002500| 73 73 30 6d 53 42 6d 70 67 6a 37 6f 61 72 36 43 |ss0mSBmpgj7oar6C|
|00002510| 4e 33 50 75 4f 30 32 76 4f 5a 2f 58 72 31 7a 63 |N3PuO02vOZ/Xr1zc|
|00002520| 72 49 65 6d 69 78 6e 58 4b 62 33 55 37 50 39 78 |rIemixnXKb3U7P9x|
|00002530| 48 55 6f 4b 53 7a 6b 6e 46 62 39 4c 50 4f 6e 74 |HUoKSzknFb9LPOnt|
|00002540| 53 53 5a 4b 65 61 32 4f 2b 70 69 6f 76 31 39 5a |SSZKea2O+piov19Z|
|00002550| 56 37 74 62 53 67 65 52 6b 58 5a 52 48 73 56 6e |V7tbSgeRkXZRHsVn|
|00002560| 50 36 64 7a 33 6b 74 78 64 4c 52 68 36 33 50 47 |P6dz3ktxdLRh63PG|
|00002570| 37 33 2f 31 4f 66 2f 2f 37 33 7a 56 30 36 4e 41 |73/1Of//73zV06NA|
|00002580| 4b 48 77 4f 35 62 4e 6b 79 6e 54 74 33 54 69 45 |KHwO5bNkynTt3TiE|
|00002590| 68 49 52 62 62 64 70 4d 6d 54 65 72 73 61 6d 36 |hIRbbdpMmTersam6|
|000025a0| 48 50 73 2b 6f 33 38 77 76 46 62 7a 67 52 37 55 |HPs+o38wvFbzgR7U|
|000025b0| 62 2b 5a 35 36 32 73 70 73 41 43 44 39 55 6f 36 |b+Z562spsACD9Uo6|
|000025c0| 2f 6b 6e 54 63 57 72 61 56 2f 56 49 35 45 36 2f |/knTcWraV/VI5E6/|
|000025d0| 77 76 5a 4b 30 53 6b 2b 32 4c 7a 61 59 31 4a 4a |wvZK0Sk+2LzaY1JJ|
|000025e0| 6f 48 66 72 74 51 2b 71 70 39 76 4c 77 6c 62 54 |oHfrtQ+qp9vLwlbT|
|000025f0| 7a 68 4a 49 79 42 38 6a 52 56 70 4c 4f 61 4f 33 |zhJIyB8jRVpLOaO3|
|00002600| 49 69 5a 71 71 31 2f 54 64 78 69 48 71 55 4a 56 |IiZqq1/TdxiHqUJV|
|00002610| 35 32 6e 56 57 2f 37 37 53 35 69 32 4a 2b 75 37 |52nVW/77S5i2J+u7|
|00002620| 56 4c 67 57 33 41 5a 78 52 34 67 46 4a 41 78 39 |VLgW3AZxR4gFJAx9|
|00002630| 55 2f 74 64 49 61 39 6d 58 44 67 4b 75 2f 46 7a |U/tdIa9mXDgKu/Fz|
|00002640| 4f 51 48 38 46 2b 32 54 34 52 4a 6c 57 7a 4a 42 |OQH8F+2T4RJlWzJB|
|00002650| 70 68 53 54 56 2f 70 61 66 6c 4a 31 2f 30 74 44 |phSTV/paflJ1/0tD|
|00002660| 58 30 6a 54 6b 6b 37 38 6f 38 4c 47 71 74 51 30 |X0jTkk78o8LGqtQ0|
|00002670| 74 6f 54 45 2b 41 6c 42 71 36 46 73 41 33 44 30 |toTE+AlBq6FsA3D0|
|00002680| 31 53 56 4c 61 35 75 68 79 52 75 79 2f 70 4a 6a |1SVLa5uhyRuy/pJj|
|00002690| 77 4f 45 6c 4f 38 6e 45 33 38 39 73 32 50 4c 70 |wOElO8nE389s2PLp|
|000026a0| 59 74 2f 65 53 79 30 55 73 6a 5a 52 6b 72 55 46 |Yt/eSy0UsjZRkrUF|
|000026b0| 75 35 72 75 5a 6c 31 66 4c 7a 71 68 6a 53 69 2b |u5ruZl1fLzqhjSi+|
|000026c0| 34 56 39 76 73 6a 32 33 4a 2b 63 75 76 33 52 49 |4V9vsj23J+cuv3RI|
|000026d0| 75 4b 57 4a 43 50 2f 33 53 61 61 4a 57 56 33 41 |uKWJCP/3SaaJWV3A|
|000026e0| 54 54 66 71 56 30 6f 38 63 62 4b 50 4f 33 6b 36 |TTfqV0o8cbKPO3k6|
|000026f0| 53 34 72 51 36 74 67 35 48 30 36 2f 52 38 61 75 |S4rQ6tg5H06/R8au|
|00002700| 38 74 73 78 44 30 66 6d 33 65 49 7a 33 56 4f 66 |8tsxD0fm3eIz3VOf|
|00002710| 43 69 62 5a 74 39 4b 67 6b 58 63 69 77 62 46 64 |CibZt9KgkXciwbFd|
|00002720| 37 52 7a 66 35 65 45 6a 61 46 4b 65 6a 4e 6c 55 |7Rzf5eEjaFKejNlU|
|00002730| 34 37 6d 62 59 4f 6e 5a 51 37 79 45 76 4b 6d 4b |47mbYOnZQ7yEvKmK|
|00002740| 2f 53 53 39 4c 69 6f 73 39 64 5a 64 31 7a 62 54 |/SS9Lios9dZd1zbT|
|00002750| 54 6f 41 6b 54 39 4b 69 4f 4b 32 68 6c 74 43 4c |ToAkT9KiOK2hltCL|
|00002760| 43 56 2b 70 62 75 53 67 6f 6f 4c 66 64 62 5a 79 |CV+pbuSgooLfdbZy|
|00002770| 7a 41 41 41 67 41 45 6c 45 51 56 54 6c 76 72 51 |zAAAgAElEQVTlvrQ|
|00002780| 57 37 75 66 4e 32 38 32 4d 63 53 46 4a 57 54 6f |W7ufN282McSFJWTo|
|00002790| 59 76 56 74 70 6b 69 5a 35 57 43 70 31 73 41 41 |YvVtpkiZ5WCp1sAA|
|000027a0| 4c 6e 42 38 41 67 4d 71 64 50 48 6c 53 6b 79 5a |LnB8AgMqdPHlSkyZ|
|000027b0| 4e 30 73 6d 54 4a 78 55 53 45 71 4b 59 6d 42 69 |N0smTJxUSEqKYmBi|
|000027c0| 74 57 37 64 4f 34 65 48 68 57 72 4e 6d 6a 64 61 |tW7dO4eHhWrNmjda|
|000027d0| 74 57 36 64 74 32 37 59 70 4a 43 52 45 56 36 39 |tW6dt27YpJCREV69|
|000027e0| 65 4c 5a 71 33 33 72 6a 37 61 45 77 48 4b 66 74 |eLZq33rj7aEwHKft|
|000027f0| 53 6b 70 4b 53 4b 76 39 4a 75 53 61 31 47 6a 70 |SkpKSKv9JuSa1Gjp|
|00002800| 51 46 6d 76 2f 58 39 79 71 61 56 35 65 38 70 71 |QFmv/X9yqaV5e8pq|
|00002810| 32 56 53 55 37 2f 4f 64 66 2f 4c 47 7a 4b 7a 59 |2VSU7/Odf/LGzKzY|
|00002820| 61 76 34 65 50 48 6c 61 32 4e 6d 33 39 52 6e 64 |av4ePHla2Nm39Rnd|
|00002830| 47 31 54 6d 72 58 65 73 32 53 78 71 6f 4a 34 70 |G1TmrXes2SxqoJ4p|
|00002840| 47 37 73 39 53 52 6b 5a 57 44 5a 5a 7a 31 78 4e |G7s9SRkZWDZZz1xN|
|00002850| 44 72 61 55 44 6d 37 53 72 32 41 41 34 57 51 6d |DraUDm7Sr2AA4WQm|
|00002860| 62 74 44 70 4a 63 68 37 34 73 4e 6c 62 34 47 70 |btDpJch74sNlb4Gp|
|00002870| 72 30 71 52 4a 63 6e 4e 7a 30 36 78 5a 73 78 51 |r0qRJcnNz06xZsxQ|
|00002880| 54 45 31 50 6d 39 59 79 4d 44 49 57 47 68 6d 72 |TE1Pm9YyMDIWGhmr|
|00002890| 64 75 6e 56 79 64 58 57 74 4d 43 53 6f 4c 69 75 |dunVydXWtMCSoLiu|
|000028a0| 72 53 67 5a 6e 72 49 33 32 58 76 4c 76 2b 36 4e |rSgZnrI32XvLv+6N|
|000028b0| 69 44 7a 5a 58 67 45 39 6e 69 33 7a 33 2b 6d 37 |iDzZXgE9ni3z3+m7|
|000028c0| 6e 42 73 57 71 6e 61 5a 38 56 44 68 4b 2f 6e 74 |nBsWqnaZ8VDhK/nt|
|000028d0| 61 47 39 52 5a 2b 69 6c 4b 32 77 35 6b 53 32 6f |aG9RZ+ilK2w5kS2o|
|000028e0| 6c 37 78 64 48 79 75 75 6e 4c 7a 58 31 31 51 33 |l7xdHyuunLzX11Q3|
|000028f0| 61 64 69 42 65 6d 2b 59 75 6b 4f 6d 67 4e 4f 54 |adiBem+YukOmgNOT|
|00002900| 46 50 67 56 6a 41 46 52 6c 48 6b 66 35 76 2f 71 |FPgVjAFRlHkf5v/q|
|00002910| 4d 32 68 31 66 70 63 41 5a 58 32 6a 62 67 62 31 |M2h1fpcAZX2jbgb1|
|00002920| 61 38 73 71 62 43 6a 37 2b 4b 35 6c 65 37 56 74 |a8sqbCj7+K5le7Vt|
|00002930| 77 6e 61 2b 56 76 48 79 66 55 6a 74 46 4b 43 67 |wna+VvHyfUjtFKCg|
|00002940| 34 53 74 45 48 34 72 56 32 33 69 71 74 55 6a 75 |4StEH4rV23iqtUju|
|00002950| 5a 2b 6a 78 6b 2f 67 33 59 64 74 45 55 30 7a 4f |Z+jxk/g3YdtEU0zO|
|00002960| 71 53 51 65 43 73 73 35 6f 39 39 2b 2b 6b 2f 66 |qSQeCss5o99++k/f|
|00002970| 48 39 54 73 41 6f 46 54 48 35 30 30 74 4e 47 77 |H9TsAoFTH500tNGw|
|00002980| 41 59 4e 39 4c 6b 77 73 66 63 54 63 31 6f 74 53 |AYN9LkwsfcTc1otS|
|00002990| 7a 36 54 4e 30 63 4f 46 4d 54 59 2b 53 48 4a 2b |z6TN0cOFMTY+SHJ+|
|000029a0| 62 72 4e 48 6d 52 6f 4f 2f 45 4b 6e 52 46 53 77 |brNHmRoO/EKnRFSw|
|000029b0| 6e 72 77 6b 61 56 4e 55 2b 48 6f 57 31 37 4a 36 |nrwkaVNU+HoW17J6|
|000029c0| 76 30 61 61 44 5a 52 70 77 36 59 6c 66 61 6c 48 |v0aaDZRpw6YlfalH|
|000029d0| 34 6b 54 76 33 37 46 5a 53 2b 39 48 77 39 7a 55 |4kTv37FZS+9Hw9zU|
|000029e0| 76 4b 71 57 57 6a 64 55 32 36 75 33 66 53 34 34 |vKqWWjdU26u3fS44|
|000029f0| 36 72 76 45 54 33 6a 58 37 6a 50 4c 7a 30 52 39 |6rvET3jX7jPLz0R9|
|00002a00| 6f 38 72 7a 54 6b 72 72 4b 72 2b 65 64 6b 4b 54 |o8rzTkrrKr+edkKT|
|00002a10| 37 63 35 4d 4c 37 6c 4f 66 71 61 44 6f 55 67 46 |7c5ML7lOfqaDoUgF|
|00002a20| 42 36 6b 48 4e 43 2f 35 55 42 79 73 59 52 4b 35 |B6kHNC/5UBysYRK5|
|00002a30| 4b 61 6e 6a 38 4b 71 37 74 53 30 31 2b 5a 61 4f |Kanj8Kq7tS01+ZaO|
|00002a40| 2b 6c 59 76 6d 54 75 68 31 70 34 75 6a 69 34 74 |+lYvmTuh1p4uji4t|
|00002a50| 36 53 31 4a 73 6e 49 35 61 4e 41 46 77 30 2b 69 |6S1JsnI5aNAFw0+i|
|00002a60| 67 58 6e 49 30 65 79 35 4a 53 6a 32 6f 73 42 4c |gXnI0ey5JSj2osBL|
|00002a70| 50 59 30 39 52 57 48 39 76 57 66 56 2f 58 7a 74 |PY09RWH9vWfV/Xzt|
|00002a80| 4b 6a 64 57 51 6d 58 51 73 2f 33 46 36 4e 73 57 |KjdWQmXQs/3F6NsW|
|00002a90| 37 4b 72 57 53 6b 35 75 31 70 44 69 74 33 6e 79 |7KrWSk5u1pDit3ny|
|00002aa0| 73 38 64 37 7a 37 54 46 43 70 67 41 70 62 5a 46 |s8d7z7TFCpgApbZF|
|00002ab0| 4a 7a 79 37 4e 6c 67 49 6d 61 4a 78 46 6e 38 42 |Jzy7NlgImaJxFn8B|
|00002ac0| 51 73 4a 38 56 70 7a 45 54 79 75 36 37 35 45 30 |QsJ8VpzETyu675E0|
|00002ad0| 6d 6a 5a 35 39 58 76 49 61 71 38 6e 65 39 54 75 |mjZ59XvIaq8ne9Tu|
|00002ae0| 36 63 38 57 71 65 33 37 55 67 72 32 7a 4f 72 65 |6c8Wqe37Ugr2zOre|
|00002af0| 54 46 42 57 68 39 59 6c 6d 42 6b 49 45 67 48 75 |TFBWh9YlmBkIEgHu|
|00002b00| 59 79 57 52 53 71 31 61 74 74 48 58 72 56 67 30 |YyWRSq1attHXrVg0|
|00002b10| 62 4e 71 7a 63 2b 59 59 4e 47 36 5a 31 36 39 62 |bNqzc+YYNG6Z169b|
|00002b20| 4a 32 64 6c 5a 73 32 66 50 72 72 38 43 62 54 77 |J2dlZs2fPrr8CbTw|
|00002b30| 30 62 56 4f 38 34 75 4f 72 2f 68 4e 6a 38 72 48 |0bVO84uOr/hNj8rH|
|00002b40| 63 6c 66 44 43 51 51 41 50 7a 4e 57 73 30 47 31 |clfDCQQAPzNWs0G1|
|00002b50| 4b 76 48 52 4a 69 64 74 43 4e 57 6e 57 4e 71 6e |KvHRJidtCNWnWNqn|
|00002b60| 44 47 49 33 70 55 32 78 4c 44 77 7a 56 7a 44 45 |DGI3pU2xLDwzVzDE|
|00002b70| 64 6c 4c 33 35 64 66 6e 36 42 69 67 67 49 45 41 |dlL35dfn6BiggIEA|
|00002b80| 42 76 73 39 72 39 67 47 70 77 32 73 76 71 2f 42 |Bvs9r9gGpw2svq/B|
|00002b90| 42 42 73 6e 68 41 58 72 36 36 61 63 4c 42 69 32 |BBsnhAXr66acLBi2|
|00002ba0| 73 2b 6e 4b 53 6a 58 71 4d 43 31 59 66 36 2b 2b |s+nKSjXqMC1Yf6++|
|00002bb0| 31 34 48 6b 66 2b 51 63 45 4b 43 44 41 58 37 36 |14Hkf+QcEKCDAX76|
|00002bc0| 54 31 75 6d 63 39 55 44 4e 39 4b 2b 37 6e 68 6d |T1umc9UDN9K+7nhm|
|00002bd0| 68 6f 61 46 79 64 33 66 58 72 46 6d 7a 46 42 41 |hoaFyd3fXrFmzFBA|
|00002be0| 51 6f 4e 44 51 55 43 31 66 76 6c 77 6d 6b 30 6b |QoNDQUC1fvlwmk0k|
|00002bf0| 42 41 51 46 61 74 32 36 64 48 6e 7a 77 51 53 55 |BAQFat26dHnzwQSU|
|00002c00| 6e 4a 38 74 6b 4d 6c 6c 73 75 30 33 71 74 43 48 |nJ8tkMllsu03qtCH|
|00002c10| 6e 4b 4f 2f 68 6e 61 58 37 42 36 69 2f 70 79 57 |nKO/hnaX7B6i/pyW|
|00002c20| 36 75 2f 39 4c 73 52 73 76 53 46 32 48 4b 47 44 |6u/9LsRsvSF2HKGD|
|00002c30| 45 49 33 71 79 54 2f 37 50 30 4f 48 39 31 55 2b |EI3qyT/7P0OH91U+|
|00002c40| 33 46 42 35 7a 51 70 6d 53 62 4c 74 4e 30 4b 62 |3FB5zQpmSbLtN0Kb|
|00002c50| 49 38 66 4c 2b 61 59 50 47 6a 76 71 44 67 6e 5a |I8fL+aYPGjvqDgnZ|
|00002c60| 4b 2f 68 38 74 31 38 6f 52 64 77 59 58 72 4e 49 |K/h8t18oRdwYXrNI|
|00002c70| 38 66 61 62 70 55 4f 52 34 75 5a 39 65 71 37 47 |8fabpUOR4uZ9eq7G|
|00002c80| 6a 35 6d 6e 70 54 34 39 6f 62 75 52 37 43 6e 7a |j5mnpT49obuR7Cnz|
|00002c90| 73 7a 6e 74 78 38 4a 6d 70 71 49 2b 65 6b 66 32 |szntx8JmpqI+ekf2|
|00002ca0| 42 5a 66 49 66 39 51 65 5a 44 6a 6a 4b 74 4f 47 |BZfIf9QeZDjjKtOG|
|00002cb0| 76 4a 65 59 70 7a 62 62 50 57 4d 30 62 61 49 48 |vJeYpzbbPWM0baIH|
|00002cc0| 64 6f 66 61 61 73 4f 56 7a 4c 66 57 74 33 38 61 |dofaasOVzLfWt38a|
|00002cd0| 2f 56 4e 66 6e 54 63 30 31 38 47 4d 41 62 64 52 |/VNfnTc018GMAbdR|
|00002ce0| 39 79 6c 79 74 53 68 79 76 38 5a 76 6e 71 30 76 |9ylytShyv8Zvnq0v|
|00002cf0| 73 53 76 56 31 7a 7a 2b 68 4d 6c 4e 50 4b 79 35 |sSvV1zz+hMlNPKy5|
|00002d00| 56 2b 59 2f 71 57 6c 6a 4f 6f 2f 79 47 44 4a 5a |V+Y/qWljOo/yGDJZ|
|00002d10| 66 36 6e 78 31 36 52 43 6d 58 74 35 4f 73 69 32 |f6nx16RCmXt5Osi2|
|00002d20| 2b 58 4c 74 65 57 72 66 53 7a 4f 50 45 4b 71 6f |+XLteWrfSzOPEKqo|
|00002d30| 6c 4d 46 52 66 6e 42 71 76 5a 78 66 4e 6b 6e 4e |lMFRfnBqvZxfNknN|
|00002d40| 34 61 2f 6b 4f 36 61 64 42 39 70 63 56 45 78 75 |4a/kO6adB9pcVExu|
|00002d50| 6e 79 50 68 72 55 72 76 42 36 6a 7a 45 73 32 42 |nyPhrUrvB6jzEs2B|
|00002d60| 51 74 50 7a 35 31 79 57 4f 31 5a 68 79 61 6e 64 |QtPz51yWO1Zhyand|
|00002d70| 38 7a 6c 50 6a 68 74 53 75 4f 37 50 54 45 4a 4d |8zlPjhtSuO7PTEJM|
|00002d80| 69 51 71 62 4a 62 2f 5a 32 6a 58 6c 38 75 36 61 |iQqbJb/Z2jXl8u6a|
|00002d90| 37 64 56 52 76 62 30 2b 35 5a 68 33 52 30 55 4f |7dVRvb0+5Zh3R0UO|
|00002da0| 70 32 6e 73 71 50 38 56 37 65 65 31 73 6a 53 74 |p2nsqP8V7ee1sjSt|
|00002db0| 2b 34 64 53 78 76 31 61 76 50 61 62 6b 41 52 76 |+4dSxv1avPabkARv|
|00002dc0| 31 33 76 4d 6a 74 4e 36 72 6f 31 78 74 4a 65 6d |13vMjtN6ro1xtJem|
|00002dd0| 79 54 73 52 65 56 70 70 63 4e 44 64 67 70 48 70 |yTsReVppcNDdgpHp|
|00002de0| 37 31 47 61 6b 38 52 6f 65 50 38 66 2b 43 6c 74 |71Gak8RoeP8f+Clt|
|00002df0| 35 52 4d 6c 44 49 38 75 70 7a 56 6f 76 4c 4a 6d |5RMlDI8upzVovLJm|
|00002e00| 72 36 63 56 72 73 2b 2b 6c 30 56 4f 73 74 57 7a |r6cVrs++l0VOstWz|
|00002e10| 70 52 76 56 78 32 69 68 35 6a 64 57 52 62 56 50 |pRvVx2ih5jdWRbVP|
|00002e20| 55 33 51 49 78 71 64 4f 51 4f 59 6f 49 6d 53 53 |U3QIxqdOQOYoImSS|
|00002e30| 2f 32 66 50 56 5a 58 4f 59 65 67 58 30 30 32 67 |/2fPVZXOYegX002g|
|00002e40| 50 36 57 6a 55 66 75 30 6f 32 46 64 4c 76 66 75 |P6WjUfu0o2FdLvfu|
|00002e50| 72 73 37 73 6b 74 5a 4b 54 69 37 57 30 4f 56 4b |rs7sktZKTi7W0OVK|
|00002e60| 44 4f 30 57 71 67 37 6e 39 4f 75 58 4a 59 75 2f |DO0Wqg7n9OuXJYu/|
|00002e70| 58 52 6a 34 54 5a 75 6d 46 38 44 6e 36 4c 48 69 |XRj4TZumF8Dn6LHi|
|00002e80| 53 66 68 6d 73 61 74 55 65 2b 63 6f 49 57 62 31 |SfhmsatUe+coIWb1|
|00002e90| 53 77 51 7a 74 57 75 76 33 53 39 5a 71 55 66 2f |SwQztWuv3S9ZqUf/|
|00002ea0| 61 66 73 57 77 30 36 44 78 49 2f 56 6f 2b 45 5a |afsWw06DxI/Vo+EZ|
|00002eb0| 39 4b 79 63 74 6e 4e 4c 66 34 76 65 58 4f 67 31 |9KyctnNLf4veXOg1|
|00002ec0| 35 53 2b 75 6e 54 39 50 54 69 79 49 31 75 4e 50 |5S+unT9PTiyI1uNP|
|00002ed0| 75 6f 73 2b 73 30 67 72 4f 34 33 61 39 74 47 72 |uos+s0grO43a9tGr|
|00002ee0| 4a 42 49 73 63 55 30 75 71 33 76 6c 52 43 37 61 |JBIscU0uq3vlRC7a|
|00002ef0| 65 6d 6a 79 33 6c 31 61 2f 45 71 66 41 4a 77 63 |emjy3l1a/EqfAJwc|
|00002f00| 72 55 46 4b 76 6b 47 57 4b 43 62 54 51 4f 41 77 |rUFKvkGWKCbTQOAw|
|00002f10| 41 30 45 68 6c 5a 47 54 6f 31 4b 6c 54 6d 6a 46 |A0EhlZGTo1KlTmjF|
|00002f20| 6a 52 70 56 47 65 62 65 7a 73 39 4f 77 59 63 4f |jRpVGebezs9OwYcO|
|00002f30| 30 59 4d 45 43 5a 57 52 6b 31 4f 39 6a 41 62 4f |0YMECZWRk1O9jAbO|
|00002f40| 53 74 58 50 54 56 69 58 5a 50 4b 45 78 2f 6a 31 |StXPTViXZPKEx/j1|
|00002f50| 4b 50 67 59 76 34 36 52 32 62 74 31 6c 2f 72 56 |KPgYv46R2bt1l/rV|
|00002f60| 61 61 79 76 66 2b 65 48 4b 44 6a 58 70 6f 30 30 |aayvf+eHKDjXpo00|
|00002f70| 66 36 66 74 73 53 55 6e 4a 61 74 50 6e 4e 53 30 |f6ftsSUnJatPnNS0|
|00002f80| 4c 47 61 65 53 58 2b 64 73 35 44 46 7a 6d 5a 59 |LGaeSX+ds5DFzmZY|
|00002f90| 35 4c 39 43 48 61 32 4c 30 66 56 4b 32 57 6e 58 |5L9CHa2L0fVK2WnX|
|00002fa0| 6f 6f 65 64 65 6d 36 46 70 77 7a 71 56 6d 4b 39 |ooedem6FpwzqVmK9|
|00002fb0| 6b 38 36 75 71 79 30 6c 36 59 4a 6a 6d 68 31 76 |k86uqy0l6YJjmh1v|
|00002fc0| 72 6f 77 2b 58 61 2b 76 65 4a 46 32 7a 62 69 50 |row+Xa+veJF2zbiP|
|00002fd0| 33 76 71 39 70 5a 76 41 34 79 2f 56 36 4d 4f 4f |3vq9pZvA4y/V6MOO|
|00002fe0| 42 42 78 37 51 38 75 58 4c 74 58 58 72 31 71 4b |BBx7Q8uXLtXXr1qK|
|00002ff0| 66 61 39 65 75 79 63 6e 4a 53 5a 30 36 64 56 4a |fa9euycnJSZ06dVJ|
|00003000| 49 53 49 69 38 76 4c 78 6b 4d 70 6d 4b 48 67 4e |ISIi8vLxkMpmKHgN|
|00003010| 6f 69 53 43 67 53 64 4f 6d 55 6b 35 4f 72 64 64 |oiSCgSdOmUk5Ordd|
|00003020| 54 70 4e 30 41 68 5a 38 5a 55 50 54 66 44 71 4d |TpN0AhZ8ZUPTfDqM|
|00003030| 57 36 73 71 6f 77 76 39 31 55 65 43 5a 37 51 6f |W6sqowv91UeCZ7Qo|
|00003040| 73 73 31 42 72 2b 61 2f 59 4c 76 38 79 30 30 74 |ss1Br+a/YLv8y00t|
|00003050| 37 53 46 4e 33 62 74 66 55 30 70 50 62 44 39 48 |7SFN3btfU0pPbD9H|
|00003060| 6d 4d 30 4e 4b 54 48 4a 34 62 4a 53 57 62 68 6d |mM0NKTHJ4bJSWbhm|
|00003070| 6c 70 52 57 73 7a 54 4c 7a 57 4d 74 39 78 44 52 |lpRWszTLzWMt9xDR|
|00003080| 74 48 6a 47 74 33 44 6c 36 76 72 70 64 56 31 34 |tHjGt3Dl6vrpdV14|
|00003090| 74 50 71 57 43 39 2f 76 59 4a 46 30 35 4d 38 6e |tPqWC9/vYJF05M8n|
|000030a0| 63 4b 34 31 4b 30 36 5a 4e 47 37 6f 45 73 2b 6f |cK41K06ZNG7oEs+o|
|000030b0| 6c 41 48 44 79 36 4b 57 2b 37 59 37 4a 31 64 31 |lAHDy6KW+7Y7J1d1|
|000030c0| 4d 55 39 69 32 67 38 61 74 6a 46 52 76 2f 35 55 |MU9i2g8atjFRv/5U|
|000030d0| 79 6d 53 4c 31 57 65 7a 6c 2f 4f 6b 75 58 54 56 |ymSL1Wezl/OkuXTV|
|000030e0| 70 77 52 53 5a 4a 6e 69 57 33 34 44 32 38 6c 50 |pwRSZJniW34D28lP|
|000030f0| 59 68 46 45 61 74 44 4a 4d 51 55 76 6a 64 50 4b |YhFEatDJMQUvjdPK|
|00003100| 43 70 48 61 74 35 54 74 6c 73 68 59 46 50 56 50 |CpHat5TtlshYFPVP|
|00003110| 71 73 58 52 56 71 45 58 4f 38 6c 75 79 55 54 38 |qsXRVqEXO8luyUT8|
|00003120| 4d 57 61 6c 35 43 37 64 72 7a 61 71 4e 32 69 6c |MWal5C7drzaqN2il|
|00003130| 4a 4c 69 35 36 4f 57 53 57 67 69 62 30 4c 37 56 |JLi56OWSWgib0L7V|
|00003140| 4f 5a 34 31 65 47 61 6e 75 2f 67 58 7a 78 35 36 |OZ41eGanu/gXzx56|
|00003150| 57 4a 44 6d 36 6d 61 76 64 57 67 34 75 72 53 51 |WJDm6mavdWg4urSQ|
|00003160| 58 46 37 6d 57 4d 36 71 36 71 33 73 76 4f 62 61 |XF7mWM6q6q3svOba|
|00003170| 37 56 4f 72 5a 33 33 62 71 48 62 68 61 52 37 30 |7VOrZ33bqHbhaR70|
|00003180| 6a 4e 47 2f 65 53 71 33 66 66 56 71 52 70 30 34 |jNG/eSq3ffVqRp04|
|00003190| 58 72 62 50 54 63 79 4d 31 4c 32 69 43 2f 4e 7a |XrbPTcyM1L2iC/Nz|
|000031a0| 4c 2f 72 61 31 37 66 6c 37 48 54 7a 35 6c 4d 4c |L/ra17fl7HTz5lML|
|000031b0| 6d 4c 64 57 69 71 4f 50 61 65 30 47 53 57 71 6c |mLdWiqOPae0GSWql|
|000031c0| 58 77 45 69 46 54 5a 38 67 50 2f 66 69 44 57 78 |XwEiFTZ8gP/fiDWx|
|000031d0| 6e 39 57 31 6e 4c 51 65 58 63 68 34 70 59 74 39 |n9W1nLQeXch4pYt9|
|000031e0| 42 76 62 32 6b 6f 79 36 74 53 7a 5a 47 61 6e 6a |Bvb2koy6tSzZGanj|
|000031f0| 38 48 4c 7a 66 30 4d 47 54 2f 52 55 32 62 36 6e |8HLzf0MGT/RU2b6n|
|00003200| 6d 72 54 71 75 76 63 58 65 54 35 6a 5a 39 32 4d |mrTquvcXeT5jZ92M|
|00003210| 6a 6e 35 42 56 57 71 64 33 46 62 54 30 75 44 4a |jn5BVWqd3FbT0uDJ|
|00003220| 74 32 31 52 76 77 44 58 48 62 68 72 6b 62 61 32 |t21RvwDXHbhrkba2|
|00003230| 6a 4c 74 33 4d 64 45 75 7a 79 64 2f 48 50 54 66 |jLt3MdEuzyd/HPTf|
|00003240| 49 74 50 42 54 52 59 52 48 35 76 2f 53 62 64 64 |ItPBTRYRH5v/Sbdd|
|00003250| 61 76 75 4e 66 56 31 44 51 71 47 4b 50 6d 6d 77 |avuNfV1DQqGKPmmw|
|00003260| 6a 76 35 57 52 2b 74 2b 41 37 5a 71 33 39 46 4e |jv5WR+t+A7Zq39FN|
|00003270| 46 37 44 35 39 70 2f 5a 2b 2f 57 51 4b 65 6c 32 |F7D59p/Z+/WQKel2|
|00003280| 54 65 35 59 4b 56 56 79 65 30 65 70 74 6b 6c 4e |Te5YKVVye0eptklN|
|00003290| 77 6d 4e 62 76 76 69 7a 5a 56 76 36 58 30 63 47 |wmNbvvizZVv6X0cG|
|000032a0| 39 6f 33 6f 70 54 6e 47 56 7a 56 68 38 78 48 70 |9o3opTnGVzVh8xHp|
|000032b0| 4a 44 76 59 64 35 64 6a 4f 72 74 79 78 45 2f 4c |JDvYd5djOrtyxE/L|
|000032c0| 58 65 30 79 75 39 6d 55 54 56 39 75 65 4c 38 6f |Xe0yu9mUTV9ueL8o|
|000032d0| 55 73 46 33 54 56 55 36 50 6d 77 71 57 72 32 79 |UsF3TVU6PmwqWr2y|
|000032e0| 37 2b 64 72 49 78 78 53 75 63 2f 30 33 79 4c 52 |7+drIxxSuc/03yLR|
|000032f0| 77 70 5a 62 74 4c 6a 69 50 32 37 58 57 43 79 47 |wpZbtLjiP27XWCyG|
|00003300| 76 79 31 54 6d 38 79 58 4a 74 72 56 63 58 61 51 |vy1Tm8yXJtrVcXaQ|
|00003310| 4f 5a 55 62 7a 4c 2b 53 6b 7a 73 39 5a 79 2f 46 |OZUbzL+Skzs9Zy/F|
|00003320| 43 71 64 63 72 4f 4a 2b 64 58 44 7a 6c 32 45 35 |CqdcrOJ+dXDzl2E5|
|00003330| 6d 61 6d 30 74 31 79 48 57 63 70 52 62 71 58 4f |mam0t1yHWcpRbqXO|
|00003340| 32 4f 75 64 48 78 64 76 4f 66 37 32 63 7a 35 49 |2OudHxdvOf72cz5I|
|00003350| 6b 56 2f 38 35 69 74 46 69 54 5a 2b 33 58 54 74 |kV/85itFiTZ+3XTt|
|00003360| 50 71 66 4a 37 2f 41 41 30 66 70 6b 5a 53 69 38 |PqfJ7/AA0fpkZSi8|
|00003370| 37 54 48 61 74 33 47 76 6a 43 68 52 32 35 61 2f |7THat3GvjChR25a/|
|00003380| 71 4d 39 36 4c 7a 33 76 79 35 45 6d 4c 64 76 57 |qM96Lz3vy5EmLdvW|
|00003390| 75 57 49 5a 69 35 67 62 6f 37 57 33 5a 6b 74 5a |uWIZi5gbo7W3ZktZ|
|000033a0| 6f 33 63 6c 6c 32 76 4e 57 6a 34 4a 42 30 44 4b |o3cll2vNWj4JB0DK|
|000033b0| 30 30 7a 52 57 62 2b 2b 56 70 44 58 61 6c 62 46 |00zRWb++VpDXalbF|
|000033c0| 57 57 79 73 64 6c 61 2b 61 62 46 77 31 37 4b 33 |WWysdla+abFw17K3|
|000033d0| 56 47 76 62 57 52 57 32 64 4e 6c 73 4b 2b 56 44 |VGvbWRW2dNlsK+VD|
|000033e0| 44 79 6b 30 5a 43 67 63 4d 4c 48 39 31 72 67 48 |Dyk0ZCgcMLH91rgH|
|000033f0| 68 2b 71 62 4d 36 35 55 76 64 36 63 63 58 38 30 |h+qbM65Uvd6ccX80|
|00003400| 4d 39 64 58 4d 71 6c 56 76 55 63 4f 47 44 61 75 |M9dXMqlVvUcOGDau|
|00003410| 77 70 30 68 68 6f 39 39 53 49 55 43 7a 5a 73 32 |wp0hho99SIUCzZs2|
|00003420| 55 6c 57 58 68 44 7a 4c 75 65 63 32 61 4e 66 43 |UlWXhDzLuec2aNfC|
|00003430| 31 39 6e 4a 59 35 65 58 56 30 59 4d 74 36 39 4b |19nJY5eXV0YMt69K|
|00003440| 68 44 32 51 31 59 4b 4d 55 73 6b 78 35 67 64 30 |hD2Q1YKMUskx5gd0|
|00003450| 61 75 70 70 36 6c 71 58 30 67 73 48 2b 37 72 55 |aupp6lqX0gsH+7rU|
|00003460| 76 41 41 41 41 33 46 50 53 6f 6a 57 36 6b 30 6d |vAAAA3FPSojW6k0m|
|00003470| 66 57 58 71 39 7a 35 6c 30 62 6d 55 35 76 53 50 |fWXq9z5l0bmU5vSP|
|00003480| 76 51 76 48 78 38 5a 6f 38 65 62 4a 6d 7a 70 78 |vQvHx8Zo8ebJmzpx|
|00003490| 5a 35 52 41 67 4b 53 6c 4a 6f 61 47 68 43 67 73 |Z5RAgKSlJoaGhCgs|
|000034a0| 4c 71 38 63 41 34 4b 4a 32 54 68 75 6b 74 77 38 |Lq8cA4KJ2Thuktw8|
|000034b0| 55 2f 48 66 67 66 4f 32 5a 55 39 6a 4e 50 31 6d |U/HfgfO2ZU9jNP1m|
|000034c0| 62 41 70 37 58 33 4b 53 43 31 38 59 73 55 2f 7a |bAp7X3KSC18YsU/z|
|000034d0| 4d 32 67 39 65 5a 6c 36 57 7a 69 59 6d 53 65 34 |M2g9eZl6WziYmSe4|
|000034e0| 65 65 71 41 32 48 54 6b 4e 6f 4c 41 6e 77 4e 43 |eeqA2HTkNoLAnwNC|
|000034f0| 68 51 32 73 64 41 6c 79 2f 63 55 4f 35 75 62 6b |hQ2sdAly/cUO5ubk|
|00003500| 57 71 67 7a 33 75 71 5a 4e 6d 36 72 6c 66 66 64 |Wqgz3uqZNm6rlffd|
|00003510| 5a 66 4c 31 58 72 31 36 56 4a 42 30 35 63 71 54 |ZfL1Xr16VJB05cqT|
|00003520| 61 79 33 70 36 35 67 39 6f 33 54 68 6a 43 56 54 |ay3p65g9o3ThjCVT|
|00003530| 41 52 67 37 32 2f 4c 59 48 41 4b 44 52 34 7a 47 |ARg72/LYHAKDR4zG|
|00003540| 41 31 52 49 61 47 74 72 51 4a 56 53 69 72 58 78 |A1RIaGtrQJVSirXx|
|00003550| 65 6d 36 45 65 69 51 75 55 6f 4c 35 36 39 37 58 |em6EeiQuUoL5697X|
|00003560| 69 39 2f 69 37 61 6d 6a 77 61 39 6f 36 37 53 4d |i9/i7amjwa9o67SM|
|00003570| 6c 32 51 78 55 79 4a 69 36 61 76 78 4c 6b 6f 30 |l2QxUyJi6avxLko0|
|00003580| 65 38 4c 44 6f 51 44 33 33 72 4d 4a 47 2f 38 6d |e8LDoQD33rMJG/8m|
|00003590| 54 4a 32 74 39 75 30 69 7a 5a 73 30 49 41 46 42 |TJ2t9u0izZs0IAFB|
|000035a0| 6c 6a 66 58 71 76 30 51 50 41 41 41 41 41 44 53 |ljfXqv0QPAAAAADS|
|000035b0| 67 6a 49 79 4d 47 6f 2f 6f 33 36 6c 54 70 2f 6f |gjIyMGo/o36lTp/o|
|000035c0| 64 41 77 42 33 4a 55 75 4d 46 5a 47 58 6c 36 64 |dAwB3JUuMFZGXl6d|
|000035d0| 72 31 36 2f 72 62 6d 77 36 6f 58 35 5a 57 56 6d |r16/rbmw6oX5ZWVm|
|000035e0| 70 56 63 75 57 64 66 49 55 41 48 6f 41 41 41 41 |pVcuWdfIUAHoAAAA|
|000035f0| 41 34 4b 35 6d 5a 32 64 58 6a 39 33 34 59 55 53 |A4K5mZ2dXj934YUS|
|00003600| 57 43 49 6d 73 72 4b 78 6b 61 32 75 72 6d 7a 64 |WCImsrKxka2urmzd|
|00003610| 76 57 71 41 69 33 4d 74 73 62 57 30 62 37 53 4d |vWqAi3MtsbW0b7SM|
|00003620| 41 70 62 73 31 41 50 42 34 52 75 76 6d 57 6b 76 |Apbs1APB4RuvmWkv|
|00003630| 65 48 52 75 36 45 67 41 41 41 41 41 47 30 4c 78 |eHRu6EgAAAAAG0Lx|
|00003640| 5a 4d 32 55 31 61 61 4c 62 74 32 38 33 64 43 6c |ZM2U1aaLbt283dCl|
|00003650| 6f 70 4a 6f 30 61 61 4c 6d 6a 62 6a 37 76 33 53 |opJo0aaLmjbj7v3S|
|00003660| 33 42 67 43 32 62 68 6f 39 78 61 32 68 71 77 41 |3BgC2bho9xa2hqwA|
|00003670| 41 41 41 42 67 49 43 31 73 62 58 58 39 78 6f 32 |AAABgIC1sbXX9xo2|
|00003680| 47 4c 67 4f 4e 56 49 75 37 34 42 46 4f 54 52 71 |GLgONVIu74BFOTRq|
|00003690| 36 41 41 41 41 41 41 43 34 47 7a 52 74 32 6c 54 |6AAAAAAC4GzRt2lT|
|000036a0| 33 74 57 6a 52 30 47 57 67 45 62 71 76 52 51 73 |3tWjR0GWgEbqvRQs|
|000036b0| 31 62 64 71 30 6f 63 75 6f 46 41 45 41 41 41 41 |1bdq0ocuoFAEAAAA|
|000036c0| 41 41 46 52 52 73 32 62 4e 5a 47 76 44 55 37 6c |AAFRRs2bNZGvDU7l|
|000036d0| 77 68 36 32 4e 54 61 4d 65 2b 62 38 34 41 67 41 |wh62NTaMe+b84AgA|
|000036e0| 41 41 41 41 41 71 41 5a 72 61 32 74 36 41 6b 42 |AAAAAqAZra2t6AkB|
|000036f0| 53 2f 70 56 2f 61 32 76 72 68 69 36 6a 79 67 67 |S/pV/a2vrhi6jygg|
|00003700| 41 41 41 41 41 41 4b 43 61 6d 6a 56 72 70 70 62 |AAAAAAKCamjVrppb|
|00003710| 33 33 61 63 6d 54 57 68 53 47 56 45 54 4b 79 75 |33acmTWhSGVETKyu|
|00003720| 31 62 4e 6e 79 72 72 6e 79 58 2b 6a 75 71 68 59 |1bNnyrrnyX+juqhY|
|00003730| 41 41 41 41 41 47 6f 6d 6d 54 5a 75 71 56 63 75 |AAAAAGommTZuqVcu|
|00003740| 57 79 72 35 31 53 31 6c 5a 57 63 72 4c 79 32 76 |Wyr51S1lZWcrLy2v|
|00003750| 6f 6b 6c 44 48 72 4b 79 73 5a 47 4e 74 66 56 64 |oklDHrKysZGNtfVd|
|00003760| 64 39 53 2b 4f 41 41 41 41 41 41 41 41 61 73 47 |d9S+OAAAAAAAAasG|
|00003770| 36 65 58 4e 5a 4e 32 2b 75 37 46 75 33 6c 48 50 |6eXNZN2+u7Fu3lHP|
|00003780| 72 6c 6e 4a 79 63 78 75 36 4a 46 68 59 73 36 5a |rlnJycxu6JFhYs6Z|
|00003790| 4e 31 62 78 35 63 7a 56 76 33 72 79 68 53 36 6b |N1bx5czVv3ryhS6k|
|000037a0| 56 41 67 41 41 41 41 41 41 73 49 44 43 49 45 43 |VAgAAAAAAsIDCIEC|
|000037b0| 53 63 6e 4a 7a 6c 5a 75 54 6f 39 7a 62 74 33 57 |ScnJzlZuTo9zbt3W|
|000037c0| 37 34 41 64 33 68 79 5a 4e 6d 71 68 4a 6b 79 5a |74Ad3hyZNmqhJkyZ|
|000037d0| 71 32 71 53 4a 6d 6a 5a 72 70 6d 5a 33 77 65 6a |q2qSJmjZrpmZ3wej|
|000037e0| 2b 56 55 55 41 41 41 41 41 41 41 41 57 31 71 78 |+VUUAAAAAAAAW1qx|
|000037f0| 70 30 33 75 71 34 59 68 37 41 79 4e 57 41 41 41 |p03uq4Yh7AyNWAAA|
|00003800| 41 41 41 42 67 41 41 51 41 41 41 41 41 41 41 41 |AAABgAAQAAAAAAAA|
|00003810| 59 41 41 45 41 41 41 41 41 41 41 41 47 51 41 41 |YAAEAAAAAAAAGQAA|
|00003820| 41 41 41 41 41 41 49 41 42 45 41 41 41 41 41 41 |AAAAAAIABEAAAAAA|
|00003830| 41 41 47 41 41 42 41 41 41 41 41 41 41 41 42 67 |AAGAABAAAAAAAABg|
|00003840| 41 41 51 41 41 41 41 41 41 41 41 5a 41 41 41 41 |AAQAAAAAAAAZAAAA|
|00003850| 41 41 41 41 41 67 41 45 51 41 41 41 41 41 41 41 |AAAAAgAEQAAAAAAA|
|00003860| 41 59 41 41 45 41 41 41 41 41 41 41 41 47 41 41 |AYAAEAAAAAAAAGAA|
|00003870| 42 41 41 41 41 41 41 41 41 42 6b 41 41 41 41 41 |BAAAAAAAABkAAAAA|
|00003880| 41 41 41 43 41 41 52 41 41 41 41 41 41 41 41 42 |AAACAARAAAAAAAAB|
|00003890| 67 41 41 51 41 41 41 41 41 41 41 41 59 41 41 45 |gAAQAAAAAAAAYAAE|
|000038a0| 41 41 41 41 41 41 41 41 47 51 41 41 41 41 41 41 |AAAAAAAAGQAAAAAA|
|000038b0| 41 41 49 41 42 45 41 41 41 41 41 41 41 41 47 41 |AAIABEAAAAAAAAGA|
|000038c0| 41 42 41 41 41 41 41 41 41 41 42 67 41 41 51 41 |ABAAAAAAAABgAAQA|
|000038d0| 41 41 41 41 41 41 41 5a 41 41 41 41 41 41 41 41 |AAAAAAAZAAAAAAAA|
|000038e0| 41 67 41 45 51 41 41 41 41 41 41 41 41 59 41 41 |AgAEQAAAAAAAAYAA|
|000038f0| 45 41 41 41 41 41 41 41 41 47 41 41 42 41 41 41 |EAAAAAAAAGAABAAA|
|00003900| 41 41 41 41 41 42 6b 41 41 41 41 41 41 41 41 43 |AAAAABkAAAAAAAAC|
|00003910| 41 41 52 41 41 41 41 41 41 41 41 42 67 41 41 51 |AARAAAAAAAABgAAQ|
|00003920| 41 41 41 41 41 41 41 41 59 41 41 45 41 41 41 41 |AAAAAAAAYAAEAAAA|
|00003930| 41 41 41 41 47 51 41 41 41 41 41 41 41 41 49 41 |AAAAGQAAAAAAAAIA|
|00003940| 42 45 41 41 41 41 41 41 41 41 47 41 41 42 41 41 |BEAAAAAAAAGAABAA|
|00003950| 41 41 41 41 41 41 42 67 41 41 51 41 41 41 41 41 |AAAAAABgAAQAAAAA|
|00003960| 41 41 41 5a 41 41 41 41 41 41 41 41 41 67 41 45 |AAAZAAAAAAAAAgAE|
|00003970| 51 41 41 41 41 41 41 41 41 59 41 41 45 41 41 41 |QAAAAAAAAYAAEAAA|
|00003980| 41 41 41 41 41 47 41 41 42 41 41 41 41 41 41 41 |AAAAAGAABAAAAAAA|
|00003990| 41 42 6b 41 41 41 41 41 41 41 41 43 41 41 52 41 |ABkAAAAAAAACAARA|
|000039a0| 41 41 41 41 41 41 41 42 67 41 41 51 41 41 41 41 |AAAAAAABgAAQAAAA|
|000039b0| 41 41 41 41 59 41 41 45 41 41 41 41 41 41 41 41 |AAAAYAAEAAAAAAAA|
|000039c0| 47 51 41 41 41 41 41 41 41 41 49 41 42 45 41 41 |GQAAAAAAAAIABEAA|
|000039d0| 41 41 41 41 41 41 47 41 41 42 41 41 41 41 41 41 |AAAAAAGAABAAAAAA|
|000039e0| 41 41 42 67 41 41 51 41 41 41 41 41 41 41 41 5a |AABgAAQAAAAAAAAZ|
|000039f0| 41 41 41 41 41 41 41 41 41 67 41 45 51 41 41 41 |AAAAAAAAAgAEQAAA|
|00003a00| 41 41 41 41 41 59 41 41 45 41 41 41 41 41 41 41 |AAAAAYAAEAAAAAAA|
|00003a10| 41 47 41 41 42 41 41 41 41 41 41 41 41 42 6b 41 |AGAABAAAAAAAABkA|
|00003a20| 41 41 41 41 41 41 41 43 41 41 52 41 41 41 41 41 |AAAAAAACAARAAAAA|
|00003a30| 41 41 41 42 67 41 41 51 41 41 41 41 41 41 41 41 |AAABgAAQAAAAAAAA|
|00003a40| 59 41 41 45 41 41 41 41 41 41 41 41 47 51 41 41 |YAAEAAAAAAAAGQAA|
|00003a50| 41 41 41 41 41 41 49 41 42 45 41 41 41 41 41 41 |AAAAAAIABEAAAAAA|
|00003a60| 41 41 47 41 41 42 41 41 41 41 41 41 41 41 42 67 |AAGAABAAAAAAAABg|
|00003a70| 41 41 51 41 41 41 41 41 41 41 41 5a 41 41 41 41 |AAQAAAAAAAAZAAAA|
|00003a80| 41 41 41 41 41 67 41 45 51 41 41 41 41 41 41 41 |AAAAAgAEQAAAAAAA|
|00003a90| 41 59 41 41 45 41 41 41 41 41 41 41 41 47 41 41 |AYAAEAAAAAAAAGAA|
|00003aa0| 42 41 41 41 41 41 41 41 41 42 6b 41 41 41 41 41 |BAAAAAAAABkAAAAA|
|00003ab0| 41 41 41 43 41 41 52 41 41 41 41 41 41 41 41 42 |AAACAARAAAAAAAAB|
|00003ac0| 67 41 41 51 41 41 41 41 41 41 41 41 59 41 41 45 |gAAQAAAAAAAAYAAE|
|00003ad0| 41 41 41 41 41 41 41 41 47 51 41 41 41 41 41 41 |AAAAAAAAGQAAAAAA|
|00003ae0| 41 41 49 41 42 45 41 41 41 41 41 41 41 41 47 41 |AAIABEAAAAAAAAGA|
|00003af0| 41 42 41 41 41 41 41 41 41 41 42 67 41 41 51 41 |ABAAAAAAAABgAAQA|
|00003b00| 41 41 41 41 41 41 41 5a 41 41 41 41 41 41 41 41 |AAAAAAAZAAAAAAAA|
|00003b10| 41 67 41 45 51 41 41 41 41 41 41 41 41 59 41 41 |AgAEQAAAAAAAAYAA|
|00003b20| 45 41 41 41 41 41 41 41 41 47 41 41 42 41 41 41 |EAAAAAAAAGAABAAA|
|00003b30| 41 41 41 41 41 42 6b 41 41 41 41 41 41 41 41 43 |AAAAABkAAAAAAAAC|
|00003b40| 41 41 52 41 41 41 41 41 41 41 41 42 67 41 41 51 |AARAAAAAAAABgAAQ|
|00003b50| 41 41 41 41 41 41 41 41 59 41 41 45 41 41 41 41 |AAAAAAAAYAAEAAAA|
|00003b60| 41 41 41 41 47 51 41 41 41 41 41 41 41 41 49 41 |AAAAGQAAAAAAAAIA|
|00003b70| 42 45 41 41 41 41 41 41 41 41 47 41 41 42 41 41 |BEAAAAAAAAGAABAA|
|00003b80| 41 41 41 41 41 41 42 67 41 41 51 41 41 41 41 41 |AAAAAABgAAQAAAAA|
|00003b90| 41 41 41 5a 41 41 41 41 41 41 41 41 41 67 41 45 |AAAZAAAAAAAAAgAE|
|00003ba0| 51 41 41 41 41 41 41 41 41 59 41 41 45 41 41 41 |QAAAAAAAAYAAEAAA|
|00003bb0| 41 41 41 41 41 47 41 41 42 41 41 41 41 41 41 41 |AAAAAGAABAAAAAAA|
|00003bc0| 41 42 6b 41 41 41 41 41 41 41 41 43 41 41 52 41 |ABkAAAAAAAACAARA|
|00003bd0| 41 41 41 41 41 41 41 42 67 41 41 51 41 41 41 41 |AAAAAAABgAAQAAAA|
|00003be0| 41 41 41 41 59 41 41 45 41 41 41 41 41 41 41 41 |AAAAYAAEAAAAAAAA|
|00003bf0| 47 51 41 41 41 41 41 41 41 41 49 41 42 45 41 41 |GQAAAAAAAAIABEAA|
|00003c00| 41 41 41 41 41 41 47 41 41 42 41 41 41 41 41 41 |AAAAAAGAABAAAAAA|
|00003c10| 41 41 42 67 41 41 51 41 41 41 41 41 41 41 41 5a |AABgAAQAAAAAAAAZ|
|00003c20| 41 41 41 41 41 41 41 41 41 67 41 45 51 41 41 41 |AAAAAAAAAgAEQAAA|
|00003c30| 41 41 41 41 41 59 41 41 45 41 41 41 41 41 41 41 |AAAAAYAAEAAAAAAA|
|00003c40| 41 47 41 41 42 41 41 41 41 41 41 41 41 42 6b 41 |AGAABAAAAAAAABkA|
|00003c50| 41 41 41 41 41 41 41 43 41 41 52 41 41 41 41 41 |AAAAAAACAARAAAAA|
|00003c60| 41 41 41 42 67 41 41 51 41 41 41 41 41 41 41 41 |AAABgAAQAAAAAAAA|
|00003c70| 59 41 41 45 41 41 41 41 41 41 41 41 47 51 41 41 |YAAEAAAAAAAAGQAA|
|00003c80| 41 41 41 41 41 41 49 41 42 45 41 41 41 41 41 41 |AAAAAAIABEAAAAAA|
|00003c90| 41 41 47 41 41 42 41 41 41 41 41 41 41 41 42 67 |AAGAABAAAAAAAABg|
|00003ca0| 41 41 51 41 41 41 41 41 41 41 41 5a 41 41 41 41 |AAQAAAAAAAAZAAAA|
|00003cb0| 41 41 41 41 41 67 41 45 51 41 41 41 41 41 41 41 |AAAAAgAEQAAAAAAA|
|00003cc0| 41 59 41 42 57 65 58 6c 35 65 51 31 64 42 41 41 |AYABWeXl5eQ1dBAA|
|00003cd0| 41 41 41 41 41 4b 4e 2f 56 71 31 64 72 76 51 35 |AAAAAKN/Vq1drvQ5|
|00003ce0| 36 41 41 41 41 41 41 41 41 59 41 41 45 41 41 41 |6AAAAAAAAYAAEAAA|
|00003cf0| 41 41 41 41 41 47 41 41 42 41 41 41 41 41 41 41 |AAAAAGAABAAAAAAA|
|00003d00| 41 42 6b 41 41 41 41 41 41 41 41 43 41 41 52 41 |ABkAAAAAAAACAARA|
|00003d10| 41 41 41 41 41 41 41 42 67 41 41 51 41 41 41 41 |AAAAAAABgAAQAAAA|
|00003d20| 41 41 41 41 59 41 41 45 41 41 41 41 41 41 41 41 |AAAAYAAEAAAAAAAA|
|00003d30| 47 51 41 41 41 41 41 41 41 41 49 41 42 45 41 41 |GQAAAAAAAAIABEAA|
|00003d40| 41 41 41 41 41 41 47 41 41 42 41 41 41 41 41 41 |AAAAAAGAABAAAAAA|
|00003d50| 41 41 42 67 41 41 51 41 41 41 41 41 41 41 41 5a |AABgAAQAAAAAAAAZ|
|00003d60| 41 41 41 41 41 41 41 41 41 67 41 45 30 61 2b 67 |AAAAAAAAAgAE0a+g|
|00003d70| 43 41 4b 41 75 33 4c 79 5a 70 58 57 66 66 36 58 |CAKAu3LyZpXWff6X|
|00003d80| 74 30 51 66 56 32 36 75 62 78 72 38 34 52 4b 31 |t0QfV26ubxr84RK1|
|00003d90| 2f 2b 59 75 47 4c 71 74 53 50 31 31 4d 31 34 70 |/+YuGLqtSP11M14p|
|00003da0| 50 74 75 72 62 78 4e 4e 36 34 62 6c 2b 47 6a 72 |PturbxNN64bl+Gjr|
|00003db0| 6f 31 32 72 57 72 47 6c 44 6c 77 55 41 41 49 42 |o12rWrGlDlwUAAIB|
|00003dc0| 37 67 46 56 65 58 6c 35 65 51 78 63 42 41 4a 61 |7gFVeXl5eQxcBAJa|
|00003dd0| 55 6d 35 75 72 42 52 39 39 70 76 38 4f 57 56 49 |Um5urBR99pv8OWVI|
|00003de0| 30 62 65 5a 72 6f 2f 58 75 48 79 62 4b 78 73 61 |0beZro/XuHybKxsa|
|00003df0| 36 41 53 75 72 32 4d 2f 70 47 5a 6f 30 2f 61 2f |6ASur2M/pGZo0/a/|
|00003e00| 61 47 4c 46 48 6b 6d 54 58 36 6a 35 39 73 75 77 |aGLFHkmTX6j59suw|
|00003e10| 50 47 6a 48 6b 79 51 61 75 44 41 41 41 41 41 33 |PGjHkyQauDAAAAA3|
|00003e20| 74 36 74 57 72 74 56 34 48 74 77 41 41 75 4f 65 |t6tWrtV4HtwAAuOe|
|00003e30| 6b 58 37 6d 6d 33 58 76 6a 53 30 77 4c 33 2f 69 |kX7mm3XvjS0wL3/i|
|00003e40| 56 76 76 33 2b 64 41 4e 56 56 44 56 37 39 68 30 |Vvv3+dANVVDV79h0|
|00003e50| 75 61 76 78 4c 55 73 61 31 47 39 72 37 39 52 46 |uavxLUsa1G9r79RF|
|00003e60| 6c 5a 39 39 71 77 4b 6f 41 41 41 42 77 72 79 41 |lZ99qwKoAAABwryA|
|00003e70| 41 41 47 41 49 35 39 49 75 61 65 32 47 58 63 72 |AAGAI59Iuae2GXcr|
|00003e80| 4b 79 6d 37 6f 55 73 7a 36 4f 54 31 44 6e 32 37 |Kym7oUsz6OT1Dn27|
|00003e90| 59 57 57 62 36 6a 52 74 5a 79 73 32 39 33 51 41 |YWWb6jRtZys293QA|
|00003ea0| 56 41 51 41 41 34 46 35 44 41 41 44 41 4d 44 5a |VAQAA4F5DAADAMDZ|
|00003eb0| 47 37 47 6d 30 76 51 44 32 37 44 75 73 4c 37 62 |G7Gm0vQD27DusL7b|
|00003ec0| 74 61 2b 67 79 41 4b 42 52 75 6e 37 39 70 75 59 |ta+gyAKBRun79puY|
|00003ed0| 76 44 70 66 76 73 34 47 61 2b 66 61 48 4f 76 50 |vDpfvs4Ga+faHOvP|
|00003ee0| 76 74 49 59 75 43 51 44 75 53 67 77 43 43 4d 41 |vtIYuCQDuSgwCCMA|
|00003ef0| 77 43 6e 73 42 50 50 70 77 78 30 59 31 46 73 44 |wCnsBPPpwx0Y1FsD|
|00003f00| 50 36 52 6c 61 76 7a 6d 36 6f 63 73 41 67 45 59 |P6Rlavzm6ocsAgEY|
|00003f10| 70 4c 79 39 50 48 2f 39 6a 71 39 37 34 59 2f 36 |pLy9PH/9jq974Y/6|
|00003f20| 34 4c 72 76 32 48 4e 4c 6c 6e 36 2f 71 6f 2f 64 |4Lrv2HNLln6/qo/d|
|00003f30| 6e 71 47 58 4c 46 67 31 63 48 51 44 63 58 65 67 |nqGXLFg1cHQDcXeg|
|00003f40| 42 41 4d 42 51 47 6d 4d 76 67 48 31 66 48 39 57 |BAMBQGmMvgH1fH9W|
|00003f50| 4f 36 4c 69 47 4c 67 4d 41 47 71 58 4d 7a 47 7a |O6LiGLgMAGqXMzGz|
|00003f60| 39 63 44 4b 6c 78 4c 51 6a 33 35 33 53 76 38 2f |9cDKlxLQj353Sv8/|
|00003f70| 2b 31 45 41 56 41 63 44 64 69 77 41 41 67 4b 45 |+1EAVAcDdiwAAgKE|
|00003f80| 30 74 72 45 41 66 6b 37 50 30 4e 71 4e 75 35 52 |0trEAfk7P0NqNu5R|
|00003f90| 78 37 55 5a 44 6c 77 49 41 41 49 42 37 48 41 45 |x7UZDlwIAAIB7HAE|
|00003fa0| 41 41 4d 50 5a 47 4c 46 48 63 66 48 48 47 37 6f |AAMPZGLFHcfHHG7o|
|00003fb0| 4d 53 56 7a 39 42 77 41 41 51 50 30 68 41 41 42 |MSVz9BwAAQP0hAAB|
|00003fc0| 67 4f 4f 66 53 4c 69 6c 38 34 31 65 36 65 54 4f |gOOfSLil841e6eTO|
|00003fd0| 72 51 65 76 67 36 6a 38 41 41 41 44 71 45 77 45 |rQevg6j8AAADqEwE|
|00003fe0| 41 41 45 50 61 73 6a 31 57 68 77 37 2f 30 4b 41 |AAEPasj1Whw7/0KA|
|00003ff0| 31 48 44 72 38 41 31 66 2f 41 51 41 41 55 47 38 |1HDr8A1f/AQAAUG8|
+--------+-------------------------------------------------+----------------+
&amp#27;[35m22-11-29 16:05:23:618&amp#27;[m [&amp#27;[30mTRACE&amp#27;[m] [id: 0xb21da692, L:/127.0.0.1:52679 - R:localhost/127.0.0.1:44632] READ COMPLETE
&amp#27;[35m22-11-29 16:05:23:622&amp#27;[m [&amp#27;[30mTRACE&amp#27;[m] [id: 0xb21da692, L:/127.0.0.1:52679 - R:localhost/127.0.0.1:44632] READ: 36495B
         +-------------------------------------------------+
         |  0  1  2  3  4  5  6  7  8  9  a  b  c  d  e  f |
+--------+-------------------------------------------------+----------------+
|00000000| 49 41 41 41 59 55 6b 50 33 41 72 68 36 39 62 72 |IAAAYUkP3Arh69br|
|00000010| 57 62 69 68 35 39 64 2f 5a 73 55 32 44 31 41 49 |Wbih59d/ZsU2D1AI|
|00000020| 41 41 41 42 6a 49 41 41 41 59 41 69 39 65 6e 53 |AAABjIAAAYAi9enS|
|00000030| 56 33 35 41 6e 53 30 78 72 79 46 34 41 42 2b 4f |V35AnS0xryF4AB+O|
|00000040| 50 36 59 74 74 2b 34 72 2b 37 2b 7a 59 52 71 39 |P6Ytt+4r+7+zYRq9|
|00000050| 50 66 72 35 42 61 67 45 41 41 49 41 78 45 41 41 |Pfr5BagEAAIAxEAA|
|00000060| 41 4d 41 51 48 2b 31 62 36 37 58 38 4e 4b 33 47 |AMAQH+1b67X8NK3G|
|00000070| 56 76 61 46 36 41 5a 69 37 2b 6a 2f 53 37 32 6b |VvaF6AZi7+j/S72k|
|00000080| 39 2f 6c 6a 58 65 71 30 44 41 41 41 41 78 6b 49 |9/ljXeq0DAAAAxkI|
|00000090| 41 41 4d 41 77 50 42 39 78 31 30 69 2f 70 30 74 |AAMAwPB9x10i/p0t|
|000000a0| 4d 61 34 68 65 41 4f 61 75 2f 6f 38 64 4e 56 41 |Ma4heAOau/o8dNVA|
|000000b0| 32 4e 73 33 72 74 51 34 41 41 41 41 59 53 37 4f |2Ns3rtQ4AAAAYS7O|
|000000c0| 47 4c 67 41 41 36 6f 75 4e 54 58 4f 4e 48 54 56 |GLgAA6ouNTXONHTV|
|000000d0| 51 47 79 50 32 36 46 7a 61 4a 55 6c 33 65 67 48 |QGyP26FzaJUl3egH|
|000000e0| 30 66 4b 79 4c 57 72 53 77 71 66 4d 61 79 72 76 |0fKyLWrSwqfMayrv|
|000000f0| 36 2f 2b 6a 44 48 52 56 2f 35 45 53 4e 31 6e 6e |6/+jDHRV/5ESN1nn|
|00000100| 70 38 68 56 74 33 66 36 31 62 74 7a 4d 6c 4e 2b |p8hVt3f61btzMlN+|
|00000110| 51 70 2f 53 41 63 31 74 4c 6c 56 75 75 73 2b 63 |Qp/SAc1tLlVuus+c|
|00000120| 75 4b 69 4a 71 6e 2b 35 72 59 61 74 68 67 33 2b |uKiJqn+5rYathg3+|
|00000130| 74 4e 71 33 74 36 33 79 62 31 58 48 39 2b 6b 30 |tNq3t63yb1XH9+k0|
|00000140| 6c 48 76 39 52 68 37 38 39 71 55 4f 48 66 39 44 |lHv9Rh789qUOHf9D|
|00000150| 5a 63 78 64 4c 76 50 36 41 63 31 73 39 30 71 32 |ZcxdLvP6Ac1s90q2|
|00000160| 6a 48 75 2f 52 52 64 30 39 33 4e 53 79 5a 59 73 |jHu/RRd093NSyZYs|
|00000170| 47 71 6c 54 4b 7a 72 36 6c 66 2f 33 76 2f 2b 6d |GqlTKzr6lf/3v/+m|
|00000180| 62 75 4f 39 31 2b 4e 75 54 4f 76 33 6a 76 30 75 |buO91+NuTOv3jv0u|
|00000190| 38 2f 6f 42 7a 57 2f 56 38 72 49 74 36 65 58 57 |8/oBzW/V8rIt6eXW|
|000001a0| 56 52 39 65 48 5a 47 31 64 66 30 48 52 7a 5a 74 |VR9eHZG1df0HRzZt|
|000001b0| 5a 4f 6e 37 79 66 78 55 58 66 39 7a 73 66 75 7a |ZOn7yfxUXf9zsfuz|
|000001c0| 34 34 4b 2f 30 32 4b 4f 64 35 4e 33 6e 45 54 33 |44K/02KOd5N3nET3|
|000001d0| 30 6e 2f 2b 68 5a 73 32 61 31 6c 74 74 78 66 66 |0n/+hZs2a1lttxff|
|000001e0| 62 79 64 4f 70 2b 6a 62 78 56 49 6e 58 6d 7a 64 |bydOp+jbxVInXmzd|
|000001f0| 76 70 75 34 65 62 6e 71 38 52 31 64 35 65 58 61 |vpu4ebnq8R1d5eXa|
|00000200| 57 6b 32 4e 72 4e 57 6c 69 2b 65 73 65 6c 79 35 |Wk2NrNWli+esely5|
|00000210| 66 30 56 64 37 44 69 6b 7a 4d 37 74 65 50 67 75 |f0Vd7DikzM7tePgu|
|00000220| 46 6e 33 64 4a 4e 64 70 65 58 6c 36 65 54 69 53 |Fn3dJNdpeXl6eTiS|
|00000230| 6c 61 45 64 30 6e 4e 77 37 74 74 64 76 6e 75 70 |laEd0nNw7ttdvnup|
|00000240| 52 37 75 2b 2b 37 4f 78 62 53 6a 7a 2b 4c 33 30 |R7u++7OxbSjz+L30|
|00000250| 54 39 37 32 2b 69 55 76 55 2f 35 33 37 53 55 63 |T972+iUvU/537SUc|
|00000260| 54 54 79 76 6a 32 67 33 31 39 75 71 6d 4e 71 31 |TTyvj2g319uqmNq1|
|00000270| 2f 49 53 2f 50 7a 6e 71 69 6c 34 64 36 50 74 5a |/IS/Pznqil4d6PtZ|
|00000280| 46 76 33 53 77 71 2f 58 37 41 77 44 55 4c 51 49 |Fv3Swq/X7AwDULQI|
|00000290| 41 41 49 62 79 36 4d 4d 64 4e 64 4c 76 61 53 31 |AAIby6MMdNdLvaS1|
|000002a0| 65 39 6e 6e 52 74 43 33 62 59 78 55 77 63 6f 43 |e9nnRtC3bYxUwcoC|
|000002b0| 65 2b 6e 58 33 4f 74 2f 2b 6f 63 4d 2f 6c 4c 6e |e+nX3Ot/+ocM/lLn|
|000002c0| 36 37 7a 2f 63 52 7a 59 32 31 6a 56 61 58 39 71 |67z/cRzY21jVaX9q|
|000002d0| 46 79 35 6f 30 2f 61 2b 4b 2f 44 4a 57 6b 68 51 |Fy5o0/a+K/DJWkhQ|
|000002e0| 64 45 36 39 6c 69 2f 35 62 39 37 64 31 73 45 69 |dE69li/5b97d1sEi|
|000002f0| 39 35 76 79 63 6e 71 48 70 77 52 39 6f 59 38 51 |95vycnqHpwR9oY8Q|
|00000300| 65 53 66 6e 6a 4b 36 78 61 38 70 61 36 64 48 4b |eSfnjK6xa8pa6dHK|
|00000310| 74 73 32 31 57 78 65 33 62 74 78 55 58 66 31 78 |ts21Wxe3btxUXf1x|
|00000320| 68 4b 79 50 30 78 62 5a 39 56 58 36 38 6f 6c 32 |hKyP0xbZ9VX68ol2|
|00000330| 72 2b 2f 54 73 30 4b 63 30 63 64 78 77 39 66 4c |r+/Ts0Kc0cdxw9fL|
|00000340| 71 56 6d 2b 4e 32 4e 51 7a 61 56 71 7a 62 72 74 |qVm+N2NQzaVqzbrt|
|00000350| 57 66 4c 4a 56 4b 57 66 53 4b 70 78 33 64 66 68 |WfLJVKWfSKpx3dfh|
|00000360| 32 53 56 4a 72 42 7a 75 39 4e 48 71 51 4a 6f 30 |2SVJrBzu9NHqQJo0|
|00000370| 66 6f 63 37 75 48 57 52 6c 5a 57 58 78 75 67 6f |foc7uHWRlZWXxugo|
|00000380| 62 69 4d 74 57 52 65 71 54 39 54 74 30 4f 54 32 |biMtWReqT9Tt0OT2|
|00000390| 6a 33 48 6c 33 37 54 6c 55 39 4f 38 4f 37 52 33 |j3Hl37TlU9O8O7R3|
|000003a0| 31 79 6b 76 44 39 50 4b 59 77 58 4a 70 37 32 6a |1ykvD9PKYwXJp72j|
|000003b0| 78 75 6f 72 58 39 76 63 31 57 37 52 35 36 39 35 |xuorX9vc1W7R5695|
|000003c0| 4b 39 31 76 55 72 67 4e 46 2f 2f 62 6f 2b 71 41 |K91vUrgNF//bo+qA|
|000003d0| 6d 6a 68 75 68 4d 63 2f 33 74 31 67 6a 76 66 54 |mjhuhMc/3t1gjvfT|
|000003e0| 6e 37 39 65 39 50 50 54 70 38 6a 2f 4b 74 59 4f |n79e9PPTp8j/KtYO|
|000003f0| 7a 52 64 5a 66 57 6e 4c 4b 4f 62 30 34 38 55 2f |zRdZfWnLKOb048U/|
|00000400| 36 4f 69 35 52 6b 75 54 6a 37 61 6e 56 53 39 35 |6Oi5RkuTj7anVS95|
|00000410| 57 42 78 65 6e 4b 71 39 6a 79 35 65 78 65 6d 6e |WBxenKq9jy5exemn|
|00000420| 53 6e 34 73 2b 48 36 2f 39 7a 6c 39 2f 2f 64 50 |Sn4s+H6/9zl9//dP|
|00000430| 55 45 69 48 41 75 66 4d 58 74 57 72 74 6c 31 71 |UEiHAufMXtWrtl1q|
|00000440| 2b 4f 72 4c 63 66 58 77 77 2f 70 69 6b 6b 76 74 |+OrLcfXww/pikkvt|
|00000450| 34 71 4f 38 54 6d 6a 35 6c 6c 50 70 36 65 39 62 |4qO8Tmj5llPp6e9b|
|00000460| 34 63 33 54 37 39 6d 31 64 75 58 70 64 74 32 2f |4c3T79m1duXpdt2/|
|00000470| 66 4c 70 71 57 6d 5a 6d 74 37 46 75 33 79 73 78 |fLpqWmZmt7Fu3ysx|
|00000480| 33 4e 65 4f 36 4c 6c 32 2b 55 75 36 36 37 46 72 |3NeO6Ll2+Uu667Fr|
|00000490| 64 56 36 2b 42 47 51 44 63 44 51 67 41 41 42 69 |dV6+BGQDcDQgAABi|
|000004a0| 4b 6a 59 31 31 67 2f 55 43 75 48 37 39 70 6a 37 |KjY11g/UCuH79pj7|
|000004b0| 64 73 4c 4e 45 77 33 54 34 59 47 2f 31 66 4b 78 |dsLNEw3T4YG/1fKx|
|000004c0| 4c 6a 64 63 5a 46 33 2b 38 71 50 45 68 53 56 39 |LjdcZF3+8qPEhSV9|
|000004d0| 73 32 36 63 58 52 2f 6e 71 75 65 46 39 61 31 56 |s26cXR/nqueF9a1V|
|000004e0| 72 52 66 62 73 4f 31 7a 55 2b 4a 65 6b 75 49 54 |rRfbsO1zU+JekuIT|
|000004f0| 6a 4f 76 78 74 55 6f 4d 46 41 48 6c 35 65 54 72 |jOvxtUoMFAHl5eTr|
|00000500| 79 62 5a 4a 43 35 71 37 51 74 70 33 66 56 48 76 |ybZJC5q7Qtp3fVHv|
|00000510| 35 6a 47 73 33 39 49 2f 31 4f 2f 53 50 39 54 76 |5jGs39I/1O/SP9Tv|
|00000520| 6b 2b 35 76 48 46 54 7a 6a 4a 54 33 31 36 2b 35 |k+5vHFTzjJT316+5|
|00000530| 31 30 72 69 57 70 4d 73 2f 58 39 56 66 50 31 69 |10riWpMs/X9VfP1i|
|00000540| 72 4a 52 39 2f 55 65 57 51 6f 6d 6a 5a 39 41 78 |rJR9/UeWQomjZ9Ax|
|00000550| 39 45 4c 5a 52 4b 7a 2b 4e 30 74 54 66 50 71 75 |9ELZRKz+N0tTfPqu|
|00000560| 5a 72 34 32 78 61 4e 68 7a 35 74 39 70 65 75 63 |Zr42xaNhz5t9peuc|
|00000570| 76 66 39 63 2f 31 75 2b 6f 39 72 49 70 5a 39 4c |vf9c/1u+o9rIpZ9L|
|00000580| 30 78 7a 6b 66 61 39 47 53 7a 2f 54 4f 47 2b 4d |0xzkfa9GSz/TOG+M|
|00000590| 30 63 64 78 77 69 2f 61 73 53 45 34 35 70 35 43 |0cdxwi/asSE45p5C|
|000005a0| 35 4b 32 70 55 6d 79 51 6c 48 76 39 52 30 2f 35 |5K2pUmyQlHv9R0/5|
|000005b0| 37 6f 55 4c 6d 66 47 79 78 2b 6b 70 2f 2f 72 36 |7oULmfGyx+kp//r6|
|000005c0| 4f 53 31 52 63 77 76 45 36 43 77 44 69 45 6f 34 |OS1RcwvE6CwDiEo4|
|000005d0| 58 4e 66 34 6c 4b 53 62 32 69 41 37 47 48 36 74 |XNf4lKSb2iA7GH6t|
|000005e0| 79 41 4a 43 5a 6d 61 31 64 2f 2f 79 66 45 75 66 |yAJCZma1d//yfEuf|
|000005f0| 64 67 55 50 66 36 2f 2f 4f 2f 61 53 4f 44 2f 35 |dgUPf6//O/aSOD/5|
|00000600| 4b 31 36 2f 66 31 50 4c 56 57 2f 53 58 39 31 64 |K16/f1PLVW/SX91d|
|00000610| 58 47 50 79 55 5a 39 76 4f 62 37 52 74 35 7a 63 |XGPyUZ9vOb7Rt5zc|
|00000620| 61 36 76 75 45 5a 67 65 2f 49 73 39 48 33 61 76 |a6vuEZge/Is9H3av|
|00000630| 31 4f 62 70 2b 2f 61 62 65 2f 76 4e 79 66 52 43 |1Obp+/abe/vNyfRC|
|00000640| 32 73 64 4a 35 45 34 2f 2f 71 4d 64 2f 38 37 73 |2sdJ5E4//qMd/87s|
|00000650| 4b 35 32 6b 73 34 53 51 41 4e 43 61 4d 41 51 44 |K52ks4SQANCaMAQD|
|00000660| 41 63 41 70 37 41 52 52 58 48 32 4d 42 48 44 78 |AcAp7ARRXH2MBHDx|
|00000670| 30 54 4a 75 32 37 43 33 36 76 31 32 72 2b 7a 54 |0TJu27C36v12r+zT|
|00000680| 53 37 2b 6c 61 68 51 37 2f 38 55 44 62 4d 6f 38 |S7+lahQ7/8UDbMo8|
|00000690| 50 2f 48 54 44 54 76 31 63 67 79 2f 76 56 58 48 |P/HTDTv1cgy/vVXH|
|000006a0| 39 2b 6b 31 74 33 52 46 62 59 70 71 7a 59 78 75 |9+k1t3RFbYpqzYxu|
|000006b0| 35 50 66 53 72 4f 74 6c 65 5a 54 49 79 62 75 69 |5PfSrOtleZTIybui|
|000006c0| 64 50 79 2b 58 7a 39 42 70 4e 57 72 38 6c 37 62 |dPy+Xz9BpNWr8l7b|
|000006d0| 7a 6e 2f 2b 6a 59 61 50 66 31 44 74 2f 58 71 36 |zn/+jYaPf1Dt/Xq6|
|000006e0| 4d 6a 4f 6f 31 7a 71 76 69 38 4e 47 54 47 6a 37 |MjOo1zqvi8NGTGj7|
|000006f0| 36 54 62 32 33 61 47 32 31 47 2f 2f 46 5a 56 79 |6Tb23aG21G//FZVy|
|00000700| 37 6f 66 63 57 72 64 57 54 67 36 5a 71 52 2f 52 |7ofcWrdWTg6ZqR/R|
|00000710| 42 35 65 58 6c 31 61 71 75 76 4c 77 38 37 59 67 |B5eXl1aquvLw87Yg|
|00000720| 2b 71 41 46 2b 67 54 56 75 59 42 65 36 6e 4a 36 |+qAF+gTVuYBe6nJ6|
|00000730| 68 47 57 39 2f 4b 4e 2f 6e 5a 75 6a 77 30 5a 4f |hGW9/KN/nZujw0ZO|
|00000740| 31 57 70 63 6b 5a 57 56 6c 61 39 57 6e 55 65 72 |1WpckZWVla9WnUer|
|00000750| 52 64 30 4b 74 61 79 74 64 58 2f 79 52 45 37 58 |Rd0KtaytdX/yRE7X|
|00000760| 61 64 2b 61 4f 59 55 35 4f 62 6d 33 4b 71 35 43 |ad+aOYU5Obm3Kq5C|
|00000770| 35 64 56 64 6e 65 33 6c 35 65 63 72 4e 76 56 31 |5dVdne3l5ecrNvV1|
|00000780| 69 57 6b 35 4f 72 6e 4a 7a 62 79 73 6c 39 62 78 |iWk5OrnJzbysl9bx|
|00000790| 65 6d 76 52 6e 7a 58 6a 37 77 78 6f 31 2f 6f 76 |emvRnzXj7wxo1/ov|
|000007a0| 62 74 76 4d 62 44 66 43 62 72 72 43 56 45 64 57 |btvMbDfCbrrCVEdW|
|000007b0| 71 4c 2f 48 34 6a 31 72 35 61 56 53 74 74 6c 31 |qL/H4j1r5aVSttl1|
|000007c0| 63 58 4d 4a 78 66 62 5a 35 64 36 30 2f 48 77 42 |cXMJxfbZ5d60/HwB|
|000007d0| 77 4c 36 45 48 41 41 44 44 4b 61 38 58 77 4b 71 |wL6EHAADDKa8XwKq|
|000007e0| 31 55 65 72 52 76 56 4f 64 33 41 39 75 37 75 71 |1UerRvVOd3A9u7uq|
|000007f0| 2f 2f 2f 43 2b 36 74 32 7a 57 36 33 57 2b 33 43 |///C+6t2zW63W+3C|
|00000800| 58 42 38 76 63 30 68 41 64 45 36 39 39 58 78 2f |XB8vc0hAdE699Xx/|
|00000810| 56 69 46 4b 50 50 62 53 45 68 4b 4d 6e 74 58 50 |ViFKPPbSEhKMntXP|
|00000820| 33 2f 35 53 59 35 74 76 76 63 58 58 72 2f 4a 38 |3/5SY5tvvcXXr/J8|
|00000830| 57 33 31 5a 6c 2f 75 2f 73 54 77 70 38 61 33 47 |W31Zl/u/sTwp8a3G|
|00000840| 4a 33 67 6a 6d 65 44 37 69 70 67 65 63 32 71 71 |J3gjmeD7ipgec2qq|
|00000850| 37 68 35 73 6b 36 57 6a 69 4b 56 32 36 66 4c 57 |7h5sk6WjiKV26fLW|
|00000860| 6f 43 33 4e 70 47 64 64 75 61 4d 36 43 54 33 54 |oC3NpGdduaM6CT3T|
|00000870| 71 78 33 39 72 34 5a 7a 58 39 52 38 50 33 46 2f |qx39r4ZzX9R8P3F/|
|00000880| 72 57 76 4d 62 32 48 47 61 4d 75 50 39 43 72 75 |rWvMb2HGaMuP9Cru|
|00000890| 74 46 36 2f 56 78 73 5a 61 68 37 38 39 71 66 4e |tF6/VxsZah789qfN|
|000008a0| 70 6c 38 75 74 39 65 54 70 56 49 33 39 37 57 78 |pl8ut9eTpVI397Wx|
|000008b0| 39 2b 48 36 67 52 76 76 33 72 39 45 39 37 6a 6b |9+H6gRvv3r9E97jk|
|000008c0| 35 75 56 6f 54 76 6c 32 42 62 79 32 75 4d 4a 54 |5uVoTvl2Bby2uMJT|
|000008d0| 6f 37 64 56 4e 54 6f 36 74 39 64 69 6a 6e 5a 53 |o7dVNTo6t9dijnZS|
|000008e0| 56 6c 61 32 6a 69 61 64 30 39 76 78 46 48 66 6e |Vla2jiad09vxFHfn|
|000008f0| 75 6c 4e 6e 35 76 34 35 4c 56 4d 42 76 5a 79 74 |ulNn5v45LVMBvZyt|
|00000900| 73 34 53 7a 31 39 66 61 73 55 59 2b 4b 6a 49 77 |s4Sz19fasUY+KjIw|
|00000910| 62 65 76 76 50 79 2f 54 68 38 6b 30 56 7a 74 65 |bevvPy/Th8k0Vzte|
|00000920| 68 76 61 50 63 48 6d 6f 76 39 34 66 61 79 36 57 |hvaPcHmov94fay6W|
|00000930| 39 6f 31 4c 50 70 4f 6d 48 70 42 52 39 6d 33 69 |9o1LPpOmHpBR9m3i|
|00000940| 71 33 4d 62 73 31 33 47 4a 65 76 36 2f 33 74 61 |q3Mbs13GJev6/3ta|
|00000950| 43 64 31 2f 58 73 38 4f 65 71 72 4d 65 48 33 65 |Cd1/Xs8OeqrMeH3e|
|00000960| 44 34 79 66 2b 56 2b 38 74 57 71 75 34 68 4f 50 |D4yf+V+8tWqu4hOP|
|00000970| 6c 7a 74 4f 70 6f 34 73 36 46 4c 75 31 49 2b 56 |lztOpo4s6FLu1I+V|
|00000980| 4d 6d 6b 36 65 54 69 31 33 2f 73 76 70 47 5a 6f |Mmk6eTi13/svpGZo|
|00000990| 36 4d 31 52 58 4d 36 35 72 35 6d 74 6a 71 6e 52 |6M1RXM65r5mtjqnR|
|000009a0| 4c 51 50 50 6d 54 64 57 71 5a 59 74 61 68 57 4f |LQPPmTdWqZYtahWO|
|000009b0| 6c 31 65 65 34 46 41 42 77 4e 79 41 41 41 47 42 |l1ee4FABwNyAAAGB|
|000009c0| 49 35 73 59 43 32 4c 52 6c 72 31 34 63 35 61 74 |I5sYC2LRlr14c5at|
|000009d0| 2b 50 6c 34 57 33 35 36 35 71 2f 38 76 6a 76 4b |+Pl4W3565q/8vjvK|
|000009e0| 74 64 64 68 67 59 32 4d 74 2f 2b 45 2b 4a 63 4b |tddhgY2Mt/+E+JcK|
|000009f0| 4d 6a 47 73 33 46 42 47 31 54 2f 31 39 76 43 77 |MjGs3FBG1T/19vCw|
|00000a00| 61 5a 6d 52 6c 5a 57 76 54 6c 70 69 69 37 55 6a |aZmRlZWvTlpii7Uj|
|00000a10| 35 37 32 50 4d 38 77 50 71 66 52 43 39 6c 4e 54 |572PM8wPqfRC9lNT|
|00000a20| 7a 65 6e 56 57 61 49 6e 37 6a 34 73 62 36 76 75 |zenVWaIn7j4sb6vu|
|00000a30| 45 70 76 37 32 4f 54 33 78 2b 4d 4f 79 74 32 39 |Epv72OT3x+MOyt29|
|00000a40| 6c 64 70 37 72 31 32 2f 71 30 4f 45 66 74 48 7a |ldp7r12/q0OEftHz|
|00000a50| 31 46 71 33 62 46 46 33 6d 39 59 30 52 65 33 54 |1Fq3bFF3m9Y0Re3T|
|00000a60| 6a 52 71 62 2b 4e 6e 39 6d 74 65 36 78 4e 6d 66 |jRqb+Nn9mte6xNmf|
|00000a70| 66 31 30 66 4c 62 66 7a 33 39 4f 79 73 36 56 4e |f10fLbfz39Oys6VN|
|00000a80| 48 61 66 43 41 50 75 55 4f 6f 6e 62 39 2b 6b 33 |HafCAPuUOonb9+k3|
|00000a90| 74 2b 2b 5a 62 4c 66 6c 34 63 35 6d 65 44 70 66 |t++ZbLfl4c5meDpf|
|00000aa0| 54 4d 7a 51 35 63 4c 34 6b 61 63 7a 7a 41 36 72 |TMzQ5cL4kaczzA6r|
|00000ab0| 56 6b 4d 33 4c 79 39 4f 47 4c 33 61 58 32 2f 6a |VkM3Ly9OGL3aX2/j|
|00000ac0| 33 2f 63 33 6a 2b 76 32 55 55 58 72 71 69 55 66 |3/c3j+v2UUXrqiUf|
|00000ad0| 4c 50 63 59 2f 70 32 64 6f 2b 31 63 48 46 4c 59 |LPcY/p2do+1cHFLY|
|00000ae0| 79 51 76 73 50 66 46 66 69 74 5a 4f 6e 55 7a 56 |yQvsPfFfitZOnUzV|
|00000af0| 75 36 72 74 61 73 2f 51 64 39 66 58 32 72 48 4a |u6rtas/Qd9fX2rHJ|
|00000b00| 64 55 76 35 37 44 6a 49 74 31 5a 49 56 58 35 68 |dUv57DjIt1ZIVX5h|
|00000b10| 39 76 61 64 6e 5a 30 32 62 39 4c 77 47 50 4e 31 |9vadnZ02b9LwGPN1|
|00000b20| 54 6a 75 31 61 6d 33 33 66 74 32 2f 66 56 6e 4c |Tju1am33ft2/fVnL|
|00000b30| 71 65 61 33 64 73 4d 76 73 57 41 73 70 5a 39 49 |qea3dsMvsWAspZ9I|
|00000b40| 30 62 75 71 37 79 73 7a 4b 71 76 61 2b 75 31 64 |0buq7yszKqva+u1d|
|00000b50| 38 2b 2f 31 70 50 66 66 53 32 32 57 6d 46 34 34 |8+/1pPffS22WmF44|
|00000b60| 33 45 54 42 79 67 44 79 36 50 6d 53 32 70 39 4c |3ETBygDy6PmS2p9L|
|00000b70| 4e 6d 31 6c 4b 50 50 34 76 68 57 2f 38 71 74 7a |Nm1lKPP4vhW/8qtz|
|00000b80| 78 49 6f 4a 4d 59 57 70 69 31 55 51 7a 58 6e 74 |xIoJMYWpi1UQzXnt|
|00000b90| 42 54 5a 74 57 33 42 68 2f 39 47 45 33 42 55 35 |BTZtW3Bh/9GE3BU5|
|00000ba0| 39 51 58 39 2b 66 37 56 46 51 6f 42 6e 68 7a 36 |9QX9+f7VFQoBnhz6|
|00000bb0| 6c 6c 31 34 59 5a 4d 6a 6a 43 67 44 6c 34 52 59 |ll14YZMjjCgDl4RY|
|00000bc0| 41 41 49 5a 55 32 41 75 67 65 50 66 35 6a 47 73 |AAIZU2AugePf5jGs|
|00000bd0| 33 39 4f 6d 47 6e 62 70 2b 2f 61 5a 46 74 31 56 |39OmGnbp+/aZFt1V|
|00000be0| 58 56 2f 38 4c 39 65 6a 65 53 62 37 39 48 69 38 |XV/8L9ejeSb79Hi8|
|00000bf0| 78 62 64 4f 57 76 54 70 34 79 50 78 56 34 35 6f |xbdOWvTp4yPxV45o|
|00000c00| 36 65 53 70 56 58 78 55 62 39 45 32 53 2b 76 74 |6eSpVXxUb9E2S+vt|
|00000c10| 34 31 57 6f 4d 67 35 70 49 75 33 42 5a 76 77 39 |41WoMg5pIu3BZvw9|
|00000c20| 61 5a 4c 62 78 33 39 4f 7a 73 37 36 4b 57 4b 6a |aZLbx39Ozs76KWKj|
|00000c30| 49 64 66 4d 30 65 45 44 76 63 68 76 2f 6b 74 53 |IdfM0eEDvchv/ktS|
|00000c40| 79 5a 51 76 35 50 50 6d 59 31 6e 34 63 6f 6f 53 |yZQv5PPmY1n4cooS|
|00000c50| 59 46 52 72 71 2b 30 53 5a 65 61 4a 32 48 64 44 |YFRrq+0SZeaJ2HdD|
|00000c60| 76 67 78 59 70 37 63 4c 6c 47 74 66 37 77 38 6c |vgxYp7cLlGtf7w8l|
|00000c70| 6b 76 52 6d 79 74 45 7a 6a 73 30 4e 37 52 33 32 |kvRmytEzjs0N7R32|
|00000c80| 79 37 41 2f 61 76 32 4f 4a 41 6b 59 4f 72 48 41 |y7A/av2OJAkYOrHA|
|00000c90| 45 39 5a 59 74 57 32 6a 77 67 4e 36 4b 58 44 64 |E9ZYtW2jwgN6KXDd|
|00000ca0| 50 58 30 55 73 56 45 2f 50 7a 69 56 65 7a 37 68 |PX0UsVE/PziVez7h|
|00000cb0| 32 51 32 2f 39 61 5a 6e 32 66 58 32 30 57 72 58 |2Q2/9aZn2fX20WrX|
|00000cc0| 74 2b 2f 71 6f 33 76 72 54 73 6a 4b 4e 72 55 63 |t+/qo3vrTsjKNrUc|
|00000cd0| 66 37 71 68 64 58 79 7a 55 6c 35 2f 50 31 2b 41 |f7qhdXyzUl5/P1+A|
|00000ce0| 42 76 53 73 4d 65 48 37 70 59 4b 65 41 6b 51 50 |BvSsMeH7pYKeAkQP|
|00000cf0| 31 56 63 51 69 72 66 33 37 48 39 57 70 6f 30 75 |1VcQirf37H9Wpo0u|
|00000d00| 4a 31 31 50 4f 70 4f 6e 4e 6b 4b 58 36 34 57 52 |J11POpOnNkKX64WR|
|00000d10| 79 6c 65 76 4b 79 63 6e 56 52 33 2f 66 5a 4c 62 |ylevKycnVR3/fZLb|
|00000d20| 78 33 36 6d 6a 69 39 62 2b 2f 59 2f 61 76 32 4f |x36mji9b+/Y/av2O|
|00000d30| 4a 58 68 6f 39 53 45 36 4f 62 63 70 74 34 44 56 |JXho9SE6Obcpt4DV|
|00000d40| 70 30 6b 51 50 75 6a 36 67 50 2f 7a 33 4f 42 33 |p0kQPuj6gP/z3OB3|
|00000d50| 5a 76 31 70 76 7a 58 68 4a 64 71 33 75 4b 7a 46 |Zv1pvzXhJdq3uKzF|
|00000d60| 50 54 66 66 64 76 63 71 75 31 58 31 36 63 2f 70 |PTffdvcqu1X16c/p|
|00000d70| 59 66 58 2f 77 45 79 32 61 39 33 73 39 33 71 4e |YfX/wEy2a93s93qN|
|00000d80| 72 75 62 63 70 74 57 68 68 6f 38 64 37 64 4e 57 |rubcptWhho8d7dNW|
|00000d90| 69 65 62 2f 58 69 66 68 31 65 6e 50 36 32 44 4c |ieb/Xifh1enP62DL|
|00000da0| 37 56 35 4c 2b 39 76 45 6d 78 5a 59 4b 68 38 78 |7V5L+9vEmxZYKh8x|
|00000db0| 70 31 71 79 70 33 76 68 39 67 4b 37 2b 65 35 66 |p1qyp3vh9gK7+e5f|
|00000dc0| 79 30 6d 4f 4c 66 6d 36 63 32 36 31 4a 34 30 61 |y0mOLfm6c261J40a|
|00000dd0| 55 6d 50 66 52 68 7a 76 71 78 4b 48 77 45 76 4f |UmPfRhzvqxKHwEvO|
|00000de0| 56 2f 74 6e 38 36 5a 78 61 68 33 63 41 63 4b 38 |V/tn86Zxah3cAcK8|
|00000df0| 68 41 41 42 67 57 4f 62 47 41 71 69 4c 68 6e 50 |hAABgWObGAqiLhnP|
|00000e00| 70 62 76 4f 57 76 6d 72 65 73 6d 55 4c 76 54 6a |pbvOWvmresmULvTj|
|00000e10| 4b 74 38 51 58 37 34 78 72 4e 37 51 78 59 6f 39 |Kt8QX74xrN7QxYo9|
|00000e20| 75 33 73 79 79 79 44 5a 79 63 33 50 31 65 57 53 |u3syyyDZyc3P1eWS|
|00000e30| 4d 66 6b 68 4b 4b 54 48 64 66 37 68 50 76 54 37 |MfkhKKTHdf7hPvT7|
|00000e40| 36 4b 79 63 6e 56 34 76 44 4e 70 59 59 65 4b 33 |6KycnV4vDNpYYeK3|
|00000e50| 51 31 46 65 65 31 59 37 4e 43 39 54 66 70 32 65 |Q1Fee1Y7NC9Tfp2e|
|00000e60| 31 75 73 4a 62 57 56 6e 70 73 65 36 64 46 50 36 |1usJbWVnpse6dFP6|
|00000e70| 78 53 55 48 54 58 79 7a 7a 65 75 53 58 73 66 72 |xSUHTXyzzeuSXsfr|
|00000e80| 37 6d 69 30 31 75 72 66 37 35 2f 51 4d 68 63 78 |7mi01urf75/QMhcx|
|00000e90| 64 55 61 5a 72 64 61 38 65 58 62 58 70 6b 33 66 |dUaZrda8eXbXpk3f|
|00000ea0| 31 34 67 75 2b 31 58 6f 43 52 4a 4d 6d 54 64 54 |14gu+1XoCRJMmTdT|
|00000eb0| 66 70 36 65 32 72 48 39 50 4c 37 33 67 57 2b 4b |fp6e2rH9PL73gW+K|
|00000ec0| 31 6c 44 4e 70 32 76 44 46 50 35 57 5a 6d 56 32 |1lDNp2vDFP5WZmV2|
|00000ed0| 6c 64 53 57 6e 6e 4e 50 62 66 31 35 65 4a 70 67 |ldSWnnNPbf15eJpg|
|00000ee0| 59 4d 72 43 50 49 73 50 6e 61 63 44 54 31 64 75 |YMrCPIsPnacDT1du|
|00000ef0| 50 4e 6a 62 57 43 68 67 35 55 42 48 68 63 7a 58 |PNjbWChg5UBHhczX|
|00000f00| 77 36 5a 34 6c 58 6f 74 4c 4f 4b 36 49 71 50 31 |w6Z4lXotLOK6IqP1|
|00000f10| 56 57 6b 39 68 72 34 52 33 35 2f 2b 6a 7a 47 76 |VWk9hr4R35/+jzGv|
|00000f20| 50 44 6e 31 4b 4f 7a 63 76 55 4d 44 49 67 64 56 |PDn1KOzcvUMDIgdV|
|00000f30| 2b 63 73 59 76 48 65 7a 30 6c 7a 39 4d 31 50 62 |+csYvHez0lz9M1Pb|
|00000f40| 50 35 2b 76 52 68 7a 75 57 65 4b 30 6d 49 63 57 |P5+vRhzuWeK0mIcW|
|00000f50| 39 71 45 4e 37 52 36 33 34 4b 45 68 7a 2f 6a 68 |9qEN7R634KEhz/jh|
|00000f60| 4a 7a 6b 37 56 65 35 7a 6f 2f 57 30 64 4e 4f 65 |Jzk7Ve5zo/W0dNOe|
|00000f70| 50 6b 37 54 69 6f 36 41 53 74 77 70 49 2b 66 76 |Pk7Tio6AStwpI+fv|
|00000f80| 33 67 37 43 4e 2b 75 6c 69 75 69 58 4c 42 51 44 |3g7CN+uliuiXLBQD|
|00000f90| 55 41 41 45 41 41 4d 4f 71 6a 31 34 41 4e 32 39 |UAAEAAMOqj14AN29|
|00000fa0| 6d 4b 58 7a 6a 56 79 57 36 7a 54 38 37 39 43 6e |mKXzjVyW6zT879Cn|
|00000fb0| 31 39 72 4c 4d 31 66 39 43 76 58 74 32 6b 33 2b |19rLM1f9CvXt2k3+|
|00000fc0| 70 6b 66 2b 33 62 49 39 56 34 76 46 2f 57 57 54 |pkf+3bI9V4vF/WWT|
|00000fd0| 39 71 57 66 53 74 4f 75 66 4a 65 2f 39 37 2b 2f |9qWfStOufJe/97+/|
|00000fe0| 6a 70 64 38 38 39 5a 68 46 31 6c 39 56 2f 39 79 |jpd889ZhF1l9V/9y|
|00000ff0| 58 59 50 5a 2b 63 46 50 51 42 4d 33 2f 79 32 74 |XYPZ+cFPQBM3/y2t|
|00001000| 71 2f 63 74 66 31 48 6a 64 64 6e 62 33 36 63 2f |q/ctf1Hjddnb36c/|
|00001010| 76 2f 45 37 7a 54 4a 50 4c 76 50 62 58 44 38 4c |v/E7zTJPLvPbXD8L|
|00001020| 31 7a 33 30 4a 31 56 70 66 58 6c 36 65 50 6f 2f |1z30J1VpfXl6ePo/|
|00001030| 59 55 32 61 4d 67 6c 34 39 75 75 72 6a 44 34 50 |YU2aMgl49uurjD4P|
|00001040| 55 6f 33 76 6e 63 70 61 73 6e 4a 4e 6a 47 2f 31 |Uo3vncpasnJNjG/1|
|00001050| 74 2f 6b 78 4e 6d 65 42 58 59 72 70 37 78 2f 61 |t/kxNmeBXYrp7x/a|
|00001060| 79 73 61 6e 38 73 57 63 35 4f 62 6e 36 2b 35 6f |ysan8sWc5Obn6+5o|
|00001070| 74 4a 55 61 55 6c 36 51 52 7a 33 68 72 32 61 4c |tJUaUl6QRz3hr2aL|
|00001080| 2f 72 74 56 56 30 38 37 75 48 62 54 79 62 32 39 |/rtVV087uHbTyb29|
|00001090| 70 78 44 50 65 52 64 50 73 57 74 32 6e 72 6c 55 |pxDPeRdPsWt2nrlU|
|000010a0| 63 69 66 33 30 6a 2f 2f 57 34 72 44 50 79 2f 52 |cif30j//W4rDPy/R|
|000010b0| 4b 47 4f 6e 33 74 4a 59 75 6d 46 57 72 32 71 79 |KGOn3tJYumFWr2qy|
|000010c0| 73 72 50 54 72 33 6f 39 6f 78 55 64 42 36 74 57 |srPTr3o9oxUdB6tW|
|000010d0| 6a 61 34 6e 58 34 68 4b 4f 61 38 55 6e 32 35 53 |ja4nX4hKOa8Un25S|
|000010e0| 56 56 62 55 41 35 56 37 54 6f 62 32 6a 6c 69 35 |VVbUA5V7Tob2jli5|
|000010f0| 34 51 38 2b 50 65 4c 70 47 59 30 6c 49 2b 51 48 |4Q8+PeLpGY0lI+QH|
|00001100| 56 38 79 4f 65 31 70 77 2f 54 69 72 54 45 2b 43 |V8yOe1pw/TirTE+C|
|00001110| 4c 62 66 76 4b 2f 41 34 42 41 4e 51 2f 41 67 41 |LbfvK/A4BANQ/AgA|
|00001120| 41 68 6c 62 58 76 51 41 4f 48 66 35 42 57 37 62 |AhlbXvQAOHf5BW7b|
|00001130| 66 75 56 70 74 31 2b 6f 2b 6a 52 30 31 55 4c 2f |fuVpt1+o+jR01UL/|
|00001140| 34 52 55 75 4c 72 4c 39 51 79 2f 39 6e 37 37 37 |4RUuLrL9Qy/9n777|
|00001150| 6a 71 71 34 58 50 34 36 2f 43 54 73 34 51 45 6c |jqq4XP46/CTs4QEl|
|00001160| 4d 77 42 4c 49 42 50 65 57 6f 4e 79 4b 75 62 71 |MwBLIBPeWoNyKubq|
|00001170| 75 58 4b 57 57 32 62 6a 61 63 6e 51 74 73 32 56 |uXKWW2bjacnQts2V|
|00001180| 6c 4e 38 74 75 61 76 66 2b 31 4c 70 6c 6c 69 4e |lN8tuavf+1LplliN|
|00001190| 6e 6a 6e 49 56 37 68 47 47 75 53 64 34 56 54 42 |njnIV7hGGuSd4VTB|
|000011a0| 6c 4a 41 59 63 52 41 35 6c 2f 50 35 41 6c 4d 4d |lJAYcRA5l/P5AlMM|
|000011b0| 35 79 47 45 65 39 66 74 36 50 68 34 2b 48 76 45 |5yGEe9ft6Ph4+HvE|
|000011c0| 35 33 2f 45 35 58 77 37 42 35 2f 31 5a 6c 53 72 |53/E5Xw7B5/1ZlSr|
|000011d0| 6f 6b 58 36 64 72 66 37 6f 6a 6b 74 49 30 76 7a |okX6drf7ojktI0vz|
|000011e0| 46 50 78 53 37 51 5a 4f 56 6c 61 58 6c 33 32 2b |FPxS7QZOVlaXl32+|
|000011f0| 31 36 63 56 2b 71 4d 73 44 38 73 6d 7a 41 30 46 |16cV+qMsD8smzA0F|
|00001200| 70 2b 6a 33 5a 72 4d 2b 2f 2f 73 36 6d 59 66 6a |p+j3ZrM+//s6mYfj|
|00001210| 73 6b 33 33 30 6a 78 63 65 4b 5a 45 74 48 4d 75 |sk330jxceKZEtHMu|
|00001220| 56 63 39 58 7a 54 31 6e 32 4b 59 30 41 41 43 41 |Vc9XzT1n2KY0AACA|
|00001230| 41 53 55 52 42 56 44 2b 73 5a 35 2f 73 59 31 56 |ASURBVD+sZ5/sY1V|
|00001240| 75 54 6b 76 58 35 31 39 2f 56 36 6a 64 46 57 4a |uTkvX519/V6jdFWJ|
|00001250| 69 34 2f 58 56 4e 32 75 74 79 6a 7a 63 4b 2b 71 |i4/XVN2utyjzcK+q|
|00001260| 64 31 35 35 53 77 2f 71 31 69 6c 31 58 44 34 2b |d155Sw/q1il1XD4+|
|00001270| 4b 6d 76 54 47 4d 33 72 74 70 63 66 55 71 48 34 |KmvTGM3rtpcfUqH4|
|00001280| 74 76 66 2f 57 33 2f 58 4d 73 46 34 4f 7a 58 66 |tvf/W3/XMsF4OzXf|
|00001290| 65 64 7a 42 61 38 35 66 38 59 46 56 57 4c 38 68 |edzBa85f8YFVWL8h|
|000012a0| 66 37 30 78 34 71 6b 51 57 50 62 79 72 78 70 33 |f70x4qkQWPbyrxp3|
|000012b0| 36 39 34 64 6a 39 50 54 6a 66 31 4f 6a 2b 72 58 |694dj9PTjf1Oj+rX|
|000012c0| 30 66 78 2b 4e 56 51 38 37 55 79 7a 79 75 6e 7a |0fx+NVQ87Uyzyunz|
|000012d0| 35 73 75 59 75 58 47 2f 7a 57 65 76 51 70 72 6d |5suYuXG/zWevQprm|
|000012e0| 6d 2f 76 4e 46 65 56 65 76 57 75 79 36 53 56 4b |m/vNFeVevWuy6SVK|
|000012f0| 4c 70 6e 58 31 77 64 73 6a 62 58 71 71 50 35 75 |LpnX1wdsjbXqqP5u|
|00001300| 7a 79 71 47 68 36 72 65 69 35 35 35 36 57 41 39 |zyqGh6rei5556WA9|
|00001310| 32 44 43 37 32 66 48 6b 58 46 78 63 4e 36 4e 4e |2DC72fHkXFxcN6NN|
|00001320| 4a 4c 34 39 36 31 4f 61 31 5a 61 73 32 6c 39 6f |JL4961Oa1Zas2l9o|
|00001330| 4f 4a 51 41 41 78 78 41 41 41 44 43 30 30 68 77 |OJQAAxxAAADC00hw|
|00001340| 46 59 4b 2f 33 76 32 74 59 53 4b 6e 4e 6d 51 39 |FYK/3v2tYSKnNmQ9|
|00001350| 75 58 6b 39 64 77 30 4b 73 79 6c 61 75 32 61 61 |uXk9dw0Ksylau2aa|
|00001360| 44 52 30 34 57 36 37 72 78 43 55 6c 61 47 78 35 |DR04W67rxCUlaGx5|
|00001370| 68 56 52 62 53 6f 72 35 36 64 6d 74 64 70 6f 74 |hVRbSor56dmtdpot|
|00001380| 72 62 64 71 36 78 36 59 33 76 56 56 49 49 34 31 |rbdq6x6Y3vVVII41|
|00001390| 37 38 64 45 53 58 59 53 77 55 71 55 4b 65 75 50 |78dESXYSwUqUKeuP|
|000013a0| 6c 59 65 72 78 34 50 31 57 35 55 74 57 62 4e 4b |lYerx4P1W5UtWbNK|
|000013b0| 6d 72 58 73 63 76 73 36 47 4c 62 2f 59 39 4c 41 |mrXscvs6GLb/Y9LA|
|000013c0| 2f 4d 36 79 6e 32 72 56 71 57 69 4c 31 6c 4b 53 |/M6yn2rVqWiL1lKS|
|000013d0| 71 64 31 54 57 70 44 65 65 30 59 47 64 58 32 76 |qd1TWpDee0YGdX2v|
|000013e0| 38 6d 4b 45 4f 68 53 43 58 4c 31 2f 57 71 6a 58 |8mKEOhSCXL1/WqjX|
|000013f0| 62 62 59 62 2b 2f 2f 32 4a 58 6d 72 55 34 4e 34 |bbYb+//2JXmrU4N4|
|00001400| 53 71 31 76 4e 75 37 33 31 32 66 52 58 64 47 44 |Sq1vNu7312fRXdGD|
|00001410| 6e 31 78 6f 36 71 4b 74 44 71 37 45 66 69 34 72 |n1xo6qKtDq7Efi4r|
|00001420| 56 30 70 58 57 33 32 4e 66 62 79 2b 39 2f 6f 2f |V0pXW32Nfby+9/o/|
|00001430| 48 53 79 53 59 79 4b 33 31 2f 59 33 31 33 46 4d |HSySYyK31/Y313FM|
|00001440| 50 57 35 57 56 31 6a 6f 67 4e 37 6f 4f 62 5a 72 |PW5WV1jogN7oObZr|
|00001450| 72 30 66 36 64 43 31 79 6b 7a 31 48 6c 79 72 6c |r0f6dC1ykz1Hlyrl|
|00001460| 71 63 50 38 48 62 55 5a 5a 52 45 51 65 31 73 6e |qcP8HbUZZREQe1sn|
|00001470| 54 5a 30 76 6b 48 67 43 41 6f 69 45 41 41 47 42 |TZ0vkHgCAoiEAAGB|
|00001480| 34 70 54 55 4b 77 47 37 76 66 77 47 4c 76 52 58 |4pTUKwG7vfwGLvRX|
|00001490| 48 48 5a 34 65 47 74 7a 2f 51 61 74 52 41 44 46 |HHZ4eGtz/QatRADF|
|000014a0| 6e 45 72 54 38 75 79 33 46 32 70 74 38 7a 51 38 |nErT8uy3F2pt8zQ8|
|000014b0| 52 43 74 2b 38 32 36 72 73 77 59 37 33 79 53 39 |RCt+826rswY73yS9|
|000014c0| 50 37 32 6c 70 75 6e 6a 78 6b 72 35 62 5a 7a 76 |P72lpunjxkr5bZzv|
|000014d0| 76 66 2b 53 54 66 52 54 67 37 31 76 69 39 2f 50 |vf+STfRTg71vi9/P|
|000014e0| 78 39 74 4c 54 6a 2f 65 30 47 63 62 38 33 62 72 |x9tLTj/e0Gcb83br|
|000014f0| 74 44 6a 55 4f 55 31 4c 53 74 47 36 44 64 57 68 |tDjUOU1LStG6DdWh|
|00001500| 53 4c 38 68 66 6a 77 33 71 57 75 69 35 36 79 58 |SL8hfjw3qWui56yX|
|00001510| 74 31 37 4f 2f 61 63 4d 57 36 2b 39 6e 68 7a 62 |t17O/acMW6+9nhzb|
|00001520| 4e 31 61 39 58 42 36 65 76 6c 72 34 39 59 72 2f |N1a9XB6evlr49Yr/|
|00001530| 4e 4f 68 4f 50 39 75 2b 73 56 71 47 4e 53 76 78 |NOhOP9u+sVqGNSvx|
|00001540| 65 72 71 36 75 65 72 52 2f 5a 33 56 6f 59 7a 32 |erq6uerR/Z3VoYz2|
|00001550| 4e 5a 55 66 45 51 66 33 76 6c 4c 45 61 71 51 39 |NZUfEQf3vlLEaqQ9|
|00001560| 31 65 55 41 31 66 41 73 33 35 37 38 67 66 6a 57 |1eUA1fAs3578gfjW|
|00001570| 39 39 57 42 48 36 38 56 4a 34 78 4b 53 74 48 76 |99WBH68VJ4xKStHv|
|00001580| 76 73 52 4b 39 44 77 43 67 63 41 67 41 41 42 68 |vsRK9DwCgcAgAABh|
|00001590| 65 61 59 77 43 73 4c 64 6c 58 74 65 77 45 4c 55 |eaYwCsLdlXtewELU|
|000015a0| 74 77 64 35 66 65 39 71 32 61 71 71 77 50 4e 73 |twd5fe9q2aqqwPNs|
|000015b0| 59 4c 76 39 2b 71 34 35 48 35 37 39 66 39 2f 58 |YLv9+q45H579f9/X|
|000015c0| 38 6e 6d 7a 57 36 68 2b 73 74 35 32 72 46 2b 53 |8nmzW6h+st52rF+S|
|000015d0| 76 67 58 30 37 6c 56 68 76 6f 53 4e 4f 78 38 5a |vgX07lVhvoSNOx8Z|
|000015e0| 72 31 32 37 72 59 65 46 39 48 6d 71 72 37 6e 6c |r127rYeF9Hmqr7nl|
|000015f0| 36 36 55 75 53 76 57 66 70 61 4f 50 77 78 4b 6c |66UuSvWfpaOPwxKl|
|00001600| 66 74 53 50 43 75 76 65 2f 63 34 64 67 31 51 6e |ftSPCuve/c4dg1Qn|
|00001610| 30 79 2b 65 4d 73 72 50 2f 30 41 6e 74 2f 50 6d |0y+eMsrP/0Ant/Pm|
|00001620| 51 56 56 6c 70 4e 41 41 4c 79 32 78 4f 74 33 6c |QVVlpNAALy2xOt3l|
|00001630| 6d 76 74 35 65 47 74 43 6e 59 36 6d 46 4a 6a 56 |mvt5eGtCnY6mFJjV|
|00001640| 38 71 39 6e 73 2f 68 42 39 38 6c 64 74 32 46 4b |8q9ns/hB98ldt2FK|
|00001650| 34 39 52 35 75 64 69 32 62 31 53 33 78 38 4d 66 |49R5udi2b1S3x8Mf|
|00001660| 56 31 64 58 6d 35 30 66 4b 33 6b 30 6b 4d 2f 4f |V1dXm50fK3k0kM/O|
|00001670| 50 45 72 30 58 41 4d 42 78 42 41 41 41 6f 4a 49 |PEr0XAMBxBAAAoJI|
|00001680| 66 42 62 44 2f 30 41 6d 62 34 65 71 44 2b 6f 61 |fBbD/0Amb4eqD+oa|
|00001690| 56 2b 6f 72 35 64 33 68 36 61 4d 67 41 36 39 58 |V+or5d3h6aMgA69X|
|000016a0| 68 6a 30 62 46 61 4e 47 33 47 33 54 35 63 75 46 |hj0bFaNG3G3T5cuF|
|000016b0| 48 41 57 7a 64 73 63 2b 6d 39 37 39 7a 68 32 44 |HAWzdsc+m979zh2D|
|000016c0| 56 72 6e 56 58 73 65 70 5a 57 49 65 4f 6e 72 54 |VrnVXsepZWIeOnrT|
|000016d0| 70 47 57 35 7a 66 35 4e 53 66 5a 35 33 65 48 72 |pGW5zf5NSfZ53eHr|
|000016e0| 59 62 4b 38 59 66 66 4a 58 68 36 5a 55 48 44 35 |YbK8YffJXh6ZUHD5|
|000016f0| 36 79 69 72 38 6b 61 54 37 57 74 52 33 65 75 39 |6yir8kaT7WtR3eu9|
|00001700| 2f 56 6c 61 57 39 75 77 2f 62 6c 58 6d 34 56 35 |/VlaW9uw/blXm4V5|
|00001710| 52 49 53 33 72 4f 37 33 33 2f 31 7a 38 65 52 30 |RIS3rO733/1z8eR0|
|00001720| 34 62 4c 31 6f 5a 56 6a 37 6c 71 6f 58 35 4e 6a |4bL1oZVj7lqoX5Nj|
|00001730| 69 67 55 58 68 34 75 4b 69 73 50 59 74 46 56 6a |igUXh4uKisPYtFVj|
|00001740| 72 62 71 76 79 49 38 64 50 4b 54 30 39 6f 39 54 |rbqvyI8dPKT09o9T|
|00001750| 75 65 79 4e 70 56 4c 2b 57 71 74 39 35 52 36 6c |ueyNpVL+Wqt95R6l|
|00001760| 63 75 34 5a 76 4e 62 56 6f 57 73 65 71 4c 4f 72 |cu4ZvNbVoWseqLOr|
|00001770| 45 47 56 30 30 79 4c 4d 46 67 42 73 52 41 51 41 |EGV00yLMFgBsRAQA|
|00001780| 41 4b 50 39 52 41 46 38 76 58 4b 66 55 31 49 75 |AKP9RAF8vXKfU1Iu|
|00001790| 46 75 70 62 46 6b 71 6e 35 69 33 2b 77 57 66 6d |FupbFkqn5i3+wWfm|
|000017a0| 2f 51 78 6d 74 6d 4e 2f 36 2f 73 62 71 32 61 32 |/QxmtmN/6/sbq2a2|
|000017b0| 31 56 64 6d 71 74 64 74 31 34 6d 54 68 68 6a 56 |1Vdmqtdt14mThhjV|
|000017c0| 66 76 48 68 4a 4b 31 5a 76 74 56 70 30 7a 39 66 |fvHhJK1ZvtVp0z9f|
|000017d0| 62 53 34 4d 48 46 48 34 4c 74 75 4c 49 79 73 71 |bS4MHFH4LtuLIysq|
|000017e0| 79 32 5a 37 4e 31 39 74 4c 62 56 73 31 4b 66 56 |y2Z7N19tLbVs1KfV|
|000017f0| 37 74 32 78 57 31 2b 6f 7a 49 57 55 33 37 71 38 |7t2xW1+ozIWU37q8|
|00001800| 58 70 6c 79 2b 66 46 6e 48 6f 71 78 48 58 41 54 |Xply+fFnHoqxHXAT|
|00001810| 57 75 6c 75 4e 53 6d 44 68 76 2b 4a 4b 53 37 75 |WuluNSmDhv+JKS7u|
|00001820| 6b 6b 36 66 50 57 5a 57 31 61 46 70 48 39 2f 6a |kk6fPWZW1aFpH9/j|
|00001830| 58 63 46 4b 4e 72 6b 6c 49 76 4b 44 39 68 30 35 |XcFKNrklIvKD9h05|
|00001840| 59 6c 54 56 72 48 43 51 50 44 39 74 39 35 55 75 |YlTVrHCQPD9t95Uu|
|00001850| 53 66 30 30 66 4e 57 6c 6b 76 53 33 67 69 5a 4e |Sf00fNWlkvS3giZN|
|00001860| 6e 6c 5a 79 53 56 71 72 33 76 56 48 63 64 74 74 |nlZySVqr3vVHcdtt|
|00001870| 74 70 52 62 2b 33 4f 48 70 6f 57 70 56 71 31 69 |tpRb+3OHpoWpVq1i|
|00001880| 56 57 54 4c 2f 4b 4e 61 55 4a 41 42 41 38 52 41 |VWTL/KNaUJABA8RA|
|00001890| 41 41 4d 41 56 39 6b 59 42 4c 50 39 2b 71 79 4a |AAMAV9kYBLP9+qyJ|
|000018a0| 32 46 32 34 55 67 4c 33 65 2f 79 45 44 75 70 52 |2F24UgL3e/yEDupR|
|000018b0| 36 37 33 2b 4f 36 6e 66 65 6f 51 46 39 4f 74 72 |673+O6nfeoQF9Otr|
|000018c0| 55 61 66 58 36 6e 63 72 4b 79 6e 4c 34 4f 6f 65 |UafX6ncrKynL4Ooe|
|000018d0| 50 6e 64 4c 36 44 64 62 62 64 6e 58 70 64 4a 38 |PndL6DdbbdnXpdJ8|
|000018e0| 61 31 4c 32 6e 52 4f 72 70 71 49 79 4d 54 4d 55 |a1L2nROrpqIyMTMU|
|000018f0| 6e 58 4c 41 71 71 78 50 6f 4a 31 2f 76 30 68 2b |nXLAqqxPoJ1/v0h+|
|00001900| 79 37 75 74 64 7a 57 62 59 2f 71 2f 6e 45 70 57 |y7utdzWbY/q/nEpW|
|00001910| 65 62 73 6e 33 6e 4d 7a 4d 50 33 58 68 39 31 53 |ebsn3nMzMP3Xh91S|
|00001920| 72 4d 6e 38 2f 6e 30 4c 76 71 31 34 61 4d 76 2f |rMn8/n0Lvq14aMv/|
|00001930| 34 51 34 6d 2f 2f 57 35 56 56 72 76 57 58 66 4b |4Q4m//W5VVrvWXfK|
|00001940| 73 34 75 36 6b 47 6c 31 7a 35 6d 79 69 54 56 6c |s4u6kGl1z5myiTVl|
|00001950| 4a 37 4a 5a 51 45 48 66 33 43 67 71 73 56 64 4f |J7JZQEHf3CgqsVdO|
|00001960| 71 37 4f 79 35 33 33 51 2b 69 54 33 72 69 36 74 |q7Oy533Q+iT3ri6t|
|00001970| 43 65 54 66 56 76 4c 75 36 56 64 6c 76 35 35 4e |CeTfVvLu6Vdlv55N|
|00001980| 74 66 6a 34 41 41 47 57 48 41 41 41 41 72 73 68 |tfj4AAGWHAAAArsh|
|00001990| 76 46 4d 44 38 78 54 38 34 50 41 72 41 58 75 39 |vFMD8xT84PArAXu9|
|000019a0| 2f 7a 32 36 74 31 66 72 2b 78 69 56 65 33 2b 76 |/z26t1fr+xiVe3+v|
|000019b0| 70 32 4c 61 35 7a 66 7a 62 62 37 2f 62 6f 70 6a |p2La5zfzbb7/bopj|
|000019c0| 59 65 49 66 4f 74 2f 63 2b 50 4e 77 72 36 70 46 |YeIfOt/c+PNwr6pF|
|000019d0| 2b 6e 55 74 30 78 58 31 48 70 46 2f 4b 30 4f 6e |+nUt0xX1HpF/K0On|
|000019e0| 59 4f 4b 75 79 61 6c 35 56 56 4b 6c 69 2b 56 4b |YOKuyal5VVKli+VK|
|000019f0| 2f 74 34 64 37 52 64 57 38 79 37 6f 42 6b 2f 6a |/t4d7RdW8y7oBk/j|
|00001a00| 62 37 38 72 38 49 2f 38 35 7a 50 62 71 36 31 6e |b78r8I/85zPbq61n|
|00001a10| 46 58 61 62 62 79 35 56 4b 48 51 76 6a 66 46 4b |FXabby5VKHQvjfFK|
|00001a20| 4b 34 68 4f 74 77 78 51 50 39 34 6f 4f 72 64 42 |K4hOtwxQP94oOrdB|
|00001a30| 66 32 76 4b 4f 54 50 44 31 39 6c 4c 56 4f 30 6f |f2vKOTPD19lLVO0o|
|00001a40| 2f 4e 48 4e 31 64 5a 57 2f 6e 2f 57 43 6c 74 45 |/NHN1dZW/n/WCltE|
|00001a50| 6e 66 37 58 5a 62 68 4b 46 35 2b 4c 69 49 74 66 |nf7XZbhKF5+LiItf|
|00001a60| 62 6e 50 2f 5a 41 67 42 63 51 77 41 41 41 4c 6b |bnP/ZAgBcQwAAALk|
|00001a70| 55 64 78 53 41 76 64 37 2f 41 58 30 36 6c 74 6f |UdxSAvd7/AX06lto|
|00001a80| 63 32 2f 7a 34 2b 6c 54 54 6f 4c 35 68 56 6d 55 |c2/z4+lTToL5hVmU|
|00001a90| 37 64 68 33 55 6a 35 73 69 48 52 6f 46 63 4f 4c |7dh3Uj5siHRoFcOL|
|00001aa0| 6b 57 66 32 34 4b 64 4b 71 4c 4b 78 39 79 31 4c |kWf24KdKqLKx9y1L|
|00001ab0| 62 77 72 43 77 76 4f 36 6f 49 70 50 70 39 6c 4b |bwrCwvO6oIpPp9lK|
|00001ac0| 2f 54 37 6c 79 72 71 70 59 77 54 70 6f 73 47 54 |/T7lyrqpYwTposGT|
|00001ad0| 2b 49 59 75 6c 63 49 75 59 6c 56 56 39 69 2b 49 |+IYulcIuYlVV9i+I|
|00001ae0| 4f 7a 38 6f 33 5a 4e 32 71 33 33 6d 48 33 43 75 |Oz8o3ZN2q33mH3Cu|
|00001af0| 56 37 76 44 2f 48 50 62 75 6b 33 53 42 58 6d 6f |V7vD/HPbuk3SBXmo|
|00001b00| 41 77 4b 32 48 41 41 41 41 63 69 6e 4f 4b 41 43 |AwK2HAAAAcinOKAC|
|00001b10| 4c 4a 56 4f 4c 6c 32 2b 30 36 66 33 76 33 43 47 |LJVOLl2+06f3v3CG|
|00001b20| 34 31 4f 70 37 50 56 33 44 51 6d 79 32 4f 46 75 |41Op7PV3DQmy2OFu|
|00001b30| 38 59 71 50 69 38 79 78 4f 6c 39 66 6c 79 35 65 |8YqPi8yxOl9fly5e|
|00001b40| 31 36 4e 73 4e 4e 6f 76 75 50 64 79 7a 66 5a 6c |16NsNNovuPdyzfZl|
|00001b50| 4e 59 37 69 52 2f 5a 35 73 70 6e 66 59 41 50 67 |NY7iR/Z5spnfYAPg|
|00001b60| 65 41 77 42 75 52 51 51 41 41 4a 42 48 55 55 63 |eAwBuRQQAAJBHUUc|
|00001b70| 42 48 44 78 79 55 6b 74 58 57 76 66 2b 39 2b 7a |BHDxyUktXWvf+9+z|
|00001b80| 57 75 73 78 37 2f 33 50 55 38 4b 32 6d 52 78 36 |Wusx7/3PU8K2mRx6|
|00001b90| 32 48 67 55 51 76 6e 6d 33 31 76 77 51 6b 63 38 |2HgUQvnm31vwQkc8|
|00001ba0| 5a 32 57 4c 50 4a 4f 69 48 6a 64 5a 7a 2f 38 50 |Z2WLPJOiHjdZz/8P|
|00001bb0| 61 74 31 54 48 4d 6c 72 45 30 42 47 58 2f 37 70 |at1THMlrE0BGX/7p|
|00001bc0| 63 71 50 55 4d 6e 4f 31 47 72 75 2f 6c 79 7a 64 |cqPUMnO1Gru/lyzd|
|00001bd0| 6d 33 66 37 36 36 79 2b 6e 31 73 74 5a 50 37 63 |m3f766y+n1stZP7c|
|00001be0| 41 41 4a 51 6d 41 67 41 41 79 4b 4d 6f 6f 77 41 |AAJQmAgAAyKMoowA|
|00001bf0| 73 6c 6b 77 74 58 42 61 75 6d 44 4d 4a 56 38 76 |slkwtXBaumDMJV8v|
|00001c00| 43 32 72 64 55 39 77 64 44 53 37 32 2b 2b 58 46 |C2rdU9wdDS72++XF|
|00001c10| 78 63 56 48 6e 44 73 46 71 46 64 4c 49 71 6e 7a |xcVHnDsFqFdLIqnz|
|00001c20| 56 32 75 30 32 43 38 48 6c 79 4d 72 4b 30 71 71 |V2u02C8HlyMrK0qq|
|00001c30| 31 32 37 58 72 6c 79 4e 57 35 51 39 31 65 55 41 |127XrlyNW5Q91eUA|
|00001c40| 2b 65 56 62 44 4c 79 75 6d 32 32 2b 33 61 59 79 |+eVbDLyum22+3aYy|
|00001c50| 64 2b 54 56 52 6c 7a 4c 79 58 34 69 76 70 4e 69 |d+TVRlzLyX4ivpNi|
|00001c60| 62 7a 31 38 51 5a 39 61 33 49 42 37 75 46 57 31 |bz18QZ9a3IB7uFW1|
|00001c70| 47 63 63 51 6e 58 46 42 47 52 71 61 54 61 6e 53 |GccQnXFBGRqaTanS|
|00001c80| 4e 65 35 36 31 4a 51 34 65 4f 61 6d 6b 43 79 6c |Ne561JQ4eOamkCyl|
|00001c90| 6c 63 75 2b 38 36 77 39 49 55 73 55 4b 62 6d 56 |lcu+86w9IUsUKbmV|
|00001ca0| 79 62 77 41 41 79 68 49 42 41 41 44 59 55 64 68 |ybwAAyhIBAADYUdh|
|00001cb0| 52 41 50 5a 36 2f 77 66 31 44 58 50 36 79 75 2f |RAPZ6/wf1DXP6yu/|
|00001cc0| 2b 66 6a 37 71 2b 37 64 32 56 6d 57 72 31 6d 37 |+fj7q+7d2VmWr1m7|
|00001cd0| 58 39 70 38 4f 32 44 30 2b 50 69 46 4a 33 36 2f |X9p8O2D0+PiFJ36/|
|00001ce0| 66 61 56 55 57 30 71 4b 2b 65 6e 5a 72 37 62 52 |faVUW0qK+enZr7bR|
|00001cf0| 39 34 6d 2b 2f 76 5a 77 38 33 4b 33 6e 61 4a 2b |94m+/vZw83K3naJ+|
|00001d00| 4c 50 36 2f 66 7a 70 66 2b 4b 75 33 32 46 73 30 |LP6/fzpf+Ku32Fs0|
|00001d10| 72 69 4c 33 36 6e 72 2b 51 6f 74 2b 54 7a 53 56 |riL36nr+Qot+TzSV|
|00001d20| 5a 74 53 4b 70 55 4d 48 4e 5a 76 48 45 58 38 38 |ZtSKpUMHNZvHEX88|
|00001d30| 6c 4b 73 50 69 2f 41 43 67 68 71 2f 74 7a 38 72 |lKsPi/ACghq/tz8r|
|00001d40| 2f 54 68 56 75 36 38 71 69 79 4e 35 6c 77 6e 70 |/ThVu68qiyN5lwnp|
|00001d50| 61 54 4b 50 36 74 65 53 56 5a 2f 73 36 65 2b 79 |aTKP6teSVZ/s6e+y|
|00001d60| 4e 45 6f 6a 39 4e 63 48 4f 6b 51 41 41 33 42 67 |NEoj9NcHOkQAA3Bg|
|00001d70| 49 41 41 44 41 6a 73 4b 4d 41 72 67 52 65 2f 39 |IAADAjsKMArgRe/9|
|00001d80| 7a 75 4c 69 34 71 4d 39 44 62 52 58 53 6f 72 35 |zuLi4qM9DbRXSor5|
|00001d90| 56 2b 62 7a 46 36 2b 30 32 53 44 64 75 33 61 50 |V+bzF6+02SDdu3aP|
|00001da0| 77 7a 62 75 74 79 68 37 73 65 4a 2f 38 61 6e 72 |wzbutyh7seJ/8anr|
|00001db0| 62 48 46 74 57 79 70 63 33 71 58 61 74 75 36 33 |bHFtWypc3qXatu63|
|00001dc0| 4b 44 68 34 35 71 61 67 54 5a 30 72 39 33 73 65 |KDh45qagTZ0r93se|
|00001dd0| 6a 59 32 33 32 70 69 2b 49 76 66 72 2b 73 75 2b |jY232pi+Ivfr+su+|
|00001de0| 34 54 73 55 55 62 69 52 42 61 61 68 55 73 62 79 |4TsUUbiRBaahUsby|
|00001df0| 43 61 6c 74 76 65 52 64 31 34 6f 7a 4f 33 41 43 |CaltveRd14ozO3AC|
|00001e00| 4e 31 74 71 31 37 72 4c 36 65 5a 4f 6b 66 51 65 |N1tq17rL6eZOkfQe|
|00001e10| 6a 6c 5a 6c 5a 75 41 55 58 43 2b 76 43 37 36 6b |jlZlZuAUXC+vC76k|
|00001e20| 36 63 76 79 30 56 5a 6c 33 39 61 6f 4f 42 51 44 |6cvy0VZl39aoOBQD|
|00001e30| 32 52 67 6d 59 7a 65 6d 36 66 4a 6c 39 37 67 45 |2RgmYzem6fJl97gE|
|00001e40| 41 4e 79 59 43 41 41 44 49 68 36 4f 6a 41 49 35 |ANyYCAADIh6OjAI5|
|00001e50| 48 78 32 72 4e 44 7a 39 5a 6c 51 33 6f 33 64 46 |Hx2rNDz9ZlQ3o3dF|
|00001e60| 70 51 2b 62 7a 43 76 44 33 31 59 41 2b 48 61 33 |pQ+bzCvD31YA+Ha3|
|00001e70| 4b 77 6a 66 76 31 74 59 64 2b 36 7a 4b 66 6b 38 |Kwjfv1tYd+6zKfk8|
|00001e80| 32 61 39 6d 71 7a 56 5a 6c 39 59 4c 38 4e 62 42 |2a9mqzVZl9YL8NbB|
|00001e90| 76 4a 37 6d 36 4f 6e 63 72 72 2f 74 61 31 4c 50 |vJ7m6Oncrr/ta1LP|
|00001ea0| 70 56 64 2b 77 5a 62 63 73 70 64 68 7a 62 62 46 |pVd+wZbcspdhzbbF|
|00001eb0| 6b 61 73 4f 57 33 51 55 66 61 49 65 39 2b 6d 37 |kasOW3QUfaIe9+m7|
|00001ec0| 62 75 64 2f 70 44 55 4f 54 36 58 61 31 61 46 72 |bud/pDUOT6Xa1aFr|
|00001ed0| 58 71 69 7a 36 35 4b 2b 4b 33 48 50 4d 53 54 57 |Xqiz65K+K3HPMSTW|
|00001ee0| 36 78 72 2b 6d 6a 35 6f 30 72 47 31 56 74 6e 50 |6xr+mj5o0rG1VtnP|
|00001ef0| 58 49 5a 30 39 39 31 75 70 33 76 66 6f 38 64 50 |XIZ0991up3vfo8dP|
|00001f00| 36 5a 64 39 78 71 37 4a 47 39 57 75 70 53 75 56 |6Zd9xq7JG9WupSuV|
|00001f10| 4b 42 5a 35 62 7a 63 76 54 70 73 36 2f 6e 6b 74 |KBZ5bzcvTps6/nkt|
|00001f20| 55 65 6e 72 70 54 50 66 49 62 2b 6f 4f 41 41 43 |UenrpTPfIb+oOAAC|
|00001f30| 4f 49 67 41 41 67 48 77 34 4d 67 72 67 7a 7a 39 |OIgAAgHw4Mgrgzz9|
|00001f40| 74 56 38 7a 76 30 4b 61 35 75 6a 39 34 76 39 4f |tV8zv0Ka5uj94v9O|
|00001f50| 47 7a 4f 66 6c 34 75 4b 69 48 6c 30 65 73 47 71 |GzOfl4uKiHl0esGq|
|00001f60| 6f 6d 4e 50 53 39 65 31 33 57 36 78 47 4d 30 54 |omNPS9e13W6xGM0T|
|00001f70| 75 4f 57 72 54 2b 39 2b 35 51 37 42 71 31 37 71 |uOWrT+9+5Q7Bq17q|
|00001f80| 72 7a 4f 71 61 6e 31 6f 42 4e 52 54 53 30 6e 6f |rzOqan1oBNRTS0no|
|00001f90| 55 77 34 2b 62 49 6e 55 38 4f 72 62 55 37 6d 6c |Uw4+bInU8OrbU7ml|
|00001fa0| 76 4b 30 52 48 32 61 76 76 44 78 74 2f 56 75 77 |vK0RH2avvDxt/Vuw|
|00001fb0| 5a 35 2f 65 30 4e 32 30 55 71 48 70 42 2f 6c 5a |Z5/e0N20UqHpB/lZ|
|00001fc0| 6c 71 33 2f 59 36 66 51 70 43 6e 64 34 65 71 68 |lq3/Y6fQpCnd4eqh|
|00001fd0| 5a 34 79 43 72 73 6c 32 2f 48 4e 48 47 72 58 74 |Z4yCrsl2/HNHGrXt|
|00001fe0| 4b 37 5a 36 58 4c 6c 6d 30 5a 4d 55 6d 6d 78 58 |K7Z6XLlm0ZMUmmxX|
|00001ff0| 2f 57 34 63 32 63 57 68 72 78 4f 70 33 33 71 47 |/W4c2cWhrxOp33qG|
|00002000| 37 61 39 78 70 56 62 5a 37 37 37 46 53 6d 51 5a |7a9xpVbZ777FSmQZ|
|00002010| 77 36 5a 4b 6c 56 44 2f 76 41 41 42 6a 49 41 41 |w6ZKlVD/vAABjIAA|
|00002020| 41 67 4f 73 6f 61 42 54 41 6b 57 4f 6e 74 50 7a |AgOsoaBTAkWOntPz|
|00002030| 37 72 56 61 76 39 2b 72 65 32 75 35 38 5a 6d 65 |7rVav9+re2u58Zme|
|00002040| 71 58 65 73 75 39 65 7a 57 32 71 70 73 2b 66 64 |qXesu9ezW2qps+fd|
|00002050| 62 46 62 6e 6e 71 43 54 70 34 73 56 4c 2b 6d 62 |bFbnnqCTp4sVL+mb|
|00002060| 70 6a 31 59 4e 49 56 39 76 4c 77 30 65 38 4b 44 |pj1YNIV9vLw0e8KD|
|00002070| 63 33 45 78 6c 57 6c 64 37 71 74 39 35 68 2b 34 |c3ExlWld7qt95h+4|
|00002080| 50 62 6d 68 56 64 6a 51 71 52 6c 38 76 58 46 63 |PbmhVdjQqRl8vXFc|
|00002090| 71 6f 77 44 2b 2f 50 4f 79 46 69 7a 35 77 57 59 |qowD+/POyFiz5wWY|
|000020a0| 72 52 45 66 5a 71 2b 2b 75 58 34 35 6f 31 64 72 |rREfZq++uX45o1dr|
|000020b0| 74 54 6c 39 78 50 38 44 50 78 79 61 63 73 44 63 |tTl9xP8DPxyacsDc|
|000020c0| 69 70 4b 79 35 75 72 71 71 55 37 73 57 4e 69 4d |ipKy5urqqU7sWNiM|
|000020d0| 6e 35 69 2f 35 6f 64 52 47 41 66 7a 30 38 79 47 |n5i/5odRGAfz08yG|
|000020e0| 74 57 72 76 64 71 71 78 64 71 36 5a 71 32 61 78 |tWrvdqqxdq6Zq2ax|
|000020f0| 75 50 6d 64 59 71 2b 78 52 55 59 30 62 57 49 38 |uPmdYq+xRUY0bWI8|
|00002100| 41 4f 42 6f 56 6f 35 32 37 44 70 62 34 39 7a 6b |AOBoVo527Dpb49zk|
|00002110| 2b 49 55 6e 37 44 6b 61 58 36 44 56 76 46 69 5a |+IUn7DkaX6DVvFiZ|
|00002120| 54 4f 56 57 39 6f 37 4a 56 32 66 35 44 4a 35 52 |TOVW9o7JV2f5DJ5R|
|00002130| 51 79 50 55 35 41 41 41 45 41 41 42 77 58 66 6d |QyPU5AAAEAABwXfm|
|00002140| 4e 41 76 6a 38 36 2b 2f 30 32 2f 6c 6b 6d 39 37 |NAvj86+/02/lkm97|
|00002150| 2f 56 69 47 4e 31 4b 74 37 6d 78 75 6d 39 7a 2b |/ViGN1Kt7mxum9z+|
|00002160| 48 71 36 75 72 42 76 62 74 5a 4e 58 7a 61 30 35 |Hq6urBvbtZNXza05|
|00002170| 4c 31 37 7a 46 36 33 58 78 34 69 55 64 50 6e 5a |L17zF63Xx4iUdPnZ|
|00002180| 4b 36 7a 64 59 62 2f 33 58 70 64 4e 39 61 6c 44 |K6zdYb/3XpdN9alD|
|00002190| 33 6e 72 4b 75 71 6c 32 75 72 71 37 71 31 36 75 |3nrKuql2urq7q16u|
|000021a0| 39 54 63 2f 31 5a 33 4e 57 32 51 51 77 4a 57 48 |9Tc/1Z3NW2QQwJWH|
|000021b0| 72 6a 6e 33 36 63 76 36 61 49 70 2b 66 58 33 32 |rjn36cv6aIp+fX32|
|000021c0| 6e 7a 6c 68 6b 4d 39 79 38 72 46 57 71 56 45 47 |nzlhkM9y8rFWqVEG|
|000021d0| 50 39 4f 74 73 31 64 41 32 70 36 56 72 79 69 63 |P9Ots1dA2p6Vryic|
|000021e0| 4c 64 4e 72 4a 36 78 51 45 4e 36 2b 6e 50 67 2b |LdNrJ6xQEN6+nPg+|
|000021f0| 31 74 53 72 62 74 47 32 50 76 70 79 2f 57 6e 2f |1tSrbtG2Pvpy/Wn/|
|00002200| 2b 57 62 4c 54 4a 78 49 53 4c 2b 69 54 54 35 63 |+WbLTJxISL+iTT5c|
|00002210| 6f 4c 73 38 43 67 44 32 37 74 56 62 4e 75 36 73 |oLs8CgD27tVbNu6s|
|00002220| 37 64 41 31 58 56 31 65 46 42 6a 65 77 4b 66 2f |7dA1XV1eFBjewKf/|
|00002230| 71 6d 37 57 4b 69 59 30 76 6b 58 70 4b 32 59 48 |qm7WKiY0vkXpK2YH|
|00002240| 55 2f 43 55 2f 32 4f 7a 4f 59 52 53 75 72 71 37 |U/CU/2OzOYRSurq7|
|00002250| 79 39 37 4e 64 68 32 54 33 33 6d 4e 4f 44 39 51 |y97Ndh2T33mNOD9Q|
|00002260| 41 34 47 5a 44 41 41 41 41 42 62 41 33 43 6d 42 |A4GZDAAAABbA3CmB|
|00002270| 64 2b 43 35 4e 6e 37 6e 59 70 76 48 5a 76 33 63 |d+C5Nn7nYpvHZv3c|
|00002280| 48 2b 66 76 35 6c 47 58 31 48 46 59 33 79 45 2f |H+fv5lGX1HFY3yE/|
|00002290| 39 65 6c 6d 2f 6a 2f 55 62 66 74 59 76 2b 34 35 |9elm/j/UbftYv+45|
|000022a0| 72 2f 75 49 66 72 42 70 43 48 75 34 56 39 55 69 |r/uIfrBpCHu4V9Ui|
|000022b0| 2f 7a 71 71 55 5a 32 73 32 5a 36 70 66 39 78 36 |/zqqUZ2s2Z6pf9x6|
|000022c0| 62 78 71 45 35 4c 56 32 54 70 38 37 54 54 7a 38 |bxqE5LV2Tp87TTz8|
|000022d0| 66 4b 72 48 37 48 44 31 2b 57 68 50 65 2b 64 53 |fKrH7HD1+WhPe+dS|
|000022e0| 6d 59 56 68 59 39 75 6f 62 63 79 5a 42 6b 36 62 |mYVhY9uobcyZBk6b|
|000022f0| 4d 63 58 72 50 5a 57 6a 4c 42 6a 5a 31 32 37 48 |McXrPZWjLBjZ127H|
|00002300| 72 6f 4b 5a 38 73 6b 41 58 4c 31 35 79 55 71 32 |roKZ8skAXL15yUq2|
|00002310| 6b 79 70 55 72 61 66 43 41 42 32 31 47 41 58 77 |kypUrafCAB21GAXw|
|00002320| 34 66 59 45 57 4c 39 39 51 59 6f 32 39 69 78 63 |4fYEWL99QYo29ixc|
|00002330| 76 36 5a 30 50 76 74 54 4b 4e 64 61 39 2f 36 31 |v6Z0PvtTKNda9/61|
|00002340| 43 47 71 6e 76 33 39 6f 56 4b 73 41 4c 62 6c 35 |CGqnv39oVKsALbl5|
|00002350| 58 59 65 31 62 57 70 57 56 39 4c 50 63 45 58 46 |XYe1bWpWV9LPcEXF|
|00002360| 41 6e 33 2f 39 58 59 6c 63 36 32 62 56 73 46 34 |An3/9XYlc62bVsF4|
|00002370| 74 6d 38 2f 46 74 39 39 74 4b 64 47 67 42 51 43 |tm8/Ft99tKdGgBQC|
|00002380| 4d 67 41 41 41 41 41 71 51 33 79 69 41 39 2f 37 |MgAAAAAqQ3yiA9/7|
|00002390| 31 74 56 58 76 76 37 4f 33 79 79 75 49 76 56 37 |1tVXvv7O3yyuIvV7|
|000023a0| 70 75 49 51 6b 76 66 6a 4b 4e 4b 31 63 73 38 33 |puIQkvfjKNK1cs83|
|000023b0| 71 32 4c 44 32 4c 52 58 63 76 46 35 5a 56 2f 47 |q2LD2LRXcvF5ZV/G|
|000023c0| 36 79 70 56 7a 31 64 4f 50 39 31 53 72 6b 45 5a |6ypVz1dOP91SrkEZ|
|000023d0| 57 35 66 73 50 6e 64 44 49 73 52 2b 56 53 41 68 |W5fsPndDIsR+VSAh|
|000023e0| 77 2b 4f 67 70 50 66 33 69 42 79 58 53 30 35 70 |w+OgpPf3iByXS05p|
|000023f0| 66 66 56 65 75 32 61 34 58 58 70 35 61 37 47 48 |ffVeu2a4XXp5a7GH|
|00002400| 74 57 56 6c 5a 32 6e 2f 77 68 45 61 39 4d 6b 32 |tWVlZ2n/whEa9Mk2|
|00002410| 54 70 38 37 56 68 64 39 54 48 54 36 33 63 75 56 |Tp87Vhd9THT63cuV|
|00002420| 4b 65 75 48 76 2f 65 53 66 5a 33 65 48 47 56 38 |KeuHv/eSfZ3eHGV8|
|00002430| 73 31 36 74 76 7a 35 4c 5a 6e 4a 37 50 6d 59 37 |s16tvz5LZnJ7PmY7|
|00002440| 35 36 36 2b 2f 74 47 58 37 58 6a 33 39 34 6d 54 |566+/tGX7Xj394mT|
|00002450| 4e 6d 72 31 43 6c 79 34 35 76 69 68 65 75 31 5a |Nmr1Cly45viheu1Z|
|00002460| 4e 39 63 79 77 6e 6c 5a 6c 35 72 52 30 6a 52 6a |N9cywnlZl5rR0jRj|
|00002470| 7a 6b 57 62 50 4c 66 35 49 41 4c 4d 35 58 5a 4f |zkWbPLf5IALM5XZO|
|00002480| 6d 66 4b 55 5a 58 79 79 33 4b 76 64 77 72 36 6a |mfKUZXyy3Kvdwr6j|
|00002490| 6e 6e 33 6c 59 41 66 36 2b 68 62 71 65 6a 37 65 |nn3lYAf6+hbqej7e|
|000024a0| 58 42 76 54 75 61 46 4d 2b 34 34 76 6c 2b 73 39 |XBvTuaFM+44vl+s9|
|000024b0| 2f 6c 78 57 37 76 6a 2f 39 66 45 69 6a 78 6b 2b |/lxW7vj/9fEijxk+|
|000024c0| 33 32 6d 58 45 69 4f 72 58 76 61 66 55 67 78 59 |32mXEiOrXvafUgxY|
|000024d0| 41 4d 41 49 43 41 41 42 77 67 4c 31 52 41 48 6b |AMAICAABwgL1RAHk|
|000024e0| 4e 36 4e 4f 78 30 49 32 48 73 6c 59 6e 30 45 2f |N6NOx0I2HslYn0E/|
|000024f0| 64 48 37 7a 66 71 6d 7a 2f 6f 52 4d 32 6a 59 75 |dH7zfqmz/oRM2jYu|
|00002500| 48 65 37 62 58 48 5a 34 65 5a 56 6b 31 68 77 54 |He7bXHZ4eZVk1hwT|
|00002510| 34 2b 2b 71 64 43 55 2f 5a 62 42 65 33 2f 39 41 |4++qdCU/ZbBe3/9A|
|00002520| 4a 50 66 4c 6b 57 35 71 33 61 48 32 52 31 67 54 |JPfLkW5q3aH2R1gT|
|00002530| 34 36 36 2b 2f 74 48 54 46 4a 6a 30 38 39 44 58 |466+/tHTFJj089DX|
|00002540| 74 32 48 58 77 61 6e 6e 31 61 70 34 32 76 59 34 |t2HXwann1ap42vY4|
|00002550| 6c 55 64 38 6c 4b 7a 5a 70 34 42 4e 76 46 6e 6b |lUd8lKzZp4BNvFnk|
|00002560| 49 73 38 57 53 71 54 6e 7a 31 36 6a 6a 33 31 37 |Is8WSqTnz16jj317|
|00002570| 51 4a 35 38 75 31 61 74 76 66 36 6f 4a 62 33 39 |QJ58u1atvf6oJb39|
|00002580| 61 71 49 5a 32 69 36 5a 31 4e 4f 6e 31 5a 32 7a |aqIZ2i6Z1NOn1Z2z|
|00002590| 4b 2f 2f 33 5a 4d 6a 30 2b 63 70 4a 4f 6e 6a 35 |K//3ZMj0+cpJOnj5|
|000025a0| 58 36 48 70 4a 32 62 33 72 37 33 33 30 74 66 34 |X6HpJ2b3r7330tf4|
|000025b0| 32 36 42 56 39 2f 76 58 33 47 6a 6e 32 49 30 32 |26BV9/vX3Gjn2I02|
|000025c0| 62 75 64 6a 68 48 52 44 63 33 45 7a 36 78 77 75 |budjhHRDc3Ez6xwu|
|000025d0| 50 71 45 65 65 7a 36 6b 35 4c 56 31 6a 4a 6e 79 |PqEeez6k5LV1jJny|
|000025e0| 69 31 79 64 39 56 71 69 77 49 37 65 54 70 38 2f |i1yd9VqiwI7eTp8/|
|000025f0| 70 38 5a 47 54 4e 48 6e 61 50 4a 76 58 48 6e 2b |p8ZGTNHnaPJvXHn+|
|00002600| 6b 6d 33 70 31 62 31 50 6f 61 37 71 34 75 4b 6a |km3p1b1Poa7q4uKj|
|00002610| 33 51 32 31 74 52 6c 52 49 30 76 69 4a 73 2f 54 |3Q21tRlRI0viJs/T|
|00002620| 71 32 37 50 30 32 2f 6e 6b 51 6c 2f 58 59 73 6e |q27P02/nkQl/XYsn|
|00002630| 55 76 45 58 72 39 63 69 54 62 78 56 36 4b 38 70 |UvEXr9ciTbxV6K8p|
|00002640| 62 30 52 32 65 48 75 72 78 34 41 4d 32 35 54 4f |b0R2eHurx4AM25TO|
|00002650| 2b 57 45 34 49 41 41 43 46 51 41 41 41 41 41 36 |+WE4IAACFQAAAAA6|
|00002660| 77 4e 77 6f 67 74 35 41 57 39 64 58 6e 6f 62 59 |wNwogt5AW9dXnobY|
|00002670| 33 62 4f 39 2f 44 6a 63 33 6b 77 59 39 48 47 62 |3bO9/Djc3kwY9HGb|
|00002680| 54 38 35 74 62 57 50 75 57 36 74 69 32 65 52 6e |T85tbWPuW6ti2eRn|
|00002690| 57 71 6e 44 61 74 6d 71 71 43 53 38 39 5a 74 4d |WqnDatmqqCS89ZtM|
|000026a0| 77 6a 7a 6d 54 6f 4b 46 2f 66 31 66 39 48 6e 74 |wjzmToKF/f1f9Hnt|
|000026b0| 64 32 33 62 75 64 36 6a 6e 39 61 2b 2f 2f 74 4b |d23bud6jn9a+//tK|
|000026c0| 65 66 63 63 31 35 4f 6c 33 31 48 2f 59 47 7a 70 |efcc15Ol31H/YGzp|
|000026d0| 2b 34 74 6f 71 36 2f 34 31 76 66 57 66 6a 38 62 |+4toq6/41vfWfj8b|
|000026e0| 71 67 66 73 61 58 75 63 4b 52 61 2f 76 6a 6c 30 |qgfsaXucKRa/vjl0|
|000026f0| 48 31 66 46 76 4c 2b 72 6c 4e 32 66 6f 64 45 79 |H1fFvL+rlN2fodEy|
|00002700| 63 51 30 48 41 6e 33 39 65 31 72 61 64 2b 39 58 |cQ0HAn39e1rad+9X|
|00002710| 76 73 64 63 31 2f 50 6e 33 64 53 48 58 79 76 30 |vsdc1/Pn3dSHXyv0|
|00002720| 52 75 77 38 58 61 76 56 35 46 78 63 58 39 58 6d |Ruw8XavV5FxcX9Xm|
|00002730| 6f 72 53 61 4d 48 57 72 7a 32 76 4c 76 74 79 71 |orSaMHWrz2vLvtyq|
|00002740| 34 2f 5a 4f 61 4d 6e 32 42 77 31 76 50 58 62 70 |4/ZOaMn2Bw1vPXbp|
|00002750| 6b 30 65 72 31 4f 39 58 68 6f 52 66 30 35 6a 38 |k0er1O9XhoRf05j8|
|00002760| 2f 74 31 70 51 63 73 76 32 76 55 70 4f 53 58 4f |/t1pQcsv2vUpOSXO|
|00002770| 34 62 6a 37 65 58 6e 70 37 77 70 4d 4b 61 57 47 |4bj7eXnp7wpMKaWG|
|00002780| 39 57 4b 45 35 4c 56 30 66 54 4a 75 76 39 6a 32 |9WKE5LV0fTJuv9j2|
|00002790| 65 31 31 63 4c 31 6a 72 63 36 49 75 4c 50 36 39 |e11cL1jrc6IuLP69|
|000027a0| 4a 55 2b 59 6f 75 50 32 54 64 74 65 4d 36 4e 2b |JU+YouP2TdteM6N+|
|000027b0| 37 67 31 34 66 39 37 67 71 56 48 42 7a 75 49 36 |7g14f97gqVHBzuI6|
|000027c0| 35 33 56 6e 4e 55 79 38 39 50 38 6a 75 7a 39 56 |53VnNUy89P8juz9V|
|000027d0| 48 2f 2f 35 47 62 62 6f 2b 71 79 2f 6e 72 62 62 |H//5Gbbo+qy/nrbb|
|000027e0| 61 64 53 4d 2f 6d 5a 6c 2f 4b 48 78 7a 70 48 6f |adSM/mZl/KHxzpHo|
|000027f0| 39 4d 6c 35 44 2f 2f 36 75 34 58 76 2b 63 2b 76 |9Ml5D//6u4Xv+c+v|
|00002800| 5a 76 62 58 64 6f 4f 58 74 44 37 35 55 74 33 34 |ZvbXdoOXtD75Ut34|
|00002810| 76 61 66 6c 33 57 35 52 30 49 59 56 31 41 51 44 |vafl3W5R0IYV1AQD|
|00002820| 67 4f 73 6f 35 75 77 49 41 63 4c 50 49 47 51 58 |gOso5uwIAcLPIGQX|
|00002830| 77 79 61 64 4c 62 56 36 37 47 58 72 2f 63 7a 53 |wyadLbV67GXr/czS|
|00002840| 71 58 30 75 39 75 72 65 78 2b 7a 34 6b 61 55 44 |qX0u9urex+z4kaUD|
|00002850| 76 6a 76 4c 4a 4a 2b 69 34 45 5a 51 72 35 36 6f |vjvLJJ+i4EZQr56o|
|00002860| 52 77 33 76 72 30 69 57 4c 33 70 30 79 78 32 59 |Rw3vr0iWL3p0yx2Y|
|00002870| 4c 74 2b 2f 58 37 39 54 33 36 33 65 71 54 6d 30 |Lt+/X79T363eqTm0|
|00002880| 2f 39 66 31 62 4f 37 55 4b 62 61 54 36 64 51 4a |/9f1bO7UKbaT6dQJ|
|00002890| 55 2b 63 71 2b 37 71 6d 70 46 33 58 69 31 46 6c |U+cq+7qmpF3Xi1Fl|
|000028a0| 46 52 42 37 57 36 76 55 37 37 51 37 33 39 36 2f |FRB7W6vU77Q7396/|
|000028b0| 70 72 59 2f 66 65 31 46 74 57 7a 58 52 46 31 39 |prY/fe1FtWzXRF19|
|000028c0| 2f 58 32 72 31 4e 61 65 6c 36 36 4e 2f 66 36 4f |/X2r1Nael66N/f6O|
|000028d0| 50 2f 76 32 4e 4f 72 56 72 6f 59 65 36 74 46 4b |P/v2NOrVroYe6tFK|
|000028e0| 4c 70 6e 55 55 56 4c 75 6d 79 70 56 7a 6c 53 53 |LpnUUVLumypVzlSS|
|000028f0| 64 2b 54 56 52 5a 2b 4e 2b 30 34 36 49 67 2f 72 |d+TVRZ+N+046Ig/r|
|00002900| 32 75 79 31 57 49 55 56 75 51 62 56 72 71 76 71 |2uy1WIUVuQbVrqvq|
|00002910| 64 64 78 53 71 62 70 55 71 56 64 43 45 6c 78 37 |ddxSqbpUqVdCElx7|
|00002920| 54 78 66 51 4d 54 5a 2b 31 78 4f 71 31 43 38 6c |TxfQMTZ+1xOq1C8l|
|00002930| 6d 76 66 7a 57 44 4c 30 37 5a 59 34 36 74 57 75 |mvfzWDL07ZY46tWu|
|00002940| 68 72 6d 45 68 61 74 36 6b 6a 67 4c 38 66 48 58 |hrmEhat6kjgL8fHX|
|00002950| 62 62 53 37 36 36 36 38 73 6e 59 36 4e 30 36 39 |bbS76668snY6N069|
|00002960| 6e 45 2f 58 6a 70 6b 69 74 2b 66 47 6e 66 42 75 |nE/Xjpkit+fGnfBu|
|00002970| 72 44 65 76 58 6b 6e 73 68 31 35 4e 6f 30 62 53 |rDevXknsh15No0bS|
|00002980| 75 70 72 37 2f 6f 6b 61 4f 2f 63 69 6d 42 2f 7a |upr7/okaO/cimB/z|
|00002990| 67 6b 5a 4d 61 39 75 78 37 47 6a 76 68 45 2f 58 |gkZMa9ux7GjvhE/X|
|000029a0| 6f 38 6f 43 36 68 6f 57 6f 66 70 31 37 72 69 37 |o8oC6hoWofp17ri7|
|000029b0| 65 39 2b 65 66 6c 33 58 69 35 4b 38 36 64 50 53 |e9+efl3Xi5K86dPS|
|000029c0| 6b 31 6f 58 76 30 6f 59 74 76 39 68 38 54 6e 4c |k1oXv0oYtv9h8TnL|
|000029d0| 30 37 39 31 42 2f 2f 35 77 6a 4c 79 72 56 79 31 |0791B//5wjLyrVy1|
|000029e0| 55 2f 66 4a 36 49 4b 53 52 4a 6b 38 63 71 65 64 |U/fJ6IKSRJk8cqed|
|000029f0| 65 2b 70 64 56 4d 43 4e 4a 78 30 2f 45 61 76 6a |e+pdVMCNJx0/Eavj|
|00002a00| 7a 37 32 76 55 2b 4f 6c 71 46 64 4a 49 62 52 35 |z72vU+OlqFdJIbR5|
|00002a10| 6f 6f 69 59 4e 61 36 74 53 78 66 4a 58 6a 2f 6e |ooiYNa6tSxfJXj/n|
|00002a20| 66 71 58 50 61 39 74 4e 2b 62 64 36 2b 78 2b 35 |fqXPa9tN+bd6+x+5|
|00002a30| 7a 62 4e 4b 77 74 70 6f 31 44 74 53 63 42 57 75 |zbNKwtpo1DtScBWu|
|00002a40| 4c 56 63 2b 62 57 55 37 51 73 6d 66 2f 63 5a 74 |LVc+bWU7Qsmf/cZt|
|00002a50| 6e 74 4f 32 6e 41 39 72 32 30 77 47 62 63 39 72 |ntO2nA9r20wGbc9r|
|00002a60| 63 33 31 67 66 76 76 4f 63 33 63 55 61 41 63 43 |c31gfvvOc3cUaAcC|
|00002a70| 49 43 41 41 41 77 45 45 35 6f 77 43 57 72 4e 68 |ICAAAwEE5owCWrNh|
|00002a80| 6b 74 55 42 63 6b 34 61 31 31 61 50 4c 41 7a 64 |ktUBck4a11aPLAzd|
|00002a90| 38 37 33 2b 4f 2f 4e 36 48 6c 44 32 53 49 61 78 |873+O/N6HlD2SIax|
|00002aa0| 39 79 78 76 2b 76 5a 51 72 35 36 6f 78 7a 77 31 |9yxv+vZQr56oxzw1|
|00002ab0| 55 39 54 76 76 30 4e 67 4a 6e 39 67 30 75 4b 54 |U9Tvv0NgJn9g0uKT|
|00002ac0| 73 52 74 66 37 55 2b 63 57 2b 74 70 31 61 76 74 |sRtf7U+cW+tp1avt|
|00002ad0| 70 32 75 51 58 31 61 56 54 53 4a 47 48 6d 75 64 |p2uQX1aVTSJGHmud|
|00002ae0| 56 72 70 79 72 58 6e 70 68 6b 4f 36 71 55 55 30 |VrpyrXnphkO6qUU0|
|00002af0| 76 6a 4a 74 71 74 37 34 62 74 76 79 69 44 56 74 |vjJtqt74btvyiDVt|
|00002b00| 2b 4b 64 4c 31 68 77 37 73 6f 6e 2b 39 39 30 4b |+KdL1hw7son+990K|
|00002b10| 52 70 6d 31 55 71 6c 52 42 48 37 77 39 55 6a 56 |Rpm1UqlRBH7w9UjV|
|00002b20| 38 71 6d 6e 53 52 31 2f 5a 4e 4a 54 4e 61 65 6c |8qmnSR1/ZNJTNael|
|00002b30| 61 73 58 71 62 56 71 7a 65 6c 73 38 56 72 6d 2f |asXqbVqzels8Vrm/|
|00002b40| 43 32 4b 47 61 38 4e 4a 6a 52 64 70 4f 38 76 37 |C2KGa8NJjRdpO8v7|
|00002b50| 37 47 6d 72 68 37 4c 63 31 36 70 56 70 2b 6d 46 |7Gmrh7Lc16pVp+mF|
|00002b60| 54 70 4d 33 72 46 35 4c 4e 6d 72 74 6f 76 65 59 |TpM3rF5LNmrtoveY|
|00002b70| 75 57 6c 2b 6b 75 6f 30 66 50 53 52 37 64 49 5a |uWl+kuo0fPSR7dIZ|
|00002b80| 48 30 61 64 35 35 48 42 78 63 64 48 41 76 70 31 |H0ad55HBxcdHAvp1|
|00002b90| 6b 75 76 31 32 6a 58 33 74 45 37 75 4e 65 48 4e |kuv12jX3tE7uNeHN|
|00002ba0| 61 75 74 5a 74 32 4b 56 31 47 33 59 56 36 74 70 |autZt2KV1G3YV6tp|
|00002bb0| 4e 47 74 62 57 7a 49 2f 2f 6f 5a 4f 6e 7a 78 6b |NGtbWzI//oZOnzxk|
|00002bc0| 36 41 4a 43 79 67 35 61 5a 48 34 2f 54 79 4c 46 |6AJCyg5aZH4/TyLF|
|00002bd0| 54 48 42 6f 64 73 65 32 6e 41 33 72 6a 76 66 2f |THBodse2nA3rjvf/|
|00002be0| 71 36 31 6d 76 79 39 66 6e 78 74 71 65 46 51 43 |q61mvy9fnxtqeFQC|
|00002bf0| 63 67 53 6b 41 41 46 41 49 54 52 72 57 31 71 50 |cgSkAAFAITRrW1qP|
|00002c00| 39 4f 31 75 56 44 65 7a 62 53 62 56 72 33 56 55 |9O1uVDezbSbVr3VU|
|00002c10| 71 39 33 4e 31 76 61 31 55 47 75 4f 4e 36 74 2b |q93N1va1UGuON6t+|
|00002c20| 72 6e 74 31 61 32 35 54 33 36 74 46 47 66 74 65 |rnt1a25T36tFGfte|
|00002c30| 5a 48 6e 41 6a 4b 56 66 4f 56 59 38 2f 32 6b 30 |ZHnAjKVfOVY8/2k0|
|00002c40| 62 56 6e 32 69 68 37 72 59 7a 67 30 75 69 73 63 |bVn2ih7rYzg0uisc|
|00002c50| 47 64 64 57 36 5a 66 39 53 31 37 44 51 45 6e 2f |GddW6Zf9S17DQEn/|
|00002c60| 75 74 39 31 32 6d 78 37 74 2f 32 43 4a 31 72 65 |ut912mx7t/2CJ1re|
|00002c70| 71 70 34 66 2b 4d 32 57 4d 2f 76 76 4a 4b 37 71 |qp4f+M2WM/vvJK7q|
|00002c80| 7a 6d 6d 65 52 72 2b 50 6d 5a 74 4b 34 55 59 39 |zmmeRr+PmZtK4UY9|
|00002c90| 71 78 66 7a 33 46 64 79 73 62 6f 6e 55 72 55 35 |qxfz3FdysbonUrU5|
|00002ca0| 74 50 79 32 5a 38 36 37 65 66 66 33 70 59 75 30 |tPy2Z867eff3pYu0|
|00002cb0| 6d 55 54 66 49 58 39 2f 4f 2b 36 63 2b 66 75 38 |mUTfIX9/O+6c+fu8|
|00002cc0| 46 56 53 32 68 64 53 6c 79 36 76 62 65 6d 38 2b |FVS2hdSly6vbem8+|
|00002cd0| 55 53 4f 4d 2f 68 34 75 4c 69 2f 72 32 62 4b 63 |USOM/h4uLi/r2bKc|
|00002ce0| 56 38 79 66 72 77 51 37 42 4a 58 4c 4e 78 77 5a |V8yfrwQ7BJXLNxwZ|
|00002cf0| 31 31 58 63 4c 50 39 44 39 78 5a 79 4b 63 71 74 |11XcLP9D9xZyKcqt|
|00002d00| 77 63 58 46 52 31 37 41 51 7a 66 2f 76 57 32 72 |wcXFR17AQzf/vW2r|
|00002d10| 53 73 4c 5a 44 35 2f 78 32 50 6c 6d 70 78 56 7a |SsLZD5/x2PlmpxVz|
|00002d20| 59 45 67 42 75 46 51 51 41 41 47 34 35 37 70 55 |YEgBuFQQAAG457pU|
|00002d30| 71 71 47 48 39 57 6c 5a 6c 41 58 36 2b 71 6c 69 |qqGH9WlZlAX6+qli|
|00002d40| 68 66 44 35 6e 4f 4d 37 4e 7a 61 51 4a 4c 7a 32 |hfD5nOM7NzaQJLz2|
|00002d50| 6d 4e 38 59 4e 30 34 4d 64 67 6a 58 74 2f 52 66 |mN8YN04MdgjXt/Rf|
|00002d60| 31 34 74 2f 37 79 64 58 56 74 64 6a 58 72 6e 6d |14t/7ydXVtdjXrnm|
|00002d70| 58 74 39 71 31 61 6d 70 56 31 72 78 4a 48 5a 55 |Xt9q1ampV1rxJHZU|
|00002d80| 76 58 2f 69 65 30 34 4a 6b 57 44 4b 56 65 4e 35 |vX/ie04JkWDKVeN5|
|00002d90| 36 62 6e 65 39 49 48 2f 31 37 4e 61 36 52 4e 35 |6bne9IH/17Na6RN5|
|00002da0| 4c 57 57 72 61 4f 46 42 4c 76 35 36 6b 70 56 39 |LWWraOFBLv56kpV9|
|00002db0| 4e 4b 6e 4c 6a 74 63 33 39 6a 66 58 44 38 71 6e |NKnLjtc39jfXD8qn|
|00002dc0| 36 34 6a 2b 76 57 6b 33 6c 38 48 43 76 71 50 70 |64j+vWk3l8HCvqPp|
|00002dd0| 31 41 36 79 4f 72 52 76 6f 6c 2b 39 61 45 49 57 |1A6yOrRvol+9aEIW|
|00002de0| 74 62 35 76 37 47 78 66 70 47 6c 55 39 50 66 54 |tb5v7GxfpGlU9PfT|
|00002df0| 4b 36 4d 48 61 75 32 32 4f 6e 6e 76 36 34 53 4c |K6MHau22Onnv64SL|
|00002e00| 31 72 75 66 6c 34 75 4b 69 6a 75 31 61 61 4e 50 |1rufl4uKiju1aaNP|
|00002e10| 33 2f 39 61 4d 66 37 32 6b 52 6e 6c 2b 68 68 7a |3/9aMf72kRnl+hhz|
|00002e20| 6c 58 39 4e 62 48 37 33 37 6e 48 62 38 4d 46 50 |lX9NbH737nHb8MFP|
|00002e30| 39 65 6e 66 51 62 62 63 56 2f 30 2b 4e 53 70 55 |9enfQbbcV/0+NSpU|
|00002e40| 71 61 4d 78 7a 41 2f 58 4c 6c 74 6b 61 4e 61 4a |qaMxzA/XLltkaNaJ|
|00002e50| 2f 6b 59 4f 41 4f 72 58 39 39 4a 38 70 59 2f 54 |/kYOAOrX99J8pY/T|
|00002e60| 7a 78 76 2b 57 57 4e 33 73 61 64 6f 34 55 4e 2f |zxv+WWN3sado4UN/|
|00002e70| 4f 2b 36 66 6d 7a 48 69 74 79 4d 38 78 75 46 6c |O+6fmzHityM8xuFl|
|00002e80| 64 66 62 2f 6f 51 33 30 32 2f 57 58 56 76 44 73 |dfb/oQ302/WXVvDs|
|00002e90| 37 6c 41 76 77 38 37 46 61 53 38 4c 58 32 30 75 |7lAvw87FaS8LX20u|
|00002ea0| 42 39 39 37 74 38 44 58 4c 6c 7a 63 70 71 48 5a |B997t8DXLlzcpqHZ|
|00002eb0| 4e 71 37 49 37 71 33 6d 71 63 67 6d 47 49 4c 6d |Nq7I7q3mqcgmGILm|
|00002ec0| 5a 54 4f 56 73 70 71 55 55 5a 61 70 4b 58 69 34 |ZTOVspqUUZapKXi4|
|00002ed0| 75 4c 6d 6f 56 32 6c 67 2f 72 70 69 6d 43 57 4f |uLmoV2lg/rpimCWO|
|00002ee0| 48 46 76 68 35 38 4b 2f 70 63 30 4d 75 61 67 6f |HFvh58K/pc0Muago|
|00002ef0| 41 7a 75 43 53 78 55 6f 70 41 47 35 42 76 35 31 |AzuCSxUopAG5Bv51|
|00002f00| 50 31 6d 76 76 66 71 71 46 79 7a 61 6f 7a 30 4e |P1mvvfqqFyzaoz0N|
|00002f10| 74 4e 65 6e 31 70 36 2f 2b 45 58 30 6a 69 34 67 |tNen1p6/+EX0ji4g|
|00002f20| 38 72 4a 66 66 2f 44 38 64 50 6e 70 4b 4c 2f 79 |8rJff/D8dPnpKL/y|
|00002f30| 39 6e 38 61 39 2b 47 69 78 65 6b 2f 7a 73 32 48 |9n8a9+Gixek/zs2H|
|00002f40| 7a 62 76 55 5a 4d 73 46 71 75 50 64 4c 7a 77 2f |zbvUZMsFquPdLzw/|
|00002f50| 53 65 32 38 38 55 79 4b 4e 53 57 66 35 38 38 2f |Se288UyKNSWf588/|
|00002f60| 4c 32 6e 73 67 53 71 76 57 62 4e 66 71 48 33 5a |L2nsgSqvWbNfqH3Z|
|00002f70| 71 37 34 48 6f 66 49 39 74 31 6a 68 51 50 52 35 |q74HofI9t1jhQPR5|
|00002f80| 38 51 41 50 37 64 6c 4c 39 75 67 48 35 4e 67 62 |8QAP7dlL9ugH5Ngb|
|00002f90| 50 2f 4a 71 67 74 39 37 2f 51 6b 74 58 62 6c 5a |P/Jqgt97/QktXblZ|
|00002fa0| 59 2b 35 62 36 35 35 74 2f 56 39 31 63 57 79 6b |Y+5b655t/V91cWyk|
|00002fb0| 57 74 37 35 48 6a 35 2f 57 34 75 55 62 43 36 79 |Wt75Hj5/W4uUbC6y|
|00002fc0| 76 66 30 31 76 74 57 2f 64 58 44 32 36 33 4b 2b |vf01vtW/dXD263K+|
|00002fd0| 77 39 73 47 6c 33 71 44 4a 7a 50 78 44 50 2f 39 |w9sGl3qDJzPxDP/9|
|00002fe0| 79 56 45 74 57 62 4e 54 36 44 54 2f 6e 75 2f 61 |yVEtWbNT6DT/nu/a|
|00002ff0| 41 6c 4e 32 77 37 74 53 75 68 58 72 31 61 4b 4e |AlN2w7tSuhXr1aKN|
|00003000| 57 49 59 31 4b 35 54 4f 62 32 2b 2f 4a 5a 6f 56 |WIY1K5TOb2+/JZoV|
|00003010| 76 6a 74 54 71 39 54 2f 6c 4f 32 63 2b 64 39 32 |vjtTq9T/lO2c+d92|
|00003020| 36 64 4c 70 50 66 52 35 71 71 35 43 57 44 59 71 |6dLpPfR5qq5CWDYq|
|00003030| 38 30 46 39 52 58 62 70 6b 30 61 37 64 68 2f 58 |80F9RXbpk0a7dh/X|
|00003040| 74 64 31 75 30 61 75 33 32 36 39 62 56 76 36 61 |td1u0au3269bVv6a|
|00003050| 33 65 6e 5a 72 72 59 46 39 4f 79 6d 6b 5a 59 4f |3enZrrYF9OymkZYO|
|00003060| 72 36 30 44 6b 2b 50 50 50 79 2f 70 69 37 6e 64 |r60Dk+PPPy/pi7nd|
|00003070| 36 2f 2b 4f 35 71 75 78 52 53 52 4e 65 65 6b 7a |6/+O5quxRSRNeekz|
|00003080| 39 65 6e 57 77 4f 65 35 36 63 76 2b 2f 73 57 6d |9enWwOe56cv+/sWm|
|00003090| 6a 32 71 55 2b 50 2f 37 43 37 36 6d 61 2b 50 34 |j2qU+P/7C76ma+P4|
|000030a0| 58 6d 72 4e 67 62 59 6e 2f 2f 4f 52 49 2f 4f 31 |XmrNgbYn//ORI/O1|
|000030b0| 33 62 64 7a 36 69 39 5a 76 32 4b 58 39 68 30 35 |3bdz6i9Zv2KX9h05|
|000030c0| 59 2f 52 7a 31 65 61 69 74 33 6e 7a 35 43 54 56 |Y/Rz1eait3nz5CTV|
|000030d0| 74 48 46 69 69 39 77 51 41 5a 30 68 4e 4c 66 37 |tHFii9wQAZ0hNLf7|
|000030e0| 55 52 41 49 41 41 44 43 59 69 78 63 76 36 66 6c |URAIAADCYixcv6fl|
|000030f0| 78 48 31 76 4e 4a 66 62 31 39 74 4b 4b 42 65 2f |xH1vNJfb19tKKBe/|
|00003100| 72 76 6a 79 72 72 74 2f 73 4c 6c 32 79 4b 50 31 |rvjyrrt/sLl2yKP1|
|00003110| 53 68 73 37 38 6d 71 6a 6b 46 4c 4f 38 71 31 64 |Shs78mqjkFLO8q1d|
|00003120| 56 39 54 76 76 55 4d 55 4b 35 63 75 38 49 65 69 |V9TvvUMUK5cu8Iei|
|00003130| 49 7a 4d 77 2f 5a 45 35 4c 56 2b 4a 76 76 79 73 |IzMw/ZE5LV+Jvvys|
|00003140| 68 38 59 49 71 56 61 71 67 41 44 39 66 6d 57 34 |h8YIqVaqgAD9fmW4|
|00003150| 76 70 38 71 56 4b 7a 6c 31 62 59 61 38 7a 39 4b |vp8qVKzl1bYa8z9K|
|00003160| 7a 69 6f 64 71 33 6c 31 64 62 71 62 62 35 56 36 |ziodq3l1dbqbb5V6|
|00003170| 4d 72 52 4b 4c 4b 79 73 72 53 36 6d 70 46 35 58 |MrRKLKysrS6mpF5X|
|00003180| 35 78 35 38 36 48 52 75 6e 69 78 63 76 33 62 44 |5x586HRunixcv3bD|
|00003190| 66 35 35 79 36 58 76 67 39 56 54 46 6e 34 71 2b |f55y6Xvg9VTFn4q+|
|000031a0| 57 65 31 65 76 71 68 6f 2b 31 5a 7a 2b 50 51 59 |We1evqho+1Zz+PQY|
|000031b0| 41 33 4e 67 49 41 41 41 41 68 66 62 7a 4c 30 66 |A3NgIAAAAhfbzL0f|
|000031c0| 55 2b 39 46 58 72 52 59 41 48 50 5a 6f 4e 2f 31 |U+9FXrRYAHPZoN/1|
|000031d0| 6e 79 74 68 53 37 37 6b 46 41 41 42 41 30 5a 52 |nythS77kFAABA0ZR|
|000031e0| 45 41 4d 41 61 41 41 42 67 49 42 5a 4c 70 68 59 |EAMAaAABgIBZLphY|
|000031f0| 76 33 32 6a 56 2b 50 64 77 72 36 67 68 41 37 72 |v32jV+Pdwr6ghA7r|
|00003200| 51 2b 41 63 41 41 4c 6a 46 45 51 41 41 67 49 47 |Q+AcAALjFEQAAgIG|
|00003210| 63 4f 48 6c 57 61 33 37 34 79 61 6f 73 72 48 31 |cOHlWa374yaosrH1|
|00003220| 4c 4e 57 39 61 78 30 6b 31 41 67 41 41 51 46 6b |LNW9ax0k1AgAAQFk|
|00003230| 68 41 41 41 41 67 37 68 38 2b 62 4a 57 72 64 32 |hAAAAg7h8+bJWrd2|
|00003240| 75 6f 31 45 78 56 75 56 44 42 6e 52 68 68 57 77 |uo1ExVuVDBnRhhWw|
|00003250| 41 41 41 41 44 49 41 41 41 41 49 4f 49 50 5a 4f |AAAADIAAAAIOIPZO|
|00003260| 67 6c 61 75 33 57 5a 57 46 74 57 2b 70 2b 2b 38 |glau3WZWFtW+p++8|
|00003270| 72 76 52 58 41 41 51 41 41 63 4f 4d 67 41 41 41 |rvRXAAQAAcOMgAAA|
|00003280| 41 67 39 69 34 64 59 39 32 2f 58 4c 45 71 6d 78 |Ag9i4dY92/XLEqmx|
|00003290| 41 37 34 37 79 4b 63 61 65 39 67 41 41 41 4c 68 |A747yKcae9gAAALh|
|000032a0| 35 45 41 41 41 67 41 48 45 78 5a 2f 58 77 6d 2f |5EAAAgAHExZ/Xwm/|
|000032b0| 44 72 63 70 43 57 74 52 58 57 50 75 57 62 44 73 |DrcpCWtRXWPuWbDs|
|000032c0| 47 41 41 42 67 45 41 51 41 41 47 41 41 50 2f 31 |GAABgEAQAAGAAP/1|
|000032d0| 38 57 4f 47 62 64 31 75 56 39 65 72 52 52 6e 34 |8WOGbd1uV9erRRn4|
|000032e0| 31 76 5a 31 55 49 77 41 41 41 4a 51 31 41 67 41 |1vZ1UIwAAAJQ1AgA|
|000032f0| 41 75 4d 58 39 6e 6d 79 32 36 66 32 76 46 2b 53 |AuMX9nmy26f2vF+S|
|00003300| 76 6e 74 31 61 79 39 58 56 31 55 6d 31 41 67 41 |vnt1ay9XV1Um1AgA|
|00003310| 41 51 46 6b 6a 41 41 43 41 57 39 79 65 66 63 65 |AQFkjAACAW9yefce|
|00003320| 31 4c 6e 79 58 56 56 6e 33 42 2b 39 58 37 56 70 |1LnyXVVn3B+9X7Vp|
|00003330| 33 4f 61 6c 47 41 41 41 41 63 41 59 43 41 41 43 |3OalGAAAAcAYCAAC|
|00003340| 34 68 56 32 36 5a 4e 47 53 46 5a 74 6b 54 6b 75 |4hV26ZNGSFZtkTku|
|00003350| 2f 57 75 62 72 37 61 55 42 66 54 72 4b 7a 63 33 |/Wubr7aUBfTrKzc3|
|00003360| 6b 78 4a 6f 42 41 41 43 67 72 42 45 41 41 4d 41 |kxJoBAACgrBEAAMA|
|00003370| 74 37 4d 6a 78 55 31 71 31 64 72 74 56 57 5a 64 |t7MjxU1q1drtVWZd|
|00003380| 4f 39 36 6c 42 33 58 75 63 56 43 4d 41 41 41 41 |O96lB3XucVCMAAAA|
|00003390| 34 43 77 45 41 41 4e 7a 43 4d 6a 49 79 46 5a 65 |4CwEAANzCMjIyFZe|
|000033a0| 51 64 50 56 72 44 2f 65 4b 47 6a 4b 67 69 79 70 |QdPVrD/eKGjKgiyp|
|000033b0| 56 71 75 44 45 57 67 45 41 41 4d 41 5a 43 41 41 |VquDEWgEAAMAZCAA|
|000033c0| 41 34 42 5a 57 4e 38 68 66 6a 7a 2f 53 37 65 72 |A4BZWN8hfjz/S7er|
|000033d0| 58 66 52 35 71 71 2b 44 6d 39 5a 78 59 49 77 41 |XfR5qq+Dm9ZxYIwA|
|000033e0| 41 41 44 69 4c 53 31 5a 57 56 70 61 7a 4b 77 45 |AADiLS1ZWVpazKwE|
|000033f0| 41 4b 44 31 2f 2f 6e 6c 5a 68 34 2b 65 55 74 72 |AKD1//nlZh4+eUtr|
|00003400| 46 64 44 56 74 46 45 6a 76 50 77 41 41 77 45 30 |FdDVtFEjvPwAAwE0|
|00003410| 6f 4e 54 57 31 32 4e 63 67 41 41 41 41 41 41 41 |oNTW12NcgAAAAAAA|
|00003420| 41 34 41 5a 58 45 67 45 41 55 77 41 41 41 41 41 |A4AZXEgEAUwAAAAA|
|00003430| 41 41 44 41 41 41 67 41 41 41 41 41 41 41 41 79 |AADAAAgAAAAAAAAy|
|00003440| 41 41 41 41 41 41 41 41 41 41 41 4d 67 41 41 41 |AAAAAAAAAAAMgAAA|
|00003450| 41 41 41 41 41 77 41 41 49 41 41 41 41 41 41 41 |AAAAAwAAIAAAAAAA|
|00003460| 41 4d 41 41 43 41 41 41 41 41 41 41 41 44 49 41 |AMAACAAAAAAAADIA|
|00003470| 41 41 41 41 41 41 41 41 41 41 79 41 41 41 41 41 |AAAAAAAAAAyAAAAA|
|00003480| 41 41 41 44 41 41 41 67 41 41 41 41 41 41 41 41 |AAADAAAgAAAAAAAA|
|00003490| 77 41 41 49 41 41 41 41 41 41 41 41 4d 67 41 41 |wAAIAAAAAAAAMgAA|
|000034a0| 41 41 41 41 41 41 41 41 44 49 41 41 41 41 41 41 |AAAAAAAADIAAAAAA|
|000034b0| 41 41 4d 41 41 43 41 41 41 41 41 41 41 41 44 41 |AAMAACAAAAAAAADA|
|000034c0| 41 41 67 41 41 67 42 4e 59 46 42 38 62 70 2f 67 |AAgAAgBNYFB8bp/g|
|000034d0| 4d 4f 79 39 6c 4a 4f 6c 30 62 4a 4c 73 76 59 52 |MOy9lJOl0bJLsvYR|
|000034e0| 43 79 6b 6a 53 36 64 69 34 41 70 36 6c 57 61 66 |CykjS6di4Ap6lWaf|
|000034f0| 7a 2b 31 34 67 46 34 73 79 65 45 59 41 67 4a 73 |z+14gF4syeEYAgJs|
|00003500| 63 41 51 41 41 77 41 6b 75 61 4e 2f 55 65 64 71 |cAQAAwAkuaN/Uedq|
|00003510| 58 61 4f 65 6c 78 4d 4f 61 50 50 57 77 34 73 75 |XaOelxMOaPPWw4su|
|00003520| 38 54 6b 37 77 35 30 58 39 62 73 34 73 76 65 73 |8Tk7w50X9bs4sves|
|00003530| 6e 48 74 62 6b 71 66 4d 30 4a 39 4b 63 37 79 48 |nHtbkqfM0J9Kc7yH|
|00003540| 4a 6b 53 73 31 4f 62 2f 76 42 61 37 4b 4f 4c 68 |JkSs1Ob/vBa7KOLh|
|00003550| 57 6f 78 63 63 4a 70 67 43 41 4e 7a 55 43 41 41 |WoxccJpgCANzUCAA|
|00003560| 41 41 44 63 4a 73 2b 4a 6a 34 33 51 36 77 57 4c |AADcJs+Jj43Q6wWL|
|00003570| 33 31 61 75 39 73 31 64 36 76 65 4e 54 38 68 36 |31au9s1d6veNT8h6|
|00003580| 51 54 37 6e 56 4d 64 65 2f 52 30 6c 4c 76 33 42 |QT7nVMde/R0lLv3B|
|00003590| 47 42 77 38 65 31 2f 48 45 30 6d 31 57 37 74 75 |GBw8e1/HE0m1W7tu|
|000035a0| 65 58 36 41 53 70 38 32 72 34 33 4a 39 66 5a 31 |eX6ASp82r43J9fZ1|
|000035b0| 65 37 67 78 4c 77 59 33 66 6c 4b 51 38 6f 77 6e |e7gxLwY3flKQ8own|
|000035c0| 79 75 64 36 56 37 38 56 31 6e 37 4d 6a 78 78 54 |yud6V78V1n7MjxxT|
|000035d0| 34 6d 58 43 6b 33 46 4c 77 5a 30 63 57 4a 57 64 |4mXCk3FLwZ0cWJWd|
|000035e0| 6b 42 7a 58 4a 47 59 77 45 41 41 44 63 76 4d 6f |kBzXJGYwEAADcvMo|
|000035f0| 35 75 77 49 41 41 46 79 66 57 66 74 57 72 39 54 |5uwIAAFyfWftWr9T|
|00003600| 43 38 43 53 56 44 2f 4b 53 5a 30 71 53 6a 6d 56 |C8CSVD/KSZ0qSjmV|
|00003610| 34 71 65 75 6a 76 64 51 37 79 43 50 37 6b 4e 69 |4qeujvdQ7yCP7kNi|
|00003620| 74 47 6a 30 31 54 59 4d 65 76 71 42 31 32 7a 50 |tGj01TYMevqB12zP|
|00003630| 6c 55 30 56 4b 6a 6b 70 53 52 71 4d 32 47 6a 32 |lU0VKjkpSRqM2Gj2|
|00003640| 38 6d 54 4a 57 4c 39 47 63 67 35 4a 6e 6c 55 77 |8mTJWL9Gcg5JnlUw|
|00003650| 6c 52 79 56 4a 77 64 30 31 2b 74 45 47 38 72 78 |lRyVJwd01+tEG8rx|
|00003660| 36 6a 79 52 46 4c 4a 69 6e 4f 56 45 6d 31 66 58 |6jyRFLJinOVEm1fX|
|00003670| 32 6b 46 4b 53 64 45 79 2b 47 76 62 45 41 49 56 |2kFKSdEy+GvbEAIV|
|00003680| 36 6c 39 34 37 71 31 69 39 6c 75 71 6e 48 4e 65 |6l947q1i9luqnHNe|
|00003690| 52 45 39 47 53 61 78 33 56 38 54 4b 56 77 6c 31 |RE9GSax3V8TKVwl1|
|000036a0| 38 31 62 54 4b 4c 6b 58 45 68 71 71 33 6e 2f 55 |81bTKLkXEhqq3n/U|
|000036b0| 72 47 51 64 33 61 56 30 56 4c 77 57 6b 4a 47 55 |rGQd3aV0VLwWkJGU|
|000036c0| 58 70 4a 7a 51 6e 49 6d 37 56 48 66 38 63 4c 58 |XpJzQnIm7VHf8cLX|
|000036d0| 50 2f 62 34 7a 6f 6a 58 6e 31 57 30 4b 79 46 75 |P/b4zojXn1W0KyFu|
|000036e0| 65 49 79 56 61 4b 78 61 73 30 62 6f 6f 4b 53 44 |eIyVaKxas0booKSD|
|000036f0| 49 53 30 70 4a 55 76 6c 47 33 64 58 62 37 37 41 |IS0pJUvlG3dXb77A|
|00003700| 6d 52 77 5a 71 32 76 41 47 4b 69 2f 4a 73 65 66 |mRwZq2vAGKi/Jsef|
|00003710| 73 79 44 45 4f 66 43 59 79 44 6d 76 4f 71 32 73 |syDEOfCYyDmvOq2s|
|00003720| 55 4d 47 61 63 75 75 5a 2b 33 33 6e 4b 4d 77 36 |UMGacuuZ+33nKMw6|
|00003730| 75 31 65 6a 49 71 68 70 55 35 59 54 57 52 5a 76 |u1ejIqhpU5YTWRZv|
|00003740| 6b 63 2f 55 7a 30 6c 75 6a 48 77 32 55 70 36 54 |kc/Uz0lujHw2Up6T|
|00003750| 54 34 5a 39 6f 38 6d 70 4a 69 74 48 45 56 79 55 |T4Z9o8mpJitHEVyU|
|00003760| 70 52 4f 4f 6e 74 6c 56 41 45 62 38 6a 41 41 41 |pROOntlVAEb8jAAA|
|00003770| 34 43 77 45 41 41 4f 43 47 64 6e 72 31 62 4d 32 |4CwEAAOCGdnr1bM2|
|00003780| 4b 61 71 62 78 37 77 39 52 51 48 59 72 55 68 6c |Kaqbx7w9RQHYrUhl|
|00003790| 52 34 5a 6f 32 63 34 6e 57 6a 52 2b 75 72 6c 63 |R4Zo2c4nWjR+urlc|
|000037a0| 62 68 59 63 56 6b 54 46 45 45 38 66 37 5a 6a 63 |bhYcVkTFEE8f7Zjc|
|000037b0| 32 4d 2b 4b 30 62 75 59 38 7a 5a 6c 36 52 44 36 |2M+K0buY8zZl6RD6|
|000037c0| 74 65 32 6e 69 65 4b 38 72 4a 38 64 6f 78 63 7a |te2nieK8rJ8doxcz|
|000037d0| 46 57 68 6a 70 70 78 48 42 48 70 49 73 4f 72 5a |FWhjppxHBHpIsOrZ|
|000037e0| 73 6e 6c 59 6f 54 4a 4d 6e 58 67 73 46 6b 67 2b |snlYoTJMnXgsFkg+|
|000037f0| 75 30 4f 53 5a 61 2b 51 35 76 72 76 71 6c 69 2b |u0OSZa+Q5vrvqli+|
|00003800| 74 64 32 64 53 74 63 41 36 71 71 2f 6a 4f 6e 4c |td2dStcA6qq/jOnL|
|00003810| 38 75 46 53 6e 4e 45 49 41 50 34 57 32 72 71 71 |8uFSnNEIAP4W2rqq|
|00003820| 46 34 59 66 56 66 6e 69 65 30 43 4d 38 52 6c 31 |F4YfVfnie0CM8Rl1|
|00003830| 62 68 79 6c 2b 77 5a 72 73 6f 69 71 31 46 52 71 |bhyl+wZrsoiq1FRq|
|00003840| 38 52 67 74 33 78 36 6c 39 44 39 2b 72 52 32 5a |8Rgt3x6l9D9+rR2Z|
|00003850| 45 48 31 5a 45 6f 78 44 31 74 68 75 47 4a 47 6e |EH1ZEoxD1thuGJGn|
|00003860| 7a 37 42 57 4b 38 4f 36 75 79 56 4e 7a 72 6d 39 |z7BWK8O6uyVNzrm9|
|00003870| 52 66 4f 52 61 7a 56 6f 57 49 2f 6b 46 58 6a 6e |RfORazVoWI/kFXjn|
|00003880| 75 32 6e 4f 65 4f 4c 47 42 66 4b 36 55 78 6b 65 |u2nOeOLGBfK6Uxke|
|00003890| 75 30 4c 53 72 7a 39 6d 52 59 77 72 7a 6d 58 44 |u0LSrz9mRYwrzmXD|
|000038a0| 51 77 62 30 36 50 58 79 34 4a 6a 2b 63 45 78 35 |Qwb06PXy4Jj+cEx5|
|000038b0| 45 61 2b 48 6b 46 56 6f 59 4f 55 49 6a 67 6a 30 |Ea+HkFVoYOUIjgj0|
|000038c0| 55 45 44 5a 4f 30 37 78 58 61 4c 52 56 6d 41 45 |UEDZO07xXaLRVmAE|
|000038d0| 41 77 4d 32 48 4b 51 41 41 41 4b 65 4a 57 44 5a |AwM2HKQAAAKeJWDZ|
|000038e0| 50 30 32 62 6d 2b 62 64 73 37 37 55 44 4d 67 35 |P02bm+bds77UDMg5|
|000038f0| 72 58 62 69 48 42 6a 33 61 39 6d 70 44 54 35 4c |rXbiHBj3a9mpDT5L|
|00003900| 4b 42 34 56 70 55 4a 68 5a 4b 37 5a 48 35 78 71 |KB4VpUJhZK7ZH5xq|
|00003910| 57 48 71 69 75 72 58 32 76 4e 63 37 4b 2b 79 6f |WHqiurX2vNc7K+yo|
|00003920| 30 7a 46 2b 6e 59 2f 33 55 50 74 67 72 31 38 6e |0zF+nY/3UPtgr18n|
|00003930| 2b 61 74 2f 61 56 2f 73 4f 78 6d 61 66 6d 33 46 |+at/aV/sOxmafm3F|
|00003940| 43 6d 37 64 37 71 58 65 50 33 49 31 6a 79 62 4e |Cm7d7qXeP3I1jybN|
|00003950| 52 47 2f 58 32 50 71 7a 4e 30 61 55 39 48 63 43 |RG/X2PqzN0aU9HcC|
|00003960| 6b 61 6f 47 42 71 6c 50 31 73 68 4b 4f 48 39 65 |kaoGBqlP1shKOH9e|
|00003970| 70 2f 4b 66 72 46 35 6c 6e 55 49 69 36 70 75 7a |p/KfrF5lnUIi6puz|
|00003980| 53 76 6f 52 63 68 62 46 37 74 61 35 4b 6d 4e 6f |SvoRchbF7ta5KmNo|
|00003990| 33 79 6e 32 6b 6d 35 71 32 62 69 61 46 48 39 62 |3yn2km5q2biaFH9b|
|000039a0| 70 71 32 56 6d 37 59 75 4d 56 6d 68 77 62 61 76 |pq2Vm7YuMVmhwbav|
|000039b0| 6e 63 2b 30 36 68 37 55 75 4e 6c 43 44 2b 75 5a |nc+06h7UuNlCD+uZ|
|000039c0| 2b 66 6d 37 79 43 65 36 6d 33 6b 47 35 31 6a 66 |+fm7yCe6m3kG51jf|
|000039d0| 49 4f 4b 48 4e 32 7a 33 55 74 64 4f 31 68 72 30 |IOKHN2z3UtdO1hr0|
|000039e0| 6b 2b 51 52 33 30 2b 6a 68 7a 62 4c 50 64 65 69 |k+QR30+jhzbLPdei|
|000039f0| 59 77 6e 77 6d 48 4f 51 58 6f 71 36 4e 50 48 4a |YwnwmHOQXoq6NPHJ|
|00003a00| 64 4c 46 44 74 77 37 79 30 4c 7a 71 65 4f 66 38 |dLFDtw7y0LzqeOf8|
|00003a10| 41 67 46 73 4b 49 77 41 41 41 45 37 54 74 45 64 |AgFsKIwAAAE7TtEd|
|00003a20| 2f 36 2b 48 5a 6b 68 53 37 54 61 4e 6e 58 76 6e |/6+HZkhS7TaNnXvn|
|00003a30| 76 78 43 54 74 55 32 32 37 50 62 6f 2b 66 76 37 |vxCTtU227Pbo+fv7|
|00003a40| 53 73 6a 67 6c 50 78 78 34 70 62 46 59 56 5a 35 |SsjglPxx4pbFYVZ5|
|00003a50| 35 75 6d 59 39 71 2f 6a 59 6e 69 69 70 66 48 6e |5umY9q/jYniipfHn|
|00003a60| 33 61 31 38 6b 4a 6d 6d 66 6b 70 53 38 59 4a 34 |3a18kJmmfkpS8YJ4|
|00003a70| 69 38 68 79 58 6e 43 44 46 4a 31 79 51 47 76 6d |i8hyXnCDFJ1yQGvm|
|00003a80| 71 56 4a 6c 2f 56 30 4b 61 4a 50 64 71 71 75 5a |qVJl/V0KaJPdqquZ|
|00003a90| 52 34 4e 46 46 34 4b 57 6d 72 55 32 61 76 44 31 |R4NFF4KWmrU2avD1|
|00003aa0| 61 6f 51 38 48 71 72 77 73 32 72 64 39 72 2b 6f |aoQ8Hqrws2rd9r+o|
|00003ab0| 47 74 35 47 6e 54 6c 67 66 36 74 64 4d 58 66 31 |Gt5GnTlgf6tdMXf1|
|00003ac0| 6d 61 2f 50 42 4e 68 72 57 79 45 31 4b 4f 4b 7a |ma/PBNhrWyE1KOKz|
|00003ad0| 4e 73 63 30 30 61 4c 69 62 33 53 74 6e 70 46 78 |Nsc00aLib3StnpFx|
|00003ae0| 51 63 6c 43 67 56 57 4d 38 6d 35 73 43 41 6e 32 |QclCgVWM8m5sCAn2|
|00003af0| 6c 67 31 65 2b 7a 50 64 37 36 53 59 66 76 79 76 |lg1e+zPd76SYfvyv|
|00003b00| 50 4e 37 59 34 78 39 6a 37 54 44 69 6f 69 6f 64 |PN7Y4x9j7TDioiod|
|00003b10| 4e 75 4f 46 5a 70 61 71 55 55 59 6f 4c 4e 41 49 |NuOFZpaqUUYoLNAI|
|00003b20| 41 34 41 51 45 41 41 41 41 70 79 6c 66 33 6b 33 |A4AQEAAAApylf3k3|
|00003b30| 6c 38 7a 59 63 79 2b 63 64 41 70 2b 57 76 65 69 |l8zYcy+cdAp+Wvei|
|00003b40| 61 76 58 48 58 56 55 70 71 75 4c 79 2f 32 76 63 |avXHXVUpquLy/2vc|
|00003b50| 49 73 64 39 6f 64 4b 74 61 51 76 66 49 68 7a 6c |Isd9odKtaQvfIhzl|
|00003b60| 4f 42 34 34 6e 4b 4e 6e 6b 72 57 62 31 66 56 55 |OB44nKNnkrWb1fVU|
|00003b70| 71 37 58 39 4a 6e 73 46 74 46 4c 70 36 6d 2f 61 |q7X9JnsFtFLp6m/a|
|00003b80| 46 42 53 6f 30 59 36 2f 57 4a 59 52 6f 30 4b 4e |FBSo0Y6/WJYRo0KN|
|00003b90| 75 73 75 33 69 39 6c 4c 54 31 72 35 61 47 48 6c |usu3i9lLT1r5aGHl|
|00003ba0| 43 76 52 73 31 55 45 62 30 45 53 6d 73 31 2f 58 |CvRs1UEb0ESms1/X|
|00003bb0| 6e 75 32 65 59 37 66 61 55 5a 31 6a 79 4e 71 41 |nu2eY7faUZ1jyNqA|
|00003bc0| 64 61 56 41 37 63 6f 77 6a 6e 77 6b 54 51 2f 55 |daVA7cowjnwkTQ/U|
|00003bd0| 42 41 4d 69 44 4b 51 41 41 67 42 74 58 64 56 2b |BAMiDKQAAgBtXdV+|
|00003be0| 31 56 37 53 4f 32 57 78 52 5a 39 47 78 79 47 68 |1V7SO2WxRZ9GxyGh|
|00003bf0| 35 4e 76 49 76 58 45 39 76 76 76 65 34 6f 41 77 |5NvIvXE9vvve4oAw|
|00003c00| 33 58 77 58 34 35 66 35 6e 55 6b 5a 73 74 4a 4a |3XwX45f5nUkZstJJ|
|00003c10| 6c 76 2b 65 37 52 4f 52 74 2f 4a 64 71 4c 4f 2b |lv+e7RORt/JdqLO+|
|00003c20| 76 30 4c 42 4d 62 54 34 59 70 39 4f 37 64 38 6d |v0LBMbT4Yp9O7d8m|
|00003c30| 7a 64 62 4e 38 47 2f 57 65 6a 55 49 55 65 6e 43 |zdbN8G/WejUIUenC|
|00003c40| 76 6a 69 58 45 4b 53 4c 63 70 50 61 4e 76 50 49 |vjiXEKSLcpPaNvPI|
|00003c50| 35 55 69 70 66 33 55 63 42 73 55 64 30 4c 43 48 |5Uipf3UcBsUd0LCH|
|00003c60| 76 4b 30 6b 36 46 70 6c 30 37 63 76 71 76 6d 71 |vK0k6Fpl07cvqvmq|
|00003c70| 76 77 39 6f 58 61 33 76 63 76 75 31 62 73 36 63 |vw9oXa3vcvu1bs6c|
|00003c80| 6e 4f 48 79 4d 41 35 2b 4a 38 75 37 79 71 53 4c |nOHyMA5+J8u7yqSL|
|00003c90| 46 70 2b 53 5a 77 70 46 69 56 6e 4b 2b 37 77 59 |Fp+SZwpFiVnK+7wY|
|00003ca0| 41 67 46 73 62 41 51 41 41 34 4d 5a 56 50 6c 44 |AgFsbAQAA4MZVPlD|
|00003cb0| 74 48 2f 62 51 75 74 6b 72 46 42 46 37 5a 58 4a |tH/bQutkrFBF7ZXJ|
|00003cc0| 38 52 70 4c 32 72 56 36 69 68 62 47 42 47 74 53 |8RpL2rV6ihbGBGtS|
|00003cd0| 36 42 49 62 6d 6c 77 39 55 2b 34 65 6c 68 51 76 |6BIbmlw9U+4elhQv|
|00003ce0| 57 4c 68 30 78 46 51 41 41 49 41 42 4a 52 45 46 |WLh0xFQAAIABJREF|
|00003cf0| 55 61 4e 2f 56 37 65 54 4d 4f 72 5a 36 70 61 5a |UaN/V7eTMOrZ6paZ|
|00003d00| 46 53 6a 36 6c 75 41 74 41 2b 69 57 7a 4c 70 6d |FSj6luAtA+iWzLpm|
|00003d10| 71 6c 55 48 6a 50 35 74 50 6f 78 42 35 4c 70 75 |qlUHjP5tPoxB5Lpu|
|00003d20| 6e 79 65 48 2b 43 6d 31 30 6e 62 45 47 35 51 50 |nyeH+Cm10nbEG5QP|
|00003d30| 56 50 69 78 4a 6d 78 65 73 31 62 71 67 45 44 57 |VPixJmxes1bqgEDW|
|00003d40| 74 63 70 32 4c 65 6a 64 54 37 39 5a 6d 36 2b 65 |tcp2LejdT79Zm6+e|
|00003d50| 58 6b 61 52 39 79 39 59 71 51 72 6e 58 58 72 6a |XkaR9y9YqQrnXXrj|
|00003d60| 79 76 56 79 57 2b 7a 6b 6e 61 64 2b 79 6c 5a 6f |yvVyW+zknad+ylZo|
|00003d70| 56 61 63 70 2b 7a 6f 55 35 70 73 44 50 68 4b 2b |Vacp+zoU5psDPhK+|
|00003d80| 61 74 76 5a 53 52 50 69 47 61 39 64 4b 69 64 47 |atvZSRPiGa9dKidG|
|00003d90| 4b 42 64 74 79 72 57 39 51 53 43 6c 4a 69 6d 63 |KBdtyrW9QSClJimc|
|00003da0| 62 51 41 44 41 54 59 77 70 41 41 43 41 47 35 70 |bQADATYwpAACAG5p|
|00003db0| 50 36 2b 47 61 57 43 56 63 4b 78 62 4d 30 70 77 |P6+GaWCVcKxbM0pw|
|00003dc0| 45 53 54 4c 4a 4a 7a 68 45 49 38 61 48 32 70 6c |ESTLJJzhEI8aH2pl|
|00003dd0| 33 58 70 78 37 72 4e 48 43 6d 5a 39 6f 56 73 71 |3Xpx7rNHCmZ9oVsq|
|00003de0| 31 65 34 77 66 47 56 72 38 45 51 62 58 55 62 46 |1e4wfGVr8EQbXUbF|
|00003df0| 36 6b 45 4b 71 6c 2b 49 4e 38 71 72 53 51 46 33 |6kEKql+IN8qrSQF3|
|00003e00| 44 77 70 58 73 46 71 4b 6d 42 54 79 37 67 45 62 |DwpXsFqKmBTy7gEb|
|00003e10| 4e 6c 42 79 2b 56 31 30 66 44 69 78 67 4b 4c 32 |NlBy+V10fDixgKL2|
|00003e20| 62 36 6a 34 38 58 43 4e 57 72 39 53 4b 79 5a 39 |b6j48XCNWr9SKyZ9|
|00003e30| 6f 6c 69 52 35 2b 36 70 72 6a 31 34 61 45 62 52 |oliR5+6prj14aEbR|
|00003e40| 42 34 79 4f 76 48 65 6e 54 65 72 41 6d 75 71 33 |B4yOvHenTerAmuq3|
|00003e50| 56 4c 4b 76 6e 33 46 59 54 52 7a 61 37 2b 70 77 |VLKvn3FYTRza7+pw|
|00003e60| 64 4f 38 61 78 7a 34 52 50 57 48 2b 4e 74 71 7a |dO8axz4RPWH+Ntqz|
|00003e70| 55 77 69 76 31 38 76 51 4f 56 4f 38 65 59 57 6f |Uwiv18vQOVO8eYWo|
|00003e80| 36 4f 39 7a 52 4a 33 5a 56 2b 55 5a 74 4e 4f 7a |6O9zRJ3ZV+UZtNOz|
|00003e90| 67 59 73 31 36 64 5a 65 53 32 51 59 51 41 48 43 |gYs16dZeS2QYQAHC|
|00003ea0| 54 63 73 6e 4b 79 73 70 79 64 69 55 41 41 48 42 |TcsnKyspydiUAAHB|
|00003eb0| 49 68 6b 55 71 58 34 70 44 38 73 76 71 48 6a 65 |IhkUqX4pD8svqHje|
|00003ec0| 44 32 48 43 4e 58 2b 61 75 30 57 4d 4b 46 34 4a |D2HCNX+au0WMKF4J|
|00003ed0| 6b 5a 4d 68 32 58 51 65 37 42 7a 72 77 6e 45 76 |kZMh2XQe7BzrwnEv|
|00003ee0| 71 47 47 55 76 64 63 43 61 41 41 43 41 6d 31 6c |qGGUvdcCaAACAm1l|
|00003ef0| 71 61 6d 71 78 72 38 45 55 41 41 44 41 7a 61 4d |qamqxr8EUAADAzaM|
|00003f00| 73 47 75 59 30 2f 71 55 72 75 77 52 34 42 68 64 |sGuY0/qUruwR4Bhd|
|00003f10| 79 4e 58 30 35 32 50 69 58 48 48 76 4f 4a 58 57 |yNX052PiXHHvOJXW|
|00003f20| 4d 61 50 77 44 41 43 41 52 41 41 41 41 67 4c 78 |MaPwDACARAAAAgLx|
|00003f30| 53 54 69 67 69 30 76 65 36 69 2f 38 42 41 49 43 |STigi0ve6i/8BAIC|
|00003f40| 62 44 77 45 41 41 41 43 77 45 68 38 56 72 59 79 |bDwEAAACwEh8VrYy|
|00003f50| 77 41 68 62 2f 41 77 41 41 4e 78 33 57 41 41 41 |wAhb/AwAANx3WAAA|
|00003f60| 41 41 41 41 41 34 41 62 48 47 67 41 41 41 41 41 |AAAAA4AbHGgAAAAA|
|00003f70| 41 41 4d 41 68 42 41 41 41 41 41 41 41 41 42 67 |AAMAhBAAAAAAAABg|
|00003f80| 41 41 51 41 41 41 41 41 41 41 41 5a 41 41 41 41 |AAQAAAAAAAAZAAAA|
|00003f90| 41 41 41 41 41 67 41 45 51 41 41 41 41 41 41 41 |AAAAAgAEQAAAAAAA|
|00003fa0| 41 59 41 41 45 41 41 41 41 41 41 41 41 47 41 41 |AYAAEAAAAAAAAGAA|
|00003fb0| 42 41 41 41 41 41 41 41 41 42 6b 41 41 41 41 41 |BAAAAAAAABkAAAAA|
|00003fc0| 41 41 41 43 41 41 52 41 41 41 41 41 41 41 41 42 |AAACAARAAAAAAAAB|
|00003fd0| 67 41 41 51 41 41 41 41 41 41 41 41 59 41 41 45 |gAAQAAAAAAAAYAAE|
|00003fe0| 41 41 41 41 41 41 41 41 47 51 41 41 41 41 41 41 |AAAAAAAAGQAAAAAA|
|00003ff0| 41 41 49 41 42 45 41 41 41 41 41 41 41 41 47 41 |AAIABEAAAAAAAAGA|
|00004000| 41 42 41 41 41 41 41 41 41 41 42 67 41 41 51 41 |ABAAAAAAAABgAAQA|
|00004010| 41 41 41 41 41 41 41 5a 41 41 41 41 41 41 41 41 |AAAAAAAZAAAAAAAA|
|00004020| 41 67 41 45 51 41 41 41 41 41 41 41 41 59 41 41 |AgAEQAAAAAAAAYAA|
|00004030| 45 41 41 41 41 41 41 41 41 47 41 41 42 41 41 41 |EAAAAAAAAGAABAAA|
|00004040| 41 41 41 41 41 42 6b 41 41 41 41 41 41 41 41 43 |AAAAABkAAAAAAAAC|
|00004050| 41 41 52 41 41 41 41 41 41 41 41 42 67 41 41 51 |AARAAAAAAAABgAAQ|
|00004060| 41 41 41 41 41 41 41 41 59 41 41 45 41 41 41 41 |AAAAAAAAYAAEAAAA|
|00004070| 41 41 41 41 47 51 41 41 41 41 41 41 41 41 49 41 |AAAAGQAAAAAAAAIA|
|00004080| 42 45 41 41 41 41 41 41 41 41 47 41 41 42 41 41 |BEAAAAAAAAGAABAA|
|00004090| 41 41 41 41 41 41 42 67 41 41 51 41 41 41 41 41 |AAAAAABgAAQAAAAA|
|000040a0| 41 41 41 5a 41 41 41 41 41 41 41 41 41 67 41 45 |AAAZAAAAAAAAAgAE|
|000040b0| 51 41 41 41 41 41 41 41 41 59 41 41 45 41 41 41 |QAAAAAAAAYAAEAAA|
|000040c0| 41 41 41 41 41 47 41 41 42 41 41 41 41 41 41 41 |AAAAAGAABAAAAAAA|
|000040d0| 41 42 6b 41 41 41 41 41 41 41 41 43 41 41 52 41 |ABkAAAAAAAACAARA|
|000040e0| 41 41 41 41 41 41 41 42 67 41 41 51 41 41 41 41 |AAAAAAABgAAQAAAA|
|000040f0| 41 41 41 41 59 41 41 45 41 41 41 41 41 41 41 41 |AAAAYAAEAAAAAAAA|
|00004100| 47 51 41 41 41 41 41 41 41 41 49 41 42 45 41 41 |GQAAAAAAAAIABEAA|
|00004110| 41 41 41 41 41 41 47 41 41 42 41 41 41 41 41 41 |AAAAAAGAABAAAAAA|
|00004120| 41 41 42 67 41 41 51 41 41 41 41 41 41 41 41 5a |AABgAAQAAAAAAAAZ|
|00004130| 41 41 41 41 41 41 41 41 41 67 41 45 51 41 41 41 |AAAAAAAAAgAEQAAA|
|00004140| 41 41 41 41 41 59 41 41 45 41 41 41 41 41 41 41 |AAAAAYAAEAAAAAAA|
|00004150| 41 47 41 41 42 41 41 41 41 41 41 41 41 42 6b 41 |AGAABAAAAAAAABkA|
|00004160| 41 41 41 41 41 41 41 43 41 41 52 41 41 41 41 41 |AAAAAAACAARAAAAA|
|00004170| 41 41 41 42 67 41 41 51 41 41 41 41 41 41 41 41 |AAABgAAQAAAAAAAA|
|00004180| 59 41 41 45 41 41 41 41 41 41 41 41 47 51 41 41 |YAAEAAAAAAAAGQAA|
|00004190| 41 41 41 41 41 41 49 41 42 45 41 41 41 41 41 41 |AAAAAAIABEAAAAAA|
|000041a0| 41 41 47 41 41 42 41 41 41 41 41 41 41 41 42 67 |AAGAABAAAAAAAABg|
|000041b0| 41 41 51 41 41 41 41 41 41 41 41 5a 41 41 41 41 |AAQAAAAAAAAZAAAA|
|000041c0| 41 41 41 41 41 67 41 45 51 41 41 41 41 41 41 41 |AAAAAgAEQAAAAAAA|
|000041d0| 41 59 41 41 45 41 41 41 41 41 41 41 41 47 41 41 |AYAAEAAAAAAAAGAA|
|000041e0| 42 41 41 41 41 41 41 41 41 42 6b 41 41 41 41 41 |BAAAAAAAABkAAAAA|
|000041f0| 41 41 41 43 41 41 52 41 41 41 41 41 41 41 41 42 |AAACAARAAAAAAAAB|
|00004200| 67 41 41 51 41 41 41 41 41 41 41 41 59 41 41 45 |gAAQAAAAAAAAYAAE|
|00004210| 41 41 41 41 41 41 41 41 47 51 41 41 41 41 41 41 |AAAAAAAAGQAAAAAA|
|00004220| 41 41 49 41 42 45 41 41 41 41 41 41 41 41 47 41 |AAIABEAAAAAAAAGA|
|00004230| 41 42 41 41 41 41 41 41 41 41 42 67 41 41 51 41 |ABAAAAAAAABgAAQA|
|00004240| 41 41 41 41 41 41 41 5a 41 41 41 41 41 41 41 41 |AAAAAAAZAAAAAAAA|
|00004250| 41 67 41 45 51 41 41 41 41 41 41 41 41 59 41 41 |AgAEQAAAAAAAAYAA|
|00004260| 45 41 41 41 41 41 41 41 41 47 41 41 42 41 41 41 |EAAAAAAAAGAABAAA|
|00004270| 41 41 41 41 41 42 6b 41 41 41 41 41 41 41 41 43 |AAAAABkAAAAAAAAC|
|00004280| 41 41 52 41 41 41 41 41 41 41 41 42 67 41 41 51 |AARAAAAAAAABgAAQ|
|00004290| 41 41 41 41 41 41 41 41 59 41 41 45 41 41 41 41 |AAAAAAAAYAAEAAAA|
|000042a0| 41 41 41 41 47 51 41 41 41 41 41 41 41 41 49 41 |AAAAGQAAAAAAAAIA|
|000042b0| 42 45 41 41 41 41 41 41 41 41 47 41 41 42 41 41 |BEAAAAAAAAGAABAA|
|000042c0| 41 41 41 41 41 41 42 67 41 41 51 41 41 41 41 41 |AAAAAABgAAQAAAAA|
|000042d0| 41 41 41 5a 41 41 41 41 41 41 41 41 41 67 41 45 |AAAZAAAAAAAAAgAE|
|000042e0| 51 41 41 41 41 41 41 41 41 59 41 41 45 41 41 41 |QAAAAAAAAYAAEAAA|
|000042f0| 41 41 41 41 41 47 41 41 42 41 41 41 41 41 41 41 |AAAAAGAABAAAAAAA|
|00004300| 41 42 6b 41 41 41 41 41 41 41 41 43 41 41 52 41 |ABkAAAAAAAACAARA|
|00004310| 41 41 41 41 41 41 41 42 67 41 41 51 41 41 41 41 |AAAAAAABgAAQAAAA|
|00004320| 41 41 41 41 59 41 41 45 41 41 41 41 41 41 41 41 |AAAAYAAEAAAAAAAA|
|00004330| 47 51 41 41 41 41 41 41 41 41 49 41 42 45 41 41 |GQAAAAAAAAIABEAA|
|00004340| 41 41 41 41 41 41 47 41 41 42 41 41 41 41 41 41 |AAAAAAGAABAAAAAA|
|00004350| 41 41 42 67 41 41 51 41 41 41 41 41 41 41 41 5a |AABgAAQAAAAAAAAZ|
|00004360| 41 41 41 41 41 41 41 41 41 67 41 45 51 41 41 41 |AAAAAAAAAgAEQAAA|
|00004370| 41 41 41 41 41 59 41 41 45 41 41 41 41 41 41 41 |AAAAAYAAEAAAAAAA|
|00004380| 41 47 41 41 42 41 41 41 41 41 41 41 41 42 6b 41 |AGAABAAAAAAAABkA|
|00004390| 41 41 41 41 41 41 41 43 41 41 52 41 41 41 41 41 |AAAAAAACAARAAAAA|
|000043a0| 41 41 41 42 67 41 41 51 41 41 41 41 41 41 41 41 |AAABgAAQAAAAAAAA|
|000043b0| 59 41 41 45 41 41 41 41 41 41 41 41 47 51 41 41 |YAAEAAAAAAAAGQAA|
|000043c0| 41 41 41 41 41 41 49 41 42 45 41 41 41 41 41 41 |AAAAAAIABEAAAAAA|
|000043d0| 41 41 47 41 41 42 41 41 41 41 41 41 41 41 42 67 |AAGAABAAAAAAAABg|
|000043e0| 41 41 51 41 41 41 41 41 41 41 41 5a 41 41 41 41 |AAQAAAAAAAAZAAAA|
|000043f0| 41 41 41 41 41 67 41 45 51 41 41 41 41 41 41 41 |AAAAAgAEQAAAAAAA|
|00004400| 41 59 41 41 45 41 41 41 41 41 41 41 41 47 41 41 |AYAAEAAAAAAAAGAA|
|00004410| 42 41 41 41 41 41 41 41 41 42 6c 44 4f 32 52 55 |BAAAAAAAABlDO2RU|
|00004420| 6f 6a 44 38 53 45 35 78 64 42 51 41 41 41 41 44 |ojD8SE5xdBQAAAAD|
|00004430| 41 4c 65 4c 32 36 74 37 4f 72 6b 4b 5a 59 67 51 |ALeL26t7OrkKZYgQ|
|00004440| 41 41 41 41 41 41 41 41 47 51 41 41 41 41 41 41 |AAAAAAAAGQAAAAAA|
|00004450| 41 41 49 41 42 45 41 41 41 41 41 41 41 41 47 41 |AAIABEAAAAAAAAGA|
|00004460| 41 42 41 41 41 41 41 41 41 41 42 67 41 41 51 41 |ABAAAAAAAABgAAQA|
|00004470| 41 41 41 41 41 41 41 5a 41 41 41 41 41 41 41 41 |AAAAAAAZAAAAAAAA|
|00004480| 41 67 41 45 51 41 41 41 41 41 41 41 41 59 41 41 |AgAEQAAAAAAAAYAA|
|00004490| 45 41 41 41 41 41 41 41 41 47 41 41 42 41 41 41 |EAAAAAAAAGAABAAA|
|000044a0| 41 41 41 41 41 42 6b 41 41 41 41 41 41 41 41 43 |AAAAABkAAAAAAAAC|
|000044b0| 41 41 52 41 41 41 41 41 41 41 41 42 67 41 41 51 |AARAAAAAAAABgAAQ|
|000044c0| 41 41 41 41 41 41 41 41 59 41 41 45 41 41 41 41 |AAAAAAAAYAAEAAAA|
|000044d0| 41 41 41 41 47 51 41 41 41 41 41 41 41 41 49 41 |AAAAGQAAAAAAAAIA|
|000044e0| 42 45 41 41 41 41 41 41 41 41 47 41 41 42 41 41 |BEAAAAAAAAGAABAA|
|000044f0| 41 41 41 41 41 41 42 67 41 41 51 41 41 41 41 41 |AAAAAABgAAQAAAAA|
|00004500| 41 41 41 5a 41 41 41 41 41 41 41 41 41 67 41 45 |AAAZAAAAAAAAAgAE|
|00004510| 51 41 41 41 41 41 41 41 41 59 41 41 45 41 41 41 |QAAAAAAAAYAAEAAA|
|00004520| 41 41 41 41 41 47 41 41 42 41 41 41 41 41 41 41 |AAAAAGAABAAAAAAA|
|00004530| 41 42 6b 41 41 55 41 4b 69 56 71 2f 55 6f 6f 65 |ABkAAUAKiVq/Uooe|
|00004540| 37 61 64 48 44 33 52 53 31 65 71 57 7a 71 77 4d |7adHD3RS1eqWzqwM|
|00004550| 41 41 41 41 41 67 41 30 43 67 47 49 36 76 58 57 |AAAAAgA0CgGI6vXW|
|00004560| 6a 74 72 37 33 70 74 78 39 61 69 67 72 53 39 72 |jtr73ptx9aigrS9r|
|00004570| 36 33 70 73 36 76 58 57 6a 73 36 73 46 41 41 41 |63ps6vXWjs6sFAAA|
|00004580| 41 41 49 41 56 6c 36 79 73 72 43 78 6e 56 38 4a |AAIAVl6ysrCxnV8J|
|00004590| 52 66 79 51 6d 4f 4c 73 4b 56 69 7a 6d 56 4b 30 |RfyQmOLsKVizmVK0|
|000045a0| 59 4e 6c 42 5a 57 56 4b 66 72 78 5a 4a 6b 68 62 |YNlBZWVKfrxZJkhb|
|000045b0| 31 37 53 61 33 79 70 55 31 63 4e 6c 61 4a 39 63 |17Sa3ypU1cNlaJ9c|
|000045c0| 4f 41 41 41 41 41 48 41 39 74 31 66 33 64 6e 59 |OAAAAAHA9t1f3dnY|
|000045d0| 56 48 4a 61 61 6d 6c 72 73 61 7a 41 43 6f 42 67 |VHJaamlrsazACoBg|
|000045e0| 4f 4c 35 6f 76 63 39 77 35 4e 58 39 79 68 4e 77 |OL5ovc9w5NX9yhNw|
|000045f0| 38 4b 73 76 4e 6f 37 4a 43 52 37 38 73 63 39 77 |8KsvNo7JCR78sc9w|
|00004600| 35 37 66 6c 38 70 72 4f 72 42 77 41 41 41 41 44 |57fl8prOrBwAAAAD|
|00004610| 41 56 51 51 41 52 57 51 2b 64 31 61 48 46 73 2b |AVQQARWQ+d1aHFs+|
|00004620| 58 62 37 4f 57 43 75 72 52 36 32 70 35 55 49 39 |Xb7OWCurR62p5UI9|
|00004630| 65 38 6d 33 57 55 6f 63 57 7a 35 66 35 33 46 6b |e8m3WUocWz5f53Fk|
|00004640| 6e 31 68 41 41 41 41 41 41 67 47 73 49 41 49 70 |n1hAAAAAAgGsIAIp|
|00004650| 6f 7a 2b 78 5a 79 6b 77 7a 71 2f 6e 77 45 54 61 |oz+xZykwzq/nwETa|
|00004660| 76 4e 52 38 2b 51 70 6c 70 5a 75 32 5a 50 63 73 |vNR8+QplpZu2ZPcs|
|00004670| 4a 4e 51 4d 41 41 41 41 41 77 42 59 42 51 42 48 |JNQMAAAAAwBYBQBH|
|00004680| 45 2f 52 4b 70 36 44 57 72 46 4e 69 39 70 33 78 |E/RKp6DWrFNi9p3x|
|00004690| 62 42 4e 75 38 37 74 73 69 57 49 48 64 65 79 70 |bBNu87tsiWIHdeyp|
|000046a0| 36 7a 53 72 46 2f 52 4c 70 68 42 6f 43 41 41 41 |6zSrF/RLphBoCAAA|
|000046b0| 41 67 4c 4e 59 46 44 58 6a 5a 61 33 62 55 34 67 |AgLNYFDXjZa3bU4g|
|000046c0| 35 36 35 59 44 57 76 33 63 62 42 30 31 6c 31 36 |565YDWv3cbB01l16|
|000046d0| 74 51 41 42 51 4a 48 74 6d 7a 35 4b 70 6b 72 74 |tQABQJHtmz5Kpkrt|
|000046e0| 56 37 2f 2b 32 79 57 39 72 2b 77 66 76 58 50 32 |V7/+2yW9r+wfvXP2|
|000046f0| 36 2b 66 41 52 4d 6c 56 79 31 35 34 76 47 51 56 |6+fARMlVy154vGQV|
|00004700| 51 65 69 78 4b 50 48 52 41 69 5a 59 53 76 6d 7a |QeixKPHRAiZYSvmz|
|00004710| 53 4b 52 32 4e 4b 76 34 43 47 30 35 6e 4f 61 75 |SKR2NKv4CG05nOau|
|00004720| 6f 51 32 65 56 37 75 78 36 41 41 41 41 77 47 44 |oQ2eV7ux6AAAAwGD|
|00004730| 63 35 4e 6e 51 51 34 6e 50 50 36 75 56 45 51 37 |c5NnQQ4nPP6uVEQ7|
|00004740| 38 58 57 30 2b 6f 4e 57 50 44 31 57 63 65 34 43 |8XW0+oNWPD1Wce4C|
|00004750| 38 50 45 71 2f 64 6b 5a 47 41 46 42 49 55 61 74 |8PEq/dkZGAFBIUat|
|00004760| 58 4b 6d 37 76 62 6a 55 63 4f 45 51 65 4e 65 36 |XKm7vbjUcOEQeNe6|
|00004770| 36 57 6e 37 2b 2b 46 47 64 50 33 37 30 36 74 63 |6Wn7++FGdP3706tc|
|00004780| 65 4e 65 35 53 77 34 46 44 46 4c 64 6e 74 36 4a |eNe5Sw4FDFLdnt6J|
|00004790| 57 72 33 52 43 54 63 39 71 2f 34 78 35 57 6d 66 |Wr3RCTc9q/4x5Wmf|
|000047a0| 6e 33 2f 34 34 4a 31 53 6e 30 4d 37 72 64 4d 51 |n3/44J1Sn0M7rdMQ|
|000047b0| 36 62 5a 77 78 54 2b 74 6d 72 4e 54 50 55 65 64 |6bZwxT+tmrNTPUed|
|000047c0| 6c 30 38 35 50 32 71 53 4e 7a 77 7a 56 6a 32 74 |l085P2qSNzwzVj2t|
|000047d0| 79 31 6c 71 77 4b 4e 32 63 61 6e 74 63 49 55 58 |y1lqwKN2cantcIUX|
|000047e0| 4e 37 61 30 64 77 32 62 70 55 45 6b 48 43 32 55 |N7a0dw2bpUEkHC2U|
|000047f0| 73 4b 58 79 4b 74 6a 34 7a 53 5a 47 6c 2b 66 30 |sKXyKtj4zSZGl+f0|
|00004800| 2b 4e 46 75 66 50 7a 42 62 55 54 6c 66 57 38 37 |+NFufPzBbUTlfW87|
|00004810| 72 66 33 73 4f 4b 49 37 6b 46 67 41 41 77 4e 43 |rf3sOKI7kFgAAwNC|
|00004820| 71 74 33 31 44 50 54 39 75 71 5a 53 78 7a 2b 72 |qt31DPT9uqZSxz+r|
|00004830| 62 72 64 64 5a 47 79 30 70 55 69 75 66 48 71 71 |brddZGy0pUiufHqq|
|00004840| 6b 68 6a 50 55 38 34 4f 4f 71 6c 35 32 56 54 53 |khjPU84OOql52VTS|
|00004850| 6b 63 73 36 75 77 4d 33 45 59 6b 35 56 78 50 51 |kcs6uwM3EYk5VxPQ|
|00004860| 70 63 76 65 70 6f 65 5a 50 6a 53 7a 77 2b 4f 5a |pcvepoeZPjSzw+OZ|
|00004870| 50 6a 56 54 55 6d 6c 57 4b 6d 44 35 46 2f 6d 30 |PjVTUmlWKmD5F/m0|
|00004880| 37 79 4d 32 6a 63 68 6e 55 4d 6b 65 53 66 70 30 |7yM2jchnUMkeSfp0|
|00004890| 33 52 66 62 61 66 70 66 62 44 6c 45 54 33 7a 4b |3RfbafpfbDlET3zK|
|000048a0| 73 53 69 45 6c 52 30 7a 54 71 76 46 66 4b 74 4f |sSiElR0zTqvFfKtO|
|000048b0| 6e 70 2b 35 73 57 30 64 75 6d 51 63 55 2f 66 79 |np+5sW0dumQcU/fy|
|000048c0| 62 4f 71 43 65 43 76 7a 76 36 32 72 6e 37 35 5a |bOqCeCvzv62rn75Z|
|000048d0| 39 6f 46 63 48 64 66 78 73 72 68 52 34 4a 59 68 |9oFcHdfxsrhR4JYh|
|000048e0| 4a 32 71 52 56 66 31 75 6e 75 37 2b 62 70 74 5a |J2qRVf1unu7+bptZ|
|000048f0| 65 52 62 39 2f 30 4e 41 56 75 74 7a 64 53 2f 58 |eRb9/0NAVutzdS/X|
|00004900| 63 69 76 39 65 6e 4d 6b 72 62 4a 7a 61 2b 6b 74 |civ9enMkrbJza+kt|
|00004910| 33 6c 2b 58 33 4f 6d 32 33 49 70 2f 50 2f 68 37 |3l+X3Om23Ip/P/h7|
|00004920| 63 77 42 38 78 41 41 41 41 6c 41 48 50 30 4e 48 |cwB8xAAAAlAHP0NH|
|00004930| 71 38 35 2f 5a 57 76 37 38 55 31 72 79 39 75 66 |q85/ZWv78U1ry9uf|
|00004940| 71 33 2f 6b 75 36 77 50 69 64 75 6a 62 4d 63 38 |q3/ku6wPidujbMc8|
|00004950| 71 72 66 6e 6e 36 76 6c 79 73 44 79 64 55 30 31 |qrfnn6vlysDydU01|
|00004960| 44 49 51 41 6f 68 4d 4f 4c 35 69 73 7a 7a 61 79 |DIQAohMOL5iszzay|
|00004970| 32 72 37 39 54 38 4d 46 58 68 49 34 65 70 2f 44 |2r79T8MFXhI4ep/D|
|00004980| 78 59 33 52 34 30 58 79 48 51 6f 50 53 34 42 72 |xY3R40XyHQoPS4Br|
|00004990| 79 68 48 77 44 71 31 33 39 32 74 64 4c 6b 6c 4a |yhHwDq1392tdLklJ|
|000049a0| 31 5a 73 39 78 70 55 6b 79 2b 54 62 57 76 62 34 |1Zs9xpUky+TbWvb4|
|000049b0| 57 6e 54 6c 30 54 6d 36 42 64 56 58 6c 77 6a 47 |WnTl0Tm6BdVXlwjG|
|000049c0| 64 6a 44 4e 4c 71 71 61 37 6d 39 38 6a 55 39 77 |djDNLqqa7m98jU9w|
|000049d0| 78 6e 63 79 73 6f 58 72 2b 4f 51 46 47 71 73 34 |xncysoXr+OQFGqs4|
|000049e0| 63 4f 71 36 30 54 45 6e 79 6b 46 65 44 75 71 71 |cOq60TEnykFeDuqq|
|000049f0| 65 71 37 46 73 69 63 76 6e 66 4a 38 6b 2f 62 78 |eq7FsicvnfJ8k/bx|
|00004a00| 69 68 79 36 59 47 69 75 30 54 32 4f 37 50 2b 44 |ihy6YGiu0T2O7P+D|
|00004a10| 70 68 32 5a 72 31 64 6a 64 71 76 4c 78 42 76 55 |ph2Zr1djdqvLxBvU|
|00004a20| 49 72 58 62 74 41 7a 70 36 6c 49 35 4f 65 31 59 |IrXbtAzp6lI5Oe1Y|
|00004a30| 37 48 6e 39 44 70 6d 55 66 36 6e 34 76 53 58 4b |7Hn9DpmUf6n4vSXK|
|00004a40| 54 75 33 2b 41 35 43 5a 4a 46 70 6d 54 4c 4c 6f |Tu3+A5CZJFpmTLLo|
|00004a50| 73 36 58 4a 53 71 73 77 6d 79 64 57 6a 73 6d 52 |s6XJSqswmydWjsmR|
|00004a60| 4f 6c 55 79 56 56 64 47 6d 4d 57 2b 52 32 53 78 |OlUyVVdGmMW+R2Sx|
|00004a70| 56 38 48 43 7a 2f 53 46 77 39 39 4c 64 70 6a 77 |V8HCz/SFw99Ldpjw|
|00004a80| 6e 57 46 4a 31 4a 76 71 34 30 6b 77 31 35 42 39 |nWFJ1Jvq40kw15B9|
|00004a90| 30 6c 79 70 65 35 33 6d 6e 6d 31 4d 6c 6a 38 71 |0lype53mnm1Mlj8q|
|00004aa0| 71 71 46 53 64 4f 5a 51 6b 7a 34 62 33 36 4e 70 |qqFSdOZQkz4b36Np|
|00004ab0| 49 4a 6f 75 53 59 6f 34 72 4d 63 6c 6b 38 39 79 |IJouSYo4rMclk89y|
|00004ac0| 73 72 68 46 33 54 44 46 78 6d 58 4c 33 72 36 4f |srhF3TDFxmXL3r6O|
|00004ad0| 61 58 6d 36 53 4a 56 58 6d 54 44 64 35 65 4c 67 |aXm6SJVXmTDd5eLg|
|00004ae0| 70 65 36 53 44 35 63 6f 39 72 4e 2b 54 56 62 6c |pe6SD5co9rN+TVbl|
|00004af0| 62 4e 66 6e 36 53 36 5a 63 37 79 48 6e 47 70 61 |bNfn6S6Zc7yHnGpa|
|00004b00| 34 59 2f 70 56 39 2b 68 65 33 32 73 56 53 45 38 |4Y/pV9+he32sVSE8|
|00004b10| 36 70 56 39 6a 7a 73 76 6b 32 31 68 33 2b 39 70 |6pV9jzsvk21h3+9p|
|00004b20| 35 4c 70 49 73 53 61 63 55 45 32 4e 57 42 66 38 |5LpIsSacUE2NWBf8|
|00004b30| 36 38 76 57 79 66 77 77 41 41 41 43 51 77 36 50 |68vWyfwwAAACQw6P|
|00004b40| 35 63 50 58 37 54 46 72 36 2f 46 41 74 7a 4a 79 |5cPX7TFr6/FAtzJy|
|00004b50| 72 66 6a 33 75 79 76 34 62 4d 6d 36 6a 6c 6a 77 |rfj3uyv4bMm6jljw|
|00004b60| 2b 52 70 65 36 7a 31 57 66 30 59 33 46 79 50 2b |+Rpe6z1Wf0Y3FyP+|
|00004b70| 79 77 64 2f 76 44 6a 4b 66 4f 36 73 39 73 32 66 |ywd/vDjKfO6s9s2f|
|00004b80| 4a 74 31 6c 4c 42 62 54 74 36 50 42 35 41 57 30 |Jt1lLBbTt6PB5AW0|
|00004b90| 37 79 72 64 5a 53 2b 32 5a 50 55 75 42 33 58 74 |7yrdZS+2ZPUuB3Xt|
|00004ba0| 61 54 52 73 6f 4b 78 58 43 68 71 68 72 6a 32 70 |aTRsoKxXChqhrj2p|
|00004bb0| 35 53 6b 2f 72 77 50 4e 50 4b 55 36 53 2b 34 44 |5Sk/rwPNPKU6S+4D|
|00004bc0| 58 74 54 39 69 6b 69 37 45 64 6c 44 64 37 36 61 |XtT9iki7EdlDd76a|
|00004bd0| 70 33 70 35 5a 32 76 48 65 4a 6b 6d 44 35 54 2f |p3p5Z2vHeJkmD5T/|
|00004be0| 71 6c 47 4b 6d 37 35 51 47 7a 46 57 39 30 59 32 |qlGKm75QGzFW90Y2|
|00004bf0| 56 48 72 56 45 71 35 36 66 70 4c 53 30 33 4e 65 |VHrVEq56fpLS03Ne|
|00004c00| 71 6f 53 71 76 66 61 34 2b 56 33 36 59 30 2f 49 |qoSqvfa4+V36Y0/I|
|00004c10| 35 76 33 72 67 62 42 32 59 76 6b 6d 53 39 4b 50 |5v3rgbB2YvkmS9KP|
|00004c20| 58 4e 76 56 76 6d 33 64 45 78 46 6c 46 54 70 38 |XNvVvm3dExFlFTp8|
|00004c30| 75 31 33 46 72 31 43 73 30 62 33 30 72 71 39 37 |u13Fr1Cs0b30rq97|
|00004c40| 6f 64 32 55 32 37 56 42 4b 39 46 6e 4a 36 79 35 |od2U27VBK9FnJ6y5|
|00004c50| 4a 42 37 53 70 79 31 44 70 73 2f 33 71 6f 66 6c |JB7Spy1Dps/3qofl|
|00004c60| 61 39 4d 78 30 53 56 4c 30 73 44 61 4b 6c 75 54 |a9Mx0SVL0sDaKluT|
|00004c70| 37 32 63 2f 79 58 39 4e 62 45 55 6d 76 71 39 38 |72c/yX9NbEUmvq98|
|00004c80| 48 48 61 30 43 68 2f 2f 4e 48 61 70 4e 68 30 62 |HHa0Ch//NHapNh0b|
|00004c90| 59 6c 45 74 53 55 76 69 62 57 68 37 65 56 58 32 |YlEtSUvibWh7eVX2|
|00004ca0| 6d 64 70 57 58 70 4d 51 66 33 39 43 71 74 33 62 |mdpWXpMQf39Cqt3b|
|00004cb0| 49 4e 66 41 65 75 53 61 64 30 6f 36 30 4f 76 4c |INfAeuSad0o60OvL|
|00004cc0| 2f 62 4a 6f 36 42 39 6c 72 76 56 2b 70 30 32 73 |/bJo6B9lrvV+p02s|
|00004cd0| 66 79 44 7a 6c 46 61 56 6c 6a 6c 4c 62 6e 64 6b |fyDzlFaVljlLbndk|
|00004ce0| 42 77 4c 57 52 44 53 31 6c 63 72 4d 6f 4d 2f 71 |BwLWRDS1lcrMoM/q|
|00004cf0| 63 54 4e 33 66 56 64 66 58 57 31 30 62 36 68 53 |cTN3fVdfXW10b6hS|
|00004d00| 33 51 39 2b 4f 66 30 4d 58 6f 74 33 6b 47 6c 68 |3Q9+Of0MXot3kGlh|
|00004d10| 44 69 6a 73 6c 31 37 62 76 4b 72 6a 5a 45 75 33 |Dijsl17bvKrjZEu3|
|00004d20| 49 71 56 50 53 4a 71 33 36 32 79 76 79 2b 47 79 |IqVPSJq362yvy+Gy|
|00004d30| 2f 65 6a 54 4d 58 66 45 38 35 59 66 6d 61 39 45 |/ejTMXfE85Yfma9E|
|00004d40| 7a 55 74 75 64 77 78 56 30 39 58 32 31 55 6c 33 |zUtudwxV09X21Ul3|
|00004d50| 2f 6c 54 71 32 2b 4b 44 63 58 39 75 67 65 33 75 |/lTq2+KDcX9uge3u|
|00004d60| 34 53 55 6d 52 57 6a 33 32 46 63 58 46 31 5a 44 |4SUmRWj32FcXF1ZD|
|00004d70| 4a 31 30 32 58 34 33 62 72 73 75 39 67 4e 5a 37 |J102X43brsu9gNZ7|
|00004d80| 38 73 75 37 4c 36 63 61 33 48 4e 50 47 73 57 4e |8su7L6ca3HNPGsWN|
|00004d90| 30 63 71 2f 6c 36 6e 50 49 39 42 2b 70 44 6b 50 |0cq/l6nPI9B+pDkP|
|00004da0| 74 50 41 49 41 41 41 41 67 6c 34 6f 4e 68 36 76 |tPAIAAAAgl4oNh6v|
|00004db0| 66 5a 79 59 74 66 32 61 6f 6c 6d 71 75 2b 6a 51 |fZyYtf2aolmqu+jQ|
|00004dc0| 2f 71 4f 57 50 66 4b 6a 4d 41 58 50 56 37 39 6e |/qOWPfKjMAXPV79n|
|00004dd0| 47 31 2b 31 63 51 38 6b 69 41 48 42 51 78 50 51 |G1+1cQ8kiAHBQxPQ|
|00004de0| 50 4a 55 6d 68 6f 38 59 56 2b 74 7a 51 55 65 4f |PJUmho8YV+tzQUeO|
|00004df0| 30 66 4e 68 41 37 66 70 6b 69 73 49 6d 54 79 76 |0fNhA7fpkisImTyv|
|00004e00| 70 71 68 55 6f 4d 2f 71 41 6a 75 37 4a 79 64 53 |pqhUoM/qAju7JydS|
|00004e10| 79 65 2b 56 7a 4a 32 78 70 69 79 66 6c 63 2b 5a |ye+VzJ2xpiyflc+Z|
|00004e20| 38 78 55 7a 50 39 57 58 53 52 71 31 36 5a 6c 4a |8xUzP9WXSRq16ZlJ|
|00004e30| 32 7a 37 38 70 51 43 62 2f 61 74 6d 4e 78 62 52 |2z78pQCb/atmNxbR|
|00004e40| 7a 53 6e 6c 76 6a 4e 62 37 7a 31 57 50 68 6d 37 |zSnlvjNb7z1WPhm7|
|00004e50| 35 6e 75 2f 75 33 31 49 6d 30 79 5a 6c 71 6f 74 |5nu/u31Im0yZlqot|
|00004e60| 38 41 2b 31 4d 68 34 6a 5a 72 5a 6a 44 48 56 54 |8A+1Mh4jZrZjDHVT|
|00004e70| 72 6e 66 78 43 6b 6e 74 30 33 37 50 33 32 48 2b |rnfxCknt037P32H+|
|00004e80| 70 34 58 41 39 39 56 30 4e 4c 63 77 37 42 63 41 |p4XA99V0NLcw7BcA|
|00004e90| 30 58 4a 48 44 6c 6d 68 2f 58 45 65 31 75 7a 6f |0XJHDlmh/XEe1uzo|
|00004ea0| 6d 2f 59 43 4f 66 58 46 65 64 33 37 63 71 75 42 |m/YCOfXFed37cquB|
|00004eb0| 68 52 70 5a 49 2f 66 54 57 44 74 33 35 38 56 72 |hRpZI/fTWDt358Vr|
|00004ec0| 31 43 73 33 75 66 54 38 36 62 61 68 32 54 46 6d |1Cs3ufT86bah2TFm|
|00004ed0| 6e 75 50 2f 32 79 6e 65 59 65 39 7a 63 53 44 58 |nuP/2yneYe9zcSDX|
|00004ee0| 2b 36 6d 63 31 39 37 2f 53 53 78 34 31 54 36 76 |+6mc197/SSx41T6v|
|00004ef0| 47 37 70 62 58 66 37 61 70 52 2f 4d 72 37 39 31 |G7pbXf7apR/Mr791|
|00004f00| 38 51 4b 75 66 48 71 70 31 63 78 66 70 73 61 46 |8QKufHqp1cxfpsaF|
|00004f10| 31 4a 52 33 54 6a 32 4f 65 31 51 58 66 44 39 52 |1JR3Tj2Oe1QXfD9R|
|00004f20| 6a 55 31 64 6c 64 38 36 6e 36 76 54 79 53 51 71 |jU1dld86n6vTySQq|
|00004f30| 66 63 6b 42 71 31 72 57 67 32 68 5a 73 31 30 7a |fckBq1rWg2hZs10z|
|00004f40| 46 4e 4a 2b 6d 66 70 73 61 79 39 4e 4e 32 66 64 |FNJ+mfpsay9NN2fd|
|00004f50| 38 37 69 6b 6c 68 63 37 56 77 4b 39 79 6b 74 66 |87iklhc7VwK9yktf|
|00004f60| 55 37 4e 45 57 59 2b 61 70 2b 73 49 68 43 6c 43 |U7NEWY+ap+sIhClC|
|00004f70| 71 66 6e 37 76 57 5a 31 4d 47 71 4a 57 36 34 65 |qfn7vWZ1MGqJW64e|
|00004f80| 72 33 70 55 50 54 31 4c 45 4e 4b 30 65 76 30 72 |r3pUPT1LENK0ev0r|
|00004f90| 53 6b 4f 4c 58 43 77 41 41 41 4c 65 30 69 6b 46 |SkOLXCwAAALe0ikF|
|00004fa0| 44 31 4f 63 72 44 36 31 36 76 4c 76 6d 5a 6e 71 |D1OcrD616vLvmZnq|
|00004fb0| 70 77 73 67 5a 36 6a 65 30 4c 6f 33 2f 4d 6b 59 |pwsgZ6je0Lo3/MkY|
|00004fc0| 41 34 49 43 34 58 79 49 56 73 32 32 7a 47 76 51 |A4IC4XyIVs22zGvQ|
|00004fd0| 66 4c 4b 2b 67 75 6f 55 2b 33 79 75 6f 72 74 57 |fLK+guoU+3yuortW|
|00004fe0| 32 67 50 61 32 44 69 78 4e 6d 59 76 48 61 4d 66 |2gPa2DixNmYvHaMf|
|00004ff0| 69 6e 4b 2b 75 39 55 68 66 5a 65 6f 69 2f 34 39 |inK+u9UhfZeoi/49|
|00005000| 48 71 6e 6d 67 6c 39 77 39 70 4e 79 64 2b 36 62 |Hqnmgl9w9pNyd+6b|
|00005010| 65 48 36 6a 74 30 41 66 6b 56 62 57 79 34 74 59 |eH6jt0AfkVbWy4tY|
|00005020| 38 65 57 58 59 66 77 66 56 2f 57 61 61 57 76 73 |8eWXYfwfV/WaaWvs|
|00005030| 71 65 37 75 4f 52 34 59 71 4c 76 36 34 34 68 62 |qe7uOR4YqLv644hb|
|00005040| 76 6c 72 6c 68 4b 36 74 37 35 7a 37 66 7a 61 32 |vlrlhK6t75z7fza2|
|00005050| 78 48 74 76 63 58 2b 6c 79 73 2f 2b 44 62 6b 35 |xHtvcX+lys/+Dbk5|
|00005060| 53 70 67 4c 6b 56 5a 4b 54 78 34 4d 36 71 46 61 |SpgLkVZKTx4M6qFa|
|00005070| 44 4b 59 71 4a 4f 43 76 31 79 51 34 57 4c 48 73 |DKYqJOCv1yQ4WLHs|
|00005080| 32 4b 71 37 71 63 48 56 6f 37 76 67 6b 2f 38 74 |2Kq7qcHVo7vgk/8t|
|00005090| 6d 69 37 4c 6e 47 72 69 70 33 75 69 35 75 74 73 |mi7LnGrip3ui5uts|
|000050a0| 73 56 62 6a 4f 38 65 35 44 52 2b 6f 2b 2f 32 76 |sVbjO8e5DR+o+/2v|
|000050b0| 58 6a 31 6f 7a 57 35 6d 39 50 31 42 59 38 31 7a |Xj1ozW5m9P1BY81z|
|000050c0| 42 68 30 64 6a 68 59 30 65 72 4c 6e 6a 64 79 70 |Bh0djhY0erLnjdyp|
|000050d0| 71 61 46 30 46 48 64 71 70 6d 4e 69 65 61 76 7a |qaF0FHdqpmNieavz|
|000050e0| 66 6e 4d 61 2f 4a 46 56 57 51 4a 2f 58 31 54 69 |fnMa/JFVWQJ/X1Ti|
|000050f0| 69 6a 51 35 6b 4f 6c 7a 64 2f 4a 6d 47 4b 48 68 |ijQ5kOlzd/JmGKHh|
|00005100| 6f 72 75 6b 58 68 33 59 71 4a 6e 61 77 51 72 2f |orukXh3YqJnawQr/|
|00005110| 4b 50 65 79 71 73 75 71 4e 48 4b 57 6f 78 61 2f |KPeyqsuqNHKWoxa/|
|00005120| 6f 38 4b 45 68 43 76 44 64 71 5a 50 68 31 65 51 |o8KEhCvDdqZPh1eQ|
|00005130| 2f 35 31 72 6a 58 35 4b 38 51 6b 65 72 31 5a 4d |/51rjX5K8Qker1ZM|
|00005140| 37 74 57 6c 6d 43 64 51 4c 41 41 41 41 51 4b 6b |7tWlmCdQLAAAAQKk|
|00005150| 6a 41 48 44 41 54 39 4d 2f 7a 4e 37 32 37 36 6b |jAHDAT9M/zN7276k|
|00005160| 52 42 52 2b 63 6a 39 42 52 34 78 53 7a 5a 61 4e |RBR+cj9BR4xSzZaN|
|00005170| 2b 2b 6d 53 4b 2b 6e 36 31 75 4f 41 54 53 70 44 |++mSK+n61uOATSpD|
|00005180| 31 47 67 44 33 32 4d 79 76 4d 59 30 61 70 63 37 |1GgD32MyvMY0apc7|
|00005190| 4e 72 2f 57 36 58 77 73 41 42 71 76 35 71 4b 34 |Nr/W6XwsABqv5qK4|
|000051a0| 4b 75 4e 49 59 6a 59 76 5a 6e 66 30 66 7a 62 6f |KuNIYjYvZnf0fzbo|
|000051b0| 71 4b 4b 65 52 37 74 5a 59 67 57 32 6c 75 4d 57 |qKKeR7tZYgW2luMW|
|000051c0| 53 74 68 35 58 6f 6e 4c 33 71 6c 75 66 66 2b 57 |Sth5XonL3qluff+W|
|000051d0| 45 41 6c 49 2b 73 38 78 6d 71 65 51 6d 41 64 32 |EAlI+s8xmqeQmAd2|
|000051e0| 6c 4a 67 4e 36 4b 6e 72 6d 4a 76 32 76 7a 78 44 |lJgN6KnrmJv2vzxD|
|000051f0| 64 71 31 54 74 58 2f 47 6c 4b 67 78 64 6f 33 73 |dq1TtX/GlKgxdo3s|
|00005200| 64 4f 64 30 74 57 50 64 50 37 71 70 31 62 37 62 |dOd0tWPdP7qp1b7b|
|00005210| 52 35 31 2f 30 31 4a 30 44 4f 36 68 4a 61 43 73 |R51/01J0DO6hJaCs|
|00005220| 46 2b 46 34 2f 50 50 44 77 7a 7a 32 46 34 62 77 |F+F4/PPDwzz2F4bw|
|00005230| 53 59 35 4b 6b 36 46 6c 61 64 44 6a 50 74 70 43 |SY5Kk6FladDjPtpC|
|00005240| 57 63 31 4a 6d 48 53 55 6d 53 56 34 78 42 36 54 |Wc1JmHSUmSV4xB6T|
|00005250| 41 44 71 70 70 38 39 34 72 71 32 5a 6f 53 78 33 |ADqpp894rq2ZoSx3|
|00005260| 59 36 6b 69 46 43 39 43 73 68 6e 4b 76 6a 35 67 |Y6kiFC9CshnKvj5g|
|00005270| 55 63 30 41 79 6e 64 4b 65 5a 35 37 55 48 75 75 |Uc0AyndKeZ57UHuu|
|00005280| 4b 4b 56 4e 4a 63 6f 38 35 4c 2b 6d 63 30 74 52 |KKVNJco85L+mc0tR|
|00005290| 53 44 66 31 74 4c 33 64 33 59 45 76 72 41 71 38 |SDf1tL3d3YEvrAq8|
|000052a0| 61 7a 4e 38 43 41 41 43 41 6a 66 53 6f 65 56 72 |azN8CAACAjfSoeVr|
|000052b0| 2b 7a 47 79 35 6a 6c 75 6a 6f 63 30 50 61 76 6b |+zGy5jlujoc0Pavk|
|000052c0| 6a 7a 32 71 70 65 52 70 54 41 4d 6f 59 41 55 41 |jz2qpeRpTAMoYAUA|
|000052d0| 42 44 69 32 61 70 77 73 6e 6f 68 51 36 61 6c 79 |BDi2apwsnohQ6aly|
|000052e0| 78 56 76 46 33 38 36 69 73 35 6b 2b 4e 56 4d 54 |xVvF386is5k+NVMT|
|000052f0| 30 4b 54 71 30 61 4a 34 61 44 69 79 37 59 64 50 |0KTq0aJ4aDiy7YdP|
|00005300| 32 31 77 43 34 78 70 52 33 77 62 75 72 71 73 6e |21wC4xpR3wburqsn|
|00005310| 75 53 33 48 6e 63 2b 30 74 62 31 46 6d 54 73 2b |uS3Hnc+0tb1FmTs+|
|00005320| 30 76 31 65 65 48 39 35 38 7a 73 2b 50 66 78 31 |0v1eeH958zs+Pfx1|
|00005330| 56 30 54 7a 46 52 62 38 73 46 61 4a 33 76 69 43 |V0TzFRb8sFaJ3viC|
|00005340| 65 62 58 76 71 7a 76 64 65 30 61 45 39 2f 58 56 |ebXvqzvde0aE9/XV|
|00005350| 76 34 47 37 46 68 50 64 55 34 44 6a 48 31 32 4b |v4G7FhPdU4DjH12K|
|00005360| 6f 33 76 5a 6c 50 62 5a 35 6c 42 4b 6a 64 75 6a |o3vZlPbZ5lBKjduj|
|00005370| 6f 69 6e 58 61 4e 48 32 53 54 43 4e 6e 71 4e 2f |oinXaNH2STCNnqN/|
|00005380| 41 75 69 70 4d 4c 55 31 74 2b 79 73 34 7a 4e 37 |AuipMLU1t+ys4zN7|
|00005390| 32 42 42 37 79 63 72 2f 79 6e 32 61 7a 33 57 30 |2BB7ycr/yn2az3W0|
|000053a0| 4d 4c 57 6d 35 39 39 55 7a 32 54 6d 69 47 48 77 |MLWm599Uz2TmiGHw|
|000053b0| 36 4b 48 43 55 2f 65 6b 51 4a 6c 38 50 4b 55 6d |6KHCU/ekQJl8PKUm|
|000053c0| 53 4c 45 72 50 6c 50 4b 2b 34 63 7a 4d 6d 33 79 |SLErPlPK+4czMm3y|
|000053d0| 76 52 41 41 41 41 4a 53 36 39 45 4f 7a 74 66 54 |vRAAAAJS69EOztfT|
|000053e0| 35 65 54 4b 4e 79 31 6b 45 38 43 34 4e 2b 73 61 |5eTKNy1kE8C4N+sa|
|000053f0| 6b 4a 59 38 50 31 64 4a 4d 46 67 45 73 53 37 63 |kJY8P1dJMFgEsS7c|
|00005400| 35 75 77 49 33 4d 6f 73 35 56 58 75 2b 6d 43 56 |5uwI3Mos5VXu+mCV|
|00005410| 33 6e 78 6f 46 4e 74 6a 37 66 4c 6c 51 76 57 64 |3nxoFNtj7fLlQvWd|
|00005420| 2f 63 39 31 6a 47 67 34 63 49 6e 65 66 47 74 72 |/c91jGg4cInefGtr|
|00005430| 7a 78 53 78 5a 7a 4b 6b 6c 57 64 55 79 55 62 31 |zxSxZzKklWdUyUb1|
|00005440| 42 7a 2b 7a 2f 69 4a 2b 74 69 4f 58 48 5a 4c 5a |Bz+z/iJ+tiOXHZLZ|
|00005450| 59 6c 42 67 78 55 33 74 57 5a 42 65 37 68 74 57 |YlBgxU3tWZBe7htW|
|00005460| 35 2f 74 5a 76 6c 6c 50 36 65 64 45 38 72 56 74 |5/tZvllP6edE8rVt|
|00005470| 2b 51 4d 6e 32 58 76 64 6f 71 65 5a 44 61 75 69 |+QMn2XvdoqeZDaui|
|00005480| 33 75 5a 75 55 61 4f 2f 31 6d 4a 57 61 2f 30 42 |3uZuUaO/1mJWa/0B|
|00005490| 48 4c 64 6c 61 79 47 66 6e 46 71 79 47 54 31 62 |HLdlayGfnFqyGT1b|
|000054a0| 54 62 2b 45 48 64 44 70 38 69 56 4a 36 39 31 51 |Tb+EHdDp8iVJ691Q|
|000054b0| 54 52 2f 38 50 59 7a 36 6c 6f 33 75 4f 4b 64 48 |TR/8PYz6lo3uOKdH|
|000054c0| 69 70 75 70 42 48 64 58 75 35 51 2f 31 78 4d 63 |ipupBHdXu5Q/1xMc|
|000054d0| 39 64 57 6e 36 54 73 55 34 58 49 46 71 75 72 74 |9dWn6TsU4XIFqurt|
|000054e0| 35 48 57 55 6d 6d 65 54 62 50 46 6a 31 63 76 33 |5HWUmmeTbPFj1cv3|
|000054f0| 7a 4e 5a 31 54 54 4c 52 5a 72 6d 36 53 56 32 42 |zNZ1TTLRZrm6SV2B|
|00005500| 4c 75 63 61 76 55 33 52 55 33 76 4f 50 4b 58 72 |LucavU3RU3vOPKXr|
|00005510| 35 38 57 74 66 65 74 57 51 70 30 6c 4b 6a 38 76 |58WtfetWQp0lKj8v|
|00005520| 7a 48 4a 4c 4f 36 35 4c 44 64 62 70 79 71 63 43 |zHJLO65LDdbpyqcC|
|00005530| 57 63 6f 31 4e 6b 6d 75 67 64 62 33 71 42 62 6f |Wco1Nkmugdb3qBbo|
|00005540| 70 4d 65 4b 30 4d 6b 31 75 56 34 4b 5a 54 59 72 |pMeK0Mk1uV4KZTYr|
|00005550| 5a 6d 2f 65 35 70 2b 72 6f 36 71 56 35 79 68 71 |Zm/e5p+ro6qV5yhq|
|00005560| 72 78 38 37 69 62 63 4d 49 41 41 43 41 57 34 64 |rx87ibcMIAACAW4d|
|00005570| 35 7a 32 77 74 66 57 61 4a 4b 72 77 32 56 34 4e |5z2wtfWaJKrw2V4N|
|00005580| 79 64 67 43 51 4a 4e 2b 4f 36 76 2f 56 44 4c 6c |ydgCQJN+O6v/VDLl|
|00005590| 48 44 4e 58 79 44 79 50 74 74 77 39 51 34 67 67 |HDNXyDyPttw9Q4gg|
|000055a0| 41 72 6d 50 50 35 37 4f 55 6d 57 5a 57 75 39 63 |ArmPP57OUmWZWu9c|
|000055b0| 63 33 2f 61 76 49 4f 31 65 65 30 65 5a 61 57 62 |c3/avIO1ee0eZaWb|
|000055c0| 74 2b 58 78 57 77 51 65 58 6b 4c 54 33 4f 75 6e |t+XxWwQeXkLT3Oun|
|000055d0| 7a 42 35 70 63 2f 62 66 36 55 4e 47 75 34 39 6c |zB5pc/bf6UNGu49l|
|000055e0| 35 68 41 4b 62 65 55 6c 4b 55 74 71 55 67 56 72 |5hAKbeUlKUtqUgVr|
|000055f0| 55 34 54 36 74 47 76 75 6c 4d 69 58 4a 76 5a 2b |U4T6tGvulMiXJvZ+|
|00005600| 61 39 37 37 2b 2b 67 68 4a 34 64 4e 31 59 50 6f |a977++ghJ4dN1YPo|
|00005610| 55 2f 54 70 6c 71 48 36 30 32 34 68 33 30 37 31 |U/TplqH6024h3071|
|00005620| 50 76 69 37 2f 74 41 2b 31 36 75 6c 70 2b 6a 6e |Pvi7/tA+16ulp+jn|
|00005630| 71 76 4d 77 57 69 79 7a 6d 38 7a 6f 54 4d 56 76 |qvMwWiyzm8zoTMVv|
|00005640| 7a 48 33 39 54 6c 37 75 2f 71 33 59 32 75 77 66 |zH39Tl7u/q3Y2uwf|
|00005650| 6b 4d 45 6b 36 70 35 54 6f 38 7a 4b 62 55 33 4f |kMEk6p5To8zKbU3O|
|00005660| 4e 55 70 44 75 44 52 75 73 43 69 75 6d 61 4e 50 |NUpDuDRusCiumaNP|
|00005670| 63 4a 50 6e 33 44 6e 61 38 35 39 35 30 58 6c 46 |cJPn3Dna85950XlF|
|00005680| 6a 42 32 72 6a 69 6d 50 4b 37 6f 4e 50 31 65 6e |jB2rjimPK7oNP1en|
|00005690| 6f 30 35 4b 66 78 33 58 58 41 4d 67 72 6f 50 63 |o05Kfx3XXAMgroPc|
|000056a0| 6f 56 64 6b 31 53 61 74 6e 52 43 72 78 53 71 65 |oVdk1SatnRCrxSqe|
|000056b0| 35 4f 57 71 6c 31 6a 30 2f 58 63 6c 56 37 38 6b |5OWql1j0/XclV78k|
|000056c0| 65 6c 68 2f 55 55 77 33 43 7a 69 6e 6d 7a 58 65 |elh/UUw3CzinmzXe|
|000056d0| 31 50 53 70 56 46 6b 6d 57 70 47 50 61 50 6d 6d |1PSpVFkmWpGPaPmm|
|000056e0| 4b 34 6b 78 31 63 6c 33 74 48 67 55 4f 61 4b 53 |K4kx1cl3tHgUOaKS|
|000056f0| 55 4c 36 5a 72 65 31 53 71 2f 70 53 55 48 72 64 |UL6Zre1Sq/pSUHrd|
|00005700| 44 4b 39 2b 63 6f 73 75 46 71 4a 4f 75 33 6e 4f |DK9+cosuFqJOu3nO|
|00005710| 48 44 6f 79 64 72 61 4e 78 32 52 58 37 30 33 78 |HDoydraNx2RX703x|
|00005720| 4d 57 39 34 63 72 65 68 6f 4c 31 58 33 6b 75 54 |MW94crehoL1X3kuT|
|00005730| 52 53 73 45 6a 61 79 6a 6c 7a 56 65 30 62 73 39 |RSsEjayjlzVe0bs9|
|00005740| 5a 70 55 76 36 30 33 4a 57 52 32 65 38 6f 75 67 |ZpUv603JWR2e8oug|
|00005750| 4c 44 31 68 66 7a 33 4a 41 36 35 35 37 56 7a 2f |LD1hfz3JA6557Vz/|
|00005760| 46 46 62 59 69 41 41 41 41 75 4e 55 6b 52 30 7a |FFbYiAAAAuNUkR0z|
|00005770| 54 38 75 63 33 79 6e 33 79 35 2b 72 66 32 63 34 |T8uc3yn3y5+rf2c4|
|00005780| 49 58 4e 39 57 36 76 74 2f 6e 36 76 4b 6e 71 65 |IXN9W6vt/n6vKnqe|
|00005790| 30 61 74 49 4f 2b 35 32 41 4b 46 45 45 41 50 6b |0atIO+52AKFEEAPk|
|000057a0| 77 6e 7a 75 72 77 30 76 6d 79 37 64 5a 53 34 63 |wnzurw0vmy7dZS4c|
|000057b0| 57 37 66 74 70 36 6f 65 4b 6d 50 5a 68 67 63 66 |W7ftp6oeKmPZhgcf|
|000057c0| 35 74 67 69 57 62 37 4f 57 4f 72 78 6b 76 73 7a |5tgiWb7OWOrxkvsz|
|000057d0| 6e 7a 70 5a 45 56 63 76 51 58 57 72 33 38 52 65 |nzpZEVcvQXWr38Re|
|000057e0| 71 32 7a 74 33 6f 36 2b 47 58 4e 75 4d 55 36 74 |q2zt3o6+GXNuMU6t|
|000057f0| 76 33 69 69 77 56 7a 31 37 46 77 42 4a 70 6e 78 |v3iiwVz17FwBJpnx|
|00005800| 32 41 5a 41 6b 74 37 72 71 2f 4e 2f 46 61 68 56 |2AZAkt7rq/N/FahV|
|00005810| 6d 56 76 54 7a 6e 62 53 6f 77 33 32 61 32 36 57 |mVvTznbSow32a26W|
|00005820| 54 31 6b 38 36 4a 73 2f 58 56 71 68 50 37 69 33 |T1k86Js/XVqhP7i3|
|00005830| 7a 38 76 4a 71 70 65 42 52 41 55 6f 63 33 30 6d |z8vJqpeBRAUoc30m|
|00005840| 4c 75 72 54 52 70 74 78 42 68 32 38 72 2b 59 63 |LurTRptxBh28r+Yc|
|00005850| 63 31 32 57 76 77 57 6f 59 35 50 41 62 6c 74 79 |c12WvwWoY5PAblty|
|00005860| 43 31 66 6d 72 44 31 51 68 66 49 77 57 50 64 42 |C1fmrD1QhfIwWPdB|
|00005870| 45 6e 7a 2f 51 52 75 46 72 61 71 6a 78 31 50 36 |Enz/QRuFraqjx1P6|
|00005880| 71 57 59 6a 4c 79 4b 4f 56 2b 69 2b 62 4a 71 2f |qWYjLyKOV+i+bJq/|
|00005890| 44 62 32 70 56 68 2b 77 67 5a 74 48 7a 36 31 52 |Db2pVh+wgZtHz61R|
|000058a0| 68 33 42 66 71 32 54 6c 6e 65 6b 5a 6c 33 66 66 |h3Bfq2TlnekZl3ff|
|000058b0| 4f 58 44 56 75 66 6b 37 48 68 72 58 52 33 41 65 |OXDVufk7HhrXR3Ae|
|000058c0| 61 61 4f 34 6a 30 35 55 55 38 6f 34 36 44 36 32 |aaO4j05UU8o46D62|
|000058d0| 52 75 31 4b 36 39 39 6b 50 72 68 34 33 35 34 45 |Ru1K699kPrh4354E|
|000058e0| 6d 57 76 44 30 53 6e 6b 38 2b 62 72 63 37 64 33 |mWvD0Snk8+brc7d3|
|000058f0| 37 75 69 72 72 76 6e 64 57 71 46 58 62 41 39 72 |7uirrvndWqFXbA9r|
|00005900| 78 38 48 33 36 2f 49 45 6d 6d 74 4e 6c 6a 48 37 |x8H36/IEmmtNljH7|
|00005910| 31 66 56 6c 64 4a 6e 65 38 75 6c 35 41 77 4e 41 |1fVldJne8ul5AwNA|
|00005920| 5a 36 6a 44 53 51 33 46 6a 75 32 76 42 41 30 30 |Z6jDSQ3Fju2vBA00|
|00005930| 30 70 38 4e 54 32 75 38 31 53 6a 31 48 35 76 6e |0p8NT2u81Sj1H5vn|
|00005940| 5a 69 44 2b 75 78 4c 32 62 46 42 64 39 38 34 31 |ZiD+uxL2bFBd9841|
|00005950| 77 41 51 41 41 51 4d 6c 4a 2f 50 45 4e 4c 52 32 |wAQAAQMlJ/PENLR2|
|00005960| 37 57 31 55 2b 6e 71 47 2b 62 61 38 7a 2f 64 59 |7W1U+nqG+ba8z/dY|
|00005970| 72 57 4c 33 2b 4f 31 64 65 68 35 37 56 71 6c 66 |rWL3+O1deh57Vqlf|
|00005980| 57 69 58 36 6b 30 75 57 53 6c 5a 57 56 35 65 78 |WiX6k0uWSlZWV5ex|
|00005990| 4b 4f 4f 71 50 78 49 51 79 75 39 66 71 35 35 35 |KOOqPxIQyu9fq555|
|000059a0| 55 33 4e 37 64 47 72 68 30 6a 54 78 71 58 48 2b |U3N7dGrh0jTxqXH+|
|000059b0| 2b 75 4d 57 63 71 71 32 54 33 70 41 6b 74 58 33 |+uMWcqq2T3pAktX3|
|000059c0| 39 33 51 4c 58 43 6a 43 66 4f 36 74 46 2f 62 72 |93QLXCjCfO6tF/br|
|000059d0| 4c 74 33 6c 4c 39 66 6a 50 46 79 56 57 35 37 4b |Lt3lL9fjPFyVW57K|
|000059e0| 57 62 6b 36 56 71 30 66 6c 51 73 32 44 6c 79 7a |Wbk6Vq0flQs2Dlyz|
|000059f0| 35 37 77 4a 51 71 73 35 71 79 39 50 64 6c 54 68 |57wJQqs5qy9PdlTh|
|00005a00| 67 6d 2f 70 33 4c 75 4a 61 44 70 5a 55 6d 56 56 |gm/p3LuJaDpZUmVV|
|00005a10| 5a 48 73 56 64 6e 73 43 53 4b 6e 4f 6d 6d 7a 79 |ZHsVdnsCSKnOmmzy|
|00005a20| 75 65 79 47 4c 30 73 32 53 79 53 4e 37 47 38 47 |ueyGL0s2SySN7G8G|
|00005a30| 6b 31 61 4f 31 50 4c 79 72 2b 6b 7a 74 4b 71 2b |k1aO1PLyr+kztKq+|
|00005a40| 38 78 31 6e 63 56 4c 46 45 6c 6b 79 77 4b 4e 31 |8x1ncVLFElkywKN1|
|00005a50| 73 4b 66 42 37 57 72 54 76 4f 77 41 41 41 49 7a |sKfB7WrTvOwAAAIz|
|00005a60| 44 6f 71 67 5a 62 2b 68 6b 36 4f 76 71 32 74 7a |DoqgZb+hk6Ovq2tz|
|00005a70| 42 76 37 30 74 42 37 52 36 37 47 34 46 66 6a 78 |Bv70tB7R67G4Ffjx|
|00005a80| 63 51 57 58 34 68 2b 62 74 31 62 33 4c 37 6d 62 |cQWX4h+bt1b3L7mb|
|00005a90| 46 6c 4a 70 61 2f 45 34 32 46 67 47 30 34 2f 54 |FlJpa/E42FgG04/T|
|00005aa0| 57 6a 59 72 62 75 31 76 4e 68 34 38 6f 73 50 45 |WjYrbu1vNh48osPE|
|00005ab0| 76 5a 53 2f 77 35 39 2b 32 34 39 58 2f 4c 6f 68 |vZS/w59+249X/Loh|
|00005ac0| 48 6a 62 76 55 6f 50 39 67 48 56 34 79 33 79 6e |HjbvUoP9gHV4y3yn|
|00005ad0| 62 41 70 61 55 69 6b 56 61 46 4e 45 5a 6a 58 39 |bApaUikVaFNEZjX9|
|00005ae0| 4a 55 5a 74 30 38 6e 42 50 4e 51 67 74 2b 6b 4b |JUZt08nBPNQgt+kK|
|00005af0| 4f 63 71 74 63 4d 6f 75 54 75 44 6b 53 49 72 69 |OcqtcMouTuDkSIri|
|00005b00| 70 6f 6b 4d 33 4b 36 6e 47 66 38 34 39 43 37 35 |pokM3K6nGf849C75|
|00005b10| 59 30 62 37 76 41 41 41 41 4d 41 34 33 42 54 33 |Y0b7vAAAAMA43BT3|
|00005b20| 37 6f 51 6f 7a 38 46 5a 75 6a 64 58 6a 2f 78 71 |7oQoz8FZujdXj/xq|
|00005b30| 58 56 6f 56 77 42 56 4d 41 37 49 69 59 4e 6b 57 |XVoVwBVMA7IiYNkW|
|00005b40| 6d 53 75 35 71 4d 48 43 77 77 2b 63 45 39 65 69 |mSu5qMHCww+cE9ei|
|00005b50| 6c 6f 42 36 39 48 44 36 2b 2b 56 4d 6a 5a 4b 72 |loB69HD6++VMjZKr|
|00005b60| 6b 72 71 33 2f 66 4c 4d 6f 56 55 53 68 57 48 52 |krq3/fLMoVUShWHR|
|00005b70| 6f 78 57 78 64 4c 73 7a 69 66 77 41 41 41 41 42 |oxWxdLszifwAAAAB|
|00005b80| 77 69 79 45 41 79 43 50 75 6c 30 69 6c 78 5a 39 |wiyEAyCPul0ilxZ9|
|00005b90| 54 36 4f 69 58 69 37 58 74 58 30 48 63 50 43 6f |T6OiXi7XtX0HcPCo|
|00005ba0| 72 64 50 54 4c 4d 73 65 64 55 39 77 76 6b 61 56 |rdPTLMsedU9wvkaV|
|00005bb0| 32 48 30 68 4b 32 71 33 2f 48 57 36 73 57 6f 56 |2H0hK2q3/HW6sWoV|
|00005bc0| 5a 2f 41 38 41 41 41 41 41 62 6a 46 4d 41 63 6a |Z/A8AAAAAbjFMAcj|
|00005bd0| 44 63 6a 46 37 72 66 64 4d 71 33 33 58 53 30 66 |DcjF7rfdMq33XS0f|
|00005be0| 4f 50 58 4c 75 69 56 4c 69 31 55 71 39 76 6d 72 |OPXLuiVLi1Uq9vmr|
|00005bf0| 6c 37 46 6f 55 69 31 65 50 61 58 71 71 68 37 4e |l7FoUi1ePaXqqh7N|
|00005c00| 72 41 51 41 41 41 4f 42 6d 78 69 4b 41 64 6e 7a |rAQAAAOBmxiKAdnz|
|00005c10| 37 57 48 39 64 4f 47 47 7a 47 58 75 70 71 46 6f |7WH9dOGGzGXupqFo|
|00005c20| 37 53 48 32 2f 58 6c 49 6d 39 77 49 41 41 41 41 |7SH2/XlIm9wIAAAA|
|00005c30| 41 58 47 4f 30 52 51 41 4a 41 4f 79 77 6d 46 4d |AXGO0RQAJAOywmFM|
|00005c40| 56 76 57 61 56 4d 73 32 6c 32 7a 4e 76 38 76 42 |VvWaVMs2l2zNv8vB|
|00005c50| 51 59 50 65 65 70 54 72 56 41 41 41 41 41 41 42 |QYPeepTrVAAAAAAB|
|00005c60| 67 48 77 48 41 44 61 77 73 74 77 45 45 41 41 41 |gHwHADawstwEEAAA|
|00005c70| 41 41 4e 7a 61 6a 42 59 41 73 41 67 67 41 41 41 |AANzajBYAsAggAAA|
|00005c80| 41 41 41 41 47 51 41 41 41 41 41 41 41 41 49 41 |AAAAGQAAAAAAAAIA|
|00005c90| 42 45 41 41 41 41 41 41 41 41 47 41 41 42 41 41 |BEAAAAAAAAGAABAA|
|00005ca0| 41 41 41 41 41 41 42 67 41 41 51 41 41 41 41 41 |AAAAAABgAAQAAAAA|
|00005cb0| 41 41 41 5a 41 41 41 41 41 41 41 41 41 67 41 45 |AAAZAAAAAAAAAgAE|
|00005cc0| 51 41 41 41 41 41 41 41 41 59 41 41 45 41 41 41 |QAAAAAAAAYAAEAAA|
|00005cd0| 41 41 41 41 41 47 41 41 42 41 41 41 41 41 41 41 |AAAAAGAABAAAAAAA|
|00005ce0| 41 42 6b 41 41 41 41 41 41 41 41 43 41 41 52 41 |ABkAAAAAAAACAARA|
|00005cf0| 41 41 41 41 41 41 41 42 67 41 41 51 41 41 41 41 |AAAAAAABgAAQAAAA|
|00005d00| 41 41 41 41 59 41 41 45 41 41 41 41 41 41 41 41 |AAAAYAAEAAAAAAAA|
|00005d10| 47 51 41 41 41 41 41 41 41 41 49 41 42 45 41 41 |GQAAAAAAAAIABEAA|
|00005d20| 41 41 41 41 41 41 47 41 41 42 41 41 41 41 41 41 |AAAAAAGAABAAAAAA|
|00005d30| 41 41 42 67 41 41 51 41 41 41 41 41 41 41 41 5a |AABgAAQAAAAAAAAZ|
|00005d40| 41 41 41 41 41 41 41 41 41 67 41 45 51 41 41 41 |AAAAAAAAAgAEQAAA|
|00005d50| 41 41 41 41 41 59 41 41 45 41 41 41 41 41 41 41 |AAAAAYAAEAAAAAAA|
|00005d60| 41 47 41 41 42 41 41 41 41 41 41 41 41 42 75 43 |AGAABAAAAAAAABuC|
|00005d70| 53 6c 5a 57 56 35 65 78 4b 41 41 41 41 41 41 43 |SlZWV5exKAAAAAAC|
|00005d80| 41 2f 4b 57 6d 70 68 62 37 47 6f 77 41 41 41 41 |A/KWmphb7GowAAAA|
|00005d90| 41 41 41 44 41 41 41 67 41 41 41 41 41 41 41 41 |AAADAAAgAAAAAAAA|
|00005da0| 77 41 41 49 41 41 41 41 41 41 41 41 4d 67 41 41 |wAAIAAAAAAAAMgAA|
|00005db0| 41 41 41 41 41 41 41 41 44 49 41 41 41 41 41 41 |AAAAAAAADIAAAAAA|
|00005dc0| 41 41 4d 41 41 43 41 41 41 41 41 41 41 41 44 41 |AAMAACAAAAAAAADA|
|00005dd0| 41 41 67 41 41 41 41 41 41 41 41 79 41 41 41 41 |AAgAAAAAAAAyAAAA|
|00005de0| 41 41 41 41 41 41 41 4d 67 41 41 41 41 41 41 41 |AAAAAAAMgAAAAAAA|
|00005df0| 41 77 41 41 49 41 41 41 41 41 41 41 41 4d 41 41 |AwAAIAAAAAAAAMAA|
|00005e00| 43 41 41 41 41 41 41 41 41 44 49 41 41 41 41 41 |CAAAAAAAADIAAAAA|
|00005e10| 41 41 41 41 41 41 79 41 41 41 41 41 41 41 41 44 |AAAAAAyAAAAAAAAD|
|00005e20| 41 41 41 67 41 41 41 41 41 41 41 41 77 41 41 49 |AAAgAAAAAAAAwAAI|
|00005e30| 41 41 41 41 41 41 41 41 4d 67 41 41 41 41 41 41 |AAAAAAAAMgAAAAAA|
|00005e40| 41 41 41 41 44 49 41 41 41 41 41 41 41 41 4d 41 |AAAADIAAAAAAAAMA|
|00005e50| 41 43 41 41 41 41 41 41 41 41 44 41 41 41 67 41 |ACAAAAAAAADAAAgA|
|00005e60| 41 41 41 41 41 41 41 79 41 41 41 41 41 41 41 41 |AAAAAAAyAAAAAAAA|
|00005e70| 41 41 41 4d 67 41 41 41 41 41 41 41 41 77 41 41 |AAAMgAAAAAAAAwAA|
|00005e80| 49 41 41 41 41 41 41 41 41 4d 41 41 43 41 41 41 |IAAAAAAAAMAACAAA|
|00005e90| 41 41 41 41 41 44 49 41 41 41 41 41 41 41 41 41 |AAAAADIAAAAAAAAA|
|00005ea0| 41 41 79 41 41 41 41 41 41 41 41 44 41 41 41 67 |AAyAAAAAAAADAAAg|
|00005eb0| 41 41 41 41 41 41 41 41 77 41 41 49 41 41 41 41 |AAAAAAAAwAAIAAAA|
|00005ec0| 41 41 41 41 4d 67 41 41 41 41 41 41 41 41 41 41 |AAAAMgAAAAAAAAAA|
|00005ed0| 44 49 41 41 41 41 41 41 41 41 4d 41 41 43 41 41 |DIAAAAAAAAMAACAA|
|00005ee0| 41 41 4c 69 46 6e 44 39 2f 33 74 6c 56 41 41 41 |AALiFnD9/3tlVAAA|
|00005ef0| 41 4e 79 67 43 41 41 41 41 41 41 41 41 44 49 41 |ANygCAAAAAAAADIA|
|00005f00| 41 41 41 41 41 41 41 41 41 41 79 41 41 41 41 41 |AAAAAAAAAAyAAAAA|
|00005f10| 41 41 41 44 41 41 41 67 41 41 41 41 41 41 41 41 |AAADAAAgAAAAAAAA|
|00005f20| 77 41 41 49 41 41 41 41 41 41 41 41 4d 6f 4a 79 |wAAIAAAAAAAAMoJy|
|00005f30| 7a 4b 34 42 69 53 49 6e 52 76 6f 53 71 61 68 72 |zK4BiSInRvoSqahr|
|00005f40| 6b 34 65 79 61 41 41 42 77 51 30 75 4f 4f 71 78 |k4eyaAABwQ0uOOqx|
|00005f50| 39 69 5a 6e 35 76 75 37 70 56 31 73 42 31 54 33 |9iZn5vu7pV1sB1T3|
|00005f60| 6b 57 62 34 4d 4b 77 55 41 51 42 6b 6a 41 4c 68 |kWb4MKwUAQBkjALh|
|00005f70| 5a 5a 65 7a 56 2b 4f 41 58 39 45 47 69 53 58 39 |ZZezV+OAX9EGiSX9|
|00005f80| 66 75 6c 4b 7a 77 67 67 42 73 69 56 70 33 37 49 |fulKzwggBsiVp37I|
|00005f90| 4e 32 6d 7a 78 55 2b 2b 2b 6f 51 72 67 44 7a 6b |N2mzxU+++oQrgDzk|
|00005fa0| 41 4d 4c 79 4d 37 56 4e 55 39 36 47 56 53 6e 44 |AMLyM7VNU96GVSnD|
|00005fb0| 67 57 4f 2f 41 45 49 32 65 4f 45 49 6a 65 67 54 |gWO/AEI2eOEIjegT|
|00005fc0| 4b 73 39 52 72 56 74 62 34 48 51 6b 41 52 73 63 |Ks9RrVtb4HQkARsc|
|00005fd0| 55 67 4a 74 56 53 70 79 4f 4a 55 70 53 70 75 4a |UgJtVSpyOJUpSpuJ|
|00005fe0| 54 38 75 2f 52 4d 42 61 4c 49 71 62 2b 58 63 32 |T8u/RMBaLIqb+Xc2|
|00005ff0| 65 2f 45 52 6a 6e 76 32 48 37 68 6b 62 72 6d 52 |e/ERjnv2H7hkbrmR|
|00006000| 6e 56 77 6b 41 34 48 54 4a 43 66 45 4f 4e 66 34 |nVwkA4HTJCfEONf4|
|00006010| 6c 4b 53 46 36 6c 31 34 64 2f 49 54 75 43 48 74 |lKSF6l14d/ITuCHt|
|00006020| 50 4b 32 4a 4c 74 56 70 6c 7a 4a 6d 2f 49 79 31 |PK2JLtVplzJm/Iy1|
|00006030| 4b 54 6a 45 72 6f 38 7a 75 42 77 44 49 44 77 45 |KTjEro8zuBwDIDwE|
|00006040| 41 62 69 46 70 69 6a 38 59 66 2b 33 4c 38 47 69 |AbiFpij8Yf+3L8Gi|
|00006050| 64 64 6c 35 6c 41 41 41 33 6e 47 62 36 38 75 65 |ddl5lAAA3nGb68ue|
|00006060| 31 2b 6a 30 6d 7a 37 38 44 58 32 72 54 39 78 2f |1+j0mz78DX2rT9x/|
|00006070| 70 6d 2f 63 37 71 59 76 66 6c 55 4e 33 72 31 57 |pm/c7qYvflUN3r1W|
|00006080| 66 73 4a 65 30 38 4a 59 4a 41 5a 7a 33 4f 33 4c |fsJe08JYJAZz3O3L|
|00006090| 66 7a 43 64 30 68 33 38 33 42 59 7a 5a 53 6a 41 |fzCd0h383BYzZSjA|
|000060a0| 50 41 45 35 47 41 49 42 62 69 4a 65 36 6a 75 79 |PAE5GAIBbiJe6juy|
|000060b0| 76 45 45 6d 53 53 51 50 66 37 36 32 6d 54 71 34 |vEEmSSQPf762mTq4|
|000060c0| 52 41 4f 42 47 59 6c 4c 35 4b 68 37 79 7a 50 76 |RAOBGYlL5Kh7yzPv|
|000060d0| 50 4c 31 44 74 57 34 64 71 30 4d 69 33 74 65 37 |PL1DtW4dq0Mi3te7|
|000060e0| 41 53 71 30 64 58 56 76 65 6b 70 53 34 53 34 38 |ASq0dXVvekpS4S48|
|000060f0| 4d 6e 36 6c 39 74 30 54 58 74 62 4e 2b 52 79 62 |Mn6l9t0TXtbN+Ryb|
|00006100| 70 32 50 62 73 46 43 55 68 4d 59 31 52 41 41 44 |p2PbsFCUhMY1RAAD|
|00006110| 67 5a 4b 77 42 67 46 74 4b 2b 65 42 52 69 6f 67 |gZKwBgFtK+eBRiog|
|00006120| 66 72 6d 53 78 6b 42 4d 41 6f 43 69 38 31 48 58 |frmSxkBMAoCi81HX|
|00006130| 69 70 31 70 52 35 51 6e 64 2f 33 61 73 74 48 75 |ip1pR5Qnd/3astHu|
|00006140| 2b 78 6e 2f 62 57 2b 73 65 39 58 56 32 78 59 71 |+xn/bW+se9XV2xYq|
|00006150| 4e 33 35 45 41 41 45 59 41 34 4e 5a 54 6e 6a 39 |N35EAAEYA4NZTnj9|
|00006160| 73 41 41 44 46 34 61 62 51 6b 61 2f 70 2f 55 62 |sAADF4abQka/p/Ub|
|00006170| 5a 58 36 31 66 73 4f 76 57 6d 56 4c 47 37 30 67 |ZX61fsOvWmVLG70g|
|00006180| 41 4d 44 51 43 41 41 41 41 67 4c 7a 4b 4e 31 44 |AMDQCAAAAgLzKN1D|
|00006190| 37 76 71 62 73 2f 39 36 2b 56 38 64 53 6e 46 73 |7vqbs/96+V8dSnFs|
|000061a0| 64 41 41 42 4b 41 6c 4d 41 34 4c 43 4d 46 4c 4d |dAABKAlMA4LCMFLM|
|000061b0| 79 4d 69 37 6f 57 4b 77 55 45 46 52 56 35 64 31 |yMi7oWKwUEFRV5d1|
|000061c0| 4b 74 68 63 68 49 38 57 73 6a 4a 52 34 37 55 73 |KthchI8WsjJR47Us|
|000061d0| 77 71 57 36 78 72 6d 39 52 63 6f 5a 62 67 65 64 |wqW6xrm9RcoZbged|
|000061e0| 6d 5a 46 68 55 76 72 79 62 6e 58 6f 6b 36 58 52 |mZFhUvrybnXok6XR|
|000061f0| 55 72 4f 49 74 37 41 73 4e 41 45 59 57 34 4e 64 |UrOIt7AsNAEYW4Nd|
|00006200| 4d 30 69 35 4a 61 55 72 4f 6b 46 54 46 6b 62 4d |M0i5JaUrOkFTFkbM|
|00006210| 73 53 6b 37 4a 56 48 4c 73 43 53 56 58 71 61 32 |sSk7JVHLsCSVXqa2|
|00006220| 41 4b 69 5a 35 56 72 48 39 58 56 4e 59 5a 66 30 |AKiZ5VrH9XVNYZf0|
|00006230| 37 30 74 37 39 6b 78 4e 69 64 63 78 53 56 55 33 |70t79kxNidcxSVU3|
|00006240| 39 33 46 57 2b 69 6f 65 63 38 61 75 78 32 48 2b |93FW+ioec8aux2H+|
|00006250| 4c 5a 4a 69 56 55 64 35 4f 33 54 50 4d 4f 68 31 |LZJiVUd5O3TPMOh1|
|00006260| 39 51 71 64 54 73 6e 2f 33 31 2f 56 7a 7a 76 73 |9QqdTsn/31/Vzzvs|
|00006270| 44 67 4e 4a 47 41 49 44 72 53 34 6e 57 69 74 6d |DgNJGAIDrS4nWitm|
|00006280| 7a 4e 66 6e 4c 62 64 70 6c 5a 79 56 6b 2f 35 5a |zNfnLbdplZyVk/5Z|
|00006290| 74 4e 47 4c 4d 38 43 4c 76 6c 35 79 52 73 46 64 |tNGLM8CLvl5yRsFd|
|000062a0| 7a 4a 73 2f 55 74 4e 56 48 64 44 7a 52 7a 76 55 |zJs/UtNVHdDzRzvU|
|000062b0| 37 64 64 4c 34 6b 63 4d 31 4b 4d 7a 66 73 65 75 |7ddL4kcM1KMzfseu|
|000062c0| 6e 62 4e 57 49 34 41 6e 36 56 4d 33 30 54 66 69 |nbNWI4An6VM30Tfi|
|000062d0| 2f 4e 63 6a 50 33 6b 45 57 37 5a 76 36 68 4a 71 |/NcjP3kEW7Zv6hJq|
|000062e0| 39 48 61 75 51 74 7a 37 56 35 6a 45 4e 56 46 35 |9HauQtz7V5jENVF5|
|000062f0| 4a 32 6a 7a 37 45 30 32 65 74 6b 48 72 37 62 33 |J2jz7E02etkHr7b3|
|00006300| 50 54 70 30 30 66 73 79 4c 47 74 48 61 71 33 42 |PTp00fsyLGtHaq3B|
|00006310| 76 45 41 42 67 43 4d 6c 52 34 5a 6f 31 62 62 5a |vEABgCMlR4Zo1bbZ|
|00006320| 6d 4c 59 68 56 54 4e 34 58 2f 66 7a 30 2b 4d 67 |mLYhVTN4X/fz0+Mg|
|00006330| 58 4e 66 48 52 55 41 55 34 46 43 4a 6b 63 38 37 |XNfHRUAU4FCJkc87|
|00006340| 76 79 46 77 53 44 6d 76 4f 74 4f 6d 61 76 4d 7a |vyFwSDmvOtOmavMz|
|00006350| 65 2f 55 32 71 30 37 65 58 4a 6f 38 66 72 74 35 |e/U2q07eXJo8frt5|
|00006360| 42 48 6a 61 6e 78 68 2f 4d 47 54 57 52 70 48 30 |BHjanxh/MGTWRpH0|
|00006370| 35 6f 79 64 53 6f 68 57 78 66 61 39 56 58 63 76 |5oydSohWxfa9VXcv|
|00006380| 37 31 56 65 6f 58 30 45 42 79 5a 58 66 30 54 4f |71VeoX0EByZXf0TO|
|00006390| 33 61 58 31 30 33 71 32 50 54 61 72 54 71 5a 76 |3aX103q2PTarTqZv|
|000063a0| 47 6a 78 2b 75 59 63 45 46 2f 49 35 4f 43 4e 65 |Gjx+uYcEF/I5OCNe|
|000063b0| 67 4e 68 4f 31 53 4a 32 30 4e 76 4a 74 64 61 30 |gNhO1SJ20NvJtda0|
|000063c0| 69 4a 55 65 74 30 63 52 58 50 39 48 30 44 57 6e |iJUet0cRXP9H0DWn|
|000063d0| 57 78 31 61 76 72 5a 6e 4c 35 6d 68 45 6f 77 4b |Wx1avrZnL5mhEowK|
|000063e0| 71 42 67 41 33 47 51 49 41 35 4d 4f 69 59 38 73 |qBgA3GQIA5MOiY8s|
|000063f0| 2b 30 6f 68 58 31 32 71 4c 6e 54 38 36 63 73 54 |+0ohX12qLnT86csT|
|00006400| 73 33 71 5a 58 42 32 2f 54 71 33 35 74 39 4f 58 |s3qZXB2/Tq35t9OX|
|00006410| 53 69 52 6f 57 35 47 67 76 52 35 49 32 54 33 78 |SiRoW5GgvR5I2T3x|
|00006420| 4a 67 36 61 64 75 4f 37 65 7a 44 45 62 4e 6d 6a |Jg6aduO7ezDEbNmj|
|00006430| 6b 68 67 32 61 32 4c 71 62 5a 73 31 34 54 62 30 |khg2a2LqbZs14Tb0|
|00006440| 4c 2b 6d 4d 6c 61 71 38 2b 54 5a 53 6b 76 54 71 |L+mMlaq8+TZSkvTq|
|00006450| 64 49 4d 6e 75 38 57 6b 36 74 6a 75 37 6c 62 39 |dIMnu8Wk6tju7lb9|
|00006460| 72 64 34 78 4f 52 30 56 72 63 72 2b 50 39 4e 56 |rd4xOR0Vrcr+P9NV|
|00006470| 31 74 6e 72 4b 71 63 66 6b 48 69 39 71 78 52 63 |1tnrKqcfkHi9qxRc|
|00006480| 44 31 4a 52 75 41 51 43 34 35 63 55 6e 58 6d 76 |D1JRuAQC45cUnXmv|
|00006490| 4b 35 2f 2b 2f 2f 54 69 74 65 2f 56 56 44 5a 74 |K5/+//Tite/VVDZt|
|000064a0| 35 6e 64 39 6e 73 62 48 36 36 74 56 2f 36 4b 75 |5nd9nsbH66tV/6Ku|
|000064b0| 70 39 54 56 31 32 62 38 30 75 70 46 74 67 39 6d |p9TV12b80upFtg9m|
|000064c0| 61 4d 33 39 48 5a 6b 75 4f 6e 4b 6e 65 67 2b 64 |aM39HZkuOnKneg+d|
|000064d0| 66 35 32 2b 41 54 42 33 2f 64 6f 6e 36 66 4c 74 |f52+ATB3/don6fLt|
|000064e0| 53 37 55 5a 4f 31 4a 7a 33 32 79 6f 67 35 36 57 |S7UZO1Jz32yog56W|
|000064f0| 44 38 39 53 31 7a 53 7a 74 7a 33 76 4b 39 69 58 |D89S1zSztz3vK9iX|
|00006500| 71 38 39 41 53 36 37 4c 71 67 37 55 33 61 6d 53 |q89AS67Lqg7U3amS|
|00006510| 2b 4f 78 4a 6b 48 46 79 73 51 59 4d 2f 30 63 70 |+OxJkHFysQYM/0cp|
|00006520| 38 66 30 64 6e 36 76 69 47 6c 58 70 69 77 30 72 |8f0dn6viGlXpiw0r|
|00006530| 4e 65 6d 4b 69 46 6b 34 4e 75 31 61 50 76 47 49 |NemKiFk4Nu1aPvGI|
|00006540| 50 61 31 47 69 4a 47 33 51 76 71 67 4a 38 74 6e |Pa1GiJG3QvqgJ8tn|
|00006550| 39 67 72 71 2b 65 73 54 2b 4d 30 36 4d 31 62 34 |9grq+esT+M06M1b4|
|00006560| 45 73 31 54 67 39 77 6f 41 62 69 36 73 41 51 41 |Es1Tg9woAbi6sAQA|
|00006570| 37 4c 49 71 59 2b 6f 54 71 50 5a 6e 54 2b 48 64 |7LIqY+oTqPZnT+Hd|
|00006580| 58 6c 79 64 65 31 50 4a 74 53 33 4c 74 6d 37 78 |Xlyde1PJtS3Ltm7x|
|00006590| 45 65 35 64 4f 30 50 73 39 33 4c 4e 50 69 64 32 |Ee5dO0Ps93LNPid2|
|000065a0| 6d 4a 2b 35 37 51 70 4d 6a 4c 51 35 63 50 30 34 |mJ+57QpMjLQ5cP04|
|000065b0| 4c 68 2f 64 58 68 35 77 2f 62 4b 72 58 31 75 50 |Lh/dXh5w/bKrX1uP|
|000065c0| 76 54 39 43 6d 6e 31 64 65 75 2f 37 78 2b 66 70 |vT9Cmn1deu/7x+fp|
|000065d0| 70 2f 6f 74 36 76 48 58 32 2f 4d 75 45 37 57 76 |p/ot6vHX2/MuE7Wv|
|000065e0| 56 4a 2b 77 5a 54 54 76 6f 79 50 55 4c 49 58 61 |VJ+wZTTvoyPULIXa|
|000065f0| 65 68 6a 31 30 70 66 46 2f 70 52 35 72 72 37 37 |ehj10pfF/pR5rr77|
|00006600| 50 6c 54 72 36 34 30 66 36 35 71 30 51 31 61 6d |PlTr640f65q0Q1am|
|00006610| 65 66 58 6a 4d 36 6b 2f 55 74 64 2b 38 57 32 52 |efXjM6k/Utd+8W2R|
|00006620| 4c 4b 41 42 41 2f 71 4b 31 65 55 46 38 39 6e 2b |LKABA/qK1eUF89n+|
|00006630| 32 62 71 4f 6d 33 76 61 4f 69 64 50 43 34 59 50 |2bqOm3vaOidPC4YP|
|00006640| 56 37 55 72 6a 33 7a 73 77 52 46 50 6e 66 36 6c |V7Urj3zswRFPnf6l|
|00006650| 54 4d 57 76 31 65 2f 78 32 58 59 70 5a 71 37 69 |TMWv1e/x2XYpZq7i|
|00006660| 66 2f 36 31 76 33 6d 6f 6d 66 30 6c 4b 50 4b 49 |f/61v3momf0lKPKI|
|00006670| 78 62 66 35 65 77 4f 2f 4b 47 2b 42 33 5a 4d 49 |xbf5ewO/KG+B3ZMI|
|00006680| 61 44 65 74 38 70 66 46 66 76 62 59 65 2f 33 69 |aDet8pfFfvbYe/3i|
|00006690| 69 39 68 37 49 66 6b 39 5a 38 64 6e 33 33 2f 52 |i9h7Ifk9Z8dn33/R|
|000066a0| 46 66 2f 58 79 6b 36 52 4d 62 5a 6b 35 51 65 32 |Ff/Xyk6RMbZk5Qe2|
|000066b0| 66 44 56 64 38 7a 76 6d 42 7a 54 53 73 55 31 58 |fDVd8zvmBzTSsU1X|
|000066c0| 5a 66 57 52 57 33 4e 58 6c 34 51 62 79 79 65 66 |ZfWRW3NXl4Qbyyef|
|000066d0| 56 6a 4d 6a 70 61 74 38 6d 70 2f 48 76 72 69 34 |VjMjpat8mp/Hvri4|
|000066e0| 6a 2f 33 48 6c 4f 57 78 51 56 76 4b 47 37 4c 39 |j/3HlOWxQVvKG7L9|
|000066f0| 46 63 6a 32 48 58 56 39 4f 56 4f 6a 77 4e 51 34 |Fcj2HXV9OVOjwNQ4|
|00006700| 74 32 42 67 78 63 38 4b 56 78 72 2b 37 65 6f 33 |t2Bgxc8KVxr+7eo3|
|00006710| 38 52 35 36 2f 63 62 4c 2f 7a 51 71 6a 38 51 2f |8R56/cbL/zQqj8Q/|
|00006720| 67 46 70 53 46 6d 31 50 38 36 71 78 65 56 56 70 |gFpSFm1P86qxeVVp|
|00006730| 6c 71 55 71 72 72 46 35 4c 7a 35 66 6f 70 55 38 |lqUqrrF5Lz5fopU8|
|00006740| 74 48 5a 76 6c 66 65 58 61 36 76 52 68 31 74 72 |tHZvlfeXa6vRh1tr|
|00006750| 34 36 78 38 66 39 2b 4f 30 72 48 61 42 56 34 34 |46x8f9+O0rHaBV44|
|00006760| 50 2f 50 2f 32 37 6a 32 6f 71 76 50 65 2f 2f 67 |P/P/27j2oqvPe//g|
|00006770| 37 34 52 6f 49 51 6f 51 41 6b 6d 47 4c 6a 53 67 |74RoIQoQAkmGLjSg|
|00006780| 6a 30 55 41 6a 77 6f 6d 67 57 4d 67 4a 61 71 5a |j0UAjwomgWMgJaqZ|
|00006790| 53 6a 64 56 49 70 6c 45 37 54 57 4c 6f 54 32 6c |SjdVIplE7TWLoT2l|
|000067a0| 4b 41 41 41 64 46 30 6c 45 51 56 52 6d 6d 6d 69 |KAAAdF0lEQVRmmmi|
|000067b0| 61 4d 7a 39 4e 5a 78 6f 36 38 7a 74 71 35 32 65 |aMz9NZxo68ztq52e|
|000067c0| 72 53 57 62 55 74 4b 64 71 7a 68 51 76 4d 52 70 |rSWbUtKdqzhQvMRp|
|000067d0| 4e 70 65 4b 6f 6a 51 30 6d 41 54 55 52 70 46 67 |NpeKojQ0mATURpFg|
|000067e0| 51 6a 41 67 54 42 42 51 4b 45 70 47 72 2f 50 37 |QjAgTBBQKEpGr/P7|
|000067f0| 59 47 39 7a 41 76 6f 45 6f 34 50 36 38 5a 70 6a |YG9zAvoEo4P68Zpj|
|00006800| 5a 73 4a 37 39 72 47 63 74 56 2f 4a 64 36 37 75 |ZsJ79rGctV/Jd67u|
|00006810| 65 79 35 75 64 75 79 37 62 4b 74 33 63 2b 64 55 |ey5uduy7bKt3c+dU|
|00006820| 66 58 6a 43 57 39 5a 33 65 4f 58 62 46 4a 35 33 |fXjCW9Z3eOXbFJ53|
|00006830| 2f 71 72 64 64 2f 6c 38 66 2f 39 2f 4f 32 4b 37 |/qrdd/l8f/9/O2K7|
|00006840| 32 68 50 2b 6d 38 37 43 74 38 71 63 32 64 64 65 |2hP+m87Ct8qc2dde|
|00006850| 39 37 70 53 31 51 74 63 36 64 79 32 5a 33 6c 30 |97pS1Qtc6dy2Z3l0|
|00006860| 4f 33 2b 6d 64 73 53 75 50 64 6c 36 79 31 59 7a |O3+mdsSuPdl6y1Yz|
|00006870| 36 43 35 33 62 6c 38 32 36 58 66 34 50 2f 2b 79 |6C53bl826Xf4P/+y|
|00006880| 38 61 61 75 38 69 4d 67 51 75 58 72 31 36 6c 41 |8aau8iMgQuXr16lA|
|00006890| 33 59 64 69 35 38 76 47 62 70 76 39 2f 76 39 6d |3Ydi58vGbpv9/v9m|
|000068a0| 35 79 30 35 4d 4d 2b 6f 5a 71 35 37 4e 71 4c 52 |5y05MM+oZq57NqLR|
|000068b0| 59 35 6d 78 33 6d 56 6d 64 4d 39 2f 35 71 76 50 |Y5mx3mVmdM9/5qvP|
|000068c0| 66 74 71 71 38 6e 4e 6e 35 30 6d 52 37 73 57 77 |ftqq8nNn50mR7sWw|
|000068d0| 34 78 4d 6a 4f 7a 72 4f 62 46 35 6a 4b 76 64 43 |4xMjOzrObF5jKvdC|
|000068e0| 35 37 6c 53 7a 6a 51 6f 72 4f 33 64 31 78 38 59 |57lSzjQorO3d1x8Y|
|000068f0| 33 4f 7a 2b 78 65 47 37 4e 59 75 36 53 7a 4d 34 |3Oz+xeG7NYu6SzM4|
|00006900| 72 74 67 37 48 58 4e 58 52 7a 6b 56 64 39 78 61 |rtg7HXNXRzkVd9xa|
|00006910| 54 56 33 64 75 4c 37 62 56 6a 75 75 64 58 2f 33 |TV3duL7bVjuudX/3|
|00006920| 68 70 65 35 37 6c 39 6a 4e 46 79 77 58 4d 7a 74 |hpe57l9jNFywXMzt|
|00006930| 2b 52 2b 39 78 52 45 53 47 6b 34 61 47 68 6a 76 |+R+9xRESGk4aGhjv|
|00006940| 2b 55 51 38 41 36 61 6e 36 62 36 7a 38 65 61 37 |+UQ8A6an6b6z8ea7|
|00006950| 78 72 63 50 55 68 58 78 31 36 4c 39 49 73 5a 50 |xrcPUhXx16L9IsZP|
|00006960| 43 44 30 35 2b 67 36 79 4d 68 63 51 43 31 4f 54 |CD05+g6yMhcQC1OT|
|00006970| 79 77 70 71 2f 33 58 34 4c 30 45 76 7a 36 61 32 |ywpq/3X4L0Evz6a2|
|00006980| 38 2b 6c 74 6a 50 37 36 67 2b 57 39 7a 59 6e 4d |8+ltjP76g+W9zYnM|
|00006990| 71 45 54 62 48 51 33 6f 51 73 65 44 58 37 50 35 |qETbHQ3oQseDX7P5|
|000069a0| 7a 72 50 46 4e 51 73 31 78 6c 71 37 50 59 54 42 |zrPFNQs1xlq7PYTB|
|000069b0| 66 77 41 66 4e 66 39 74 32 6c 30 45 41 33 33 43 |fwAfNf9t2l0EA33C|
|000069c0| 57 62 6e 36 66 64 56 4f 4e 76 2b 62 2b 39 69 39 |Wbn6fdVONv+b+9i9|
|000069d0| 6b 61 55 5a 6f 45 5a 48 37 55 43 31 5a 36 61 2b |kaUZoEZH7UC1Z6a+|
|000069e0| 51 61 6f 70 56 54 45 31 6a 2f 66 77 78 66 59 75 |QaopVTE1j/fwxfYu|
|000069f0| 56 48 32 61 31 71 55 7a 73 4f 2b 2b 54 6c 52 35 |VH2a1qUzsO++TlR5|
|00006a00| 6e 65 78 79 2b 59 51 34 37 44 72 33 46 73 77 41 |nexy+YQ47Dr3FswA|
|00006a10| 31 78 31 6d 39 73 36 52 50 6b 65 45 52 49 32 73 |1x1m9s6RPkeERI2s|
|00006a20| 70 4f 6d 6d 4b 34 6e 4e 66 5a 48 47 4d 72 61 46 |pOmmK4nNfZHGMraF|
|00006a30| 39 59 31 69 38 62 53 39 66 62 55 35 6a 53 38 62 |9Y1i8bS9fbU5jS8b|
|00006a40| 72 64 75 38 58 48 4e 66 43 69 55 31 72 6a 64 33 |rdu8XHNfCiU1rjd3|
|00006a50| 31 41 32 50 5a 64 57 69 64 6e 53 47 47 50 73 53 |1A2PZdWidnSGGPsS|
|00006a60| 74 2b 6f 44 64 4b 30 77 39 41 64 5a 73 34 34 43 |t+oDdK0w9AdZs44C|
|00006a70| 39 47 42 30 59 79 36 35 74 39 75 39 78 52 45 54 |9GB0Yy65t9u9xRET|
|00006a80| 75 4e 30 6f 41 53 41 39 35 2b 37 64 78 45 41 41 |uN0oASA95+7dxEAA|
|00006a90| 44 47 7a 65 2b 51 5a 79 44 59 39 30 39 59 39 35 |DGze+QZyDY909Y95|
|00006aa0| 67 39 2b 5a 4a 78 6c 38 79 4e 37 44 6a 74 4b 56 |g9+ZJxl8yN7DjtKV|
|00006ab0| 53 6a 57 52 74 33 32 73 63 45 78 69 59 78 49 36 |SjWRt32scExiYxI6|
|00006ac0| 4e 63 32 77 2f 64 4a 73 4a 57 37 43 32 4f 37 42 |Nc2w/dJsJW7C2O7B|
|00006ad0| 58 62 39 6e 47 62 68 76 6a 39 66 74 6e 45 75 76 |Xb9nGbhvj9ftnEuv|
|00006ae0| 54 48 57 79 48 5a 79 51 72 30 2b 65 5a 75 6a 52 |THWyHZyQr0+eZujR|
|00006af0| 6d 73 2b 4e 59 37 57 41 31 51 6b 52 45 37 6f 6c |ms+NY7WA1QkRE7ol|
|00006b00| 61 38 73 36 63 35 63 52 4a 53 7a 2f 48 32 4a 48 |a8s6c5cRJSz/H2JH|
|00006b10| 2b 44 69 6c 54 35 6a 47 37 75 2f 74 39 4c 4c 75 |+DilT5jG7u/t9LLu|
|00006b20| 32 72 62 41 77 37 30 73 4c 4a 37 61 39 78 78 47 |2rbAw70sLJ7a9xxG|
|00006b30| 41 77 48 6d 73 58 78 48 70 32 49 7a 78 68 6c 54 |AwHmsXxHp2IzxhlT|
|00006b40| 57 72 7a 4e 32 65 4d 2f 66 65 49 41 54 50 5a 37 |WrzN2eM/feIATPZ7|
|00006b50| 55 68 30 2b 4d 37 46 34 67 70 36 48 33 68 48 75 |Uh0+M7F4gp6H3hHu|
|00006b60| 57 2b 42 4f 33 5a 41 57 76 7a 68 30 37 65 4c 50 |W+BO3ZAWvzh07eLP|
|00006b70| 6d 6c 78 39 6d 2f 52 62 6a 76 70 39 4e 66 39 33 |mlx9m/Rbjvp9Nf93|
|00006b80| 2b 5a 49 55 41 65 4a 43 34 2b 6d 31 65 41 69 43 |+ZIUAeJC4+m1eAiC|
|00006b90| 62 72 5a 6c 58 62 4a 5a 2b 63 74 57 72 44 74 59 |brZlXbJZ+ctWrDtY|
|00006ba0| 72 49 6e 4a 2f 55 51 4a 41 7a 4a 69 4e 64 31 79 |rInJ/UQJAzJiNd1y|
|00006bb0| 79 6e 4b 58 39 6e 50 6b 32 62 4f 35 50 54 59 47 |ynKX9nPk2bO5PTYG|
|00006bc0| 33 6c 55 30 6e 43 2f 73 57 71 4d 35 6c 39 30 37 |3lU0nC/sWqM5l907|
|00006bd0| 6a 78 79 64 58 76 55 68 4b 50 32 5a 43 42 67 38 |jxydXvUhKP2ZCBg8|
|00006be0| 53 56 37 7a 4f 54 41 44 4f 63 2b 44 30 49 44 31 |SV7zOTADOc+D0ID1|
|00006bf0| 38 78 38 38 68 73 52 38 33 41 4a 37 78 79 53 77 |8x88hsR83AJ7xySw|
|00006c00| 31 66 54 35 34 70 6d 52 51 65 79 4b 49 69 4d 6a |1fT54pmRQeyKIiMj|
|00006c10| 64 56 73 72 76 30 6e 37 4a 72 4f 63 73 2f 61 53 |dVsrv0n7JrOcs/aS|
|00006c20| 7a 7a 47 77 6c 6d 4b 44 34 32 58 78 79 37 50 64 |zzGwlmKD42Xxy7Pd|
|00006c30| 57 48 68 4a 4c 79 64 6c 70 66 45 42 39 63 6c 55 |WHhJLydlpfEB9clU|
|00006c40| 71 69 66 31 34 38 6f 32 4b 54 2b 56 4a 67 4a 72 |qif148o2KT+VJgJr|
|00006c50| 44 35 4a 68 33 41 68 67 32 4d 64 4b 66 71 47 52 |D5Jh3Ahg2MdKfqGR|
|00006c60| 54 51 76 2f 6b 58 31 68 76 35 30 48 36 62 71 67 |TQv/kX1hv50H6bqg|
|00006c70| 36 6e 57 31 4d 72 70 44 41 71 33 50 48 4f 76 35 |6nW1MrpDAq3PHOv5|
|00006c80| 46 33 31 67 57 4c 7a 4e 2b 50 48 4b 73 30 47 70 |F31gWLzN+PHKs0Gp|
|00006c90| 76 52 49 43 55 71 65 45 44 62 36 43 49 79 41 69 |vRICUqeEDb6CIyAi|
|00006ca0| 6d 42 49 44 63 56 6c 37 43 69 51 4c 6a 78 33 6c |mBIDcVl7CiQLjx3l|
|00006cb0| 4a 30 66 31 66 31 73 38 73 38 46 59 66 4c 2b 6b |J0f1f1s8s8FYfL+k|
|00006cc0| 37 43 55 39 35 49 58 73 41 63 47 64 78 2f 41 41 |7CU95IXsAcGdx/AA|
|00006cd0| 43 72 79 47 53 56 46 4e 53 34 75 44 4a 51 75 72 |CryGSVFNS4uDJQur|
|00006ce0| 37 58 30 4e 66 76 75 37 39 66 47 4e 68 49 47 71 |7X0Nfvu79fGNhIGq|
|00006cf0| 75 36 57 4e 35 33 65 43 30 51 55 52 45 68 70 46 |u6WN53eC0QUREhpF|
|00006d00| 4a 76 4a 47 78 6e 61 4a 44 4e 6d 62 56 4c 37 39 |JvJGxnaJDNmbVL79|
|00006d10| 4d 6a 6d 6c 32 2f 48 34 2f 53 45 36 4f 4a 41 57 |Mjml2/H4/SE6OJAW|
|00006d20| 41 56 6e 49 75 6d 44 32 6f 44 36 4d 59 47 54 62 |AVnIumD2oD6MYGTb|
|00006d30| 2f 44 64 4f 51 74 79 6f 2b 53 46 74 49 57 4e 71 |/DdOQtyo+SFtIWNq|
|00006d40| 37 37 44 35 35 6d 61 71 47 51 5a 36 49 31 34 71 |77D55maqGQZ6I14q|
|00006d50| 79 67 6c 7a 6a 68 37 6b 4a 52 50 55 72 45 65 4a |yglzjh7kJRPUrEeJ|
|00006d60| 44 52 48 79 30 38 65 50 2b 51 70 75 54 41 51 35 |DRHy08eP+QpuTAQ5|
|00006d70| 6b 36 57 49 52 6b 66 75 42 6c 67 47 55 32 36 70 |k6WIRkfuBlgGU26p|
|00006d80| 4c 54 4e 33 2f 49 63 34 77 6b 50 58 75 66 51 67 |LTN3/Ic4wkPXufQg|
|00006d90| 32 75 41 4f 74 63 50 49 79 56 64 43 6a 2b 32 4a |2uAOtcPIyVdCj+2J|
|00006da0| 56 65 56 65 66 78 47 6a 43 41 67 66 53 77 4e 47 |VeVefxGjCAgfSwNG|
|00006db0| 45 68 51 4d 46 51 4d 33 33 65 76 73 75 49 69 4c |EhQMFQM33evsuIiL|
|00006dc0| 39 46 4d 33 32 55 32 74 4a 37 54 50 75 75 34 34 |9FM32U2tJ7TPuu44|
|00006dd0| 44 72 36 57 78 4c 42 50 67 65 34 49 4e 42 74 73 |Dr6WxLBPge4INBts|
|00006de0| 50 69 47 62 78 38 6e 66 50 78 50 4f 37 41 62 61 |PiGbx8nfPxPO7Aba|
|00006df0| 6d 76 75 56 37 77 42 68 76 68 31 57 4d 39 49 78 |mvuV7wBhvh1WM9Ix|
|00006e00| 6b 39 62 37 33 59 66 6d 76 57 48 4f 38 6c 63 75 |k9b73YfmvWHO8lcu|
|00006e10| 5a 65 33 6b 68 30 37 52 38 58 2b 42 6f 5a 73 5a |Ze3kh07R8X+BoZsZ|
|00006e20| 45 45 7a 63 33 67 63 58 78 43 55 51 5a 48 46 33 |EEzc3gcXxCUQZHF3|
|00006e30| 2b 31 31 47 31 6c 48 58 31 6a 4d 68 63 79 7a 69 |+11G1lHX1jMhcyzi|
|00006e40| 2f 74 51 4f 73 70 35 58 6d 5a 6d 79 74 33 79 67 |/tQOsp5XmZmyt3yg|
|00006e50| 69 34 70 54 55 41 30 41 47 56 62 44 42 6c 48 6d |i4pTUA0AGVbDBlHm|
|00006e60| 6e 33 4c 6a 47 38 4b 44 79 4a 37 68 72 57 45 4b |n3LjG8KDyJ7hrWEK|
|00006e70| 6d 68 52 34 47 49 69 49 69 4e 72 6e 6a 36 65 75 |mhR4GIiIiNrnj6eu|
|00006e80| 44 58 35 2b 66 73 53 78 64 5a 35 71 67 6a 33 4c |DX5+fsSxdZ5qgj3L|
|00006e90| 57 72 4e 70 4c 33 6a 31 6f 6a 5a 2f 48 77 34 4e |WrNpL3j1ojZ/Hw4N|
|00006ea0| 59 32 79 44 48 53 4e 39 6f 56 75 2f 37 4f 31 65 |Y2yDHSN9oVu/7O1e|
|00006eb0| 4f 76 73 32 36 4a 51 61 36 4f 2b 4c 58 31 50 47 |Ovs26JQa6O+LX1PG|
|00006ec0| 50 7a 4f 50 38 37 72 56 30 6f 71 63 6b 45 66 7a |PzOP87rV0oqckEfz|
|00006ed0| 63 66 37 50 37 51 75 4f 64 37 6d 33 77 42 62 72 |cf7P7QuOd7m3wBbr|
|00006ee0| 6a 71 59 64 2f 45 5a 45 2b 31 41 4e 41 42 6c 56 |jqYd/EZE+1ANABlV|
|00006ef0| 5a 75 61 6e 62 48 67 62 43 42 6e 31 6d 33 56 72 |ZuanbHgbCBn1m3Vr|
|00006f00| 4b 7a 67 78 32 6e 53 49 69 49 70 67 6d 36 50 75 |Kzgx2nSIiIpgm6Pu|
|00006f10| 49 49 32 76 4b 34 63 78 57 56 75 39 4d 49 47 75 |II2vK4cxWVu9MIGu|
|00006f20| 4a 76 66 48 6e 42 76 37 50 6e 77 63 32 6b 37 78 |JvfHnBv7Pnwc2k7x|
|00006f30| 6e 6f 49 47 6f 43 51 50 70 62 57 66 4e 33 59 6d |noIGoCQPpbWfN3Ym|
|00006f40| 52 77 54 46 7a 57 42 30 7a 68 39 57 62 57 36 69 |RwTFzWB0zh9WbW6i|
|00006f50| 76 72 71 4b 6f 70 49 53 69 59 39 6e 73 7a 73 7a |vrqKopISiY9nszsz|
|00006f60| 6d 53 45 6b 72 31 53 63 50 38 38 4b 30 62 4c 49 |mSEkr1ScP88K0bLI|
|00006f70| 79 74 72 4e 6a 72 6f 58 56 45 75 37 45 6b 74 66 |ytrNjroXVEu7Ektf|
|00006f80| 35 62 4d 6c 41 78 75 6f 2f 54 4e 6a 55 63 49 63 |5bMlAxuo/TNjUcIc|
|00006f90| 6e 55 52 51 52 63 53 5a 4b 41 4d 68 74 68 6e 44 |nURQRcSZKAMhthnD|
|00006fa0| 6d 41 51 65 42 6e 50 49 72 45 4e 50 66 51 47 35 |mAQeBnPIrENPfQG5|
|00006fb0| 32 38 78 45 2f 6c 75 42 65 57 34 4d 4e 42 69 41 |28xE/luBeW4MNBiA|
|00006fc0| 58 4f 45 74 5a 4f 64 44 76 47 36 59 71 79 69 79 |XOEtZOdDvG6Yqyiy|
|00006fd0| 75 4c 69 41 69 49 6e 4c 6e 6f 70 62 39 6d 6e 58 |uLiAiInLnopb9mnX|
|00006fe0| 37 58 6d 48 4e 47 54 6a 79 32 6e 76 73 6a 72 63 |7XmHNGTjy2nvsjrc|
|00006ff0| 79 43 57 42 33 76 43 79 6e 4f 57 67 53 69 66 46 |yCWB3vCynOWgSifF|
|00007000| 33 33 67 31 2b 2b 4d 64 49 44 2f 79 43 78 68 49 |33g1++MdID/yCxhI|
|00007010| 58 4e 4a 61 34 2b 47 53 57 70 6b 50 56 36 59 39 |XNJa4+GSWpkPV6Y9|
|00007020| 59 2f 66 50 33 2b 4c 44 38 65 7a 35 4d 32 30 42 |Y/fP3+LD8ez5M20B|
|00007030| 4b 38 65 39 5a 66 4d 66 4a 66 33 2f 43 70 67 4b |K8e9ZfMfJf3/CpgK|
|00007040| 5a 51 4c 6b 37 59 66 48 52 65 70 41 58 45 52 6c |ZQLk7YfHRepAXERl|
|00007050| 45 47 67 49 67 74 77 57 46 6b 39 67 31 67 64 44 |EGgIgtwWFk9g1gdD|
|00007060| 4f 33 50 35 33 48 32 77 34 53 31 61 6d 71 61 6f |O3P53H2w4S1amqao|
|00007070| 6b 43 35 6e 33 43 64 47 38 41 6b 41 72 75 38 2f |kC5n3CdG8AkAru8/|
|00007080| 30 58 66 2f 59 72 6f 4b 7a 37 4b 37 70 2f 39 64 |0Xf/YroKz7K7p/9d|
|00007090| 45 52 45 51 63 34 68 6e 4a 79 6e 55 4c 69 51 55 |EREQc4hnJynULiQU|
|000070a0| 67 6c 35 58 70 78 79 7a 50 4a 47 38 57 4c 33 63 |gl5XpxyzPJG8WL3c|
|000070b0| 66 4f 7a 38 34 63 39 4b 4d 77 42 67 5a 48 50 4e |fOz84c9KMwBgZHPN|
|000070c0| 54 64 68 7a 71 47 6a 71 52 79 39 62 6a 6c 2b 31 |TdhzqGjqRy9bjl+1|
|000070d0| 2b 78 35 46 7a 46 54 45 35 79 66 6a 68 35 4e 38 |+x5FzFTE5yfjh5N8|
|000070e0| 34 4d 57 6a 4c 2f 6f 71 49 43 43 67 42 49 44 32 |4MWjL/oqICCgBID2|
|000070f0| 45 6b 37 72 43 74 50 54 50 38 66 66 59 64 4c 49 |Ek7rCtPTP8ffYdLI|
|00007100| 2f 73 2f 32 32 6b 4c 4e 78 4b 78 38 43 45 4d 7a |/s/22kLNxKx8CEMz|
|00007110| 71 35 4d 69 2b 52 58 79 6a 53 56 6c 69 2f 4a 69 |q5Mi+RXyjSVli/Ji|
|00007120| 2f 5a 6d 73 2f 31 79 6d 75 35 63 44 47 62 63 62 |/Zms/1ymu5cDGbcb|
|00007130| 31 6b 55 56 45 52 4f 34 53 7a 35 68 58 32 62 54 |1kUVERO4Sz5hX2bT|
|00007140| 53 32 49 65 74 65 76 39 61 30 6f 39 5a 47 74 38 |S2Ietev9a0o9ZGt8|
|00007150| 65 54 75 49 53 55 35 6c 4e 57 2f 6f 5a 7a 36 77 |eTuISU5lNW/oZz6w|
|00007160| 59 71 54 48 53 45 4d 33 69 65 4f 50 48 66 31 52 |YqTHSEM3ieOPHf1R|
|00007170| 2f 62 36 47 41 76 33 46 79 51 6f 44 4d 51 73 6f |/b6GAv3FyQoDMQso|
|00007180| 63 79 41 44 34 78 53 53 59 6c 68 55 2b 7a 2b 6f |cyAD4xSSYlhU+z+o|
|00007190| 74 4f 5a 72 30 56 30 52 6b 45 43 6b 42 49 44 32 |tOZr0V0RkECkBID2|
|000071a0| 45 7a 56 2f 4f 47 34 45 41 72 62 79 37 2f 47 32 |EzV/OG4EArby7/G2|
|000071b0| 48 62 30 44 4b 6a 6d 31 67 35 53 62 6a 65 35 4b |Hb0DKjm1g5Sbje5K|
|000071c0| 67 5a 61 2b 7a 64 4c 4b 6c 55 6a 36 6b 4c 46 74 |gZa+zdLKlUj6kLFt|
|000071d0| 6f 58 50 2b 59 58 46 61 6d 48 36 44 49 77 61 68 |oXP+YXFamH6DIwah|
|000071e0| 65 74 6d 38 74 72 2b 35 76 64 61 79 77 69 49 6a |etm8tr+5vdaywiIj|
|000071f0| 49 67 48 6b 51 74 2f 71 74 37 6c 6a 34 77 57 74 |IgHkQt/qt7lj4wWt|
|00007200| 62 4f 57 45 68 56 6b 55 74 65 5a 31 58 41 67 48 |bOWEhVkUteZ1XAgH|
|00007210| 4f 73 32 7a 35 75 2b 54 63 38 56 50 71 4d 49 6d |Os2z5u+Tc8VPqMIm|
|00007220| 52 7a 53 56 73 66 57 30 70 53 37 65 56 4f 50 62 |RzSVsfW0pS7eVOPb|
|00007230| 67 33 58 79 46 76 4a 50 47 6a 39 5a 36 2f 30 66 |g3XyFvJPGj9Z6/0f|
|00007240| 45 4a 4a 67 2b 48 57 62 33 53 51 63 6d 44 50 52 |EJJg+HWb3SQcmDPR|
|00007250| 4e 5a 75 55 36 34 39 69 4c 36 69 31 76 73 33 54 |NZuU649iL6i1vs3T|
|00007260| 66 46 55 64 61 49 69 49 69 44 6c 41 43 51 48 72 |fFUdaIiIiDlACQHr|
|00007270| 79 6a 47 50 39 74 6e 6e 47 49 46 36 54 79 77 76 |yjGP9tnnGIF6Tywv|
|00007280| 4a 4c 37 50 2b 5a 4b 32 4e 4c 7a 52 53 74 48 4d |JL7P+ZK2NLzRStHM|
|00007290| 4e 69 63 38 66 4a 68 63 67 4d 4a 61 74 71 32 64 |Nic8fJhcgMJatq2d|
|000072a0| 59 58 54 37 4a 4d 2b 5a 56 74 72 35 6a 43 75 72 |YXT7JM+ZVtr5jCur|
|000072b0| 37 4e 35 44 34 2f 4c 74 6b 32 56 77 74 6f 4a 59 |7N5D4/Ltk2VwtoJY|
|000072c0| 54 47 31 38 6d 37 75 65 35 56 43 65 39 78 66 61 |TG18m7ue5VCe9xfa|
|000072d0| 56 41 7a 67 6d 45 52 47 52 2f 76 43 4d 49 33 31 |VAzgmERGR/vCMI31|
|000072e0| 7a 6b 69 6b 57 48 6d 54 6c 2b 72 4e 39 48 34 5a |zkikWHmTl+rN9H4Z|
|000072f0| 39 5a 35 43 2b 4d 64 5a 59 35 73 78 65 2f 73 50 |9Z5C+MdZY5sxe/sP|
|00007300| 75 62 50 69 4e 46 4f 33 37 62 78 49 6e 78 42 50 |ubPiNFO37bxInxBP|
|00007310| 38 33 45 63 57 56 78 6b 59 44 6a 47 79 4b 6e 4d |83EcWVxkYDjGyKnM|
|00007320| 72 4b 33 61 57 38 75 47 62 79 30 68 63 64 63 7a |rK3aW8uGby0hcdcz|
|00007330| 4f 47 2f 74 61 54 71 78 2f 6a 33 63 42 71 37 33 |OG/taTqx/j3cBq73|
|00007340| 2f 41 4c 2b 6b 65 57 59 4a 6c 56 2b 78 71 63 42 |/AL+keWYJlV+xqcB|
|00007350| 2b 45 69 42 71 32 61 39 5a 4e 39 58 34 6e 54 30 |+EiBq2a9ZN9X4nT0|
|00007360| 2f 54 79 4e 6c 34 31 6e 4c 77 7a 47 36 56 4a 39 |/TyNl41nLwzG6VJ9|
|00007370| 6c 55 31 6f 4b 44 2f 69 6c 38 4b 72 46 58 68 73 |lU1oKD/il8KrFXhs|
|00007380| 69 49 67 4b 61 42 50 43 2b 55 4a 61 35 6a 55 30 |iIgKaBPC+UJa5jU0|
|00007390| 31 41 31 68 4b 79 43 4f 63 6c 43 58 4a 52 50 52 |1A1hKyCOclCXJRPR|
|000073a0| 61 4a 73 63 7a 2f 72 2f 49 2b 58 4f 56 38 59 61 |aJscz/r/I+XOV8Ya|
|000073b0| 69 35 6a 78 72 6e 70 76 48 31 71 51 6b 56 69 36 |i5jxrnpvH1qQkVi6|
|000073c0| 5a 54 5a 52 68 44 42 45 54 33 4b 6b 71 75 45 78 |ZTZRhDBET3KkquEx|
|000073d0| 52 77 57 46 32 62 44 6e 4f 6b 61 35 65 41 6f 47 |RwWF2bDnOka5eAoG|
|000073e0| 78 62 44 39 6b 61 58 33 6c 48 6a 73 6c 62 74 58 |xbD9kaX3lHjslbtX|
|000073f0| 76 2b 61 52 6b 47 54 2f 5a 2b 54 33 56 4a 2f 63 |v+aRkGT/Z+T3VJ/c|
|00007400| 79 65 2b 4a 42 4a 73 36 66 7a 65 6f 46 79 59 51 |ye+JBJs6fzeoFyYQ|
|00007410| 5a 67 6f 6b 4b 62 4b 57 6f 35 41 70 6c 35 76 55 |ZgokKbKWo5Apl5vU|
|00007420| 48 78 72 4a 72 59 79 70 68 2b 7a 62 30 2f 7a 68 |HxrJrYyph+zb0/zh|
|00007430| 46 52 45 54 36 79 53 2f 35 64 62 62 4f 7a 2b 59 |FRET6yS/5dbbOz+Y|
|00007440| 6e 2b 31 76 4a 33 2f 54 2f 32 4c 52 67 4f 36 73 |n+1vJ3/T/2LRgO6s|
|00007450| 6e 39 35 7a 73 4c 33 6a 75 57 72 4c 57 2f 5a 4b |n95zsL3juWrLW/ZK|
|00007460| 55 4e 65 65 70 50 6e 4f 59 46 36 59 64 4a 33 33 |UNeepPnOYF6YdJ33|
|00007470| 2b 50 4e 4b 58 4a 42 4d 31 32 55 43 77 4a 39 53 |+PNKXJBM12UCwJ9S|
|00007480| 58 6c 35 4a 58 63 49 7a 64 47 77 2b 7a 70 38 54 |Xl5JXcIzdGw+zp8T|
|00007490| 30 6c 74 35 67 37 57 33 39 30 4d 66 49 34 50 68 |0lt5g7W390MfI4Ph|
|000074a0| 35 76 44 49 31 6c 77 2f 4f 51 4f 37 32 64 4d 5a |5vDI1lw/OQO72dMZ|
|000074b0| 6c 76 73 65 69 42 53 2b 53 6d 68 52 4f 6d 4d 46 |lvseiBS+SmhROmMF|
|000074c0| 41 68 4f 2f 33 46 4a 58 55 55 56 58 65 38 35 69 |AhO/3FJXUUVXe85i|
|000074d0| 73 39 2f 34 44 50 4f 4e 59 76 54 47 57 33 57 6e |s9/4DPONYvTGW3Wn|
|000074e0| 47 2b 34 70 56 43 62 50 5a 4e 48 55 38 69 54 47 |G+4pVCbPZNHU8iTG|
|000074f0| 78 52 42 6b 67 4f 48 34 35 69 33 75 64 57 7a 77 |xRBkgOH45i3udWzw|
|00007500| 6a 57 62 31 74 4c 57 58 4c 33 2b 61 44 4d 36 30 |jWb1tLWXL3+aDM60|
|00007510| 63 2b 65 30 76 47 62 4e 39 45 71 2b 73 2f 43 6d |c+e0vGbN9Eq+s/Cm|
|00007520| 4c 59 79 4b 4a 4d 6a 77 4d 7a 58 55 55 46 52 53 |LYyKJMjwMzXUUFRS|
|00007530| 53 6b 33 6d 41 54 64 76 50 59 35 79 42 77 50 32 |Sk3mATdvPY5yBwP2|
|00007540| 4f 7a 34 47 49 79 50 31 4d 43 59 44 37 51 50 37 |Oz4GIyP1MCYD7QP7|
|00007550| 2b 67 36 7a 61 50 37 44 76 37 6d 67 5a 53 39 36 |+g6zaP7Dv7mgZS96|
|00007560| 4b 76 6b 76 73 68 43 33 34 50 55 55 54 50 6d 4a |KvkvshC34PUUTPmJ|
|00007570| 70 32 6e 73 63 4c 49 66 4c 78 34 2b 7a 36 76 68 |p2nscLIfLx4+z6vh|
|00007580| 78 71 2f 57 4d 6e 66 73 71 75 7a 65 2f 53 4a 79 |xq/WMnfsquze/SJy|
|00007590| 76 49 33 73 64 51 2b 72 6d 44 4c 36 61 6e 4d 37 |vI3sdQ+rmDL6anM7|
|000075a0| 69 4e 57 65 35 54 43 76 46 2b 77 2b 79 62 50 39 |iNWe5TCvF+w+ybP9|
|000075b0| 42 69 36 57 44 34 68 65 79 4f 2b 4d 4e 45 6e 31 |Bi6WD4heyO+MNEn1|
|000075c0| 72 4f 56 42 67 2b 75 4e 63 4c 65 38 6a 49 69 4a |rOVBg+uNcLe8jIiJ|
|000075d0| 33 6b 7a 2b 70 36 57 38 78 62 2f 39 61 44 6c 4c |3kz+p6W8xb/9aDlL|
|000075e0| 4f 6d 6f 33 5a 4c 4e 32 57 33 47 75 46 47 77 2b |Omo3ZLN2W3GuFGw+|
|000075f0| 69 56 76 79 52 6f 71 6c 2f 59 65 6e 50 74 33 4b |iVvyRoql/YenPt3K|
|00007600| 77 76 4a 58 69 2f 58 74 35 59 66 39 65 4b 33 57 |wvJXi/Xt5Yf9eK3W|
|00007610| 36 4d 33 50 46 57 32 78 64 50 59 63 49 71 2f 73 |6M3PFW2xdPYcIq/s|
|00007620| 64 34 68 67 5a 4e 49 4f 74 2b 7a 34 67 36 72 56 |d4hgZNIOt+z4g6rV|
|00007630| 66 73 53 4c 7a 65 36 69 70 59 38 2b 57 39 39 69 |fsSLze6ipY8+W99i|
|00007640| 7a 78 64 6f 58 33 4a 6d 35 49 70 30 64 36 36 7a |zxdoX3Jm5Ip0d66z|
|00007650| 33 2f 67 4e 6a 73 75 54 45 35 6e 52 53 58 73 76 |3/gNjsuTE5nRSXsv|
|00007660| 6d 4d 6e 44 35 54 43 6b 66 6e 69 6b 31 7a 68 30 |mMnD5TCkfnik1zh0|
|00007670| 30 50 35 7a 45 50 75 63 57 4d 4d 78 67 36 36 45 |0P5zEPucWMMxg66E|
|00007680| 4d 45 6e 2f 37 44 69 75 33 6c 46 4a 64 66 70 34 |MEn/7Diu3lFJdfp4|
|00007690| 50 33 6b 7a 6e 41 32 73 37 4d 55 53 7a 63 58 4d |P3kznA2s7MUSzcXM|
|000076a0| 36 4b 2b 4e 39 2b 6e 50 45 49 69 4a 4f 52 55 4d |6K+N9+nPEIiJORUM|
|000076b0| 41 52 71 71 67 61 4a 59 75 47 63 42 62 66 33 4f |ARqqgaJYuGcBbf3O|
|000076c0| 42 34 31 6b 61 62 32 6c 39 49 79 4f 2f 79 54 2f |B41kab2l9IyO/yT/|
|000076d0| 6c 77 4c 6e 44 2f 4f 76 6a 31 33 6b 6c 61 58 54 |lwLnD/Ovj13klaXT|
|000076e0| 66 73 58 32 42 6f 33 6c 32 57 52 71 37 6a 68 36 |fsX2Bo3l2WRq7jh6|
|000076f0| 6b 4c 4d 50 52 68 2f 38 75 2f 73 53 74 65 4a 2b |kLMPRh/8u/sSteJ+|
|00007700| 79 34 67 2f 59 39 55 34 43 4d 38 4e 37 5a 2b 7a |y4g/Y9U4CM8N7Z+z|
|00007710| 64 6d 5a 69 55 78 4a 61 50 4d 79 67 36 39 41 61 |dmZiUxJaPMyg69Aa|
|00007720| 4a 76 67 42 31 6c 48 56 4e 6a 42 7a 34 4d 4c 30 |JvgB1lHVNjBz4ML0|
|00007730| 36 4c 68 68 4e 54 6d 5a 6a 76 44 73 59 45 6f 69 |6LhhNTmZjvDsYEoi|
|00007740| 77 65 6d 6a 2b 52 4d 32 4e 5a 69 77 50 4d 32 39 |wemj+RM2NZiwPM29|
|00007750| 75 5a 4e 38 62 44 6a 76 74 54 6c 79 53 77 46 6a |uZN8bDjvtTlySwFj|
|00007760| 63 65 62 62 66 33 78 55 52 6b 61 45 51 48 44 4f |cebbf3xURkaEQHDO|
|00007770| 62 6c 77 77 77 64 6d 34 43 55 66 31 5a 70 73 34 |blwwwdm4CUf1Zps4|
|00007780| 77 68 30 30 5a 78 76 2f 6e 7a 34 77 5a 59 2f 55 |wh00Zxv/nz4wZY/U|
|00007790| 42 31 79 2f 6d 52 51 36 63 4f 38 68 58 66 31 37 |B1y/mRQ6cO8hXf17|
|000077a0| 49 53 2f 46 39 34 32 56 51 2b 43 52 65 57 66 63 |IS/F942VQ+CReWfc|
|000077b0| 32 58 78 55 66 35 73 53 36 4f 55 54 59 6a 5a 64 |2XxUf5sS6OUTYjZd|
|000077c0| 44 47 53 4d 42 33 30 68 65 7a 63 6a 69 5a 76 45 |DGSMB30hezcjiZvE|
|000077d0| 48 37 46 71 58 78 4c 79 70 46 75 34 33 44 41 62 |H7FqXxLypFu43DAb|
|000077e0| 6d 4c 58 75 64 77 2b 63 4f 63 6d 4c 64 44 41 63 |mLXudw+cOcmLdDAc|
|000077f0| 53 44 68 35 45 4c 46 6c 48 57 66 48 37 62 46 39 |SDh5ELFlHWfH7bF9|
|00007800| 68 66 6b 77 50 38 39 49 43 47 2f 48 55 63 79 79 |hfkwP89ICG/HUcyy|
|00007810| 4c 31 2b 32 67 36 4e 77 47 74 69 79 4c 4a 72 5a |L1+2g6NwGtiyLJrZ|
|00007820| 50 75 78 38 6d 64 73 6b 38 74 6e 2b 63 77 62 2f |Pux8mdsk8tn+cwb/|
|00007830| 50 76 63 2f 4b 65 48 2f 72 54 5a 67 51 7a 53 73 |Pvc/KeH/rTZgQzSs|
|00007840| 47 59 39 49 6b 62 6f 4c 64 42 6f 75 49 33 4a 63 |GY9IkboLdBouI3Jc|
|00007850| 65 36 4f 7a 73 37 42 7a 71 52 73 6a 49 30 64 7a |e6Ozs7BzqRsjI0dz|
|00007860| 51 61 42 77 48 36 65 47 44 6e 38 57 37 69 7a 76 |QaBwH6eGDn8W7izv|
|00007870| 52 51 6e 32 44 73 53 75 68 70 36 39 50 33 35 75 |RQn2DsSuhp69P35u|
|00007880| 58 38 67 4f 6b 54 4e 6e 41 45 57 44 6d 35 67 78 |X8gOkTNnAEWDm5gx|
|00007890| 4f 4c 42 6b 37 32 41 30 51 45 52 6e 78 72 6c 32 |OLBk72A0QERnxrl2|
|000078a0| 37 52 6b 42 41 77 46 41 33 77 2b 6b 4e 66 72 77 |7RkBAwFA3w+kNfrw|
|000078b0| 63 36 68 68 35 65 2f 39 33 35 78 36 67 48 35 6f |c6hh5e/935x6gH5o|
|000078c0| 62 71 57 38 42 63 4d 66 50 31 38 4e 65 61 52 47 |bqW8BcMfP18NeaRG|
|000078d0| 52 2b 38 62 31 36 39 66 76 75 41 34 4e 41 5a 42 |R+8b169fvuA4NAZB|
|000078e0| 2b 73 58 6a 54 30 56 2f 4e 6a 64 52 6a 36 65 62 |+sXjT0V/NjdRj6eb|
|000078f0| 42 77 30 59 67 62 79 46 6e 33 31 38 34 41 73 41 |Bw0YgbyFn3184AsA|
|00007900| 6b 6c 73 62 72 34 56 39 45 52 49 61 76 41 63 66 |klsbr4V9ERIavAcf|
|00007910| 4c 59 52 73 6a 62 65 33 2f 48 76 4d 63 34 67 53 |LYRsjbe3/HvMc4gS|
|00007920| 45 69 4d 67 49 70 69 45 41 63 6d 39 64 2b 49 69 |EiMgIpiEAcm9d+Ii|
|00007930| 34 34 4e 6b 38 4d 75 56 58 2f 56 72 6a 75 50 6e |44Nk8MuVX/VrjuPn|
|00007940| 30 56 6c 62 2b 74 6d 75 5a 77 52 64 4a 74 64 56 |0Vlb+tmuZwRdJtdV|
|00007950| 31 55 55 52 45 5a 43 52 53 6a 42 51 52 6b 62 74 |1UUREZCRSjBQRkbt|
|00007960| 4d 43 51 43 35 74 33 78 48 45 78 61 49 61 59 6e |MCQC5t3xHExaIaYn|
|00007970| 42 58 37 48 44 35 70 4a 4a 52 76 55 58 44 72 41 |BX7HD5pJJRvUXDrA|
|00007980| 30 62 57 2f 33 4d 6f 4f 62 56 74 6d 65 61 45 68 |0bW/3MoObVtmeaEh|
|00007990| 45 52 47 52 45 55 6f 77 55 45 5a 47 37 54 41 6b |ERGREUowUEZG7TAk|
|000079a0| 41 75 62 65 43 6b 74 6d 52 73 5a 42 59 67 4a 70 |AubeCktmRsZBYgJp|
|000079b0| 63 6c 6b 32 62 52 2b 4a 72 48 35 46 31 6f 62 62 |clk2bR+JrH5F1obb|
|000079c0| 50 47 73 76 4e 35 59 58 73 33 76 68 4c 6f 71 5a |PGsvN5YXs3vhLoqZ|
|000079d0| 74 59 45 38 4e 67 49 46 31 47 57 74 5a 72 44 63 |tYE8NgIF1GWtZrDc|
|000079e0| 62 49 69 4a 79 50 31 4b 4d 46 42 47 52 75 30 79 |bIiJyP1KMFBGRu0y|
|000079f0| 54 41 4d 71 51 71 43 2b 34 76 63 52 67 54 77 38 |TAMqQqC+4vcRgTw8|
|00007a00| 54 4f 78 56 79 7a 33 7a 66 38 38 2b 42 6b 39 69 |TOxVyz3zf88+Bk9i|
|00007a10| 34 37 2f 65 73 6e 4b 79 6c 66 55 52 45 62 4e 45 |47/esnKylfUREbNE|
|00007a20| 6b 67 43 4f 66 59 71 53 49 69 46 67 79 47 4a 4d |kgCOfYqSIiFgyGJM|
|00007a30| 41 4b 67 45 67 51 36 69 57 45 39 76 65 59 2f 32 |AKgEgQ6iWE9veY/2|
|00007a40| 6d 34 78 79 78 4f 74 62 78 59 65 61 39 38 78 62 |m4xyxOtbxYea98xb|
|00007a50| 72 6c 79 63 37 73 47 79 53 69 49 67 6f 41 58 43 |rlyc7sGySiIgoAXC|
|00007a60| 2f 55 49 77 55 45 5a 47 65 6c 41 43 51 2b 30 51 |/UIwUEZGelACQ+0Q|
|00007a70| 4c 39 65 58 6c 35 4a 56 66 70 71 79 67 68 48 72 |L9eXl5JVfpqyghHr|
|00007a80| 41 4d 7a 43 61 69 41 6c 6a 69 5a 73 38 35 73 35 |AMzCaiAljiZs85s5|
|00007a90| 58 48 52 41 52 63 53 4a 4b 41 4e 78 76 46 43 4e |XHRARcSJKANxvFCN|
|00007aa0| 46 52 4d 52 49 43 51 41 52 45 52 48 70 51 51 6b |FRMRICQARERHpQQk|
|00007ab0| 41 45 52 47 52 2b 39 4e 67 4a 41 41 30 43 61 43 |AERGR+9NgJAA0CaC|
|00007ac0| 49 69 49 69 49 69 49 69 49 45 31 41 43 51 45 52 |IiIiIiIiIE1ACQER|
|00007ad0| 45 52 45 52 45 52 4d 51 4a 4b 41 45 67 49 69 49 |ERERERMQJKAEgIiI|
|00007ae0| 69 49 69 49 69 34 67 53 55 41 42 41 52 45 52 45 |iIiIi4gSUABARERE|
|00007af0| 52 45 52 46 78 41 6b 6f 41 69 49 69 49 69 49 69 |RERFxAkoAiIiIiIi|
|00007b00| 49 69 44 67 42 4a 51 42 45 52 45 52 45 52 45 52 |IiDgBJQBERERERER|
|00007b10| 45 6e 49 41 53 41 43 49 69 49 69 49 69 49 69 4a |EnIASACIiIiIiIiJ|
|00007b20| 4f 51 41 6b 41 45 52 45 52 45 52 45 52 45 53 65 |OQAkAERERERERESe|
|00007b30| 67 42 49 43 49 69 49 69 49 69 49 69 49 45 31 41 |gBICIiIiIiIiIE1A|
|00007b40| 43 51 45 52 45 52 45 52 45 52 4d 51 4a 4b 41 45 |CQERERERERMQJKAE|
|00007b50| 67 49 69 49 69 49 69 49 69 34 67 53 55 41 42 41 |gIiIiIiIi4gSUABA|
|00007b60| 52 45 52 45 52 45 52 46 78 41 6b 6f 41 69 49 69 |RERERERFxAkoAiIi|
|00007b70| 49 69 49 69 49 69 44 67 42 4a 51 42 45 52 45 52 |IiIiIiDgBJQBERER|
|00007b80| 45 52 45 52 45 6e 49 41 53 41 43 49 69 49 69 49 |EREREnIASACIiIiI|
|00007b90| 69 49 69 4a 4f 51 41 6b 41 45 52 45 52 45 52 45 |iIiJOQAkAERERERE|
|00007ba0| 52 45 53 65 67 42 49 43 49 69 49 69 49 69 49 69 |RESegBICIiIiIiIi|
|00007bb0| 49 45 31 41 43 51 45 52 45 52 45 52 45 52 4d 51 |IE1ACQERERERERMQ|
|00007bc0| 4a 4b 41 45 67 49 69 49 69 49 69 49 69 34 67 53 |JKAEgIiIiIiIi4gS|
|00007bd0| 55 41 42 41 52 45 52 45 52 45 52 46 78 41 6b 6f |UABARERERERFxAko|
|00007be0| 41 69 49 69 49 69 49 69 49 69 44 67 42 4a 51 42 |AiIiIiIiIiDgBJQB|
|00007bf0| 45 52 45 52 45 52 45 52 45 6e 49 41 53 41 43 49 |EREREREREnIASACI|
|00007c00| 69 49 69 49 69 49 69 4a 4f 51 41 6b 41 45 52 45 |iIiIiIiJOQAkAERE|
|00007c10| 52 45 52 45 52 45 53 65 67 42 49 43 49 69 49 69 |RERERESegBICIiIi|
|00007c20| 49 69 49 69 49 45 31 41 43 51 45 52 45 52 45 52 |IiIiIE1ACQERERER|
|00007c30| 45 52 4d 51 4a 4b 41 45 67 49 69 49 69 49 69 49 |ERMQJKAEgIiIiIiI|
|00007c40| 69 34 67 53 55 41 42 41 52 45 52 45 52 45 52 46 |i4gSUABARERERERF|
|00007c50| 78 41 6b 6f 41 69 4e 79 76 6d 73 72 34 2f 4c 4e |xAkoAiNyvmsr4/LN|
|00007c60| 54 58 47 6f 61 36 6f 61 49 69 49 69 49 69 4d 68 |TXGoa6oaIiIiIiMh|
|00007c70| 77 6f 41 54 41 43 4e 5a 63 66 59 47 38 77 67 74 |woATACNZcfYG8wgt|
|00007c80| 55 74 76 54 61 30 46 4a 46 55 65 45 35 38 73 72 |UtvTa0FJFUeE58sr|
|00007c90| 72 68 36 52 64 4d 6a 78 63 2b 75 4a 72 54 68 56 |rh6RdMjxc+uJrThV|
|00007ca0| 66 35 75 69 5a 47 75 4d 66 69 6f 2b 7a 59 65 74 |f5uiZGuMfio+zYet|
|00007cb0| 65 39 68 54 66 70 52 31 65 79 2b 47 50 57 2f 66 |e9hTfpR1ey+GPW/f|
|00007cc0| 79 78 38 39 72 37 42 53 73 34 57 6a 47 58 6a 5a |yx89r7BSs4WjGXjZ|
|00007cd0| 6b 35 47 43 76 35 4a 42 6f 61 34 4b 32 4e 74 6a |k5GCv5JBoa4K2Ntj|
|00007ce0| 7a 4d 6d 77 2b 44 54 52 42 32 31 41 33 53 6b 54 |zMmw+DTRB21A3SkT|
|00007cf0| 36 72 35 35 4c 68 65 66 49 4b 36 32 69 75 66 63 |6r55LhefIK62iufc|
|00007d00| 6d 55 35 77 73 71 75 36 7a 5a 58 68 71 61 6f 4a |mU5wsqu6zZXhqaoJ|
|00007d10| 72 58 38 4c 4c 62 38 47 33 70 74 39 46 52 45 51 |rX8LLb8G3pt9FREQ|
|00007d20| 47 51 41 6d 41 45 65 78 36 63 52 48 48 73 6f 73 |GQAmAEex6cRHHsos|
|00007d30| 6f 62 4f 79 31 6f 62 47 4d 7a 37 4f 4c 4f 5a 5a |obOy1obGMz7OLOZZ|
|00007d40| 58 4e 53 54 74 6b 75 46 68 33 4e 52 49 49 6b 4e |XNSTtkuFh3NRIIkN|
|00007d50| 44 6d 44 62 5a 66 36 69 62 4d 72 4b 63 2f 68 4e |DmDbZf6ibMrKc/hN|
|00007d60| 73 32 41 4e 75 6b 52 44 63 41 42 74 2b 41 2f 2b |s2ANukRDcABt+A/+|
|00007d70| 6f 47 4f 70 57 69 55 69 2f 56 58 45 71 75 35 68 |oGOpWiUi/VXEqu5h|
|00007d80| 6a 78 37 37 67 55 47 6d 76 42 33 31 54 6e 50 79 |jx77gUGmvB31TnPy|
|00007d90| 38 2b 50 72 51 4e 4b 30 2f 32 6f 72 68 4e 37 2b |8+PrQNK0/2orhN7+|
|00007da0| 42 76 41 5a 67 41 6e 79 37 48 58 36 7a 48 35 51 |BvAZgAny7HX6zH5Q|
|00007db0| 44 45 42 47 52 41 58 41 64 36 67 62 49 76 64 4a |DEBGRAXAd6gbIvdJ|
|00007dc0| 42 38 37 2b 2f 6f 37 53 79 6e 6e 5a 58 50 30 4c |B87+/o7SynnZXP0L|
|00007dd0| 44 48 73 50 66 77 36 56 58 6d 57 5a 71 79 38 75 |DHsPfw6VXmWZqy8u|
|00007de0| 70 61 47 7a 47 31 65 63 78 78 68 76 38 38 54 54 |paGzG1ecxxhv88TT|
|00007df0| 2f 66 6c 4d 6a 4c 58 6a 69 36 2f 55 67 44 65 56 |/flMjLXji6/UgDeV|
|00007e00| 6c 31 44 30 79 67 58 45 2b 72 64 78 6f 62 4b 4c |l1D0ygXE+rdxobKL|
|00007e10| 64 78 51 74 66 39 7a 59 71 4b 79 35 53 30 2b 52 |dxQtf9zYqKy5S0+R|
|00007e20| 4e 34 4c 68 51 51 72 7a 63 2b 7a 61 6a 70 59 71 |N4LhQQrzc+zajpYq|
|00007e30| 53 30 68 70 75 34 45 33 67 2b 44 42 43 50 4e 71 |S0hpu4E3g+DBCPNq|
|00007e40| 34 30 64 67 4d 37 6a 35 34 65 37 67 41 44 74 54 |40dgM7j54e7gADtT|
|00007e50| 58 55 73 75 6c 73 75 39 6f 77 4e 70 78 51 48 76 |XUsulsu9owNpxQHv|
|00007e60| 54 64 31 79 36 56 47 76 63 6a 37 57 32 39 50 6e |Td1y6VGvcj7W29Pn|
|00007e70| 53 44 64 50 2b 77 44 76 67 63 63 59 46 65 5a 76 |SDdP+wDvgccYFeZv|
|00007e80| 39 42 32 4c 74 2b 4b 33 55 31 64 58 47 64 6b 39 |9B2Lt+K3U1dXGdk9|
|00007e90| 38 51 77 79 4d 65 38 54 54 62 4f 50 67 48 4b 50 |8QwyMe8TTbOPgHKP|
|00007ea0| 64 63 2b 6b 54 79 74 4d 7a 67 6e 46 39 79 4d 4a |dc+kTytMzgnF9yMJ|
|00007eb0| 33 62 62 48 37 62 39 53 72 58 4e 66 31 5a 4c 58 |3bbH7b9SrXNf1ZLX|
|00007ec0| 43 5a 69 6f 76 58 61 43 6d 71 65 74 63 39 4e 35 |CZiovXaCmqetc9N5|
|00007ed0| 75 37 39 7a 61 75 69 36 4e 37 50 31 37 39 2b 74 |u79zaui6N7P179+t|
|00007ee0| 36 69 4a 77 50 44 58 2b 46 54 77 71 42 57 6b 68 |6iJwPDX+FTwqBWkh|
|00007ef0| 5a 42 46 48 42 74 73 2b 5a 69 41 78 6a 74 79 6a |ZBFHBts+ZiAxjtyj|
|00007f00| 37 50 49 65 53 38 59 6d 45 32 79 73 36 48 47 4f |7PIeS8YmE2ys6HGO|
|00007f10| 55 57 79 6a 38 59 6a 37 73 33 32 48 38 2f 66 52 |UWyj8Yj7s32H8/fR|
|00007f20| 2f 77 4e 49 6b 63 42 76 49 75 52 41 52 45 57 65 |/wNIkcBvIuRAREWe|
|00007f30| 6e 42 49 42 54 75 4d 45 2f 4d 34 2b 53 56 57 48 |nBIBTuME/M4+SVWH|
|00007f40| 65 6a 39 6d 4e 73 46 6e 50 38 50 78 45 62 77 44 |ej9mNsFnP8PxEbwD|
|00007f50| 61 4b 30 2b 52 6b 58 57 5a 71 36 31 64 32 34 76 |aK0+RkXWZq61d24v|
|00007f60| 42 33 59 64 70 63 35 39 68 52 70 41 4c 55 45 76 |B3Ydpc59hRpALUEv|
|00007f70| 32 4a 2f 38 67 76 39 32 58 4d 49 38 47 79 75 6f |2J/8gv92XMI8Gyuo|
|00007f80| 68 64 4e 59 45 78 6b 33 38 6c 6b 4d 5a 42 56 54 |hdNYExk38lkMZBVT|
|00007f90| 34 65 44 47 36 73 59 6d 36 72 71 39 6e 66 38 50 |4eDG6sYm6rq9nf8P|
|00007fa0| 6f 79 51 6b 73 6e 39 37 31 34 4e 52 4b 78 65 64 |oyQksn9714NRKxed|
|00007fb0| 48 32 58 50 65 37 4a 56 46 64 67 47 50 68 6e 6c |H2XPe7JVFdgGPhnl|
|00007fc0| 78 6f 36 77 42 31 30 6b 7a 65 58 6c 47 49 47 43 |xo6wB10kzeXlGIGC|
|00007fd0| 37 76 67 55 42 68 66 7a 76 5a 33 58 63 48 76 58 |7vgUBhfzvZ3XcHvX|
|00007fe0| 67 52 75 6a 54 69 53 79 61 34 6d 66 36 2f 54 70 |gRujTiSya4mf6/Tp|
|00007ff0| 46 57 58 2f 6e 55 4a 6e 5a 73 57 5a 2f 77 36 6a |FWX/nUJnZsWZ/w6j|
|00008000| 48 66 30 6a 61 4d 34 2f 6a 62 66 48 38 64 46 43 |Hf0jaM4/jbfH8dFC|
|00008010| 5a 63 35 52 39 65 59 31 6d 39 52 61 44 54 78 44 |Zc5R9eY1m9RaDTxD|
|00008020| 50 2f 58 67 36 45 54 36 32 6a 72 39 33 58 61 31 |P/Xg6ET62jr93Xa1|
|00008030| 55 35 50 79 64 41 7a 33 71 79 73 66 44 2f 77 63 |U5PydAz3qysfD/wc|
|00008040| 73 57 50 67 55 49 54 41 49 78 2b 6a 67 75 62 79 |sWPgUITAIx+jguby|
|00008050| 59 77 35 38 2b 71 79 4e 30 31 6b 49 57 39 57 6d |Yw58+qyN01kIW9Wm|
|00008060| 6e 4a 59 37 2b 47 31 6b 6f 68 78 75 50 68 6e 6e |nJY7+G1kohxuPhnn|
|00008070| 52 54 73 2f 2f 71 62 52 58 35 76 43 2f 6e 31 62 |RTs//qbRX5vC/n1b|
|00008080| 63 50 6b 62 79 38 66 42 2f 6c 4d 41 65 42 61 32 |cPkby8fB/lMAeBa2|
|00008090| 66 57 2f 76 58 5a 51 65 56 58 32 53 78 73 38 43 |fW/vXZQeVX2Sxs8C|
|000080a0| 38 7a 65 62 58 6e 72 33 74 76 62 58 42 36 62 2f |8zebXnr3tvbXB6b/|
|000080b0| 41 4a 35 64 67 31 43 67 59 35 51 70 5a 65 36 44 |AJ5dg1CgY5QpZe6D|
|000080c0| 70 49 58 6a 78 43 55 64 4f 6f 6f 67 4d 4e 7a 34 |pIXjxCUdOoogMNz4|
|000080d0| 65 6a 47 71 38 53 6c 62 57 52 63 4a 54 48 72 64 |ejGq8SlbWRcJTHrd|
|000080e0| 53 61 42 6a 48 71 49 5a 69 32 4c 45 44 32 6b 59 |SaBjHqIZi2LED2kY|
|000080f0| 42 6f 36 44 74 4b 38 69 34 44 71 2b 39 42 71 48 |Bo6DtK8i4Dq+9BqH|
|00008100| 4b 41 6f 69 49 53 50 38 6f 41 65 41 4d 4c 70 33 |KAoiISP8oAeAMLp3|
|00008110| 6d 61 45 55 62 6f 79 62 47 38 72 4e 5a 42 6c 77 |maEUboybG8rNZBlw|
|00008120| 62 7a 37 46 76 64 7a 46 6c 4f 58 6c 55 54 4a 78 |bz7FvdzFlOXlUTJx|
|00008130| 4f 61 45 73 52 2b 7a 49 76 63 39 58 46 6c 34 53 |OaEsR+zIvc9XFl4S|
|00008140| 66 54 4f 65 70 49 44 64 61 71 73 39 7a 49 4c 4f |fTOepIDdaqs9zILO|
|00008150| 45 55 35 6b 6e 43 45 78 4c 49 73 4c 44 56 4e 66 |EU5knCExLIsLDVNf|
|00008160| 4e 42 71 35 34 42 44 45 74 77 59 2f 51 45 4c 4e |NBq54BDEtwY/QELN|
|00008170| 39 4e 44 62 6a 45 66 73 30 4b 79 59 48 34 39 4a |9NDbjEfs0KyYH49J|
|00008180| 34 6b 61 78 50 38 79 6b 74 79 4f 48 77 75 46 52 |4kaxP8yktyOHwuFR|
|00008190| 6d 68 30 42 7a 63 54 59 66 6e 32 2b 43 68 30 61 |mh0BzcTYfn2+Ch0a|
|000081a0| 54 6e 42 4c 48 45 2f 35 51 55 35 7a 44 67 65 77 |TnBLHE/5QU5zDgew|
|000081b0| 36 6d 6f 42 52 76 64 74 73 73 62 35 73 2f 6f 51 |6moBRvdtssb5s/oQ|
|000081c0| 62 34 32 66 39 69 4a 53 4a 50 6e 53 59 32 6c 6a |b42f9iJSJPnSY2lj|
|000081d0| 78 35 53 6d 2b 6e 76 69 66 50 4f 55 42 4e 5a 2b |x5Sm+nvifPOUBNZ+|
|000081e0| 66 34 46 42 5a 47 36 4d 6d 2f 70 41 46 54 34 66 |f4FBZG6Mm/pAFT4f|
|000081f0| 68 54 7a 30 6c 58 33 37 42 77 65 4a 76 79 50 44 |hTz0lX37BweJvyPD|
|00008200| 79 34 65 58 70 67 58 31 4f 54 33 50 70 43 65 50 |y4eXpgX1OT3PpCeP|
|00008210| 44 76 30 38 49 38 2b 59 38 52 62 68 50 42 35 55 |Dv08I8+Y8RbhPB5U|
|00008220| 46 58 37 41 76 74 35 70 44 6e 35 35 6d 56 46 6f |FX7Avt5pDn55mVFo|
|00008230| 63 33 59 64 71 37 66 69 37 36 69 72 4f 35 75 4f |c3Ydq7fi76irO5uO|
|00008240| 38 52 6c 77 44 77 31 6d 53 4d 6f 6b 51 39 7a 5a |8RlwDw1mSMokQ9zZ|
|00008250| 54 58 64 2b 79 4c 39 4f 48 58 38 79 64 63 50 76 |TXd+yL9OHX8ydcPv|
|00008260| 74 39 51 43 50 73 64 2f 6e 30 6b 47 4f 31 75 76 |t9QCPsd/n0kGO1uv|
|00008270| 77 2f 6c 75 4b 32 4a 64 5a 51 52 31 75 68 43 58 |w/luK2JdZQR1uhCX|
|00008280| 45 4d 48 76 69 6f 31 42 62 78 4f 47 73 59 73 70 |EMHvio1BbxOGsYsp|
|00008290| 75 41 72 31 37 54 2f 51 2b 74 34 35 63 6c 36 31 |uAr17T/Q+t45cl61|
|000082a0| 35 5a 42 55 30 34 52 49 79 6b 65 56 7a 70 75 44 |5ZBU04RIykeVzpuD|
|000082b0| 62 55 63 37 68 6a 33 4d 70 4c 44 6a 48 31 31 4f |bUc7hj3MpLDjH11O|
|000082c0| 44 65 63 72 65 64 6f 39 65 62 63 41 4e 6f 6d 59 |Decredo9ebcANomY|
|000082d0| 43 4c 30 4c 62 75 33 42 7a 45 63 7a 4f 41 33 2b |CL0Lbu3BzEczOA3+|
|000082e0| 48 4d 69 67 69 4d 68 7a 35 54 4f 43 35 30 41 76 |HMigiMhz5TOC50Av|
|000082f0| 73 50 4a 2f 48 67 55 74 68 70 49 37 72 2b 30 5a |sPJ/HgUthpI7r+0Z|
|00008300| 2b 4f 4d 63 6f 66 4a 2b 41 47 55 6b 77 38 51 65 |+OMcofJ+AGUkw8Qe|
|00008310| 77 2f 6a 51 73 65 78 47 2b 62 4e 44 44 76 34 69 |w/jQsexG+bNDDv4i|
|00008320| 49 44 49 6a 6d 41 48 41 47 48 52 31 30 41 43 32 |IDIjmAHAGHR10AC2|
|00008330| 4e 39 62 53 30 67 36 76 50 46 42 61 6b 50 63 4d |N9bS0g6vPFBakPcM|
|00008340| 76 35 6b 63 78 42 6d 67 34 65 35 47 4b 44 67 69 |v5kcxBmg4e5GKDgi|
|00008350| 64 6e 6b 52 73 6b 44 65 75 75 4f 4d 64 46 45 56 |dnkRskDeuuOMdFEV|
|00008360| 61 72 43 2b 30 31 76 46 31 73 66 6e 59 79 64 48 |arC+01vF1sfnYydH|
|00008370| 4d 57 6a 79 44 47 5a 46 54 65 6e 5a 2f 39 77 73 |MWjyDGZFTenZ/9ws|
|00008380| 6c 4a 66 6f 78 76 46 31 64 38 48 78 6b 41 71 6e |lJfoxvF1d8HxkAqn|
|00008390| 54 48 38 57 46 4e 69 6f 75 31 51 44 31 6e 44 70 |TH8WFNiou1QD1nDp|
|000083a0| 62 52 77 64 65 54 50 74 78 45 6c 46 42 33 72 69 |bRwdeTPtxElFB3ri|
|000083b0| 36 65 68 4d 53 6d 63 53 69 4b 43 2f 4c 62 62 5a |6ehMSmcSiKC/LbbZ|
|000083c0| 59 48 37 69 45 54 53 5a 31 6f 6a 2b 65 70 6a 59 |YH7iETSZ1oj+epjY|
|000083d0| 2b 4e 38 6b 4c 61 4b 43 30 44 4f 41 69 58 78 61 |+N8kLaKC0DOAiXxa|
|000083e0| 33 67 45 38 6f 71 62 4d 65 4e 33 61 37 39 50 41 |3gE8oqbMeN3a79PA|
|000083f0| 6e 66 4e 59 30 6e 6e 77 49 72 68 65 58 30 48 63 |nfNY0nnwIrheX0Hc|
|00008400| 6b 64 7a 32 6e 7a 74 54 52 67 67 38 4a 50 35 6c |kdz2nztTRgg8JP5l|
|00008410| 4f 2b 43 4f 65 34 4f 70 4e 53 50 52 2f 6b 6a 72 |O+COe4OpNSPR/kjr|
|00008420| 52 44 52 6f 72 2b 4c 4c 55 76 4c 79 56 34 2b 2b |RDRor+LLUvLyV4++|
|00008430| 71 36 32 77 64 48 59 78 6d 31 76 77 6f 59 35 64 |q62wdHYxm1vwoY5d|
|00008440| 4f 56 32 39 43 6f 70 4e 49 43 49 47 57 69 6d 38 |OV29CopNICIGWim8|
|00008450| 70 4e 4a 2b 77 63 55 44 48 4f 49 42 7a 36 52 42 |pNJ+wcUDHOIBz6RB|
|00008460| 48 36 33 56 38 2f 31 33 58 31 65 69 6f 52 4a 36 |H63V8/13X1eioRJ6|
|00008470| 50 66 41 78 76 56 33 65 38 67 36 62 77 2f 49 2f |PfAxvV3e8g6bw/I/|
|00008480| 48 4d 74 70 69 47 33 71 65 57 34 65 75 79 2f 59 |HMtpiG3qeW4euy/Y|
|00008490| 4f 32 6f 47 4f 78 69 61 75 64 33 53 41 68 34 48 |O2oGOxiaud3SAh4H|
|000084a0| 5a 7a 7a 2f 4c 4c 39 4c 69 69 50 54 41 2f 6e 5a |Zzz/LL9LiiPTA/nZ|
|000084b0| 4c 41 70 36 47 35 47 41 49 53 41 46 2f 49 47 59 |LAp6G5GAISAF/IGY|
|000084c0| 52 2f 45 41 33 32 69 49 6a 57 63 69 4d 61 54 7a |R/EA32iIjWciMaTz|
|000084d0| 70 63 34 76 53 7a 37 49 70 36 62 4e 31 4f 4d 63 |pc4vSz7Ip6bN1OMc|
|000084e0| 6f 41 44 65 59 76 51 68 47 50 51 51 2f 6e 51 43 |oADeYvQhGPQQ/nQC|
|000084f0| 75 6f 62 41 6f 65 72 42 4f 6a 59 69 49 4f 42 6e |uobAoerBOjYiIOBn|
|00008500| 31 41 48 41 47 34 2b 4e 49 4b 54 35 4b 56 6b 55 |1AHAG4+NIKT5KVkU|
|00008510| 78 66 2f 71 66 45 72 7a 38 2f 51 6d 66 45 6b 48 |xf/qfErz8/QmfEkH|
|00008520| 43 52 44 39 63 67 5a 70 36 34 77 4e 2b 35 52 64 |CRD9cgZp64wN+5Rd|
|00008530| 2f 35 66 30 76 7a 4c 2f 59 41 63 43 4e 65 72 4e |/5f0vzL/YAcCNerN|
|00008540| 4a 6b 6e 79 38 73 66 42 2b 41 72 78 47 39 52 77 |Jkny8sfB+ArxG9Rw|
|00008550| 44 37 75 64 70 37 4d 72 59 41 56 42 4c 58 53 50 |D7udp7MrYAVBLXSP|
|00008560| 67 34 30 39 45 72 2f 48 66 2f 75 50 38 38 63 71 |g409Er/Hf/uP88cq|
|00008570| 7a 4d 4a 4f 52 74 66 71 38 65 6a 35 31 2b 7a 37 |zMJORtfq8ej51+z7|
|00008580| 69 53 66 64 4d 53 49 33 31 31 48 55 41 6a 64 2b |iSfdMSI311HUAjd+|
|00008590| 78 5a 39 75 42 48 75 58 61 57 77 47 61 61 51 42 |xZ9uBHuXaWwGaaQB|
|000085a0| 43 65 32 7a 70 61 70 73 66 34 33 72 64 35 34 57 |Ce2zpapsf43rd54W|
|000085b0| 47 2b 45 42 78 48 58 57 56 4e 54 44 65 39 45 64 |G+EBxHXWVNTDe9Ed|
|000085c0| 72 78 32 39 65 46 2f 56 38 74 75 30 41 6e 35 6c |rx29eF/V8tu0An5l|
|000085d0| 76 36 67 42 6f 4e 57 37 76 65 76 41 63 79 44 45 |v6gBoNW7vevAcyDE|
|000085e0| 4f 35 46 77 36 78 4e 46 36 48 64 2b 2f 38 62 72 |O5Fw6xNF6Hd+/8br|
|000085f0| 79 49 48 53 38 58 38 2b 43 6a 78 67 49 66 65 69 |yIHS8X8+CjxgIfei|
|00008600| 79 32 62 41 41 6b 31 37 6e 31 71 48 72 63 73 70 |y2bAAk17n1qHrcsp|
|00008610| 54 50 44 66 35 4b 6a 73 4c 4b 74 69 7a 76 51 49 |TPDf5KjsLKtizvQI|
|00008620| 58 50 31 38 69 4a 6b 62 77 39 47 53 44 73 61 66 |XP18iJkbw9GSDsaf|
|00008630| 46 49 33 61 32 57 2b 55 47 4d 63 6b 32 53 34 6a |FI3a2W+UGMck2S4j|
|00008640| 49 53 42 4c 4d 4d 38 6d 68 58 50 71 6b 77 6a 67 |ISBLMM8mhXPqkwjg|
|00008650| 55 59 4b 72 35 74 75 45 63 6f 38 77 45 50 41 48 |UYKr5tuEco8wEPAH|
|00008660| 4a 47 6f 6f 6b 49 69 4a 33 52 67 6d 41 2b 35 69 |JGookIiJ3RgmA+5i|
|00008670| 58 58 39 65 44 6c 7a 64 50 7a 45 30 6c 6f 72 47 |XX9eDlzdPzE0lorG|
|00008680| 63 66 35 37 39 6c 76 78 4c 56 38 6e 2f 37 43 72 |cf579lvxLV8n/7Cr|
|00008690| 35 35 38 4a 5a 74 6a 41 4b 54 39 4d 45 52 64 34 |558JZtjAKT9MERd4|
|000086a0| 42 66 6f 79 32 4d 46 2b 63 64 35 41 37 30 4e 70 |Bfoy2MF+cd5A70Np|
|000086b0| 33 67 38 50 63 38 48 41 42 57 6a 72 6f 76 57 4a |3g8Pc8HABWjrovWJ|
|000086c0| 68 56 2b 2b 45 51 62 6b 51 33 56 32 4d 7a 39 59 |hV++EQbkQ3V2Mz9Y|
|000086d0| 50 65 54 4d 6d 77 4e 4c 6a 6e 51 2b 2b 31 74 72 |PeTMmwNLjnQ++1tr|
|000086e0| 57 44 75 33 57 36 6e 56 34 44 6a 31 54 58 62 67 |WDu3W6nV4Dj1TXbg|
|000086f0| 52 47 44 54 4b 77 74 66 63 47 47 50 74 72 62 50 |RGDTKwtfcGGPtrbP|
|00008700| 44 37 74 61 35 64 4c 52 65 78 2f 64 76 76 4b 35 |D7ta5dLRex/dvvK5|
|00008710| 75 6d 57 35 73 7a 62 58 53 37 6b 42 44 48 62 73 |umW5szbXS7kBDHbs|
|00008720| 75 58 51 69 5a 50 70 65 33 70 6c 5a 52 63 76 59 |uXQiZPpe3plZRcvY|
|00008730| 69 70 79 35 57 55 5a 69 62 53 2b 48 5a 4d 75 59 |ipy5WUZibS+HZMuY|
|00008740| 74 6e 30 47 34 33 65 30 69 34 6a 53 43 59 6e 68 |tn0G43e0i4jSCYnh|
|00008750| 75 55 6f 31 78 4b 49 44 66 59 32 59 62 68 6e 4f |uUo1xKIDfY2YbhnO|
|00008760| 4d 45 68 45 52 47 56 78 4b 41 49 78 67 6f 2f 77 |MEhERGVxKAIxgo/w|
|00008770| 38 67 51 59 71 4b 32 35 41 77 4f 32 70 67 32 35 |8gQYqK25AwO2pg25|
|00008780| 55 31 6e 4d 64 47 47 4e 4b 41 44 51 55 66 38 48 |U1nMdGGNKADQUf8H|
|00008790| 52 30 6a 5a 43 6f 78 4f 4a 6e 57 45 67 61 6b 59 |R0jZCoxOJnWEgakY|
|000087a0| 48 6c 34 37 2b 6c 58 30 58 79 38 6e 2f 64 78 51 |Hl47+lX0Xy8n/dxQ|
|000087b0| 2f 4d 72 33 70 64 67 32 4d 34 76 6d 34 72 71 52 |/Mr3pdg2M4vm4rqR|
|000087c0| 42 42 37 57 58 43 71 6c 6f 63 73 63 2f 78 41 2f |BB7WXCqlocsc/xA/|
|000087d0| 75 61 4d 58 32 78 77 67 4e 67 4d 4c 4b 4b 72 36 |uaMX2xwgNgMLKKr6|
|000087e0| 2b 31 45 46 6f 39 2f 6a 4c 47 2b 53 64 71 61 4b |+1EFo9/jLG+SdqaK|
|000087f0| 46 32 79 2f 46 37 34 68 48 43 49 45 2b 4a 56 78 |F2y/F74hHCIE+JVx|
|00008800| 70 38 75 53 4a 75 59 6c 45 64 50 32 39 36 54 76 |p8uSJuYlEdP296Tv|
|00008810| 2b 65 61 6d 57 64 71 39 67 78 74 68 6f 57 33 35 |+eamWdq9gxthoW35|
|00008820| 6c 42 79 45 68 5a 6d 30 72 72 67 66 63 43 42 30 |lByEhZm0rrgfcCB0|
|00008830| 58 69 47 50 48 33 31 57 58 43 32 4f 65 54 6d 52 |XiGPH31WXC2OeTmR|
|00008840| 47 39 35 75 6b 57 6b 6f 4b 76 7a 50 4f 6c 6d 39 |G95ukWkoKvzPOlm9|
|00008850| 74 31 51 43 48 33 61 31 7a 36 57 69 39 6a 75 2b |t1QCH3a1z6Wi9ju+|
|00008860| 2f 71 77 64 46 36 62 6d 4c 45 48 4a 37 34 71 30 |/qwdF6bmLEHJ74q0|
|00008870| 62 68 55 55 55 74 64 70 76 61 4b 67 6a 31 32 58 |bhUUUtdpvaKgj12X|
|00008880| 6c 31 33 78 38 74 68 48 76 38 56 48 4d 6a 70 74 |l13x8thHv8VHMjpt|
|00008890| 4f 65 42 7a 63 4f 4a 76 46 6c 74 78 71 38 6b 73 |OeBzcOJvFltxq8ks|
|000088a0| 68 33 4d 76 4f 39 76 45 32 6d 79 41 69 39 78 55 |h3MvO9vE2myAi9xU|
|000088b0| 58 34 31 43 41 69 6d 7a 79 38 34 79 64 37 59 31 |X41CAimzy84yd7Y1|
|000088c0| 6a 2b 34 64 7a 6a 42 49 52 45 52 6c 63 53 67 43 |j+4dzjBIRERlcSgC|
|000088d0| 4d 59 4a 35 54 48 6d 66 38 6d 57 38 6f 7a 54 33 |MYJ5THmf8mW8ozT3|
|000088e0| 4b 74 6d 75 68 2f 44 44 45 6a 65 75 56 46 65 52 |Ktmuh/DDEjeuVFeR|
|000088f0| 66 62 41 4c 33 52 35 6b 32 78 66 69 47 77 64 63 |fbAL3R5k2xfiGwdc|
|00008900| 48 61 69 71 75 55 6e 62 74 4f 43 31 54 48 32 56 |HaiquUnbtOC1TH2V|
|00008910| 55 61 79 50 35 46 57 33 67 38 69 67 68 6a 77 43 |UayP5FW3g8ighjwC|
|00008920| 50 54 4f 61 48 5a 2f 37 42 4e 33 6b 6e 2b 50 42 |PTOaHZ/7BN3kn+PB|
|00008930| 6d 47 45 38 47 50 6b 68 4c 54 53 57 6e 69 68 74 |mGE8GPkhLTSWniht|
|00008940| 70 38 52 6e 4c 7a 79 4c 76 74 4b 55 75 50 50 48 |p8RnLzyLvtKUuPPH|
|00008950| 30 57 4c 37 38 2b 44 4b 6c 52 2f 37 4b 6e 6b 6c |0WL78+DKlR/7Knkl|
|00008960| 68 54 50 53 48 4b 2b 66 4c 4b 4b 79 39 64 61 65 |hTPSHK+fLKKy9dae|
|00008970| 56 6d 77 6b 6b 49 58 59 30 52 63 65 75 63 69 6a |VmwkkIXY0Rceucij|
|00008980| 6a 42 44 56 52 6f 78 6c 46 47 36 56 6e 76 71 58 |jBDVRoxlFG6VnvqX|
|00008990| 73 35 6f 4f 45 4a 55 38 67 79 6b 62 62 43 6a 2f |s5oOEJU8gykbbCj/|
|000089a0| 4e 35 45 5a 55 47 4f 4e 39 62 6e 57 33 7a 53 4d |N5EZUGON9bnW3zSM|
|000089b0| 6b 6b 68 6b 57 4a 76 75 7a 64 35 79 6e 50 73 6e |kkhkWJvuzd5ynPsn|
|000089c0| 69 52 6e 51 49 59 39 78 76 63 65 58 38 52 51 70 |iRnQIY9xvceX8RQp|
|000089d0| 72 62 7a 46 71 38 6b 79 69 37 6e 67 75 75 62 74 |rbzFq8kyi7nguubt|
|000089e0| 31 4c 68 32 74 74 78 2f 37 6e 32 69 36 72 73 71 |1Lh2ttx/7n2i6rsq|
|000089f0| 2b 59 66 4f 6e 56 33 6e 71 63 53 38 77 58 56 63 |+YfOnV3nqcS8wXVc|
|00008a00| 64 6a 6a 52 70 6f 67 50 58 70 62 73 62 4c 52 56 |djjRpogPXpbsbLRV|
|00008a10| 58 4b 61 76 4f 67 61 59 51 78 72 69 33 55 58 71 |XKavOgaYQxri3UXq|
|00008a20| 75 45 66 41 69 30 42 2f 77 73 72 4e 64 52 4a 7a |uEfAi0B/wsrNdRJz|
|00008a30| 4d 37 61 45 41 74 77 65 33 44 65 63 59 4a 53 49 |M7aEAtwe3DecYJSI|
|00008a40| 69 4d 72 69 55 41 42 6a 52 48 69 64 31 73 51 74 |iMriUABjRHid1sQt|
|00008a50| 48 73 2f 4c 49 76 2f 67 74 78 79 34 61 2f 2b 6f |Hs/LIv/gtxy4a/+o|
|00008a60| 56 47 4d 71 43 6c 44 6a 47 64 52 55 4c 69 53 4d |VGMqClDjGdRULiSM|
|00008a70| 74 2b 51 76 32 66 46 62 4e 71 57 7a 54 79 47 74 |t+Qv2fFbNqWzTyGt|
|00008a80| 33 48 35 35 38 4e 73 62 30 42 69 4b 51 48 79 31 |3H558Nsb0BiKQHy1|
|00008a90| 36 47 74 64 50 54 33 4f 71 75 49 52 6a 78 65 62 |6GtdPT3OquIRjxeb|
|00008aa0| 31 54 4c 4d 78 35 72 30 66 41 71 61 52 4e 75 63 |1TLMx5r0fAqaRNuc|
|00008ab0| 57 42 7a 36 72 6f 4f 4b 38 61 61 49 6a 6e 30 64 |WBz6roOK8aaIjn0d|
|00008ac0| 4a 54 76 62 6b 31 44 48 4c 30 78 34 4e 68 4f 66 |JTvbk1DHL0x4NhOf|
|00008ad0| 34 52 48 35 47 31 37 46 65 4e 66 37 52 78 59 4f |4RH5G17FeNf7RxYO|
|00008ae0| 77 68 4f 6b 38 50 39 37 4b 71 4f 2b 41 61 53 78 |whOk8P97KqO+AaSx|
|00008af0| 2f 33 70 4d 44 52 30 6f 6f 79 79 75 6d 44 41 41 |/3pMDR0ooyyumDAA|
|00008b00| 33 78 6b 79 4b 34 62 6b 5a 59 56 61 57 44 72 51 |3xkyK4bkZYVaWDrQ|
|00008b10| 69 59 42 72 4c 66 77 78 37 6a 6c 36 6d 4d 4c 65 |iYBrLfwx7jl6mMLe|
|00008b20| 59 77 75 36 36 6e 69 4c 56 30 75 7a 4f 41 33 47 |Ywu66niLV0uzOA3G|
|00008b30| 33 7a 71 57 6a 39 56 6f 71 39 39 42 6f 5a 69 56 |3zqWj9Voq99BoZiV|
|00008b40| 37 38 33 57 50 2f 51 66 79 6f 35 2f 45 30 4a 47 |783WP/Qfyo5/E0JG|
|00008b50| 56 52 33 35 6c 42 64 6d 56 59 46 77 53 36 30 6c |VR35lBdmVYFwS60l|
|00008b60| 47 46 2b 53 54 62 37 64 42 44 6c 79 58 48 6c 4e |GF+STb7dBDlyXHlN|
|00008b70| 59 39 4f 50 6d 58 75 66 62 67 37 43 45 4f 46 4d |Y9OPmXufbg7CEOFM|
|00008b80| 50 44 48 76 62 52 63 54 70 64 41 38 46 4d 4f 76 |PDHvbRcTpdA8FMOv|
|00008b90| 77 50 35 78 6a 6c 49 69 49 79 43 42 36 6f 4c 4f |wP5xjlIiIyCB6oLO|
|00008ba0| 7a 73 33 4f 6f 47 79 47 44 6f 59 50 6d 70 6a 59 |zs3OoGyGDoYPmpjY|
|00008bb0| 38 76 57 7a 66 51 4c 51 33 31 58 4d 44 4c 33 79 |8vWzfQLQ31XMDL3y|
|00008bc0| 39 33 4b 32 55 61 4f 5a 47 59 79 73 75 50 71 50 |93K2UaOZGYysuPqP|
|00008bd0| 73 54 4a 49 32 63 4f 31 4e 39 62 53 34 2b 4f 44 |sTJI2cO1N9bS4+OD|
|00008be0| 74 34 66 44 67 2b 67 48 76 78 2f 61 78 57 76 72 |t4fDg+gHvx/axWvr|
|00008bf0| 53 44 52 70 61 58 66 43 31 63 78 34 64 30 6e 4b |SDRpaXfC1cx4d0nK|
|00008c00| 64 68 67 37 33 77 61 6e 4c 69 72 74 31 4c 68 32 |dhg73wanLirt1Lh2|
|00008c10| 74 31 2b 48 39 33 2f 46 35 64 65 43 36 74 48 65 |t1+H93/F5deC6tHe|
|00008c20| 2b 37 38 47 2f 68 38 68 77 63 4f 33 61 4e 51 49 |+78G/h8hwcO3aNQI|
|00008c30| 43 41 6f 61 36 47 53 50 57 73 49 35 52 49 69 4c |CAoa6GSPWsI5RIiL|
|00008c40| 69 31 4b 35 66 76 32 36 2f 6b 42 31 4b 41 49 69 |i1K5fv26/kB1KAIi|
|00008c50| 49 69 4e 78 48 6c 41 41 51 45 52 47 35 50 77 31 |IiNxHlAAQERG5Pw1|
|00008c60| 47 41 75 44 42 51 57 69 48 69 49 69 49 69 49 69 |GAuDBQWiHiIiIiIi|
|00008c70| 49 69 41 78 7a 53 67 43 49 69 49 69 49 69 49 69 |IiAxzSgCIiIiIiIi|
|00008c80| 49 4f 41 45 6c 41 45 52 45 52 45 52 45 52 45 53 |IOAElAERERERERES|
|00008c90| 63 67 42 49 41 49 69 49 69 49 69 49 69 49 6b 35 |cgBIAIiIiIiIiIk5|
|00008ca0| 41 43 51 41 52 45 52 45 52 45 52 45 52 4a 2b 41 |ACQARERERERERJ+A|
|00008cb0| 36 31 41 30 51 45 52 45 52 45 52 45 52 6b 66 35 |61A0QERERERERkf5|
|00008cc0| 37 36 61 57 58 72 47 37 37 38 4d 4d 50 2b 2f 78 |76aWXrG778MMP+/x|
|00008cd0| 4e 50 51 42 45 52 45 52 45 52 45 52 45 52 69 42 |NPQBERERERERERiB|
|00008ce0| 4c 44 2f 6d 32 2f 71 34 45 67 49 69 49 69 49 69 |LD/m2/q4EgIiIiIi|
|00008cf0| 49 69 4d 67 49 31 66 74 68 33 39 72 44 50 79 67 |IiMgI1fth39rDPyg|
|00008d00| 42 49 43 49 69 49 69 49 69 49 6a 4b 69 64 54 33 |BICIiIiIiIjKidT3|
|00008d10| 30 32 33 72 34 42 33 69 67 73 37 4f 7a 38 31 34 |023r4B3igs7Oz814|
|00008d20| 30 53 45 52 45 52 4f 36 2b 61 39 65 75 45 52 41 |0SERERO6+a9euERA|
|00008d30| 51 4d 4e 54 4e 45 42 45 52 6b 55 46 32 2f 66 72 |QMNTNEBERkUF2/fr|
|00008d40| 31 4f 36 35 44 50 51 42 45 52 45 52 45 52 45 52 |1O65DPQBERERERER|
|00008d50| 45 6e 49 41 53 41 43 49 69 49 69 49 69 49 69 4a |EnIASACIiIiIiIiJ|
|00008d60| 4f 51 41 6b 41 45 52 45 52 45 52 45 52 45 53 66 |OQAkAERERERERESf|
|00008d70| 67 4f 74 51 4e 6b 4b 46 7a 36 39 59 74 57 6c 74 |gOtQNkKFz69YtWlt|
|00008d80| 62 61 57 39 76 35 39 61 74 57 7a 31 2b 52 45 54 |baW9v59atWz1+RET|
|00008d90| 75 68 67 63 66 66 4c 44 48 6a 36 75 72 4b 2b 37 |uhgcffLDHj6urK+7|
|00008da0| 75 37 6a 7a 34 6f 50 4c 52 4d 76 77 6f 54 6f 72 |u7jz4oPLRMvwoTor|
|00008db0| 49 76 61 51 59 4b 66 65 43 45 67 42 4f 70 72 32 |IvaQYKfeCEgBOpr2|
|00008dc0| 39 6e 5a 61 57 46 6c 70 62 57 2b 6e 6f 36 42 6a |9nZaWFlpbW+no6Bj|
|00008dd0| 71 35 6f 69 49 6b 37 48 32 38 4f 54 69 34 6f 4b |q5oiIk7H28OTi4oK|
|00008de0| 37 75 7a 73 65 48 68 36 34 75 69 6f 30 79 64 42 |7uzseHh64uio0ydB|
|00008df0| 52 6e 42 53 52 6f 61 49 59 4b 66 65 43 72 69 41 |RnBSRoaIYKfeCriA|
|00008e00| 6e 30 64 37 65 7a 6f 30 62 4e 32 68 72 61 2b 76 |n0d7ezo0bN2hra+v|
|00008e10| 2b 32 77 4d 50 50 49 43 62 6d 78 74 75 62 6d 37 |+2wMPPICbmxtubm7|
|00008e20| 64 6d 55 59 58 46 78 64 6c 47 55 58 6b 72 72 6c |dmUYXFxdlGUXkrrl|
|00008e30| 31 36 78 59 64 48 52 33 64 4e 7a 6c 74 62 57 32 |16xYdHR3dNzltbW2|
|00008e40| 30 74 62 58 52 30 64 48 42 7a 5a 73 33 75 58 6e |0tbXR0dHBzZs3uXn|
|00008e50| 7a 4a 6d 35 75 62 6e 68 37 65 2b 73 6d 52 2b 34 |zJm5ubnh7e+smR+4|
|00008e60| 70 78 55 6b 52 47 57 71 4b 6b 58 49 76 2f 48 39 |pxUkRGWqKkXIv/H9|
|00008e70| 35 2b 31 48 2b 69 6d 68 7a 74 51 41 41 41 41 42 |5+1H+imhztQAAAAB|
|00008e80| 4a 52 55 35 45 72 6b 4a 67 67 67 3d 3d 22 7d    |JRU5ErkJggg=="} |
+--------+-------------------------------------------------+----------------+
&amp#27;[35m22-11-29 16:05:23:625&amp#27;[m [&amp#27;[34mDEBUG&amp#27;[m] Adding key: http://localhost:44632 for channel [id: 0xb21da692, L:/127.0.0.1:52679 - R:localhost/127.0.0.1:44632]
&amp#27;[35m22-11-29 16:05:23:625&amp#27;[m [&amp#27;[30mTRACE&amp#27;[m] [id: 0xb21da692, L:/127.0.0.1:52679 - R:localhost/127.0.0.1:44632] READ COMPLETE
]]></system-out>
    <system-err><![CDATA[Starting ChromeDriver 107.0.5304.62 (1eec40d3a5764881c92085aaee66d25075c159aa-refs/branch-heads/5304@{#942}) on port 44632
Only local connections are allowed.
Please see https://chromedriver.chromium.org/security-considerations for suggestions on keeping ChromeDriver safe.
ChromeDriver was started successfully.
Nov 29, 2022 4:05:18 PM tests.RegisterAccountTests beforeTest
INFO: browser is opening
Nov 29, 2022 4:05:21 PM tests.RegisterAccountTests registerAccount
INFO: clicking my account
Nov 29, 2022 4:05:21 PM tests.RegisterAccountTests registerAccount
INFO: entering myName
Nov 29, 2022 4:05:21 PM tests.RegisterAccountTests registerAccount
INFO: entering my address
Nov 29, 2022 4:05:22 PM tests.RegisterAccountTests registerAccount
INFO: entering my email
Nov 29, 2022 4:05:22 PM tests.RegisterAccountTests registerAccount
INFO: intering the password
Nov 29, 2022 4:05:23 PM tests.RegisterAccountTests registerAccount
INFO: clicking the register button
]]></system-err>
  </testcase>
  <testcase name="registerAccount[Khan, Seattle, Takwila, khan@yahoo.com, home@123](2)" classname="tests.RegisterAccountTests" time="2.137">
    <system-out><![CDATA[&amp#27;[35m22-11-29 16:05:23:668&amp#27;[m [&amp#27;[34mDEBUG&amp#27;[m] Using pooled Channel '[id: 0xb21da692, L:/127.0.0.1:52679 - R:localhost/127.0.0.1:44632]' for 'POST' to 'http://localhost:44632/session/c221f94085f074930f6565b3a9356933/element'
&amp#27;[35m22-11-29 16:05:23:668&amp#27;[m [&amp#27;[34mDEBUG&amp#27;[m] Using open Channel [id: 0xb21da692, L:/127.0.0.1:52679 - R:localhost/127.0.0.1:44632] for POST '/session/c221f94085f074930f6565b3a9356933/element'
&amp#27;[35m22-11-29 16:05:23:668&amp#27;[m [&amp#27;[30mTRACE&amp#27;[m] [id: 0xb21da692, L:/127.0.0.1:52679 - R:localhost/127.0.0.1:44632] WRITE: 214B
         +-------------------------------------------------+
         |  0  1  2  3  4  5  6  7  8  9  a  b  c  d  e  f |
+--------+-------------------------------------------------+----------------+
|00000000| 50 4f 53 54 20 2f 73 65 73 73 69 6f 6e 2f 63 32 |POST /session/c2|
|00000010| 32 31 66 39 34 30 38 35 66 30 37 34 39 33 30 66 |21f94085f074930f|
|00000020| 36 35 36 35 62 33 61 39 33 35 36 39 33 33 2f 65 |6565b3a9356933/e|
|00000030| 6c 65 6d 65 6e 74 20 48 54 54 50 2f 31 2e 31 0d |lement HTTP/1.1.|
|00000040| 0a 55 73 65 72 2d 41 67 65 6e 74 3a 20 73 65 6c |.User-Agent: sel|
|00000050| 65 6e 69 75 6d 2f 34 2e 36 2e 30 20 28 6a 61 76 |enium/4.6.0 (jav|
|00000060| 61 20 77 69 6e 64 6f 77 73 29 0d 0a 43 6f 6e 74 |a windows)..Cont|
|00000070| 65 6e 74 2d 4c 65 6e 67 74 68 3a 20 31 31 36 0d |ent-Length: 116.|
|00000080| 0a 43 6f 6e 74 65 6e 74 2d 54 79 70 65 3a 20 61 |.Content-Type: a|
|00000090| 70 70 6c 69 63 61 74 69 6f 6e 2f 6a 73 6f 6e 3b |pplication/json;|
|000000a0| 20 63 68 61 72 73 65 74 3d 75 74 66 2d 38 0d 0a | charset=utf-8..|
|000000b0| 68 6f 73 74 3a 20 6c 6f 63 61 6c 68 6f 73 74 3a |host: localhost:|
|000000c0| 34 34 36 33 32 0d 0a 61 63 63 65 70 74 3a 20 2a |44632..accept: *|
|000000d0| 2f 2a 0d 0a 0d 0a                               |/*....          |
+--------+-------------------------------------------------+----------------+
&amp#27;[35m22-11-29 16:05:23:669&amp#27;[m [&amp#27;[30mTRACE&amp#27;[m] [id: 0xb21da692, L:/127.0.0.1:52679 - R:localhost/127.0.0.1:44632] WRITE: 116B
         +-------------------------------------------------+
         |  0  1  2  3  4  5  6  7  8  9  a  b  c  d  e  f |
+--------+-------------------------------------------------+----------------+
|00000000| 7b 0a 20 20 22 75 73 69 6e 67 22 3a 20 22 78 70 |{.  "using": "xp|
|00000010| 61 74 68 22 2c 0a 20 20 22 76 61 6c 75 65 22 3a |ath",.  "value":|
|00000020| 20 22 5c 75 30 30 32 66 5c 75 30 30 32 66 2a 5b | "\u002f\u002f*[|
|00000030| 40 69 64 3d 5c 22 54 6f 70 5f 62 61 72 5c 22 5d |@id=\"Top_bar\"]|
|00000040| 5c 75 30 30 32 66 64 69 76 5c 75 30 30 32 66 64 |\u002fdiv\u002fd|
|00000050| 69 76 5c 75 30 30 32 66 64 69 76 5b 32 5d 5c 75 |iv\u002fdiv[2]\u|
|00000060| 30 30 32 66 64 69 76 5c 75 30 30 32 66 61 5b 34 |002fdiv\u002fa[4|
|00000070| 5d 22 0a 7d                                     |]".}            |
+--------+-------------------------------------------------+----------------+
&amp#27;[35m22-11-29 16:05:23:669&amp#27;[m [&amp#27;[30mTRACE&amp#27;[m] [id: 0xb21da692, L:/127.0.0.1:52679 - R:localhost/127.0.0.1:44632] FLUSH
&amp#27;[35m22-11-29 16:05:23:670&amp#27;[m [&amp#27;[30mTRACE&amp#27;[m] [id: 0xb21da692, L:/127.0.0.1:52679 - R:localhost/127.0.0.1:44632] WRITE: 0B
&amp#27;[35m22-11-29 16:05:23:670&amp#27;[m [&amp#27;[30mTRACE&amp#27;[m] [id: 0xb21da692, L:/127.0.0.1:52679 - R:localhost/127.0.0.1:44632] FLUSH
&amp#27;[35m22-11-29 16:05:23:676&amp#27;[m [&amp#27;[30mTRACE&amp#27;[m] [id: 0xb21da692, L:/127.0.0.1:52679 - R:localhost/127.0.0.1:44632] READ: 196B
         +-------------------------------------------------+
         |  0  1  2  3  4  5  6  7  8  9  a  b  c  d  e  f |
+--------+-------------------------------------------------+----------------+
|00000000| 48 54 54 50 2f 31 2e 31 20 32 30 30 20 4f 4b 0d |HTTP/1.1 200 OK.|
|00000010| 0a 43 6f 6e 74 65 6e 74 2d 4c 65 6e 67 74 68 3a |.Content-Length:|
|00000020| 38 38 0d 0a 43 6f 6e 74 65 6e 74 2d 54 79 70 65 |88..Content-Type|
|00000030| 3a 61 70 70 6c 69 63 61 74 69 6f 6e 2f 6a 73 6f |:application/jso|
|00000040| 6e 3b 20 63 68 61 72 73 65 74 3d 75 74 66 2d 38 |n; charset=utf-8|
|00000050| 0d 0a 63 61 63 68 65 2d 63 6f 6e 74 72 6f 6c 3a |..cache-control:|
|00000060| 6e 6f 2d 63 61 63 68 65 0d 0a 0d 0a 7b 22 76 61 |no-cache....{"va|
|00000070| 6c 75 65 22 3a 7b 22 65 6c 65 6d 65 6e 74 2d 36 |lue":{"element-6|
|00000080| 30 36 36 2d 31 31 65 34 2d 61 35 32 65 2d 34 66 |066-11e4-a52e-4f|
|00000090| 37 33 35 34 36 36 63 65 63 66 22 3a 22 61 64 34 |735466cecf":"ad4|
|000000a0| 63 63 32 36 34 2d 64 31 63 38 2d 34 64 62 31 2d |cc264-d1c8-4db1-|
|000000b0| 62 62 39 66 2d 66 37 61 30 36 37 63 33 30 65 64 |bb9f-f7a067c30ed|
|000000c0| 65 22 7d 7d                                     |e"}}            |
+--------+-------------------------------------------------+----------------+
&amp#27;[35m22-11-29 16:05:23:676&amp#27;[m [&amp#27;[34mDEBUG&amp#27;[m] 

Request DefaultHttpRequest(decodeResult: success, version: HTTP/1.1)
POST /session/c221f94085f074930f6565b3a9356933/element HTTP/1.1
User-Agent: selenium/4.6.0 (java windows)
Content-Length: 116
Content-Type: application/json; charset=utf-8
host: localhost:44632
accept: */*

Response DefaultHttpResponse(decodeResult: success, version: HTTP/1.1)
HTTP/1.1 200 OK
Content-Type: application/json; charset=utf-8
cache-control: no-cache
content-length: 88

&amp#27;[35m22-11-29 16:05:23:676&amp#27;[m [&amp#27;[34mDEBUG&amp#27;[m] Adding key: http://localhost:44632 for channel [id: 0xb21da692, L:/127.0.0.1:52679 - R:localhost/127.0.0.1:44632]
&amp#27;[35m22-11-29 16:05:23:677&amp#27;[m [&amp#27;[30mTRACE&amp#27;[m] [id: 0xb21da692, L:/127.0.0.1:52679 - R:localhost/127.0.0.1:44632] READ COMPLETE
&amp#27;[35m22-11-29 16:05:23:681&amp#27;[m [&amp#27;[34mDEBUG&amp#27;[m] Using pooled Channel '[id: 0xb21da692, L:/127.0.0.1:52679 - R:localhost/127.0.0.1:44632]' for 'POST' to 'http://localhost:44632/session/c221f94085f074930f6565b3a9356933/element/ad4cc264-d1c8-4db1-bb9f-f7a067c30ede/click'
&amp#27;[35m22-11-29 16:05:23:681&amp#27;[m [&amp#27;[34mDEBUG&amp#27;[m] Using open Channel [id: 0xb21da692, L:/127.0.0.1:52679 - R:localhost/127.0.0.1:44632] for POST '/session/c221f94085f074930f6565b3a9356933/element/ad4cc264-d1c8-4db1-bb9f-f7a067c30ede/click'
&amp#27;[35m22-11-29 16:05:23:682&amp#27;[m [&amp#27;[30mTRACE&amp#27;[m] [id: 0xb21da692, L:/127.0.0.1:52679 - R:localhost/127.0.0.1:44632] WRITE: 256B
         +-------------------------------------------------+
         |  0  1  2  3  4  5  6  7  8  9  a  b  c  d  e  f |
+--------+-------------------------------------------------+----------------+
|00000000| 50 4f 53 54 20 2f 73 65 73 73 69 6f 6e 2f 63 32 |POST /session/c2|
|00000010| 32 31 66 39 34 30 38 35 66 30 37 34 39 33 30 66 |21f94085f074930f|
|00000020| 36 35 36 35 62 33 61 39 33 35 36 39 33 33 2f 65 |6565b3a9356933/e|
|00000030| 6c 65 6d 65 6e 74 2f 61 64 34 63 63 32 36 34 2d |lement/ad4cc264-|
|00000040| 64 31 63 38 2d 34 64 62 31 2d 62 62 39 66 2d 66 |d1c8-4db1-bb9f-f|
|00000050| 37 61 30 36 37 63 33 30 65 64 65 2f 63 6c 69 63 |7a067c30ede/clic|
|00000060| 6b 20 48 54 54 50 2f 31 2e 31 0d 0a 55 73 65 72 |k HTTP/1.1..User|
|00000070| 2d 41 67 65 6e 74 3a 20 73 65 6c 65 6e 69 75 6d |-Agent: selenium|
|00000080| 2f 34 2e 36 2e 30 20 28 6a 61 76 61 20 77 69 6e |/4.6.0 (java win|
|00000090| 64 6f 77 73 29 0d 0a 43 6f 6e 74 65 6e 74 2d 4c |dows)..Content-L|
|000000a0| 65 6e 67 74 68 3a 20 35 30 0d 0a 43 6f 6e 74 65 |ength: 50..Conte|
|000000b0| 6e 74 2d 54 79 70 65 3a 20 61 70 70 6c 69 63 61 |nt-Type: applica|
|000000c0| 74 69 6f 6e 2f 6a 73 6f 6e 3b 20 63 68 61 72 73 |tion/json; chars|
|000000d0| 65 74 3d 75 74 66 2d 38 0d 0a 68 6f 73 74 3a 20 |et=utf-8..host: |
|000000e0| 6c 6f 63 61 6c 68 6f 73 74 3a 34 34 36 33 32 0d |localhost:44632.|
|000000f0| 0a 61 63 63 65 70 74 3a 20 2a 2f 2a 0d 0a 0d 0a |.accept: */*....|
+--------+-------------------------------------------------+----------------+
&amp#27;[35m22-11-29 16:05:23:682&amp#27;[m [&amp#27;[30mTRACE&amp#27;[m] [id: 0xb21da692, L:/127.0.0.1:52679 - R:localhost/127.0.0.1:44632] WRITE: 50B
         +-------------------------------------------------+
         |  0  1  2  3  4  5  6  7  8  9  a  b  c  d  e  f |
+--------+-------------------------------------------------+----------------+
|00000000| 7b 0a 20 20 22 69 64 22 3a 20 22 61 64 34 63 63 |{.  "id": "ad4cc|
|00000010| 32 36 34 2d 64 31 63 38 2d 34 64 62 31 2d 62 62 |264-d1c8-4db1-bb|
|00000020| 39 66 2d 66 37 61 30 36 37 63 33 30 65 64 65 22 |9f-f7a067c30ede"|
|00000030| 0a 7d                                           |.}              |
+--------+-------------------------------------------------+----------------+
&amp#27;[35m22-11-29 16:05:23:682&amp#27;[m [&amp#27;[30mTRACE&amp#27;[m] [id: 0xb21da692, L:/127.0.0.1:52679 - R:localhost/127.0.0.1:44632] FLUSH
&amp#27;[35m22-11-29 16:05:23:683&amp#27;[m [&amp#27;[30mTRACE&amp#27;[m] [id: 0xb21da692, L:/127.0.0.1:52679 - R:localhost/127.0.0.1:44632] WRITE: 0B
&amp#27;[35m22-11-29 16:05:23:684&amp#27;[m [&amp#27;[30mTRACE&amp#27;[m] [id: 0xb21da692, L:/127.0.0.1:52679 - R:localhost/127.0.0.1:44632] FLUSH
&amp#27;[35m22-11-29 16:05:23:918&amp#27;[m [&amp#27;[34mDEBUG&amp#27;[m] Entry count for : http://localhost:52680 : 1
&amp#27;[35m22-11-29 16:05:25:020&amp#27;[m [&amp#27;[34mDEBUG&amp#27;[m] Entry count for : http://localhost:52680 : 1
&amp#27;[35m22-11-29 16:05:25:122&amp#27;[m [&amp#27;[30mTRACE&amp#27;[m] [id: 0xb21da692, L:/127.0.0.1:52679 - R:localhost/127.0.0.1:44632] READ: 122B
         +-------------------------------------------------+
         |  0  1  2  3  4  5  6  7  8  9  a  b  c  d  e  f |
+--------+-------------------------------------------------+----------------+
|00000000| 48 54 54 50 2f 31 2e 31 20 32 30 30 20 4f 4b 0d |HTTP/1.1 200 OK.|
|00000010| 0a 43 6f 6e 74 65 6e 74 2d 4c 65 6e 67 74 68 3a |.Content-Length:|
|00000020| 31 34 0d 0a 43 6f 6e 74 65 6e 74 2d 54 79 70 65 |14..Content-Type|
|00000030| 3a 61 70 70 6c 69 63 61 74 69 6f 6e 2f 6a 73 6f |:application/jso|
|00000040| 6e 3b 20 63 68 61 72 73 65 74 3d 75 74 66 2d 38 |n; charset=utf-8|
|00000050| 0d 0a 63 61 63 68 65 2d 63 6f 6e 74 72 6f 6c 3a |..cache-control:|
|00000060| 6e 6f 2d 63 61 63 68 65 0d 0a 0d 0a 7b 22 76 61 |no-cache....{"va|
|00000070| 6c 75 65 22 3a 6e 75 6c 6c 7d                   |lue":null}      |
+--------+-------------------------------------------------+----------------+
&amp#27;[35m22-11-29 16:05:25:123&amp#27;[m [&amp#27;[34mDEBUG&amp#27;[m] 

Request DefaultHttpRequest(decodeResult: success, version: HTTP/1.1)
POST /session/c221f94085f074930f6565b3a9356933/element/ad4cc264-d1c8-4db1-bb9f-f7a067c30ede/click HTTP/1.1
User-Agent: selenium/4.6.0 (java windows)
Content-Length: 50
Content-Type: application/json; charset=utf-8
host: localhost:44632
accept: */*

Response DefaultHttpResponse(decodeResult: success, version: HTTP/1.1)
HTTP/1.1 200 OK
Content-Type: application/json; charset=utf-8
cache-control: no-cache
content-length: 14

&amp#27;[35m22-11-29 16:05:25:123&amp#27;[m [&amp#27;[34mDEBUG&amp#27;[m] Adding key: http://localhost:44632 for channel [id: 0xb21da692, L:/127.0.0.1:52679 - R:localhost/127.0.0.1:44632]
&amp#27;[35m22-11-29 16:05:25:124&amp#27;[m [&amp#27;[30mTRACE&amp#27;[m] [id: 0xb21da692, L:/127.0.0.1:52679 - R:localhost/127.0.0.1:44632] READ COMPLETE
&amp#27;[35m22-11-29 16:05:25:125&amp#27;[m [&amp#27;[34mDEBUG&amp#27;[m] Using pooled Channel '[id: 0xb21da692, L:/127.0.0.1:52679 - R:localhost/127.0.0.1:44632]' for 'GET' to 'http://localhost:44632/session/c221f94085f074930f6565b3a9356933/screenshot'
&amp#27;[35m22-11-29 16:05:25:126&amp#27;[m [&amp#27;[34mDEBUG&amp#27;[m] Using open Channel [id: 0xb21da692, L:/127.0.0.1:52679 - R:localhost/127.0.0.1:44632] for GET '/session/c221f94085f074930f6565b3a9356933/screenshot'
&amp#27;[35m22-11-29 16:05:25:128&amp#27;[m [&amp#27;[30mTRACE&amp#27;[m] [id: 0xb21da692, L:/127.0.0.1:52679 - R:localhost/127.0.0.1:44632] WRITE: 220B
         +-------------------------------------------------+
         |  0  1  2  3  4  5  6  7  8  9  a  b  c  d  e  f |
+--------+-------------------------------------------------+----------------+
|00000000| 47 45 54 20 2f 73 65 73 73 69 6f 6e 2f 63 32 32 |GET /session/c22|
|00000010| 31 66 39 34 30 38 35 66 30 37 34 39 33 30 66 36 |1f94085f074930f6|
|00000020| 35 36 35 62 33 61 39 33 35 36 39 33 33 2f 73 63 |565b3a9356933/sc|
|00000030| 72 65 65 6e 73 68 6f 74 20 48 54 54 50 2f 31 2e |reenshot HTTP/1.|
|00000040| 31 0d 0a 55 73 65 72 2d 41 67 65 6e 74 3a 20 73 |1..User-Agent: s|
|00000050| 65 6c 65 6e 69 75 6d 2f 34 2e 36 2e 30 20 28 6a |elenium/4.6.0 (j|
|00000060| 61 76 61 20 77 69 6e 64 6f 77 73 29 0d 0a 43 61 |ava windows)..Ca|
|00000070| 63 68 65 2d 43 6f 6e 74 72 6f 6c 3a 20 6e 6f 2d |che-Control: no-|
|00000080| 63 61 63 68 65 0d 0a 43 6f 6e 74 65 6e 74 2d 54 |cache..Content-T|
|00000090| 79 70 65 3a 20 61 70 70 6c 69 63 61 74 69 6f 6e |ype: application|
|000000a0| 2f 6a 73 6f 6e 3b 20 63 68 61 72 73 65 74 3d 75 |/json; charset=u|
|000000b0| 74 66 2d 38 0d 0a 68 6f 73 74 3a 20 6c 6f 63 61 |tf-8..host: loca|
|000000c0| 6c 68 6f 73 74 3a 34 34 36 33 32 0d 0a 61 63 63 |lhost:44632..acc|
|000000d0| 65 70 74 3a 20 2a 2f 2a 0d 0a 0d 0a             |ept: */*....    |
+--------+-------------------------------------------------+----------------+
&amp#27;[35m22-11-29 16:05:25:128&amp#27;[m [&amp#27;[30mTRACE&amp#27;[m] [id: 0xb21da692, L:/127.0.0.1:52679 - R:localhost/127.0.0.1:44632] FLUSH
&amp#27;[35m22-11-29 16:05:25:217&amp#27;[m [&amp#27;[30mTRACE&amp#27;[m] [id: 0xb21da692, L:/127.0.0.1:52679 - R:localhost/127.0.0.1:44632] READ: 32768B
         +-------------------------------------------------+
         |  0  1  2  3  4  5  6  7  8  9  a  b  c  d  e  f |
+--------+-------------------------------------------------+----------------+
|00000000| 48 54 54 50 2f 31 2e 31 20 32 30 30 20 4f 4b 0d |HTTP/1.1 200 OK.|
|00000010| 0a 43 6f 6e 74 65 6e 74 2d 4c 65 6e 67 74 68 3a |.Content-Length:|
|00000020| 35 33 37 31 32 0d 0a 43 6f 6e 74 65 6e 74 2d 54 |53712..Content-T|
|00000030| 79 70 65 3a 61 70 70 6c 69 63 61 74 69 6f 6e 2f |ype:application/|
|00000040| 6a 73 6f 6e 3b 20 63 68 61 72 73 65 74 3d 75 74 |json; charset=ut|
|00000050| 66 2d 38 0d 0a 63 61 63 68 65 2d 63 6f 6e 74 72 |f-8..cache-contr|
|00000060| 6f 6c 3a 6e 6f 2d 63 61 63 68 65 0d 0a 0d 0a 7b |ol:no-cache....{|
|00000070| 22 76 61 6c 75 65 22 3a 22 69 56 42 4f 52 77 30 |"value":"iVBORw0|
|00000080| 4b 47 67 6f 41 41 41 41 4e 53 55 68 45 55 67 41 |KGgoAAAANSUhEUgA|
|00000090| 41 42 41 41 41 41 41 4b 45 43 41 59 41 41 41 43 |ABAAAAAKECAYAAAC|
|000000a0| 5a 37 45 68 33 41 41 41 41 41 58 4e 53 52 30 49 |Z7Eh3AAAAAXNSR0I|
|000000b0| 41 72 73 34 63 36 51 41 41 49 41 42 4a 52 45 46 |Ars4c6QAAIABJREF|
|000000c0| 55 65 4a 7a 73 33 58 6c 63 56 33 57 2b 78 2f 45 |UeJzs3XlcV3W+x/E|
|000000d0| 33 4c 6f 41 70 41 36 4d 6d 30 42 32 52 57 34 4a |3LoApA6Mm0B2RW4J|
|000000e0| 62 6c 43 53 6d 4e 70 51 30 4c 6d 68 75 46 47 6d |blCSmNpQ0LmhuFGm|
|000000f0| 4b 64 56 4f 62 63 53 73 62 55 62 74 42 4e 63 50 |KdVObcSsbUbtBNcP|
|00000100| 50 6d 55 6c 74 45 6a 56 72 46 4a 33 63 70 6b 54 |PmUltEjVrFJ3cpkT|
|00000110| 54 4e 46 44 4a 4a 52 78 52 4b 65 55 4b 61 70 47 |TNFDJJRxRKeUKapG|
|00000120| 6d 36 48 51 42 35 36 71 59 47 6f 6f 4c 49 4d 6a |m6HQB56qYGooLIMj|
|00000130| 39 67 30 57 57 48 2f 75 50 52 63 2f 72 2b 58 6a |9g0WWH/uPRc/r+Xj|
|00000140| 77 65 4f 6a 35 6e 65 58 7a 4f 2b 66 38 34 50 64 |weOj5neXzO+f84Pd|
|00000150| 39 6e 2b 2f 35 48 71 75 38 76 4c 77 38 41 51 41 |9n+/5Hqu8vLw8AQA|
|00000160| 41 41 41 43 41 52 75 76 71 31 61 75 31 58 6b 63 |AAACARuvq1au1Xkc|
|00000170| 54 43 39 51 42 41 41 41 41 41 41 41 61 4f 51 49 |TC9QBAAAAAAAaOQI|
|00000180| 41 41 41 41 41 41 41 41 4d 67 41 41 41 41 41 41 |AAAAAAAAMgAAAAAA|
|00000190| 41 41 41 41 44 49 41 41 41 41 41 41 41 41 4d 41 |AAAADIAAAAAAAAMA|
|000001a0| 41 43 41 41 41 41 41 41 41 41 44 41 41 41 67 41 |ACAAAAAAAADAAAgA|
|000001b0| 41 41 41 41 41 41 41 79 41 41 41 41 41 41 41 41 |AAAAAAAyAAAAAAAA|
|000001c0| 41 67 4c 76 63 6c 69 31 62 4b 70 32 48 41 41 41 |AgLvcli1bKp2HAAA|
|000001d0| 41 41 41 41 41 67 4c 74 59 59 65 4f 2f 73 68 43 |AAAAAgLtYYeO/shC|
|000001e0| 41 41 41 41 41 41 41 41 41 67 4c 74 55 36 55 5a |AAAAAAAAAgLtU6UZ|
|000001f0| 2f 52 53 45 41 41 51 41 41 41 41 41 41 41 48 65 |/RSEAAQAAAAAAAHe|
|00000200| 68 38 68 72 37 35 55 32 33 79 73 76 4c 79 36 76 |h8hr75U23ysvLy6v|
|00000210| 4c 67 67 41 41 41 41 41 41 51 4f 31 63 76 58 71 |LggAAAAAAQO1cvXq|
|00000220| 31 31 75 75 67 42 77 41 41 41 41 41 41 41 41 5a |11uugBwAAAAAAAAZ|
|00000230| 41 41 41 41 41 41 41 41 41 67 41 45 51 41 41 41 |AAAAAAAAAgAEQAAA|
|00000240| 41 41 41 41 41 59 41 41 45 41 41 41 41 41 41 41 |AAAAAYAAEAAAAAAA|
|00000250| 41 47 41 41 42 41 41 41 41 41 41 41 41 42 74 43 |AGAABAAAAAAAABtC|
|00000260| 73 6f 51 73 41 41 41 41 41 41 41 42 56 63 2b 54 |soQsAAAAAAABVc+T|
|00000270| 49 6b 57 6f 76 34 2b 6e 70 4b 59 6b 65 41 41 41 |IkWov4+npKYkeAAA|
|00000280| 41 41 41 41 41 47 41 49 42 41 41 41 41 41 41 41 |AAAAAGAIBAAAAAAA|
|00000290| 41 42 6b 41 41 41 41 41 41 41 41 43 41 41 52 41 |ABkAAAAAAAACAARA|
|000002a0| 41 41 41 41 41 41 41 42 67 41 41 51 41 41 41 41 |AAAAAAABgAAQAAAA|
|000002b0| 41 41 41 41 59 41 41 45 41 41 41 41 41 41 41 41 |AAAAYAAEAAAAAAAA|
|000002c0| 47 51 41 41 41 41 41 41 41 41 49 41 42 45 41 41 |GQAAAAAAAAIABEAA|
|000002d0| 41 41 41 41 41 41 47 41 41 42 41 41 41 41 41 41 |AAAAAAGAABAAAAAA|
|000002e0| 41 41 42 67 41 41 51 41 41 41 41 41 41 41 41 5a |AABgAAQAAAAAAAAZ|
|000002f0| 41 41 41 41 41 41 41 41 41 67 41 45 51 41 41 41 |AAAAAAAAAgAEQAAA|
|00000300| 41 41 41 41 41 59 41 41 45 41 41 41 41 41 41 41 |AAAAAYAAEAAAAAAA|
|00000310| 41 47 41 41 42 41 41 41 41 41 41 41 41 42 6b 41 |AGAABAAAAAAAABkA|
|00000320| 41 41 41 41 41 41 41 43 41 41 52 41 41 41 41 41 |AAAAAAACAARAAAAA|
|00000330| 41 41 41 42 67 41 41 51 41 41 41 41 41 41 41 41 |AAABgAAQAAAAAAAA|
|00000340| 59 41 41 45 41 41 41 41 41 41 41 41 47 51 41 41 |YAAEAAAAAAAAGQAA|
|00000350| 41 41 41 41 41 41 49 41 42 45 41 41 41 41 41 41 |AAAAAAIABEAAAAAA|
|00000360| 41 41 47 41 41 42 41 41 41 41 41 41 41 41 42 67 |AAGAABAAAAAAAABg|
|00000370| 41 41 51 41 41 41 41 41 41 41 41 5a 41 41 41 41 |AAQAAAAAAAAZAAAA|
|00000380| 41 41 41 41 41 67 41 45 51 41 41 41 41 41 41 41 |AAAAAgAEQAAAAAAA|
|00000390| 41 59 41 41 45 41 41 41 41 41 41 41 41 47 41 41 |AYAAEAAAAAAAAGAA|
|000003a0| 42 41 41 41 41 41 41 41 41 42 6b 41 41 41 41 41 |BAAAAAAAABkAAAAA|
|000003b0| 41 41 41 43 41 41 52 41 41 41 41 41 41 41 41 42 |AAACAARAAAAAAAAB|
|000003c0| 67 41 41 51 41 41 41 41 41 41 41 41 59 41 41 45 |gAAQAAAAAAAAYAAE|
|000003d0| 41 41 41 41 41 41 41 41 47 51 41 41 41 41 41 41 |AAAAAAAAGQAAAAAA|
|000003e0| 41 41 49 41 42 45 41 41 41 41 41 41 41 41 47 41 |AAIABEAAAAAAAAGA|
|000003f0| 41 42 41 41 41 41 41 41 41 41 42 67 41 41 51 41 |ABAAAAAAAABgAAQA|
|00000400| 41 41 41 41 41 41 41 5a 41 41 41 41 41 41 41 41 |AAAAAAAZAAAAAAAA|
|00000410| 41 67 41 45 51 41 41 41 41 41 41 41 41 59 41 41 |AgAEQAAAAAAAAYAA|
|00000420| 45 41 41 41 41 41 41 41 41 47 41 41 42 41 41 41 |EAAAAAAAAGAABAAA|
|00000430| 41 41 41 41 41 42 6b 41 41 41 41 41 41 41 41 43 |AAAAABkAAAAAAAAC|
|00000440| 41 41 52 41 41 41 41 41 41 41 41 42 67 41 41 51 |AARAAAAAAAABgAAQ|
|00000450| 41 41 41 41 41 41 41 41 59 41 41 45 41 41 41 41 |AAAAAAAAYAAEAAAA|
|00000460| 41 41 41 41 47 51 41 41 41 41 41 41 41 41 49 41 |AAAAGQAAAAAAAAIA|
|00000470| 42 45 41 41 41 41 41 41 41 41 47 41 41 42 41 41 |BEAAAAAAAAGAABAA|
|00000480| 41 41 41 41 41 41 42 67 41 41 51 41 41 41 41 41 |AAAAAABgAAQAAAAA|
|00000490| 41 41 41 5a 41 41 41 41 41 41 41 41 41 67 41 45 |AAAZAAAAAAAAAgAE|
|000004a0| 51 41 41 41 41 41 41 41 41 59 41 41 45 41 41 41 |QAAAAAAAAYAAEAAA|
|000004b0| 41 41 41 41 41 47 41 41 42 41 41 41 41 41 41 41 |AAAAAGAABAAAAAAA|
|000004c0| 41 42 6b 41 41 41 41 41 41 41 41 43 41 41 52 41 |ABkAAAAAAAACAARA|
|000004d0| 41 41 41 41 41 41 41 42 67 41 41 51 41 41 41 41 |AAAAAAABgAAQAAAA|
|000004e0| 41 41 41 41 59 41 41 45 41 41 41 41 41 41 41 41 |AAAAYAAEAAAAAAAA|
|000004f0| 47 51 41 41 41 41 41 41 41 41 49 41 42 45 41 41 |GQAAAAAAAAIABEAA|
|00000500| 41 41 41 41 41 41 47 41 41 42 41 41 41 41 41 41 |AAAAAAGAABAAAAAA|
|00000510| 41 41 42 67 41 41 51 41 41 41 41 41 41 41 41 5a |AABgAAQAAAAAAAAZ|
|00000520| 41 41 41 41 41 41 41 41 41 67 41 45 51 41 41 41 |AAAAAAAAAgAEQAAA|
|00000530| 41 41 41 41 41 59 41 41 45 41 41 41 41 41 41 41 |AAAAAYAAEAAAAAAA|
|00000540| 41 47 41 41 42 41 41 41 41 41 41 41 41 42 6b 41 |AGAABAAAAAAAABkA|
|00000550| 41 41 41 41 41 41 41 43 41 41 52 41 41 41 41 41 |AAAAAAACAARAAAAA|
|00000560| 41 41 41 42 67 41 41 51 41 41 41 41 41 41 41 41 |AAABgAAQAAAAAAAA|
|00000570| 59 41 41 45 41 41 41 41 41 41 41 41 47 51 41 41 |YAAEAAAAAAAAGQAA|
|00000580| 41 41 41 41 41 41 49 41 42 45 41 41 41 41 41 41 |AAAAAAIABEAAAAAA|
|00000590| 41 41 47 41 41 7a 52 71 36 41 41 41 41 41 4f 42 |AAGAAzRq6AAAAAOB|
|000005a0| 65 46 6e 4d 38 57 33 74 2f 79 46 62 4d 38 57 77 |eFnM8W3t/yFbM8Ww|
|000005b0| 64 54 62 34 6c 53 65 72 75 32 6c 77 2b 58 61 33 |dTb4lSeru2lw+Xa3|
|000005c0| 56 74 34 75 31 66 4c 70 61 4e 33 43 46 73 4c 53 |Vt4u1fLpaN3CFsLS|
|000005d0| 38 76 44 78 6c 33 37 71 6c 6e 4a 77 63 35 65 58 |8vDxl37qlnJwc5eX|
|000005e0| 6c 46 66 33 67 37 6d 42 6c 5a 56 58 30 30 37 78 |lFf3g7mBlZVX007x|
|000005f0| 5a 4d 7a 56 76 33 6c 78 57 56 6c 59 4e 58 5a 5a |ZMzVv3lxWVlYNXZZ|
|00000600| 46 45 41 41 41 41 41 41 41 64 53 44 39 65 70 37 |FEAAAAAAAdSD9ep7|
|00000610| 47 68 36 55 72 49 6a 36 72 7a 47 73 78 78 2f 4d |Gh6UrIj6rzGsxx/M|
|00000620| 44 41 55 6e 79 38 37 4c 52 71 73 6b 4f 63 6d 68 |DAUny87LRqskOcmh|
|00000630| 35 62 7a 51 77 6a 43 6f 76 4c 30 2b 33 62 74 33 |5bzQwjCovL0+3bt3|
|00000640| 53 72 5a 77 63 35 65 62 6d 4e 6e 51 35 71 49 58 |SrZwc5ebmNnQ5qIX|
|00000650| 69 67 55 31 75 62 71 34 79 73 37 4c 55 74 47 6c |igU1ubq4ys7LUtGl|
|00000660| 54 4e 57 2f 65 58 4d 32 62 4e 62 75 72 77 77 42 |TNW/eXM2bNburwwB|
|00000670| 75 41 51 41 41 41 41 41 73 37 47 68 79 6a 6a 79 |uAQAAAAAs7Ghyjjy|
|00000680| 44 4c 35 70 74 2f 4a 63 57 45 5a 38 6c 7a 2b 43 |DL5pt/JcWEZ8lz+C|
|00000690| 4c 4f 70 71 63 55 77 2b 56 6f 53 37 6b 35 4f 54 |LOpqcUw+VoS7k5OT|
|000006a0| 6f 2b 6f 30 62 79 73 7a 4b 6f 76 46 2f 6a 38 72 |o+o0byszKovF/j8r|
|000006b0| 4e 7a 56 56 6d 5a 71 61 75 33 37 69 68 6e 4a 79 |NzVVmZqau37ihnJy|
|000006c0| 37 39 37 4e 4b 41 41 41 41 41 41 42 59 55 50 72 |797NKAAAAAABYUPr|
|000006d0| 31 50 44 32 37 34 47 63 6c 2f 31 54 31 68 6d 44 |1PD274Gcl/1T1hmD|
|000006e0| 79 54 37 6c 36 64 73 48 50 53 72 39 4f 4e 2f 47 |yT7l6dsHPSr9ON/G|
|000006f0| 37 53 55 35 4f 6a 71 35 64 76 36 34 62 4e 32 2f |7SU5Ojq5dv64bN2/|
|00000700| 71 39 75 33 62 44 56 30 4f 36 73 48 74 32 37 64 |q9u3bDV0O6sHt27d|
|00000710| 31 34 2b 5a 4e 58 62 39 2b 58 54 6c 33 59 64 68 |14+ZNXb9+XTl3Ydh|
|00000720| 44 41 41 41 41 41 41 42 59 30 4c 69 6c 36 64 56 |DAAAAAABY0Lil6dV|
|00000730| 71 2f 42 64 4b 2f 69 6c 58 67 5a 39 63 72 59 4f |q/BdK/ilXgZ9crYO|
|00000740| 4b 55 42 64 79 63 6e 4a 30 4d 7a 4f 54 68 72 39 |KUBdycnJ0MzOThr9|
|00000750| 42 35 64 36 2b 72 5a 73 33 62 39 35 31 76 51 45 |B5d6+rZs3b951vQE|
|00000760| 49 41 41 41 41 41 41 41 4c 69 54 6d 65 72 63 67 |IAAAAAAALiTmercg|
|00000770| 45 4d 39 33 2b 32 39 36 6e 37 59 73 64 6c 62 66 |EM93+296n7Ysdlbf|
|00000780| 4f 55 54 66 58 4f 65 6e 6d 66 48 76 35 6d 6c 6c |OUTfXOenmfHv5mll|
|00000790| 2b 39 64 36 62 52 57 4d 44 6f 50 48 4b 79 73 37 |+9d6bRWMDoPHKys7|
|000007a0| 57 6a 5a 73 33 47 64 6a 50 34 50 4c 79 38 6e 54 |WjZs3GdjP4PLy8nT|
|000007b0| 6a 35 6b 31 6c 5a 39 38 39 6e 31 6b 43 41 41 41 |j5k1lZ989n1kCAAA|
|000007c0| 41 41 4d 42 43 79 6d 75 38 76 2f 44 62 6c 76 4c |AAMBCymu8v/DblvL|
|000007d0| 4a 7a 74 53 67 4d 57 6c 71 4d 53 31 64 4f 36 78 |JztSgMWlqMS1dO6x|
|000007e0| 62 4b 47 79 61 2b 64 48 2f 43 51 41 61 74 35 79 |bKGya+dH/CQAat5y|
|000007f0| 63 48 47 56 6c 56 54 36 32 41 34 77 6a 4d 79 76 |cHGVlVT62A4wjMyv|
|00000800| 72 72 75 6b 4a 51 41 41 41 41 41 41 41 57 49 6a |rrukJQAAAAAAAWIj|
|00000810| 35 78 6e 74 54 2b 54 33 51 56 43 65 2b 76 61 4b |5xntT+T3QVCe+vaK|
|00000820| 64 6b 6e 51 78 55 39 4e 50 35 63 72 31 41 5a 74 |dknQxU9NP5cr1AZt|
|00000830| 71 72 41 4f 4e 51 57 37 42 2f 64 39 41 61 54 64 |qrAONQW7B/d9AaTd|
|00000840| 75 33 6c 54 75 58 58 41 37 43 41 45 41 41 41 41 |u3lTuXXA7CAEAAAA|
|00000850| 41 59 43 46 48 6b 32 2b 5a 6d 57 6f 6a 70 2f 74 |AYCFHk2+ZmWojp/t|
|00000860| 75 4b 2f 33 69 6e 53 6b 70 74 2f 4b 6b 35 75 61 |uK/3inSkpt/Kk5ua|
|00000870| 2f 69 6e 2b 62 59 6d 34 64 61 41 77 79 61 66 79 |/in+bYm4daAwyafy|
|00000880| 6a 41 70 6d 5a 6d 51 31 64 51 71 57 61 57 58 71 |jApmZmQ1dQqWaWXq|
|00000890| 46 6d 59 6c 66 4b 69 77 32 70 63 72 7a 32 33 72 |FmYlfKiw2pcrz23r|
|000008a0| 34 61 62 4b 33 73 36 58 4c 61 48 53 31 53 46 4c |4abK3s6XLaHS1SFL|
|000008b0| 36 6f 51 69 74 50 75 57 6d 63 51 48 64 35 46 44 |6oQitPuWmcQHd5FD|
|000008c0| 74 70 62 4e 30 50 6e 47 2f 64 6d 7a 61 72 34 6a |tpbN0PnG/dmzar4j|
|000008d0| 34 46 4b 56 4c 63 6e 44 7a 6c 4e 38 51 50 2f 6e |4FKVLcnDzlN8QP/n|
|000008e0| 31 37 31 43 44 39 5a 57 53 6d 61 4b 49 38 44 6a |171CD9ZWSmaKI8Dj|
|000008f0| 5a 39 68 2b 68 51 53 37 6d 30 2b 69 47 64 55 34 |Z9h+hQS7m0+iGdU4|
|00000900| 78 4b 79 4e 30 76 75 63 45 6a 66 61 6f 70 4c 37 |xKyN0vucEjfaopL7|
|00000910| 4d 55 31 71 2f 4b 6c 72 6e 71 37 70 71 47 30 2f |MU1q/Klrnq7pqG0/|
|00000920| 35 54 65 67 74 31 39 71 57 61 45 6c 56 66 67 39 |5Tegt19qWaElVfg9|
|00000930| 74 31 48 33 49 4b 50 6d 34 31 45 4e 4e 6b 71 51 |t1H3IKPm41ENNkqQ|
|00000940| 4d 6e 55 69 38 4c 43 63 50 43 35 78 7a 41 41 44 |MnUi8LCcPC5xzAAD|
|00000950| 41 4c 47 34 72 62 35 78 75 35 65 54 63 46 56 64 |ALG4rb5xu5eTcFVd|
|00000960| 34 30 58 42 79 63 33 4f 56 6b 35 4f 6a 5a 73 30 |40XByc3OVk5OjZs0|
|00000970| 73 33 73 79 32 47 49 74 58 64 69 4a 36 76 67 4a |s3sy2GItXdiJ6vgJ|
|00000980| 6e 56 36 50 62 55 6a 39 6e 44 66 4c 32 71 35 50 |nV6PbUj9nDfL2q5P|
|00000990| 47 56 32 4f 71 52 62 71 6b 48 59 76 6d 4b 7a 43 |GV2OqRbqkHYvmKzC|
|000009a0| 71 6c 35 7a 36 68 57 71 30 59 7a 55 57 76 58 4a |ql5z6hWq0YzUWvXJ|
|000009b0| 51 51 57 50 66 30 6e 75 78 70 64 35 4c 37 47 6c |QQWPf0nuxpd5L7Gl|
|000009c0| 46 72 74 71 6f 49 4f 2b 78 69 76 68 38 69 6e 72 |FrtqoIO+xivh8inr|
|000009d0| 62 31 71 4b 38 78 41 67 39 4f 32 4f 6a 46 4e 4a |b1qK8xAg9O2OjFNJ|
|000009e0| 4e 65 59 48 64 61 72 47 69 4f 70 49 59 6f 64 45 |NeYHdarGiOpIYodE|
|000009f0| 7a 31 69 6f 74 35 43 6d 4e 39 71 69 6b 76 6c 50 |z1iot5CmN9qikvlP|
|00000a00| 52 6d 68 36 38 56 6d 6c 56 58 76 6b 52 4f 66 54 |Rmh68VmlVXvkROfT|
|00000a10| 76 72 58 46 31 31 49 6a 4f 54 44 32 6d 67 35 6c |vrXF11IjOTD2mg5l|
|00000a20| 4f 38 6e 46 76 55 2b 56 6c 7a 6b 65 46 61 55 78 |O8nFvU+VlzkeFaUx|
|00000a30| 77 58 4a 58 6d 37 57 58 54 53 77 63 6e 64 4b 68 |wXJXm7WXTSwcndKh|
|00000a40| 70 65 64 57 51 70 52 6a 54 43 44 32 39 4b 46 75 |pedWQpRjTCD29KFu|
|00000a50| 4f 30 7a 39 55 73 73 6c 54 74 54 6e 6c 55 46 71 |O0z9UsslTtTnlUFq|
|00000a60| 57 6b 67 38 64 56 36 61 37 70 7a 72 62 4e 33 51 |Wkg8dV6a7pzrbN3Q|
|00000a70| 74 41 43 77 6d 4d 30 50 70 46 72 35 56 32 4e 62 |tACwmM0PpFr5V2Nb|
|00000a80| 65 7a 6a 43 2f 66 7a 4d 79 4d 69 52 4a 64 6e 5a |ezjC/fzMyMiRJdnZ|
|00000a90| 32 44 56 78 4a 31 58 56 33 62 61 36 39 50 35 54 |2DVxJ1XV3ba69P5T|
|00000aa0| 2b 2f 6e 6c 44 79 65 6d 2f 55 50 65 32 64 36 62 |+/nlDyem/UPe2d6b|
|00000ab0| 30 76 63 39 4b 75 6d 57 2b 4d 64 6e 64 74 58 6e |0vc9KumW+MdndtXn|
|00000ac0| 64 46 58 67 50 69 59 2b 50 31 37 56 72 31 2b 54 |dFXgPiY+P17Vr1+T|
|00000ad0| 73 37 4b 78 4f 6e 54 72 56 36 62 62 79 38 76 4c |s7KxOnTrV6bby8vL|
|00000ae0| 75 69 71 75 37 61 48 69 5a 57 56 6c 71 32 62 53 |uiqu7aHiZWVlq2bS|
|00000af0| 70 72 4b 79 73 47 72 6f 55 73 79 77 65 41 48 51 |prKysGroUsyweAHQ|
|00000b00| 50 33 4b 36 66 4a 35 54 38 70 58 63 2b 36 69 31 |P3K6fJ5T8pXc+6i1|
|00000b10| 31 6d 58 70 45 6d 6a 35 66 50 35 64 75 58 4e 72 |1mXpEmj5fP5duXNr|
|00000b20| 59 31 64 6d 56 78 4d 5a 55 53 38 32 6c 61 50 57 |Y1dmVxMZUS82laPW|
|00000b30| 45 57 58 6f 76 56 75 6f 77 5a 4c 4c 43 51 67 61 |EWXovVuowZLLCQga|
|00000b40| 72 74 30 73 62 4f 64 68 6d 4b 54 33 31 75 46 59 |rt0sbOdhmKT31uFY|
|00000b50| 48 42 79 73 77 61 71 33 38 70 6e 62 51 77 5a 58 |HByswaq38pnbQwZX|
|00000b60| 50 4e 4b 36 72 32 4a 61 55 6d 56 33 31 42 72 33 |PNK6r2JaUmV31Br3|
|00000b70| 48 46 43 57 6e 76 4b 67 53 76 36 4c 54 64 6d 76 |HFCWnvKgSv6LTdmv|
|00000b80| 63 34 2f 4d 56 71 52 48 61 6e 6a 4a 5a 76 55 73 |c4/MVqRHanjJZvUs|
|00000b90| 73 59 43 32 48 4f 6d 74 77 58 56 4a 45 38 43 53 |sYC2HOmtwXVJE8CS|
|00000ba0| 4e 69 65 71 6e 37 53 6d 7a 4e 61 69 61 32 78 6d |Nieqn7SmzNaia2xm|
|00000bb0| 78 5a 4a 56 57 44 33 47 71 63 42 35 62 2b 2f 72 |xZJVWD3GqcB5b+/r|
|00000bc0| 37 55 75 52 67 37 79 51 70 74 64 36 32 5a 79 68 |7UuRg7yQptd62Zyh|
|00000bd0| 70 75 7a 56 39 77 42 78 46 6a 70 2b 6a 6e 78 63 |puzV9wBxFjp+jnxc|
|00000be0| 2b 31 51 68 2f 46 77 47 6f 74 72 52 6f 6a 65 35 |+1Qh/FwGotrRoje5|
|00000bf0| 6b 30 6d 65 57 58 75 39 7a 4a 70 31 62 32 56 38 |k0meWXu9zJp1b2V8|
|00000c00| 56 2f 33 57 34 75 38 58 45 78 43 67 30 4e 46 54 |V/3W4u8XExCg0NFT|
|00000c10| 6e 7a 70 32 54 4a 44 6b 37 4f 32 76 6d 7a 4a 6e |nzp2TJDk7O2vmzJn|
|00000c20| 79 38 66 47 70 75 34 31 6d 4a 53 6a 55 64 35 4c |y8fGpu41mJSjUd5L|
|00000c30| 57 58 53 73 31 33 64 70 64 4d 38 4c 44 46 56 44 |WXSs13dpdM8LDFVD|
|00000c40| 46 4c 31 6b 2b 58 61 33 4e 42 41 44 53 36 70 52 |FL1k+Xa3NBADS6pR|
|00000c50| 63 37 65 68 70 72 78 65 32 58 39 46 6e 75 6b 2b |c7ehprxe2X9Fnuk+|
|00000c60| 6d 72 6b 31 30 39 4d 43 4e 63 74 64 52 76 67 77 |mrk109MCNctdRvgw|
|00000c70| 6c 62 74 6f 6c 44 66 53 58 78 39 32 54 69 31 6a |lbtolDfSXx92Ti1j|
|00000c80| 4d 32 62 4e 6e 4e 58 76 32 62 43 55 6b 4a 4a 52 |M2bNnNXv2bCUkJJR|
|00000c90| 35 62 65 4c 45 69 5a 6f 34 63 57 4b 64 62 50 64 |5beLEiZo4cWKdbPd|
|00000ca0| 57 54 67 34 6a 2f 71 4e 4b 62 74 2b 2b 72 56 73 |WTg4j/qNKbt++rVs|
|00000cb0| 35 4f 62 4a 75 33 6a 69 44 76 44 72 6f 6d 32 41 |5ObJu3jiDvDrom2A|
|00000cc0| 6a 42 2f 75 53 58 62 51 7a 62 51 70 2b 69 64 6e |jB/uSXbQzbQp+idn|
|00000cd0| 62 79 61 45 65 47 79 75 4e 71 35 59 61 53 74 79 |byaEeGyuNq5YaSty|
|00000ce0| 76 52 62 73 6c 39 5a 75 6c 6d 4c 58 46 65 79 66 |vRbsl9ZulmLXFeyf|
|00000cf0| 59 79 4d 48 46 55 39 50 58 72 70 4c 54 68 4c 45 |YyMHFU9PXrpLThLE|
|00000d00| 61 73 33 6d 2b 31 67 63 2b 6f 79 43 50 68 69 75 |as3m+1gc+oyCPhiu|
|00000d10| 31 4d 53 6c 7a 64 53 53 7a 38 41 2b 70 74 52 7a |1MSlzdSSz8A+ptRz|
|00000d20| 73 47 79 4c 6f 75 61 62 30 54 45 6e 56 44 52 70 |sGyLouab0TEnVDRp|
|00000d30| 73 57 6a 65 69 38 39 52 47 33 51 4e 58 36 65 63 |sWjei89RG3QNX6ec|
|00000d40| 4a 32 59 61 36 2b 6c 54 76 4c 6c 77 54 31 78 65 |J2Ya6+lTvLlwT1xe|
|00000d50| 41 65 34 52 6a 66 36 31 4f 36 61 55 77 53 36 2b |Ae4Rjf61O6aUwS6+|
|00000d60| 33 55 56 36 77 73 4a 7a 35 38 2b 64 72 2f 66 72 |3UV6wsJz58+dr/fr|
|00000d70| 31 47 6a 70 30 71 4e 7a 64 33 53 56 4a 53 55 6c |1Gjp0qNzd3SVJSUl|
|00000d80| 4a 6d 6a 56 72 6c 6b 61 50 48 71 31 5a 73 32 62 |JmjVrlkaPHq1Zs2b|
|00000d90| 56 7a 59 5a 74 32 73 69 31 68 37 76 63 7a 78 57 |VzYZt2si1h7vczxW|
|00000da0| 66 65 45 6e 4a 53 55 6b 36 6b 48 68 52 41 61 35 |feEnJSUk6kHhRAa5|
|00000db0| 74 79 31 75 79 42 4a 2b 75 31 70 71 39 71 65 7a |ty1uyBJ+u1pq9qez|
|00000dc0| 30 76 65 75 75 61 55 65 51 6e 64 5a 2f 36 4b 54 |0veuuaUeQndZ/6KT|
|00000dd0| 31 6b 74 4b 54 62 32 6a 30 69 74 78 79 31 31 47 |1ktKTb2j0itxy11G|
|00000de0| 75 72 4c 4e 4b 32 72 56 4c 65 6e 69 6f 50 44 71 |urLNK2rVLenioPDq|
|00000df0| 56 64 31 74 6b 68 6b 37 75 58 4b 37 6c 61 78 4a |Vd1tkhk7uXK7laxJ|
|00000e00| 30 54 70 4c 73 58 44 56 30 34 67 77 46 39 4b 6a |0TpLsXDV04gwF9Kj|
|00000e10| 73 50 56 52 6a 75 59 73 4a 43 6c 2b 77 58 4e 75 |sPVRjuYsJCl+wXNu|
|00000e20| 53 38 33 74 70 4f 50 64 34 57 52 4d 6e 2b 71 70 |S83tpOPd4WRMn+qp|
|00000e30| 54 48 58 35 74 32 62 70 31 71 30 4a 44 51 79 56 |THX5t2bp1q0JDQyV|
|00000e40| 4a 76 2f 76 64 37 39 53 6a 52 77 2f 5a 32 64 6e |Jv/vd79SjRw/Z2dn|
|00000e50| 70 33 4c 6c 7a 69 6f 6d 4a 30 66 4c 6c 79 78 55 |p3LlziomJ0fLlyxU|
|00000e60| 54 45 36 50 35 38 2b 66 72 67 51 63 65 73 4f 69 |TE6P58+frgQcesOi|
|00000e70| 32 62 39 31 69 58 41 5a 55 33 61 31 62 74 34 77 |2b91iXAZU3a1bt4w|
|00000e80| 55 41 4d 43 69 4d 69 2f 70 57 30 6e 79 36 46 44 |UAMCiMi/pW0ny6FD|
|00000e90| 4f 31 58 31 6e 6a 56 36 79 56 71 34 54 72 71 6b |O1X1njV6yVq4Trqk|
|00000ea0| 7a 6a 58 2f 55 75 62 4b 68 47 67 43 67 66 41 53 |zjX/UubKhGgCgfAS|
|00000eb0| 6d 31 52 4d 66 48 36 2f 31 36 39 63 72 4c 43 78 |m1RMfH6/169crLCx|
|00000ec0| 4d 58 6c 35 65 4a 56 37 7a 38 66 48 52 72 46 6d |MXl5eJV7z8fHRrFm|
|00000ed0| 7a 35 4f 50 6a 55 2b 59 31 79 33 43 56 66 32 69 |z5OPjU+Y1y3CVf2i|
|00000ee0| 34 2f 49 74 50 79 6f 6a 52 57 30 2f 50 30 71 37 |4/ItPyojRW0/P0q7|
|00000ef0| 45 4a 47 55 4e 61 36 75 71 2f 41 58 30 36 57 71 |EJGUNa6uq/AX06Wq|
|00000f00| 74 45 54 31 73 46 4a 6c 51 36 74 36 50 69 7a 66 |tET1sFJlQ6t6Pizf|
|00000f10| 31 37 4b 7a 4b 42 35 42 37 2b 61 6b 57 35 67 4f |17KzKB5B7+akW5gO|
|00000f20| 41 6a 45 53 46 7a 35 71 6d 42 51 6b 46 58 52 54 |AjESFz5qmBQkFXRT|
|00000f30| 47 2f 6c 70 7a 57 2f 58 51 6a 47 57 4c 46 56 41 |G/lpzW/XQjGWLFVA|
|00000f40| 69 43 4d 68 53 34 6f 66 6a 4e 48 35 4e 69 74 53 |iCMhS4ofjNH5NitS|
|00000f50| 71 67 39 77 66 73 4e 47 6c 78 46 31 61 4d 43 6c |qg9wfsNGlxF1aMCl|
|00000f60| 47 42 30 49 2b 31 34 66 44 79 6d 73 59 56 32 4f |GB0I+14fDymsYV2O|
|00000f70| 35 69 7a 73 31 62 66 6a 62 4f 70 42 74 72 54 62 |5izs1bfjbOpBtrTb|
|00000f80| 75 72 6d 71 54 64 56 5a 37 31 37 32 74 76 64 39 |urmqTdVZ7172tvd9|
|00000f90| 38 72 31 58 68 4d 31 58 5a 63 45 30 31 63 66 62 |8r1XhM1XZcE01cfb|
|00000fa0| 73 57 59 57 47 68 73 72 5a 32 56 6d 68 6f 61 45 |sWYWGhsrZ2VmhoaE|
|00000fb0| 6c 47 76 69 64 4f 6e 57 53 6a 34 2b 50 68 67 34 |lGvidOnWSj4+Phg4|
|00000fc0| 64 71 6c 6d 7a 5a 6d 6e 32 37 4e 6c 61 74 6d 79 |dqlmzZmn27Nlatmy|
|00000fd0| 5a 78 62 5a 39 2b 2f 5a 74 35 65 61 61 44 32 73 |ZxbZ9+/Zt5eaaD2s|
|00000fe0| 41 63 33 4a 7a 63 33 58 37 39 6d 30 31 61 64 4c |Ac3Jzc3X79m01adL|
|00000ff0| 34 78 74 78 76 4a 42 56 6c 4b 44 6c 36 67 79 62 |4xtxvJBVlKDl6gyb|
|00001000| 37 44 35 65 54 67 37 65 73 48 4c 7a 6c 32 6a 39 |7D5eTg7esHLzl2j9|
|00001010| 59 38 7a 59 64 71 33 51 51 74 50 4f 78 47 7a 52 |Y8zYdq3QQtPOxGzR|
|00001020| 35 62 49 42 63 71 37 6c 63 52 62 57 63 69 50 70 |5bIBcq7lcRbWciPp|
|00001030| 41 34 2f 6f 50 6b 70 57 44 74 36 77 63 66 71 50 |A4/oPkpWDt6wcfqP|
|00001040| 4f 2f 69 45 4b 69 37 31 55 38 66 78 44 43 32 75 |O/iEKi71U8fxDC2u|
|00001050| 76 62 48 35 4a 57 5a 63 55 73 7a 52 59 76 52 2f |vbH5JWZcUszRYvR/|
|00001060| 4a 72 39 6e 4b 66 62 67 47 42 57 35 51 6a 4c 6b |Jr9nKfbgGBW5QjLk|
|00001070| 2b 37 69 35 75 47 69 46 4a 75 2f 66 70 59 48 6d |+7i5uGiFJu/fpYHm|
|00001080| 58 42 57 32 64 31 64 76 62 7a 66 7a 56 67 4c 51 |XBW2d1dvbzfzVgLQ|
|00001090| 6a 43 67 75 63 64 6d 64 62 6a 77 52 6f 33 4d 4a |jCgucdmdbjwRo3MJ|
|000010a0| 6f 6e 62 68 53 58 6e 48 5a 53 6b 2f 36 55 74 4e |onbhSXnHZSk/6UtN|
|000010b0| 4c 48 34 75 6f 55 30 6f 76 39 77 33 56 38 50 69 |LH4uoU0ov9w3V8Pi|
|000010c0| 6c 48 64 50 36 68 57 58 33 77 34 37 55 6a 49 71 |lHdP6hWX3w47UjIq|
|000010d0| 57 71 6a 50 6e 59 38 32 38 68 2f 4c 65 64 2b 6e |WqjPnY828h/Led+n|
|000010e0| 39 57 6c 54 37 6e 54 2f 32 6d 55 6e 52 43 6c 75 |9WlT7nT/2mUnRClu|
|000010f0| 36 55 68 47 70 6b 70 53 69 69 4b 56 4c 74 57 6a |6UhGpkpSiiKVLtWj|
|00001100| 70 42 6b 55 6b 31 64 31 7a 59 38 39 48 42 63 76 |pBkUk1d1zY89HBcv|
|00001110| 31 6b 57 42 46 70 47 62 6f 78 4b 62 33 4e 61 6a |1kWBFpGboxKb3Naj|
|00001120| 6e 62 77 72 4f 34 30 48 71 50 66 55 44 52 53 51 |nbwrO40HqPfUDRSQ|
|00001130| 56 32 37 64 58 44 69 72 49 50 30 44 54 6f 38 76 |V27dXDirIP0DTo8v|
|00001140| 66 33 2b 65 6a 51 75 54 6a 76 31 51 78 42 65 64 |f3+ejQuTjv1QxBed|
|00001150| 4c 5a 75 4b 6e 38 6e 6c 6b 6e 42 59 6c 6c 6e 77 |LZuKn8nlknBYllnw|
|00001160| 50 79 5a 75 6d 6c 62 74 64 76 35 57 6e 53 6c 7a |PyZumlbtdv5WnSlz|
|00001170| 52 50 6e 2f 6f 53 38 32 62 65 75 63 7a 36 39 52 |RPn/oS82beucz69R|
|00001180| 7a 6f 69 61 76 50 4b 68 6b 63 2b 64 6b 35 6a 45 |zoiavPKhkc+dk5jE|
|00001190| 74 47 6a 70 49 50 6b 75 50 4b 54 33 74 69 42 61 |tGjpIPkuPKT3tiBa|
|000011a0| 56 57 65 36 49 2b 58 4d 73 4c 56 72 6a 65 67 37 |VWe6I+XMsLVrjeg7|
|000011b0| 58 75 4b 68 54 4f 68 6f 65 6f 6b 46 46 35 2f 39 |XuKhTOhoeokFF5/9|
|000011c0| 45 54 64 2b 55 66 30 77 7a 6b 36 49 31 62 30 4b |ETd+Uf0wzk6I1b0K|
|000011d0| 78 34 2b 33 2f 76 74 59 6e 56 62 41 76 71 6e 70 |x4+3/vtYnVbAvqnp|
|000011e0| 2b 70 45 56 72 33 43 4f 44 4e 43 37 71 58 42 55 |+pEVr3CODNC7qXBU|
|000011f0| 2f 53 31 6b 36 45 62 56 42 69 35 62 75 56 72 49 |/S1k6EbVBi5buVrI|
|00001200| 6b 70 65 37 57 6f 71 56 4c 74 57 68 6c 74 45 37 |kpe7WoqVLtWhltE7|
|00001210| 51 46 51 43 41 77 57 7a 62 74 6b 31 75 62 6d 35 |QFQCAwWzbtk1ubm5|
|00001220| 6d 47 2f 67 2b 50 6a 35 79 63 33 50 54 74 6d 33 |mG/g+Pj5yc3PTtm3|
|00001230| 62 36 71 38 67 75 34 66 56 70 34 2b 6b 7a 61 2f |b6q8gu4fVp4+kza/|
|00001240| 72 31 31 35 65 38 71 72 69 54 2f 4a 6e 66 72 4b |r115e8qriT/JnfrK|
|00001250| 2b 64 61 48 61 6d 2b 76 51 74 71 6b 57 2f 64 63 |+daHam+vQtqkW/dc|
|00001260| 76 7a 4c 78 79 55 56 76 66 47 71 38 46 43 57 33 |vzLxyUVvfGq8FCW3|
|00001270| 30 33 4c 75 4c 4e 61 4f 48 75 38 59 45 76 36 79 |03LuLNaOHu8YEv6y|
|00001280| 48 73 78 4f 30 59 50 78 73 78 52 54 2f 38 33 56 |HsxO0YPxsxRT/83V|
|00001290| 78 6c 35 61 76 53 5a 46 31 6e 78 42 74 69 64 6d |xl5avSZF1nxBtidm|
|000012a0| 6b 38 50 42 77 37 64 79 7a 56 71 38 39 6e 4b 30 |k8PBw7dyzVq89nK0|
|000012b0| 44 63 31 65 72 64 43 35 52 6b 2b 55 53 31 38 7a |Dc1erdC5Rk+US18z|
|000012c0| 57 67 65 77 4f 47 72 4e 71 6a 33 61 47 68 79 74 |WgewOGrNqj3aGhyt|
|000012d0| 38 55 34 78 32 76 44 74 51 31 69 6e 72 46 4c 72 |8U4x2vDtQ1inrFLr|
|000012e0| 74 62 4c 58 66 64 31 57 59 54 43 5a 4a 4b 74 50 |tbLXfd1WYTCZJKtP|
|000012f0| 34 4c 38 37 4c 79 30 73 6d 6b 30 6b 4a 43 51 6e |4L87Ly0smk0kJCQn|
|00001300| 61 75 6e 57 72 78 62 61 64 59 2b 6e 47 2f 34 57 |aunWrxbadY+nG/4W|
|00001310| 76 46 4e 42 2b 73 4f 7a 62 76 36 71 31 5a 34 71 |vFNB+sOzbv6q1Z4q|
|00001320| 2f 6b 4b 33 39 70 73 47 79 62 7a 39 59 39 6e 2f |/kK39psGybz9Y9n/|
|00001330| 37 51 5a 4b 55 65 65 42 44 75 62 55 66 72 43 6b |7QZKUeeBDubUfrCk|
|00001340| 37 37 39 79 62 55 6a 67 74 49 50 4a 79 78 64 75 |779ybUjgtIPJyxdu|
|00001350| 35 73 6c 64 54 32 67 2b 57 2f 59 74 52 4d 6a 63 |5sldT2g+W/YtRMjc|
|00001360| 73 65 76 71 78 4c 7a 52 6c 2b 50 4f 79 62 7a 39 |sevqxLzRl+POybz9|
|00001370| 59 62 6a 36 42 43 6f 6f 38 55 36 59 58 59 70 58 |Ybj6BCoo8U6YXYpX|
|00001380| 6d 4f 62 79 68 61 42 36 50 34 58 2f 53 6b 73 50 |mObyhaB6P4X/SksP|
|00001390| 46 36 37 71 73 54 61 38 4d 6c 6e 33 37 5a 54 70 |F67qsTa8Mln37ZTp|
|000013a0| 55 4e 4f 30 48 4c 53 7a 32 48 69 58 70 30 4e 38 |UNO0HLSz2HiXp0N8|
|000013b0| 47 79 37 37 39 79 31 70 34 2b 4d 37 74 4d 32 6d |Gy779y1p4+M7tM2m|
|000013c0| 52 37 38 69 2b 2f 54 76 61 64 4b 48 59 4d 6d 5a |R78i+/TvadKHYMmZ|
|000013d0| 2f 69 71 2b 37 38 62 44 34 65 57 4d 68 6a 53 41 |/iq+78bD4eWMhjSA|
|000013e0| 41 4f 4b 65 49 71 53 50 31 6e 38 38 76 31 72 4c |AOKeIqSP1n88v1rL|
|000013f0| 64 31 2b 54 67 33 56 46 39 76 56 32 6b 2b 50 30 |d1+Tg3VF9vV2k+P0|
|00001400| 4b 66 6d 57 53 75 67 39 64 57 6b 37 44 4e 30 73 |KfmWSug9dWk7DN0s|
|00001410| 48 46 34 35 54 39 36 47 4c 74 53 7a 71 76 47 79 |HF45T96GLtSzqvGy|
|00001420| 72 76 46 7a 46 74 61 79 66 4d 45 4a 64 78 6d 37 |rvFzFtayfMEJdxm7|
|00001430| 55 6d 67 75 74 31 62 64 77 6e 59 6d 37 4e 57 58 |Umgut1bdwnYm7NWX|
|00001440| 6f 53 50 6b 73 50 46 62 71 68 4d 2b 76 76 63 76 |oSPksPFbqhM+vvcv|
|00001450| 59 6a 56 6f 54 6d 79 31 58 37 34 37 71 36 2b 32 |YjVoTmy1X747q6+2|
|00001460| 6b 7a 4e 33 6c 7a 53 39 4a 52 7a 53 39 2f 77 67 |kzN3lzS9JRzS9/wg|
|00001470| 39 48 62 78 66 35 39 74 31 56 46 2f 76 6a 75 71 |9Hbxf59t1VF/vjuq|
|00001480| 6b 79 39 71 35 61 72 47 65 66 6e 4b 6d 31 70 65 |ky9q5arGefnKm1pe|
|00001490| 2b 76 64 71 78 6e 34 4a 43 58 4b 54 45 6a 66 4a |+vdqxn4JCXKTEjfJ|
|000014a0| 37 2f 6c 32 74 50 6e 51 75 76 79 74 35 46 57 51 |7/l2tPnQuvyt5FWQ|
|000014b0| 65 57 69 71 66 4a 36 64 70 79 71 6f 6a 53 72 62 |eWiqfJ6dpyqojSrb|
|000014c0| 4a 33 31 5a 66 6d 2f 4e 61 4d 39 75 6b 4c 6b 38 |J31Zfm/NaM9ukLk8|
|000014d0| 47 46 7a 52 4d 53 31 6b 36 55 35 30 66 6e 36 4d |GFzRMS1k6U50fn6M|
|000014e0| 50 45 71 58 4f 33 68 33 56 31 36 75 56 55 75 4c |PEqXO3h3V16uVUuL|
|000014f0| 33 4b 33 6a 73 65 41 30 79 2b 33 35 71 64 76 7a |3K3jseA0y+35qdvz|
|00001500| 79 61 35 75 6b 4d 62 50 33 4b 30 34 75 2b 62 58 |ya5ukMbP3K04u+bX|
|00001510| 5a 58 39 50 4f 56 59 73 31 2b 4a 47 52 47 68 64 |ZX9POVYs1+JGRGhd|
|00001520| 31 72 75 78 43 64 53 5a 4c 42 78 63 47 79 48 6e |1ruxCdSZLBxcGyHn|
|00001530| 6f 59 69 30 72 66 4e 2f 65 48 65 56 30 49 66 39 |oYi0rfN/eHeV0If9|
|00001540| 39 64 35 38 61 6e 64 38 77 4b 35 51 57 72 64 45 |9d58and8wK5QWrdE|
|00001550| 46 2b 37 58 77 47 50 5a 31 79 53 36 6f 66 62 7a |F+7XwGPZ1yS6ofbz|
|00001560| 6d 48 63 71 53 6c 4b 57 6a 34 58 4d 30 4a 54 68 |mHcqSlKWj4XM0JTh|
|00001570| 53 6e 79 56 4b 30 6e 6c 39 74 6d 69 74 41 6f 4d |SnyVK0nl9tmitAoM|
|00001580| 58 61 33 4c 55 36 54 70 37 4a 38 6c 4a 2b 35 57 |Xa3LU6Tp7J8lJ+5W|
|00001590| 53 75 6c 2b 54 2b 34 39 51 6c 31 63 69 64 62 52 |Sul+T+49Ql1cidbR|
|000015a0| 67 33 2f 5a 79 75 61 61 34 38 49 31 36 39 76 46 |g3/Zyuaa48I169vF|
|000015b0| 4a 42 66 56 4a 30 6a 57 64 33 35 32 71 44 2b 5a |JBfVJ0jWd352qD+Z|
|000015c0| 46 36 71 69 35 6c 57 55 65 30 2b 70 35 75 37 55 |F6qi5lWUe0+p5u7U|
|000015d0| 33 38 58 4c 52 63 55 39 50 4f 71 4b 39 71 61 63 |38XLRcU9POqK9qac|
|000015e0| 56 6b 31 54 79 42 73 6e 7a 71 55 65 55 6b 72 70 |Vk1TyBsnzqUeUkrp|
|000015f0| 66 30 34 65 4f 56 4a 64 58 74 69 76 5a 73 65 43 |f04eOVJdXtivZseC|
|00001600| 59 65 6a 73 70 2f 64 53 35 67 75 55 4c 50 72 4d |Yejsp/dS5guULPrM|
|00001610| 44 35 69 67 34 50 46 58 79 79 74 39 33 44 6c 65 |D5ig4PFXyyt93Dle|
|00001620| 4f 61 39 6d 4d 57 66 70 50 63 2b 66 6b 6c 52 54 |Oa9mMWfpPc+fklRT|
|00001630| 46 78 46 37 54 33 6f 58 54 31 4c 6e 54 4e 41 57 |FxF7T3oXT1LnTNAW|
|00001640| 47 58 35 61 54 64 30 66 31 39 57 34 74 6e 54 71 |GX5aTd0f19W4tnTq|
|00001650| 75 5a 54 4f 6d 71 66 75 45 4c 30 73 65 48 30 6c |uZTOmqfuEL0seH0l|
|00001660| 4b 50 61 59 31 70 79 35 72 7a 64 6a 78 38 70 79 |KPaY1py5rzdjx8py|
|00001670| 36 57 79 66 61 35 53 2f 6a 6d 48 70 63 48 37 77 |6Wyfa5S/jmHpcH7w|
|00001680| 79 58 6f 50 47 54 70 50 50 34 79 59 46 62 79 37 |yXoPGTpPP4yYFby7|
|00001690| 34 33 4c 70 5a 4b 32 56 33 70 4d 59 38 50 6b 6d |43LpZK2V3pMY8Pkm|
|000016a0| 4c 45 6b 75 76 72 4a 72 6e 52 2b 6f 78 72 55 6d |LEkuvrJrnR+oxrUm|
|000016b0| 39 70 6a 57 42 59 36 76 34 57 54 71 75 31 59 47 |9pjWBY6v4WTqu1YG|
|000016c0| 4c 46 62 67 6f 4c 72 2b 33 54 32 4b 63 33 67 74 |LFbgoLr+3T2Kc3gt|
|000016d0| 65 71 38 41 5a 63 78 52 78 71 71 4b 6a 44 51 44 |eq8AZcxRxqqKjDQD|
|000016e0| 33 6e 72 4e 6e 7a 31 59 34 34 4a 2b 64 6e 5a 33 |3nrNnz1Y44J+dnZ3|
|000016f0| 4f 6e 71 32 62 42 71 5a 35 62 65 58 68 6b 33 38 |Onq2bBqZ5beXhk38|
|00001700| 62 51 71 73 4f 37 6e 4a 33 72 39 70 50 56 37 66 |bQqsO7nJ3r9pPV7f|
|00001710| 2f 30 47 2f 79 46 6c 51 72 42 4f 6a 51 74 71 6b |/0G/yFlQrBOjQtqk|
|00001720| 69 5a 76 35 53 44 69 33 4e 44 42 78 32 38 59 42 |iZv5SDi3NDBx28YB|
|00001730| 32 48 5a 41 30 35 69 32 39 35 65 73 75 4f 2b 73 |2HZA05i295esuO+s|
|00001740| 32 63 75 38 37 54 58 4f 43 2b 38 72 64 4e 56 6d |2cu87TXOC+8rdNVm|
|00001750| 4a 79 58 64 61 35 78 63 54 64 75 6d 41 72 4f 55 |JyXda5xcTdumArOU|
|00001760| 2f 63 5a 69 4b 6d 73 6b 32 6e 65 51 2f 62 71 43 |/cZiKmsk2neQ/bqC|
|00001770| 55 76 56 6b 78 33 35 76 66 66 74 57 58 53 31 54 |UvVkx35vfftWXS1T|
|00001780| 4d 70 6d 79 70 7a 7a 69 39 58 4f 78 53 66 31 76 |Mpmypzzi9XOxSf1v|
|00001790| 66 6c 7a 58 52 57 66 70 2b 56 34 4c 71 34 67 67 |flzXRWfp+V4Lq4gg|
|000017a0| 64 50 6e 78 59 45 79 64 4f 72 4c 52 72 66 32 46 |dPnxYEydOrLRrf2F|
|000017b0| 51 5a 4d 6b 41 6f 4f 36 75 2f 76 2b 6f 38 41 50 |QZMkAoO6u/v+o8AP|
|000017c0| 46 45 6f 44 4d 37 78 53 31 6f 75 51 63 74 6e 32 |FEoDM7xS1ouQctn2|
|000017d0| 65 55 61 43 6e 46 50 36 33 4c 2f 57 64 4a 43 6c |eUaCnFP63L/WdJCl|
|000017e0| 4e 6d 2f 37 32 70 53 35 30 39 56 4f 67 62 2b 73 |Nm/72pS509VOgb+s|
|000017f0| 4b 31 35 35 2b 63 4b 2f 43 4a 57 6c 76 74 47 4c |K155+cK/CJWlvtGL|
|00001800| 50 6c 48 72 78 32 41 62 35 44 31 71 75 32 50 74 |PlHrx2Ab5D1qu2Pt|
|00001810| 48 61 65 32 47 50 32 75 65 72 37 54 70 74 56 63 |Hae2GP2uer7TptVc|
|00001820| 31 5a 65 66 6c 61 73 32 54 48 6a 4e 58 50 55 65 |1Zeflas2THjNXPUe|
|00001830| 73 55 6c 4c 48 73 56 72 37 79 51 78 4e 75 50 38 |sUlLHsVr7yQxNuP8|
|00001840| 37 42 59 39 34 55 77 75 50 56 57 4d 67 39 69 49 |7BY94UwuPVWMg9iI|
|00001850| 58 5a 46 72 77 6c 64 6d 77 51 6d 71 76 49 52 76 |XZFrwldmwQmqvIRv|
|00001860| 65 30 37 59 4e 37 32 6e 62 6e 44 36 53 70 49 41 |e07YN72nbnD6SpIA|
|00001870| 35 42 66 2f 66 38 49 7a 63 79 6c 33 6e 47 61 30 |5Bf/f8Izcyl3nGa0|
|00001880| 63 2f 72 79 6d 37 4b 7a 36 38 4f 43 57 63 72 75 |c/rym7Kz68OCWcru|
|00001890| 52 42 67 41 4e 66 67 76 41 30 61 55 7a 39 57 7a |RBgANfgvA0aUz9Wz|
|000018a0| 34 4e 54 6b 2b 4e 30 73 78 43 2f 32 4b 6a 58 35 |4NTk+N0sxC/2KjX5|
|000018b0| 39 53 54 74 4d 30 7a 52 34 30 56 72 35 42 58 66 |9STtM0zR40Vr5BXf|
|000018c0| 54 69 56 4b 44 59 70 32 50 65 6b 74 2b 73 30 39 |TiVKDYp2Pekt+s09|
|000018d0| 4c 2f 63 5a 71 7a 35 49 70 38 6e 45 30 73 39 78 |L/cZqz5Ip8nE0s9x|
|000018e0| 55 4e 78 32 74 38 69 41 35 57 54 71 36 63 4b 62 |UNx2t8iA5WTq6cKb|
|000018f0| 47 62 4a 5a 38 35 79 37 54 2b 69 6e 46 48 74 56 |GbJZ85y7T+inFHtV|
|00001900| 33 35 5a 52 57 42 30 37 53 2b 4e 6b 68 57 75 53 |35ZRWB07S+NkhWuS|
|00001910| 39 56 6b 45 39 62 53 71 75 76 58 44 2b 70 52 47 |9VkE9bSquvXD+pRG|
|00001920| 4b 6d 64 43 74 31 4d 42 76 32 55 70 7a 47 61 77 |KmdCt1MBv2UpzGaw|
|00001930| 76 6f 74 2b 57 58 39 47 6f 38 34 55 31 78 32 6c |vot+WX9Go84U1x2l|
|00001940| 4d 59 49 52 36 62 79 70 35 72 33 2f 76 77 41 2b |MYIR6byp5r3/vwA+|
|00001950| 31 35 38 70 4d 6a 56 36 30 58 65 4d 48 62 4e 64 |158pMjV60XeMHbNd|
|00001960| 34 53 56 49 72 39 66 4c 32 56 4f 2b 41 55 51 70 |4SVIr9fL2VO+AUQp|
|00001970| 36 7a 6c 4e 4f 70 66 73 58 58 74 6d 6e 36 57 50 |6zlNOpfsXXtmn6WP|
|00001980| 58 61 75 38 46 46 37 33 35 2b 59 65 61 31 2f 2f |Xau8FF735+Yea1//|
|00001990| 4f 43 50 54 6e 6f 39 2b 58 33 2f 4f 52 6d 68 65 |OCPTno9+X3/ORmhe|
|000019a0| 64 49 72 2f 53 6f 38 64 66 6b 4c 71 58 65 76 2f |dIr/So8dfkLqXev/|
|000019b0| 70 53 52 47 61 50 48 53 2b 50 70 73 39 54 61 61 |pSRGaPHS+Pps9Taa|
|000019c0| 65 32 7a 58 50 2b 38 34 76 2b 78 6f 64 76 77 70 |e2zXP+84v+xodvwp|
|000019d0| 71 4b 39 7a 57 6d 72 45 7a 31 58 31 2f 75 4b 62 |qK9zWmrEz1X1/uKb|
|000019e0| 58 77 32 30 4e 2b 65 64 53 71 6e 71 4e 4e 32 6e |Xw20N+edSqnqNN2n|
|000019f0| 39 77 76 37 46 39 6e 33 68 65 7a 42 70 65 6a 39 |9wv7F9n3hezBpej9|
|00001a00| 50 52 66 6a 6e 31 35 6d 38 2b 31 4e 39 64 6b 45 |PRfjn15m8+1N9dkE|
|00001a10| 61 73 57 4b 6a 49 76 7a 76 50 44 59 79 50 58 47 |asWKjIvzvPDYyPXG|
|00001a20| 44 78 6f 30 4e 30 34 37 45 38 77 72 71 32 55 47 |Dxo0N047E8wrq2UG|
|00001a30| 39 54 64 76 31 63 32 43 71 49 71 61 4f 31 2f 67 |9Tdv1c2CqIqaO1/g|
|00001a40| 6f 54 36 33 36 6e 7a 6e 79 63 36 7a 65 6f 48 30 |oT636nznyc6zeoH0|
|00001a50| 48 35 38 32 55 7a 79 6f 7a 4c 39 68 33 55 39 43 |H582UzyozL9h3U9C|
|00001a60| 43 4e 7a 53 6f 6e 4b 64 4a 70 4b 6d 6a 46 75 34 |CNzSonKdJpKmjFu4|
|00001a70| 50 31 66 53 69 30 59 45 79 64 43 4c 63 4a 4a 2b |P1fSi0YEydCLcJJ+|
|00001a80| 70 63 51 6f 65 75 31 69 39 76 33 74 44 50 76 5a |pcQoeu1i9v3tDPvZ|
|00001a90| 50 61 6e 4b 49 6b 39 62 4d 58 71 6e 31 73 53 50 |PanKIk9bMXqn1sSP|
|00001aa0| 56 33 62 74 6b 66 37 33 30 33 5a 38 71 4f 46 46 |V3btkf7303Z8qOFF|
|00001ab0| 36 64 4f 36 6f 4b 67 39 65 6d 4e 4b 75 6e 37 5a |6dO6oKg9emNKun7Z|
|00001ac0| 2f 5a 62 36 75 39 4f 67 35 38 70 74 39 57 6d 6c |/Zb6u9Og58pt9Wml|
|00001ad0| 65 49 37 52 39 62 66 46 35 43 6d 76 62 72 32 63 |eI7R9bfF5Cmvbr2c|
|00001ae0| 6e 66 4b 6f 6a 30 53 2b 71 65 2b 6d 46 4c 32 54 |nfKoj0S+qe+mFL2T|
|00001af0| 4c 64 62 78 4a 42 34 73 66 6e 37 53 44 43 68 6f |LdbxJB4sfn7SDCho|
|00001b00| 37 53 2b 39 74 6e 71 50 4a 2f 54 32 31 49 38 44 |7S+9tnqPJ/T21I8D|
|00001b10| 63 49 7a 78 64 39 4f 61 32 44 7a 58 50 4f 2f 2f |cIzxd9Oa2DzXPO//|
|00001b20| 59 5a 53 5a 74 30 4f 6a 48 46 79 73 79 36 6f 6a |YZSZt0OjHFysy6oj|
|00001b30| 6b 4e 55 4a 37 4e 72 30 68 48 33 74 4a 79 74 4b |kNUJ7Nr0hH3tJytK|
|00001b40| 4a 6c 57 2b 70 79 34 77 34 42 61 37 63 70 33 48 |JlW+py4w4Ba7cp3H|
|00001b50| 46 7a 74 66 71 6e 68 39 33 61 71 37 71 5a 38 6c |Fztfqnh93aq7qZ8l|
|00001b60| 54 38 37 37 62 72 71 44 55 67 6f 45 71 68 38 7a |T877brqDUgoEqh8z|
|00001b70| 53 44 30 76 36 79 61 6c 4f 42 36 63 45 67 4c 74 |SD0v6yalOB6cEgLt|
|00001b80| 58 66 54 38 52 77 4e 57 39 68 36 79 56 70 43 65 |XfT8RwNW9h6yVpCe|
|00001b90| 6d 4c 64 4d 63 6e 36 70 76 4f 32 50 6e 54 44 33 |mLdMcn6pvO2PnTD3|
|00001ba0| 35 7a 6a 52 6c 44 39 69 73 48 2f 36 33 34 76 76 |5zjRlD9isH/634vv|
|00001bb0| 48 58 33 36 71 68 52 62 39 31 79 2f 4d 4e 2f 36 |HX36qhRb91y/MN/6|
|00001bc0| 4c 4f 33 74 52 47 62 72 7a 33 65 32 42 59 61 45 |LO3tRGbrz3e2BYaE|
|00001bd0| 4b 48 31 5a 79 6c 6e 4e 4a 43 5a 4a 36 79 4c 33 |KH1ZylnNJCZJ6yL3|
|00001be0| 55 6e 30 55 37 5a 33 63 35 61 35 65 53 7a 31 36 |Un0U7Z3c5a5eSz16|
|00001bf0| 55 7a 4e 7a 54 58 2b 58 6c 4c 70 35 56 55 72 59 |UzNzTX+XlLp5VUrY|
|00001c00| 6b 56 31 65 56 58 4d 73 44 63 76 57 51 74 43 74 |kV1eVXMsDcvWQtCt|
|00001c10| 4a 6c 79 52 5a 38 67 37 38 2b 50 68 34 53 53 6f |JlyRZ8g78+Ph4SSo|
|00001c20| 61 45 36 49 79 50 58 72 30 73 47 68 50 6b 62 77 |aE6IyPXr0sGhPkbw|
|00001c30| 36 65 76 53 66 52 39 64 32 69 74 33 34 6e 56 4a |6evSfR9d2it34nVJ|
|00001c40| 47 74 56 63 48 53 5a 6c 48 44 6d 69 70 32 73 6d |GtVcHSZlHDmip2sm|
|00001c50| 6a 36 77 58 64 75 52 37 78 6b 41 4a 6d 50 4b 57 |j6wXduR7xkAJmPKW|
|00001c60| 46 4c 33 32 71 54 51 66 38 39 4d 67 76 39 6d 72 |FL32qTQf89Mgv9mr|
|00001c70| 70 58 6d 6e 49 52 79 50 56 73 38 4c 37 69 79 35 |pXmnIRyPVs8L7iy5|
|00001c80| 72 39 34 59 44 30 73 41 65 47 72 49 72 51 65 45 |r94YD0sAeGrIrQeE|
|00001c90| 48 7a 6d 68 73 2b 2f 59 46 72 31 31 54 39 4b 65 |Hzmhs+/YFr11T9Ke|
|00001ca0| 72 46 48 2f 2f 4d 39 72 32 74 31 46 36 30 6c 5a |rFH//M9r2t1F60lZ|
|00001cb0| 53 48 30 64 6c 48 70 36 6f 71 52 38 66 6b 4d 6c |SH0dlHp6oqR8fkMl|
|00001cc0| 33 69 44 70 55 61 5a 34 30 52 58 32 38 54 78 65 |3iDpUaZ40RX28Txe|
|00001cd0| 36 6a 74 65 6d 42 63 2f 71 45 55 6e 71 2f 53 74 |6jtemBc/qEUnq/St|
|00001ce0| 70 78 41 79 5a 46 75 78 56 77 49 6f 42 71 73 36 |pxAyZFuxVwIoBqs6|
|00001cf0| 44 7a 79 52 4a 65 35 66 4a 74 4c 4f 50 56 70 55 |DzyRJe5fJtLOPVpU|
|00001d00| 4a 4e 31 72 4a 76 63 38 6a 63 70 63 6b 6d 77 4f |JN1rJvc8jcpckmwO|
|00001d10| 53 4a 50 64 75 6a 2b 6a 4a 78 79 70 62 59 58 76 |SJPduj+jJxypbYXv|
|00001d20| 31 65 2f 55 52 4c 66 7a 74 4f 35 72 2b 79 56 2b |1e/URLfztO5r+yV+|
|00001d30| 30 79 4b 66 61 46 64 58 59 37 55 59 36 61 47 54 |0yKfaFdXY7UY6aGT|
|00001d40| 44 39 67 43 34 73 6b 39 68 77 61 6c 53 75 78 46 |D9gC4sk9hwalSuxF|
|00001d50| 61 76 38 53 76 31 4b 4f 76 32 6d 69 51 61 61 35 |av8Sv1KOv2miQaa5|
|00001d60| 57 39 5a 50 53 56 69 33 57 36 68 4a 58 35 59 35 |W9ZPSVi3W6hJX5Y5|
|00001d70| 70 64 57 43 63 30 74 72 31 30 2b 71 56 78 52 76 |pdWCc0tr10+qVxRv|
|00001d80| 2f 68 63 75 46 61 74 30 51 4b 57 31 7a 6d 4e 61 |/hcuFat0QKW1zmNa|
|00001d90| 58 75 5a 70 58 58 69 31 78 43 70 75 64 4b 67 32 |XuZpXXi1xCpudKg2|
|00001da0| 5a 70 64 58 46 47 2f 2b 53 5a 4f 2b 6d 63 61 62 |ZpdXFG/+SZO+mcab|
|00001db0| 58 35 61 76 7a 43 74 35 38 4a 50 2f 4b 58 57 48 |X5avzCt58JP/KXWH|
|00001dc0| 74 48 69 4d 56 55 62 70 32 65 7a 65 4e 57 37 6c |tHiMVUbp2ezeNW7l|
|00001dd0| 64 50 33 2f 33 74 70 6d 47 6b 37 58 65 4e 4d 30 |dP3/3tpmGk7XeNM0|
|00001de0| 71 31 76 67 76 72 48 6d 32 46 6e 70 49 32 68 32 |q1vgvrHm2FnpI2h2|
|00001df0| 68 6d 44 4a 58 35 74 76 49 78 37 52 61 35 30 2b |hmDJX5tvIx7Ra50+|
|00001e00| 75 30 68 64 4c 52 6d 72 53 6b 49 37 71 36 79 58 |u0hdLRmrSkI7q6yX|
|00001e10| 46 78 65 37 58 42 31 4f 6e 79 66 6d 52 69 57 57 |Fxe7XB1OnyfmRiWW|
|00001e20| 36 5a 42 38 4e 58 36 78 6c 46 36 51 52 4b 30 4a |6ZB8NX6xlF6QRK0J|
|00001e30| 4c 4e 4c 41 6c 79 61 6e 2f 47 7a 70 34 66 72 74 |LNLAlyan/Gzp4frt|
|00001e40| 69 7a 44 30 36 72 74 2f 72 43 69 76 31 2f 68 33 |izD06rt/rCiv1/h3|
|00001e50| 63 2f 52 53 32 38 45 6c 4a 32 58 6f 76 36 73 69 |c/RS28ElJ2Xov6si|
|00001e60| 64 4b 35 63 31 50 48 36 46 74 66 6b 75 6d 56 75 |dK5c1PH6FtfkumVu|
|00001e70| 6d 4e 67 64 33 50 36 31 65 4f 55 4b 4f 53 6c 58 |mNgd3P61eOUKOSlX|
|00001e80| 67 79 6e 30 56 33 48 5a 67 4b 61 65 30 66 6c 36 |gyn0V3HZgKae0fl6|
|00001e90| 63 30 6a 78 47 61 74 48 63 2f 71 58 47 57 57 69 |c0jxGatHc/qXGWWi|
|00001ea0| 6a 51 55 46 76 36 4d 31 32 55 75 53 71 2f 57 57 |jQUFv6M12UuSq/WW|
|00001eb0| 76 4d 70 66 69 34 44 46 4b 45 64 2f 39 73 39 68 |vMpfi4DFKEd/9s9h|
|00001ec0| 2b 74 5a 47 44 66 65 75 43 65 7a 2b 74 5a 56 73 |+tZGDfeuCez+tZVs|
|00001ed0| 77 38 47 52 31 37 67 56 4e 4f 33 56 61 65 32 50 |w8GR17gVNO3Vae2P|
|00001ee0| 4e 2f 45 51 64 4d 64 39 6c 76 6f 43 76 61 58 61 |N/EQdMd9lvoCvaXa|
|00001ef0| 78 78 72 38 6b 32 61 6c 7a 67 45 6c 68 41 5a 49 |xxr8k2alzgElhAZI|
|00001f00| 75 52 43 6f 69 50 6b 75 53 6a 58 72 37 76 79 68 |uRCoiPkuSjXr7vyh|
|00001f10| 66 5a 65 75 39 68 64 74 4c 76 62 38 55 52 61 7a |fZeu9hdtLvb8URaz|
|00001f20| 63 4c 2b 6c 4a 6d 51 4c 4b 7a 31 52 4c 2b 37 33 |cL+lJmQLKz1RL+73|
|00001f30| 70 39 58 4a 43 69 56 4e 61 50 58 75 33 30 74 52 |p9XJCiVNaPXu30tR|
|00001f40| 56 71 31 61 57 44 67 6a 73 31 44 6c 67 6a 74 5a |Vq1aWDgjs1DlgjtZ|
|00001f50| 50 73 5a 62 69 77 78 52 6d 37 70 61 45 64 69 4d |PsZbiwxRm7paEdiM|
|00001f60| 30 72 2f 54 78 63 65 79 74 65 51 73 6e 36 31 46 |0r/TxceyteQsn61F|
|00001f70| 4a 4f 38 50 6a 7a 42 2b 66 67 41 6b 4b 38 72 35 |JO8PjzB+fgAkK8r5|
|00001f80| 7a 6a 74 6d 36 44 39 62 6b 2f 41 52 4e 4c 77 64 |zjtm6D9bk/ARNLwd|
|00001f90| 4f 4c 6d 6a 38 53 35 4b 4e 4f 76 75 50 30 43 52 |OLmj8S5KNOvuP0CR|
|00001fa0| 4a 69 6a 70 57 62 46 32 31 4f 44 2b 71 38 31 6d |JijpWbF21OD+q81m|
|00001fb0| 79 74 5a 4f 44 66 61 6d 42 4b 68 6c 72 41 59 41 |ytZODfamBKhlrAYA|
|00001fc0| 42 2b 66 6a 34 4b 43 6b 70 79 65 78 56 2f 72 4e |B+fj4KCkpyexV/rN|
|00001fd0| 6e 7a 79 6f 70 4b 55 6b 39 65 76 53 6f 33 36 4c |nzyopKUk9evSo36L|
|00001fe0| 63 2b 32 69 6f 70 46 32 37 45 70 51 68 36 65 4c |c+2iopF27EpQh6eL|
|00001ff0| 57 61 58 65 36 2b 34 66 6d 66 38 46 4a 44 4c 33 |WaXe6+4fmf8FJDL3|
|00002000| 54 2f 66 2b 74 6d 41 78 4a 47 66 70 6d 31 31 34 |T/f+tmAxJGfpm114|
|00002010| 31 79 2f 50 56 78 79 46 74 74 4f 63 50 72 52 58 |1y/PVxyFttOcPrRX|
|00002020| 69 33 30 70 39 75 31 6a 4c 76 6f 57 56 37 46 74 |i30p9u1jLvoWV7Ft|
|00002030| 59 71 57 38 58 61 34 58 34 74 39 4b 65 50 37 54 |YqW8Xa4X4t9KeP7T|
|00002040| 57 36 69 6e 32 46 54 66 2b 32 2f 62 52 30 44 37 |W6in2FTf+2/bR0D7|
|00002050| 57 30 74 36 33 4e 57 7a 53 41 75 31 4b 7a 6c 5a |W0t63NWzSAu1KzlZ|
|00002060| 32 36 61 63 56 46 4d 6f 75 35 38 70 72 6d 7a 5a |26acVFMou58prmzZ|
|00002070| 79 6c 58 51 67 71 5a 78 65 6c 6c 56 65 72 72 77 |ylXQgqZxellVerrw|
|00002080| 72 75 33 5a 71 30 30 61 53 6b 70 56 38 73 5a 78 |ru3Zq00aSkpV8sZx|
|00002090| 5a 61 75 6a 61 74 66 77 33 57 39 58 77 78 38 37 |Zaujatfw3W9Xwx87|
|000020a0| 4f 72 6d 67 5a 53 36 69 72 68 70 7a 2f 4b 36 50 |OrmgZS6irhpz/K6P|
|000020b0| 6b 66 66 44 4c 67 71 76 7a 32 54 71 30 38 30 76 |kffDLgqvz2Tq080v|
|000020c0| 70 6c 56 47 61 38 71 75 53 38 7a 6e 34 6a 46 4b |plVGa8quS8zn4jFK|
|000020d0| 67 35 79 30 74 32 72 68 58 6d 37 5a 38 71 73 54 |g5y0t2rhXm7Z8qsT|
|000020e0| 37 6e 39 47 55 53 71 37 2b 36 38 77 42 72 64 30 |7n9GUSq7+68wBrd0|
|000020f0| 6c 44 52 6b 2b 58 68 4e 65 6c 47 4a 58 48 43 6a |lDRk+XhNelGJXHCj|
|00002100| 6f 51 53 42 4a 5a 35 53 34 55 35 4a 6e 5a 37 6b |oQSBJZ5S4U5JnZ7k|
|00002110| 58 66 54 46 74 72 37 45 62 74 2b 76 4b 78 69 45 |XfTFtr7Ebt+vKxiE|
|00002120| 46 45 56 4d 56 35 72 6c 77 51 74 46 37 4a 51 33 |FEVMV5rlwQtF7JQ3|
|00002130| 33 79 47 2f 38 53 35 4c 74 51 2f 4c 71 49 32 6e |3yG/8S5LtQ/LqI2n|
|00002140| 58 6a 7a 56 34 62 6c 52 2f 54 58 6c 46 32 68 79 |XjzV4blR/TXlF2hy|
|00002150| 38 56 76 73 74 65 42 74 6b 42 39 38 2f 61 74 74 |8VvsteBtkB98/att|
|00002160| 48 6a 6f 70 36 36 52 30 74 50 47 79 35 38 36 49 |Hjop66R0tPGy586I|
|00002170| 79 74 2b 73 6f 4f 4b 71 74 68 67 30 41 6b 6f 35 |yt+soOKqthg0Ako5|
|00002180| 6f 6d 53 54 48 4b 63 2f 49 78 32 79 72 71 49 4d |omSTHKc/Ix2yrqIM|
|00002190| 47 42 66 53 53 64 46 34 78 53 63 58 75 71 55 38 |GBfSSdF4xScXuqU8|
|000021a0| 38 6f 76 55 58 4a 50 6b 50 4c 76 59 46 76 6a 68 |8ovUXJPkPLvYFvjh|
|000021b0| 6e 44 52 72 66 54 39 4a 35 52 53 53 61 37 30 52 |nDRrfT9J5RSSa70R|
|000021c0| 53 58 69 32 39 33 4b 78 31 49 76 61 49 59 6b 72 |SXi293Kx1IvaIYkr|
|000021d0| 2f 70 45 71 64 33 53 51 6c 6e 73 2b 2f 35 37 69 |/pEqd3SQlns+/57i|
|000021e0| 77 39 75 66 36 71 37 66 5a 32 6d 33 6b 59 48 61 |w9uf6q7fZ2m3kYHa|
|000021f0| 36 70 37 71 37 6d 66 74 69 37 36 62 65 7a 30 6e |6p7q7mfti76bez0n|
|00002200| 53 61 5a 30 76 72 34 65 4b 6f 35 76 38 41 6e 36 |SaZ0vr4eKo5v8An6|
|00002210| 76 73 4c 57 72 46 52 4f 39 51 33 6e 6e 4e 32 72 |vsLWrFRO9Q3nnN2r|
|00002220| 37 39 49 35 79 76 48 42 63 67 66 36 4c 46 56 50 |79I5yvHBcgf6LFVP|
|00002230| 30 51 62 6d 6b 45 37 48 6e 4a 66 58 53 4f 47 39 |0QbmkE7HnJfXSOG9|
|00002240| 7a 56 30 55 6c 32 5a 62 54 45 50 56 32 4d 7a 76 |zV0Ul2ZbTEPV2Mzv|
|00002250| 59 6f 49 50 58 6b 2f 6c 6a 45 61 52 65 76 74 4d |YoIPXk/ljEaRevtM|
|00002260| 6f 72 39 48 78 4b 31 5a 62 50 2f 50 50 72 72 66 |or9HxK1ZbP/PPrrf|
|00002270| 31 66 6b 62 54 32 30 6c 61 64 55 51 6e 7a 46 64 |1fkbT20ladUQnzFd|
|00002280| 76 4f 57 6d 6e 46 4a 4d 6f 79 63 4e 5a 6d 66 46 |vOWmnFJMoycNZmfF|
|00002290| 6d 6a 6e 74 38 68 70 78 36 53 6f 6f 39 70 65 53 |mjnt8hpx6Soo9peS|
|000022a0| 43 2f 65 76 61 37 30 57 39 30 45 36 4b 66 47 57 |C/eva70W90E6KfGW|
|000022b0| 73 4f 76 75 48 4b 43 67 38 57 67 65 54 4c 74 58 |sOvuHKCg8WgeTLtX|
|000022c0| 4a 79 4f 30 6a 56 6b 51 71 4c 7a 33 57 7a 45 2b |JyO0jVkQqLz3WzE+|
|000022d0| 34 4a 6c 63 51 67 76 75 34 6d 54 76 75 64 75 72 |4JlcQgvu4mTvudur|
|000022e0| 64 72 35 63 6b 4b 54 6d 74 34 4a 65 66 79 32 41 |dr5ckKTmt4Jefy2A|
|000022f0| 46 54 62 65 57 64 6e 2b 71 69 47 49 68 54 57 62 |FTbeWdn+qiGIhTWb|
|00002300| 73 42 67 58 74 6c 68 34 4e 65 62 46 61 6a 79 35 |sBgXtlh4NebFajy5|
|00002310| 30 73 69 6d 6e 30 56 71 34 6e 34 66 34 61 5a 43 |0simn0Vq4n4f4aZC|
|00002320| 4c 75 52 6c 73 35 50 50 63 43 44 6c 4b 57 70 5a |LuRls5PPcCDlKWpZ|
|00002330| 6f 35 73 39 46 7a 32 37 71 62 4f 34 63 38 2f 44 |o5s9Fz27qbO4c8/D|
|00002340| 55 61 45 6d 4b 54 54 45 2f 46 6f 43 62 63 36 6d |UaEmKTTE/FoCbc6m|
|00002350| 78 4d 65 7a 6b 55 4c 44 39 7a 75 31 4b 66 59 6d |xMezkULD9zu1KfYm|
|00002360| 77 7a 2f 2b 43 6f 77 76 5a 64 34 35 6c 44 63 36 |wz/+CowvZd45lDc6|
|00002370| 50 49 74 58 35 4c 41 47 34 4e 36 56 46 61 33 54 |PItX5LAG4N6VFa3T|
|00002380| 42 47 43 41 57 2f 5a 6b 51 58 59 75 78 6a 68 71 |BGCAW/ZkQXYuxjhq|
|00002390| 33 67 49 41 41 4f 54 73 37 61 39 61 73 57 55 56 |3gIAAOTs7a9asWUV|
|000023a0| 58 66 61 58 38 4b 38 43 7a 5a 73 32 53 73 37 4f |XfaX8K8CzZs2Ss7O|
|000023b0| 7a 41 67 49 43 36 72 63 6f 47 33 64 35 39 4a 47 |zAgIC6rcoG3d59JG|
|000023c0| 30 36 78 73 6c 5a 6b 6c 74 50 58 7a 55 6f 37 43 |06xslZkltPXzUo7C|
|000023d0| 37 66 2b 47 66 57 2b 66 43 37 76 38 44 31 66 64 |7f+GfW+fC7v8D1fd|
|000023e0| 68 4f 79 6e 6a 47 2b 33 61 4b 32 6e 67 45 2f 4b |hOynjG+3aK2ngE/K|
|000023f0| 77 79 52 38 59 30 50 52 38 4b 38 58 38 73 62 58 |wyR8Y0PR8K8X8sbX|
|00002400| 53 56 7a 6f 71 66 61 57 6a 59 76 37 59 57 71 62 |SVzoqfaWjYv7YWqb|
|00002410| 6e 57 31 58 79 79 4c 39 43 62 65 58 37 34 52 59 |nW1XyyL9CbeX74RY|
|00002420| 74 6d 7a 46 51 72 73 6b 78 4f 6e 41 75 51 58 4f |tmzFQrskxOnAuQXO|
|00002430| 66 39 35 4b 50 2f 30 79 74 54 72 42 77 61 37 73 |f95KP/0ytTrBwa7s|
|00002440| 52 63 6e 62 4f 33 39 47 46 6a 34 57 73 7a 4c 6c |RcnbO39GFj4WszLl|
|00002450| 7a 35 2b 54 6b 5a 4c 6b 48 5a 64 5a 56 51 2b 36 |z5+TkZLkHZdZVQ+6|
|00002460| 51 6a 61 4d 43 65 68 66 63 42 6c 44 51 2f 58 2b |QjaMCehfcBlDQ/X+|
|00002470| 4b 72 36 4d 75 37 43 6f 39 35 30 4d 4b 65 4c 57 |Kr6Mu7Co950MKeLW|
|00002480| 50 74 48 47 42 4a 69 79 35 70 58 35 42 42 56 66 |PtHGBJiy5pX5BBVf|
|00002490| 6b 4b 35 42 79 49 46 71 37 39 61 43 47 50 50 61 |kK5ByIFq79aCGPPa|
|000024a0| 51 50 48 72 33 6b 49 35 48 4b 66 5a 59 73 52 6c |QPHr3kI5HKfZYsRl|
|000024b0| 2b 71 6b 4b 42 6c 63 36 54 72 62 4a 44 53 6c 6a |+qkKBlc6TrbJDSlj|
|000024c0| 4c 39 6e 35 4a 4f 71 50 55 61 67 2b 44 30 55 72 |L9n5JOqPUag+D0Ur|
|000024d0| 2b 55 32 66 71 4f 58 30 70 30 34 6f 66 4c 50 72 |+U2fqOX0p04ofLPr|
|000024e0| 64 75 73 4f 49 49 4b 31 38 35 62 70 4d 49 39 62 |dusOIIK185bpMI9b|
|000024f0| 57 32 33 67 42 6a 54 55 41 61 4e 42 62 41 4d 36 |W23gBjTUAaNBbAM6|
|00002500| 6e 35 6e 2f 52 37 2b 31 53 2f 67 66 55 79 63 56 |n5n/R7+1S/gfUycV|
|00002510| 46 55 70 77 69 55 38 39 4c 4b 72 69 53 56 7a 67 |FUpwiU89LKriSVzg|
|00002520| 79 66 72 76 79 72 36 59 36 32 4f 65 6e 59 6e 76 |yfrvyr6Y62OenYnv|
|00002530| 54 71 70 62 79 46 4e 59 53 74 38 69 6b 70 78 64 |TqpbyFNYSt8ikpxd|
|00002540| 56 4d 4b 50 74 4e 61 56 58 73 66 59 36 5a 2b 75 |VMKPtNaVXsfY6Z+u|
|00002550| 73 51 61 59 50 46 58 5a 68 73 4a 34 4e 6a 39 54 |sQaYPFXZhsJ4Nj9T|
|00002560| 36 32 4d 6e 79 36 57 38 6e 36 62 79 53 6f 79 54 |62Mny6W8n6bySoyT|
|00002570| 4a 52 55 35 31 32 4d 75 6c 5a 73 66 76 54 6d 32 |JRU512MulZsfvTm2|
|00002580| 75 35 64 62 6d 4a 4e 65 65 6b 71 4a 53 6c 5a 77 |u5dbmJNeekqJSlZw|
|00002590| 6d 39 61 37 4c 6e 6a 71 70 70 78 51 70 53 65 47 |m9a7LnjqppxQpSeG|
|000025a0| 4c 39 58 52 34 52 54 4e 65 55 32 61 57 4a 46 74 |L9XR4RTNeU2aWJFt|
|000025b0| 4a 6a 76 32 31 2f 6c 41 48 2b 63 31 37 58 36 5a |Jjv21/lAH+c17X6Z|
|000025c0| 4e 75 2f 58 65 37 74 31 36 54 35 4c 61 64 64 54 |Nu/Xe7t16T5LaddT|
|000025d0| 4c 70 6a 65 30 4b 4b 44 62 58 66 52 34 4a 68 76 |Lpje0KKDbXfR4Jhv|
|000025e0| 35 54 48 68 64 76 6f 76 6d 4b 33 42 70 74 4d 59 |5THhdvovmK3BptMY|
|000025f0| 74 36 53 38 48 58 56 4c 45 30 6b 69 6c 71 61 76 |t6S8HXVLE0kilqav|
|00002600| 6d 2b 58 65 7a 7a 4f 6a 56 68 66 76 5a 71 30 50 |m+XezzOjVhfvZq0P|
|00002610| 35 74 2b 53 34 75 4b 6d 33 70 4d 6a 34 46 4a 31 |5t+S4uKm3pMj4FJ1|
|00002620| 58 74 38 62 78 66 4f 75 61 6e 42 38 41 55 49 6a |Xt8bxfOuanB8AUIj|
|00002630| 48 41 4e 62 49 79 79 2b 2f 72 41 55 4c 46 6d 6a |HANbIyy+/rAULFmj|
|00002640| 53 70 45 6b 6c 70 72 64 70 30 30 59 7a 5a 73 78 |SpEklprdp00YzZsx|
|00002650| 6f 67 49 6f 4b 78 67 45 34 73 45 30 48 6b 74 37 |ogIoKxgE4sE0Hkt7|
|00002660| 53 45 78 37 2b 57 68 5a 65 34 6c 6b 42 38 67 67 |SEx7+WhZe4lkB8gg|
|00002670| 49 56 33 69 78 58 4f 4c 69 31 6d 33 61 4b 32 6e |IV3ixXOLi1m3aK2n|
|00002680| 67 77 42 36 79 33 41 30 4c 62 64 55 6a 59 49 35 |gwB6y3A0LbdUjYI5|
|00002690| 57 42 31 7a 55 31 6d 6d 76 4b 38 6c 6e 6f 4a 49 |WB1zU1mmvK8lnoJI|
|000026a0| 2b 2f 45 67 66 54 55 71 57 31 6d 37 53 75 45 36 |+/EgfTUqW1m7SuE6|
|000026b0| 56 4c 48 34 74 57 35 63 6b 39 53 6e 64 78 37 38 |VLH4tW5ck9Sndx78|
|000026c0| 79 56 56 34 75 53 78 6c 5a 6b 75 53 71 4b 6a 34 |yVV4uSxlZkuSqKj4|
|000026d0| 78 73 63 6f 36 64 63 70 2f 63 7a 45 78 4d 66 4c |xsco6dcp/czExMfL|
|000026e0| 78 38 61 6c 77 33 6f 79 4d 44 43 55 6b 4a 42 51 |x8alw3oyMDCUkJBQ|
|000026f0| 74 30 37 67 39 4b 4f 2b 52 44 32 72 71 78 75 2f |t07g9KO+RD2rqxu/|
|00002700| 30 58 66 73 66 74 66 54 2b 5a 37 54 4e 73 36 58 |0XfsftfT+Z7TNs6X|
|00002710| 69 7a 63 7a 70 34 44 74 57 63 37 73 65 55 50 44 |izczp4DtWc7seUPD|
|00002720| 78 5a 78 51 34 76 4c 49 76 78 32 6d 4b 33 58 4a |xZxQ4vLIvx2mK3XJ|
|00002730| 43 36 6a 70 65 48 75 30 6c 52 2f 57 52 74 78 49 |C6jpeHu0lR/WRtxI|
|00002740| 55 66 75 42 66 6d 74 72 74 6f 66 78 5a 37 71 39 |UfuBfmtrtofxZ7q9|
|00002750| 43 65 5a 58 4f 59 32 33 6d 79 52 6a 5a 79 76 78 |CeZXOY23myRjZyvx|
|00002760| 4a 6b 74 72 4c 70 56 30 56 74 6c 46 61 75 37 34 |JktrLpV0VtlFau74|
|00002770| 79 42 55 58 6f 6b 5a 6e 4c 74 66 53 56 35 70 4b |yBUXokZnLtfSV5pK|
|00002780| 71 45 70 42 56 4c 69 56 79 6e 69 61 73 61 43 6c |qEpBVLiVyniasaCl|
|00002790| 54 35 46 6a 31 74 4d 67 61 37 31 34 4e 47 67 41 |T5Fj1tMga714NGgA|
|000027a0| 55 4e 67 34 50 46 6d 2f 63 6c 33 4c 2b 51 6e 34 |UNg4PFm/cl3L+Qn4|
|000027b0| 6a 63 34 53 35 52 75 61 56 38 67 65 58 79 4d 7a |jc4S5RuaV8geXyMz|
|000027c0| 4b 66 36 32 76 59 36 74 71 31 65 4b 37 59 4a 58 |Kf62vY6tq1eK7YJX|
|000027d0| 57 2b 31 66 51 39 43 6a 38 6f 31 75 46 32 69 30 |W+1fQ9Cj8o1uF2i0|
|000027e0| 6a 53 2b 6d 5a 35 66 55 6d 6b 49 71 75 36 6f 62 |jS+mZ5fUmkIqu6ob|
|000027f0| 48 36 58 7a 52 2f 6e 43 53 36 78 42 4a 55 61 6e |H6XzR/nCS6xBJUan|
|00002800| 35 76 51 6e 71 71 41 46 64 73 2b 4e 58 6c 64 72 |5vQnqqAFds+NXldr|
|00002810| 4f 4b 2f 6d 51 56 48 46 49 59 43 45 46 54 31 6d |OK/mQVHFIYCEFT1m|
|00002820| 49 6e 44 4a 48 50 77 64 35 6c 6a 2b 66 6a 56 33 |InDJHPwd5lj+fjV3|
|00002830| 4a 59 32 44 76 70 74 46 7a 6c 32 76 30 58 43 6b |JY2DvptFzl2v0XCk|
|00002840| 7a 4c 55 56 48 34 2f 64 72 58 6e 43 59 31 6b 79 |zLUVH4/drXnCY1ky|
|00002850| 64 70 42 4e 58 56 75 6e 67 6c 4b 70 33 6d 32 39 |dpBNXVunglKp3m29|
|00002860| 77 4c 76 30 30 66 66 78 69 37 56 79 31 51 52 46 |wLv00ffxi7Vy1QRF|
|00002870| 42 2f 54 58 75 79 6e 62 4e 69 35 49 63 70 30 7a |B/TXuynbNi5Icp0z|
|00002880| 51 61 4c 4e 58 36 32 75 79 6a 59 4c 39 6e 48 69 |QaLNX62uyjYL9nHi|
|00002890| 75 2f 4d 62 39 68 52 51 64 6c 43 6f 4f 43 65 70 |u/Mb9hRQdlCoOCep|
|000028a0| 62 54 63 38 50 41 43 6a 41 59 77 43 72 37 75 54 |bTc8PACjAYwCr7uT|
|000028b0| 4a 6b 31 71 77 59 49 45 53 45 68 4c 55 71 6c 55 |Jk1qwYIESEhLUqlU|
|000028c0| 72 75 62 75 37 79 38 72 4b 53 73 32 62 4e 31 64 |rubu7y8rKSs2bN1d|
|000028d0| 32 64 72 59 79 4d 6a 4c 30 7a 6a 76 76 36 42 2f |2drYyMjL0zjvv6B/|
|000028e0| 2f 2b 49 64 43 51 6b 4c 71 74 59 48 6e 36 74 35 |/+IdCQkLqtYHn6t5|
|000028f0| 48 31 6b 72 53 70 6c 6b 42 53 71 6a 43 31 37 36 |H1krSplkBSqjC176|
|00002900| 73 73 30 6d 53 42 6d 70 67 6a 37 6f 61 72 36 43 |ss0mSBmpgj7oar6C|
|00002910| 4e 33 50 75 4f 30 32 76 4f 5a 2f 58 72 31 7a 63 |N3PuO02vOZ/Xr1zc|
|00002920| 72 49 65 6d 69 78 6e 58 4b 62 33 55 37 50 39 78 |rIemixnXKb3U7P9x|
|00002930| 48 55 6f 4b 53 7a 6b 6e 46 62 39 4c 50 4f 6e 74 |HUoKSzknFb9LPOnt|
|00002940| 53 53 5a 4b 65 61 32 4f 2b 70 69 6f 76 31 39 5a |SSZKea2O+piov19Z|
|00002950| 56 37 74 62 53 67 65 52 6b 58 5a 52 48 73 56 6e |V7tbSgeRkXZRHsVn|
|00002960| 50 36 64 7a 33 6b 74 78 64 4c 52 68 36 33 50 47 |P6dz3ktxdLRh63PG|
|00002970| 37 33 2f 31 4f 66 2f 2f 37 33 7a 56 30 36 4e 41 |73/1Of//73zV06NA|
|00002980| 4b 48 77 4f 35 62 4e 6b 79 6e 54 74 33 54 69 45 |KHwO5bNkynTt3TiE|
|00002990| 68 49 52 62 62 64 70 4d 6d 54 65 72 73 61 6d 36 |hIRbbdpMmTersam6|
|000029a0| 48 50 73 2b 6f 33 38 77 76 46 62 7a 67 52 37 55 |HPs+o38wvFbzgR7U|
|000029b0| 62 2b 5a 35 36 32 73 70 73 41 43 44 39 55 6f 36 |b+Z562spsACD9Uo6|
|000029c0| 2f 6b 6e 54 63 57 72 61 56 2f 56 49 35 45 36 2f |/knTcWraV/VI5E6/|
|000029d0| 77 76 5a 4b 30 53 6b 2b 32 4c 7a 61 59 31 4a 4a |wvZK0Sk+2LzaY1JJ|
|000029e0| 6f 48 66 72 74 51 2b 71 70 39 76 4c 77 6c 62 54 |oHfrtQ+qp9vLwlbT|
|000029f0| 7a 68 4a 49 79 42 38 6a 52 56 70 4c 4f 61 4f 33 |zhJIyB8jRVpLOaO3|
|00002a00| 49 69 5a 71 71 31 2f 54 64 78 69 48 71 55 4a 56 |IiZqq1/TdxiHqUJV|
|00002a10| 35 32 6e 56 57 2f 37 37 53 35 69 32 4a 2b 75 37 |52nVW/77S5i2J+u7|
|00002a20| 56 4c 67 57 33 41 5a 78 52 34 67 46 4a 41 78 39 |VLgW3AZxR4gFJAx9|
|00002a30| 55 2f 74 64 49 61 39 6d 58 44 67 4b 75 2f 46 7a |U/tdIa9mXDgKu/Fz|
|00002a40| 4f 51 48 38 46 2b 32 54 34 52 4a 6c 57 7a 4a 42 |OQH8F+2T4RJlWzJB|
|00002a50| 70 68 53 54 56 2f 70 61 66 6c 4a 31 2f 30 74 44 |phSTV/paflJ1/0tD|
|00002a60| 58 30 6a 54 6b 6b 37 38 6f 38 4c 47 71 74 51 30 |X0jTkk78o8LGqtQ0|
|00002a70| 74 6f 54 45 2b 41 6c 42 71 36 46 73 41 33 44 30 |toTE+AlBq6FsA3D0|
|00002a80| 31 53 56 4c 61 35 75 68 79 52 75 79 2f 70 4a 6a |1SVLa5uhyRuy/pJj|
|00002a90| 77 4f 45 6c 4f 38 6e 45 33 38 39 73 32 50 4c 70 |wOElO8nE389s2PLp|
|00002aa0| 59 74 2f 65 53 79 30 55 73 6a 5a 52 6b 72 55 46 |Yt/eSy0UsjZRkrUF|
|00002ab0| 75 35 72 75 5a 6c 31 66 4c 7a 71 68 6a 53 69 2b |u5ruZl1fLzqhjSi+|
|00002ac0| 34 56 39 76 73 6a 32 33 4a 2b 63 75 76 33 52 49 |4V9vsj23J+cuv3RI|
|00002ad0| 75 4b 57 4a 43 50 2f 33 53 61 61 4a 57 56 33 41 |uKWJCP/3SaaJWV3A|
|00002ae0| 54 54 66 71 56 30 6f 38 63 62 4b 50 4f 33 6b 36 |TTfqV0o8cbKPO3k6|
|00002af0| 53 34 72 51 36 74 67 35 48 30 36 2f 52 38 61 75 |S4rQ6tg5H06/R8au|
|00002b00| 38 74 73 78 44 30 66 6d 33 65 49 7a 33 56 4f 66 |8tsxD0fm3eIz3VOf|
|00002b10| 43 69 62 5a 74 39 4b 67 6b 58 63 69 77 62 46 64 |CibZt9KgkXciwbFd|
|00002b20| 37 52 7a 66 35 65 45 6a 61 46 4b 65 6a 4e 6c 55 |7Rzf5eEjaFKejNlU|
|00002b30| 34 37 6d 62 59 4f 6e 5a 51 37 79 45 76 4b 6d 4b |47mbYOnZQ7yEvKmK|
|00002b40| 2f 53 53 39 4c 69 6f 73 39 64 5a 64 31 7a 62 54 |/SS9Lios9dZd1zbT|
|00002b50| 54 6f 41 6b 54 39 4b 69 4f 4b 32 68 6c 74 43 4c |ToAkT9KiOK2hltCL|
|00002b60| 43 56 2b 70 62 75 53 67 6f 6f 4c 66 64 62 5a 79 |CV+pbuSgooLfdbZy|
|00002b70| 7a 41 41 41 67 41 45 6c 45 51 56 54 6c 76 72 51 |zAAAgAElEQVTlvrQ|
|00002b80| 57 37 75 66 4e 32 38 32 4d 63 53 46 4a 57 54 6f |W7ufN282McSFJWTo|
|00002b90| 59 76 56 74 70 6b 69 5a 35 57 43 70 31 73 41 41 |YvVtpkiZ5WCp1sAA|
|00002ba0| 4c 6e 42 38 41 67 4d 71 64 50 48 6c 53 6b 79 5a |LnB8AgMqdPHlSkyZ|
|00002bb0| 4e 30 73 6d 54 4a 78 55 53 45 71 4b 59 6d 42 69 |N0smTJxUSEqKYmBi|
|00002bc0| 74 57 37 64 4f 34 65 48 68 57 72 4e 6d 6a 64 61 |tW7dO4eHhWrNmjda|
|00002bd0| 74 57 36 64 74 32 37 59 70 4a 43 52 45 56 36 39 |tW6dt27YpJCREV69|
|00002be0| 65 4c 5a 71 33 33 72 6a 37 61 45 77 48 4b 66 74 |eLZq33rj7aEwHKft|
|00002bf0| 53 6b 70 4b 53 4b 76 39 4a 75 53 61 31 47 6a 70 |SkpKSKv9JuSa1Gjp|
|00002c00| 51 46 6d 76 2f 58 39 79 71 61 56 35 65 38 70 71 |QFmv/X9yqaV5e8pq|
|00002c10| 32 56 53 55 37 2f 4f 64 66 2f 4c 47 7a 4b 7a 59 |2VSU7/Odf/LGzKzY|
|00002c20| 61 76 34 65 50 48 6c 61 32 4e 6d 33 39 52 6e 64 |av4ePHla2Nm39Rnd|
|00002c30| 47 31 54 6d 72 58 65 73 32 53 78 71 6f 4a 34 70 |G1TmrXes2SxqoJ4p|
|00002c40| 47 37 73 39 53 52 6b 5a 57 44 5a 5a 7a 31 78 4e |G7s9SRkZWDZZz1xN|
|00002c50| 44 72 61 55 44 6d 37 53 72 32 41 41 34 57 51 6d |DraUDm7Sr2AA4WQm|
|00002c60| 62 74 44 70 4a 63 68 37 34 73 4e 6c 62 34 47 70 |btDpJch74sNlb4Gp|
|00002c70| 72 30 71 52 4a 63 6e 4e 7a 30 36 78 5a 73 78 51 |r0qRJcnNz06xZsxQ|
|00002c80| 54 45 31 50 6d 39 59 79 4d 44 49 57 47 68 6d 72 |TE1Pm9YyMDIWGhmr|
|00002c90| 64 75 6e 56 79 64 58 57 74 4d 43 53 6f 4c 69 75 |dunVydXWtMCSoLiu|
|00002ca0| 72 53 67 5a 6e 72 49 33 32 58 76 4c 76 2b 36 4e |rSgZnrI32XvLv+6N|
|00002cb0| 69 44 7a 5a 58 67 45 39 6e 69 33 7a 33 2b 6d 37 |iDzZXgE9ni3z3+m7|
|00002cc0| 6e 42 73 57 71 6e 61 5a 38 56 44 68 4b 2f 6e 74 |nBsWqnaZ8VDhK/nt|
|00002cd0| 61 47 39 52 5a 2b 69 6c 4b 32 77 35 6b 53 32 6f |aG9RZ+ilK2w5kS2o|
|00002ce0| 6c 37 78 64 48 79 75 75 6e 4c 7a 58 31 31 51 33 |l7xdHyuunLzX11Q3|
|00002cf0| 61 64 69 42 65 6d 2b 59 75 6b 4f 6d 67 4e 4f 54 |adiBem+YukOmgNOT|
|00002d00| 46 50 67 56 6a 41 46 52 6c 48 6b 66 35 76 2f 71 |FPgVjAFRlHkf5v/q|
|00002d10| 4d 32 68 31 66 70 63 41 5a 58 32 6a 62 67 62 31 |M2h1fpcAZX2jbgb1|
|00002d20| 61 38 73 71 62 43 6a 37 2b 4b 35 6c 65 37 56 74 |a8sqbCj7+K5le7Vt|
|00002d30| 77 6e 61 2b 56 76 48 79 66 55 6a 74 46 4b 43 67 |wna+VvHyfUjtFKCg|
|00002d40| 34 53 74 45 48 34 72 56 32 33 69 71 74 55 6a 75 |4StEH4rV23iqtUju|
|00002d50| 5a 2b 6a 78 6b 2f 67 33 59 64 74 45 55 30 7a 4f |Z+jxk/g3YdtEU0zO|
|00002d60| 71 53 51 65 43 73 73 35 6f 39 39 2b 2b 6b 2f 66 |qSQeCss5o99++k/f|
|00002d70| 48 39 54 73 41 6f 46 54 48 35 30 30 74 4e 47 77 |H9TsAoFTH500tNGw|
|00002d80| 41 59 4e 39 4c 6b 77 73 66 63 54 63 31 6f 74 53 |AYN9LkwsfcTc1otS|
|00002d90| 7a 36 54 4e 30 63 4f 46 4d 54 59 2b 53 48 4a 2b |z6TN0cOFMTY+SHJ+|
|00002da0| 62 72 4e 48 6d 52 6f 4f 2f 45 4b 6e 52 46 53 77 |brNHmRoO/EKnRFSw|
|00002db0| 6e 72 77 6b 61 56 4e 55 2b 48 6f 57 31 37 4a 36 |nrwkaVNU+HoW17J6|
|00002dc0| 76 30 61 61 44 5a 52 70 77 36 59 6c 66 61 6c 48 |v0aaDZRpw6YlfalH|
|00002dd0| 34 6b 54 76 33 37 46 5a 53 2b 39 48 77 39 7a 55 |4kTv37FZS+9Hw9zU|
|00002de0| 76 4b 71 57 57 6a 64 55 32 36 75 33 66 53 34 34 |vKqWWjdU26u3fS44|
|00002df0| 36 72 76 45 54 33 6a 58 37 6a 50 4c 7a 30 52 39 |6rvET3jX7jPLz0R9|
|00002e00| 6f 38 72 7a 54 6b 72 72 4b 72 2b 65 64 6b 4b 54 |o8rzTkrrKr+edkKT|
|00002e10| 37 63 35 4d 4c 37 6c 4f 66 71 61 44 6f 55 67 46 |7c5ML7lOfqaDoUgF|
|00002e20| 42 36 6b 48 4e 43 2f 35 55 42 79 73 59 52 4b 35 |B6kHNC/5UBysYRK5|
|00002e30| 4b 61 6e 6a 38 4b 71 37 74 53 30 31 2b 5a 61 4f |Kanj8Kq7tS01+ZaO|
|00002e40| 2b 6c 59 76 6d 54 75 68 31 70 34 75 6a 69 34 74 |+lYvmTuh1p4uji4t|
|00002e50| 36 53 31 4a 73 6e 49 35 61 4e 41 46 77 30 2b 69 |6S1JsnI5aNAFw0+i|
|00002e60| 67 58 6e 49 30 65 79 35 4a 53 6a 32 6f 73 42 4c |gXnI0ey5JSj2osBL|
|00002e70| 50 59 30 39 52 57 48 39 76 57 66 56 2f 58 7a 74 |PY09RWH9vWfV/Xzt|
|00002e80| 4b 6a 64 57 51 6d 58 51 73 2f 33 46 36 4e 73 57 |KjdWQmXQs/3F6NsW|
|00002e90| 37 4b 72 57 53 6b 35 75 31 70 44 69 74 33 6e 79 |7KrWSk5u1pDit3ny|
|00002ea0| 73 38 64 37 7a 37 54 46 43 70 67 41 70 62 5a 46 |s8d7z7TFCpgApbZF|
|00002eb0| 4a 7a 79 37 4e 6c 67 49 6d 61 4a 78 46 6e 38 42 |Jzy7NlgImaJxFn8B|
|00002ec0| 51 73 4a 38 56 70 7a 45 54 79 75 36 37 35 45 30 |QsJ8VpzETyu675E0|
|00002ed0| 6d 6a 5a 35 39 58 76 49 61 71 38 6e 65 39 54 75 |mjZ59XvIaq8ne9Tu|
|00002ee0| 36 63 38 57 71 65 33 37 55 67 72 32 7a 4f 72 65 |6c8Wqe37Ugr2zOre|
|00002ef0| 54 46 42 57 68 39 59 6c 6d 42 6b 49 45 67 48 75 |TFBWh9YlmBkIEgHu|
|00002f00| 59 79 57 52 53 71 31 61 74 74 48 58 72 56 67 30 |YyWRSq1attHXrVg0|
|00002f10| 62 4e 71 7a 63 2b 59 59 4e 47 36 5a 31 36 39 62 |bNqzc+YYNG6Z169b|
|00002f20| 4a 32 64 6c 5a 73 32 66 50 72 72 38 43 62 54 77 |J2dlZs2fPrr8CbTw|
|00002f30| 30 62 56 4f 38 34 75 4f 72 2f 68 4e 6a 38 72 48 |0bVO84uOr/hNj8rH|
|00002f40| 63 6c 66 44 43 51 51 41 50 7a 4e 57 73 30 47 31 |clfDCQQAPzNWs0G1|
|00002f50| 4b 76 48 52 4a 69 64 74 43 4e 57 6e 57 4e 71 6e |KvHRJidtCNWnWNqn|
|00002f60| 44 47 49 33 70 55 32 78 4c 44 77 7a 56 7a 44 45 |DGI3pU2xLDwzVzDE|
|00002f70| 64 6c 4c 33 35 64 66 6e 36 42 69 67 67 49 45 41 |dlL35dfn6BiggIEA|
|00002f80| 42 76 73 39 72 39 67 47 70 77 32 73 76 71 2f 42 |Bvs9r9gGpw2svq/B|
|00002f90| 42 42 73 6e 68 41 58 72 36 36 61 63 4c 42 69 32 |BBsnhAXr66acLBi2|
|00002fa0| 73 2b 6e 4b 53 6a 58 71 4d 43 31 59 66 36 2b 2b |s+nKSjXqMC1Yf6++|
|00002fb0| 31 34 48 6b 66 2b 51 63 45 4b 43 44 41 58 37 36 |14Hkf+QcEKCDAX76|
|00002fc0| 54 31 75 6d 63 39 55 44 4e 39 4b 2b 37 6e 68 6d |T1umc9UDN9K+7nhm|
|00002fd0| 68 6f 61 46 79 64 33 66 58 72 46 6d 7a 46 42 41 |hoaFyd3fXrFmzFBA|
|00002fe0| 51 6f 4e 44 51 55 43 31 66 76 6c 77 6d 6b 30 6b |QoNDQUC1fvlwmk0k|
|00002ff0| 42 41 51 46 61 74 32 36 64 48 6e 7a 77 51 53 55 |BAQFat26dHnzwQSU|
|00003000| 6e 4a 38 74 6b 4d 6c 6c 73 75 30 33 71 74 43 48 |nJ8tkMllsu03qtCH|
|00003010| 6e 4b 4f 2f 68 6e 61 58 37 42 36 69 2f 70 79 57 |nKO/hnaX7B6i/pyW|
|00003020| 36 75 2f 39 4c 73 52 73 76 53 46 32 48 4b 47 44 |6u/9LsRsvSF2HKGD|
|00003030| 45 49 33 71 79 54 2f 37 50 30 4f 48 39 31 55 2b |EI3qyT/7P0OH91U+|
|00003040| 33 46 42 35 7a 51 70 6d 53 62 4c 74 4e 30 4b 62 |3FB5zQpmSbLtN0Kb|
|00003050| 49 38 66 4c 2b 61 59 50 47 6a 76 71 44 67 6e 5a |I8fL+aYPGjvqDgnZ|
|00003060| 4b 2f 68 38 74 31 38 6f 52 64 77 59 58 72 4e 49 |K/h8t18oRdwYXrNI|
|00003070| 38 66 61 62 70 55 4f 52 34 75 5a 39 65 71 37 47 |8fabpUOR4uZ9eq7G|
|00003080| 6a 35 6d 6e 70 54 34 39 6f 62 75 52 37 43 6e 7a |j5mnpT49obuR7Cnz|
|00003090| 73 7a 6e 74 78 38 4a 6d 70 71 49 2b 65 6b 66 32 |szntx8JmpqI+ekf2|
|000030a0| 42 5a 66 49 66 39 51 65 5a 44 6a 6a 4b 74 4f 47 |BZfIf9QeZDjjKtOG|
|000030b0| 76 4a 65 59 70 7a 62 62 50 57 4d 30 62 61 49 48 |vJeYpzbbPWM0baIH|
|000030c0| 64 6f 66 61 61 73 4f 56 7a 4c 66 57 74 33 38 61 |dofaasOVzLfWt38a|
|000030d0| 2f 56 4e 66 6e 54 63 30 31 38 47 4d 41 62 64 52 |/VNfnTc018GMAbdR|
|000030e0| 39 79 6c 79 74 53 68 79 76 38 5a 76 6e 71 30 76 |9ylytShyv8Zvnq0v|
|000030f0| 73 53 76 56 31 7a 7a 2b 68 4d 6c 4e 50 4b 79 35 |sSvV1zz+hMlNPKy5|
|00003100| 56 2b 59 2f 71 57 6c 6a 4f 6f 2f 79 47 44 4a 5a |V+Y/qWljOo/yGDJZ|
|00003110| 66 36 6e 78 31 36 52 43 6d 58 74 35 4f 73 69 32 |f6nx16RCmXt5Osi2|
|00003120| 2b 58 4c 74 65 57 72 66 53 7a 4f 50 45 4b 71 6f |+XLteWrfSzOPEKqo|
|00003130| 6c 4d 46 52 66 6e 42 71 76 5a 78 66 4e 6b 6e 4e |lMFRfnBqvZxfNknN|
|00003140| 34 61 2f 6b 4f 36 61 64 42 39 70 63 56 45 78 75 |4a/kO6adB9pcVExu|
|00003150| 6e 79 50 68 72 55 72 76 42 36 6a 7a 45 73 32 42 |nyPhrUrvB6jzEs2B|
|00003160| 51 74 50 7a 35 31 79 57 4f 31 5a 68 79 61 6e 64 |QtPz51yWO1Zhyand|
|00003170| 38 7a 6c 50 6a 68 74 53 75 4f 37 50 54 45 4a 4d |8zlPjhtSuO7PTEJM|
|00003180| 69 51 71 62 4a 62 2f 5a 32 6a 58 6c 38 75 36 61 |iQqbJb/Z2jXl8u6a|
|00003190| 37 64 56 52 76 62 30 2b 35 5a 68 33 52 30 55 4f |7dVRvb0+5Zh3R0UO|
|000031a0| 70 32 6e 73 71 50 38 56 37 65 65 31 73 6a 53 74 |p2nsqP8V7ee1sjSt|
|000031b0| 2b 34 64 53 78 76 31 61 76 50 61 62 6b 41 52 76 |+4dSxv1avPabkARv|
|000031c0| 31 33 76 4d 6a 74 4e 36 72 6f 31 78 74 4a 65 6d |13vMjtN6ro1xtJem|
|000031d0| 79 54 73 52 65 56 70 70 63 4e 44 64 67 70 48 70 |yTsReVppcNDdgpHp|
|000031e0| 37 31 47 61 6b 38 52 6f 65 50 38 66 2b 43 6c 74 |71Gak8RoeP8f+Clt|
|000031f0| 35 52 4d 6c 44 49 38 75 70 7a 56 6f 76 4c 4a 6d |5RMlDI8upzVovLJm|
|00003200| 72 36 63 56 72 73 2b 2b 6c 30 56 4f 73 74 57 7a |r6cVrs++l0VOstWz|
|00003210| 70 52 76 56 78 32 69 68 35 6a 64 57 52 62 56 50 |pRvVx2ih5jdWRbVP|
|00003220| 55 33 51 49 78 71 64 4f 51 4f 59 6f 49 6d 53 53 |U3QIxqdOQOYoImSS|
|00003230| 2f 32 66 50 56 5a 58 4f 59 65 67 58 30 30 32 67 |/2fPVZXOYegX002g|
|00003240| 50 36 57 6a 55 66 75 30 6f 32 46 64 4c 76 66 75 |P6WjUfu0o2FdLvfu|
|00003250| 72 73 37 73 6b 74 5a 4b 54 69 37 57 30 4f 56 4b |rs7sktZKTi7W0OVK|
|00003260| 44 4f 30 57 71 67 37 6e 39 4f 75 58 4a 59 75 2f |DO0Wqg7n9OuXJYu/|
|00003270| 58 52 6a 34 54 5a 75 6d 46 38 44 6e 36 4c 48 69 |XRj4TZumF8Dn6LHi|
|00003280| 53 66 68 6d 73 61 74 55 65 2b 63 6f 49 57 62 31 |SfhmsatUe+coIWb1|
|00003290| 53 77 51 7a 74 57 75 76 33 53 39 5a 71 55 66 2f |SwQztWuv3S9ZqUf/|
|000032a0| 61 66 73 57 77 30 36 44 78 49 2f 56 6f 2b 45 5a |afsWw06DxI/Vo+EZ|
|000032b0| 39 4b 79 63 74 6e 4e 4c 66 34 76 65 58 4f 67 31 |9KyctnNLf4veXOg1|
|000032c0| 35 53 2b 75 6e 54 39 50 54 69 79 49 31 75 4e 50 |5S+unT9PTiyI1uNP|
|000032d0| 75 6f 73 2b 73 30 67 72 4f 34 33 61 39 74 47 72 |uos+s0grO43a9tGr|
|000032e0| 4a 42 49 73 63 55 30 75 71 33 76 6c 52 43 37 61 |JBIscU0uq3vlRC7a|
|000032f0| 65 6d 6a 79 33 6c 31 61 2f 45 71 66 41 4a 77 63 |emjy3l1a/EqfAJwc|
|00003300| 72 55 46 4b 76 6b 47 57 4b 43 62 54 51 4f 41 77 |rUFKvkGWKCbTQOAw|
|00003310| 41 30 45 68 6c 5a 47 54 6f 31 4b 6c 54 6d 6a 46 |A0EhlZGTo1KlTmjF|
|00003320| 6a 52 70 56 47 65 62 65 7a 73 39 4f 77 59 63 4f |jRpVGebezs9OwYcO|
|00003330| 30 59 4d 45 43 5a 57 52 6b 31 4f 39 6a 41 62 4f |0YMECZWRk1O9jAbO|
|00003340| 53 74 58 50 54 56 69 58 5a 50 4b 45 78 2f 6a 31 |StXPTViXZPKEx/j1|
|00003350| 4b 50 67 59 76 34 36 52 32 62 74 31 6c 2f 72 56 |KPgYv46R2bt1l/rV|
|00003360| 61 61 79 76 66 2b 65 48 4b 44 6a 58 70 6f 30 30 |aayvf+eHKDjXpo00|
|00003370| 66 36 66 74 73 53 55 6e 4a 61 74 50 6e 4e 53 30 |f6ftsSUnJatPnNS0|
|00003380| 4c 47 61 65 53 58 2b 64 73 35 44 46 7a 6d 5a 59 |LGaeSX+ds5DFzmZY|
|00003390| 35 4c 39 43 48 61 32 4c 30 66 56 4b 32 57 6e 58 |5L9CHa2L0fVK2WnX|
|000033a0| 6f 6f 65 64 65 6d 36 46 70 77 7a 71 56 6d 4b 39 |ooedem6FpwzqVmK9|
|000033b0| 6b 38 36 75 71 79 30 6c 36 59 4a 6a 6d 68 31 76 |k86uqy0l6YJjmh1v|
|000033c0| 72 6f 77 2b 58 61 2b 76 65 4a 46 32 7a 62 69 50 |row+Xa+veJF2zbiP|
|000033d0| 33 76 71 39 70 5a 76 41 34 79 2f 56 36 4d 4f 4f |3vq9pZvA4y/V6MOO|
|000033e0| 42 42 78 37 51 38 75 58 4c 74 58 58 72 31 71 4b |BBx7Q8uXLtXXr1qK|
|000033f0| 66 61 39 65 75 79 63 6e 4a 53 5a 30 36 64 56 4a |fa9euycnJSZ06dVJ|
|00003400| 49 53 49 69 38 76 4c 78 6b 4d 70 6d 4b 48 67 4e |ISIi8vLxkMpmKHgN|
|00003410| 6f 69 53 43 67 53 64 4f 6d 55 6b 35 4f 72 64 64 |oiSCgSdOmUk5Ordd|
|00003420| 54 70 4e 30 41 68 5a 38 5a 55 50 54 66 44 71 4d |TpN0AhZ8ZUPTfDqM|
|00003430| 57 36 73 71 6f 77 76 39 31 55 65 43 5a 37 51 6f |W6sqowv91UeCZ7Qo|
|00003440| 73 73 31 42 72 2b 61 2f 59 4c 76 38 79 30 30 74 |ss1Br+a/YLv8y00t|
|00003450| 37 53 46 4e 33 62 74 66 55 30 70 50 62 44 39 48 |7SFN3btfU0pPbD9H|
|00003460| 6d 4d 30 4e 4b 54 48 4a 34 62 4a 53 57 62 68 6d |mM0NKTHJ4bJSWbhm|
|00003470| 6c 70 52 57 73 7a 54 4c 7a 57 4d 74 39 78 44 52 |lpRWszTLzWMt9xDR|
|00003480| 74 48 6a 47 74 33 44 6c 36 76 72 70 64 56 31 34 |tHjGt3Dl6vrpdV14|
|00003490| 74 50 71 57 43 39 2f 76 59 4a 46 30 35 4d 38 6e |tPqWC9/vYJF05M8n|
|000034a0| 63 4b 34 31 4b 30 36 5a 4e 47 37 6f 45 73 2b 6f |cK41K06ZNG7oEs+o|
|000034b0| 6c 41 48 44 79 36 4b 57 2b 37 59 37 4a 31 64 31 |lAHDy6KW+7Y7J1d1|
|000034c0| 4d 55 39 69 32 67 38 61 74 6a 46 52 76 2f 35 55 |MU9i2g8atjFRv/5U|
|000034d0| 79 6d 53 4c 31 57 65 7a 6c 2f 4f 6b 75 58 54 56 |ymSL1Wezl/OkuXTV|
|000034e0| 70 77 52 53 5a 4a 6e 69 57 33 34 44 32 38 6c 50 |pwRSZJniW34D28lP|
|000034f0| 59 68 46 45 61 74 44 4a 4d 51 55 76 6a 64 50 4b |YhFEatDJMQUvjdPK|
|00003500| 43 70 48 61 74 35 54 74 6c 73 68 59 46 50 56 50 |CpHat5TtlshYFPVP|
|00003510| 71 73 58 52 56 71 45 58 4f 38 6c 75 79 55 54 38 |qsXRVqEXO8luyUT8|
|00003520| 4d 57 61 6c 35 43 37 64 72 7a 61 71 4e 32 69 6c |MWal5C7drzaqN2il|
|00003530| 4a 4c 69 35 36 4f 57 53 57 67 69 62 30 4c 37 56 |JLi56OWSWgib0L7V|
|00003540| 4f 5a 34 31 65 47 61 6e 75 2f 67 58 7a 78 35 36 |OZ41eGanu/gXzx56|
|00003550| 57 4a 44 6d 36 6d 61 76 64 57 67 34 75 72 53 51 |WJDm6mavdWg4urSQ|
|00003560| 58 46 37 6d 57 4d 36 71 36 71 33 73 76 4f 62 61 |XF7mWM6q6q3svOba|
|00003570| 37 56 4f 72 5a 33 33 62 71 48 62 68 61 52 37 30 |7VOrZ33bqHbhaR70|
|00003580| 6a 4e 47 2f 65 53 71 33 66 66 56 71 52 70 30 34 |jNG/eSq3ffVqRp04|
|00003590| 58 72 62 50 54 63 79 4d 31 4c 32 69 43 2f 4e 7a |XrbPTcyM1L2iC/Nz|
|000035a0| 4c 2f 72 61 31 37 66 6c 37 48 54 7a 35 6c 4d 4c |L/ra17fl7HTz5lML|
|000035b0| 6d 4c 64 57 69 71 4f 50 61 65 30 47 53 57 71 6c |mLdWiqOPae0GSWql|
|000035c0| 58 77 45 69 46 54 5a 38 67 50 2f 66 69 44 57 78 |XwEiFTZ8gP/fiDWx|
|000035d0| 6e 39 57 31 6e 4c 51 65 58 63 68 34 70 59 74 39 |n9W1nLQeXch4pYt9|
|000035e0| 42 76 62 32 6b 6f 79 36 74 53 7a 5a 47 61 6e 6a |Bvb2koy6tSzZGanj|
|000035f0| 38 48 4c 7a 66 30 4d 47 54 2f 52 55 32 62 36 6e |8HLzf0MGT/RU2b6n|
|00003600| 6d 72 54 71 75 76 63 58 65 54 35 6a 5a 39 32 4d |mrTquvcXeT5jZ92M|
|00003610| 6a 6e 35 42 56 57 71 64 33 46 62 54 30 75 44 4a |jn5BVWqd3FbT0uDJ|
|00003620| 74 32 31 52 76 77 44 58 48 62 68 72 6b 62 61 32 |t21RvwDXHbhrkba2|
|00003630| 6a 4c 74 33 4d 64 45 75 7a 79 64 2f 48 50 54 66 |jLt3MdEuzyd/HPTf|
|00003640| 49 74 50 42 54 52 59 52 48 35 76 2f 53 62 64 64 |ItPBTRYRH5v/Sbdd|
|00003650| 61 76 75 4e 66 56 31 44 51 71 47 4b 50 6d 6d 77 |avuNfV1DQqGKPmmw|
|00003660| 6a 76 35 57 52 2b 74 2b 41 37 5a 71 33 39 46 4e |jv5WR+t+A7Zq39FN|
|00003670| 46 37 44 35 39 70 2f 5a 2b 2f 57 51 4b 65 6c 32 |F7D59p/Z+/WQKel2|
|00003680| 54 65 35 59 4b 56 56 79 65 30 65 70 74 6b 6c 4e |Te5YKVVye0eptklN|
|00003690| 77 6d 4e 62 76 76 69 7a 5a 56 76 36 58 30 63 47 |wmNbvvizZVv6X0cG|
|000036a0| 39 6f 33 6f 70 54 6e 47 56 7a 56 68 38 78 48 70 |9o3opTnGVzVh8xHp|
|000036b0| 4a 44 76 59 64 35 64 6a 4f 72 74 79 78 45 2f 4c |JDvYd5djOrtyxE/L|
|000036c0| 58 65 30 79 75 39 6d 55 54 56 39 75 65 4c 38 6f |Xe0yu9mUTV9ueL8o|
|000036d0| 55 73 46 33 54 56 55 36 50 6d 77 71 57 72 32 79 |UsF3TVU6PmwqWr2y|
|000036e0| 37 2b 64 72 49 78 78 53 75 63 2f 30 33 79 4c 52 |7+drIxxSuc/03yLR|
|000036f0| 77 70 5a 62 74 4c 6a 69 50 32 37 58 57 43 79 47 |wpZbtLjiP27XWCyG|
|00003700| 76 79 31 54 6d 38 79 58 4a 74 72 56 63 58 61 51 |vy1Tm8yXJtrVcXaQ|
|00003710| 4f 5a 55 62 7a 4c 2b 53 6b 7a 73 39 5a 79 2f 46 |OZUbzL+Skzs9Zy/F|
|00003720| 43 71 64 63 72 4f 4a 2b 64 58 44 7a 6c 32 45 35 |CqdcrOJ+dXDzl2E5|
|00003730| 6d 61 6d 30 74 31 79 48 57 63 70 52 62 71 58 4f |mam0t1yHWcpRbqXO|
|00003740| 32 4f 75 64 48 78 64 76 4f 66 37 32 63 7a 35 49 |2OudHxdvOf72cz5I|
|00003750| 6b 56 2f 38 35 69 74 46 69 54 5a 2b 33 58 54 74 |kV/85itFiTZ+3XTt|
|00003760| 50 71 66 4a 37 2f 41 41 30 66 70 6b 5a 53 69 38 |PqfJ7/AA0fpkZSi8|
|00003770| 37 54 48 61 74 33 47 76 6a 43 68 52 32 35 61 2f |7THat3GvjChR25a/|
|00003780| 71 4d 39 36 4c 7a 33 76 79 35 45 6d 4c 64 76 57 |qM96Lz3vy5EmLdvW|
|00003790| 75 57 49 5a 69 35 67 62 6f 37 57 33 5a 6b 74 5a |uWIZi5gbo7W3ZktZ|
|000037a0| 6f 33 63 6c 6c 32 76 4e 57 6a 34 4a 42 30 44 4b |o3cll2vNWj4JB0DK|
|000037b0| 30 30 7a 52 57 62 2b 2b 56 70 44 58 61 6c 62 46 |00zRWb++VpDXalbF|
|000037c0| 57 57 79 73 64 6c 61 2b 61 62 46 77 31 37 4b 33 |WWysdla+abFw17K3|
|000037d0| 56 47 76 62 57 52 57 32 64 4e 6c 73 4b 2b 56 44 |VGvbWRW2dNlsK+VD|
|000037e0| 44 79 6b 30 5a 43 67 63 4d 4c 48 39 31 72 67 48 |Dyk0ZCgcMLH91rgH|
|000037f0| 68 2b 71 62 4d 36 35 55 76 64 36 63 63 58 38 30 |h+qbM65Uvd6ccX80|
|00003800| 4d 39 64 58 4d 71 6c 56 76 55 63 4f 47 44 61 75 |M9dXMqlVvUcOGDau|
|00003810| 77 70 30 68 68 6f 39 39 53 49 55 43 7a 5a 73 32 |wp0hho99SIUCzZs2|
|00003820| 55 6c 57 58 68 44 7a 4c 75 65 63 32 61 4e 66 43 |UlWXhDzLuec2aNfC|
|00003830| 31 39 6e 4a 59 35 65 58 56 30 59 4d 74 36 39 4b |19nJY5eXV0YMt69K|
|00003840| 68 44 32 51 31 59 4b 4d 55 73 6b 78 35 67 64 30 |hD2Q1YKMUskx5gd0|
|00003850| 61 75 70 70 36 6c 71 58 30 67 73 48 2b 37 72 55 |aupp6lqX0gsH+7rU|
|00003860| 76 41 41 41 41 33 46 50 53 6f 6a 57 36 6b 30 6d |vAAAA3FPSojW6k0m|
|00003870| 66 57 58 71 39 7a 35 6c 30 62 6d 55 35 76 53 50 |fWXq9z5l0bmU5vSP|
|00003880| 76 51 76 48 78 38 5a 6f 38 65 62 4a 6d 7a 70 78 |vQvHx8Zo8ebJmzpx|
|00003890| 5a 35 52 41 67 4b 53 6c 4a 6f 61 47 68 43 67 73 |Z5RAgKSlJoaGhCgs|
|000038a0| 4c 71 38 63 41 34 4b 4a 32 54 68 75 6b 74 77 38 |Lq8cA4KJ2Thuktw8|
|000038b0| 55 2f 48 66 67 66 4f 32 5a 55 39 6a 4e 50 31 6d |U/HfgfO2ZU9jNP1m|
|000038c0| 62 41 70 37 58 33 4b 53 43 31 38 59 73 55 2f 7a |bAp7X3KSC18YsU/z|
|000038d0| 4d 32 67 39 65 5a 6c 36 57 7a 69 59 6d 53 65 34 |M2g9eZl6WziYmSe4|
|000038e0| 65 65 71 41 32 48 54 6b 4e 6f 4c 41 6e 77 4e 43 |eeqA2HTkNoLAnwNC|
|000038f0| 68 51 32 73 64 41 6c 79 2f 63 55 4f 35 75 62 6b |hQ2sdAly/cUO5ubk|
|00003900| 57 71 67 7a 33 75 71 5a 4e 6d 36 72 6c 66 66 64 |Wqgz3uqZNm6rlffd|
|00003910| 5a 66 4c 31 58 72 31 36 56 4a 42 30 35 63 71 54 |ZfL1Xr16VJB05cqT|
|00003920| 61 79 33 70 36 35 67 39 6f 33 54 68 6a 43 56 54 |ay3p65g9o3ThjCVT|
|00003930| 41 52 67 37 32 2f 4c 59 48 41 4b 44 52 34 7a 47 |ARg72/LYHAKDR4zG|
|00003940| 41 31 52 49 61 47 74 72 51 4a 56 53 69 72 58 78 |A1RIaGtrQJVSirXx|
|00003950| 65 6d 36 45 65 69 51 75 55 6f 4c 35 36 39 37 58 |em6EeiQuUoL5697X|
|00003960| 69 39 2f 69 37 61 6d 6a 77 61 39 6f 36 37 53 4d |i9/i7amjwa9o67SM|
|00003970| 6c 32 51 78 55 79 4a 69 36 61 76 78 4c 6b 6f 30 |l2QxUyJi6avxLko0|
|00003980| 65 38 4c 44 6f 51 44 33 33 72 4d 4a 47 2f 38 6d |e8LDoQD33rMJG/8m|
|00003990| 54 4a 32 74 39 75 30 69 7a 5a 73 30 49 41 46 42 |TJ2t9u0izZs0IAFB|
|000039a0| 6c 6a 66 58 71 76 30 51 50 41 41 41 41 41 44 53 |ljfXqv0QPAAAAADS|
|000039b0| 67 6a 49 79 4d 47 6f 2f 6f 33 36 6c 54 70 2f 6f |gjIyMGo/o36lTp/o|
|000039c0| 64 41 77 42 33 4a 55 75 4d 46 5a 47 58 6c 36 64 |dAwB3JUuMFZGXl6d|
|000039d0| 72 31 36 2f 72 62 6d 77 36 6f 58 35 5a 57 56 6d |r16/rbmw6oX5ZWVm|
|000039e0| 70 56 63 75 57 64 66 49 55 41 48 6f 41 41 41 41 |pVcuWdfIUAHoAAAA|
|000039f0| 41 34 4b 35 6d 5a 32 64 58 6a 39 33 34 59 55 53 |A4K5mZ2dXj934YUS|
|00003a00| 57 43 49 6d 73 72 4b 78 6b 61 32 75 72 6d 7a 64 |WCImsrKxka2urmzd|
|00003a10| 76 57 71 41 69 33 4d 74 73 62 57 30 62 37 53 4d |vWqAi3MtsbW0b7SM|
|00003a20| 41 70 62 73 31 41 50 42 34 52 75 76 6d 57 6b 76 |Apbs1APB4RuvmWkv|
|00003a30| 65 48 52 75 36 45 67 41 41 41 41 41 47 30 4c 78 |eHRu6EgAAAAAG0Lx|
|00003a40| 5a 4d 32 55 31 61 61 4c 62 74 32 38 33 64 43 6c |ZM2U1aaLbt283dCl|
|00003a50| 6f 70 4a 6f 30 61 61 4c 6d 6a 62 6a 37 76 33 53 |opJo0aaLmjbj7v3S|
|00003a60| 33 42 67 43 32 62 68 6f 39 78 61 32 68 71 77 41 |3BgC2bho9xa2hqwA|
|00003a70| 41 41 41 42 67 49 43 31 73 62 58 58 39 78 6f 32 |AAABgIC1sbXX9xo2|
|00003a80| 47 4c 67 4f 4e 56 49 75 37 34 42 46 4f 54 52 71 |GLgONVIu74BFOTRq|
|00003a90| 36 41 41 41 41 41 41 43 34 47 7a 52 74 32 6c 54 |6AAAAAAC4GzRt2lT|
|00003aa0| 33 74 57 6a 52 30 47 57 67 45 62 71 76 52 51 73 |3tWjR0GWgEbqvRQs|
|00003ab0| 31 62 64 71 30 6f 63 75 6f 46 41 45 41 41 41 41 |1bdq0ocuoFAEAAAA|
|00003ac0| 41 41 46 52 52 73 32 62 4e 5a 47 76 44 55 37 6c |AAFRRs2bNZGvDU7l|
|00003ad0| 77 68 36 32 4e 54 61 4d 65 2b 62 38 34 41 67 41 |wh62NTaMe+b84AgA|
|00003ae0| 41 41 41 41 41 71 41 5a 72 61 32 74 36 41 6b 42 |AAAAAqAZra2t6AkB|
|00003af0| 53 2f 70 56 2f 61 32 76 72 68 69 36 6a 79 67 67 |S/pV/a2vrhi6jygg|
|00003b00| 41 41 41 41 41 41 4b 43 61 6d 6a 56 72 70 70 62 |AAAAAAKCamjVrppb|
|00003b10| 33 33 61 63 6d 54 57 68 53 47 56 45 54 4b 79 75 |33acmTWhSGVETKyu|
|00003b20| 31 62 4e 6e 79 72 72 6e 79 58 2b 6a 75 71 68 59 |1bNnyrrnyX+juqhY|
|00003b30| 41 41 41 41 41 47 6f 6d 6d 54 5a 75 71 56 63 75 |AAAAAGommTZuqVcu|
|00003b40| 57 79 72 35 31 53 31 6c 5a 57 63 72 4c 79 32 76 |Wyr51S1lZWcrLy2v|
|00003b50| 6f 6b 6c 44 48 72 4b 79 73 5a 47 4e 74 66 56 64 |oklDHrKysZGNtfVd|
|00003b60| 64 39 53 2b 4f 41 41 41 41 41 41 41 41 61 73 47 |d9S+OAAAAAAAAasG|
|00003b70| 36 65 58 4e 5a 4e 32 2b 75 37 46 75 33 6c 48 50 |6eXNZN2+u7Fu3lHP|
|00003b80| 72 6c 6e 4a 79 63 78 75 36 4a 46 68 59 73 36 5a |rlnJycxu6JFhYs6Z|
|00003b90| 4e 31 62 78 35 63 7a 56 76 33 72 79 68 53 36 6b |N1bx5czVv3ryhS6k|
|00003ba0| 56 41 67 41 41 41 41 41 41 73 49 44 43 49 45 43 |VAgAAAAAAsIDCIEC|
|00003bb0| 53 63 6e 4a 7a 6c 5a 75 54 6f 39 7a 62 74 33 57 |ScnJzlZuTo9zbt3W|
|00003bc0| 37 34 41 64 33 68 79 5a 4e 6d 71 68 4a 6b 79 5a |74Ad3hyZNmqhJkyZ|
|00003bd0| 71 32 71 53 4a 6d 6a 5a 72 70 6d 5a 33 77 65 6a |q2qSJmjZrpmZ3wej|
|00003be0| 2b 56 55 55 41 41 41 41 41 41 41 41 57 31 71 78 |+VUUAAAAAAAAW1qx|
|00003bf0| 70 30 33 75 71 34 59 68 37 41 79 4e 57 41 41 41 |p03uq4Yh7AyNWAAA|
|00003c00| 41 41 41 42 67 41 41 51 41 41 41 41 41 41 41 41 |AAABgAAQAAAAAAAA|
|00003c10| 59 41 41 45 41 41 41 41 41 41 41 41 47 51 41 41 |YAAEAAAAAAAAGQAA|
|00003c20| 41 41 41 41 41 41 49 41 42 45 41 41 41 41 41 41 |AAAAAAIABEAAAAAA|
|00003c30| 41 41 47 41 41 42 41 41 41 41 41 41 41 41 42 67 |AAGAABAAAAAAAABg|
|00003c40| 41 41 51 41 41 41 41 41 41 41 41 5a 41 41 41 41 |AAQAAAAAAAAZAAAA|
|00003c50| 41 41 41 41 41 67 41 45 51 41 41 41 41 41 41 41 |AAAAAgAEQAAAAAAA|
|00003c60| 41 59 41 41 45 41 41 41 41 41 41 41 41 47 41 41 |AYAAEAAAAAAAAGAA|
|00003c70| 42 41 41 41 41 41 41 41 41 42 6b 41 41 41 41 41 |BAAAAAAAABkAAAAA|
|00003c80| 41 41 41 43 41 41 52 41 41 41 41 41 41 41 41 42 |AAACAARAAAAAAAAB|
|00003c90| 67 41 41 51 41 41 41 41 41 41 41 41 59 41 41 45 |gAAQAAAAAAAAYAAE|
|00003ca0| 41 41 41 41 41 41 41 41 47 51 41 41 41 41 41 41 |AAAAAAAAGQAAAAAA|
|00003cb0| 41 41 49 41 42 45 41 41 41 41 41 41 41 41 47 41 |AAIABEAAAAAAAAGA|
|00003cc0| 41 42 41 41 41 41 41 41 41 41 42 67 41 41 51 41 |ABAAAAAAAABgAAQA|
|00003cd0| 41 41 41 41 41 41 41 5a 41 41 41 41 41 41 41 41 |AAAAAAAZAAAAAAAA|
|00003ce0| 41 67 41 45 51 41 41 41 41 41 41 41 41 59 41 41 |AgAEQAAAAAAAAYAA|
|00003cf0| 45 41 41 41 41 41 41 41 41 47 41 41 42 41 41 41 |EAAAAAAAAGAABAAA|
|00003d00| 41 41 41 41 41 42 6b 41 41 41 41 41 41 41 41 43 |AAAAABkAAAAAAAAC|
|00003d10| 41 41 52 41 41 41 41 41 41 41 41 42 67 41 41 51 |AARAAAAAAAABgAAQ|
|00003d20| 41 41 41 41 41 41 41 41 59 41 41 45 41 41 41 41 |AAAAAAAAYAAEAAAA|
|00003d30| 41 41 41 41 47 51 41 41 41 41 41 41 41 41 49 41 |AAAAGQAAAAAAAAIA|
|00003d40| 42 45 41 41 41 41 41 41 41 41 47 41 41 42 41 41 |BEAAAAAAAAGAABAA|
|00003d50| 41 41 41 41 41 41 42 67 41 41 51 41 41 41 41 41 |AAAAAABgAAQAAAAA|
|00003d60| 41 41 41 5a 41 41 41 41 41 41 41 41 41 67 41 45 |AAAZAAAAAAAAAgAE|
|00003d70| 51 41 41 41 41 41 41 41 41 59 41 41 45 41 41 41 |QAAAAAAAAYAAEAAA|
|00003d80| 41 41 41 41 41 47 41 41 42 41 41 41 41 41 41 41 |AAAAAGAABAAAAAAA|
|00003d90| 41 42 6b 41 41 41 41 41 41 41 41 43 41 41 52 41 |ABkAAAAAAAACAARA|
|00003da0| 41 41 41 41 41 41 41 42 67 41 41 51 41 41 41 41 |AAAAAAABgAAQAAAA|
|00003db0| 41 41 41 41 59 41 41 45 41 41 41 41 41 41 41 41 |AAAAYAAEAAAAAAAA|
|00003dc0| 47 51 41 41 41 41 41 41 41 41 49 41 42 45 41 41 |GQAAAAAAAAIABEAA|
|00003dd0| 41 41 41 41 41 41 47 41 41 42 41 41 41 41 41 41 |AAAAAAGAABAAAAAA|
|00003de0| 41 41 42 67 41 41 51 41 41 41 41 41 41 41 41 5a |AABgAAQAAAAAAAAZ|
|00003df0| 41 41 41 41 41 41 41 41 41 67 41 45 51 41 41 41 |AAAAAAAAAgAEQAAA|
|00003e00| 41 41 41 41 41 59 41 41 45 41 41 41 41 41 41 41 |AAAAAYAAEAAAAAAA|
|00003e10| 41 47 41 41 42 41 41 41 41 41 41 41 41 42 6b 41 |AGAABAAAAAAAABkA|
|00003e20| 41 41 41 41 41 41 41 43 41 41 52 41 41 41 41 41 |AAAAAAACAARAAAAA|
|00003e30| 41 41 41 42 67 41 41 51 41 41 41 41 41 41 41 41 |AAABgAAQAAAAAAAA|
|00003e40| 59 41 41 45 41 41 41 41 41 41 41 41 47 51 41 41 |YAAEAAAAAAAAGQAA|
|00003e50| 41 41 41 41 41 41 49 41 42 45 41 41 41 41 41 41 |AAAAAAIABEAAAAAA|
|00003e60| 41 41 47 41 41 42 41 41 41 41 41 41 41 41 42 67 |AAGAABAAAAAAAABg|
|00003e70| 41 41 51 41 41 41 41 41 41 41 41 5a 41 41 41 41 |AAQAAAAAAAAZAAAA|
|00003e80| 41 41 41 41 41 67 41 45 51 41 41 41 41 41 41 41 |AAAAAgAEQAAAAAAA|
|00003e90| 41 59 41 41 45 41 41 41 41 41 41 41 41 47 41 41 |AYAAEAAAAAAAAGAA|
|00003ea0| 42 41 41 41 41 41 41 41 41 42 6b 41 41 41 41 41 |BAAAAAAAABkAAAAA|
|00003eb0| 41 41 41 43 41 41 52 41 41 41 41 41 41 41 41 42 |AAACAARAAAAAAAAB|
|00003ec0| 67 41 41 51 41 41 41 41 41 41 41 41 59 41 41 45 |gAAQAAAAAAAAYAAE|
|00003ed0| 41 41 41 41 41 41 41 41 47 51 41 41 41 41 41 41 |AAAAAAAAGQAAAAAA|
|00003ee0| 41 41 49 41 42 45 41 41 41 41 41 41 41 41 47 41 |AAIABEAAAAAAAAGA|
|00003ef0| 41 42 41 41 41 41 41 41 41 41 42 67 41 41 51 41 |ABAAAAAAAABgAAQA|
|00003f00| 41 41 41 41 41 41 41 5a 41 41 41 41 41 41 41 41 |AAAAAAAZAAAAAAAA|
|00003f10| 41 67 41 45 51 41 41 41 41 41 41 41 41 59 41 41 |AgAEQAAAAAAAAYAA|
|00003f20| 45 41 41 41 41 41 41 41 41 47 41 41 42 41 41 41 |EAAAAAAAAGAABAAA|
|00003f30| 41 41 41 41 41 42 6b 41 41 41 41 41 41 41 41 43 |AAAAABkAAAAAAAAC|
|00003f40| 41 41 52 41 41 41 41 41 41 41 41 42 67 41 41 51 |AARAAAAAAAABgAAQ|
|00003f50| 41 41 41 41 41 41 41 41 59 41 41 45 41 41 41 41 |AAAAAAAAYAAEAAAA|
|00003f60| 41 41 41 41 47 51 41 41 41 41 41 41 41 41 49 41 |AAAAGQAAAAAAAAIA|
|00003f70| 42 45 41 41 41 41 41 41 41 41 47 41 41 42 41 41 |BEAAAAAAAAGAABAA|
|00003f80| 41 41 41 41 41 41 42 67 41 41 51 41 41 41 41 41 |AAAAAABgAAQAAAAA|
|00003f90| 41 41 41 5a 41 41 41 41 41 41 41 41 41 67 41 45 |AAAZAAAAAAAAAgAE|
|00003fa0| 51 41 41 41 41 41 41 41 41 59 41 41 45 41 41 41 |QAAAAAAAAYAAEAAA|
|00003fb0| 41 41 41 41 41 47 41 41 42 41 41 41 41 41 41 41 |AAAAAGAABAAAAAAA|
|00003fc0| 41 42 6b 41 41 41 41 41 41 41 41 43 41 41 52 41 |ABkAAAAAAAACAARA|
|00003fd0| 41 41 41 41 41 41 41 42 67 41 41 51 41 41 41 41 |AAAAAAABgAAQAAAA|
|00003fe0| 41 41 41 41 59 41 41 45 41 41 41 41 41 41 41 41 |AAAAYAAEAAAAAAAA|
|00003ff0| 47 51 41 41 41 41 41 41 41 41 49 41 42 45 41 41 |GQAAAAAAAAIABEAA|
|00004000| 41 41 41 41 41 41 47 41 41 42 41 41 41 41 41 41 |AAAAAAGAABAAAAAA|
|00004010| 41 41 42 67 41 41 51 41 41 41 41 41 41 41 41 5a |AABgAAQAAAAAAAAZ|
|00004020| 41 41 41 41 41 41 41 41 41 67 41 45 51 41 41 41 |AAAAAAAAAgAEQAAA|
|00004030| 41 41 41 41 41 59 41 41 45 41 41 41 41 41 41 41 |AAAAAYAAEAAAAAAA|
|00004040| 41 47 41 41 42 41 41 41 41 41 41 41 41 42 6b 41 |AGAABAAAAAAAABkA|
|00004050| 41 41 41 41 41 41 41 43 41 41 52 41 41 41 41 41 |AAAAAAACAARAAAAA|
|00004060| 41 41 41 42 67 41 41 51 41 41 41 41 41 41 41 41 |AAABgAAQAAAAAAAA|
|00004070| 59 41 41 45 41 41 41 41 41 41 41 41 47 51 41 41 |YAAEAAAAAAAAGQAA|
|00004080| 41 41 41 41 41 41 49 41 42 45 41 41 41 41 41 41 |AAAAAAIABEAAAAAA|
|00004090| 41 41 47 41 41 42 41 41 41 41 41 41 41 41 42 67 |AAGAABAAAAAAAABg|
|000040a0| 41 41 51 41 41 41 41 41 41 41 41 5a 41 41 41 41 |AAQAAAAAAAAZAAAA|
|000040b0| 41 41 41 41 41 67 41 45 51 41 41 41 41 41 41 41 |AAAAAgAEQAAAAAAA|
|000040c0| 41 59 41 41 45 41 41 41 41 41 41 41 41 47 41 41 |AYAAEAAAAAAAAGAA|
|000040d0| 42 41 41 41 41 41 41 41 41 42 6b 41 41 41 41 41 |BAAAAAAAABkAAAAA|
|000040e0| 41 41 41 43 41 41 52 41 41 41 41 41 41 41 41 42 |AAACAARAAAAAAAAB|
|000040f0| 67 41 41 51 41 41 41 41 41 41 41 41 59 41 41 45 |gAAQAAAAAAAAYAAE|
|00004100| 41 41 41 41 41 41 41 41 47 51 41 41 41 41 41 41 |AAAAAAAAGQAAAAAA|
|00004110| 41 41 49 41 42 45 41 41 41 41 41 41 41 41 47 41 |AAIABEAAAAAAAAGA|
|00004120| 41 42 41 41 41 41 41 41 41 41 42 67 41 41 51 41 |ABAAAAAAAABgAAQA|
|00004130| 41 41 41 41 41 41 41 5a 41 41 41 41 41 41 41 41 |AAAAAAAZAAAAAAAA|
|00004140| 41 67 41 45 51 41 41 41 41 41 41 41 41 59 41 42 |AgAEQAAAAAAAAYAB|
|00004150| 57 65 58 6c 35 65 51 31 64 42 41 41 41 41 41 41 |WeXl5eQ1dBAAAAAA|
|00004160| 41 4b 4e 2f 56 71 31 64 72 76 59 35 6d 46 71 67 |AKN/Vq1drvY5mFqg|
|00004170| 44 41 42 71 64 6d 7a 65 7a 74 4f 37 7a 72 37 51 |DABqdmzeztO7zr7Q|
|00004180| 39 2b 71 42 36 65 33 58 54 2b 42 65 48 71 50 55 |9+qB6e3XT+BeHqPU|
|00004190| 76 66 39 48 51 5a 56 58 71 70 34 76 70 57 76 48 |vf9HQZVXqp4vpWvH|
|000041a0| 4a 56 6e 32 62 65 46 6f 76 50 4e 64 50 51 77 66 |JVn2beFovPNdPQwf|
|000041b0| 39 57 73 32 61 4e 57 33 6f 73 67 41 41 41 48 41 |9Ws2aNW3osgAAAHA|
|000041c0| 50 6f 41 63 41 67 48 74 4f 62 6d 36 75 46 6e 7a |PoAcAgHtObm6uFnz|
|000041d0| 30 6d 66 34 37 5a 45 6e 52 74 4a 6d 76 6a 64 61 |0mf47ZEnRtJmvjda|
|000041e0| 37 66 35 67 6f 47 78 76 72 42 71 79 73 59 6a 2b |7f5goGxvrBqysYj+|
|000041f0| 6e 5a 32 6a 53 39 4c 39 71 59 38 51 65 53 5a 4a |nZ2jS9L9qY8QeSZJ|
|00004200| 64 71 2f 76 30 79 62 49 2f 61 4d 53 51 4a 78 75 |dq/v0ybI/aMSQJxu|
|00004210| 34 4d 67 41 41 41 44 51 30 53 2f 51 41 59 41 77 |4MgAAADQ0S/QAYAw|
|00004220| 41 41 50 65 63 39 43 76 58 74 48 74 76 66 49 6c |AAPec9CvXtHtvfIl|
|00004230| 70 34 52 75 2f 30 72 66 66 6e 32 36 67 69 71 70 |p4Ru/0rffn26giqp|
|00004240| 6d 7a 37 37 44 52 59 31 2f 53 63 71 34 64 6b 4e |mz77DRY1/Scq4dkN|
|00004250| 37 76 7a 36 69 37 4f 78 62 44 56 67 56 41 41 41 |7vz6i7OxbDVgVAAA|
|00004260| 41 37 68 55 45 41 41 41 4d 34 56 7a 61 4a 61 33 |A7hUEAAAM4VzaJa3|
|00004270| 64 73 45 74 5a 57 64 6b 4e 58 59 70 5a 50 36 64 |dsEtZWdkNXYpZP6d|
|00004280| 6e 36 4e 4d 4e 4f 38 74 4d 76 33 45 6a 53 37 6d |n6NMNO8tMv3EjS7m|
|00004290| 35 74 78 75 67 49 67 41 41 41 4e 78 72 43 41 41 |5txugIgAAANxrCAA|
|000042a0| 41 47 4d 62 47 69 44 32 4e 74 68 66 41 6e 6e 32 |AGMbGiD2NthfAnn2|
|000042b0| 48 39 63 57 32 66 51 31 64 42 67 41 30 53 74 65 |H9cW2fQ1dBgA0Ste|
|000042c0| 76 33 39 54 38 78 65 48 79 66 54 5a 51 4d 39 2f |v39T8xeHyfTZQM9/|
|000042d0| 2b 55 47 66 2b 6e 64 62 51 4a 51 48 41 58 59 6c |+UGf+ndbQJQHAXYl|
|000042e0| 42 41 41 45 59 52 6d 45 76 67 45 63 66 37 74 69 |BAAEYRmEvgEcf7ti|
|000042f0| 6f 78 67 4c 34 4f 54 31 44 36 7a 64 48 4e 33 51 |oxgL4OT1D6zdHN3Q|
|00004300| 5a 41 4e 41 6f 35 65 58 6c 36 65 4e 2f 62 4e 55 |ZANAo5eXl6eN/bNU|
|00004310| 62 66 38 77 66 31 32 58 58 6e 6b 4f 36 2f 50 4e |bf8wf12XXnkO6/PN|
|00004320| 56 66 66 54 2b 44 4c 56 73 32 61 4b 42 71 77 4f |VffT+DLVs2aKBqwO|
|00004330| 41 75 77 73 39 41 41 41 59 53 6d 50 73 42 62 44 |Auws9AAAYSmPsBbD|
|00004340| 76 36 36 50 61 45 52 33 58 30 47 55 41 51 4b 4f |v66PaER3X0GUAQKO|
|00004350| 55 6d 5a 6d 74 48 30 36 6d 6c 4a 68 32 35 4c 74 |UmZmtH06mlJh25Lt|
|00004360| 54 2b 76 66 5a 6e 78 71 6f 49 67 43 34 65 78 45 |T+vfZnxqoIgC4exE|
|00004370| 41 41 44 43 55 78 6a 59 57 77 4d 2f 70 47 56 71 |AADCUxjYWwM/pGVq|
|00004380| 37 63 5a 63 79 72 74 31 6f 36 46 49 41 41 41 42 |7cZcyrt1o6FIAAAB|
|00004390| 77 6a 79 4d 41 41 47 41 34 47 79 50 32 4b 43 37 |wjyMAAGA4GyP2KC7|
|000043a0| 2b 65 45 4f 58 49 59 6d 72 2f 77 41 41 41 4b 67 |+eEOXIYmr/wAAAKg|
|000043b0| 2f 42 41 41 41 44 4f 64 63 32 69 57 46 62 2f 78 |/BAAADOdc2iWFb/x|
|000043c0| 4b 4e 32 39 6d 4e 57 67 64 58 50 30 48 41 41 42 |KN29mNWgdXP0HAAB|
|000043d0| 41 66 53 49 41 41 47 42 49 57 37 62 48 36 74 44 |AfSIAAGBIW7bH6tD|
|000043e0| 68 48 78 71 30 68 6b 4f 48 66 2b 44 71 50 77 41 |hHxq0hkOHf+DqPwA|
|000043f0| 41 41 4f 6f 4e 41 51 41 41 51 32 72 6f 58 67 42 |AAOoNAQAAQ2roXgB|
|00004400| 58 72 31 37 58 32 67 30 6c 72 2f 34 37 4f 37 5a |Xr17X2g0lr/47O7Z|
|00004410| 70 6b 46 6f 41 41 41 42 67 44 41 51 41 41 41 79 |pkFoAAABgDAQAAAy|
|00004420| 68 56 34 2b 75 38 68 76 79 5a 49 6c 70 44 64 6b |hV4+u8hvyZIlpDdk|
|00004430| 4c 34 47 44 38 4d 58 32 78 62 56 2f 52 2f 35 30 |L4GD8MX2xbV/R/50|
|00004440| 64 32 2b 6a 31 79 63 38 33 53 43 30 41 41 41 41 |d2+j1yc83SC0AAAA|
|00004450| 77 42 67 49 41 41 49 62 67 59 4e 39 4b 76 2f 32 |wBgIAAIbgYN9Kv/2|
|00004460| 76 59 53 57 75 73 6a 64 55 4c 77 42 7a 56 2f 39 |vYSWusjdULwBzV/9|
|00004470| 48 2b 6a 32 74 78 78 2f 72 57 71 39 31 41 41 41 |H+j2txx/rWq91AAA|
|00004480| 41 77 46 67 49 41 41 41 59 68 75 63 6a 37 68 72 |AwFgIAAAYhucj7hr|
|00004490| 70 39 33 53 4a 61 51 33 52 43 38 44 63 31 66 2b |p93SJaQ3RC8Dc1f+|
|000044a0| 78 6f 77 62 4b 78 71 5a 35 76 64 59 42 41 41 41 |xowbKxqZ5vdYBAAA|
|000044b0| 41 59 32 6e 57 30 41 55 41 51 48 32 78 73 57 6d |AY2nW0AUAQH2xsWm|
|000044c0| 75 73 61 4d 47 61 6d 50 45 48 70 31 4c 75 79 54 |usaMGamPEHp1LuyT|
|000044d0| 70 54 69 2b 41 6e 6f 39 31 55 59 73 57 4e 6e 56 |pTi+Ano91UYsWNnV|
|000044e0| 65 51 33 6c 58 2f 78 39 39 75 4b 50 69 6a 35 79 |eQ3lX/x99uKPij5y|
|000044f0| 6f 30 54 6f 76 58 62 36 69 72 64 75 2f 31 6f 32 |o0TovXb6irdu/1o2|
|00004500| 62 6d 66 49 62 38 70 51 65 63 47 35 72 71 58 4c |bmfIb8pQecG5rqXL|
|00004510| 4c 64 66 62 63 52 55 56 45 37 64 4e 39 4c 57 77 |LdfbcRUVE7dN9LWw|
|00004520| 31 62 50 43 76 31 61 61 31 66 5a 31 76 73 7a 71 |1bPCv1aa1fZ1vszq|
|00004530| 75 58 37 2b 70 78 4f 4d 2f 36 76 43 33 4a 33 58 |uX7+pxOM/6vC3J3X|
|00004540| 6f 38 41 38 36 65 2b 35 69 69 64 63 66 63 47 36 |o8A86e+5iidcfcG6|
|00004550| 72 52 37 70 31 31 4f 4d 39 75 71 69 37 68 35 74 |rR7p11OM9uqi7h5t|
|00004560| 61 74 6d 7a 52 51 4a 56 4b 32 64 6d 33 39 4b 2f |atmzRQJVK2dm39K/|
|00004570| 2f 2f 54 39 39 45 2f 65 39 44 6e 39 37 55 71 64 |//T99E/e9Dn97Uqd|
|00004580| 2f 2f 48 65 4a 31 78 39 77 62 71 75 65 6a 33 56 |//HeJ1x9wbquej3V|
|00004590| 52 4c 36 2b 75 38 75 6a 36 6b 4b 79 74 36 79 38 |RL6+u8uj6kKyt6y8|
|000045a0| 6f 75 6e 6b 7a 53 38 64 50 2f 71 2f 69 34 6f 2b |ounkzS8dP/q/i4o+|
|000045b0| 62 33 59 38 64 48 2f 79 56 48 6e 75 30 6b 37 7a |b3Y8dH/yVHnu0k7z|
|000045c0| 37 50 4b 4b 48 2f 76 4d 2f 31 4b 78 5a 30 33 71 |7PKKH/vM/1KxZ03q|
|000045d0| 72 72 66 68 2b 4f 33 6b 36 56 64 38 6d 6e 69 72 |rrfh+O3k6Vd8mnir|
|000045e0| 78 65 76 50 6d 7a 64 54 64 77 30 32 50 39 2b 67 |xevPmzdTdw02P9+g|
|000045f0| 71 4c 38 2f 4f 63 6e 4a 73 72 53 5a 4e 4c 48 2f |qL8/OcnJsrSZNLH/|
|00004600| 64 34 39 4c 6c 4b 2f 70 71 7a 79 46 6c 5a 6d 62 |d49LlK/pqzyFlZmb|
|00004610| 58 79 32 65 68 38 50 4d 75 71 55 62 62 79 38 76 |Xy2eh8PMuqUbby8v|
|00004620| 4c 30 34 6d 6b 46 4f 32 49 6a 70 4e 37 78 2f 62 |L04mkFO2IjpN7x/b|
|00004630| 36 7a 56 4d 39 79 76 33 64 6c 35 31 39 53 34 6e |6zVM9yv3dl519S4n|
|00004640| 48 2f 36 56 76 34 72 37 58 4e 33 47 4a 2b 72 39 |H/6Vv4r7XN3GJ+r9|
|00004650| 7a 50 2b 6c 6f 34 6d 6c 6c 58 4c 75 68 33 6c 37 |zP+lo4mllXLuh3l7|
|00004660| 64 31 4b 62 31 4c 2b 54 6c 32 56 6c 50 39 50 4a |d1Kb1L+Tl2VlP9PJ|
|00004670| 51 7a 38 65 36 36 4a 63 4f 64 72 56 2b 66 77 43 |Qz8e66JcOdrV+fwC|
|00004680| 41 75 6b 55 41 41 4d 42 51 48 6e 32 34 6f 30 62 |AukUAAMBQHn24o0b|
|00004690| 36 50 61 33 46 79 7a 34 76 6d 72 5a 6c 65 36 77 |6Pa3Fyz4vmrZle6w|
|000046a0| 43 52 67 37 51 55 37 2f 75 58 75 66 62 50 33 54 |CRg7QU7/uXufbP3T|
|000046b0| 34 68 7a 4a 58 2f 2f 32 48 2b 38 6a 47 78 72 70 |4hzJX//2H+8jGxrp|
|000046c0| 47 36 30 75 37 63 46 6d 54 70 76 39 56 6b 56 2f |G60u7cFmTpv9VkV/|
|000046d0| 47 53 70 4b 69 59 2b 4b 31 62 4e 46 2f 36 2f 36 |GSpKiY+K1bNF/6/6|
|000046e0| 32 44 68 61 70 31 35 79 66 30 7a 4d 30 50 66 67 |2Dhap15yf0zM0Pfg|
|000046f0| 44 62 59 7a 59 49 79 6c 2f 66 49 56 56 53 39 35 |DbYzYIyl/fIVVS95|
|00004700| 53 6c 30 36 75 64 62 62 4e 71 72 68 39 2b 37 62 |Sl06udbbNqrh9+7b|
|00004710| 69 34 6f 38 72 62 47 57 45 76 74 69 32 72 38 71 |i4o8rbGWEvti2r8q|
|00004720| 50 56 37 52 72 64 5a 2b 65 48 66 71 55 4a 6f 34 |PV7RrdZ+eHfqUJo4|
|00004730| 62 72 6c 35 65 33 65 71 74 45 5a 74 36 4a 6b 31 |brl5e3eqtEZt6Jk1|
|00004740| 72 31 6d 33 58 69 6b 2b 32 4b 75 56 4d 57 6f 58 |r1m3Xik+2KuVMWoX|
|00004750| 7a 72 67 37 66 4c 6b 6c 71 37 57 43 6e 6c 30 59 |zrg7fLklq7WCnl0Y|
|00004760| 50 30 71 54 78 49 39 54 5a 76 59 4f 73 72 4b 77 |P0qTxI9TZvYOsrKw|
|00004770| 73 58 6c 64 68 41 33 48 5a 71 6b 68 39 73 6e 36 |sXldhA3HZqkh9sn6|
|00004780| 48 4c 71 64 6e 6c 44 76 76 72 6a 32 48 69 76 37 |HLqdnlDvvrj2Hiv7|
|00004790| 64 6f 62 32 6a 58 6e 6c 70 6d 46 34 65 4d 31 67 |dob2jXnlpmF4eM1g|
|000047a0| 75 37 52 30 74 58 6c 66 78 32 76 36 2b 5a 6f 73 |u7R0tXlfx2v6+Zos|
|000047b0| 32 62 39 31 62 36 58 36 4c 32 6e 57 67 36 4e 38 |2b91b6X6L2nWg6N8|
|000047c0| 65 58 52 2f 55 78 48 45 6a 4e 4f 62 35 2f 68 5a |eXR/UxHEjNOb5/hZ|
|000047d0| 72 70 4a 66 2b 2f 50 32 36 6c 34 63 2b 58 66 35 |rpJf+/P26l4c+Xf5|
|000047e0| 48 75 58 5a 77 74 73 6a 36 53 30 74 4f 4f 61 63 |HuXZwtsj6S0tOOac|
|000047f0| 58 4a 2f 35 4a 58 38 63 6c 53 70 4a 38 76 44 32 |XJ/5JX8clSpJ8vD2|
|00004800| 31 65 73 6e 62 36 75 44 69 56 4f 56 31 62 50 6b |1esnb6uDiVOV1bPk|
|00004810| 79 56 69 39 4e 2b 6e 50 52 35 2b 4f 31 33 2f 6e |yVi9N+nPR5+O13/n|
|00004820| 72 72 33 2b 61 57 69 49 45 4f 48 66 2b 6f 6c 61 |rr3+aWiIEOHf+ola|
|00004830| 74 2f 56 4c 4c 56 30 65 57 75 34 38 50 78 68 2b |t/VLLV0eWu48Pxh+|
|00004840| 54 56 48 49 66 44 2f 56 39 51 74 4f 6e 6a 46 4a |TVHIfD/V9QtOnjFJ|
|00004850| 66 62 38 38 61 66 34 35 75 33 37 36 74 4b 31 65 |fb88af45u376tK1e|
|00004860| 76 36 2f 62 74 32 30 58 54 4d 6a 4f 7a 6c 58 33 |v6/bt20XTMjOzlX3|
|00004870| 72 56 70 6e 35 72 6d 5a 63 31 36 58 4c 56 38 70 |rVpn5rmZc16XLV8p|
|00004880| 64 6c 31 32 72 2b 2b 6f 31 4d 41 4f 41 75 77 45 |dl12r++o1MAOAuwE|
|00004890| 42 41 41 42 44 73 62 47 78 62 72 42 65 41 4e 65 |BAABDsbGxbrBeANe|
|000048a0| 76 33 39 53 6e 47 33 61 57 61 4a 67 4f 48 2b 79 |v39SnG3aWaJgOH+y|
|000048b0| 74 6e 6f 39 31 71 66 45 36 34 2b 4b 50 46 7a 55 |tno91qfE64+KPFzU|
|000048c0| 2b 4a 4f 6d 4c 62 66 76 30 34 69 68 66 50 54 65 |+JOmLbfv04ihfPTe|
|000048d0| 38 62 36 31 71 72 63 69 65 66 59 65 4c 47 76 2b |8b61qrciefYeLGv+|
|000048e0| 53 46 4a 64 77 58 49 65 2f 54 57 71 77 41 43 41 |SFJdwXIe/TWqwACA|
|000048f0| 76 4c 30 39 48 76 6b 31 53 79 4e 77 56 32 72 62 |vL09Hvk1SyNwV2rb|
|00004900| 7a 6d 32 6f 76 6e 33 48 74 68 76 36 78 66 6f 66 |zm2ovn3Hthv6xfof|
|00004910| 2b 73 58 36 48 66 48 2f 7a 75 49 4a 6e 76 4b 53 |+sX6HfH/zuIJnvKS|
|00004920| 6e 66 74 32 39 54 68 72 58 6b 6e 54 35 35 36 76 |nft29ThrXknT556v|
|00004930| 36 36 77 64 72 74 65 54 6a 4c 36 6f 63 55 68 51 |66wdrteTjL6ocUhQ|
|00004940| 74 6d 35 36 68 44 38 49 32 61 75 57 6e 55 5a 72 |tm56hD8I2auWnUZr|
|00004950| 36 32 32 63 31 38 37 55 78 46 67 31 37 7a 76 77 |622c187UxFg17zvw|
|00004960| 37 54 65 2f 38 35 65 2f 36 78 2f 6f 64 31 56 34 |7Te/85e/6x/od1V4|
|00004970| 32 35 55 79 61 2f 6a 6a 6e 59 79 31 61 38 70 6e |25Uya/jjnYy1a8pn|
|00004980| 65 65 57 4f 63 4a 6f 34 62 62 74 47 65 46 63 6b |eeWOcJo4bbtGeFck|
|00004990| 70 35 78 51 79 64 30 57 4e 61 70 4f 6b 78 4f 4d |p5xQyd0WNapOkxOM|
|000049a0| 2f 61 74 70 2f 4c 31 54 49 6e 49 38 74 56 6c 2f |/atp/L1TInI8tVl/|
|000049b0| 70 7a 39 2f 58 63 59 6d 4b 53 7a 68 65 5a 77 46 |pz9/XcYmKSzheZwF|
|000049c0| 41 58 4d 4c 78 6f 73 61 2f 4a 4d 58 45 48 74 48 |AXMLxosa/JMXEHtH|
|000049d0| 42 2b 47 4e 56 44 67 41 79 4d 37 4f 31 36 35 2f |B+GNVDgAyM7O165/|
|000049e0| 2f 55 2b 4b 38 4f 33 44 6f 65 2f 33 66 75 5a 2f |/U+K8O3Doe/3fuZ/|
|000049f0| 55 38 63 46 66 36 66 72 31 6d 31 71 2b 65 6f 76 |U8cFf6fr1m1q+eov|
|00004a00| 2b 38 76 37 71 43 6f 4f 66 38 6d 7a 62 2b 59 32 |+8v7qCoOf8mzb+Y2|
|00004a10| 32 37 66 78 47 51 33 32 66 30 4f 7a 67 56 2b 54 |27fxGQ32f0OzgV+T|
|00004a20| 35 71 48 75 31 50 6b 66 58 72 39 2f 55 32 33 39 |5qHu1PkfXr9/U239|
|00004a30| 65 72 67 2f 43 4e 6c 59 36 62 2b 4c 78 48 2f 58 |erg/CNlY6b+LxH/X|
|00004a40| 34 62 33 35 58 34 54 79 4e 4a 5a 77 45 67 4d 61 |4b35X4TyNJZwEgMa|
|00004a50| 45 4d 51 41 41 47 45 35 68 4c 34 44 69 36 6d 4d |EMQAAGE5hL4Di6mM|
|00004a60| 73 67 49 4f 48 6a 6d 6e 54 6c 72 31 46 2f 37 64 |sgIOHjmnTlr1F/7d|
|00004a70| 72 64 5a 39 47 2b 6a 31 64 71 39 44 68 50 78 35 |rdZ9G+j1dq9DhPx5|
|00004a80| 6f 57 2b 62 78 67 5a 39 75 32 4b 6d 66 61 2f 44 |oW+bxgZ9u2Kmfa/D|
|00004a90| 6c 76 53 71 75 58 37 2b 70 72 54 74 69 53 30 78 |lvSquX7+prTtiS0x|
|00004aa0| 7a 64 6d 77 6a 74 34 64 2b 56 53 66 62 71 30 78 |zdmwjt4d+VSfbq0x|
|00004ab0| 47 78 67 32 39 38 2b 66 6c 38 68 6b 36 72 55 61 |Gxg298+fl8hk6rUa|
|00004ac0| 4e 2f 39 4a 32 2f 76 4e 2f 4e 47 7a 30 6d 33 72 |N/9J2/vN/NGz0m3r|
|00004ad0| 6e 7a 38 75 56 6b 56 47 39 78 6e 6c 56 48 44 35 |nz8uVkVG9xnlVHD5|
|00004ae0| 36 55 73 4e 48 76 36 6e 33 46 71 32 74 64 75 4f |6UsNHv6n3Fq2tduO|
|00004af0| 2f 75 49 78 72 4e 2f 54 65 6f 72 56 36 63 74 42 |/uIxrN/TeorV6ctB|
|00004b00| 55 37 59 67 2b 71 4c 79 38 76 46 72 56 6c 5a 65 |U7Yg+qLy8vFrVlZe|
|00004b10| 58 70 78 33 52 42 7a 58 41 4c 37 44 47 44 65 78 |Xpx3RBzXAL7DGDex|
|00004b20| 43 6c 39 4d 7a 4e 4f 50 74 44 2b 58 37 33 41 77 |Cl9MzNOPtD+X73Aw|
|00004b30| 64 50 6e 71 79 56 75 75 53 70 4b 79 73 62 4b 33 |dPnqyVuuSpKysbK3|
|00004b40| 36 4e 45 6f 39 2b 6b 36 6f 64 57 32 6c 36 34 73 |6NEo9+k6odW2l64s|
|00004b50| 2f 63 71 4a 57 2b 38 37 63 4d 63 7a 4a 79 61 31 |/cqJW+87cMczJya1|
|00004b60| 4e 65 52 55 79 74 2b 37 71 62 43 38 76 4c 30 2b |NeRUyt+7qbC8vL0+|
|00004b70| 35 75 62 64 4c 54 4d 76 4a 79 56 56 75 37 6d 32 |5ubdLTMvJyVVu7m2|
|00004b80| 6c 70 4a 37 58 53 35 50 2b 72 42 6c 76 66 31 69 |lpJ7XS5P+rBlvf1i|
|00004b90| 6a 78 6e 39 78 32 33 5a 2b 6f 77 46 2b 30 78 57 |jxn9x23Z+owF+0xW|
|00004ba0| 32 4d 71 4a 61 39 53 55 65 2f 31 45 72 50 34 32 |2MqJa9SUe/1ErP42|
|00004bb0| 71 31 62 61 4c 69 30 73 34 72 73 38 32 37 36 37 |q1baLi0s4rs82767|
|00004bc0| 31 35 77 4d 41 37 69 58 30 41 41 42 67 4f 4f 58 |15wMA7iX0AABgOOX|
|00004bd0| 31 41 6c 69 31 4e 6b 6f 39 75 6e 65 71 6b 2f 76 |1Ali1Nko9uneqk/v|
|00004be0| 42 7a 56 33 39 39 78 2f 65 56 37 31 37 64 71 76 |BzV399x/eV717dqv|
|00004bf0| 56 65 68 2f 75 38 6d 43 5a 57 78 71 69 59 2b 4b |Veh/u8mCZWxqiY+K|
|00004c00| 31 37 2b 75 6a 47 6c 48 71 73 59 65 57 6b 48 44 |17+ujGlHqsYeWkHD|
|00004c10| 30 70 48 62 75 2f 70 38 53 30 33 7a 37 50 61 35 |0pHbu/p8S03z7Pa5|
|00004c20| 75 6e 66 2f 54 34 74 75 71 7a 50 2b 64 2f 55 6d |unf/T4tuqzP+d/Um|
|00004c30| 42 62 79 30 75 30 52 76 42 48 4d 39 48 33 50 53 |Bby0u0RvBHM9H3PS|
|00004c40| 41 55 31 74 31 39 33 43 54 4a 42 31 4e 50 4b 56 |AU1t193CTJB1NPKV|
|00004c50| 4c 6c 36 38 57 64 57 45 75 4c 65 50 61 44 63 31 |Ll68WdWEuLePaDc1|
|00004c60| 5a 38 49 6c 4f 2f 66 68 76 4c 5a 7a 7a 75 76 37 |Z8IlO/fhvLZzzuv7|
|00004c70| 6a 67 66 74 72 58 57 74 2b 41 7a 74 4f 55 32 61 |jgftrXWt+AztOU2a|
|00004c80| 38 58 32 47 33 39 65 4b 31 32 74 68 59 36 2f 43 |8X2G39eK12thY6/C|
|00004c90| 33 4a 33 55 2b 37 58 4b 35 74 5a 34 38 6e 61 71 |3J3U+7XK5tZ48naq|
|00004ca0| 78 76 35 32 74 44 39 38 50 31 47 6a 2f 2f 6a 57 |xv52tD98P1Gj//jW|
|00004cb0| 36 78 7a 30 6e 4a 31 64 72 77 72 63 72 38 4b 33 |6xz0nJ1drwrcr8K3|
|00004cc0| 46 46 59 59 53 76 62 32 36 79 63 6d 78 74 52 35 |FFYYSvb26ycmxtR5|
|00004cd0| 37 74 4a 4f 79 73 72 4a 31 4e 50 47 55 7a 70 36 |7tJOysrJ1NPGUzp6|
|00004ce0| 2f 71 43 50 66 6e 54 49 37 2f 39 64 78 69 51 72 |/qCPfnTI7/9dxiQr|
|00004cf0| 34 37 57 79 46 4c 5a 79 6c 76 74 36 65 4e 65 70 |47WyFLZylvt6eNep|
|00004d00| 52 6b 5a 46 78 51 32 2f 2f 65 5a 6b 2b 58 4c 36 |RkZFxQ2//eZk+XL6|
|00004d10| 70 77 76 6b 36 74 48 65 55 32 30 50 74 35 66 35 |pwvk6tHeU20Pt5f5|
|00004d20| 51 65 37 6d 30 64 31 54 71 6d 54 54 39 6b 4a 53 |Qe7m0d1TqmTT9kJS|
|00004d30| 69 62 78 4e 50 6c 64 75 59 2f 54 6f 75 55 63 2f |ibxNPlduY/TouUc/|
|00004d40| 2f 31 39 74 61 38 4f 37 72 65 6e 62 59 55 33 58 |/19ta8O7renbYU3X|
|00004d50| 57 34 2b 4e 75 63 50 7a 45 2f 2b 71 39 52 57 73 |W4+NucPzE/+q9RWs|
|00004d60| 56 6c 33 43 38 33 48 6b 36 64 58 52 52 68 32 4b |Vl3C83Hk6dXRRh2K|
|00004d70| 33 64 71 53 63 53 64 50 4a 30 36 6e 6c 7a 6e 38 |3dqScSdPJ06nlzn8|
|00004d80| 35 50 55 4e 54 5a 34 62 71 61 73 5a 31 7a 58 78 |5PUNTZ4bqasZ1zXx|
|00004d90| 74 54 4a 56 75 43 57 6a 65 76 4b 6c 61 74 57 78 |tTJVuCWjevKlatWx|
|00004da0| 52 71 33 43 73 74 50 6f 63 6c 77 49 41 37 67 59 |Rq3CstPoclwIA7gY|
|00004db0| 45 41 41 41 4d 79 64 78 59 41 4a 75 32 37 4e 57 |EAAAMydxYAJu27NW|
|00004dc0| 4c 6f 33 7a 56 7a 38 66 4c 34 74 73 7a 64 2f 58 |Lo3zVz8fL4tszd/X|
|00004dd0| 2f 78 56 47 2b 74 51 34 62 62 47 79 73 35 54 2f |/xVG+tQ4bbGys5T/|
|00004de0| 63 70 30 53 59 6b 58 48 74 68 69 4b 69 39 71 6d |cp0SYkXHthiKi9qm|
|00004df0| 2f 6a 35 64 46 77 34 79 73 72 47 78 74 32 68 4a |/j5dFw4ysrGxt2hJ|
|00004e00| 54 74 42 30 70 2f 33 32 4d 65 58 35 41 76 51 2b |TtB0p/32MeX5AvQ+|
|00004e10| 69 6c 35 4a 36 58 71 2f 4f 43 69 31 78 2f 33 46 |il5J6Xq/OCi1x/3F|
|00004e20| 78 51 33 32 66 30 4e 54 66 50 71 63 6e 48 6e 39 |xQ32f0NTfPqcnHn9|
|00004e30| 59 39 76 61 74 7a 4d 35 7a 2f 66 70 4e 48 54 72 |Y9vatzM5z/fpNHTr|
|00004e40| 38 67 35 61 76 33 71 4a 31 6d 36 4c 4c 76 4c 34 |8g5av3qJ1m6LLvL4|
|00004e50| 78 59 6f 39 75 33 4d 6a 55 33 2b 62 50 72 4e 59 |xYo9u3MjU3+bPrNY|
|00004e60| 39 31 75 62 73 2b 2f 70 6f 75 59 33 2f 6e 70 36 |91ubs+/pouY3/np6|
|00004e70| 64 4e 58 33 71 4b 41 30 65 30 4b 66 63 51 64 53 |dNX3qKA0e0KfcQdS|
|00004e80| 75 58 37 2b 70 66 64 39 38 71 79 55 66 62 79 37 |uX7+pfd98qyUfby7|
|00004e90| 54 30 2b 46 79 65 6f 59 6d 42 38 36 58 4a 49 31 |T0+FyeoYmB86XJI1|
|00004ea0| 35 66 6b 43 31 47 72 4a 35 65 58 6e 61 38 4d 58 |5fkC1GrJ5eXna8MX|
|00004eb0| 75 63 68 76 2f 76 72 39 35 58 4c 2b 66 4d 6b 70 |uchv/vr95XL+fMkp|
|00004ec0| 50 50 66 46 6f 75 63 66 34 35 2f 51 4d 62 66 2f |PPfFoucf45/QMbf/|
|00004ed0| 71 67 4d 4a 57 52 6d 6a 2f 67 65 39 4b 76 48 62 |qgMJWRmj/ge9KvHb|
|00004ee0| 79 64 4b 72 47 54 58 31 58 61 35 61 2b 6f 37 37 |ydKrGTX1Xa5a+o77|
|00004ef0| 65 6e 6c 57 75 53 38 70 2f 7a 30 47 6d 70 56 71 |enlWuS8p/z0GmpVq|
|00004f00| 79 34 67 75 7a 72 2f 66 30 37 4b 78 70 6b 35 37 |y4guzr/f07Kxpk57|
|00004f10| 58 67 4b 64 37 79 72 46 64 61 37 50 76 2b 2f 62 |XgKd7yrFda7Pv+/b|
|00004f20| 74 32 30 70 4f 50 61 2b 31 47 33 61 5a 48 57 73 |t20pOPa+1G3aZHWs|
|00004f30| 68 35 55 79 61 78 6b 31 39 56 35 6c 5a 57 64 58 |h5Uyaxk19V5lZWdX|
|00004f40| 65 64 2f 65 4b 62 37 38 2f 72 65 64 65 65 72 76 |ed/eKb78/redeerv|
|00004f50| 4d 39 4d 4c 78 4a 67 4a 47 44 70 42 48 31 34 66 |M9MLxJgJGDpBH14f|
|00004f60| 4d 39 6c 53 36 65 54 4e 4c 69 63 66 2f 70 66 43 |M9lS6eTNLicf/pfC|
|00004f70| 4e 58 35 55 37 58 6b 53 51 4b 55 78 4e 72 4a 70 |NX5U7XkSQKUxNrJp|
|00004f80| 6f 78 6d 73 76 71 47 6e 54 69 68 76 6a 6a 7a 37 |oxmsvqGnTihvjjz7|
|00004f90| 73 70 73 43 70 4c 2b 6a 50 37 36 2b 32 53 41 6a |spsCpL+jP76+2SAj|
|00004fa0| 77 37 4e 43 6e 39 4e 49 4c 67 77 78 35 58 41 47 |w7NCn9NILgwx5XAG|
|00004fb0| 67 50 4e 77 43 41 4d 43 51 43 6e 73 42 46 4f 38 |gPNwCAMCQCnsBFO8|
|00004fc0| 2b 6e 33 48 74 68 6a 37 64 73 46 50 58 72 39 2b |+n3Hthj7dsFPXr9+|
|00004fd0| 30 36 4c 62 71 36 75 70 2f 6f 52 37 64 4f 38 6d |06Lbq6up/oR7dO8m|
|00004fe0| 33 33 2b 4d 6c 70 6d 33 61 73 6c 63 48 44 35 6d |33+Mlpm3aslcHD5m|
|00004ff0| 2f 61 6c 78 54 4a 30 2b 6c 36 71 74 69 67 37 35 |/alxTJ0+l6qtig75|
|00005000| 4a 55 6e 38 66 72 31 71 4e 59 56 41 54 61 52 63 |JUn8fr1qNYVATaRc|
|00005010| 75 36 2f 64 42 69 38 77 32 2f 6e 74 36 64 74 5a |u6/dBi8w2/nt6dtZ|
|00005020| 58 45 51 73 56 75 57 36 65 42 67 2f 6f 58 57 37 |XEQsVuW6eBg/oXW7|
|00005030| 6a 58 35 4a 61 74 6d 77 68 6e 79 63 66 30 39 71 |jX5Jatmwhnycf09q|
|00005040| 50 51 35 51 51 73 30 4a 44 66 5a 38 6f 4d 30 2f |PQ5QQs0JDfZ8oM0/|
|00005050| 55 72 67 50 36 66 64 41 69 70 56 32 34 58 4f 4e |UrgP6fdAipV24XON|
|00005060| 36 66 7a 69 5a 72 44 64 44 6c 70 5a 70 66 48 5a |6fziZrDdDlpZpfHZ|
|00005070| 6f 37 36 68 50 6c 76 31 42 2b 33 63 73 55 63 44 |o76hPlv1B+3csUcD|
|00005080| 49 67 52 57 4f 6f 4e 36 79 5a 51 73 4e 48 74 42 |IgRWOoN6yZQsNHtB|
|00005090| 62 6b 65 76 6d 36 61 75 49 68 65 72 70 32 62 6e |bkevm6auIherp2bn|
|000050a0| 45 36 78 6e 58 62 75 69 74 50 79 33 54 76 71 2b |E6xnXbuitPy3Tvq+|
|000050b0| 50 56 71 75 32 66 56 38 66 31 56 74 2f 57 6c 61 |PVqu2fV8f1Vt/Wla|
|000050c0| 6d 73 66 58 6f 77 78 32 31 36 34 75 46 2b 76 4c |msfXowx2164uF+vL|
|000050d0| 7a 2b 52 6f 38 6f 48 65 46 41 63 38 76 48 65 77 |z+Ro8oHeFAc8vHew|
|000050e0| 55 4d 48 4b 67 76 6f 70 59 70 4c 56 2f 2f 36 4d |UMHKgvopYpLV//6M|
|000050f0| 36 64 58 51 70 38 58 72 4b 6d 54 53 39 47 62 4a |6dXQp8XrKmTS9GbJ|
|00005100| 55 50 35 78 4d 72 6e 4a 64 4f 54 6d 35 2b 75 6a |UP5xMrnJdOTm5+uj|
|00005110| 76 6d 38 77 32 2f 6a 74 31 64 4e 48 61 76 2f 39 |vm8w2/jt1dNHav/9|
|00005120| 52 2b 33 63 73 30 55 75 6a 42 38 6e 4a 73 55 32 |R+3cs0UujB8nJsU2|
|00005130| 35 44 62 77 6d 54 5a 72 6f 51 64 63 48 39 49 66 |5DbwmTZroQdcH9If|
|00005140| 2f 48 71 63 6a 2b 31 66 72 72 52 6b 76 79 61 37 |/Hqcj+1frrRkvya7|
|00005150| 56 66 53 58 6d 71 65 6d 2b 75 31 66 5a 74 62 70 |VfSXmqem+u1fZtbp|
|00005160| 50 62 30 34 66 71 2b 38 50 66 71 4a 46 38 33 36 |Pb04fq+8PfqJF836|
|00005170| 76 78 33 74 30 4c 66 63 32 70 52 59 74 62 50 52 |vx3t0Lfc2pRYtbPR|
|00005180| 34 6a 36 35 61 4e 4f 2f 33 4f 68 47 2f 54 6d 39 |4j65aNO/3OhG/Tm9|
|00005190| 4f 48 31 74 6d 2f 30 72 53 33 7a 37 65 70 4e 68 |OH1tm/0rS3z7epNh|
|000051a0| 53 34 5a 41 35 7a 5a 6f 31 31 52 75 2f 44 39 44 |S4ZA5zZo11Ru/D9D|
|000051b0| 56 66 2b 39 53 58 6e 70 73 30 63 2b 4e 63 37 73 |Vf+9SXnps0c+Nc7s|
|000051c0| 31 61 64 79 49 45 76 4d 2b 2b 6e 42 48 6e 54 67 |1adyIEvM++nBHnTg|
|000051d0| 55 58 6d 4b 2b 30 6a 2b 62 50 35 31 54 36 2f 41 |UXmK+0j+bP51T6/A|
|000051e0| 4f 41 4f 34 31 42 41 41 41 44 4d 76 63 57 41 42 |OAO41BAAADMvcWAB|
|000051f0| 31 30 58 41 75 33 57 33 65 30 6c 66 4e 57 37 5a |10XAu3W3e0lfNW7Z|
|00005200| 73 6f 52 64 48 2b 5a 62 34 34 70 31 78 37 59 59 |soRdH+Zb44p1x7YY|
|00005210| 32 52 75 7a 52 7a 5a 74 5a 46 74 6c 47 62 6d 36 |2RuzRzZtZFtlGbm6|
|00005220| 75 50 6f 2b 4d 30 51 39 4a 4b 53 57 6d 2b 77 2f |uPo+M0Q9JKSWm+w/|
|00005230| 33 71 64 64 48 66 2b 58 6b 35 47 70 78 32 4d 59 |3qddHf+Xk5Gpx2MY|
|00005240| 53 41 36 38 56 6d 76 72 4b 73 39 71 78 65 59 48 |SA68VmvrKs9qxeYH|
|00005250| 36 2b 2f 53 73 56 6c 64 34 4b 79 73 72 50 64 61 |6+/SsVld4KysrPda|
|00005260| 39 6b 38 49 2f 4e 69 6c 6f 2b 6f 74 6c 58 6f 2f |9k8I/Nilo+otlXo/|
|00005270| 38 4d 6c 5a 2f 58 37 4f 6c 52 76 64 32 2f 35 79 |8MlZ/X7OlRvd2/5y|
|00005280| 65 6f 5a 43 35 4b 38 70 30 72 65 37 56 6f 36 73 |eoZC5K8p0re7Vo6s|
|00005290| 32 66 66 4b 75 58 6e 7a 42 74 31 70 50 67 47 6a |2ffKuXnzBt1pPgGj|
|000052a0| 53 70 49 6e 36 2b 2f 54 55 6c 76 58 76 36 61 55 |SpIn6+/TUlvXv6aU|
|000052b0| 58 66 45 75 38 6c 6e 49 6d 54 52 75 2b 2b 4b 63 |XfEu8lnImTRu++Kc|
|000052c0| 79 4d 37 4f 72 74 4b 37 6b 6c 48 4e 36 2b 38 2f |yM7OrtK7klHN6+8/|
|000052d0| 4c 79 77 51 54 51 77 62 32 55 57 54 34 50 41 31 |LywQTQwb2UWT4PA1|
|000052e0| 34 75 6e 72 37 30 63 62 47 57 67 45 6a 42 79 6f |4unr70cbGWgEjByo|
|000052f0| 69 66 4b 34 47 50 74 32 7a 78 47 74 78 43 63 63 |ifK4GPt2zxGtxCcc|
|00005300| 56 45 62 57 2f 53 75 73 70 37 4a 58 77 37 76 78 |VEbW/Susp7JXw7vx|
|00005310| 2f 6c 48 6e 74 32 61 46 50 61 65 66 6d 42 51 6f |/lHnt2aFPaefmBQo|
|00005320| 59 4f 62 44 61 54 38 37 34 70 59 4f 64 2f 76 4b |YObDaT874pYOd/vK|
|00005330| 48 69 64 72 2b 2b 58 77 39 2b 6e 44 48 45 71 2f |Hidr++Xw9+nDHEq/|
|00005340| 56 4a 4b 53 34 46 33 56 6f 37 36 67 56 48 77 56 |VJKS4F3Vo76gVHwV|
|00005350| 70 7a 68 38 6e 79 64 6d 70 65 6f 38 54 76 62 2b |pzh8nydmpeo8Tvb+|
|00005360| 74 67 2b 62 38 63 5a 4a 57 66 42 52 55 34 6c 59 |tg+b8cZJWfBRU4lY|
|00005370| 42 4b 58 2f 2f 66 68 43 32 55 54 39 64 54 4c 64 |BKX//fhC2UT9dTLd|
|00005380| 6b 75 51 43 41 47 69 41 41 41 47 42 59 39 64 45 |kuQCAGiAAAGBY9dE|
|00005390| 4c 34 4f 62 4e 4c 49 56 76 2f 4b 70 45 74 2f 6c |L4ObNLIVv/KpEt/l|
|000053a0| 6e 68 7a 36 6c 33 6c 36 57 75 66 70 66 71 48 66 |nhz6l3l6WufpfqHf|
|000053b0| 50 62 76 49 76 4e 66 4c 2f 6c 75 32 78 53 6a 7a |PbvIvNfL/lu2xSjz|
|000053c0| 2b 4c 34 75 73 50 2f 56 4d 6d 6e 62 39 73 2b 53 |+L4usP/VMmnb9s+S|
|000053d0| 39 2f 2f 31 39 76 50 53 62 70 78 36 7a 79 50 71 |9//19vPSbpx6zyPq|
|000053e0| 72 36 70 2f 37 45 73 7a 65 44 32 34 4b 6d 71 44 |r6p/7EszeD24KmqD|
|000053f0| 35 66 33 6c 4e 72 58 2f 35 69 78 71 76 32 38 37 |5f3lNrX/5ixqv287|
|00005400| 75 50 76 33 35 6e 64 39 70 6e 6d 6c 79 6d 64 66 |uPv35nd9pnmlymdf|
|00005410| 2b 2b 6b 47 34 2f 72 6b 76 6f 56 72 72 79 38 76 |++kG4/rkvoVrry8v|
|00005420| 4c 30 2b 63 52 65 38 71 4d 55 64 43 72 52 31 64 |L0+cRe8qMUdCrR1d|
|00005430| 39 2f 47 47 51 65 6e 54 76 58 4d 36 53 6c 58 4e |9/GGQenTvXM6SlXN|
|00005440| 79 62 4b 4f 2f 7a 5a 2b 70 4b 52 50 38 53 6b 78 |ybKO/zZ+pKRP8Skx|
|00005450| 33 37 39 68 65 4e 6a 61 56 50 2f 59 73 4a 79 64 |379heNjaVP/YsJyd|
|00005460| 58 66 31 2b 7a 70 63 53 49 38 70 49 30 34 68 6c |Xf1+zpcSI8pI04hl|
|00005470| 76 4c 56 76 30 33 37 57 36 61 74 72 5a 76 59 4e |vLVv037W6atrZvYN|
|00005480| 57 2f 75 30 74 6a 58 6a 47 75 32 69 61 58 61 76 |W/u0tjXjGu2iaXav|
|00005490| 37 31 4c 57 4b 49 37 47 66 2f 76 48 66 57 68 7a |71LWKI7Gf/vHfWhz|
|000054a0| 32 65 5a 6c 65 43 53 50 39 6e 74 62 53 42 62 4e |2eZleCSP9ntbSBbN|
|000054b0| 71 56 5a 75 56 6c 5a 56 2b 33 66 73 52 72 66 67 |qVZuVlZV+3fsRrfg|
|000054c0| 6f 53 4c 31 36 64 43 33 78 57 6c 7a 43 63 61 33 |oSL16dC3xWlzCca3|
|000054d0| 34 5a 4a 75 79 73 71 6f 57 6f 4e 78 72 4f 72 52 |4ZJuysqoWoNxrOrR|
|000054e0| 33 31 4e 49 46 62 2b 6a 35 45 55 2f 58 61 43 77 |31NIFb+j5EU/XaCw|
|000054f0| 4a 4b 54 2b 67 65 6e 37 45 30 35 72 7a 78 30 6c |JKT+gen7E05rzx0l|
|00005500| 6c 65 67 4a 38 73 57 31 66 6d 64 38 68 41 49 44 |legJ8sW1fmd8hAID|
|00005510| 36 52 77 41 41 77 4e 44 71 75 68 66 41 6f 63 4d |6RwAAwNDquhfAocM|
|00005520| 2f 61 4d 76 32 4f 31 65 72 37 56 72 64 70 37 47 |/aMv2O1er7Vrdp7G|
|00005530| 6a 42 75 6f 58 76 32 68 70 6b 66 55 58 61 74 6d |jBuoXv2hpkfUXatm|
|00005540| 79 68 63 59 38 50 36 44 45 6c 2b 35 7a 61 66 2f |yhcY8P6DEl+5zaf/|
|00005550| 50 33 72 33 48 56 56 58 6c 2f 78 39 2f 47 77 61 |P3r3HVVXl/x9/Gwa|
|00005560| 6b 49 69 6a 47 78 55 59 67 52 39 51 30 44 46 4b |kIijGxUYgR9Q0DFK|
|00005570| 43 45 68 53 44 45 69 2b 54 71 47 6d 6d 54 61 6c |CEhSDEi+TqGmmTal|
|00005580| 39 4b 32 30 6d 30 79 34 7a 36 73 77 55 7a 56 54 |9K20m0y4z6swUzVT|
|00005590| 61 5a 4b 50 5a 2f 4e 52 6d 4a 72 56 47 7a 54 49 |aZKPZ/NRmJrVGzTI|
|000055a0| 56 53 78 51 4c 79 6c 73 46 61 6f 6d 52 42 73 49 |VSxQLylsFaomRBsI|
|000055b0| 6f 59 69 57 51 47 49 67 58 51 49 33 66 48 77 65 |oYiWQGIgXQI3fHwe|
|000055c0| 55 77 7a 6e 41 34 65 5a 42 39 2b 76 35 65 50 68 |UwznA4eZB9+v5ePh|
|000055d0| 34 77 44 70 72 37 37 33 32 50 67 66 58 57 5a 39 |4wDpr7732PgfXWZ9|
|000055e0| 31 4b 39 44 4b 39 7a 39 75 64 49 4f 6d 76 4c 78 |1K9DK9z9udIOmvLx|
|000055f0| 63 36 7a 64 75 74 2b 6a 46 48 6a 37 34 44 6e 6c |c6zdut+jFHj74Dnl|
|00005600| 56 32 34 47 67 4f 66 31 63 57 4b 7a 2f 76 50 4f |V24GgOf1cWKz/vPO|
|00005610| 52 52 63 50 77 38 59 64 48 36 70 6b 6e 37 6d 2b |RRcPw8YdH6pkn7m+|
|00005620| 53 4c 52 78 62 74 78 76 54 44 71 38 41 41 43 41 |SLRxbtxvTDq8AACA|
|00005630| 41 53 55 52 42 56 48 62 51 37 78 38 5a 72 63 63 |ASURBVHbQ7x8Zrcc|
|00005640| 66 48 6d 6d 57 58 6e 7a 71 6a 50 37 7a 7a 6b 66 |fHmmWXnzqjP7zzkf|
|00005650| 31 32 6c 33 68 53 45 36 75 33 6e 35 33 73 31 6d |12l3hSE6u3n53s1m|
|00005660| 61 53 37 73 32 2b 75 75 66 2f 6b 38 33 39 2b 72 |aS7s2+uuf/k839+r|
|00005670| 61 36 4c 4b 36 75 4c 54 52 69 33 39 35 56 48 39 |a6LK6uLTRi395VH9|
|00005680| 36 2b 6b 45 46 39 4f 71 71 4f 63 38 2f 70 6b 63 |6+kEF9OqqOc8/pkc|
|00005690| 6e 6a 72 42 70 76 6e 4e 71 57 71 5a 57 72 76 6e |njrBpvnNqWqZWrvn|
|000056a0| 59 4c 4f 32 6d 37 72 37 36 36 2b 7a 2f 61 35 4a |YLO2m7r766+z/a5J|
|000056b0| 46 44 32 2f 6f 66 4c 33 65 2b 50 73 4d 50 66 4c |FD2/ofL3e+PsMPfL|
|000056c0| 51 62 78 54 51 71 36 76 2b 33 37 79 6e 4e 4d 7a |QbxTQq6v+37ynNMz|
|000056d0| 4b 46 49 76 71 4c 6c 79 34 6f 50 2b 75 33 6d 4c |KFIvqLly4oP+u3mL|
|000056e0| 78 57 52 73 55 66 71 76 6d 76 7a 78 4e 6e 68 34 |xWRsUfqvmvzxNnh4|
|000056f0| 64 47 31 30 32 53 65 6f 62 32 46 4f 76 76 44 44 |dG102Seob2FOvvDD|
|00005700| 56 6f 71 66 36 58 38 73 2f 74 47 6d 6f 2b 74 58 |Voqf6X8s/tGmo+tX|
|00005710| 6f 64 2f 38 33 57 6e 66 66 47 64 7a 6f 2b 66 4b |od/83WnffGdzo+fK|
|00005720| 74 57 72 58 53 32 4a 47 52 2b 73 4f 54 34 79 31 |tWrXS2JGR+sOT4y1|
|00005730| 65 57 2f 76 68 31 6d 62 62 6f 51 51 41 59 42 73 |eW/vh1mbboQQAYBs|
|00005740| 43 41 41 41 4d 72 54 6c 48 41 56 6a 72 2f 59 2b |CAAAMrTlHAVjr/Y+|
|00005750| 4f 43 6d 6d 32 4f 66 50 42 74 39 36 6b 36 4b 67 |OCmm2OfPBt96k6Kg|
|00005760| 51 73 37 51 4e 6d 33 59 6f 37 63 43 68 52 70 30 |Qs7QNm3Yo7cChRp0|
|00005770| 33 4e 36 39 41 6d 78 4f 54 7a 64 4a 43 2b 76 62 |3N69AmxOTzdJC+vb|
|00005780| 53 50 55 50 43 4c 75 76 69 57 70 39 74 2f 39 71 |SPUPCLuviWp9t/9q|
|00005790| 69 4e 37 31 2f 53 49 43 65 6e 54 61 2b 53 52 63 |iN71/SICenTa+SRc|
|000057a0| 68 62 4e 76 32 4f 76 33 6c 44 78 4d 31 37 4f 37 |hbNv2Ov3lDxM17O7|
|000057b0| 62 7a 64 4c 58 78 48 32 6d 7a 37 5a 2f 62 66 4e |bzdLXxH2mz7Z/bfN|
|000057c0| 35 6b 72 5a 39 5a 64 48 44 2f 75 6a 45 65 7a 53 |5krZ9ZdHD/ujEezS|
|000057d0| 77 66 32 43 54 6c 46 4f 53 4f 6e 5a 6f 72 78 66 |wf2CTlFOSOnZorxf|
|000057e0| 2f 38 71 69 2b 2b 65 49 64 7a 5a 7a 78 57 35 75 |/8qi++eIdzZzxW5u|
|000057f0| 43 49 42 63 75 58 4e 43 48 6d 33 5a 61 44 50 31 |CIBcuXNCHm3ZaDP1|
|00005800| 2f 62 4e 49 49 42 66 54 2b 64 5a 4f 56 72 63 75 |/bNIIBfT+dZOVrcu|
|00005810| 76 50 50 57 76 31 2f 2b 6f 62 37 35 34 52 37 38 |vPPWv1/+ob754R78|
|00005820| 64 46 32 33 54 61 75 7a 70 42 33 50 30 77 51 62 |dF23TauzpB3P0wQb|
|00005830| 7a 39 39 6a 62 30 31 31 2f 66 75 61 68 4a 67 6c |z99jb011/fuahJgl|
|00005840| 4d 56 42 56 32 65 78 2f 39 37 76 39 47 6d 36 55 |MVBV2ex/97v9Gm6U|
|00005850| 31 31 7a 6f 67 4c 64 32 67 38 46 73 31 66 73 78 |11zogLd2g8Fs1fsx|
|00005860| 64 64 53 37 53 5a 36 76 57 72 52 30 30 59 63 7a |ddS7SZ6vWrR00Ycz|
|00005870| 64 46 71 4d 73 6b 6e 66 76 31 36 48 73 48 35 72 |dFqMsknfv16HsH5r|
|00005880| 6b 47 67 43 41 68 69 45 41 41 4d 44 77 6d 6d 73 |kGgCAhiEAAMDwmms|
|00005890| 55 67 4e 58 65 2f 7a 6f 57 65 32 75 4d 44 6d 34 |UgNXe/zoWe2uMDm4|
|000058a0| 75 6d 6a 44 6d 62 72 4e 52 41 45 65 4f 35 6d 6e |umjDmbrNRAEeO5mn|
|000058b0| 39 52 39 73 61 74 54 66 35 70 6f 2b 54 6c 62 68 |9R9satTf5po+Tlbh|
|000058c0| 31 6a 31 6e 61 33 58 66 65 4a 70 39 71 76 61 66 |1j1na3XfeJp9qvaf|
|000058d0| 4e 36 66 54 70 73 2f 6f 6f 77 58 4c 65 2f 39 53 |N6fTps/oowXLe/9S|
|000058e0| 48 52 38 72 50 31 37 76 4a 72 2b 66 6c 36 61 35 |HR8rP17vJr+fl6a5|
|000058f0| 48 48 72 72 48 59 68 6a 7a 52 77 6b 37 62 57 6f |HHrrHYhjzRwk7bWo|
|00005900| 63 46 68 57 64 55 6b 4b 53 65 64 44 6b 70 75 36 |cFhWdUkKSedDkpu6|
|00005910| 2b 65 6e 42 63 64 4c 33 6e 72 6a 65 31 37 33 2f |+enBcdL3nrje173/|
|00005920| 34 53 55 6e 62 7a 4e 2f 50 51 65 47 33 36 74 34 |4SUnbzN/PQeG36t4|
|00005930| 52 67 2b 79 2b 57 76 72 4f 35 48 30 57 36 30 79 |Rg+y+WvrO5H0W60y|
|00005940| 4d 48 33 4f 58 2b 6f 63 47 4e 50 6d 31 48 42 77 |MH3OX+ocGNPm1HBw|
|00005950| 63 4e 48 37 4d 58 52 6f 55 62 6a 36 4e 35 66 50 |cNH7MXRoUbj6N5fP|
|00005960| 6b 4e 50 33 76 73 4c 45 61 71 63 4d 48 33 36 48 |kNP3vsLEaqcMH36H|
|00005970| 4f 33 76 57 62 38 31 38 58 6e 79 36 65 75 76 74 |O3vWb818Xny6euvt|
|00005980| 4f 38 38 56 4a 6a 2b 55 56 61 4d 2f 65 39 43 61 |O88VJj+UVaM/e9Ca|
|00005990| 39 44 67 43 67 66 67 67 41 41 44 43 38 35 68 67 |9DgCgfggAADC85hg|
|000059a0| 46 59 47 33 4c 76 4f 69 6f 45 41 31 6f 77 74 35 |FYG3LvOioEA1owt5|
|000059b0| 66 61 77 62 30 44 31 52 55 74 57 30 4d 31 32 2f |fawb0D1RUtW0M12/|
|000059c0| 63 72 6f 7a 4d 6d 76 66 72 72 73 33 50 68 63 57 |crozMmvfrrs3PhcW|
|000059d0| 4b 2f 39 68 38 32 37 6d 62 75 76 76 71 76 6c 47 |K/9h827mbuvvqvlG|
|000059e0| 52 54 64 5a 62 61 49 76 73 6e 46 79 6c 37 44 45 |RTdZbaIvsnFyl7DE|
|000059f0| 66 46 6a 35 79 2b 41 41 4e 72 64 5a 4c 33 35 53 |fFj5y+AANrdZL35S|
|00005a00| 73 50 55 74 62 47 34 64 5a 68 37 2f 58 35 38 6e |sPUtbG4dZh7/X58n|
|00005a10| 6d 76 66 39 33 44 51 70 57 44 33 2b 66 47 6f 36 |mvf93DQpWD3+fGo6|
|00005a20| 34 66 50 5a 39 6d 36 55 76 64 6e 31 72 6c 74 59 |4fPZ9m6Uvdn1rltY|
|00005a30| 63 44 63 44 36 4b 69 34 2b 59 2f 48 4d 76 44 33 |cDcD6Ki4+Y/HMvD3|
|00005a40| 64 4e 58 62 6b 6e 63 30 57 4e 4f 6e 73 33 63 6c |dNXbknc0WNOns3cl|
|00005a50| 69 39 34 66 4d 51 39 38 72 61 56 76 39 31 6e 75 |i94fMQ98raVv91nu|
|00005a60| 34 30 76 55 4c 36 74 6e 6b 77 52 38 48 42 77 65 |40vUL6tnkwR8HBwe|
|00005a70| 4c 76 78 2f 4a 74 4a 74 49 57 64 6d 35 4a 72 30 |Lvx/JtJtIWdm5Jr0|
|00005a80| 57 41 4d 42 32 42 41 41 41 51 45 30 2f 43 6d 44 |WAMB2BAAAQE0/CmD|
|00005a90| 66 74 31 6b 57 77 39 58 48 6a 59 70 71 39 68 58 |ft1kWw9XHjYpq9hX|
|00005aa0| 7a 4f 37 69 35 36 49 47 78 35 71 76 44 66 33 66 |zO7i56IGx5qvDf3f|
|00005ab0| 77 69 4e 35 62 6c 36 51 4c 46 2b 6f 2f 43 6d 44 |wiN5bl6QLF+o/CmD|
|00005ac0| 37 35 36 6b 57 76 66 39 33 44 51 70 57 74 36 34 |756kWvf93DQpWt64|
|00005ad0| 33 4e 4b 71 63 39 66 58 74 64 34 63 73 65 6f 62 |3NKqc9fXtd4cseob|
|00005ae0| 44 62 37 2b 6c 57 5a 39 6e 42 7a 63 58 69 2b 30 |Db7+lWZ9nBzcXi+0|
|00005af0| 56 4d 77 39 39 62 39 4f 55 69 76 33 66 48 54 59 |VMw99b9OUiv3fHTY|
|00005b00| 4c 2f 6b 6a 53 62 58 31 37 32 62 33 33 76 37 79 |L/kjSbX172b33v7y|
|00005b10| 38 58 46 2f 76 79 7a 42 4c 63 32 6e 58 52 69 48 |8XF/vyzBLc2nXRiH|
|00005b20| 39 65 74 6d 39 39 2f 2f 48 33 4f 50 36 5a 72 2f |9etm99//H3OP6Zr/|
|00005b30| 35 6f 70 56 52 45 66 31 30 55 33 66 62 46 67 39 |5opVREf10U3fbFg9|
|00005b40| 73 69 46 61 74 57 69 6b 71 6f 70 2f 38 75 2f 37 |siFatWikqop/8u/7|
|00005b50| 4b 4c 50 31 41 78 6d 47 64 4f 56 50 53 62 4e 64 |KLP1AxmGdOVPSbNd|
|00005b60| 74 53 51 4a 36 64 5a 58 48 39 52 32 61 35 64 79 |tSQJ6dZXH9R2a5dy|
|00005b70| 64 76 54 75 70 62 32 41 50 73 37 53 44 57 55 64 |dvTupb2APs7SDWUd|
|00005b80| 31 32 69 44 50 46 67 42 61 49 67 49 41 41 4b 43 |12iDPFgBaIgIAAKC|
|00005b90| 61 52 77 47 38 73 7a 70 42 4a 30 2b 65 72 74 65 |aRwG8szpBJ0+erte|
|00005ba0| 35 53 6b 76 4c 74 50 4c 39 6a 79 31 57 2f 68 39 |5SkvLtPL9jy1W/h9|
|00005bb0| 30 6d 56 62 4d 44 37 75 39 6a 2b 34 5a 45 6d 61 |0mVbMD7u9j+4ZEma|
|00005bc0| 57 39 75 48 6d 6e 63 6f 36 56 4c 39 68 7a 61 64 |W9uHmnco6VL9hzad|
|00005bd0| 50 6e 31 56 63 2f 48 61 7a 52 66 65 38 50 64 30 |Pn1Vc/HazRfe8Pd0|
|00005be0| 31 59 57 7a 39 74 32 42 72 6a 50 4c 79 63 6f 76 |1YWz9t2BrjPLycov|
|00005bf0| 74 32 62 77 39 33 54 57 67 2f 79 33 4e 66 75 31 |t2bw93TWg/y3Nfu1|
|00005c00| 2b 51 54 33 4e 50 68 4f 53 71 58 46 66 57 7a 44 |+QT3NPhOSqXFfWzD|
|00005c10| 6c 77 6f 55 4c 53 6a 39 6f 50 75 4c 43 76 2b 75 |lwoULSj9oPuLCv+u|
|00005c20| 76 46 4e 41 45 43 2f 38 31 31 71 6c 54 5a 33 55 |vFNAEC/811qlTZ3U|
|00005c30| 6f 2b 30 65 7a 74 4c 36 42 50 58 53 6a 62 32 63 |o+0eztL6BPXSjb2c|
|00005c40| 37 6c 65 69 53 76 50 77 54 32 76 64 74 6c 6c 6c |7leiSvPwT2vdtlll|
|00005c50| 61 55 4a 2f 75 63 6e 47 78 33 46 65 2b 4b 66 6c |aUJ/ucnGx3Fe+Kfl|
|00005c60| 32 38 64 49 74 41 65 62 62 41 6d 59 64 2b 6b 47 |28dItAebbAmYd+kG|
|00005c70| 46 52 61 65 61 39 62 6f 74 78 54 58 58 58 4e 4e |FRaea9botxTXXXNN|
|00005c80| 73 77 5a 38 4f 62 69 37 71 31 4e 48 56 4c 4b 32 |swZ8Obi7q1NHVLK2|
|00005c90| 30 37 46 79 6a 70 69 51 42 41 42 71 48 41 41 41 |07FyjpiQBABqHAAA|
|00005ca0| 41 56 4c 41 32 43 6d 44 39 78 75 31 4b 33 6c 4f |AVLA2CmD9xu1K3lO|
|00005cb0| 2f 55 51 44 57 65 76 38 66 47 44 75 34 32 58 76 |/UQDWev8fGDu42Xv|
|00005cc0| 2f 4b 33 6c 63 33 30 46 6a 52 39 35 70 55 61 62 |/K3lc30FjR95pUab|
|00005cd0| 34 4c 56 2b 6f 76 4c 7a 63 35 76 50 73 54 7a 2b |4LV+ovLzc5vPsTz+|
|00005ce0| 73 4c 55 6e 6d 32 33 59 4e 6a 72 78 4e 76 58 76 |sLUnm23YNjrxNvXv|
|00005cf0| 65 32 43 54 6c 74 46 56 4a 53 5a 6c 79 38 30 36 |e2CTltFVJSZly806|
|00005d00| 59 70 66 58 77 39 35 47 33 5a 2f 4d 50 57 66 66 |YpfXw95G3Z/MPWff|
|00005d10| 32 37 47 51 78 62 50 2f 37 48 2f 4e 31 35 6b 78 |27GQxbP/7H/N15kx|
|00005d20| 70 6a 63 65 55 6c 5a 33 58 69 5a 39 50 6d 71 58 |pjceUlZ3XiZ9PmqX|
|00005d30| 35 2b 6e 6a 56 65 31 2f 31 35 6c 42 32 37 70 7a |5+njVe1/15lB27pz|
|00005d40| 79 66 2f 72 5a 4c 4b 31 62 31 78 76 6b 35 74 72 |yf/rZLK1b1xvk5tr|
|00005d50| 4f 54 69 57 36 35 4f 67 50 2b 52 5a 70 54 62 46 |OTiW65OgP+RZpTbF|
|00005d60| 62 51 6c 33 61 74 62 74 4f 2f 6c 32 37 6d 4b 58 |bQl3atbtO/l27mKX|
|00005d70| 39 38 4f 4e 50 4f 6c 37 41 6e 76 57 4e 64 5a 32 |98ONPOl7AnvWNdZ2|
|00005d80| 7a 6b 37 72 38 79 73 4d 73 37 61 66 6a 68 52 5a |zk7r8ysMs7afjhRZ|
|00005d90| 2f 48 77 43 41 79 34 63 41 41 41 42 55 71 47 6b |/HwCAy4cAAABUqGk|
|00005da0| 55 77 4d 72 33 50 37 5a 35 46 49 43 31 33 76 39 |UwMr3P7Z5FIC13v9|
|00005db0| 37 68 6f 51 70 37 50 59 2b 54 56 37 65 32 74 77 |7hoQp7PY+TV7e2tw|
|00005dc0| 35 34 46 61 4c 2b 62 66 72 50 74 71 6d 49 7a 6d |54FaL+bfrPtqmIzm|
|00005dd0| 35 4e 68 31 76 37 54 35 63 32 72 58 52 2f 66 66 |5Nh1v7T5c2rXR/ff|
|00005de0| 65 31 61 51 72 37 74 76 69 7a 4e 6b 53 5a 65 63 |e1aQr7tvizNkSZec|
|00005df0| 63 4d 30 76 72 35 4f 36 71 74 6d 32 63 6d 2f 33 |cM0vr5O6qtm2cm/3|
|00005e00| 61 4c 75 33 61 71 4d 73 4e 35 67 32 59 2f 4a 39 |aLu3aqMsN5g2Y/J9|
|00005e10| 2b 56 74 6d 35 6d 75 63 77 57 79 75 76 6d 32 73 |+Vtm5mucwWyuvm2s|
|00005e20| 37 4f 56 37 62 75 6c 6e 4b 57 42 2f 48 43 34 71 |7OV7bulnKWB/HC4q|
|00005e30| 55 6d 32 38 65 54 48 46 70 31 38 61 6d 46 66 71 |Um28eTHFp18amFfq|
|00005e40| 62 57 2f 57 52 43 64 36 65 37 75 72 59 6f 66 6d |bW/WRCd6e7urYofm|
|00005e50| 44 5a 67 34 4f 44 76 4c 31 4d 56 2f 51 4d 76 50 |DZg4ODvL1MV/QMvP|
|00005e60| 51 39 78 62 62 54 61 4c 2b 57 72 56 71 4a 59 64 |Q9xbbTaL+WrVqJYd|
|00005e70| 72 37 50 2f 5a 41 67 42 63 51 67 41 41 41 4b 70 |r7P/ZAgBcQgAAAKp|
|00005e80| 6f 37 43 67 41 61 37 33 2f 59 30 66 65 32 57 78 |o7CgAa73/Y0fe2Wx|
|00005e90| 7a 62 47 76 69 37 64 56 4a 34 30 5a 46 6d 61 56 |zbGvi7dVJ40ZFmaV|
|00005ea0| 39 6e 70 4b 6d 54 7a 37 62 62 64 4d 6f 67 4b 78 |9npKmTz7bbdMogKx|
|00005eb0| 44 50 2b 69 54 7a 33 61 62 70 55 56 46 39 47 75 |DP+iTz3abpUVF9Gu|
|00005ec0| 32 4c 51 7a 72 79 37 32 44 71 78 77 64 72 32 33 |2LQzry72Dqxwdr23|
|00005ed0| 32 36 37 52 75 37 61 41 32 31 35 6b 48 47 6b 72 |267Ru7aA215kHGkr|
|00005ee0| 4c 7a 71 6d 30 74 48 36 4c 6d 46 32 75 38 6a 5a |Lzqm0tH6LmF2u8jZ|
|00005ef0| 45 42 37 66 32 4c 62 4a 73 48 74 64 33 55 4c 75 |EB7f2LbJsHtd3ULu|
|00005f00| 32 7a 54 76 38 76 35 4b 31 36 78 53 63 6f 4a 63 |2zTv8v5K16xScoJc|
|00005f10| 61 41 48 44 31 49 51 41 41 41 46 55 30 5a 68 52 |aAHD1IQAAAFU0ZhR|
|00005f20| 41 61 57 6d 5a 33 6c 2f 2f 71 55 58 76 2f 31 32 |AaWmZ3l//qUXv/12|
|00005f30| 44 67 70 75 74 76 4c 57 4a 6a 67 71 78 32 4f 4c |DgputvLWJjgqx2OL|
|00005f40| 73 2f 62 68 50 6c 56 74 74 63 62 72 71 4c 6c 79 |s/bhPlVttcbrqLly|
|00005f50| 34 6f 50 66 57 4a 56 6b 73 75 6a 66 36 6e 6f 6a |4oPfWJVksujf6noj|
|00005f60| 4c 4e 6f 32 68 4a 66 75 35 73 4a 6a 65 59 51 50 |LNo2hJfu5sJjeYQP|
|00005f70| 67 50 51 59 41 58 49 30 49 41 41 42 41 4e 51 30 |gPQYAXI0IAABANQ0|
|00005f80| 64 42 5a 42 32 34 4a 41 2b 32 47 44 65 2b 33 2f |dBZB24JA+2GDe+3/|
|00005f90| 50 6b 4c 44 4c 33 76 74 66 71 62 4e 33 4a 39 30 |PkLDL3vtfqbN3J90|
|00005fa0| 2f 32 6e 77 55 51 4f 4c 57 50 64 72 30 63 58 49 |/2nwUQOLWPdr0cXI|
|00005fb0| 4e 52 35 6a 6b 48 4d 33 54 78 35 2b 61 7a 2f 32 |NR5jkHM3Tx5+az/2|
|00005fc0| 50 69 75 69 6e 4f 79 2f 54 49 6f 61 32 75 50 44 |PiuinOy/TIoa2uPD|
|00005fd0| 4c 68 58 71 74 5a 32 42 76 4c 62 6d 38 46 79 36 |LhXqtZ2BvLbm8Fy6|
|00005fe0| 30 7a 4c 4c 39 38 73 73 76 64 69 32 58 76 66 35 |0zLL98ssvdi2Xvf5|
|00005ff0| 75 41 51 42 6f 54 67 51 41 41 4b 43 61 68 6f 77 |uAQBoTgQAAKCahow|
|00006000| 43 4b 43 30 74 30 2b 71 31 69 54 70 79 4e 4f 39 |CKC0t0+q1iTpyNO9|
|00006010| 69 57 6c 52 45 50 77 32 39 4f 37 54 5a 79 31 75 |iWlREPw29O7TZy1u|
|00006020| 54 56 71 31 61 36 61 35 42 77 65 6f 66 45 6d 43 |TVq1a6a5BweofEmC|
|00006030| 57 2f 75 48 6d 6e 52 59 4c 77 56 55 71 4c 79 2f |W/uHmnRYLwVUqLy/|
|00006040| 58 68 35 74 33 4b 75 57 72 41 32 62 70 77 77 66 |Xh5t3KuWrA2bpwwf|
|00006050| 66 49 61 39 71 71 2b 46 66 4c 6f 37 58 58 6d 76 |fIa9qq+FfLo7XXmv|
|00006060| 52 47 44 76 36 66 62 37 4f 6c 74 53 38 45 46 39 |RGDv6fb7OltS8EF9|
|00006070| 54 73 54 61 66 76 79 37 32 4c 47 39 64 58 4e 71 |TsTafvy72LG9dXNq|
|00006080| 31 73 52 6a 46 6b 5a 74 33 51 69 55 6c 5a 58 59 |1sRjFkZt3QiUlZXY|
|00006090| 71 30 53 58 74 71 71 30 74 6b 58 62 67 6b 41 70 |q0SXtqq0tkXbgkAp|
|000060a0| 4f 46 46 32 57 61 31 64 66 66 30 43 53 32 6c 7a |OFF2Wa1dff0CS2lz|
|000060b0| 6e 64 46 6d 75 44 51 44 41 35 55 51 41 41 41 43 |ndFmuDQDA5UQAAAC|
|000060c0| 73 71 4f 38 6f 41 47 75 39 2f 2b 4e 47 52 64 6c |sqO8oAGu9/+NGRdl|
|000060d0| 39 35 58 64 66 48 79 2b 4e 2b 73 31 41 73 37 51 |95XdfHy+N+s1As7Q|
|000060e0| 50 4e 2b 2f 55 7a 69 2b 2f 73 5a 6f 2f 4e 36 39 |PN+/Uzi+/sZo/N69|
|000060f0| 41 47 37 64 38 59 5a 59 57 30 72 65 58 37 68 6b |AG7d8YZYW0reX7hk|
|00006100| 53 5a 72 64 39 34 71 2b 39 74 72 56 63 32 70 6e |SZrd94q+9trVc2pn|
|00006110| 50 30 66 34 78 39 37 68 2b 4f 74 37 38 71 37 52 |P0f4x97h+Ot78q7R|
|00006120| 62 57 7a 53 76 4c 74 62 4b 65 2f 78 45 6b 58 34 |bWzSvLtbKe/xEkX4|
|00006130| 75 4c 47 37 4b 6f 6a 58 49 64 64 63 35 57 53 79 |uLG7KojXIddc5WSy|
|00006140| 65 2b 50 32 50 2b 53 6f 70 74 58 38 41 6f 4c 4f |e+P2P+SoptX8AoLO|
|00006150| 33 35 64 2f 4b 2f 77 37 58 62 2b 76 4b 68 6a 44 |35d/K/w7Xb+vKhjD|
|00006160| 74 4d 6d 45 2b 4c 53 61 67 56 31 65 35 56 39 75 |tMmE+LSagV1e5V9u|
|00006170| 2b 7a 68 70 72 6f 77 52 79 76 73 2b 7a 6b 68 4d |+zhprowRyvs+zkhM|
|00006180| 41 67 4a 61 42 41 41 41 41 57 46 47 66 55 51 41 |AgJaBAAAAWFGfUQA|
|00006190| 74 73 66 65 2f 55 71 74 57 72 54 52 79 2b 41 43 |tsfe/UqtWrTRy+AC|
|000061a0| 46 39 4f 31 6c 6c 72 37 69 2f 53 31 57 47 36 53 |F9O1llr7i/S1WG6S|
|000061b0| 66 62 76 39 61 69 56 76 33 6d 4b 58 64 66 65 64 |fbv9aiVv3mKXdfed|
|000061c0| 74 38 75 6e 69 61 5a 48 33 63 6e 46 32 64 6c 53 |t8uniaZH3cnF2dlS|
|000061d0| 33 72 72 38 79 53 30 73 37 63 45 67 48 73 34 34 |3rr8yS0s7cEgHs44|
|000061e0| 32 2b 37 55 7a 4d 6e 4d 73 39 71 61 76 69 37 58 |2+7UzMnMs9qavi7X|
|000061f0| 79 66 70 57 61 6f 63 4e 48 36 6a 65 53 6f 44 6d |yfpWaocNH6jeSoDm|
|00006200| 30 62 65 4f 73 37 74 33 4d 74 37 77 37 6d 48 56 |0beOs7t3Mt7w7mHV|
|00006210| 55 52 31 74 41 6f 37 56 62 31 78 76 4d 2f 74 34 |UR1tAo7Vb1xvM/t4|
|00006220| 6b 4b 54 55 74 55 32 56 6c 39 56 74 77 73 62 35 |kKTUtU2Vl9Vtwsb5|
|00006230| 4f 2f 48 78 53 42 7a 4b 79 7a 64 49 38 50 54 72 |O/HxSBzKyzdI8PTr|
|00006240| 61 46 41 43 77 4e 6b 71 67 75 50 69 4d 4c 6c 78 |aFACwNkqguPiMLlx|
|00006250| 67 6e 33 73 41 51 4d 74 45 41 41 41 41 61 6d 44 |gn3sAQMtEAAAAamD|
|00006260| 72 4b 49 43 4d 7a 42 78 74 2b 76 68 4c 73 37 53 |rKICMzBxt+vhLs7S|
|00006270| 78 4d 58 66 61 62 63 68 38 64 58 36 2b 33 68 6f |xMXfabch8dX6+3ho|
|00006280| 37 38 6b 36 7a 74 4d 53 74 65 37 54 39 38 31 53 |78k6ztMSte7T981S|
|00006290| 7a 74 4a 38 4c 69 37 58 32 77 36 31 6d 61 54 64 |ztJ8Li7X2w61maTd|
|000062a0| 31 39 39 56 39 6f 79 4c 6c 34 47 44 66 72 62 78 |199V9oyLl4GDfrbx|
|000062b0| 75 36 33 75 54 52 61 39 36 30 72 59 39 4b 6d 33 |u63uTRa960rY9Km3|
|000062c0| 47 6e 75 76 53 30 6a 49 6c 62 64 74 54 64 30 59 |GnuvS0jIlbdtTd0Y|
|000062d0| 72 72 4a 56 33 78 78 66 37 37 4e 34 77 64 48 53 |rrJV3xxf77N4wdHS|
|000062e0| 38 56 6e 30 44 65 35 71 6c 5a 52 37 36 58 72 75 |8Vn0De5qlZR76Xru|
|000062f0| 2f 54 72 64 54 69 53 37 78 37 65 4b 6c 57 32 37 |/TrdTiS7x7eKlW27|
|00006300| 75 5a 70 62 32 52 63 71 33 2b 75 48 48 6e 35 72 |uZpb2Rcq3+uHHn5r|
|00006310| 31 75 74 39 6c 5a 4f 75 72 31 41 79 7a 74 49 42 |1ut9lZOur1AyztIB|
|00006320| 65 58 65 58 61 76 6d 32 64 78 33 5a 79 64 37 4d |eXeXavm2dx3Zyd7M|
|00006330| 6f 38 2f 63 2f 35 75 76 4d 6d 65 61 5a 37 6c 48 |o8/c/5uvMmeaZ7lH|
|00006340| 54 31 42 30 41 41 47 78 46 41 41 41 41 61 6d 44 |T1B0AAGxFAAAAamD|
|00006350| 4c 4b 49 44 7a 35 79 31 58 7a 42 38 55 66 71 75 |LKIDz5y1XzB8Ufqu|
|00006360| 47 33 6e 32 37 33 59 62 4d 56 39 65 71 56 53 73 |G3n273YbMV9eqVSs|
|00006370| 4e 47 33 79 48 57 55 4f 6c 2b 4e 51 5a 72 66 74 |NG3yHWUOl+NQZrft|
|00006380| 6f 6d 39 6c 6f 68 74 31 66 66 32 66 52 2b 33 2f |om9loht1ff2fR+3/|
|00006390| 58 6f 47 42 31 36 33 72 44 5a 53 74 72 54 62 72 |XoGB163rDZStrTbr|
|000063a0| 36 64 56 5a 49 50 2f 4e 52 44 4a 39 38 74 6c 73 |6dVZIP/NRDJ98tls|
|000063b0| 5a 6d 54 6e 4e 64 6b 31 72 57 79 48 61 79 6c 70 |ZmTnNdk1rWyHaylp|
|000063c0| 35 50 2f 35 30 6c 33 4b 4f 32 72 2b 6e 50 54 44 |5P/50l3KO2r+nPTD|
|000063d0| 41 58 7a 64 31 39 7a 56 4c 69 2f 2f 34 43 37 74 |AXzd19zVLi//4C7t|
|000063e0| 50 55 65 6a 67 35 71 4b 67 50 74 33 4e 30 6c 4b |PUejg5qKgPt3N0lK|
|000063f0| 2b 4f 71 42 50 74 33 2f 64 62 4e 63 38 65 37 5a |+OqBPt3/dbNc8e7Z|
|00006400| 55 61 2b 49 2b 73 31 6a 78 50 79 7a 30 46 70 75 |Ua+I+s1jxPyz0Fpu|
|00006410| 32 52 76 53 34 76 6f 4e 2b 31 66 6c 36 73 37 51 |2RvS4voN+1fl6s7Q|
|00006420| 39 65 39 4f 62 5a 52 72 41 32 62 4f 6c 7a 66 70 |9e9ObZRrA2bOlzfp|
|00006430| 35 42 77 41 59 41 77 45 41 41 4b 68 46 58 61 4d |5BwAYAwEAAKhFXaM|
|00006440| 41 44 71 51 66 31 76 71 4e 32 38 31 65 48 7a 45 |ADqQf1vqN281eHzE|
|00006450| 30 7a 4f 70 38 5a 6e 76 71 31 76 55 47 33 54 4d |0zOp8Znvq1vUG3TM|
|00006460| 6b 7a 43 78 74 2f 63 62 74 32 76 33 31 64 35 4b |kzCxt/cbt2v31d5K|
|00006470| 6b 30 36 66 50 36 74 30 50 50 6a 46 72 43 48 6c |k06fP6t0PPjFrCHl|
|00006480| 37 75 6d 76 43 32 4c 76 6c 35 4f 52 34 57 63 74 |7umvC2Lvl5OR4Wct|
|00006490| 71 6a 63 66 31 48 58 52 37 38 4d 31 6d 61 64 38 |qjcf1HXR78M1mad8|
|000064a0| 64 50 4b 4a 33 56 69 63 30 79 79 69 41 38 2b 63 |dPKJ3Vic0yyiA8+c|
|000064b0| 76 61 4e 57 61 6a 79 32 32 51 72 53 56 74 66 4b |vaNWajy22QrSVtfK|
|000064c0| 6d 66 48 56 41 48 32 37 65 61 66 63 56 39 2f 31 |mfHVAH27eafcV9/1|
|000064d0| 38 76 43 79 43 45 39 5a 47 68 46 78 75 44 67 34 |8vCyCE9ZGhFxuDg4|
|000064e0| 4f 69 68 7a 59 31 32 4c 6b 78 4d 6f 31 48 7a 66 |OihzY12LkxMo1Hzf|
|000064f0| 62 4b 49 41 76 64 33 32 72 44 7a 66 76 4e 45 73 |bKIAvd32rDzfvNEs|
|00006500| 62 32 44 39 51 2f 59 4a 36 31 6e 43 45 75 66 59 |b2D9Q/YJ61nCEufY|
|00006510| 75 62 64 53 6e 74 2f 6b 49 67 4f 38 4f 48 74 45 |ubdSnt/kIgO8OHtE|
|00006520| 58 4b 57 6c 4e 2f 6a 37 6e 35 68 55 6f 4e 53 32 |XKWlN/j7n5hUoNS2|
|00006530| 7a 53 63 39 35 70 58 42 30 62 4b 32 4f 48 64 71 |zSc95pXB0bK2OHdq|
|00006540| 62 70 65 33 37 4e 6b 74 35 39 56 79 66 41 77 42 |bpe37Nkt59VyfAwB|
|00006550| 41 41 41 41 41 61 6c 58 54 4b 49 44 2f 76 50 4f |AAAAAalXTKID/vPO|
|00006560| 52 66 6a 70 65 61 4e 48 37 33 7a 38 6b 51 43 4f |RfjpeaNH73z8kQCO|
|00006570| 47 68 72 65 59 33 76 39 4b 44 67 34 4f 75 6d 39 |GhreY3v9KDg4Oum9|
|00006580| 55 70 46 6e 50 62 2f 47 70 4d 31 72 78 2f 68 61 |UpFnPb/GpM1rx/ha|
|00006590| 64 50 6e 31 57 2b 39 4d 50 61 30 75 53 2b 64 5a |dPn1W+9MPa0uS+dZ|
|000065a0| 2f 67 79 4e 76 55 2b 2b 65 4e 31 37 75 6f 6c 72 |/gyNvU++eN17uolr|
|000065b0| 6c 34 4f 43 67 65 30 64 45 57 50 52 63 2f 32 76 |l4OCge0dEWPRc/2v|
|000065c0| 35 68 78 59 42 6d 4b 61 77 2f 66 4e 55 4c 56 75 |5hxYBmKaw/fNULVu|
|000065d0| 35 71 63 48 48 31 31 54 65 2b 59 76 65 73 78 68 |5qcHH11Te+Yvesxh|
|000065e0| 75 66 72 6d 31 62 58 75 64 37 72 2f 33 4c 72 4f |ufrm1bXud7r/3LrO|
|000065f0| 47 64 76 47 70 4d 33 70 31 34 53 70 6c 32 33 6d |GdvGpM3p14Spl23m|
|00006600| 64 67 75 42 62 62 39 4c 49 34 51 50 4d 30 6a 37 |dguBbb9LI4QPM0j7|
|00006610| 62 38 62 57 57 72 59 7a 58 2b 66 4e 4e 4f 33 30 |b8bWWrYzX+fNNO30|
|00006620| 69 4c 2f 2b 45 46 72 36 35 52 73 65 71 4c 51 42 |iL/+EFr65RseqLQB|
|00006630| 34 7a 35 41 77 64 66 6d 56 68 30 33 6e 63 48 42 |4z5AwdfmVh03ncHB|
|00006640| 77 55 47 68 77 62 34 76 30 74 39 2f 64 72 43 4d |wUGhwb4v0t9/drCM|
|00006650| 35 75 55 31 53 54 73 6b 55 6b 46 71 35 35 6d 4f |5uU1STskUkFq55mO|
|00006660| 4c 33 54 6d 4d 77 73 48 42 51 62 34 2b 6c 75 75 |L3TmMwsHBQb4+luu|
|00006670| 51 37 4e 6d 62 62 76 65 41 47 67 42 63 61 51 67 |Q7NmbbveAGgBcaQg|
|00006680| 41 41 45 41 64 72 49 30 43 53 45 68 4d 30 65 75 |AAEAdrI0CSEhM0eu|
|00006690| 4c 33 37 64 6f 66 49 36 4a 47 53 52 66 48 36 2f |L37dofI6JGSRfH6/|
|000066a0| 4c 57 54 79 62 39 65 7a 75 6f 33 74 48 6d 4e 2f |LWTyb9ezuo3tHmN/|
|000066b0| 48 6c 71 52 64 2b 69 6f 31 51 79 76 66 2f 39 69 |HlqRd+io1Qyvf/9i|
|000066c0| 73 49 65 54 53 72 6f 33 75 76 2f 63 75 74 61 32 |sIeTSro3uv/cuta2|
|000066d0| 32 4e 5a 73 39 39 65 70 35 6f 30 58 6a 73 50 6a |2NZs99ep5o0XjsPj|
|000066e0| 55 47 63 32 64 76 30 4a 66 37 76 71 32 79 61 37 |UGc2dv0Jf7vq2ya7|
|000066f0| 7a 58 55 61 32 5a 76 2f 31 54 59 75 47 59 58 31 |zXUa2Zv/1TYuGYX1|
|00006700| 5a 4b 2b 2b 52 6f 33 6c 36 38 64 58 6c 64 75 2b |ZK++Ro3l68dXldu+|
|00006710| 35 44 4f 33 58 32 36 4a 73 6e 36 65 6b 36 64 57 |5DO3X26Jsn6ek6dW|
|00006720| 46 71 33 54 36 39 46 6b 37 6c 55 70 71 33 37 36 |Fq3T69Fk7lUpq376|
|00006730| 74 4a 6f 79 39 32 32 49 55 77 4e 39 66 58 36 58 |tJoy922IUwN9fX6X|
|00006740| 33 31 79 63 31 57 57 50 76 39 4f 6d 7a 2b 75 73 |31yc1WWPv9Omz+us|
|00006750| 72 79 37 52 68 6b 33 6e 76 66 2f 2b 51 41 49 33 |ry7Rhk3nvf/+QAI3|
|00006760| 36 7a 63 42 36 42 66 43 43 62 2b 32 70 71 49 68 |6zcB6BfCCb+2pqIh|
|00006770| 2b 5a 6d 6c 4e 2f 53 77 2f 54 2f 35 47 2f 33 6e |+ZmlN/Sw/T/5G/3n|
|00006780| 6e 6f 79 59 35 31 35 58 71 35 70 75 36 57 6e 77 |noyY515Xq5pu6Wnw|
|00006790| 75 31 6e 32 30 72 55 6b 44 4c 51 42 67 42 41 51 |u1n20rUkDLQBgBAQ|
|000067a0| 41 41 4b 41 4f 4e 59 30 43 65 4f 6d 31 64 38 78 |AAKAONY0CeOm1d8x|
|000067b0| 36 2f 2b 32 39 58 56 35 64 72 50 56 4b 48 38 73 |6/+29XV5drPVKH8s|
|000067c0| 72 30 4c 51 2f 4c 74 43 47 54 54 76 4d 38 6b 5a |r0LQ/LtCGTTvM8kZ|
|000067d0| 46 39 46 50 77 72 54 64 64 37 69 4c 57 71 6e 56 |F9FPwrTdd7iLWqnV|
|000067e0| 72 42 7a 33 79 30 44 33 71 48 78 4a 67 6c 72 37 |rBz3y0D3qHxJglr7|
|000067f0| 76 32 79 78 4e 66 57 70 65 6b 77 51 42 39 6e 39 |v2yxNfWpekwQB9n9|
|00006800| 33 57 49 39 4d 65 36 56 4a 65 6c 70 72 4b 75 2b |3WI9Me6VJelprKu+|
|00006810| 47 54 54 76 31 78 42 2f 6d 4e 33 70 59 65 33 6c |GTTv1xB/mN3pYe3l|
|00006820| 35 75 66 61 6c 5a 65 6e 4a 50 79 37 51 33 50 6e |5ufalZenJPy7Q3Pn|
|00006830| 2f 31 59 6d 66 54 39 70 38 62 50 76 32 62 66 58 |/1YmfT9p8bPv2bfX|
|00006840| 45 59 2f 66 4b 74 39 72 75 44 6f 76 65 57 71 39 |EY/fKt9ruDoveWq9|
|00006850| 5a 4c 79 78 52 63 66 47 5a 47 6f 36 30 7a 53 2b |ZLyxRcfGZGo60zS+|
|00006860| 2f 2f 4b 4a 74 4f 2f 66 71 6b 57 6c 7a 74 57 52 |//KJtO/fqkWlztWR|
|00006870| 70 6e 4d 36 65 74 58 31 52 76 49 48 39 41 2f 58 |pnM6etX1RvIH9A/X|
|00006880| 6f 78 48 76 4d 30 6f 70 50 6e 64 47 55 47 66 4f |oxHvM0opPndGUGfO|
|00006890| 30 39 4c 2b 4e 48 77 6c 51 58 48 78 47 4c 37 37 |09L+NHwlQXHxGL77|
|000068a0| 36 74 68 61 39 74 64 34 73 33 61 56 64 47 2f 33 |6tha9td4s3aVdG/3|
|000068b0| 2b 30 64 48 79 38 2f 57 75 31 2f 6d 38 50 4e 30 |+0dHy8/Wu1/m8PN0|
|000068c0| 31 4e 75 5a 4f 69 2f 52 46 62 36 33 58 50 2f 2b |1NuZOi/RFb63XP/+|
|000068d0| 39 74 74 48 6c 2f 58 4c 58 74 33 70 79 35 75 74 |9ttHl/XLXt3py5ut|
|000068e0| 6d 75 34 77 59 55 61 2b 65 4e 7a 5a 37 6f 41 55 |mu4wYUa+eNzZ7oAU|
|000068f0| 41 6a 49 41 41 41 41 44 59 77 4e 6f 6f 67 4f 72 |AjIAAAADYwNoogOr|
|00006900| 47 6a 72 79 7a 33 6f 32 48 79 36 32 48 76 34 2b |Gjryz3o2Hy62Hv4+|
|00006910| 47 33 6e 32 37 57 64 71 2b 62 37 4d 73 47 68 65 |G3n27Wdq+b7MsGhe|
|00006920| 6a 37 34 6c 51 42 7a 65 58 79 31 6b 30 6d 2f 6a |j74lQBzeXy1k0m/j|
|00006930| 35 65 75 75 76 73 2f 2f 50 59 72 75 34 66 64 39 |5euuvs//PYru4fd9|
|00006940| 6d 36 66 36 48 6e 39 65 4b 39 37 59 30 61 45 32 |m6f6Hn9eK97Y0aE2|
|00006950| 41 58 33 37 35 52 52 2f 45 66 61 62 52 76 2f 32 |AX375RR/EfabRv/2|
|00006960| 54 50 6b 39 4a 75 35 6a 75 30 63 6e 4e 6f 74 65 |TPk9Ju5ju0cnNote|
|00006970| 78 4b 63 71 37 4a 75 34 7a 33 54 66 70 75 51 59 |xKcq7Ju4z3TfpuQY|
|00006980| 50 59 53 34 74 4c 64 50 79 6c 5a 74 30 35 32 2b |PYS4tLdPylZt052+|
|00006990| 65 30 4d 49 33 50 39 43 73 46 39 37 55 37 42 66 |e0MI3P9CsF97U7Bf|
|000069a0| 65 72 46 64 44 75 32 39 67 44 37 33 34 35 30 63 |erFdDu29gD73450c|
|000069b0| 74 30 74 2f 34 31 31 6f 39 4e 50 56 46 48 63 72 |t0t/411o9NPVFHcr|
|000069c0| 2b 73 64 37 6c 6b 6b 79 39 36 79 2f 4e 65 30 65 |+sd7lkky96y/Ne0e|
|000069d0| 2f 47 66 64 48 2f 65 65 64 6a 5a 72 36 31 44 77 |/GfdH/eedjZr61Dw|
|000069e0| 74 57 50 79 2b 7a 54 73 67 4f 44 6b 35 36 70 6b |tWPy+zTsgODk56pk|
|000069f0| 6e 37 74 65 77 61 70 2f 54 34 6c 4e 6e 4e 47 50 |n7tewap/T4lNnNGP|
|00006a00| 32 51 76 33 35 78 58 2f 56 4b 39 68 52 31 61 48 |2Qv35xX/VK9hR1aH|
|00006a10| 73 48 2f 58 51 31 42 63 31 64 38 45 4b 69 39 63 |sH/XQ1Bc1d8EKi9c|
|00006a20| 65 75 6e 2b 49 52 67 77 4e 72 2f 63 35 57 37 56 |eun+IRgwNr/c5W7V|
|00006a30| 71 70 5a 6a 68 41 79 78 47 56 45 6a 53 7a 4e 67 |qpZjhAyxGVEjSzNg|
|00006a40| 6c 6d 76 58 43 45 76 31 30 76 4c 44 65 35 79 30 |lmvXCEv10vLDe5y0|
|00006a50| 74 4c 64 4f 4b 39 37 62 6f 2f 6f 65 66 72 2f 64 |tLdOK97bo/oefr/d|
|00006a60| 57 6c 46 65 6a 44 6d 34 75 47 6e 62 33 48 52 62 |WlFejDm4uGnb3HRb|
|00006a70| 70 69 39 35 61 54 78 41 41 41 4f 71 42 41 41 41 |pi95aTxAAAOqBAAA|
|00006a80| 41 32 4d 44 61 4b 49 43 71 51 76 72 32 30 73 6a |A2MDaKICqQvr20sj|
|00006a90| 68 41 31 70 73 37 33 38 6c 4a 79 64 48 6a 52 73 |hA1ps738lJydHjRs|
|00006aa0| 64 5a 64 48 7a 57 31 56 55 52 44 2f 64 4f 65 44 |dZdHzW1VURD/dOeD|
|00006ab0| 57 79 31 69 71 2b 68 6e 51 50 31 43 7a 6e 33 37 |Wy1iq+hnQP1Czn37|
|00006ac0| 51 6f 6d 46 2b 35 47 69 65 66 76 76 59 33 33 54 |QomF+5GiefvvY33T|
|00006ad0| 76 67 33 2f 57 6a 69 2f 32 32 64 54 7a 2b 73 73 |vg3/Wji/22dTz+ss|
|00006ae0| 76 76 2b 6a 72 31 41 77 39 38 4d 68 66 4e 57 62 |vv+jr1Aw98MhfNWb|
|00006af0| 69 58 35 53 52 64 57 6d 56 64 64 38 75 6e 76 72 |iX5SRdWmVdd8unvr|
|00006b00| 6e 76 4b 64 30 78 32 30 33 31 33 4b 47 68 70 66 |nvKd0x20313KGhpf|
|00006b10| 33 38 35 51 30 33 66 6d 62 61 66 72 44 63 34 75 |385Q03fmbafrDc4u|
|00006b20| 55 66 65 53 59 54 59 47 41 38 2b 63 76 61 4d 63 |UfeSYTYGA8+cvaMc|
|00006b30| 58 2b 33 54 76 67 33 2f 57 35 4e 2f 50 30 59 6b |X+3Tvg3/W5N/P0Yk|
|00006b40| 71 4b 2f 63 6e 37 39 6c 66 72 39 58 6e 57 37 56 |qK/cn79lfr9XnW7V|
|00006b50| 71 70 5a 48 44 42 32 6a 32 55 37 2b 31 65 47 33 |qpZHDB2j2U7+1eG3|
|00006b60| 39 78 75 30 4b 6a 6e 68 59 72 37 36 2b 79 75 61 |9xu0KjnhYr76+yua|
|00006b70| 74 35 38 36 65 4c 56 58 38 6c 69 38 30 61 50 67 |t586eLVX8li80aPg|
|00006b80| 54 65 75 37 6c 2f 35 67 74 4b 4c 6c 74 35 31 34 |Teu7l/5gtKLlt514|
|00006b90| 56 46 70 32 79 75 57 78 65 6e 75 35 36 59 66 62 |VFp2yuWxenu56Yfb|
|00006ba0| 44 43 75 6c 72 76 6c 68 68 38 61 6b 7a 65 6d 58 |DCulrvlhh8akzemX|
|00006bb0| 42 53 6b 55 4d 2b 37 33 65 58 72 58 5a 35 6b 62 |BSkUM+73eXrXZ5kb|
|00006bc0| 66 73 64 7a 6a 65 76 48 56 35 51 71 4f 65 4e 6a |fsdzjevHV5QqOeNj|
|00006bd0| 71 6d 68 46 6a 59 67 62 70 7a 38 38 2b 70 4f 75 |qmhFjYgbpz88+pOu|
|00006be0| 75 63 37 4b 35 6a 46 56 64 33 38 6c 4e 54 2f 39 |uc7K5jFVd38lNT/9|
|00006bf0| 2b 6e 4e 57 2f 71 33 6c 76 76 4b 76 77 36 4d 65 |+nNW/q3lvvKvw6Me|
|00006c00| 31 62 45 57 38 32 61 34 62 4e 53 6b 72 4f 36 66 |1bEW82a4bNSkrO6f|
|00006c10| 45 72 62 73 31 34 76 36 5a 2b 75 31 6a 66 7a 4e |Erbs14v6Z+u1jfzN|
|00006c20| 38 7a 33 39 56 39 77 77 4e 73 78 70 6f 65 65 47 |8z39V9wwNsxpoeeG|
|00006c30| 56 5a 52 70 79 37 39 4e 61 2f 39 45 32 46 5a 77 |VZRpy79Na/9E2FZw|
|00006c40| 6f 59 6c 30 41 41 4b 68 46 61 33 73 58 41 41 43 |oYl0AAKhFa3sXAAC|
|00006c50| 75 46 4a 57 6a 41 42 61 2b 2b 59 48 46 61 31 64 |uFJWjABa++YHFa1d|
|00006c60| 43 37 33 2b 6c 67 46 35 64 4e 57 4a 6f 75 4e 58 |C73+lgF5dNWJouNX|
|00006c70| 37 6b 4b 53 78 4d 58 66 4b 71 34 5a 41 52 30 76 |7kKSxMXfKq4ZAR0v|
|00006c80| 51 75 72 57 44 70 6b 79 4f 30 64 6d 7a 70 66 72 |QurWDpkyO0dmzpfr|
|00006c90| 62 71 38 73 74 74 6e 44 62 75 4f 55 4c 62 64 7a |bq8sttnDbuOULbdz|
|00006ca0| 79 68 58 70 30 38 39 47 6f 33 77 78 55 2f 39 41 |yhXp089Go3wxU/9A|
|00006cb0| 41 39 65 72 68 70 2f 59 56 2b 37 71 66 50 48 6c |A9erhp/YV+7qfPHl|
|00006cc0| 61 57 59 64 2f 55 50 4c 75 2f 59 72 66 38 6f 58 |aWYd/UPLu/Yrf8oX|
|00006cd0| 56 34 66 36 2b 58 54 7a 31 6a 35 65 6d 61 55 44 |V4f6+XTz1j5emaUD|
|00006ce0| 2f 57 2f 54 57 4f 78 75 62 72 62 7a 46 70 38 35 |/W/TWOxubrbzFp85|
|00006cf0| 6f 33 68 76 76 61 74 34 62 37 79 70 79 59 46 38 |o3hvvat4b7ypyYF8|
|00006d00| 4e 48 39 78 66 66 51 4e 37 71 48 75 33 4c 6d 72 |NH9xffQN7qHu3Lmr|
|00006d10| 64 32 6b 47 53 64 50 54 37 66 50 31 77 37 43 64 |d2kGSdPT7fP1w7Cd|
|00006d20| 39 6e 70 79 6d 64 52 39 74 4d 77 74 53 56 4e 57 |9npymdR9tMwtSVNW|
|00006d30| 39 57 78 64 35 58 4e 2b 68 58 6d 56 72 32 2f 59 |9Wxd5XN+hXmVr2/Y|
|00006d40| 36 7a 58 37 36 51 5a 30 2b 55 36 4c 58 6c 36 77 |6zX76QZ0+U6LXl6w|
|00006d50| 78 65 2b 31 45 59 62 48 2b 38 50 77 69 2f 65 33 |xe+1EYbH+8Pwi/e3|
|00006d60| 56 35 59 6f 63 32 46 66 52 55 53 47 36 39 5a 59 |V5Yoc2FfRUSG69ZY|
|00006d70| 65 38 76 50 78 31 6a 58 58 74 4e 49 76 76 35 51 |e8vPx1jXXtNIvv5Q|
|00006d80| 72 4f 2b 65 59 76 76 38 68 58 35 39 38 74 6c 75 |rO+eYvv8hX598tlu|
|00006d90| 62 50 76 6d 79 78 73 62 71 7a 62 32 36 71 6c 30 |bPvmyxsbqzb26ql0|
|00006da0| 39 31 35 50 6f 47 39 68 54 38 2b 64 4d 30 39 53 |915PoG9hT8+dM09S|
|00006db0| 6e 35 6c 6e 30 67 4b 63 64 4f 4b 53 4a 6a 37 2b |n5ln0gKcdOKSJj7+|
|00006dc0| 6b 70 32 59 76 31 4c 44 42 64 79 67 36 4b 6b 53 |kp2Yv1LDBdyg6KkS|
|00006dd0| 39 65 74 78 34 63 66 47 2b 38 2b 63 76 4b 4f 76 |9etx4cfG+8+cvKOv|
|00006de0| 51 39 2f 72 32 75 30 4e 4b 53 45 78 52 30 72 61 |Q9/r2u0NKSExR0ra|
|00006df0| 76 4c 44 34 6e 6c 63 62 45 44 4e 49 62 66 35 38 |vLD4nlcbEDNIbf58|
|00006e00| 68 54 34 2b 4f 39 53 70 66 64 58 65 45 42 47 68 |hT4+O9SpfdXeEBGh|
|00006e10| 75 37 46 54 39 37 75 6e 58 7a 41 49 7a 6b 70 53 |u7FT97unXzAIzkpS|
|00006e20| 52 6c 61 50 4a 76 35 2b 6a 4a 32 65 2b 72 76 34 |RlaPJv5+jJ2e+rv4|
|00006e30| 68 41 51 71 2f 34 78 62 64 63 6e 4d 33 74 57 33 |hAQq/4xbdcnM3tW3|
|00006e40| 6a 66 44 48 50 2f 77 37 2f 71 42 31 66 37 74 50 |jfDHP/w7/qB1f7tP|
|00006e50| 57 6e 56 39 62 66 59 36 33 33 4e 78 4e 51 58 33 |WnV9bfY633NxNQX3|
|00006e60| 38 74 58 7a 56 35 6b 61 56 38 30 70 57 47 57 6a |8tXzV5kaV80pWGWj|
|00006e70| 35 65 6c 2b 47 78 54 50 61 38 65 55 33 32 76 48 |5el+GxTPa8eU32vH|
|00006e80| 6c 4e 78 62 48 68 4e 2f 65 52 33 2f 2f 36 2b 2b |lNxbHhN/eR3//6++|
|00006e90| 73 4c 74 59 49 41 45 5a 45 41 41 41 41 62 46 51 |sLtYIAEZEAAAAbFQ|
|00006ea0| 35 43 6d 42 4e 33 47 64 6d 43 38 54 64 63 6e 4d |5CmBN3GdmC8TdcnM|
|00006eb0| 33 44 52 74 38 52 34 76 76 2f 61 39 55 30 33 31 |3DRt8R4vv/a9U031|
|00006ec0| 49 70 70 45 4d 55 52 48 39 57 76 79 39 74 47 37 |IppEMURH9Wvy9tG7|
|00006ed0| 74 6f 42 6d 2f 75 30 38 65 31 33 66 51 55 37 4d |toBm/u08e13fQU7M|
|00006ee0| 58 57 6a 53 34 4a 46 4f 6a 61 38 37 38 2f 39 62 |XWjS4JFOja878/9b|
|00006ef0| 37 33 44 32 36 2b 57 6a 42 33 47 6b 61 48 42 6e |73D26+WjB3GkaHBn|
|00006f00| 53 34 4b 48 6d 31 62 56 75 37 61 43 6e 6e 78 69 |S4KHm1bVu7aCnnxi|
|00006f10| 6e 47 7a 70 33 30 68 50 50 7a 72 64 61 33 71 52 |nGzp30hPPzrda3qR|
|00006f20| 74 58 79 6c 70 32 31 63 4e 4f 76 39 76 37 78 75 |tXylp21cNOv9v7xu|
|00006f30| 73 31 31 35 36 6f 6b 48 54 4e 74 71 32 76 55 36 |s1156okHTNtq2vU6|
|00006f40| 76 76 44 42 56 6e 62 30 36 36 63 56 35 62 31 73 |vvDBVnb066cV5b1s|
|00006f50| 30 6c 49 74 50 6e 56 46 63 2f 41 37 46 78 65 2b |0lItPnVFc/A7Fxe+|
|00006f60| 6f 34 51 79 31 6d 2f 33 55 62 7a 58 37 36 51 63 |o4Qy1m/3UbzX76Qc|
|00006f70| 62 74 4a 33 6b 37 62 66 64 72 4e 56 4c 58 39 43 |btJ3k7bfdrNVLX9C|
|00006f80| 54 66 31 79 67 6a 7a 2f 62 62 66 48 36 69 63 4a |Tf1ygjz/bbfH6icJ|
|00006f90| 69 2f 66 65 39 4c 66 72 76 65 31 73 61 56 4c 61 |i/fe9Lfrve1saVLa|
|00006fa0| 5a 30 78 38 77 6a 63 35 77 61 66 67 30 6a 30 71 |Z0x8wjc5wafg0j0q|
|00006fb0| 74 57 72 58 53 66 61 4d 69 35 58 6a 74 74 58 72 |tWrXSfaMi5XjttXr|
|00006fc0| 71 54 77 75 74 4e 75 4b 4c 54 35 31 52 51 6c 4b |qTwutNuKLT51RQlK|
|00006fd0| 4b 45 70 4a 53 36 6e 58 75 57 32 37 75 70 73 58 |KEpJS6nXuW27upsX|
|00006fe0| 2f 65 45 61 48 73 6e 38 30 64 41 42 41 4d 67 56 |/eEaHsn80dABAMgV|
|00006ff0| 61 46 76 2f 6a 57 55 31 39 36 6c 57 62 52 6b 66 |aFv/jWU196lWbRkf|
|00007000| 73 2b 50 49 62 2f 65 57 6c 66 2b 75 64 4a 58 2b |s+PIb/eWlf+udJX+|
|00007010| 57 74 31 66 4c 32 70 34 56 41 4f 79 42 4b 51 41 |Wt1fL2p4VAOyBKQA|
|00007020| 41 55 41 2b 33 33 4e 78 4e 34 38 66 63 5a 5a 5a |AUA+33NxN48fcZZZ|
|00007030| 32 33 36 68 49 64 65 74 36 51 37 4e 63 7a 38 48 |236hIdet6Q7Ncz8H|
|00007040| 68 6d 6d 5a 70 6a 41 66 30 2b 72 58 75 47 52 4a |hmmZpjAf0+rXuGRJ|
|00007050| 6d 6b 54 35 69 57 4c 68 38 61 70 6b 65 30 4a 4b |mkT5iWLh8apke0JK|
|00007060| 30 62 75 32 67 68 38 59 50 55 64 4b 48 43 7a 56 |0bu2gh8YPUdKHCzV|
|00007070| 38 73 4f 58 63 34 49 5a 34 63 46 79 30 45 74 61 |8sOXc4IZ4cFy0Eta|
|00007080| 2b 70 75 69 6f 30 43 5a 2f 37 74 64 63 63 34 33 |+puio0CZ/7tdcc43|
|00007090| 47 6a 37 6d 37 53 63 76 62 30 63 31 46 2f 33 78 |Gj7m7Scvb0c1F/3x|
|000070a0| 31 68 76 36 39 38 49 2b 36 76 70 4e 62 67 38 2f |1hv698I+6vpNbg8/|
|000070b0| 6a 35 4f 53 6f 5a 35 38 63 72 37 69 56 63 78 51 |j5OSoZ58cr7iVcxQ|
|000070c0| 63 31 4c 4e 4a 79 74 61 6a 6d 34 2f 57 4c 50 2b |c1LNJytajm4/WLP+|
|000070d0| 62 2f 76 62 6e 52 78 71 31 6d 30 54 50 37 72 35 |b/vbnRxq1m0TP7r5|
|000070e0| 61 74 2b 4a 6c 2f 65 4f 6c 4a 39 53 78 69 64 61 |at+Jl/eOlJ9Sxida|
|000070f0| 6c 71 43 7a 62 53 38 38 39 32 69 53 4e 2f 30 71 |lqCzbS8892iSN/0q|
|00007100| 74 57 72 58 53 71 48 73 47 4b 6d 37 6c 58 4e 30 |tWrXSqHsGKm7lXN0|
|00007110| 39 4b 4c 68 4a 7a 76 6e 67 75 47 68 39 74 50 6f |9KLhJzvnguGh9tPo|
|00007120| 56 33 64 37 49 71 53 68 58 69 31 61 74 57 69 6b |V3d7IqShXi1atWik|
|00007130| 36 4b 6b 51 72 2f 2f 32 38 62 72 6d 35 6d 30 33 |6KkQr//28brm5m03|
|00007140| 48 2f 48 53 38 55 43 63 62 75 62 41 6c 41 46 77 |H/HS8UCcbubAlAFw|
|00007150| 74 43 41 41 41 75 4f 71 30 61 33 75 64 62 75 37 |tCAAAuOq0a3udbu7|
|00007160| 56 31 53 7a 4e 7a 38 64 62 62 61 35 7a 72 75 45 |V1SzNz8dbba5zruE|
|00007170| 49 32 7a 6b 35 4f 57 72 32 30 77 2f 71 4c 38 39 |I2zk5OWr20w/qL89|
|00007180| 4f 31 4e 32 44 67 72 56 67 7a 6a 52 4e 65 2b 78 |O1N2DgrVgzjRNe+x|
|00007190| 65 4f 54 67 34 4e 50 72 63 58 57 37 77 31 4d 44 |eOTg4NPrcXW7w1MD|
|000071a0| 2b 67 57 5a 70 74 39 37 53 51 38 37 4f 39 65 38 |+gWZpt97SQ87O9e8|
|000071b0| 35 72 55 74 4a 61 5a 6e 79 6a 35 76 50 37 62 36 |5rUtJaZnyj5vP7b6|
|000071c0| 70 75 36 2f 75 47 52 4c 57 4a 50 64 79 4f 51 58 |pu6/uGRLWJPdyOQX|
|000071d0| 32 38 64 63 48 37 37 79 6f 44 39 35 2b 73 63 47 |28dcH77yoD95+scG|
|000071e0| 4e 31 2f 44 62 2b 2b 6a 6a 39 66 50 31 31 6a 39 |N1/Db++jj9fP11j9|
|000071f0| 6e 6d 55 33 6c 63 47 6e 58 52 72 31 36 2b 70 6e |nmU3lcGnXRr16+pn|
|00007200| 6c 37 65 6e 76 55 2b 4e 61 45 50 55 74 62 2f 6a |l7envU+NaEPUtb/j|
|00007210| 74 66 52 70 30 6a 6f 35 75 4c 76 72 6a 39 41 6e |tfRp0jo5uLvrj9An|
|00007220| 61 75 32 4f 35 66 76 66 49 36 41 62 31 72 6c 66 |au2O5fvfI6Ab1rlf|
|00007230| 58 71 6c 55 72 33 54 6d 77 72 7a 37 62 2b 49 59 |XqlUr3Tmwrz7b+IY|
|00007240| 57 76 66 61 30 41 71 72 39 44 64 6e 4b 74 34 75 |Wvfa0Aqr9DdnKt4u|
|00007250| 6e 35 76 33 74 64 2f 72 38 34 38 57 36 4e 32 61 |n5v3td/r848W6N2a|
|00007260| 51 72 72 6d 6d 38 56 38 31 32 72 61 39 54 6a 4e |Qrrmm8V812ra9TjN|
|00007270| 2b 64 35 2b 2b 32 72 5a 55 54 30 34 5a 30 2b 42 |+d5++2rZUT04Z0+B|
|00007280| 41 51 49 39 75 50 76 72 6e 71 7a 4f 30 36 39 4e |AQI9uPvrnqzO069N|
|00007290| 2f 4e 31 6e 5a 72 41 6e 73 34 36 39 31 4b 31 37 |/N1nZrAns4691K17|
|000072a0| 57 38 6b 56 2f 61 76 42 7a 44 41 37 71 71 59 33 |W8kV/avBzDA7qqY3|
|000072b0| 76 2f 56 33 2f 65 76 30 50 36 76 49 72 55 31 44 |v/V3/ev0P6vIrU1D|
|000072c0| 4f 7a 38 66 4c 62 43 30 4a 62 30 39 33 2b 66 2f |Oz8fLbC0Jb093+f/|
|000072d0| 36 56 7a 61 66 30 39 6e 5a 55 64 32 37 64 54 46 |6Vzaf09nZUd27dTF|
|000072e0| 4c 75 37 36 54 6d 39 6f 33 59 52 43 6b 4b 6b 66 |Lu76Tm9o3YRCkKkf|
|000072f0| 48 31 68 62 54 55 68 6f 79 56 61 57 36 56 71 31 |H1hbTUhoyVaW6Vq1|
|00007300| 61 71 58 39 6f 48 33 30 53 74 30 43 7a 6e 2f 70 |aqX9oH30St0Czn/p|
|00007310| 74 6e 5a 38 48 33 79 35 65 4c 58 4a 52 55 77 43 |tnZ8H3y5eLXJRUwC|
|00007320| 77 68 31 62 6c 72 4a 51 43 34 43 72 30 30 2f 46 |wh1blrJQC4Cr00/F|
|00007330| 43 2f 65 6c 76 62 32 72 31 32 69 53 4e 48 44 35 |C/elvb2r12iSNHD5|
|00007340| 41 4c 2f 37 35 6b 59 74 66 6f 6c 75 79 35 4e 33 |AL/75kYtfoluy5N3|
|00007350| 37 39 59 66 6e 2f 70 2f 32 66 33 64 59 54 7a 78 |79Yfn/p/2f3dYTzx|
|00007360| 32 72 35 36 64 4e 72 35 52 76 61 63 31 53 64 71 |2r56dNr5Rvac1Sdq|
|00007370| 36 52 79 4d 66 6d 47 30 32 33 50 76 70 33 34 2f |6RyMfmG023Pvp34/|
|00007380| 54 53 33 39 35 74 45 6b 61 6b 2f 5a 79 2f 76 77 |TS395tEkak/Zy/vw|
|00007390| 46 37 66 33 6d 6f 44 37 63 74 46 50 78 48 33 2b |F7f3moD7ctFPxH3+|
|000073a0| 68 76 64 39 6b 31 70 67 33 71 49 2b 2f 68 74 31 |hvd9k1pg3qI+/ht1|
|000073b0| 39 68 2b 34 62 46 61 6c 65 50 66 31 71 62 41 77 |9h+4bFalePf1qbAw|
|000073c0| 65 2f 54 35 50 7a 38 39 35 53 78 39 73 32 4b 71 |e/T5Pz895Sx9s2Kq|
|000073d0| 6f 69 48 35 36 2b 62 6e 48 31 4c 50 4b 56 6f 71 |oiH56+bnH1LPKVoq|
|000073e0| 4e 4c 65 39 33 47 64 6c 36 66 2f 32 6e 64 5a 62 |NLe93Gdl6f/2ndZb|
|000073f0| 58 74 34 75 6e 49 73 4a 75 31 62 44 42 74 79 73 |Xt4unIsJu1bDBtys|
|00007400| 71 49 72 6a 5a 47 7a 52 6c 5a 65 65 30 36 36 76 |qIrjZGzRlZee066v|
|00007410| 76 74 43 62 75 55 32 31 4a 32 6c 58 6a 32 67 4f |vtCbuU21J2lXj2gO|
|00007420| 53 71 57 45 64 4f 62 43 76 52 67 77 4c 56 2f 2b |SqWEdObCvRgwLV/+|
|00007430| 51 67 47 62 35 7a 46 62 31 63 32 47 78 45 72 66 |QgGb5zFb1c2GxErf|
|00007440| 75 56 76 79 57 4c 32 75 63 4d 31 2b 31 62 49 4d |uVvyWL2ucM1+1bIM|
|00007450| 6a 62 39 50 49 34 51 4d 55 30 71 39 33 67 78 66 |jb9PI4QMU0q93gxf|
|00007460| 36 61 36 69 7a 5a 30 75 56 73 6d 65 2f 31 6e 32 |6a6izZ0uVsme/1n2|
|00007470| 30 54 52 39 75 33 6c 6c 72 57 58 32 37 65 4f 71 |0TR9u3llrWX27eOq|
|00007480| 65 49 57 47 36 62 31 53 6b 51 76 72 31 76 72 67 |eIWG6b1SkQvr1vrg|
|00007490| 4f 52 4b 58 7a 35 79 2f 6f 72 66 39 2b 70 44 6e |ORKXz5y/orf9+pDn|
|000074a0| 2f 2b 4b 2f 61 75 37 54 56 37 4b 63 66 31 4c 30 |/+K/au7TV7Kcf1L0|
|000074b0| 6a 42 6c 6e 6b 71 30 33 56 2f 78 73 44 41 37 6f |jBlnkq03V/xsDA7o|
|000074c0| 31 2b 2f 7a 34 45 7a 2b 66 56 4f 79 63 74 37 52 |1+/z4Ez+fVOyct7R|
|000074d0| 38 31 65 59 6d 2f 2f 75 70 6c 50 2f 54 7a 2f 70 |81eYm//uplP/Tz/p|
|000074e0| 30 2b 31 66 61 6b 70 53 69 66 64 39 6d 6d 66 30 |0+1fakpSifd9mmf0|
|000074f0| 64 6a 52 77 2b 51 4d 2f 39 59 5a 49 43 2b 2f 67 |djRw+QM/9YZIC+/g|
|00007500| 33 36 54 55 42 77 42 35 4f 6e 6d 7a 38 31 45 51 |36TUBwB5Onmz81EQ|
|00007510| 43 41 41 42 67 4d 4b 64 50 6e 39 58 76 6e 2f 32 |CAABgMKdPn9Xvn/2|
|00007520| 48 32 56 78 69 62 30 39 33 78 61 32 61 6f 39 75 |H2Vxib093xa2ao9u|
|00007530| 71 72 62 70 2b 70 54 74 37 74 6c 52 6e 7a 70 62 |qrbp+pTt7tlRnzpb|
|00007540| 6f 36 50 66 35 4b 69 77 71 6c 71 64 48 52 33 6c |o6Pf5KiwqlqdHR3l|
|00007550| 63 33 30 46 74 72 6e 4f 2b 37 41 31 42 57 35 53 |c30FtrnO+7A1BW5S|
|00007560| 56 6e 56 50 78 71 54 50 4b 2f 2b 6c 6e 35 65 57 |VnVPxqTPK/+ln5eW|
|00007570| 66 55 4e 75 32 31 38 6e 50 78 31 75 4f 31 37 5a |fUNu218nPx1uO17Z|
|00007580| 57 2b 2f 5a 74 37 62 6f 32 51 2f 56 6e 36 65 62 |W+/Zt7bo2Q/Vn6eb|
|00007590| 71 6f 69 36 2f 38 70 43 54 34 37 56 71 31 34 69 |qoi6/8pCT47Vq14i|
|000075a0| 74 45 68 75 72 76 4c 78 63 4a 30 2b 65 56 74 6d |tEhurvLxcJ0+eVtm|
|000075b0| 35 38 38 72 4f 4f 61 62 54 70 38 2b 32 32 50 65 |588rOOabTp8+22Pe|
|000075c0| 35 73 71 77 6e 66 6a 36 70 49 30 64 7a 4c 36 5a |5sqwnfj6pI0dzL6Z|
|000075d0| 37 65 6e 52 55 5a 36 39 4f 64 6e 2b 50 41 51 41 |7enRUZ69Odn+PAQA|
|000075e0| 74 47 77 45 41 41 45 43 39 37 66 72 71 67 47 4c |tGwEAAEC97frqgGL|
|000075f0| 47 7a 7a 4a 62 41 48 44 69 2b 43 48 36 35 36 74 |GzzJbAHDi+CH656t|
|00007600| 50 4e 58 76 50 4c 51 41 41 41 42 71 6d 4b 51 49 |PNXvPLQAAABqmKQI|
|00007610| 41 72 41 45 41 41 41 5a 53 57 6c 71 6d 39 39 64 |ArAEAAAZSWlqm99d|
|00007620| 2f 61 74 62 34 64 32 6e 58 52 67 2b 4d 48 55 7a |/atb4d2nXRg+MHUz|
|00007630| 6a 48 77 41 41 34 43 70 48 41 41 41 41 44 43 54 |jHwAA4CpHAAAADCT|
|00007640| 72 30 41 2f 61 39 50 47 58 5a 6d 6c 52 45 66 31 |r0A/a9PGXZmlREf1|
|00007650| 30 61 32 41 50 4f 35 55 49 41 41 41 41 6c 77 73 |0a2APO5UIAAAAlws|
|00007660| 42 41 41 41 77 69 41 73 58 4c 75 6a 44 7a 54 76 |BAAAwiAsXLujDzTv|
|00007670| 31 33 63 45 6a 5a 75 6b 50 6a 42 33 4d 43 74 6b |13cEjZukPjB3MCtk|
|00007680| 41 41 41 41 47 51 41 41 41 41 41 77 69 35 32 69 |AAAAGQAAAAAwi52i|
|00007690| 65 4e 73 54 76 4d 45 75 4c 69 75 69 6e 32 32 39 |eNsTvMEuLiuin229|
|000076a0| 72 76 68 58 41 41 51 41 41 30 48 49 51 41 41 41 |rvhXAAQAA0HIQAAA|
|000076b0| 41 67 2f 68 30 2b 39 64 4b 2b 65 71 41 57 64 72 |Ag/h0+9dK+eqAWdr|
|000076c0| 59 6d 44 76 6c 31 59 67 39 37 51 45 41 41 48 44 |YmDvl1Yg97QEAAHD|
|000076d0| 6c 49 41 41 41 41 41 5a 77 4c 50 65 34 56 71 39 |lIAAAAAZwLPe4Vq9|
|000076e0| 4c 4e 45 73 4c 36 64 74 4c 55 52 48 39 32 48 59 |LNEsL6dtLURH92HY|
|000076f0| 4d 41 41 44 41 49 41 67 41 41 49 41 42 66 4c 6c |MAADAIAgAAIABfLl|
|00007700| 72 76 78 4b 33 37 6a 46 4c 47 7a 45 73 58 44 35 |rvxK37jFLGzEsXD5|
|00007710| 64 50 4f 31 55 49 67 41 41 41 46 78 75 42 41 41 |dPO1UIgAAAFxuBAA|
|00007720| 41 34 43 72 33 63 32 47 78 52 65 2f 2f 54 64 31 |A4Cr3c2GxRe//Td1|
|00007730| 39 64 63 2b 51 4d 44 6b 34 4f 4e 69 70 56 41 41 |9dc+QMDk4ONipVAA|
|00007740| 41 41 4c 6a 63 43 41 41 41 77 46 58 75 36 39 51 |AALjcCAAAwFXu69Q|
|00007750| 4d 4a 53 53 6d 6d 4b 55 4e 76 66 74 32 64 65 74 |MJSSmmKUNvft2det|
|00007760| 36 67 35 31 4b 42 41 41 41 41 48 73 67 41 41 41 |6g51KBAAAAHsgAAA|
|00007770| 41 56 37 47 7a 5a 30 75 31 4a 75 34 7a 46 5a 38 |AV7GzZ0u1Ju4zFZ8|
|00007780| 36 63 7a 48 4e 32 39 4e 64 59 30 66 65 4b 53 63 |6czHN29NdY0feKSc|
|00007790| 6e 52 7a 75 57 44 41 41 41 41 4a 63 62 41 51 41 |nRzuWDAAAAJcbAQA|
|000077a0| 41 75 49 6f 64 79 44 69 73 44 7a 66 76 4e 45 73 |AuIodyDisDzfvNEs|
|000077b0| 62 48 48 6d 62 65 76 65 38 30 55 34 6c 41 67 41 |bHHmbeve80U4lAgA|
|000077c0| 41 67 4c 30 51 41 41 43 41 71 31 68 4a 53 5a 6d |AgL0QAACAq1hJSZm|
|000077d0| 4f 35 52 56 63 2f 4e 32 6c 58 52 73 39 4d 48 61 |O5RVc/N2lXRs9MHa|
|000077e0| 77 32 72 61 39 7a 6f 36 6c 41 67 41 41 67 44 30 |w2ra9zo6lAgAAgD0|
|000077f0| 51 41 41 43 41 71 31 6a 50 37 72 35 36 36 50 34 |QAACAq1jP7r566P4|
|00007800| 68 46 33 38 66 4f 58 79 41 67 6d 2b 39 79 59 34 |hF38fOXyAgm+9yY4|
|00007810| 6c 41 67 41 41 67 4c 32 30 4b 69 38 76 4c 37 64 |lAgAAgL20Ki8vL7d|
|00007820| 33 49 51 41 41 7a 65 66 38 2b 51 76 61 2f 39 31 |3IQAAzef8+Qva/91|
|00007830| 68 6e 54 70 39 52 6f 45 42 2f 76 54 2b 41 77 41 |hnTp9RoEB/vT+AwA|
|00007840| 41 58 49 46 4f 6e 6a 7a 5a 36 48 4d 51 41 41 41 |AXIFOnjzZ6HMQAAA|
|00007850| 41 41 41 41 41 6f 49 56 72 69 67 41 41 55 77 41 |AAAAAoIVrigAAUwA|
|00007860| 41 41 41 41 41 41 44 41 41 41 67 41 41 41 41 41 |AAAAAADAAAgAAAAA|
|00007870| 41 41 42 67 41 41 51 41 41 41 41 41 41 41 41 79 |AABgAAQAAAAAAAAy|
|00007880| 41 41 41 41 41 41 41 41 41 41 41 5a 41 41 41 41 |AAAAAAAAAAAZAAAA|
|00007890| 41 41 41 41 41 41 41 4d 67 41 41 41 41 41 41 41 |AAAAAAAMgAAAAAAA|
|000078a0| 41 67 41 45 51 41 41 41 41 41 41 41 41 77 41 41 |AgAEQAAAAAAAAwAA|
|000078b0| 49 41 41 41 41 41 41 41 41 59 41 41 45 41 41 41 |IAAAAAAAAYAAEAAA|
|000078c0| 41 41 41 41 41 4d 41 41 43 41 41 41 41 41 41 41 |AAAAAMAACAAAAAAA|
|000078d0| 41 47 41 41 42 41 41 41 41 41 41 41 41 44 49 41 |AGAABAAAAAAAADIA|
|000078e0| 41 41 41 41 41 41 41 41 41 42 6b 41 41 41 41 41 |AAAAAAAAABkAAAAA|
|000078f0| 41 41 41 41 41 41 79 41 41 41 41 43 77 67 31 4c |AAAAAAyAAAACwg1L|
|00007900| 6c 35 68 78 54 62 6f 6d 56 6c 30 6f 4b 6c 4a 31 |l5hxTbomVl0oKlJ1|
|00007910| 54 49 47 73 76 6f 5a 35 4b 43 70 53 64 63 36 79 |TIGsvoZ5KCpSdc6y|
|00007920| 4f 5a 31 6d 73 37 4a 72 65 43 31 52 52 71 68 4b |OZ1ms7JreC1RRqhK|
|00007930| 65 45 51 44 67 43 6b 63 41 41 41 42 67 42 79 65 |eEQDgCkcAAABgBye|
|00007940| 55 4f 6e 2b 46 55 76 4f 74 76 4a 53 2f 58 33 50 |UOn+FUvOtvJS/X3P|
|00007950| 6e 37 31 66 75 5a 53 2b 54 48 5a 77 2f 72 5a 2b |n71fuZS+THZw/rZ+|
|00007960| 4c 79 35 72 76 2f 50 6e 37 4e 58 66 2b 43 69 33 |Ly5rv/Pn7NXf+Ci3|
|00007970| 66 58 56 78 6a 6c 73 4c 64 47 7a 53 33 70 76 63 |fXVxjlsLdGzS3pvc|
|00007980| 43 46 35 57 6b 62 64 62 30 56 66 73 4a 54 41 45 |CF5Wkbdb0VfsJTAE|
|00007990| 41 72 6d 67 45 41 41 41 41 56 34 68 69 35 65 59 |ArmgEAAAAV4hi5eY|
|000079a0| 63 55 33 5a 65 71 64 56 58 4c 2f 62 4f 56 76 52 |cU3ZeqdVXL/bOVvR|
|000079b0| 36 35 78 5a 56 7a 31 42 44 75 6c 6d 65 32 71 2f |65xZVz1BDulme2q/|
|000079c0| 52 31 4d 36 63 4f 4b 71 30 74 41 78 6c 35 44 64 |R1M6cOKq0tAxl5Dd|
|000079d0| 76 73 7a 4a 31 5a 30 30 42 6c 57 50 61 47 6e 2b |vszJ1Z00BlWPaGn+|
|000079e0| 73 79 75 2b 31 39 48 4b 58 6c 4e 62 64 2b 43 30 |syu+19HKXlNbd+C0|
|000079f0| 71 71 44 61 61 6f 49 62 7a 56 62 77 58 74 54 35 |qqDaaoIbzVbwXtT5|
|00007a00| 6e 57 2f 4c 55 2b 5a 6d 77 4a 62 32 30 37 73 2b |nW/LU+ZmwJb207s+|
|00007a10| 4f 53 6c 56 59 59 67 72 55 46 4a 59 77 45 67 41 |OSlVYYgrUFJYwEgA|
|00007a20| 41 63 4f 56 71 62 65 38 43 41 41 42 51 75 32 4b |AcOVqbe8CAABQu2K|
|00007a30| 6c 78 6d 2f 51 36 73 51 43 4f 58 64 33 6c 31 74 |lxm/Q6sQCOXd3l1t|
|00007a40| 52 67 64 4a 4c 33 42 55 39 66 6f 52 69 75 72 75 |RgdJL3BU9foRiuru|
|00007a50| 59 73 75 52 73 31 2f 54 35 70 7a 52 75 39 41 6b |YsuRs1/T5pzRu9Ak|
|00007a60| 6c 37 43 79 54 6c 36 74 55 65 4c 42 41 4a 51 48 |l7CyTl6tUeLBAJQH|
|00007a70| 68 6d 6a 34 35 53 43 58 78 61 37 51 38 54 58 4a |hmj45SCXxa7Q8TXJ|
|00007a80| 7a 4c 56 50 68 77 51 49 70 65 4b 69 6d 6a 2b 38 |zLVPhwQIpeKimj+8|
|00007a90| 74 74 34 76 58 4b 46 44 79 71 68 56 61 66 74 42 |tt4vXKFDyqhVaftB|
|00007aa0| 52 50 54 31 64 70 4b 49 43 70 63 74 62 45 79 65 |RPT1dpKICpctbEye|
|00007ab0| 4e 56 61 68 6e 38 39 31 5a 47 34 2b 75 36 6c 57 |NVahn891ZG4+u6lW|
|00007ac0| 55 6f 51 4e 5a 6d 5a 4a 44 44 2f 56 77 64 32 79 |UoQNZmZJDD/Vwd2y|
|00007ad0| 47 71 33 67 72 30 44 56 46 79 54 6d 68 69 76 45 |Gq3gr0DVFyTmhivE|
|00007ae0| 78 66 36 55 6b 4c 55 55 4a 72 75 37 79 4b 79 6f |xf6UkLUUJru7yKyo|
|00007af0| 77 4a 52 52 6c 61 58 6c 73 69 6e 72 4f 6e 4b 79 |wJRRlaXlsinrOnKy|
|00007b00| 49 71 76 64 64 6b 71 6e 6c 73 33 62 49 72 33 70 |Iqvddkqnls3bIr3p|
|00007b10| 36 70 61 4a 4d 78 61 33 61 70 49 53 44 6b 6c 39 |6paJMxa3apISDkl9|
|00007b20| 33 64 36 6d 6f 51 4d 34 42 51 78 58 6a 73 31 39 |3d6moQM4BQxXjs19|
|00007b30| 7a 64 2f 74 72 77 65 54 65 63 70 5a 6b 32 33 4f |zd/trweTecpZk23O|
|00007b40| 32 4a 59 38 4e 6e 34 6d 53 2f 56 6f 2b 61 35 50 |2JY8Nn4mS/Vo+a5P|
|00007b50| 38 5a 6a 79 72 36 4b 72 33 58 53 32 39 4a 47 32 |8Zjyr6Kr3XS29JG2|
|00007b60| 7a 70 75 2f 75 71 48 47 75 57 55 72 49 64 4a 54 |zpu/uqHGuWUrIdJT|
|00007b70| 58 78 63 39 49 6a 4b 61 50 39 35 65 62 70 4f 7a |Xxc9IjKaP95ebpOz|
|00007b80| 45 68 5a 6f 62 4c 30 6c 48 46 44 74 4c 6b 6b 49 |EhZobL0lHFDtLkkI|
|00007b90| 30 63 2f 34 41 2b 54 58 77 48 51 45 41 77 46 34 |0c/4A+TXwHQEAwF4|
|00007ba0| 49 41 41 41 41 57 72 54 73 2b 4b 56 61 63 6a 42 |IAAAAWrTs+KVacjB|
|00007bb0| 49 4d 2b 63 38 49 44 39 54 4b 31 49 6c 42 78 4f |IM+c8ID9TK1IlBxO|
|00007bc0| 31 59 50 45 61 4a 63 79 63 72 4f 69 4c 6a 63 4c |1YPEaJcycrOiLjcL|
|00007bd0| 39 53 69 35 35 51 4c 45 7a 76 55 32 4e 7a 5a 4a |9Si55QLEzvU2NzZJ|
|00007be0| 6a 53 6c 69 38 51 73 76 6e 48 35 42 58 32 41 6a |jSli8QsvnH5BX2Aj|
|00007bf0| 46 7a 6e 53 76 4f 50 69 49 34 68 61 2f 72 39 57 |FznSvOPiI4ha/r9W|
|00007c00| 37 66 54 51 6c 32 45 56 53 71 64 4c 58 72 6c 43 |7fTQl2EVSqdLXrlC|
|00007c10| 63 6f 6a 51 33 39 6c 4a 51 6f 44 41 74 54 6e 4d |cojQ39lJQoDAtTnM|
|00007c20| 58 62 35 4c 62 7a 4b 48 71 36 64 78 63 64 2b 65 |Xb5LbzKHq6dxcd+e|
|00007c30| 6f 54 76 34 39 31 45 73 5a 4f 70 43 52 49 66 56 |oTv491EsZOpCRIfV|
|00007c40| 6f 6a 69 43 41 6a 30 4c 44 4f 6d 70 31 34 6e 35 |ojiCAj0LDOmp14n5|
|00007c50| 46 54 4b 34 57 39 45 67 38 6f 75 69 77 4b 4f 57 |FTK4W9Eg8ouiwKOW|
|00007c60| 75 32 6d 52 4b 63 75 32 6d 30 4f 42 4e 57 72 33 |u2mRKcu2m0OBNWr3|
|00007c70| 6e 6d 43 4b 47 65 56 2f 4d 57 5a 4b 35 58 38 6b |nmCKGeV/MWZK5X8k|
|00007c80| 42 49 59 71 78 47 67 77 70 30 4e 61 6c 63 55 72 |BIYqxGgwp0NalcUr|
|00007c90| 32 48 4b 71 35 38 79 76 50 58 36 72 63 33 5a 75 |2HKq58yvPX6rc3Zu|
|00007ca0| 31 5a 4f 30 52 79 63 65 2f 49 74 2b 6c 35 78 77 |1ZO0Ryce/It+l5xw|
|00007cb0| 62 32 31 74 65 46 61 6d 35 75 2b 4f 30 34 4f 4a |b21teFam5u+O04OJ|
|00007cc0| 7a 74 69 56 50 66 54 34 54 4e 6b 72 62 71 2b 7a |ztiVPfT4TNkrbq+z|
|00007cd0| 4a 6b 7a 56 33 64 47 58 77 49 46 4f 72 35 38 5a |JkzV3dGXwIFOr58Z|
|00007ce0| 70 39 65 34 70 6d 68 4c 73 49 72 2b 6f 5a 37 58 |p9e4pmhLsIr+oZ7X|
|00007cf0| 41 4d 30 37 54 7a 59 49 5a 41 41 42 63 65 5a 67 |AM07TzYIZAABceZg|
|00007d00| 43 41 41 43 77 6d 2b 53 31 4b 37 52 67 63 62 56 |CAACwm+S1K7RgcbV|
|00007d10| 2f 61 2f 64 65 79 6c 43 79 58 77 6d 4a 4c 68 6f |/a/deylCyXwmJLho|
|00007d20| 33 66 73 44 46 68 70 34 6b 4f 58 65 50 30 72 69 |3fsDFhp4kOXeP0ri|
|00007d30| 6f 59 73 58 74 7a 4b 77 79 4c 4e 31 66 30 57 48 |oYsXtzKwyLN1f0WH|
|00007d40| 65 6c 78 70 6e 7a 74 34 4b 6a 66 4a 56 64 6f 36 |elxpnzt4KjfJVdo6|
|00007d50| 50 49 6f 4c 64 71 78 7a 73 71 34 67 77 62 36 57 |PIoLdqxzsq4gwb6W|
|00007d60| 6d 35 5a 69 4f 4c 63 6e 53 31 70 33 75 69 68 6c |m5ZiOLcnS1p3uihl|
|00007d70| 57 74 58 45 73 75 51 57 45 4b 38 5a 7a 76 37 5a |WtXEsuQWEK8Zzv7Z|
|00007d80| 6d 4e 76 64 30 41 45 64 31 38 76 64 58 6a 34 34 |mNvd0AEd18vdXj44|
|00007d90| 58 6c 4a 65 52 6f 63 4d 31 54 39 64 76 4d 4c 66 |XlJeRocM1T9dvMLf|
|00007da0| 75 49 59 6f 75 53 6c 46 71 58 70 58 45 6e 4c 31 |uIYouSlFqXpXEnL1|
|00007db0| 4b 63 49 31 53 52 45 44 56 6e 45 34 4b 44 41 75 |KcI1SREDVnE4KDAu|
|00007dc0| 53 45 76 63 72 2b 32 4a 61 73 56 4a 33 5a 79 6f |SEvcr+2JasVJ3Zyo|
|00007dd0| 30 75 4a 76 5a 38 37 6c 30 6e 76 31 4b 79 50 48 |0uJvZ87l0nv1KyPH|
|00007de0| 58 75 46 46 56 6e 35 2b 54 76 49 4b 48 4b 4b 5a |XuFFVn5+TvIKHKKZ|
|00007df0| 37 6c 66 55 4e 53 72 4b 30 64 61 65 4c 6f 69 4d |7lfUNSrK0daeLoiM|
|00007e00| 76 4e 65 77 6c 79 53 74 34 69 4b 5a 50 44 6a 49 |vNewlySt4iKZPDjI|
|00007e10| 64 61 31 4f 65 2b 6e 77 6d 62 4f 51 54 6f 75 67 |da1Oe+nwmbOQToug|
|00007e20| 41 6c 79 6f 6e 38 31 64 45 6c 4c 74 53 4d 33 4f |Alyon81dElLtSM3O|
|00007e30| 5a 38 77 38 41 75 4b 6f 77 41 67 41 41 59 44 65 |Z8w8AuKowAgAAYDe|
|00007e40| 42 77 38 61 59 44 38 2b 57 70 4a 77 64 6d 72 36 |Bw8aYD8+WpJwdmr6|
|00007e50| 34 34 75 66 38 41 71 57 71 6d 39 55 65 58 53 38 |44uf8AqWqm9UeXS8|
|00007e60| 66 58 32 6e 74 4d 52 57 4f 39 71 39 6f 4c 48 61 |fX2ntMRWO9q9oLHa|
|00007e70| 55 57 37 57 75 57 54 64 58 4c 38 73 44 4a 54 6b |UW7WuWTdXL8sDJTk|
|00007e80| 37 74 37 76 30 53 33 36 42 55 6c 57 67 77 6c 55 |7t7v0S36BUlWgwlU|
|00007e90| 72 6c 46 77 74 58 32 47 65 6c 4a 74 33 51 67 72 |rlFwtX2GelJt3Qgr|
|00007ea0| 77 56 72 4d 71 2f 6c 6c 35 70 79 53 31 36 36 52 |wVrMq/ll5pyS166R|
|00007eb0| 4f 4c 6e 58 6d 62 67 42 33 42 59 59 35 61 75 37 |OLnXmbgB3BYY5au7|
|00007ec0| 4f 54 49 57 4f 39 70 65 7a 53 70 57 36 63 36 39 |OTIWO9pezSpW6c69|
|00007ed0| 36 42 6f 66 4c 54 56 6e 6d 57 58 32 43 46 4f 32 |6BofLTVnmWX2CFO2|
|00007ee0| 7a 56 46 76 54 77 6a 55 78 77 45 6e 4b 32 36 2b |zVFvTwjUxwEnK26+|
|00007ef0| 74 4f 55 45 61 4e 39 6e 4a 36 70 6c 4c 69 6b 36 |tOUEaN9nJ6plLik6|
|00007f00| 6f 73 4c 75 2f 57 57 50 63 78 45 6c 2b 2f 74 35 |osLu/WWPcxEl+/t5|
|00007f10| 53 57 73 57 76 4e 62 36 58 54 76 4c 79 71 58 69 |SWsWvNb6XTvLyqXi|
|00007f20| 2b 4f 59 33 4a 59 2b 30 7a 59 53 4e 58 46 34 76 |+OY3JY+0zYSNXF4v|
|00007f30| 67 68 70 74 72 52 36 6d 6b 47 52 64 6f 42 41 44 |ghptrR6mkGRdoBAD|
|00007f40| 41 44 67 67 41 41 41 44 73 78 74 6e 5a 53 63 37 |ADggAAADsxtnZSc7|
|00007f50| 56 47 34 37 4f 31 59 66 41 6e 7a 49 74 75 6d 5a |VG47O1YfAnzItumZ|
|00007f60| 74 33 4c 56 72 55 77 32 58 39 31 58 45 73 42 44 |t3LVrUw2X91XEsBD|
|00007f70| 72 6a 55 61 6e 6a 6b 31 30 6a 52 6f 55 48 39 4d |rjUanjk10jRoUH9M|
|00007f80| 33 47 58 6b 71 64 50 52 55 55 43 39 76 4e 55 76 |3GXkqdPRUUC9vNUv|
|00007f90| 37 58 35 4a 62 63 4c 68 43 34 33 63 6f 4e 63 70 |7X5JbcLhC43coNcp|
|00007fa0| 66 6f 53 56 37 6c 5a 41 58 6f 6e 48 6a 6e 57 54 |foSV7lZAXonHjnWT|
|00007fb0| 5a 78 65 32 75 77 44 42 76 72 64 36 64 70 5a 69 |Zxe2uwDBvrd6dpZi|
|00007fc0| 41 33 69 72 4a 50 43 42 46 6a 61 68 39 76 6e 74 |A3irJPCBFjah9vnt|
|00007fd0| 4a 73 64 57 65 38 70 4c 53 36 67 31 6f 57 78 72 |JsdWe8pLS6g1oWxr|
|00007fe0| 55 74 75 53 78 35 54 50 68 79 46 42 39 41 41 43 |UtuSx5TPhyFB9AAC|
|00007ff0| 71 59 51 6f 41 41 4b 44 6c 38 76 42 57 68 44 4b |qYQoAAKDl8vBWhDK|
+--------+-------------------------------------------------+----------------+
&amp#27;[35m22-11-29 16:05:25:219&amp#27;[m [&amp#27;[34mDEBUG&amp#27;[m] 

Request DefaultFullHttpRequest(decodeResult: success, version: HTTP/1.1, content: EmptyByteBufBE)
GET /session/c221f94085f074930f6565b3a9356933/screenshot HTTP/1.1
User-Agent: selenium/4.6.0 (java windows)
Cache-Control: no-cache
Content-Type: application/json; charset=utf-8
host: localhost:44632
accept: */*

Response DefaultHttpResponse(decodeResult: success, version: HTTP/1.1)
HTTP/1.1 200 OK
Content-Type: application/json; charset=utf-8
cache-control: no-cache
content-length: 53712

&amp#27;[35m22-11-29 16:05:25:220&amp#27;[m [&amp#27;[30mTRACE&amp#27;[m] [id: 0xb21da692, L:/127.0.0.1:52679 - R:localhost/127.0.0.1:44632] READ COMPLETE
&amp#27;[35m22-11-29 16:05:25:221&amp#27;[m [&amp#27;[30mTRACE&amp#27;[m] [id: 0xb21da692, L:/127.0.0.1:52679 - R:localhost/127.0.0.1:44632] READ: 21055B
         +-------------------------------------------------+
         |  0  1  2  3  4  5  6  7  8  9  a  b  c  d  e  f |
+--------+-------------------------------------------------+----------------+
|00000000| 56 62 72 46 46 58 61 6e 53 64 32 66 4b 4c 63 43 |VbrFFXanSd2fKLcC|
|00000010| 33 66 6a 32 39 4e 56 37 6a 68 45 71 63 76 4f 58 |3fj29NV7jhEqcvOX|
|00000020| 6e 55 2f 57 66 6f 30 70 79 4d 6c 55 6f 36 7a 33 |nU/Wfo0pyMlUo6z3|
|00000030| 66 54 61 4a 36 34 37 39 5a 77 2f 4b 2b 43 6f 30 |fTaJ6479Zw/K+Co0|
|00000040| 71 30 39 61 30 59 38 72 65 6b 79 4b 33 73 4b 41 |q09a0Y8rekyK3sKA|
|00000050| 61 47 2f 56 75 41 53 45 4b 54 64 75 72 39 4c 78 |aG/VuASEKTdur9Lx|
|00000060| 6a 53 6b 35 30 56 45 53 41 65 77 30 35 4a 57 63 |jSk50VESAew05JWc|
|00000070| 50 4c 2f 6e 6c 48 46 42 36 58 76 56 58 43 70 53 |PL/nlHFB6XvVXCpS|
|00000080| 2b 75 2b 44 53 72 78 37 65 69 74 42 2b 70 65 5a |+u+DSrx7eitB+peZ|
|00000090| 59 35 6b 76 64 75 64 30 30 50 63 48 6d 50 44 5a |Y5kvdud00PcHmPDZ|
|000000a0| 38 4a 70 7a 62 79 63 74 56 79 69 32 71 4e 6f 57 |8JpzbyctVyi2qNoW|
|000000b0| 6a 71 46 69 46 4e 64 34 4e 41 41 42 58 4e 77 49 |jqFiFNd4NAABXNwI|
|000000c0| 41 41 49 43 57 79 39 6c 66 45 61 4e 64 6c 4c 41 |AAICWy9lfEaNdlLA|
|000000d0| 30 54 73 6b 35 46 5a 50 6a 53 77 71 55 47 72 39 |0Tsk5FZPjSwqUGr9|
|000000e0| 47 56 51 46 58 68 51 41 41 49 41 42 4a 52 45 46 |GVQFXhQAAIABJREF|
|000000f0| 55 71 33 50 38 4e 53 36 73 43 59 62 6d 4f 2f 73 |Uq3P8NS6sCYbmO/s|
|00000100| 72 59 72 53 30 65 74 55 6d 70 56 37 63 54 71 35 |rYrS0etUmpV7cTq5|
|00000110| 59 36 66 45 62 74 47 43 33 35 4e 57 4d 75 77 43 |Y6fEbtGC35NWMuwC|
|00000120| 63 4f 56 75 73 73 34 36 64 4c 6b 50 6a 33 38 51 |cOVuss46dLkPj38Q|
|00000130| 72 49 45 52 75 61 31 64 6f 62 71 4b 76 51 67 4e |rIERua1dobqKvQgN|
|00000140| 71 47 57 76 67 37 4b 2b 49 71 41 4a 74 58 62 56 |qGWvg7K+IqAJtXbV|
|00000150| 5a 43 64 31 44 46 4f 68 61 79 30 6b 39 67 78 51 |ZCd1DFOhay0k9gxQ|
|00000160| 54 56 6d 7a 2b 2f 45 6f 4b 6c 4c 70 32 73 35 4a |TVmz+/EoKlLp2s5J|
|00000170| 56 64 65 32 46 69 76 64 79 62 64 58 6e 58 4b 44 |Vde2FivdybdXnXKD|
|00000180| 55 74 52 75 30 5a 4c 65 6a 36 54 6e 58 4a 30 2b |UtRu0ZLej6TnXJ0+|
|00000190| 64 6e 77 6c 76 42 59 61 35 4b 7a 6b 78 36 64 4b |dnwlvBYa5Kzkx6dK|
|000001a0| 35 69 6f 34 6f 62 74 57 4f 4b 75 73 62 31 46 4e |5io4obtWOKusb1FN|
|000001b0| 52 67 58 4c 5a 42 68 41 41 63 41 56 6a 43 67 41 |RgXLZBhAAcAVjCgA|
|000001c0| 41 6f 45 58 7a 43 70 75 73 57 4e 64 45 78 61 31 |AoEXzCpusWNdExa1|
|000001d0| 61 6f 75 56 35 6b 75 51 6f 72 2b 41 51 54 5a 6b |aouV5kuQor+AQTZk|
|000001e0| 5a 61 6d 58 65 65 57 4f 75 73 55 6d 72 46 79 2f |ZamXeeWOusUmrFy/|
|000001f0| 55 6b 71 4a 4c 31 35 67 35 4e 62 54 78 49 77 78 |UkqJL15g5NbTxIwx|
|00000200| 71 30 63 61 6a 75 30 49 38 6d 76 45 43 31 62 6e |q0caju0I8mvEC1bn|
|00000210| 32 56 6e 52 55 6f 67 71 64 51 68 52 59 78 37 50 |2VnRUogqdQhRYx7P|
|00000220| 7a 43 77 68 53 59 65 4a 65 52 59 2f 32 72 32 4d |zCwhSYeJeRY/2r2M|
|00000230| 6f 76 5a 4e 36 6a 70 36 73 4b 66 45 62 46 44 64 |ovZN6jp6sKfEbFDd|
|00000240| 33 6f 5a 5a 49 6b 71 65 33 6f 6f 65 4e 30 4a 54 |3oZZIkqe3ooeN0JT|
|00000250| 75 53 5a 71 35 2b 31 4a 4f 72 37 41 4a 69 6e 58 |uSZq5+1JOr7AJinX|
|00000260| 61 72 43 56 6d 7a 33 6d 41 59 71 63 47 58 58 7a |arCVmz3mAYqcGXXz|
|00000270| 4f 74 75 57 78 37 54 50 68 46 54 56 47 30 30 73 |OtuWx7TPhFTVG00s|
|00000280| 33 61 48 56 46 75 64 77 38 2f 52 55 7a 4c 45 71 |3aHVFudw8/RUzLEq|
|00000290| 42 53 78 4e 74 66 57 49 58 4f 51 65 45 61 32 4c |BSxNtfWIXOQeEa2L|
|000002a0| 61 2b 31 6f 79 4b 30 57 46 62 41 4d 49 41 4c 68 |a+1oyK0WFbAMIALh|
|000002b0| 43 74 53 6f 76 4c 79 2b 33 64 79 45 41 41 4c 42 |CtSovLy+3dyEAALB|
|000002c0| 4a 53 61 6e 6b 33 49 78 44 38 69 2f 58 4e 61 34 |JSank3IxD8i/XNa4|
|000002d0| 45 4f 59 6d 61 75 62 61 64 70 73 2b 6f 58 78 43 |EOYmaubadps+oXxC|
|000002e0| 6b 70 45 53 57 36 7a 70 59 7a 57 6a 44 63 32 36 |kpESW6zpYzWjDc26|
|000002f0| 71 50 44 49 74 64 63 43 61 41 41 43 41 4b 39 6e |qPDItdcCaAACAK9n|
|00000300| 4a 6b 79 63 62 66 51 36 6d 41 41 41 41 72 68 79 |JkycbfQ6mAAAArhy|
|00000310| 58 6f 32 46 4f 34 31 2b 71 32 43 58 41 4c 62 69 |Xo2FO41+q2CXALbi|
|00000320| 65 71 2b 6e 4c 78 73 61 2f 5a 4e 74 7a 62 71 6f |eq+nLxsa/ZNtzbqo|
|00000330| 38 6f 76 45 50 41 49 42 45 41 41 41 41 41 46 52 |8ovEPAIBEAAAAAFR|
|00000340| 58 6c 4b 58 6b 33 64 36 31 4c 76 34 48 41 41 43 |XlKXk3d61Lv4HAAC|
|00000350| 75 50 41 51 41 41 41 43 41 6d 64 79 44 6d 53 71 |uPAQAAACAmdyDmSq|
|00000360| 4a 71 6d 50 78 50 77 41 41 63 4d 56 68 44 51 41 |JqmPxPwAAcMVhDQA|
|00000370| 41 41 41 41 41 41 46 6f 34 31 67 41 41 41 41 41 |AAAAAAFo41gAAAAA|
|00000380| 41 41 41 41 32 49 51 41 41 41 41 41 41 41 49 41 |AAAA2IQAAAAAAAIA|
|00000390| 42 45 41 41 41 41 41 41 41 41 4d 41 41 43 41 41 |BEAAAAAAAAMAACAA|
|000003a0| 41 41 41 41 41 41 47 41 41 42 41 41 41 41 41 41 |AAAAAAGAABAAAAAA|
|000003b0| 41 41 44 41 41 41 67 41 41 41 41 41 41 41 42 67 |AADAAAgAAAAAAABg|
|000003c0| 41 41 51 41 41 41 41 41 41 41 41 79 41 41 41 41 |AAQAAAAAAAAyAAAA|
|000003d0| 41 41 41 41 41 41 41 5a 41 41 41 41 41 41 41 41 |AAAAAAAZAAAAAAAA|
|000003e0| 41 41 41 4d 67 41 41 41 41 41 41 41 41 67 41 45 |AAAMgAAAAAAAAgAE|
|000003f0| 51 41 41 41 41 41 41 41 41 77 41 41 49 41 41 41 |QAAAAAAAAwAAIAAA|
|00000400| 41 41 41 41 41 59 41 41 45 41 41 41 41 41 41 41 |AAAAAYAAEAAAAAAA|
|00000410| 41 4d 41 41 43 41 41 41 41 41 41 41 41 47 41 41 |AMAACAAAAAAAAGAA|
|00000420| 42 41 41 41 41 41 41 41 41 44 49 41 41 41 41 41 |BAAAAAAAADIAAAAA|
|00000430| 41 41 41 41 41 42 6b 41 41 41 41 41 41 41 41 41 |AAAAABkAAAAAAAAA|
|00000440| 41 41 79 41 41 41 41 41 41 41 41 43 41 41 52 41 |AAyAAAAAAAACAARA|
|00000450| 41 41 41 41 41 41 41 44 41 41 41 67 41 41 41 41 |AAAAAAADAAAgAAAA|
|00000460| 41 41 41 42 67 41 41 51 41 41 41 41 41 41 41 41 |AAABgAAQAAAAAAAA|
|00000470| 77 41 41 49 41 41 41 41 41 41 41 41 59 41 41 45 |wAAIAAAAAAAAYAAE|
|00000480| 41 41 41 41 41 41 41 41 4d 67 41 41 41 41 41 41 |AAAAAAAAMgAAAAAA|
|00000490| 41 41 41 41 47 51 41 41 41 41 41 41 41 41 41 41 |AAAAGQAAAAAAAAAA|
|000004a0| 44 49 41 41 41 41 41 41 41 41 49 41 42 45 41 41 |DIAAAAAAAAIABEAA|
|000004b0| 41 41 41 41 41 41 4d 41 41 43 41 41 41 41 41 41 |AAAAAAMAACAAAAAA|
|000004c0| 41 41 47 41 41 42 41 41 41 41 41 41 41 41 44 41 |AAGAABAAAAAAAADA|
|000004d0| 41 41 67 41 41 41 41 41 41 41 42 67 41 41 51 41 |AAgAAAAAAABgAAQA|
|000004e0| 41 41 41 41 41 41 41 79 41 41 41 41 41 41 41 41 |AAAAAAAyAAAAAAAA|
|000004f0| 41 41 41 5a 41 41 41 41 41 41 41 41 41 41 41 4d |AAAZAAAAAAAAAAAM|
|00000500| 67 41 41 41 41 41 41 41 41 67 41 45 51 41 41 41 |gAAAAAAAAgAEQAAA|
|00000510| 41 41 41 41 41 77 41 41 49 41 41 41 41 41 41 41 |AAAAAwAAIAAAAAAA|
|00000520| 41 59 41 41 45 41 41 41 41 41 41 41 41 4d 41 41 |AYAAEAAAAAAAAMAA|
|00000530| 43 41 41 41 41 41 41 41 41 47 41 41 42 41 41 41 |CAAAAAAAAGAABAAA|
|00000540| 41 41 41 41 41 44 49 41 41 41 41 41 41 41 41 41 |AAAAADIAAAAAAAAA|
|00000550| 41 42 6b 41 41 41 41 41 41 41 41 41 41 41 79 41 |ABkAAAAAAAAAAAyA|
|00000560| 41 41 41 41 41 41 41 43 41 41 52 41 41 41 41 41 |AAAAAAACAARAAAAA|
|00000570| 41 41 41 44 41 41 41 67 41 41 41 41 41 41 41 42 |AAADAAAgAAAAAAAB|
|00000580| 67 41 41 51 41 41 41 41 41 41 41 41 77 41 41 49 |gAAQAAAAAAAAwAAI|
|00000590| 41 41 41 41 41 41 41 41 59 41 41 45 41 41 41 41 |AAAAAAAAYAAEAAAA|
|000005a0| 41 41 41 41 4d 67 41 41 41 41 41 41 41 41 41 41 |AAAAMgAAAAAAAAAA|
|000005b0| 47 51 41 41 41 41 41 41 41 41 41 41 44 49 41 41 |GQAAAAAAAAAADIAA|
|000005c0| 41 41 41 41 41 41 49 41 42 45 41 41 41 41 41 41 |AAAAAAIABEAAAAAA|
|000005d0| 41 41 4d 41 41 43 41 41 41 41 41 41 41 41 47 41 |AAMAACAAAAAAAAGA|
|000005e0| 41 42 41 41 41 41 41 41 41 41 44 41 41 41 67 41 |ABAAAAAAAADAAAgA|
|000005f0| 41 41 41 41 41 41 42 67 41 41 51 41 41 41 41 41 |AAAAAABgAAQAAAAA|
|00000600| 41 41 41 79 41 41 41 41 41 41 41 41 41 41 41 5a |AAAyAAAAAAAAAAAZ|
|00000610| 41 41 41 41 41 41 41 41 41 41 41 4d 67 41 41 41 |AAAAAAAAAAAMgAAA|
|00000620| 41 41 41 41 41 67 41 45 51 41 41 41 41 41 41 41 |AAAAAgAEQAAAAAAA|
|00000630| 41 77 41 41 49 41 41 41 41 41 41 41 41 59 41 41 |AwAAIAAAAAAAAYAA|
|00000640| 45 41 41 41 41 41 41 41 41 4d 41 41 43 41 41 41 |EAAAAAAAAMAACAAA|
|00000650| 41 41 41 41 41 47 41 41 42 41 41 41 41 41 41 41 |AAAAAGAABAAAAAAA|
|00000660| 41 44 49 41 41 41 41 41 41 41 41 41 41 42 6b 41 |ADIAAAAAAAAAABkA|
|00000670| 41 41 41 41 41 41 41 41 41 41 79 41 41 41 41 41 |AAAAAAAAAAyAAAAA|
|00000680| 41 41 41 43 41 41 52 41 41 41 41 41 41 41 41 44 |AAACAARAAAAAAAAD|
|00000690| 41 41 41 67 41 41 41 41 41 41 41 42 67 41 41 51 |AAAgAAAAAAABgAAQ|
|000006a0| 41 41 41 41 41 41 41 41 77 41 41 49 41 41 41 41 |AAAAAAAAwAAIAAAA|
|000006b0| 41 41 41 41 59 41 41 45 41 41 41 41 41 41 41 41 |AAAAYAAEAAAAAAAA|
|000006c0| 4d 67 41 41 41 41 41 41 41 41 41 41 47 51 41 41 |MgAAAAAAAAAAGQAA|
|000006d0| 41 41 41 41 41 41 41 41 44 49 41 41 41 41 41 41 |AAAAAAAADIAAAAAA|
|000006e0| 41 41 49 41 42 45 41 41 41 41 41 41 41 41 4d 41 |AAIABEAAAAAAAAMA|
|000006f0| 41 43 41 41 41 41 41 41 41 41 47 41 41 42 41 41 |ACAAAAAAAAGAABAA|
|00000700| 41 41 41 41 41 41 44 41 41 41 67 41 41 41 41 41 |AAAAAADAAAgAAAAA|
|00000710| 41 41 42 67 41 41 51 41 41 41 41 41 41 41 41 79 |AABgAAQAAAAAAAAy|
|00000720| 41 41 41 41 41 41 41 41 41 41 41 5a 41 41 41 41 |AAAAAAAAAAAZAAAA|
|00000730| 41 41 41 41 41 41 41 4d 67 41 41 41 41 41 41 41 |AAAAAAAMgAAAAAAA|
|00000740| 41 67 41 45 51 41 41 41 41 41 41 41 41 77 41 41 |AgAEQAAAAAAAAwAA|
|00000750| 49 41 41 41 41 41 41 41 41 59 41 41 45 41 41 41 |IAAAAAAAAYAAEAAA|
|00000760| 41 41 41 41 41 4d 41 41 43 41 41 41 41 41 41 41 |AAAAAMAACAAAAAAA|
|00000770| 41 47 41 41 42 41 41 41 41 41 41 41 41 44 49 41 |AGAABAAAAAAAADIA|
|00000780| 41 41 41 41 41 41 41 41 41 42 6b 41 41 41 41 41 |AAAAAAAAABkAAAAA|
|00000790| 41 41 41 41 41 41 79 41 41 41 41 41 41 41 41 43 |AAAAAAyAAAAAAAAC|
|000007a0| 41 41 52 41 41 41 41 41 41 41 41 44 41 41 41 67 |AARAAAAAAAADAAAg|
|000007b0| 41 41 41 41 41 41 41 42 67 41 41 51 41 41 41 41 |AAAAAAABgAAQAAAA|
|000007c0| 41 41 41 41 77 41 41 49 41 41 41 41 41 41 41 41 |AAAAwAAIAAAAAAAA|
|000007d0| 59 41 41 45 41 41 41 41 41 41 41 41 4d 67 41 41 |YAAEAAAAAAAAMgAA|
|000007e0| 41 41 41 41 41 41 41 41 47 51 41 41 41 41 41 41 |AAAAAAAAGQAAAAAA|
|000007f0| 41 41 41 41 44 49 41 41 41 41 41 41 41 41 49 41 |AAAADIAAAAAAAAIA|
|00000800| 42 45 41 41 41 41 41 41 41 41 4d 41 41 43 41 41 |BEAAAAAAAAMAACAA|
|00000810| 41 41 41 41 41 41 47 41 41 42 41 41 41 41 41 41 |AAAAAAGAABAAAAAA|
|00000820| 41 41 44 41 41 41 67 41 41 41 41 41 41 41 42 67 |AADAAAgAAAAAAABg|
|00000830| 41 41 51 41 41 41 41 41 41 41 41 79 41 41 41 41 |AAQAAAAAAAAyAAAA|
|00000840| 41 41 46 65 52 34 38 65 50 32 37 73 49 41 41 43 |AAFeR48eP27sIAAC|
|00000850| 67 68 53 49 41 41 41 41 41 41 41 43 41 41 52 41 |ghSIAAAAAAACAARA|
|00000860| 41 41 41 41 41 41 41 44 41 41 41 67 41 41 41 41 |AAAAAAADAAAgAAAA|
|00000870| 41 41 41 42 67 41 41 51 41 41 41 41 41 41 41 41 |AAABgAAQAAAAAAAA|
|00000880| 77 41 41 49 41 41 41 41 41 41 41 41 59 51 47 74 |wAAIAAAAAAAAYQGt|
|00000890| 37 46 77 43 4e 55 48 52 45 71 58 6b 64 46 64 6a |7FwCNUHREqXkdFdj|
|000008a0| 64 78 64 34 6c 41 51 43 67 52 53 73 38 75 46 2b |dxd4lAQCgRSs8uF+|
|000008b0| 70 2b 57 55 31 76 75 37 6d 30 30 31 2b 48 69 35 |p+WU1vu7m001+Hi5|
|000008c0| 79 63 37 36 4d 68 51 49 41 34 44 49 6a 41 48 43 |yc76MhQIA4DIjAHC|
|000008d0| 6c 4b 74 6d 72 6d 63 46 50 36 4a 56 38 52 7a 33 |lKtmrmcFP6JV8Rz3|
|000008e0| 32 77 51 59 74 69 53 49 49 59 46 4b 67 31 4c 56 |2wQYtiSIIYFKg1LV|
|000008f0| 4a 32 6c 72 71 6f 35 68 52 6f 66 4c 6a 69 78 77 |J2lrqo5hRofLjixw|
|00000900| 41 47 46 37 4a 7a 6c 66 56 63 2f 67 47 35 64 6d |AGF7JzlfVc/gG5dm|
|00000910| 51 31 39 4d 2f 52 4e 4e 6a 70 32 6a 4b 4d 48 2b |Q19M/RNNjp2jKMH+|
|00000920| 35 4e 58 76 4a 4c 6a 66 71 53 41 41 77 4f 71 59 |5NXvJLjfqSAAwOqY|
|00000930| 41 58 4b 6d 4b 6a 69 6b 39 58 35 4c 4b 6c 46 74 |AXKmKjik9X5LKlFt|
|00000940| 55 63 34 2b 47 73 5a 51 71 65 66 35 6a 43 6e 70 |Uc4+GsZQqef5jCnp|
|00000950| 34 6f 57 59 38 2f 6f 78 75 66 43 70 52 68 66 59 |4oWY8/oxufCpRhfY|
|00000960| 75 45 67 44 41 37 67 72 7a 63 6d 31 71 2f 45 74 |uEgDA7grzcm1q/Et|
|00000970| 53 58 6d 61 4b 5a 6b 32 59 70 41 35 52 4c 79 6b |SXmaKZk2YpA5RLyk|
|00000980| 75 70 31 6d 4c 64 5a 6e 5a 73 34 34 73 56 57 46 |up1mLdZnZs44sVWF|
|00000990| 52 73 55 6f 75 32 2f 55 41 41 44 55 68 41 49 43 |RsUou2/UAADUhAIC|
|000009a0| 72 79 43 6e 6c 70 75 56 65 2b 6a 55 78 55 39 6e |ryCnlpuVe+jUxU9n|
|000009b0| 32 4b 77 77 41 6f 4d 55 4a 30 72 4a 64 6d 2f 58 |2KwwAoMUJ0rJdm/X|
|000009c0| 7a 6b 57 72 2f 76 6c 6d 6d 7a 7a 62 4f 30 37 74 |zkWr/vlmmzzbO07t|
|000009d0| 7a 49 6a 58 59 70 79 4c 72 6e 73 30 61 47 66 57 |zIjXYpyLrns0aGfW|
|000009e0| 30 56 6c 38 31 51 51 44 37 31 5a 47 70 69 79 65 |0Vl81QQD71ZGpiye|
|000009f0| 70 67 2b 38 51 2b 63 33 59 54 6d 41 65 41 4f 79 |pg+8Q+c3YTmAeAOy|
|00000a00| 4d 41 41 43 75 49 75 36 4b 6e 6a 70 47 49 5a 49 |MAACuIu6KnjpGIZI|
|00000a10| 6b 52 39 30 33 4a 30 61 42 64 69 34 52 41 4b 41 |kR903J0aBdi4RAKA|
|00000a20| 6c 63 5a 53 7a 71 34 76 63 71 76 2f 7a 38 56 64 |lcZSzq4vcqv/z8Vd|
|00000a30| 45 57 4b 6a 47 54 58 31 42 43 64 39 73 30 4f 62 |EWKjGTX1BCd9s0Ob|
|00000a40| 70 33 65 51 70 53 66 6b 70 75 6e 2f 79 59 71 56 |p3eQpSfkpun/yYqV|
|00000a50| 65 46 56 33 58 39 71 6f 6a 43 35 53 2b 30 78 52 |eFV3X9qojC5S+0xR|
|00000a60| 46 79 63 73 2f 78 53 67 41 41 4c 41 7a 31 67 44 |Fycs/xSgAALAz1gD|
|00000a70| 41 56 63 55 35 2b 45 6b 6c 35 30 35 57 6f 56 6a |AVcU5+Ekl505WoVj|
|00000a80| 49 43 51 44 51 45 4f 36 4b 6a 6e 31 54 63 61 36 |ICQDQEO6Kjn1Tca6|
|00000a90| 54 64 50 73 4c 4f 64 4b 65 6c 5a 71 35 4c 6b 59 |TdPsLOdKelZq5LkY|
|00000aa0| 4a 34 37 33 74 58 62 42 47 6f 34 34 45 41 44 41 |J473tXbBGo44EADA|
|00000ab0| 43 41 46 63 66 5a 37 37 59 41 41 41 61 77 30 6d |CAFcfZ77YAAAaw0m|
|00000ac0| 68 55 2f 2b 6b 4f 51 47 6d 33 37 61 73 53 72 6c |hU/+kOQGm37asSrl|
|00000ad0| 36 70 70 52 52 52 77 4b 41 6f 52 45 41 41 41 41 |6ppRRRwKAoREAAAA|
|00000ae0| 41 71 4d 36 35 74 79 4a 47 4f 5a 70 2b 33 72 6c |AqM65tyJGOZp+3rl|
|00000af0| 58 36 55 58 32 4c 51 34 41 41 45 32 42 4b 51 43 |X6UX2LQ4AAE2BKQC|
|00000b00| 77 57 55 6c 52 73 55 70 4b 54 69 67 39 52 2f 4c |wWUlRsUpKTig9R/L|
|00000b10| 72 33 6c 48 4f 54 6b 33 62 69 31 42 53 56 4b 79 |r3lHOTk3bi1BSVKy|
|00000b20| 53 6f 6c 79 6c 35 6a 6d 71 5a 36 50 4f 58 36 72 |Solyl5jmqZ6POX6r|
|00000b30| 43 45 71 63 36 6a 79 30 70 4b 5a 57 7a 73 35 4f |CEqc6jy0pKZWzs5O|
|00000b40| 56 63 68 51 6f 2b 32 43 4f 63 6b 76 5a 46 78 6f |VchQo+2COckvZFxo|
|00000b50| 41 6a 4d 7a 50 4a 30 68 53 69 71 52 54 4b 69 79 |AjMzPJ0hSiqRTKiy|
|00000b60| 52 35 47 72 4c 55 61 55 71 4c 43 70 54 59 55 36 |R5GrLUaUqLCpTYU6|
|00000b70| 57 43 6c 32 37 79 63 2f 56 55 57 36 75 6c 6e 56 |WCl27yc/VUW6ulnV|
|00000b80| 4e 66 56 33 75 4f 74 4c 61 39 51 76 7a 63 70 52 |NfV3uOtLa9QvzcpR|
|00000b90| 65 32 6c 47 42 50 75 33 6b 37 4f 6f 69 65 31 53 |e2lGBPu3k7Ooie1S|
|00000ba0| 4e 6a 66 34 75 55 6c 4b 73 45 6d 63 72 5a 53 38 |Njf4uUlKsEmcrZS8|
|00000bb0| 70 56 6e 5a 6d 6c 72 4b 4c 54 48 56 2f 54 78 2f |pVnZmlrKLTHV/Tx/|
|00000bc0| 37 33 42 38 41 4e 44 63 43 41 4b 68 64 55 61 62 |73B8ANDcCAKhdUab|
|00000bd0| 69 6c 69 37 56 33 47 55 37 6c 47 4a 6c 4a 57 54 |ili7V3GU7lGJlJWT|
|00000be0| 66 66 75 47 61 4d 6d 4e 79 67 2f 64 4c 4c 73 6e |ffuGaMmNyg/dLLsn|
|00000bf0| 62 71 2b 56 7a 46 32 74 42 2f 41 46 6c 35 46 73 |bq+VzF2tB/AFl5Fs|
|00000c00| 35 66 32 53 6b 5a 6b 36 64 72 48 46 52 76 72 61 |5f2SkZk6drHFRvra|
|00000c10| 64 76 32 69 37 70 67 54 50 31 70 73 4b 30 72 75 |dv2i7pgTP1psK0ru|
|00000c20| 4a 62 32 69 63 6a 37 56 4d 70 55 71 64 50 30 6c |Jb2icj7VMpUqdP0l|
|00000c30| 42 4c 2b 51 6f 35 50 6b 33 74 58 56 47 62 7a 6d |BL+Qo5Pk3tXVGbzm|
|00000c40| 72 51 46 75 58 4c 74 54 63 42 55 6e 61 59 75 30 |rQFuXLtTcBUnaYu0|
|00000c50| 2b 49 79 4d 31 63 38 59 30 54 51 6c 7a 72 39 38 |+IyM1c8Y0TQlzr98|
|00000c60| 4e 41 67 41 4d 6f 66 42 67 6f 70 59 73 57 4b 6f |NAgAMofBgopYsWKo|
|00000c70| 6c 71 33 4a 30 70 50 71 4c 50 6a 35 36 61 4f 6f |lq3J0pPqLPj56aOo|
|00000c80| 30 78 59 34 50 6c 5a 39 4e 51 51 51 54 2b 39 53 |0xY4PlZ9NQQQT+9S|
|00000c90| 52 56 65 54 74 31 2f 49 46 72 32 76 75 57 6d 76 |RVeTt1/IFr2vuWmv|
|00000ca0| 58 64 31 53 50 55 53 4d 30 64 2b 5a 6b 78 58 52 |Xd1SPUSM0d+ZkxXR|
|00000cb0| 33 73 54 67 30 4e 36 31 79 31 45 53 42 55 69 74 |3sTg0N61y1ESBUit|
|00000cc0| 48 54 78 52 6c 4b 6e 6e 6e 58 72 4f 79 4f 76 76 |HTxRlKnnnXrOyOvv|
|00000cd0| 30 55 71 68 50 58 51 47 53 69 6a 70 36 38 51 35 |0UqhPXQGSijp68Q5|
|00000ce0| 74 79 61 79 2b 39 62 47 6a 65 6b 51 4f 30 63 79 |tyay+9bGjekQO0cy|
|00000cf0| 5a 6b 7a 55 78 75 49 34 36 4f 69 39 52 34 38 4a |ZkzUxuI46Oi9R48J|
|00000d00| 6a 39 5a 34 69 74 58 6e 33 43 34 70 32 6c 51 6f |j9Z4itXn3C4p2lQo|
|00000d10| 50 62 6c 4c 73 72 49 56 36 50 65 6d 55 65 56 36 |PblLsrIV6PemUeV6|
|00000d20| 50 62 6c 71 38 64 72 6d 6d 42 4e 52 52 4e 41 43 |Pblq8drmmBNRRNAC|
|00000d30| 34 77 68 41 41 51 41 31 4b 6c 62 35 32 6e 71 62 |4whAAQA1Klb52nqb|
|00000d40| 4d 32 71 78 74 56 72 35 30 56 44 71 79 5a 34 64 |M2qxtVr50VDqyZ4d|
|00000d50| 6d 54 64 69 68 57 54 37 68 57 76 5a 42 72 43 5a |mTdihWT7hWvZBrCZ|
|00000d60| 32 74 37 57 58 6f 30 42 62 59 35 2f 57 75 41 56 |2t7WXo0BbY5/WuAV|
|00000d70| 5a 74 65 37 4e 66 43 51 70 53 56 4f 54 6b 68 51 |Zte7NfCQpSVOTkhQ|
|00000d80| 62 4e 6b 52 4c 46 76 31 4a 4d 58 56 39 57 54 6d |bNkRLFv1JMXV9WTm|
|00000d90| 34 56 32 2f 6d 53 39 4a 65 5a 65 64 4a 73 70 72 |4V2/mS9JeZedJspr|
|00000da0| 2f 6c 4e 4c 33 6d 46 72 35 4b 58 75 4f 4b 50 74 |/lNL3mFr5KXuOKPt|
|00000db0| 67 70 75 62 65 4f 30 39 76 31 37 4c 56 55 32 55 |gpubeO09v17LVU2U|
|00000dc0| 35 35 67 36 62 70 72 69 33 78 69 71 51 62 67 45 |55g6bpri3xiqQbgE|
|00000dd0| 41 75 4f 72 6c 35 6c 39 71 79 74 66 38 33 2f 34 |AuOrl5l9qytf83/4|
|00000de0| 78 4a 63 79 61 70 59 6d 4c 61 36 6e 50 63 6e 4c |xJcyapYmLa6nPcnL|
|00000df0| 30 39 71 78 6e 39 50 62 38 58 70 71 2f 39 6a 56 |09qxn9Pb8Xpq/9jV|
|00000e00| 4e 44 37 42 73 4d 4a 75 7a 5a 78 31 70 55 72 68 |ND7BsMJuzZx1pUrh|
|00000e10| 37 73 57 49 6d 72 4b 7a 6c 4f 30 43 5a 4d 74 61 |7sWImrKzlO0CZMta|
|00000e20| 74 30 63 68 31 47 7a 52 77 61 71 79 57 7a 78 6b |t0ch1GzRwaqyWzxk|
|00000e30| 67 76 38 71 58 30 6c 59 6f 4f 6e 79 4a 39 6c 55 |gv8qX0lYoOnyJ9lU|
|00000e40| 2f 5a 4f 63 61 6a 52 79 2b 78 6a 7a 4e 59 34 4c |/ZOcajRy+xjzNY4L|
|00000e50| 32 48 70 78 61 34 34 34 45 4a 57 6e 76 61 39 79 |2Hpxa444EJWnva9y|
|00000e60| 45 68 64 70 51 59 78 31 64 70 6f 79 6b 44 5a 71 |EhdpQYx1dpoykDZq|
|00000e70| 55 74 45 46 4c 4a 73 56 71 39 66 79 6f 53 2b 57 |UtEFLJsVq9fyoS+W|
|00000e80| 6f 4c 6d 65 2f 33 73 75 58 70 43 53 6c 48 70 77 |oLme/3suXpCSlHpw|
|00000e90| 74 72 7a 31 50 4b 48 72 57 41 65 76 50 4f 44 39 |trz1PKHrWAevPOD9|
|00000ea0| 48 71 58 6e 46 55 70 33 76 46 51 42 63 57 56 67 |HqXnFUp3vFQBcWVg|
|00000eb0| 44 41 46 61 55 4b 6e 6e 2b 4a 4e 33 30 63 47 58 |DAFaUKnn+JN30cGX|
|00000ec0| 6a 76 35 30 47 54 35 71 6d 39 54 76 57 56 4e 6b |jv50GT5qm9TvWVNk|
|00000ed0| 33 65 59 33 32 66 6a 42 62 63 34 61 31 4d 78 32 |3eY32fjBbc4a1Mx2|
|00000ee0| 53 73 30 4f 54 62 70 75 6b 75 62 74 4c 62 54 6a |Ss0OTbpukubtLbTj|
|00000ef0| 2f 4d 61 32 65 50 45 61 44 4b 72 2f 59 65 48 54 |/Ma2ePEaDKr/YeHT|
|00000f00| 54 51 33 4e 6d 36 37 4e 64 47 79 36 64 50 32 4f |TQ3Nm67NdGy6dP2O|
|00000f10| 6c 76 6c 77 35 54 51 2b 46 6d 65 5a 66 35 75 33 |lvlw5TQ+FmeZf5u3|
|00000f20| 63 72 4a 46 52 6a 32 70 42 6d 69 33 6e 72 34 65 |crJFRj2pBmi3nr4e|
|00000f30| 63 46 5a 6f 34 76 4b 4c 78 58 31 47 4f 7a 52 66 |cFZo4vKLxX1GOzRf|
|00000f40| 76 63 34 4f 2b 2b 32 53 65 33 6e 30 2b 52 44 30 |vc4O++2Se3n0+RD0|
|00000f50| 38 54 4e 6d 50 78 43 39 55 39 4c 30 72 72 70 49 |8TNmPxC9U9L0rrpI|
|00000f60| 74 6f 51 41 41 4e 63 76 55 31 6c 57 35 70 68 2f |toQAANcvU1lW5ph/|
|00000f70| 44 77 68 58 6f 61 53 33 50 4d 61 32 65 50 45 46 |DwhXoaS3PMa2ePEF|
|00000f80| 44 4b 68 72 2f 6e 76 34 68 6d 72 39 79 6d 51 34 |DKhr/nv4hmr9ymQ4|
|00000f90| 66 32 61 79 66 63 33 66 71 37 4a 48 4e 4f 72 62 |f2ayfc3fq7JHNOrb|
|00000fa0| 72 44 62 33 37 66 4a 42 38 4a 53 6e 2f 67 47 61 |rDb37fJB8JSn/gGa|
|00000fb0| 45 50 31 5a 48 58 64 6b 43 36 73 69 38 54 5a 70 |EP1ZHXdkC6si8TZp|
|00000fc0| 34 56 30 58 6a 33 36 4f 62 48 76 70 48 72 50 5a |4V0Xj36ObHvpHrPZ|
|00000fd0| 2b 59 37 71 6e 38 6c 7a 54 39 54 39 37 61 34 78 |+Y7qn8lzT9T97a4x|
|00000fe0| 47 2b 45 68 53 6d 62 59 74 6e 71 32 49 78 78 4f |G+EhSmbYtnq2IxxO|
|00000ff0| 56 57 33 6d 38 66 35 41 6d 52 6e 61 55 31 55 64 |VW3m8f5AmRnaU1Ud|
|00001000| 6d 70 70 30 47 6a 2b 34 74 72 78 70 65 4c 64 6e |mpp0Gj+4trxpeLdn|
|00001010| 39 75 69 4c 43 4b 78 76 2f 37 54 52 34 36 6a 4d |9uiLCKxv/7TR46jM|
|00001020| 56 7a 79 46 4a 35 59 56 4a 70 75 38 69 56 5a 35 |VzyFJ5YVJpu8iVZ5|
|00001030| 44 79 72 4a 59 68 55 37 65 5a 4e 4f 43 6a 63 6d |DyrJYhU7eZNOCjcm|
|00001040| 4c 5a 31 63 30 2f 74 74 70 78 4e 52 6e 71 6e 33 |LZ1c0/ttpxNRnqn3|
|00001050| 48 4d 66 31 62 45 6b 58 6a 48 38 42 56 71 42 78 |HMf1bEkXjH8BVqBx|
|00001060| 58 70 74 7a 34 38 68 47 75 2f 63 76 6c 32 72 39 |Xptz48hGu/cvl2r9|
|00001070| 38 78 41 66 48 6d 2f 54 55 68 7a 39 34 71 74 79 |8xAfHm/TUhz94qty|
|00001080| 7a 34 74 79 4b 2f 48 76 35 35 74 7a 61 38 78 2f |z4tyK/Hv55tza8x/|
|00001090| 37 5a 45 48 35 51 50 2b 4b 2f 50 35 50 6c 62 39 |7ZEH5QP+K/P5Plb9|
|000010a0| 37 70 4c 62 63 4a 65 56 66 2f 75 4e 2b 55 31 37 |7pLbcJeVf/uN+U17|
|000010b0| 58 2f 75 57 2b 55 39 65 58 66 31 64 59 65 2f 37 |X/uW+U9eXf1dYe/7|
|000010c0| 76 50 6e 69 78 50 4b 53 79 50 50 37 50 6c 57 2b |vPnixPKSyPP7PlW+|
|000010d0| 75 4c 66 2b 75 42 52 66 50 50 57 64 58 54 5a 6d |uLf+uBRfPPWdXTZm|
|000010e0| 4f 6c 37 38 37 76 76 2f 46 66 48 4c 74 58 78 34 |Ol787vv/FfHLtXx4|
|000010f0| 79 2f 5a 50 79 77 37 55 56 6f 2f 42 67 2b 62 4a |y/ZPyw7UVo/Bg+bJ|
|00001100| 4a 67 79 37 6c 2f 38 65 33 35 57 64 72 79 77 38 |Jgy7l/8e35Wdryw8|
|00001110| 41 64 76 4c 54 54 7a 2f 5a 75 77 67 74 7a 72 45 |AdvLTTz/ZuwgtzrE|
|00001120| 50 6e 71 72 34 2f 2f 75 70 38 6e 66 72 71 4e 4e |Pnqr4//up8nfrqNN|
|00001130| 4d 7a 4f 75 71 77 53 74 2f 74 4a 70 6e 37 38 55 |MzOuqwSt/tJpn78U|
|00001140| 38 67 38 6f 48 50 76 39 6c 2b 63 2b 31 6e 66 4a |8g8oHPv9l+c+1nfJ|
|00001150| 49 66 50 6c 44 41 58 58 56 5a 53 32 68 6a 69 77 |IfPlDAXXVZS2hjiw|
|00001160| 76 33 37 74 6f 64 45 57 2b 2b 38 76 6e 37 43 71 |v37todEW++8vn7Cq|
|00001170| 70 35 59 51 2f 6c 72 39 37 73 57 35 38 71 6e 79 |p5YQ/lr97sW58qny|
|00001180| 39 31 57 64 62 70 63 34 64 48 31 39 2b 72 4c 62 |91Wdbpc4dH19+rLb|
|00001190| 62 71 53 72 33 6b 2f 4c 37 4b 72 39 62 42 4d 77 |bqSr3k/L7Kr9bBMw|
|000011a0| 73 58 35 5a 52 57 7a 6c 4f 6c 6e 2f 35 6a 34 63 |sX5ZRWzlOln/5j4c|
|000011b0| 75 66 6e 63 4a 57 58 54 51 65 72 59 71 39 32 2f |ufncJWXTQerYq92/|
|000011c0| 72 64 78 77 41 61 45 6d 4b 69 6f 6f 61 2f 59 38 |rdxwAaEmKiooa/Y8|
|000011d0| 52 41 44 43 58 74 30 6e 54 48 30 34 78 39 54 72 |RADCXt0nTH04x9Tr|
|000011e0| 30 47 36 4d 76 4e 7a 36 72 36 44 70 43 2b 46 35 |0G6MvNz6r6DpC+F5|
|000011f0| 52 54 79 70 68 35 52 69 46 53 46 4a 2b 69 75 36 |RTyph5RiFSFJ+iu6|
|00001200| 66 74 65 6c 53 4c 30 41 31 4a 62 75 58 61 4d 6f |ftelSL0A1JbuXaMo|
|00001210| 4c 70 6e 46 38 6e 71 4e 6d 61 2b 75 69 47 50 57 |LpnF8nqNma+uiGPW|
|00001220| 73 64 54 36 6b 6b 33 71 4f 2f 70 4e 57 76 78 56 |sdT6kk3qO/pNWvxV|
|00001230| 69 36 6b 6e 49 54 39 4c 45 75 63 6c 71 79 67 35 |i6knIT9LEuclqyg5|
|00001240| 34 7a 31 47 7a 61 78 38 79 4b 45 6d 75 2f 70 71 |4z1Gzax8yKEmu/pq|
|00001250| 34 36 41 33 4e 36 57 66 36 4e 65 57 46 46 55 70 |46A3N6Wf6NeWFFUp|
|00001260| 67 52 57 67 41 75 41 6f 56 4b 43 48 32 4d 63 56 |gRWgAuAoVKCH2McV|
|00001270| 55 31 46 58 71 4e 30 46 7a 52 33 6c 62 5a 73 76 |U1FXqN0FzR3lbZsv|
|00001280| 5a 72 4a 6b 56 65 55 4b 65 66 30 4d 4a 73 61 47 |ZrJkVeUKef0MJsaG|
|00001290| 31 7a 38 50 33 47 61 72 6c 47 35 2f 52 59 45 6e |1z8P3GarlG5/RYEn|
|000012a0| 4b 54 39 4c 4d 56 5a 6b 57 57 56 70 47 48 56 6d |KT9LMVZkWWVpGHVm|
|000012b0| 67 39 4a 30 56 74 66 69 77 42 7a 51 75 75 4c 61 |g9J0VtfiwBzQuuLa|
|000012c0| 70 66 64 34 61 74 33 53 4e 76 6c 77 30 51 59 74 |pfd4at3SNvlw0QYt|
|000012d0| 58 54 71 76 7a 2b 34 4c 74 53 72 56 31 77 63 75 |XTqvz+4LtSrV1wcu|
|000012e0| 6d 34 66 6f 65 49 58 70 33 34 35 77 36 70 68 69 |m4foeIXp345w6phi|
|000012f0| 36 4b 48 54 47 6d 31 6f 39 74 57 49 6b 77 4b 79 |6KHTGm1o9tWIkwKy|
|00001300| 6c 69 71 75 72 6a 76 59 49 30 62 74 4c 36 2f 36 |liqurjvYI0btL6/6|
|00001310| 4f 41 77 42 58 47 77 49 41 4d 4a 4f 36 62 71 6b |OAwBXGwIAMJO6bqk|
|00001320| 32 53 4a 4a 38 4e 48 2f 2b 6b 77 71 31 63 61 36 |2SJJ8NH/+kwq1ca6|
|00001330| 37 63 2f 43 54 57 72 32 6f 6c 2b 6d 58 2b 48 6c |7c/CTWr2ol+mX+Hl|
|00001340| 61 76 74 74 61 72 6d 49 6c 4c 46 74 6a 6d 68 50 |avttarmIlLFtjmhP|
|00001350| 6f 45 61 6e 6c 38 34 66 57 33 75 69 75 77 6d 2f |oEanl84fW3uiuwm/|
|00001360| 30 79 78 63 72 39 72 7a 46 53 37 57 36 6c 76 6e |0yxcr9rzFS7W6lvn|
|00001370| 36 39 64 4e 4c 63 32 4e 74 4c 49 64 7a 62 30 32 |69dNLc2NtLIdzb02|
|00001380| 50 48 56 45 78 70 48 47 48 6c 69 63 57 4e 46 55 |PHVExpHGHlicWNFU|
|00001390| 68 41 41 43 58 52 59 46 53 39 2b 7a 56 31 70 33 |hAACXRYFS9+zV1p3|
|000013a0| 57 2f 69 56 71 65 65 7a 7a 69 75 34 7a 51 6b 4d |W/iVqeezziu4zQkM|
|000013b0| 75 44 72 38 50 30 62 74 4c 70 31 70 5a 39 36 56 |uDr8P0btLp1pZ96V|
|000013c0| 55 57 35 63 75 31 42 5a 4a 38 68 69 68 75 56 4e |UW5cu1BZJ8hihuVN|
|000013d0| 37 32 37 5a 69 76 45 2b 4d 35 73 34 78 44 58 6a |727ZivE+M5s4xDXj|
|000013e0| 66 4e 7a 39 4f 57 38 31 61 36 69 32 6e 6a 72 79 |fNz9OW81a6i2njry|
|000013f0| 34 51 55 35 52 39 51 58 33 72 48 46 58 36 50 69 |4QU5R9QX3rHFX6Pi|
|00001400| 70 6d 6a 4c 4d 74 2b 6c 57 7a 63 2f 5a 72 4c 6d |pmjLMt+lWzc/ZrLm|
|00001410| 4c 54 64 63 65 48 44 75 74 37 73 55 4b 4a 55 6c |LTdceHDut7sUKJUl|
|00001420| 4f 69 70 67 35 57 77 39 4a 6b 6e 5a 6f 53 66 79 |Oipg5Ww9JknZoSfy|
|00001430| 78 57 6e 50 66 4d 6d 4f 4b 6a 65 63 46 67 4b 73 |xWnPfMmOKjecFgKs|
|00001440| 4c 41 51 42 55 55 57 57 2b 34 2f 6a 4a 6d 6c 6a |LAQBUUWW+4/jJmlj|
|00001450| 50 6c 57 2f 39 68 6f 32 74 71 48 6a 4c 74 47 44 |PlW/9ho2tqHjLtGD|
|00001460| 6e 66 73 73 4d 65 53 6c 61 76 63 72 30 34 79 30 |nfssMeSlavcr04y0|
|00001470| 7a 48 6c 42 30 50 56 5a 43 6c 70 77 55 4d 58 57 |zHlB0PVZClpwUMXW|
|00001480| 61 42 6b 71 53 44 69 68 75 64 78 4d 31 76 73 4f |aBkqSDihudxM1vsO|
|00001490| 47 4b 71 49 65 58 77 43 63 77 36 49 30 73 65 4c |GKqIeXwCcw6I0seL|
|000014a0| 6e 44 58 73 79 6d 33 51 6b 41 67 43 67 75 57 58 |nDXsym3QkAgCguWX|
|000014b0| 70 6c 51 6c 50 61 4e 42 77 61 2f 39 69 4e 61 6e |plQlPaNBwa/9iNan|
|000014c0| 4b 54 6a 43 65 59 55 4f 30 50 76 47 31 47 68 71 |KTjCeYUO0PvG1Ghq|
|000014d0| 4a 57 55 70 65 5a 57 71 67 33 6a 49 6a 52 68 48 |JWUpeZWqg3jIjRhH|
|000014e0| 31 61 50 6b 47 68 73 58 6f 46 6b 6e 4b 33 36 7a |1aPkGhsXoFknK36z|
|000014f0| 6b 71 6f 4d 41 57 6b 77 64 36 61 37 41 71 49 71 |kqoMAWkwd6a7AqIq|
|00001500| 41 2f 73 34 56 6d 6c 74 48 51 37 6f 35 35 4f 37 |A/s4VmltHQ7o55O7|
|00001510| 65 59 51 71 75 4b 46 78 54 68 76 6e 61 66 71 42 |eYQquKFxThvnafqB|
|00001520| 72 69 4d 5a 4e 4d 76 32 34 4a 58 46 2f 6a 61 4d |riMZNMv24JXF/jaM|
|00001530| 52 4a 53 6d 36 6e 33 2f 44 43 77 67 41 56 7a 41 |RJSm6n3/DCwgAVzA|
|00001540| 43 41 4c 67 6b 4a 31 4e 62 30 30 77 2f 6a 6f 67 |CALgkJ1Nb00w/jog|
|00001550| 4d 71 76 2b 32 66 6c 55 71 33 72 79 6b 54 4d 74 |Mqv+2flUq3rykTMt|
|00001560| 46 65 48 4c 32 36 7a 31 4a 6b 71 50 47 68 54 57 |FeHL26z1JkqPGhTW|
|00001570| 67 34 76 58 70 72 5a 69 4b 6f 4d 53 47 6e 66 74 |g4vXprZiKoMSGnft|
|00001580| 56 57 50 38 7a 57 48 4a 31 72 47 65 50 68 59 38 |VWP8zWHJ1rGePhY8|
|00001590| 43 68 31 58 38 6d 48 4f 69 61 63 6f 41 41 47 68 |Ch1X8mHOiacoAAGh|
|000015a0| 42 65 75 6e 4a 6c 63 75 55 76 72 47 57 56 66 56 |BeunJlcuUvrGWVfV|
|000015b0| 7a 6a 69 69 35 59 6e 58 38 65 6a 63 6b 41 33 6f |zjii5YnX8ejckA3o|
|000015c0| 72 57 70 4a 55 70 75 53 44 56 52 72 71 4c 61 69 |rWpJUpuSDVRrqLai|
|000015d0| 4f 39 42 76 31 5a 4d 57 55 74 31 79 39 4f 57 47 |O9Bv1ZMWUt1y9OWG|
|000015e0| 4d 2f 43 61 38 72 74 55 37 6a 79 69 33 71 49 6b |M/Ca8rtU7jyi3qIk|
|000015f0| 58 34 71 31 42 64 6c 71 4b 36 59 64 68 34 51 71 |X4q1BdlqK6Ydh4Qq|
|00001600| 73 56 79 44 45 52 54 33 44 67 6b 77 2f 72 74 74 |sVyDERT3Dgkw/rtt|
|00001610| 66 36 32 4b 41 44 64 6d 36 47 41 43 75 42 6d 77 |f62KADdm6GACuBmw|
|00001620| 44 69 45 76 79 4d 69 75 47 2f 30 75 68 50 67 33 |DiEvyMiuG/0uhPg3|
|00001630| 5a 37 39 35 46 58 6a 36 4f 6b 73 71 6b 6e 55 65 |Z795FXj6OksqknUe|
|00001640| 55 4b 35 6b 4e 58 38 7a 4e 71 52 79 54 47 43 51 |UK5kNX8zNqRyTGCQ|
|00001650| 2f 6a 34 59 55 73 4b 50 38 2f 43 57 6c 53 63 6f |/j4YUsKP8/CWlSco|
|00001660| 2f 52 65 38 37 41 4b 43 65 67 72 52 73 31 38 75 |/Re87AKCegrRs18u|
|00001670| 4b 73 5a 6a 33 66 55 4a 78 6a 30 2f 51 70 48 68 |KsZj3fUJxj0/QpHh|
|00001680| 4a 4f 69 55 76 48 35 2f 61 47 34 68 56 36 73 74 |JOiUvH5/aG4hV6st|
|00001690| 58 37 67 72 54 4b 77 30 73 54 57 48 70 4b 55 6d |X7grTKw0sTWHpKUm|
|000016a0| 6d 2b 72 5a 46 31 5a 48 4f 76 54 56 7a 37 52 76 |m+rZF1ZHOvTVz7Rv|
|000016b0| 53 35 4b 63 31 4b 36 6c 4d 52 2b 4c 58 36 50 37 |S5Kc1K6lMR+LX6P7|
|000016c0| 34 69 75 33 37 50 44 70 71 59 48 43 51 51 6f 65 |4iu37PDpqYHCQQoe|
|000016d0| 46 61 31 78 59 75 41 4a 39 62 4e 33 2b 31 31 59 |Fa1xYuAJ9bN3+11Y|
|000016e0| 46 79 71 34 63 47 52 48 2f 73 6d 35 30 65 37 6d |Fyq4cGRH/sm50e7m|
|000016f0| 42 35 79 6c 54 53 59 6c 71 32 37 38 52 41 41 79 |B5ylTSYlq278RAAy|
|00001700| 4a 45 51 42 6f 55 6c 34 2b 46 5a 46 33 35 5a 6a |JEQBoUl4+FZF35Zj|
|00001710| 32 47 47 35 53 37 76 4b 71 6e 4a 59 51 62 32 57 |2GG5S7vKqnJYQb2W|
|00001720| 45 41 51 41 41 74 58 4b 55 73 36 75 4c 33 43 7a |EAQAAtXKUs6uL3Cz|
|00001730| 2b 2b 57 72 69 6e 49 6f 46 2b 70 53 6a 57 54 50 |++WrinIoF+pSjWTP|
|00001740| 57 4b 50 55 79 6c 4d 62 4e 71 56 30 54 6e 71 32 |WKPUylMbNqV0Tnq2|
|00001750| 4a 36 30 6a 58 49 4d 31 63 2b 36 6d 4f 66 54 4a |J60jXIM1c+6mOfTJ|
|00001760| 62 63 38 62 37 36 4f 4a 41 2f 50 77 54 32 68 61 |bc8b76OJA/PwT2ha|
|00001770| 66 70 46 63 65 6a 31 56 51 6e 30 68 35 44 58 39 |fpFcej1VQn0h5DX9|
|00001780| 4a 71 77 38 57 4e 2f 5a 71 54 63 2f 44 55 63 34 |Jqw8WN/ZqTc/DUc4|
|00001790| 30 2f 67 48 41 41 69 4d 41 30 4b 53 79 63 79 71 |0/gHAAiMA0KSycyq|
|000017a0| 47 37 63 6c 48 66 6b 32 2b 73 6d 36 42 73 76 63 |G7clHfk2+sm6Bsvc|
|000017b0| 30 39 54 6b 42 41 46 44 46 41 6e 33 76 61 38 75 |09TkBAFDFAn3va8u|
|000017c0| 73 48 47 6e 50 45 73 31 63 46 61 36 45 38 58 58 |sHGnPEs1cFa6E8XX|
|000017d0| 4e 50 2f 66 52 48 39 39 71 32 45 72 79 7a 68 34 |NP/fRH99q2Eryzh4|
|000017e0| 2b 43 75 7a 65 6b 4e 46 32 4e 57 6d 65 4f 74 49 |+CuzekNF2NWmeOtI|
|000017f0| 72 65 4b 68 6d 42 67 2f 56 7a 45 57 6c 4b 73 7a |reKhmBg/VzEWlKsz|
|00001800| 4c 56 58 70 6d 70 74 49 54 64 32 68 31 2f 41 35 |LVXpmptITd2h1/A5|
|00001810| 74 79 53 78 54 33 73 37 4e 75 76 2b 32 48 55 70 |tySxT3s7Nuv+2HUp|
|00001820| 59 75 55 7a 4c 68 31 6e 5a 4c 61 45 78 78 6b 2f |YuUzLh1nZLaExxk/|
|00001830| 54 5a 2b 4d 62 4d 6c 65 2f 6e 66 7a 36 2b 64 75 |TZ+MbMle/nfz6+du|
|00001840| 38 69 43 49 41 47 41 6b 42 41 46 7a 69 34 36 38 |8iCIAGAkBAFzi468|
|00001850| 52 6b 6a 5a 49 53 73 34 35 4a 67 58 58 74 79 4b |RkjZISs45JgXXtyK|
|00001860| 76 38 75 55 6a 7a 46 64 65 31 56 37 31 38 76 47 |v8uUjzFde1V718vG|
|00001870| 52 6c 43 4a 70 72 37 4a 7a 4a 4e 58 37 43 31 4f |RlCJpr7JzJNX7C1O|
|00001880| 75 73 71 33 75 4c 67 41 41 51 4f 4d 46 54 76 71 |usq3uLgAAQOMFTvq|
|00001890| 54 35 71 78 39 54 4c 50 32 53 46 73 65 58 36 6a |T5qx9TLP2SFseX6j|
|000018a0| 56 59 54 55 73 41 6e 69 78 76 73 78 52 69 57 63 |VYTUsAnixvsxRiWc|
|000018b0| 76 52 59 51 31 66 68 68 38 79 36 38 6a 6e 65 54 |vRYQ1fhh8y68jneT|
|000018c0| 6d 36 61 74 51 54 31 2b 46 68 6b 56 70 59 71 79 |m6atQT1+FhkVpYqy|
|000018d0| 55 75 2f 74 39 7a 58 78 34 6f 64 37 4f 4f 61 57 |Uu/t9zXx4od7OOaW|
|000018e0| 33 4a 38 78 54 64 4d 5a 72 47 74 66 6f 34 4c 2b |3J8xTdMZrGtfo4L+|
|000018f0| 37 2f 50 70 4a 69 70 65 55 34 79 69 2f 73 43 41 |7/PpJipeU4yi/sCA|
|00001900| 61 38 67 44 51 68 4a 67 43 67 45 73 38 2f 52 56 |a8gDQhJgCgEs8/RV|
|00001910| 52 75 59 44 51 71 70 54 36 44 78 38 73 32 71 75 |RuYDQqpT6Dx8s2qu|
|00001920| 45 2b 49 70 54 52 56 71 4a 76 48 63 50 30 6d 4f |E+IpTRVqJvHcP0mO|
|00001930| 53 70 44 4b 74 33 6d 4f 35 2f 33 47 64 30 76 5a |SpDKt3mO5/3Gd0vZ|
|00001940| 71 64 58 37 39 44 77 4d 41 77 43 62 4f 76 54 56 |qdX79DwMAwCbOvTV|
|00001950| 39 7a 68 69 46 53 4a 4a 53 4e 44 30 32 30 66 70 |9zhiFSJJSND020fp|
|00001960| 4b 38 6c 58 71 79 39 57 4a 42 35 70 6d 54 5a 6f |K8lXqy9WJB5pmTZo|
|00001970| 72 73 49 37 30 43 68 36 72 35 52 73 72 70 30 36 |rsI70Ch6r5Rsrp06|
|00001980| 6b 61 45 6e 53 6b 54 71 50 73 65 56 5a 39 51 79 |kaEnSkTqPseVZ9Qy|
|00001990| 49 4e 50 32 77 63 35 4f 32 4e 74 6d 32 76 77 41 |INP2wc5O2Ntm2vwA|
|000019a0| 41 69 51 41 41 7a 50 67 72 5a 6d 72 46 31 6a 39 |AiQAAzPgrZmrF1j9|
|000019b0| 4a 43 37 56 67 5a 33 31 57 2b 79 31 56 38 76 77 |JC7VgZ31W+y1V8vw|
|000019c0| 6c 65 6c 75 53 35 4b 57 5a 55 62 30 74 73 37 67 |leluS5KWZUb0ts7g|
|000019d0| 47 4b 58 71 38 36 63 64 39 73 35 62 55 63 35 2f |GKXq86cd9s5bUc5/|
|000019e0| 69 41 73 58 4e 58 32 72 61 48 78 6b 41 67 47 62 |iAsXNX2raHxkAgGb|
|000019f0| 69 48 44 78 46 43 36 61 62 78 72 44 6c 72 58 74 |iHDxFC6abxrDlrXt|
|00001a00| 5a 73 59 6e 57 35 72 66 37 4b 32 4a 38 52 5a 34 |ZsYnW5rf7K2J8RZ4|
|00001a10| 46 69 2b 74 5a 6e 39 58 67 53 71 30 6a 66 59 49 |Fi+tZn9XgSq0jfYI|
|00001a20| 30 4c 73 7a 30 34 37 61 38 55 31 59 79 75 4a 73 |0Lsz047a8U1YyuJs|
|00001a30| 57 4a 35 53 6b 2b 50 33 4b 74 69 45 43 34 42 59 |WJ5Sk+P3KtiEC4BY|
|00001a40| 63 58 72 47 74 38 41 48 4e 58 4a 7a 4d 6f 72 38 |cXrGt8AHNXJzMor8|
|00001a50| 41 30 49 51 49 41 4d 43 4d 33 36 6a 4a 65 74 4a |A0IQIAMCM36jJetJ|
|00001a60| 44 6b 73 72 30 2b 75 54 5a 4e 6e 38 42 79 55 36 |Dksr0+uTZNn8ByU6|
|00001a70| 63 70 2b 6b 4c 54 50 30 6b 6e 70 4f 6d 61 57 4b |cp+kLTP0knpOmaWK|
|00001a80| 41 74 56 77 75 69 70 34 30 78 72 54 2f 73 56 49 |AtVwuip40xrT/sVI|
|00001a90| 30 50 54 5a 4f 36 54 62 57 36 74 6c 72 58 39 61 |0PTZO6TbW6tlrX9a|
|00001aa0| 55 64 57 57 32 5a 51 59 41 6f 4d 47 63 46 44 72 |UdWW2ZQYAoMGcFDr|
|00001ab0| 7a 6d 59 74 31 34 5a 75 50 4c 39 46 57 4b 33 56 |zmYt14ZuPL9FWK3V|
|00001ac0| 56 34 50 68 70 65 73 78 44 6b 67 35 6f 30 75 54 |V4PhpesxDkg5o0uT|
|00001ad0| 58 6c 64 7a 6f 56 6d 6f 4c 71 53 4e 4c 4d 72 58 |XldzoVmoLqSNLMrX|
|00001ae0| 6b 38 59 6d 61 75 44 54 54 74 6f 5a 33 79 54 47 |k8YmauDTTtoZ3yTG|
|00001af0| 6c 37 6a 54 39 57 4e 50 6f 2f 35 37 42 34 52 55 |l7jT9WNPo/57B4RU|
|00001b00| 2f 62 64 62 71 6e 54 59 73 47 4f 67 61 70 65 6c |/bdbqnTYsGOgapel|
|00001b10| 7a 54 48 4d 76 38 68 62 50 31 73 53 31 78 32 77 |zTHMv8hbP1sS1x2w|
|00001b20| 70 43 51 44 41 42 67 51 41 59 4d 34 35 56 48 4f |pCQDABgQAYM45VHO|
|00001b30| 58 6a 6a 42 56 34 76 6b 70 75 6a 2f 71 55 63 33 |XjjBV4vkpuj/qUc3|
|00001b40| 64 57 56 44 4c 41 63 56 4b 58 7a 56 4c 45 66 64 |dWVDLAcVKXzVLEfd|
|00001b50| 75 56 6f 6f 6b 65 59 52 6f 79 63 77 42 4e 57 36 |uVookeYRoycwBNW6|
|00001b60| 66 35 42 77 38 52 55 75 65 72 36 6a 55 31 38 31 |f5Bw8RUuer6jU181|
|00001b70| 54 78 4c 32 76 4b 36 48 57 33 51 49 4b 74 48 58 |TxL2vK6HW3QIKtHX|
|00001b80| 2b 6f 77 70 39 4f 45 56 35 6b 63 39 6f 32 66 51 |+owp9OEV5kc9o2fQ|
|00001b90| 47 33 42 4d 41 41 50 58 68 48 4b 72 59 52 5a 45 |G3BMAAPXhHKrYRZE|
|00001ba0| 56 64 65 45 47 54 5a 2b 37 31 37 49 78 37 44 70 |VdeEGTZ+717Ix7Dp|
|00001bb0| 41 73 66 4e 44 54 48 6e 32 72 4e 48 74 64 61 36 |AsfNDTHn2rNHtda6|
|00001bc0| 47 58 36 7a 30 74 53 38 70 6f 6e 75 59 76 49 61 |GX6z0tS8ponuYvIa|
|00001bd0| 2f 62 33 57 58 67 5a 5a 51 52 2b 62 47 4c 39 48 |/b3WXgZZQR+bGL9H|
|00001be0| 55 56 56 6c 36 2b 36 6c 4a 69 70 69 52 57 45 65 |UVVl6+6lJipiRWEe|
|00001bf0| 50 66 59 47 32 7a 6c 32 6f 31 79 58 56 4f 50 70 |PfYG2zl2o1yXVOPp|
|00001c00| 50 6b 6c 76 6b 69 43 6f 42 6c 61 65 31 49 4b 33 |PklvkiCoBlae1IK3|
|00001c10| 75 49 45 44 67 70 44 39 70 54 6a 2f 54 4d 65 38 |uIEDgpD9pTj/TMe8|
|00001c20| 39 50 45 48 52 38 2f 64 61 6e 34 35 52 4b 57 2b |9PEHR8/dan45RKW+|
|00001c30| 76 46 6b 79 49 56 69 75 33 61 45 32 78 4f 6d 6f |vFkyIViu3aE2xOmo|
|00001c40| 44 41 43 43 78 43 4f 42 56 49 54 74 2b 71 52 62 |DACCxCOBVITt+qRb|
|00001c50| 6b 4e 32 41 72 49 53 64 2f 52 59 2b 50 55 73 39 |kN2ArISd/RY+PUs9|
|00001c60| 71 32 2b 51 34 68 7a 32 72 35 4c 64 79 54 56 38 |q2+Q4hz2r5LdyTV8|
|00001c70| 6f 38 67 39 6f 31 76 41 52 57 68 49 5a 71 65 6e |o8g9o1vARWhIZqen|
|00001c80| 6a 68 79 6a 51 78 31 73 39 75 7a 73 71 4e 2b 32 |jhyjQx1s9uzsqN+2|
|00001c90| 49 30 74 4d 32 61 2f 6e 69 4a 47 32 70 48 43 58 |I0tM2a/niJG2pHCX|
|00001ca0| 67 45 61 4a 6c 47 36 33 74 72 32 78 32 55 59 58 |gEaJlG63tr2x2UYX|
|00001cb0| 4f 65 45 33 72 4d 79 64 70 35 4b 70 54 79 74 75 |OeE3rMydp5KpTytu|
|00001cc0| 35 52 6b 4e 36 62 46 43 50 55 55 4d 30 63 33 53 |5RkN6bFCPUUM0c3S|
|00001cd0| 55 2f 48 79 38 46 4f 68 52 70 76 54 4d 59 38 71 |U/Hy8FOhRpvTMY8q|
|00001ce0| 75 65 6e 36 50 45 4c 30 37 50 30 5a 2b 61 2b 66 |uen6PEL07P0Z+a+f|
|00001cf0| 56 2f 7a 34 42 41 4b 67 6e 74 36 68 70 57 6a 4a |V/z4BAKgnt6hpWjJ|
|00001d00| 71 68 30 61 75 4b 39 4f 2b 42 61 39 71 77 65 68 |qh0auK9O+Ba9qweh|
|00001d10| 6c 6d 68 6c 67 76 74 69 66 31 37 43 58 6c 54 44 |lmhlgvtif17CXlTD|
|00001d20| 6e 43 55 58 50 4f 71 43 38 50 5a 74 31 2f 32 31 |nCUXPOqC8PZt1/21|
|00001d30| 4a 69 68 30 31 51 72 48 6a 6f 78 51 59 34 43 4d |Jih01QrHjoxQY4CM|
|00001d40| 76 5a 36 6b 77 4a 30 75 70 61 59 6c 61 50 58 2b |vZ6kwJ0upaYlaPX+|
|00001d50| 7a 33 73 75 73 36 4b 58 33 71 61 6d 33 33 76 35 |z3sus6KX3qam33v5|
|00001d60| 31 70 46 66 59 43 44 33 57 4c 30 56 76 37 70 46 |1pFfYCD3WL0Vv7pF|
|00001d70| 53 6c 73 58 71 78 76 69 46 75 6d 2f 30 41 34 71 |SlsXqxviFum/0A4q|
|00001d80| 4a 39 4a 65 66 6a 34 39 36 75 70 35 53 65 75 59 |J9Jefj496up5SeuY|
|00001d90| 4a 35 65 61 59 33 31 50 4e 6f 2f 38 6b 4f 59 64 |J5eaY31PNo/8kOYd|
|00001da0| 71 35 76 77 51 72 5a 35 67 2b 6c 34 78 49 33 79 |q5vwQrZ5g+l4xI3y|
|00001db0| 49 46 76 54 72 70 6f 6a 67 45 41 58 36 53 46 35 |IFvTrpojgEAX6SF5|
|00001dc0| 68 6b 7a 57 75 32 72 4f 56 63 32 2f 4e 58 50 71 |hkzWu2rOVc2/NXPq|
|00001dd0| 79 73 69 66 50 31 70 74 37 79 72 54 6c 68 53 66 |ysifP1pt7yrTlhSf|
|00001de0| 6b 76 61 79 58 48 70 73 2b 56 75 4f 43 65 79 76 |kvayXHps+VuOCeyv|
|00001df0| 51 70 35 31 55 63 6b 4c 70 61 66 75 56 48 42 2b |Qp51UckLpafuVHB+|
|00001e00| 6e 42 63 73 4f 79 4c 51 43 67 57 4f 6a 6e 77 45 |nBcsOyLQCgWOjnwE|
|00001e10| 41 58 4d 30 49 41 46 77 46 39 71 33 62 6f 42 6e |AXM0IAFwF9q3boBn|
|00001e20| 72 47 6e 62 73 38 6c 4a 66 70 55 36 31 33 47 4c |rGnbs8lJfpU613GL|
|00001e30| 48 62 2f 52 72 53 75 2f 2b 76 69 5a 4f 57 4b 67 |Hb/RrSu/+viZOWKg|
|00001e40| 4e 4f 64 4b 52 70 43 54 4e 53 45 71 71 38 54 79 |NOdKRpCTNSEqq8Ty|
|00001e50| 2b 77 36 5a 6f 39 61 49 48 46 4f 70 71 79 31 57 |+w6Zo9aIHFOpqy1W|
|00001e60| 39 46 62 4e 6f 70 62 34 4d 69 4e 57 34 57 58 74 |9FbNopb4MiNW4WXt|
|00001e70| 31 52 47 58 4b 57 4c 64 42 6b 39 5a 74 73 4a 72 |1RGXKWLdBk9ZtsJr|
|00001e80| 62 4d 32 79 4d 56 71 39 38 55 68 47 75 42 59 70 |bM2yMVq98UhGuBYp|
|00001e90| 4c 71 30 67 63 78 76 59 2b 41 49 44 6d 35 4b 36 |Lq0gcxvY+AIDm5K6|
|00001ea0| 59 32 47 63 30 59 74 33 4c 32 71 41 63 7a 5a 71 |Y2Gc0Yt3L2qAczZq|
|00001eb0| 2f 51 78 4f 58 52 6c 58 62 34 63 5a 4a 67 56 50 |/QxOXRlXb4cZJgVP|
|00001ec0| 2f 70 66 52 2b 4b 7a 54 78 34 53 58 61 6b 46 4f |/pfR+KzTx4SXakFO|
|00001ed0| 6d 6a 48 56 72 64 50 2b 36 4e 54 57 63 30 31 45 |mjHVrdP+6NTWc01E|
|00001ee0| 44 70 7a 36 6a 4a 54 4f 48 71 6d 65 4e 31 37 56 |Dpz6jJTOHqmeN17V|
|00001ef0| 7a 48 65 6b 35 51 45 76 57 76 71 6e 41 78 35 2f |zHek5QEvWvqnAx5/|
|00001f00| 57 31 50 68 54 55 76 34 4a 76 62 64 34 6f 64 35 |W1PhTUv4Jvbd4od5|
|00001f10| 62 58 4e 4d 42 6a 68 6f 34 4e 56 62 4c 35 39 51 |bXNMBjho4NVbL59Q|
|00001f20| 38 2b 6b 38 79 42 55 75 32 4c 6f 70 56 39 4f 4d |8+k8yBUu2LopV9OM|
|00001f30| 37 64 45 54 53 6b 54 31 5a 65 6e 74 50 6c 6d 6e |7dETSkT1ZentPlmn|
|00001f40| 74 6f 46 48 2b 69 72 42 34 74 70 4a 38 42 6d 6a |toFH+irB4tpJ8Bmj|
|00001f50| 4a 78 70 57 4b 65 4f 46 35 54 56 2b 63 70 62 79 |JxpWKeOF5TV+cpby|
|00001f60| 63 41 33 72 7a 71 56 69 39 57 64 4e 46 66 49 49 |cA3rzqVi9WdNFfII|
|00001f70| 30 66 31 47 73 70 6f 65 35 31 4f 65 4f 41 63 42 |0f1Gspoe51OeOAcB|
|00001f80| 51 6d 41 4a 77 70 66 49 4d 30 73 54 78 44 65 6a |QmAJwpfIM0sTxDej|
|00001f90| 31 72 38 71 6a 6d 79 61 47 57 64 76 66 79 4d 51 |1r8qjmyaGWdvfyMQ|
|00001fa0| 74 59 4b 7a 69 76 74 6d 73 37 7a 36 59 70 73 63 |tYKzivtms7z6Ypsc|
|00001fb0| 69 4f 31 72 4f 37 66 50 6f 71 4d 47 54 4a 75 6a |iO1rO7fPoqMGTJuj|
|00001fc0| 64 54 7a 59 6f 65 36 57 74 6a 66 39 4b 37 67 71 |dTzYoe6Wtjf9K7gq|
|00001fd0| 64 2b 6f 61 79 4d 39 37 55 75 38 2b 48 61 36 42 |d+oayM97Uu8+Ha6B|
|00001fe0| 2f 39 59 69 39 6f 33 70 45 52 6d 72 78 42 79 75 |/9Yi9o3pERmrxByu|
|00001ff0| 56 76 76 46 4a 52 62 68 4b 30 67 6c 6c 56 79 36 |VvvFJRbhK0gllVy6|
|00002000| 4d 37 4e 46 4f 31 51 59 75 6d 41 52 45 61 58 36 |M7NFO1QYumAREaX6|
|00002010| 59 6f 2b 51 54 72 70 34 31 33 70 71 37 41 6f 63 |Yo+QTrp413pq7Aoc|
|00002020| 46 79 56 66 74 4e 47 4a 59 62 38 73 76 48 48 57 |FyVftNGJYb8svHHW|
|00002030| 55 4f 32 4a 38 75 48 7a 6c 71 4d 48 31 50 68 59 |UO2J8uHzlqMH1PhY|
|00002040| 41 59 41 39 65 77 55 50 30 6b 49 2f 6b 4f 79 78 |AYA9ewUP0kI/kOyx|
|00002050| 63 67 66 58 5a 70 73 35 6e 71 42 61 73 4e 50 32 |cgfXZps5nqBasNP2|
|00002060| 66 50 7a 44 59 75 38 59 47 72 6c 76 77 41 34 72 |fPzDYu8YGrlvwA4r|
|00002070| 37 5a 6f 4f 2b 66 47 75 4d 48 67 71 7a 72 43 38 |7ZoO+fGuMHgqzrC8|
|00002080| 39 2f 58 76 70 73 54 6d 7a 39 57 58 47 5a 6d 32 |9/XvpsTmz9WXGZm2|
|00002090| 64 4d 31 51 39 36 36 77 76 37 56 6c 48 53 6e 4c |dM1Q966wv7VlHSnL|
|000020a0| 74 72 53 6b 72 45 33 51 32 34 30 32 39 4f 79 64 |trSkrE3Q24029Oyd|
|000020b0| 53 49 2f 70 5a 2b 62 37 68 34 36 4d 52 6b 36 5a |SI/pZ+b7h46MRk6Z|
|000020c0| 70 38 7a 63 62 74 48 58 4f 41 42 73 43 44 6b 37 |p8zcbtHXOABsCDk7|
|000020d0| 71 4f 58 36 4f 73 6a 50 65 30 4c 4b 70 56 65 2b |qOX6OsjPe0LKpVe+|
|000020e0| 70 6e 52 34 61 58 55 74 39 36 75 79 72 63 58 4f |pnR4aXUt96uyrcXO|
|000020f0| 57 4b 2f 32 62 65 56 6f 38 4b 55 67 68 46 75 56 |WK/2beVo8KUghFuV|
|00002100| 75 70 35 44 78 49 37 54 73 67 35 58 36 2b 5a 73 |up5DxI7Tsg5X6+Zs|
|00002110| 33 4e 44 33 4d 76 65 59 69 64 41 2f 53 59 7a 36 |3ND3MveYidA/SYz6|
|00002120| 6d 6f 45 6c 6f 39 7a 6f 4c 44 41 42 58 70 56 62 |moElo9zoLDABXpVb|
|00002130| 6c 35 65 58 6c 39 69 34 45 72 68 77 6c 52 63 57 |l5eXl9i4ErhwlRcW|
|00002140| 6d 65 5a 42 4f 4c 6e 4b 7a 2b 75 32 69 4d 55 70 |meZBOLnKz+u2iMUp|
|00002150| 56 57 47 51 61 53 75 6a 73 36 6d 4c 35 35 53 55 |VWGQaSujs6mL55SU|
|00002160| 6e 54 74 46 39 35 6d 6d 4c 70 49 47 4c 56 6d 72 |nTtF95mmLpIGLVmr|
|00002170| 72 65 4e 2b 6d 4c 67 41 41 58 50 47 4f 48 7a 2b |reN+mLgAAXPGOHz+|
|00002180| 75 54 70 30 36 32 62 73 59 68 74 66 30 39 61 57 |uTp062bsYhtf09aW|
|00002190| 39 36 38 68 4c 31 32 2b 65 37 77 44 31 55 46 4b |968hL12+e7wD1UFK|
|000021a0| 73 77 6c 4a 4a 63 70 53 62 71 31 4e 64 75 51 48 |swlJJcpSbq1NduQH|
|000021b0| 67 71 6e 48 79 35 4d 6c 47 6e 34 4d 70 41 4b 67 |gqnHy5MlGn4MpAKg|
|000021c0| 58 71 31 38 36 36 71 75 6b 57 49 57 79 39 75 58 |Xq1866qukWIWy9uX|
|000021d0| 42 71 5a 61 4b 76 46 54 4a 61 31 64 6f 69 79 53 |BqZaKvFTJa1doiyS|
|000021e0| 70 6c 79 61 47 30 66 67 48 41 4c 52 63 44 61 34 |plyaG0fgHALRcDa4|
|000021f0| 76 57 32 77 64 57 64 76 31 4c 7a 4e 6e 4f 77 63 |vW2wdWdv1LzNnOwc|
|00002200| 67 41 4f 41 4b 78 68 51 41 58 46 34 48 33 31 65 |gAOAKxhQAXF4H31e|
|00002210| 6f 31 78 42 31 36 50 4e 30 76 66 59 34 4c 74 6d |o1xB16PN0vfY4Ltm|
|00002220| 39 52 4e 4e 66 71 4e 78 6d 38 41 48 46 31 44 5a |9RNNfqNxm8AHF1DZ|
|00002230| 30 45 51 43 41 4b 78 46 31 4a 41 43 67 6d 52 45 |0EQCAKxF1JACgmRE|
|00002240| 41 77 4f 58 6c 32 6c 46 2b 48 71 72 59 59 76 42 |AwOXl2lF+HqrYYvB|
|00002250| 70 4c 61 39 31 79 79 53 54 77 6f 4e 78 6d 6a 68 |pLa91yySTwoNxmjh|
|00002260| 68 7a 63 56 74 42 68 66 4d 71 48 32 68 49 51 41 |hzcVtBhfMqH2hIQA|
|00002270| 41 72 6b 6a 55 6b 51 43 41 5a 6b 59 41 41 4a 65 |ArkjUkQCAZkYAAJe|
|00002280| 58 5a 35 53 57 72 78 79 6a 45 45 6e 4b 54 39 47 |XZ5SWrxyjEEnKT9G|
|00002290| 6b 32 30 59 6f 34 76 48 33 6c 58 43 77 77 47 4b |k20Yo4vH3lXCwwGK|
|000022a0| 50 35 5a 4b 63 2f 56 6f 39 2f 77 6b 46 33 6a 5a |P5ZKc/Vo9/wkF3jZ|
|000022b0| 50 37 2b 56 4c 6b 6f 2f 6d 72 48 78 5a 34 2b 6a |P7+VLko/mrHxZ4+j|
|000022c0| 5a 41 41 42 63 6a 61 67 6a 41 51 44 4e 6a 45 55 |ZAABcjagjAQDNjEU|
|000022d0| 41 59 52 65 46 61 5a 65 32 47 44 54 58 54 69 48 |AYReFaZe2GDTXTiH|
|000022e0| 39 70 4a 51 39 70 38 79 54 50 58 70 70 2f 74 72 |9pJQ9p8yTPXpp/tr|
|000022f0| 58 4e 44 32 41 72 58 30 41 6f 44 59 73 41 6e 6a |XND2ArX0AoDYsAnj|
|00002300| 6c 6f 34 34 45 41 46 6a 54 46 49 73 41 45 67 43 |lo44EAFjTFIsAEgC|
|00002310| 41 48 52 56 6f 36 39 4b 46 6d 72 73 67 53 56 74 |AHRVo69KFmrsgSVt|
|00002320| 71 6e 4f 76 59 54 69 4f 65 66 30 5a 7a 4a 30 66 |qnOvYTiOef0ZzJ0f|
|00002330| 5a 73 47 30 53 41 49 41 41 77 4e 57 43 4f 68 49 |ZsG0SAIAAwNWCOhI|
|00002340| 41 59 49 34 41 41 4b 34 53 70 53 72 4d 79 56 46 |AYI4AAK4SpSrMyVF|
|00002350| 71 7a 68 46 6c 70 32 57 71 55 4a 4b 7a 52 35 42 |qzhFlp2WqUJKzR5B|
|00002360| 36 64 76 64 56 61 49 42 33 34 33 63 64 41 41 41 |6dvdVaIB343cdAAA|
|00002370| 44 49 51 42 77 74 61 47 4f 42 41 43 59 45 41 41 |DIQBwtaGOBACYEAA|
|00002380| 41 41 41 42 6d 43 41 41 41 41 48 42 31 61 6f 6f |AAABmCAAAAHB1aoo|
|00002390| 41 41 49 73 41 41 67 41 41 41 41 42 67 41 41 51 |AAIsAAgAAAABgAAQ|
|000023a0| 41 41 41 41 41 41 41 41 77 41 41 49 41 41 41 41 |AAAAAAAAwAAIAAAA|
|000023b0| 41 41 41 41 59 41 41 45 41 41 41 41 41 41 41 41 |AAAAYAAEAAAAAAAA|
|000023c0| 4d 67 41 41 41 41 41 41 41 41 41 41 47 51 41 41 |MgAAAAAAAAAAGQAA|
|000023d0| 41 41 41 41 41 41 41 41 44 49 41 41 41 41 41 41 |AAAAAAAADIAAAAAA|
|000023e0| 41 41 49 41 42 45 41 41 41 41 41 41 41 41 4d 41 |AAIABEAAAAAAAAMA|
|000023f0| 41 43 41 41 41 41 41 41 41 41 47 41 41 42 41 41 |ACAAAAAAAAGAABAA|
|00002400| 41 41 41 41 41 41 44 41 41 41 67 41 41 41 41 41 |AAAAAADAAAgAAAAA|
|00002410| 41 41 42 67 41 41 51 41 41 41 41 41 41 41 41 79 |AABgAAQAAAAAAAAy|
|00002420| 41 41 41 41 41 41 41 41 41 41 41 5a 41 41 41 41 |AAAAAAAAAAAZAAAA|
|00002430| 41 41 41 41 41 41 41 4d 67 41 41 41 41 41 41 41 |AAAAAAAMgAAAAAAA|
|00002440| 41 67 41 45 51 41 41 41 41 41 41 41 41 77 41 41 |AgAEQAAAAAAAAwAA|
|00002450| 49 41 41 41 41 41 41 41 41 59 41 41 45 41 41 41 |IAAAAAAAAYAAEAAA|
|00002460| 41 41 41 41 41 4d 41 41 43 41 41 41 41 41 41 41 |AAAAAMAACAAAAAAA|
|00002470| 41 47 41 41 42 41 41 41 41 41 41 41 41 44 49 41 |AGAABAAAAAAAADIA|
|00002480| 41 41 41 41 41 41 41 41 41 42 6b 41 41 41 41 41 |AAAAAAAAABkAAAAA|
|00002490| 41 41 41 41 41 41 79 41 41 41 41 41 41 41 41 43 |AAAAAAyAAAAAAAAC|
|000024a0| 41 41 52 41 41 41 41 41 41 41 41 44 41 41 41 67 |AARAAAAAAAADAAAg|
|000024b0| 41 41 41 41 41 41 41 42 67 41 41 51 41 41 41 41 |AAAAAAABgAAQAAAA|
|000024c0| 41 41 41 41 77 41 41 49 41 41 41 41 41 41 41 41 |AAAAwAAIAAAAAAAA|
|000024d0| 59 41 41 45 41 41 41 41 41 41 41 41 4d 67 41 41 |YAAEAAAAAAAAMgAA|
|000024e0| 41 63 4c 55 36 6b 36 33 74 6e 2b 33 53 34 54 50 |AcLU6k63tn+3S4TP|
|000024f0| 32 4c 67 67 41 41 41 43 41 6c 6f 41 41 77 42 57 |2LggAAACAloAAwBW|
|00002500| 73 4a 4f 2b 67 55 76 63 66 31 49 2b 6c 31 56 34 |sJO+gUvcf1I+l1V4|
|00002510| 6f 7a 56 58 36 2f 6d 2b 55 6d 6c 4e 6f 6c 33 4b |ozVX6/m+UmlNol3K|
|00002520| 68 5a 54 6a 38 2b 56 66 61 6c 58 46 45 6e 2b 7a |hZTj8+VfalXFEn+z|
|00002530| 4a 4e 79 56 6b 4a 47 6e 65 6b 6a 56 36 4c 36 4f |JNyVkJGnekjV6L6O|
|00002540| 5a 4c 6e 67 38 57 66 39 61 73 6b 62 2f 32 70 35 |ZLng8Wf9askb/2p5|
|00002550| 66 52 38 5a 38 66 62 4a 79 6a 65 61 74 54 46 5a |fR8Z8fbJyjeatTFZ|
|00002560| 64 4f 65 33 69 33 42 6e 70 33 44 6e 70 76 55 65 |dOe3i3Bnp3DnpvUe|
|00002570| 6c 52 62 73 6c 6e 5a 48 4f 32 62 74 51 41 4f 71 |lRbslnZHO2btQAOq|
|00002580| 76 55 49 66 33 66 36 50 55 72 46 79 56 56 48 2b |vUIf3f6PUrFyVVH+|
|00002590| 70 6f 70 35 4d 7a 37 4e 34 70 57 55 36 63 30 59 |pop5Mz7N4pWU6c0Y|
|000025a0| 36 2f 6f 58 30 36 44 50 53 6f 59 72 66 41 51 42 |6/oX06DPSoYrfAQB|
|000025b0| 6f 41 41 49 41 56 37 43 54 47 65 6c 4b 33 4a 47 |oAAIAV7CTGelK3JG|
|000025c0| 75 2f 63 58 56 58 69 6a 4f 31 76 59 64 47 55 70 |u/cXVXijO1vYdGUp|
|000025d0| 4d 7a 62 56 4c 75 64 41 79 33 4e 69 76 74 33 70 |MzbVLudAy3Nivt3p|
|000025e0| 33 36 61 7a 62 41 74 7a 74 58 5a 51 72 79 2b 35 |36azbAtztXZQry+5|
|000025f0| 2f 53 2f 50 65 6b 36 37 74 4c 58 6b 56 53 66 4f |/S/Pek67tLXkVSfO|
|00002600| 65 6b 37 59 64 74 58 65 70 41 4e 52 62 72 6e 62 |ek7YdtXepANRbrnb|
|00002610| 74 79 46 42 69 34 75 66 61 6d 46 57 74 6f 56 39 |tyFBi4ufamFWtoV9|
|00002620| 52 54 32 37 50 4f 47 6d 66 6f 74 58 48 75 51 7a |RT27POGmfotXHuQz|
|00002630| 70 75 65 65 6b 31 43 4a 4a 33 61 56 44 79 36 54 |pueek1CJJ3aVDy6T|
|00002640| 6e 31 6b 6e 45 41 41 41 41 44 64 44 61 33 67 58 |n1knEAAAADdDa3gX|
|00002650| 41 35 58 4a 42 4a 54 2f 2f 6f 4b 77 66 43 33 57 |A5XJBJT//oKwfC3W|
|00002660| 2b 74 5a 75 36 2b 4e 30 67 64 79 65 48 61 6e 6c |+tZu6+N0gdyeHanl|
|00002670| 4b 56 4a 43 54 6f 36 50 46 4a 57 72 74 63 6f 4f |KVJCTo6PFJWrtcoO|
|00002680| 36 2b 62 6a 4c 75 65 72 78 5a 34 70 56 4b 6d 65 |6+bjLuerxZ4pVKme|
|00002690| 35 74 72 6c 47 52 54 6e 5a 4f 74 47 68 75 32 35 |5trlGRTnZOtGhu25|
|000026a0| 30 4b 64 50 70 34 6a 4d 36 37 39 42 47 72 6f 37 |0KdPp4jM679BGro7|
|000026b0| 6e 39 4f 50 52 2f 79 6e 2f 54 46 74 35 33 4e 68 |n9OPR/yn/TFt53Nh|
|000026c0| 46 6e 64 73 34 57 68 61 6a 4e 46 65 5a 57 66 6b |Fnds4WhajNFeZWfk|
|000026d0| 36 72 62 62 79 36 4f 61 6e 7a 6b 37 6e 64 4c 71 |6rbby6Oanzk7ndLq|
|000026e0| 34 52 48 4a 30 55 56 73 6e 42 30 6b 32 6e 4b 2b |4RHJ0UVsnB0k2nK+|
|000026f0| 30 51 49 65 7a 66 31 43 52 61 72 6f 50 36 66 79 |0QIezf1CRaroP6fy|
|00002700| 5a 48 33 54 34 63 49 48 70 4f 6a 57 56 78 65 4b |ZH3T4cIHpOjWVxeK|
|00002710| 67 30 78 58 58 6b 39 70 32 2b 72 56 75 39 47 78 |g0xXXk9p2+rVu9Gx|
|00002720| 62 35 51 2b 6b 70 76 75 76 34 56 79 56 5a 54 7a |b5Q+kpvuv4VyVZTz|
|00002730| 76 4c 4e 66 4f 50 72 71 78 67 33 4f 56 46 35 76 |vLNfOPrqxg3OVF5v|
|00002740| 6d 48 75 74 38 6c 69 35 64 64 4d 63 41 4c 37 57 |mHut8li5ddMcAL7W|
|00002750| 2b 7a 73 71 78 74 61 6e 7a 50 61 71 57 72 2f 4c |+zsqxtanzPaqWr/L|
|00002760| 7a 56 4f 4d 4a 53 2f 54 6a 34 59 50 4b 50 31 50 |zVOMJS/Tj4YPKP1P|
|00002770| 35 4c 4b 71 2f 58 74 65 7a 72 65 31 7a 61 56 4c |5LKq/Xtezre1zaVL|
|00002780| 58 2b 31 32 76 7a 30 50 76 55 56 4c 52 52 39 4c |X+12vz0PvUVLRR9L|
|00002790| 36 2f 5a 49 4b 70 4f 6a 37 70 45 43 76 32 70 38 |6/ZIKpOj7pECv2p8|
|000027a0| 5a 67 42 62 73 46 32 56 76 54 31 5a 6d 74 77 6a |ZgBbsF2VvT1Zmtwj|
|000027b0| 35 31 35 57 31 4a 64 5a 52 31 33 61 52 48 68 6b |515W1JdZR13aRHhk|
|000027c0| 6c 72 56 74 75 2b 6e 33 33 37 64 4c 45 53 4f 6e |lrVtu+n337dLESOn|
|000027d0| 61 68 6a 77 4c 41 49 44 52 45 51 41 77 68 4e 50 |ahjwLAIDREQAwhNP|
|000027e0| 36 4e 76 34 54 4a 52 79 74 4f 6f 37 35 57 76 6b |6Nv4TJRytOo75Wvk|
|000027f0| 4e 75 6b 76 33 39 6d 67 72 53 54 72 2f 34 79 36 |Nukv39mgrSTr/4y6|
|00002800| 74 54 44 69 69 6e 38 6f 71 58 38 2b 51 48 46 31 |tTDiin8oqX8+QHF1|
|00002810| 30 32 37 43 37 4e 4d 44 54 51 56 4b 42 64 71 7a |027C7NMDTQVKBdqz|
|00002820| 66 70 6e 33 6e 58 65 58 6e 56 4b 54 73 51 71 6e |fpn3nXeXnVKTsQqn|
|00002830| 4c 6f 4f 36 36 73 63 63 68 62 56 79 5a 70 71 4d |LoO66scchbVyZpqM|
|00002840| 75 62 64 53 78 2b 49 78 4f 56 42 36 2b 34 32 74 |ubdSx+IxOVB6+42t|
|00002850| 31 44 41 6a 58 35 50 36 56 44 61 63 79 48 64 33 |1DAjX5P6VDacyHd3|
|00002860| 2b 69 64 34 37 55 4b 58 4c 59 6b 65 61 72 76 64 |+id47UKXLYkearvd|
|00002870| 72 6f 39 50 5a 52 57 72 64 61 36 41 65 48 65 41 |ro9PZRWrda6AeHeA|
|00002880| 68 71 66 62 7a 6a 65 36 30 58 2b 39 38 64 6b 4b |hqfbzje60X+98dkK|
|00002890| 58 5a 6a 31 63 71 79 35 33 52 4f 69 2b 50 6d 34 |XZj1cqy53ROi+Pm4|
|000028a0| 56 76 35 39 55 65 73 4b 6e 32 70 68 64 35 56 35 |Vv59UesKn2phd5V5|
|000028b0| 33 66 4b 33 32 76 37 35 56 45 2b 37 36 74 64 70 |3fK32v75VE+76tdp|
|000028c0| 61 66 54 34 58 39 47 50 79 4a 31 71 62 57 6c 7a |afT4X9GPyJ1qbWlz|
|000028d0| 6c 76 42 6d 53 69 36 65 47 33 39 4e 66 50 56 31 |lvBmSi6eG39NfPV1|
|000028e0| 71 75 2f 2f 71 35 79 72 54 30 65 52 50 46 57 64 |qu//q5yrT0eRPFWd|
|000028f0| 32 72 6e 31 79 63 75 2b 71 30 57 50 36 71 72 50 |2rn1ycu+q0WP6qrP|
|00002900| 55 42 50 64 6f 34 37 50 38 58 37 4c 2b 2f 64 6b |UBPdo47P8X7L+/dk|
|00002910| 4a 64 52 6b 30 52 76 64 5a 6c 4e 4d 61 57 39 38 |JdRk0RvdZlNMaW98|
|00002920| 6a 4b 2f 6c 30 72 61 37 33 61 36 50 7a 4d 76 39 |jK/l0ra73a6PzMv9|
|00002930| 50 35 66 79 50 79 58 72 6e 77 36 4f 58 37 6c 48 |P5fyPyXrnw6OX7lH|
|00002940| 37 35 4f 52 2b 76 54 7a 4d 4d 74 62 38 62 4f 76 |75OR+vTzMMtb8bOv|
|00002950| 2b 58 46 37 51 6a 35 38 6e 61 46 56 61 31 54 4a |+XF7Qj58naFVa1TJ|
|00002960| 58 2f 65 7a 56 39 58 70 31 35 36 54 64 4b 36 54 |X/ezV9Xp156TdK6T|
|00002970| 31 68 36 58 32 37 61 58 32 72 61 57 45 39 36 51 |1h6X27aX2raWE96Q|
|00002980| 7a 31 30 6b 50 33 47 7a 4c 51 77 54 51 30 72 67 |z10kP3GzLQwTQ0rg|
|00002990| 34 71 58 33 78 54 30 70 49 2b 4a 2f 38 6f 33 39 |4qX3xT0pI+J/8o39|
|000029a0| 64 51 36 59 57 58 45 63 56 5a 55 6a 4c 6c 30 76 |dQ6YWXEcVZUjLl0v|
|000029b0| 6e 32 6b 74 71 4c 35 33 37 55 6c 70 35 55 6e 72 |n2ktqL537Ulp5Unr|
|000029c0| 38 63 61 6b 4c 55 51 41 41 51 50 30 51 41 44 43 |8cakLUQAAQP0QADC|
|000029d0| 43 77 37 76 31 79 64 46 7a 61 74 38 6a 52 41 38 |Cw7v1ydFzat8jRA8|
|000029e0| 4f 38 6c 48 72 34 6d 2b 30 64 6e 57 47 73 70 4e |O8lHr4m+0dnWGspN|
|000029f0| 54 64 62 52 48 66 33 55 70 54 64 66 61 2b 43 50 |TdbRHf3UpTdfa+CP|
|00002a00| 36 79 63 46 56 34 53 50 37 71 36 2f 6e 74 53 72 |6ycFV4SP7q6/ntSr|
|00002a10| 4e 4f 36 43 34 2b 45 7a 74 69 74 38 71 6a 77 6d |NO6C4+Eztit8qjwm|
|00002a20| 52 36 75 6c 55 63 61 36 7a 52 54 72 6d 35 4b 6e |R6ulUca6zRTrm5Kn|
|00002a30| 62 77 74 33 55 70 58 4f 56 61 78 53 58 79 43 6e |bwt3UpXOVaxSXyCn|
|00002a40| 6b 44 6b 30 4e 38 4a 4a 44 38 66 2b 55 38 4f 45 |kDk0N8JJD8f+U8OE|
|00002a50| 2b 5a 61 55 6c 61 2f 4f 4e 4d 52 72 53 57 53 72 |+ZaUla/ONMRrSWSr|
|00002a60| 4a 32 4b 45 50 44 70 79 52 72 75 75 6f 71 4f 68 |J2KEPDpyRruuoqOh|
|00002a70| 51 33 65 77 75 35 57 63 6b 4b 32 37 48 43 5a 32 |Q3ewu5WckK27HCZ2|
|00002a80| 52 31 4c 35 36 6d 61 32 65 62 34 66 2b 72 57 76 |R1L56ma2eb4f+rWv|
|00002a90| 56 62 64 43 64 69 75 37 68 6f 67 73 56 5a 54 7a |VbdCdiu7hogsVZTz|
|00002aa0| 36 78 53 35 39 31 65 4e 75 39 58 57 53 38 72 64 |6xS591eNu9XWS8rd|
|00002ab0| 76 31 63 62 73 63 32 72 66 34 31 61 4e 76 73 4e |v1cbsc2rf41aNvsN|
|00002ac0| 50 37 69 70 55 35 68 65 66 61 30 50 47 31 31 72 |P7ipU5hefa0PG11r|
|00002ad0| 5a 78 6b 57 50 39 76 65 77 65 44 77 6c 57 56 74 |ZxkWP9veweDwlWVt|
|00002ae0| 4e 6a 58 2b 58 7a 68 6f 78 74 4b 2f 38 58 53 37 |NjX+XzhoxtK/8XS7|
|00002af0| 6f 78 37 54 50 74 54 59 6c 54 78 73 2f 33 4b 33 |ox7TPtTYlTxs/3K3|
|00002b00| 32 45 30 4a 31 38 56 5a 72 75 76 2f 4b 63 32 58 |2E0J18VZruv/Kc2X|
|00002b10| 73 30 41 65 70 78 57 72 74 34 61 2f 78 30 62 33 |s0AepxWrt4a/x0b3|
|00002b20| 55 32 66 46 63 78 62 6b 4f 61 57 32 38 69 78 34 |U2fFcxbkOaW28ix4|
|00002b30| 5a 31 76 31 53 37 33 55 44 37 37 48 65 7a 39 4a |Z1v1S73UD77Hez9J|
|00002b40| 47 74 70 37 58 35 75 75 58 70 6d 74 74 2f 46 47 |Gtp7X5uuXpmtt/FG|
|00002b50| 64 30 4c 58 79 43 77 2f 57 6b 42 37 58 53 77 58 |d0LXyCw/WkB7XSwX|
|00002b60| 70 32 70 79 51 6f 65 79 7a 6b 71 71 50 6e 71 6a |p2pyQoeyzkqqPnqj|
|00002b70| 2b 62 47 33 35 58 4a 61 6c 4b 69 48 74 6a 42 77 |+bG35XJalKiHtjBw|
|00002b80| 36 39 39 44 6b 6f 58 33 6b 65 69 46 48 6d 7a 39 |699DkoX3keiFHmz9|
|00002b90| 49 30 66 36 30 62 2f 52 56 50 79 2b 53 42 61 4a |I0f60b/RVPy+SBaJ|
|00002ba0| 39 41 41 41 63 33 55 6c 45 51 56 54 31 72 65 74 |9AAAc3UlEQVT1ret|
|00002bb0| 31 70 32 70 6c 30 4c 56 53 34 45 42 4a 44 30 6a |1p2pl0LVS4EBJD0j|
|00002bc0| 6e 58 70 66 4f 33 69 63 4e 53 5a 58 63 62 59 71 |nXpfO3icNSZXcbYq|
|00002bd0| 67 41 47 69 4a 58 4c 70 72 65 4a 65 44 57 6e 55 |gAGiJXLpreJeDWnU|
|00002be0| 67 56 58 47 48 2f 52 52 7a 6f 32 57 50 66 45 75 |gVXGH/RRzo2WPfEu|
|00002bf0| 75 6f 2b 52 36 73 7a 51 67 55 75 72 52 56 5a 71 |uo+R6szQgUurRVZq|
|00002c00| 37 57 35 72 30 67 50 52 46 45 59 31 2f 41 45 43 |7W5r0gPRFEY1/AEC|
|00002c10| 44 73 41 61 41 45 56 79 34 6f 41 75 53 53 6f 73 |DsAaAEVy4oAuSSos|
|00002c20| 4c 56 58 70 65 61 75 33 53 52 36 4d 6e 33 4b 56 |LVXpeau3SR6Mn3KV|
|00002c30| 48 52 67 58 4b 57 31 4c 52 33 76 2f 70 36 41 57 |HRgXKW1LR3v/p6AW|
|00002c40| 70 53 2f 39 49 68 58 69 32 56 57 73 35 71 71 31 |pS/9IhXi2VWs5qq1|
|00002c50| 6e 6f 43 61 45 75 45 70 6c 4a 2f 52 56 52 74 57 |noCaEuEplJ/RVRtW|
|00002c60| 35 6b 78 30 31 61 4e 77 41 44 65 6a 64 78 33 7a |5kx01aNwADejdx3z|
|00002c70| 34 75 31 73 58 52 51 66 64 6f 4c 61 74 48 65 54 |4u1sXRQfdoLatHeT|
|00002c80| 63 6f 62 74 69 2b 6c 38 76 42 35 33 54 30 63 50 |cobti+l8vB53T0cP|
|00002c90| 35 6b 67 71 31 61 2b 38 4a 58 56 41 62 33 58 5a |5kgq1a+8JXVAb3XZ|
|00002ca0| 50 70 41 49 39 32 36 70 31 36 37 62 71 33 44 74 |PpAI926p167bq3Dt|
|00002cb0| 53 39 77 57 32 73 56 35 6d 71 2b 65 54 48 50 77 |S9wW2sV5mq+eTHPw|
|00002cc0| 43 46 4e 50 44 58 63 34 56 5a 52 7a 65 71 34 32 |CFNPDXc4VZRzeq42|
|00002cd0| 6b 49 6d 56 6c 53 39 4c 2f 39 45 56 47 71 65 54 |kImVlS9L/9EVGqeT|
|00002ce0| 53 52 54 47 44 66 6d 30 61 64 75 6e 6b 4c 76 39 |SRTGDfm0adunkLv9|
|00002cf0| 42 74 2b 6d 57 36 36 53 54 47 5a 6d 79 6e 4d 6c |Bt+mW66STGZmynMl|
|00002d00| 64 71 46 31 37 54 71 68 55 4c 67 6f 66 32 56 2f |dqF17TqhULgof2V/|
|00002d10| 2b 48 5a 79 6c 31 6d 33 56 4f 65 68 75 78 66 53 |+HZyl1m3VOehuxfS|
|00002d20| 34 56 69 6f 2b 71 69 2b 79 71 75 61 76 34 66 34 |4Vio+qi+yquav4f4|
|00002d30| 72 7a 37 58 33 68 43 36 6f 6f 77 61 4e 43 6a 51 |rz7X3hC6oowaNCjQ|
|00002d40| 4e 36 57 7a 64 56 70 32 44 49 68 58 65 57 53 6f |N6WzdVp2DIhXeWSo|
|00002d50| 39 65 6b 6a 37 71 79 37 59 32 4b 42 37 62 4d 43 |9ekj7qy7Y2KB7bMC|
|00002d60| 7a 74 49 6d 74 35 37 58 39 2b 70 57 66 71 34 36 |ztImt57X9+pWfq46|
|00002d70| 42 45 62 71 33 39 77 31 71 32 39 70 52 62 54 33 |BEbq39w1q29pRbT3|
|00002d80| 37 36 4e 35 37 66 4e 58 52 61 68 6e 4d 6e 36 31 |76N57fNXRahnMn61|
|00002d90| 4e 6e 38 76 7a 46 33 52 65 30 6f 58 69 4d 7a 70 |Nn8vzF3Re0oXiMzp|
|00002da0| 35 34 59 4c 6b 35 4b 4d 68 39 77 37 57 49 78 4e |54YLk5KMh9w7WIxN|
|00002db0| 43 31 64 74 4a 64 62 39 75 54 61 63 37 70 43 67 |C1dtJdb9uTac7pCg|
|00002dc0| 76 71 56 4f 30 35 43 34 70 2b 44 36 70 4b 31 2b |vqVO05C4p+D6pK1+|
|00002dd0| 30 67 53 74 5a 35 77 47 33 36 52 61 58 58 35 54 |0gStZ5wG36RaXX5T|
|00002de0| 31 32 51 35 6c 57 72 7a 61 6b 75 73 6f 53 62 70 |12Q5lWrzakusoSbp|
|00002df0| 57 47 6e 4b 66 31 50 34 36 61 57 78 33 71 58 55 |WGnKf1P46aWx3qXU|
|00002e00| 58 36 62 36 67 70 6e 6f 30 41 41 43 44 59 51 53 |X6b6gpno0AACDYQS|
|00002e10| 41 45 58 51 4c 31 66 39 76 37 39 35 69 34 37 72 |AEXQL1f9v795i47r|
|00002e20| 76 78 49 35 2f 35 7a 36 63 45 53 6c 61 6f 69 69 |vxI5/5z6cESlaoii|
|00002e30| 4a 77 6a 68 53 52 46 6d 43 4a 63 74 4b 48 46 2f |JwjhSRFmCJctKHF/|
|00002e40| 57 67 52 55 37 6c 6a 66 32 4f 6e 58 53 6a 52 4d |WgRU7ljf2OnXSjRM|
|00002e50| 48 36 30 58 53 47 4f 69 69 47 2f 53 6c 51 42 2b |H60XSGOiiG/SlQB+|
|00002e60| 32 2b 39 43 48 50 68 51 46 6d 67 55 4b 46 45 69 |2+9CHPhQFmgUKFEi|
|00002e70| 4b 70 6b 6a 69 41 69 34 32 71 42 30 62 53 59 77 |KpkjiAi42qB0bSYw|
|00002e80| 71 73 4c 4a 79 4c 4e 67 62 79 54 63 70 74 67 51 |qsLJyLNgbyTcptgQ|
|00002e90| 78 75 74 45 69 54 4f 74 43 4b 53 52 48 4d 38 4f |xutEiTOtCKSRHM8O|
|00002ea0| 35 39 34 45 63 69 70 4a 4a 63 53 68 4b 47 73 37 |594EcipJJcShKGs7|
|00002eb0| 4d 39 77 50 77 51 65 63 63 6e 76 6d 64 30 65 48 |M9wPwQeccnvmd0eH|
|00002ec0| 35 6e 66 50 37 58 38 37 6a 41 36 2b 78 65 32 69 |5nfP7X87jA6+xe2i|
|00002ed0| 41 48 2f 2b 76 59 79 52 57 72 6d 54 54 39 69 30 |AH/+vYyRWrmTT9i0|
|00002ee0| 38 74 4c 6d 62 4d 48 42 75 64 50 49 42 66 2f 6a |8tLmbMHBudPIBf/j|
|00002ef0| 4e 58 2f 48 66 33 35 7a 35 69 32 55 41 4d 71 4d |NX/Hf35z5i2UAMqM|
|00002f00| 7a 4a 6b 6e 71 54 44 4a 4c 2b 77 51 6b 75 71 34 |zJknqTDJL+wQkuq4|
|00002f10| 63 41 39 34 64 6e 2b 7a 4b 57 41 61 34 77 4d 55 |cA94dn+zKWAa4wMU|
|00002f20| 30 30 4c 6d 53 4c 56 65 4e 2f 31 36 35 59 53 57 |00LmSLVeN/165YSW|
|00002f30| 4a 67 37 50 4d 5a 44 54 58 2f 68 4a 58 50 6e 55 |Jg7PMZDTX/hJXPnU|
|00002f40| 76 76 79 33 4f 39 45 78 49 36 56 45 75 6c 6f 48 |vvy3O9ExI6VEuloH|
|00002f50| 30 78 2f 7a 38 4a 36 39 63 73 56 32 70 41 44 44 |0x/z8J69csV2pADD|
|00002f60| 42 47 4a 43 36 59 6b 30 74 74 6d 34 32 58 48 57 |BGJC6Yk0ttm42XHW|
|00002f70| 66 6c 2b 72 72 68 49 47 4c 58 42 77 2b 42 2f 31 |fl+rrhIGLXBw+B/1|
|00002f80| 54 43 2b 63 36 2f 70 6e 37 59 70 53 39 50 33 6d |TC+c6/pn7YpS9P3m|
|00002f90| 46 76 54 4e 58 6c 51 45 4b 6b 2b 74 72 44 35 37 |FvTNXlQEKk+trD57|
|00002fa0| 58 63 34 7a 58 38 31 33 57 70 64 37 39 31 76 2f |Xc4zX813Wpd791v/|
|00002fb0| 35 6b 2b 64 56 6a 46 52 2f 39 35 55 62 33 6e 59 |5k+dVjFR/95Ub3nY|
|00002fc0| 37 71 59 36 50 5a 67 77 4c 6d 48 4c 56 64 31 76 |7qY6PZgwLmHLVd1v|
|00002fd0| 58 65 62 6e 39 48 72 35 36 31 33 6e 2b 7a 77 64 |Xebn9Hr5613n+zwd|
|00002fe0| 44 2f 50 79 6e 51 34 53 36 6c 37 4e 6c 38 78 59 |D/PynQ4S6l7Nl8xY|
|00002ff0| 65 76 4f 76 32 79 5a 34 57 74 38 32 7a 66 6b 34 |evOv2yZ4Wt82zfk4|
|00003000| 52 75 48 66 58 4e 62 65 51 31 45 7a 57 38 4e 69 |RuHfXNbeQ1EzW8Ni|
|00003010| 75 46 4b 64 65 48 70 6f 63 43 76 43 46 6d 65 75 |uFKdeHpocCvCFmeu|
|00003020| 57 63 6f 36 61 6f 57 63 62 37 48 49 6f 6b 69 52 |Wco6aoWcb7HIokiR|
|00003030| 70 63 53 77 41 74 4c 42 45 64 2b 33 42 4b 38 6d |pcSwAtLBEd+3BK8m|
|00003040| 32 4a 37 2f 4f 6c 76 52 70 50 6e 7a 2f 4a 49 64 |2J7/OlvRpPnz/JId|
|00003050| 4f 6e 65 66 51 33 76 4d 63 2b 73 4d 6d 76 76 66 |OnefQ3vMc+sMmvvf|
|00003060| 4e 48 63 53 6e 4a 69 68 4b 39 6e 53 7a 59 70 62 |NHcSnJihK9nSzYpb|
|00003070| 35 34 70 4b 72 6f 30 44 68 30 79 76 71 46 69 45 |54pKro0Dh0yvqFiE|
|00003080| 57 41 76 4a 6c 72 6e 35 6a 59 61 31 33 77 67 30 |WAvJlrn5jYa13wg0|
|00003090| 35 45 61 4f 68 79 57 66 72 6a 69 52 72 65 32 5a |5EaOhyWfrjiRre2Z|
|000030a0| 37 76 4f 74 6b 2b 56 79 78 6c 61 41 30 31 33 37 |7vOtk+VyxlaA0137|
|000030b0| 72 6e 6b 4e 76 61 6c 39 45 36 46 33 64 4e 63 75 |rnkNval9E6F3dNcu|
|000030c0| 76 52 56 67 37 56 36 74 7a 33 57 37 57 64 31 6e |vRVg7V6tz3W7Wd1n|
|000030d0| 76 66 75 76 2f 2f 4d 6e 7a 71 6a 4a 31 59 7a 74 |vfuv//MnzqjJ1Yzt|
|000030e0| 54 67 56 49 64 67 64 5a 33 58 6f 62 6f 2b 2b 4b |TgVIdgdZ3Xobo++K|
|000030f0| 54 2f 50 73 76 6e 4f 48 59 2b 79 63 34 63 4f 49 |T/PsvnOHY+yc4cOI|
|00003100| 4d 68 2f 66 76 35 2f 44 37 67 33 7a 74 75 5a 31 |Mh/fv5/D7g3ztuZ1|
|00003110| 73 6d 6e 65 39 70 4c 61 78 2b 6c 36 2b 65 75 65 |smne9pLax+l6+eue|
|00003120| 35 79 61 45 41 33 65 74 6d 72 46 6a 4b 4f 55 71 |5yaEA3etmrFjKOUq|
|00003130| 53 70 42 76 4c 41 6b 41 54 36 2b 71 4f 41 32 4d |SpBvLAkAT6+qOA2M|
|00003140| 4d 44 32 57 67 35 2f 4c 55 51 5a 6e 68 55 63 61 |MD2Wg5/LUQZnhUca|
|00003150| 42 74 56 4d 46 67 4c 47 42 4e 33 6e 74 65 4a 48 |BtVMFgLGBN3nteJH|
|00003160| 55 35 78 37 6d 2f 70 32 33 73 32 4e 6e 6d 56 4f |U5x7m/p23s2NnmVO|
|00003170| 76 2f 59 71 58 54 70 7a 6d 30 4a 39 32 38 4f 57 |v/YqXTpzm0J928OW|
|00003180| 70 6c 75 35 77 37 77 36 65 66 71 42 57 4e 43 68 |plu5w7w6efqBWNCh|
|00003190| 7a 34 64 52 68 68 72 4a 52 56 76 5a 31 77 36 4c |z4dRhhrJRVvZ1w6L|
|000031a0| 65 32 4c 36 4f 56 41 38 63 48 6a 37 44 75 36 66 |e2L6OVA8cHj7Du6f|
|000031b0| 4b 70 4b 62 48 58 32 59 34 2b 4d 34 5a 38 6c 78 |KpKbHX2Y4+M4Z8lx|
|000031c0| 75 46 46 2b 55 57 42 2b 39 6e 63 66 34 4a 42 74 |uFF+UWB+9ncf4JBt|
|000031d0| 6e 32 35 4d 50 73 36 57 32 50 50 73 78 48 35 36 |n25MPs6W2PPsxH56|
|000031e0| 36 51 43 6d 78 68 72 58 58 69 4f 33 51 63 4a 6d |6QCmxhrXXiO3QcJm|
|000031f0| 2b 76 68 6d 78 44 59 77 43 45 56 49 62 65 71 6e |+vhmxDYwCEVIbeqn|
|00003200| 76 2b 47 76 37 43 72 48 32 77 59 66 5a 4f 64 32 |v+Gv7CrH2wYfZOd2|
|00003210| 53 64 49 46 6a 68 7a 2b 65 6e 43 31 2f 72 72 63 |SdIFjhz+enC1/rrc|
|00003220| 47 31 4f 31 6d 66 5a 66 31 37 72 66 2b 7a 36 2f |G1O1mfZf17rf+z6/|
|00003230| 31 6f 44 6a 2b 68 78 50 51 64 33 6e 69 72 63 7a |1oDj+hxPQd3nircz|
|00003240| 68 6f 78 77 74 7a 42 39 6f 71 70 37 7a 63 76 68 |hoxwtzB9oqp7zcvh|
|00003250| 64 58 6e 77 2f 54 62 4a 2f 42 30 38 38 38 45 55 |dXnw/TbJ/B0888EU|
|00003260| 32 50 51 43 5a 39 33 66 7a 6f 2f 31 6e 4f 58 51 |2PQCZ93fzo/1nOXQ|
|00003270| 63 4e 69 58 6d 57 64 39 2f 7a 52 41 6b 74 5a 54 |cNiXmWd9/zRAktZT|
|00003280| 51 35 46 43 41 6f 58 30 63 4f 6a 6a 5a 32 58 35 |Q5FCAoX0cOjjZ2X5|
|00003290| 79 62 50 39 53 7a 6c 47 53 4a 4e 31 59 46 67 43 |ybP9SzlGSJN1YFgC|
|000032a0| 61 57 48 7a 37 52 76 72 66 65 59 2f 6a 2b 31 2f |aWHz7RvrfeY/j+1/|
|000032b0| 6a 4a 79 4d 70 50 74 38 58 59 58 78 34 69 45 4d |jJyMpPt8XYXx4iEM|
|000032c0| 6e 73 68 42 64 78 58 33 62 4a 31 73 59 6c 6e 66 |nshBdxX3bJ1sYlnf|
|000032d0| 43 75 61 48 7a 44 49 37 38 6c 76 77 58 56 74 46 |CuaHzDI78lvwXVtF|
|000032e0| 56 53 48 4e 6f 71 41 69 68 56 66 54 64 42 74 78 |VSHNoqAihVfTdBtx|
|000032f0| 32 46 35 39 2f 35 33 65 38 64 2f 42 31 6e 73 2b |2F59/53e8d/B1ns+|
|00003300| 74 35 2b 37 65 49 50 6c 7a 77 78 77 59 53 4a 50 |t5+7eIPlzwxwYSJP|
|00003310| 76 2f 41 7a 66 32 62 72 59 53 45 4e 73 65 2f 41 |v/Azf2brYSENse/A|
|00003320| 7a 76 50 58 69 52 78 7a 2f 7a 61 2f 34 2b 5a 33 |zvPXiRxz/za/4+Z3|
|00003330| 72 32 62 77 53 50 6a 6b 79 79 4f 45 4c 6c 63 58 |r2bwSPjkyyOELlcX|
|00003340| 75 66 49 5a 65 48 72 70 2f 42 55 66 33 6e 4f 66 |ufIZeHrp/BUf3nOf|
|00003350| 58 4c 37 7a 4f 75 52 30 72 36 4b 4c 49 38 58 64 |XL7zOuR0r6KLI8Xd|
|00003360| 4f 4d 70 67 4c 73 6e 37 58 48 65 79 34 52 6d 79 |OMpgLsn7XHey4Rmy|
|00003370| 48 66 2f 6b 71 6d 52 33 72 36 65 2b 73 54 4d 63 |Hf/kqmR3r6e+sTMc|
|00003380| 57 36 39 76 4b 7a 6c 6b 6d 2b 35 76 76 4f 41 2b |W69vKzlkm+5vvOA+|
|00003390| 38 76 4a 76 4d 35 2f 70 59 47 36 33 77 79 5a 45 |8vJvM5/pYG63wyZE|
|000033a0| 54 48 4c 35 51 6f 65 75 75 4c 37 46 6a 30 58 50 |THL5QoeuuL7Fj0XP|
|000033b0| 4a 33 61 7a 76 73 74 37 39 4c 75 44 7a 4e 30 2b |J3azvst79LuDzN0+|
|000033c0| 64 56 34 50 76 38 63 4e 66 6e 75 65 65 6a 51 6d |dV4Pv8cNfnueejQm|
|000033d0| 59 4f 71 2f 4b 39 59 53 30 75 59 37 7a 4d 68 6f |YOq/K9YS0uY7zMho|
|000033e0| 68 50 33 53 65 77 62 4f 2f 68 32 77 66 61 36 4e |hP3SewbO/h2wfa6N|
|000033f0| 46 6a 76 38 68 44 53 54 6f 58 51 6b 6b 35 6c 6b |Fjv8hDSToXQkk5lk|
|00003400| 76 71 63 31 63 48 67 70 77 65 58 44 62 55 73 35 |vqc1cHgpweXDbUs5|
|00003410| 52 6b 69 54 64 57 42 59 41 6d 74 70 47 76 76 37 |RkiTdWBYAmtpGvv7|
|00003420| 74 45 4b 2f 74 50 73 69 68 45 79 66 5a 63 32 4a |tEK/tPsihEyfZc2J|
|00003430| 79 61 61 49 33 78 54 63 65 66 34 41 4e 74 63 33 |yaaI3xTcef4ANtc3|
|00003440| 36 48 75 44 5a 58 57 2f 79 38 37 31 6e 4f 62 42 |6HuDZXW/y871nObB|
|00003450| 76 61 75 52 31 74 4a 4f 37 76 33 4c 76 56 41 74 |vauR1tJO7v3LvVAt|
|00003460| 45 4c 31 39 2b 35 6b 48 43 76 33 79 62 41 77 50 |EL19+5kHCv3ybAwP|
|00003470| 48 32 44 4d 77 63 7a 2f 33 58 57 50 4d 2b 77 4c |H2DMwcz/3XWPM+wL|
|00003480| 30 33 4d 65 7a 66 31 48 68 6c 62 31 44 44 42 32 |03Mezf1Hhlb1DDB2|
|00003490| 5a 6d 75 69 6f 63 78 57 37 64 73 55 35 73 47 66 |ZmuiocxW7dsU5sGf|
|000034a0| 32 61 59 2b 75 52 37 7a 2f 59 62 35 44 37 56 6a |2aY+uR7z/Yb5D7Vj|
|000034b0| 50 54 79 34 4d 78 56 6a 2f 30 42 64 35 75 6e 2b |PTy4MxVj/0Bd5un+|
|000034c0| 4f 55 64 38 39 39 2f 48 63 30 33 46 65 2b 63 30 |OUd899/Hc03Fe+c0|
|000034d0| 78 42 67 38 4f 4d 41 68 41 68 4c 56 33 33 73 74 |xBg8OMAhAhLV33st|
|000034e0| 58 64 36 36 66 34 39 57 42 63 2b 69 35 6a 2b 65 |Xd66f49WBc+i5j+e|
|000034f0| 65 67 70 2b 2f 39 68 47 48 39 77 39 77 65 48 70 |egp+/9hGH9w9weHp|
|00003500| 66 39 2f 44 31 32 57 5a 33 76 68 34 33 36 37 75 |f9/D12WZ3vh4367u|
|00003510| 73 64 37 2b 7a 62 64 65 78 67 6b 64 32 4a 58 6e |sd7+zbdexgkd2JXn|
|00003520| 33 69 73 2f 76 35 63 76 2f 38 6c 37 4b 75 77 39 |3is/v5cv/8l7Kuw9|
|00003530| 79 61 48 69 49 66 63 4d 77 2b 55 71 73 75 31 6e |yaHiIfcMw+Uqsu1n|
|00003540| 78 77 53 45 4f 7a 52 74 51 48 65 64 6c 62 44 76 |xwSEOzRtQHedlbDv|
|00003550| 50 50 44 56 78 31 66 63 64 59 2f 31 44 44 30 7a |PPDVx1fcdY/1DD0z|
|00003560| 31 77 4a 68 76 76 61 53 32 4d 7a 30 55 59 45 61 |1wJhvvaS2Mz0UYEa|
|00003570| 48 2f 36 57 63 6f 79 52 4a 75 6f 45 43 31 57 71 |H/6WcoyRJuoEC1Wq|
|00003580| 31 32 75 67 67 64 43 4f 55 6d 63 67 57 69 53 65 |12uggdCOUmcgWiSe|
|00003590| 75 66 51 4e 52 79 6f 36 53 49 63 48 79 52 48 53 |ufQNRyo6SIcHyRHS|
|000035a0| 4f 4c 53 62 49 70 41 75 45 4f 72 76 6d 6d 53 54 |OLSbIpAuEOrvmmST|
|000035b0| 74 2b 70 57 79 6f 2b 52 44 6e 53 52 6a 64 51 2b |t+pWyo+RDnSRjdQ+|
|000035c0| 75 76 2b 37 50 75 66 61 78 7a 76 5a 4c 47 63 59 |uv+7PufaxzvZLGcY|
|000035d0| 4b 49 5a 62 50 38 7a 33 57 4a 54 2f 4f 57 44 6c |KIZbP8z3WJT/OWDl|
|000035e0| 36 59 2f 59 31 68 35 76 31 58 64 61 37 33 37 6f |6Y/Y1h5v1Xda737o|
|000035f0| 2f 66 39 48 66 61 78 33 6e 35 58 7a 66 39 79 33 |/f9Hfax3n5Xzf9y3|
|00003600| 34 2f 35 43 57 67 70 47 52 45 58 70 36 65 68 6f |4/5CWgpGREXp6eho|
|00003610| 64 52 74 4e 61 30 6a 6c 4b 6b 74 54 57 78 73 66 |dRtNa0jlKktTWxsf|
|00003620| 48 35 39 39 6f 48 68 59 41 4a 45 6c 71 49 52 59 |H599oHhYAJElqIRY|
|00003630| 41 4a 45 6c 71 54 54 65 69 41 42 43 38 41 58 46 |AJElqTTeiABC8AXF|
|00003640| 49 6b 69 52 4a 6b 71 51 6c 7a 67 4b 41 4a 45 6d |IkiRJkqQlzgKAJEm|
|00003650| 53 4a 45 6c 74 77 41 4b 41 4a 45 6d 53 4a 45 6c |SJEltwAKAJEmSJEl|
|00003660| 74 77 41 4b 41 4a 45 6d 53 4a 45 6c 74 77 41 4b |twAKAJEmSJEltwAK|
|00003670| 41 4a 45 6d 53 4a 45 6c 74 77 41 4b 41 4a 45 6d |AJEmSJEltwAKAJEm|
|00003680| 53 4a 45 6c 74 77 41 4b 41 4a 45 6d 53 4a 45 6c |SJEltwAKAJEmSJEl|
|00003690| 74 77 41 4b 41 4a 45 6d 53 4a 45 6c 74 77 41 4b |twAKAJEmSJEltwAK|
|000036a0| 41 4a 45 6d 53 4a 45 6c 74 77 41 4b 41 4a 45 6d |AJEmSJEltwAKAJEm|
|000036b0| 53 4a 45 6c 74 77 41 4b 41 4a 45 6d 53 4a 45 6c |SJEltwAKAJEmSJEl|
|000036c0| 74 77 41 4b 41 4a 45 6d 53 4a 45 6c 74 77 41 4b |twAKAJEmSJEltwAK|
|000036d0| 41 4a 45 6d 53 4a 45 6c 74 49 4e 7a 6f 41 4e 51 |AJEmSJEltINzoANQ|
|000036e0| 34 6c 55 71 46 51 71 46 41 71 56 53 69 55 71 6c |4lUqFQqFAqVSiUql|
|000036f0| 63 38 53 4e 4a 4e 30 4d 77 47 4c 7a 69 4a 78 77 |c8SNJN0MwGLziJxw|
|00003700| 4f 45 34 31 47 43 51 61 74 52 32 76 70 4d 55 39 |OE41GCQatR2vpMU9|
|00003710| 4b 75 70 58 4d 6b 62 6f 56 4c 41 43 30 6d 56 4b |KupXMkboVLAC0mVK|
|00003720| 70 52 44 36 66 70 31 41 6f 55 43 36 58 47 78 32 |pRD6fp1AoUC6XGx2|
|00003730| 4f 70 44 59 7a 31 38 4e 54 4b 42 51 69 47 6f 30 |OpDYz18NTKBQiGo0|
|00003740| 53 69 38 55 49 68 30 31 4e 61 68 7a 7a 70 4b 52 |Si8UIh01NahzzpKR|
|00003750| 47 4d 55 66 71 56 76 41 4d 61 68 4f 6c 55 6f 6c |GMUfqVvAMahOlUol|
|00003760| 4d 4a 6b 4f 78 57 4a 78 65 46 67 67 45 69 45 51 |MJkOxWJxeFggEiEQ|
|00003770| 69 52 43 4b 52 36 55 70 6a 4b 42 53 79 79 69 6a |iRCKR6UpjKBSyyij|
|00003780| 70 70 71 6c 55 4b 70 54 4c 35 65 6d 62 6e 47 4b |ppqlUKpTL5embnGK|
|00003790| 78 53 4c 46 59 70 46 77 75 6b 38 76 6c 79 4f 56 |xSLFYpFwuk8vlyOV|
|000037a0| 79 52 43 49 52 6b 73 6d 6b 4e 7a 6d 36 70 63 79 |yRCIRksmkNzm6pcy|
|000037b0| 54 6b 68 72 4e 48 4b 6c 62 49 56 43 74 56 71 75 |TkhrNHKlbIVCtVqu|
|000037c0| 4e 44 6b 49 33 54 37 6c 63 4a 70 76 4e 6b 73 2f |NDkI3T7lcJpvNks/|
|000037d0| 6e 67 63 6d 75 52 52 30 64 48 55 53 6a 55 55 4b |ngcmuRR0dHUSjUUK|
|000037e0| 68 55 49 4f 6a 6b 36 52 4a 70 56 4b 4a 59 72 46 |hUIOjk6RJpVKJYrF|
|000037f0| 49 4c 70 65 62 62 76 32 49 78 57 49 6b 6b 30 6b |ILpebbv2IxWIkk0k|
|00003800| 66 74 68 5a 6f 5a 47 53 45 6e 70 36 65 52 6f 66 |fthZoZGSEnp6eRof|
|00003810| 52 4e 4d 79 54 6b 70 59 36 63 36 52 71 78 73 66 |RNMyTkpY6c6Rqxsf|
|00003820| 48 46 37 30 50 43 77 41 74 4c 4a 2f 50 6b 30 36 |HF70PCwAtLJ/Pk06|
|00003830| 6e 67 63 6c 57 6a 45 51 69 51 55 64 48 52 34 4f |ngclWjEQiQUdHR4O|
|00003840| 6a 6b 71 52 72 79 2b 56 79 5a 4c 4e 5a 61 75 6d |jkqRry+VyZLNZaum|
|00003850| 70 71 36 75 4c 61 44 54 61 34 4b 69 61 68 77 57 |pq6uLaDTa4KiahwW|
|00003860| 41 2b 70 6b 6e 4a 54 55 62 63 32 52 37 73 77 43 |A+pknJTUbc2R7swC|
|00003870| 67 4f 65 56 79 4f 54 4b 5a 44 41 44 78 65 4a 78 |gOeVyOTKZDADxeJx|
|00003880| 6b 4d 6b 6b 67 45 47 68 77 56 4a 4a 55 6e 32 71 |kMkkgEGhwVJJUn2q|
|00003890| 31 79 71 56 4c 6c 36 5a 62 5a 5a 63 74 57 30 59 |1yqVLl6ZbZZctW0Y|
|000038a0| 38 48 6d 39 77 56 4d 33 42 41 6b 42 39 7a 4a 4f |8Hm9wVM3BAkB9zJO|
|000038b0| 53 6d 70 55 35 73 6e 33 64 69 41 4b 41 67 30 64 |SmpU5sn3diAKAg0d|
|000038c0| 61 30 4b 56 4c 6c 35 69 59 6d 41 43 38 49 45 68 |a0KVLl5iYmAC8IEh|
|000038d0| 71 54 6f 46 41 67 4d 37 4f 54 73 4c 68 4d 4a 6c |qToFAgM7OTsLhMJl|
|000038e0| 4d 68 6b 75 58 4c 6c 45 75 6c 30 6b 6d 6b 34 30 |MhkuXLlEul0kmk40|
|000038f0| 4f 54 53 33 41 50 43 6d 70 6d 5a 6b 6a 74 52 67 |OTS3APCmpmZkjtRg|
|00003900| 57 41 46 70 4d 4a 70 4e 68 59 6d 4b 43 51 43 42 |WAFpMJpNhYmKCQCB|
|00003910| 41 56 31 63 58 6b 55 69 6b 30 53 46 4a 30 6e 58 |AV1cXkUik0SFJ0nX|
|00003920| 72 36 4f 67 67 48 41 34 7a 50 6a 35 4f 4c 70 63 |r6OggHA4zPj5OLpc|
|00003930| 44 38 41 5a 48 69 32 4b 65 6c 4e 51 71 7a 4a 47 |D8AZHi2KelNQqzJG|
|00003940| 36 48 73 34 61 30 55 4c 79 2b 54 79 35 58 49 35 |6Hs4a0ULy+Ty5XI5|
|00003950| 41 49 45 42 33 64 37 63 33 4e 5a 4a 61 51 69 51 |AIEB3d7c3NZJaQiQ|
|00003960| 53 6f 62 75 37 6d 30 41 67 51 43 36 58 6d 2b 37 |Sobu7m0AgQC6Xm+7|
|00003970| 79 4b 43 32 55 65 56 4a 53 71 7a 46 48 61 71 45 |yKC2UeVJSqzFHaqE|
|00003980| 73 41 4c 53 49 55 71 6b 30 50 5a 46 52 56 31 65 |sALSIUqk0PZFRV1e|
|00003990| 58 4d 78 64 4c 61 69 6d 68 55 49 69 75 72 69 34 |XMxdLaimhUIiuri4|
|000039a0| 41 30 75 6b 30 70 56 4b 70 77 52 47 70 32 5a 67 |A0uk0pVKpwRGp2Zg|
|000039b0| 6e 4a 62 55 71 63 36 51 57 77 67 4a 41 43 36 68 |nJbUqc6QWwgJAC6h|
|000039c0| 55 4b 6f 79 4e 6a 51 47 54 59 78 6c 74 30 5a 44 |UKoyNjQGTYxlt0ZD|
|000039d0| 55 69 69 4b 52 43 4d 75 57 4c 51 4e 67 62 47 78 |UiiKRCMuWLQNgbGx|
|000039e0| 73 2b 6c 56 49 30 6e 7a 4d 6b 35 4a 61 6e 54 6c |s+lVI0nzMk5JanTl|
|000039f0| 53 39 62 49 41 30 41 4c 53 36 54 54 56 61 70 56 |S9bIA0ALS6TTVapV|
|00003a00| 34 50 4f 35 45 52 70 4a 61 57 75 30 36 56 35 73 |4PO5ERpJaWu06V5s|
|00003a10| 42 57 61 71 48 65 56 4a 53 4f 7a 42 48 71 68 34 |BWaqHeVJSOzBHqh4|
|00003a20| 57 41 4a 70 63 71 56 53 69 57 43 77 53 44 41 61 |WAJpcqVSiWCwSDAa|
|00003a30| 6e 71 33 36 53 31 4d 71 57 4c 56 74 47 4d 42 69 |nq36S1MqWLVtGMBi|
|00003a40| 6b 55 43 6a 59 7a 56 48 7a 4d 6b 39 4b 61 69 66 |kUCjYzVHzMk9Kaif|
|00003a50| 6d 53 4d 33 48 41 6b 43 54 71 37 33 44 4f 4a 46 |mSM3HAkCTq73DOJF|
|00003a60| 49 4e 44 67 53 53 62 70 31 61 74 65 38 62 44 62 |INDgSSbp1ate8bDb|
|00003a70| 62 34 45 69 30 31 4a 6b 6e 4a 62 55 62 63 36 53 |b4Ei01JknJbUbc6S|
|00003a80| 75 78 51 4a 41 45 35 76 5a 71 6d 47 58 52 6b 6e |uxQJAE5vZqmGXRkn|
|00003a90| 74 4a 42 36 50 32 38 4b 68 65 5a 6b 6e 4a 62 55 |tJB6P28KheZknJbU|
|00003aa0| 6a 63 36 53 75 78 51 4a 41 45 36 75 39 37 39 4f |jc6SuxQJAE6u979O|
|00003ab0| 62 47 6b 6e 74 71 48 62 74 6d 35 69 59 61 48 41 |bGkntqHbtm5iYaHA|
|00003ac0| 6b 57 71 72 4d 6b 35 4c 61 6c 54 6c 53 63 37 45 |kWqrMk5LalTlSc7E|
|00003ad0| 41 30 4d 51 4b 68 51 49 41 30 57 69 30 77 5a 46 |A0MQKhQIA0Wi0wZF|
|00003ae0| 49 30 71 31 58 75 2f 62 35 7a 6d 50 4e 78 54 77 |I0q1Xu/b5zmPNxTw|
|00003af0| 70 71 56 32 5a 49 7a 55 58 43 77 42 4e 71 6c 77 |pqV2ZIzUXCwBNqlw|
|00003b00| 75 55 36 31 57 43 51 61 44 68 4d 50 68 52 6f 63 |uU61WCQaDhMPhRoc|
|00003b10| 6a 53 62 64 63 4f 42 77 6d 45 41 68 51 72 56 59 |jSbdcOBwmEAhQrVY|
|00003b20| 70 6c 38 75 4e 44 6b 64 4c 6a 48 6c 53 55 6a 73 |pl8uNDkdLjHlSUjs|
|00003b30| 7a 52 32 6f 75 46 67 43 61 6c 4b 30 61 6b 67 53 |zR2ouFgCalK0akgS|
|00003b40| 78 57 41 79 34 66 45 32 55 61 73 79 54 6b 74 71 |xWAy4fE2UasyTktq|
|00003b50| 64 4f 56 4b 7a 73 51 44 51 70 47 6f 54 65 74 69 |dOVKzsQDQpGoTeti|
|00003b60| 71 49 61 6d 64 31 61 36 42 54 6e 4b 6b 71 35 6b |qIamd1a6BTnKkq5k|
|00003b70| 6e 4a 62 55 37 63 36 52 6d 59 77 47 67 53 56 55 |nJbU7c6RmYwGgSVU|
|00003b80| 71 46 51 43 43 51 66 38 4c 4a 62 57 76 32 6a 57 |qFQCCQf8LJbWv2jW|
|00003b90| 77 64 6b 32 55 61 73 79 54 6b 74 71 64 4f 56 4b |wdk2UasyTktqdOVK|
|00003ba0| 7a 4d 53 73 32 4b 57 39 73 4a 4d 6d 62 47 38 33 |zMSs2KW9sJMmbG83|
|00003bb0| 4e 50 43 6d 70 33 5a 6b 6a 4e 52 75 7a 59 70 4f |NPCmp3ZkjNRuzYpO|
|00003bc0| 71 2f 53 47 48 51 71 45 47 52 79 4a 4a 6a 65 50 |q/SGHQqEGRyJJjeP|
|00003bd0| 4e 6a 65 5a 69 6e 70 54 55 37 73 79 52 6d 6f 30 |NjeZinpTU7syRmo0|
|00003be0| 46 67 43 5a 56 72 56 59 42 43 41 51 43 44 59 35 |FgCZVrVYBCAQCDY5|
|00003bf0| 45 6b 68 71 6e 64 6e 4e 54 75 79 5a 4b 4e 65 5a |EkhqndnNTuyZKNeZ|
|00003c00| 4a 53 65 33 4f 48 4b 6e 5a 57 41 42 6f 55 72 55 |JSe3OHKnZWABoUrU|
|00003c10| 62 47 76 2b 67 4a 62 57 7a 57 71 75 47 44 33 6d |bGv+gJbWzWquGD3m|
|00003c20| 36 6d 6e 6c 53 55 72 73 7a 52 32 6f 32 46 67 43 |6mnlSUrszR2o2FgC|
|00003c30| 61 6c 46 31 36 4a 4d 6c 78 33 70 71 62 65 56 4a |alF16JMlx3pqbeVJ|
|00003c40| 53 75 7a 4e 48 61 6a 61 65 44 55 33 4b 47 78 74 |SuzNHajaeDU3KGxt|
|00003c50| 4a 75 74 79 36 36 38 32 4e 72 6d 61 65 6c 4e 54 |Juty6682NrmaelNT|
|00003c60| 75 7a 4a 47 61 6a 57 64 44 6b 2f 4c 47 52 70 4b |uzJGajWdDk/LGRpK|
|00003c70| 67 58 43 34 44 33 74 7a 6f 30 38 79 54 6b 74 71 |gXC4D3tzo08yTktq|
|00003c80| 64 4f 56 4b 7a 38 57 78 6f 55 75 46 77 47 49 42 |dOVKz8WxoUuFwGIB|
|00003c90| 53 71 64 54 67 53 43 53 70 63 57 72 58 77 4e 6f |SqdTgSCSpcWrXwNo|
|00003ca0| 31 55 61 6f 78 54 30 70 71 64 2b 5a 49 7a 63 59 |1UaoxT0pqd+ZIzcY|
|00003cb0| 43 51 4a 4f 4b 52 71 4d 41 35 50 50 35 42 6b 63 |CQJOKRqMA5PP5Bkc|
|00003cc0| 69 53 59 31 54 4b 42 51 41 69 4d 56 69 44 59 35 |iSY1TKBQAiMViDY5|
|00003cd0| 45 53 34 31 35 55 6c 4b 37 4d 30 64 71 4e 68 59 |ES415UlK7M0dqNhY|
|00003ce0| 41 6d 6c 51 6f 46 43 49 59 44 46 4b 70 56 4b 61 |AmlQoFCIYDFKpVKa|
|00003cf0| 37 39 30 68 53 4f 79 6d 56 53 6c 51 71 6c 65 6e |790hSOymVSlQqlen|
|00003d00| 72 6f 54 53 54 65 56 4a 53 4f 7a 4e 48 61 69 36 |roTSTeVJSOzNHai6|
|00003d10| 65 44 55 33 4d 31 67 31 4a 37 61 7a 57 73 6c 47 |eDU3M1g1J7azWslG|
|00003d20| 37 46 6b 70 58 4d 30 39 4b 61 6c 66 6d 53 4d 33 |7FkpXM09KalfmSM3|
|00003d30| 46 41 6b 41 54 71 2f 31 42 54 30 78 4d 4e 44 67 |FAkATq/1BT0xMNDg|
|00003d40| 53 53 62 72 31 63 72 6b 63 34 4d 32 4e 35 6d 61 |SSbr1crkc4M2N5ma|
|00003d50| 65 6c 4e 53 75 7a 4a 47 61 69 77 57 41 4a 68 61 |elNSuzJGaiwWAJha|
|00003d60| 4e 52 71 65 37 4e 32 61 7a 32 55 61 48 49 30 6d |NRqe7N2az2UaHI0m|
|00003d70| 33 54 44 61 62 70 56 71 74 45 67 71 46 69 45 51 |3TDabpVqtEgqFiEQ|
|00003d80| 69 6a 51 35 48 53 35 52 35 55 6c 49 37 4d 6b 66 |ijQ5HS5R5UlI7Mkf|
|00003d90| 71 57 69 77 41 4e 4c 6e 4f 7a 6b 37 67 38 68 2b |qWiwANLnOzk7g8h+|
|00003da0| 36 4a 4c 57 36 61 72 55 36 2f 54 42 58 75 77 5a |6JLW6arU6/TBXuwZ|
|00003db0| 4b 63 7a 46 50 53 6d 6f 6e 35 6b 6a 4e 78 77 4a |KczFPSmon5kjNxwJ|
|00003dc0| 41 6b 34 74 45 49 74 4e 64 65 38 62 48 78 78 73 |Ak4tEItNde8bHxxs|
|00003dd0| 63 6a 53 54 64 66 4c 56 72 58 54 51 61 39 64 56 |cjSTdfLVrXTQa9dV|
|00003de0| 47 6d 70 64 35 55 6c 49 37 4d 55 64 71 50 68 59 |Gmpd5UlI7MUdqPhY|
|00003df0| 41 57 73 43 79 5a 63 73 49 42 41 49 55 69 30 57 |AWsCyZcsIBAIUi0W|
|00003e00| 37 4f 45 70 71 61 5a 6c 4d 68 6d 4b 78 53 44 41 |7OEpqaZlMhmKxSDA|
|00003e10| 59 74 47 56 44 64 54 4e 50 53 6d 6f 48 35 6b 6a |YtGVDdTNPSmoH5kj|
|00003e20| 56 77 77 4a 41 43 77 67 47 67 79 78 66 76 68 79 |VwwJACwgGgyxfvhy|
|00003e30| 59 37 4f 4a 59 6d 2f 56 54 6b 6c 70 4a 6f 56 43 |Y7OJYm/VTklpJoVC|
|00003e40| 59 6e 74 53 6f 71 36 75 4c 51 43 44 51 34 49 6a |YntSoq6uLQCDQ4Ij|
|00003e50| 55 4c 4d 79 54 6b 6c 71 64 4f 56 4c 31 73 67 44 |ULMyTklqdOVL1sgD|
|00003e60| 51 49 73 4c 68 38 48 53 6c 4c 35 31 4f 2b 38 35 |QIsLh8HSlL51O+85|
|00003e70| 6a 53 53 32 6c 58 43 35 50 64 32 76 73 37 4f 79 |jSS2lXC5Pd2vs7Oy|
|00003e80| 30 57 36 4d 57 7a 44 77 70 71 56 57 5a 49 37 55 |0W6MWzDwpqVWZI7U|
|00003e90| 51 46 67 42 61 53 43 77 57 6f 36 4f 6a 67 32 71 |QFgBaSCwWo6Ojg2q|
|00003ea0| 31 79 75 6a 6f 4b 4d 56 69 73 64 45 68 53 64 4b |1yujoKMVisdEhSdK|
|00003eb0| 69 46 59 74 46 52 6b 64 48 41 55 67 6b 45 73 52 |iFYtFRkdHAUgkEsR|
|00003ec0| 69 73 51 5a 48 70 47 5a 6c 6e 70 54 55 61 73 79 |isQZHpGZlnpTUasy|
|00003ed0| 52 57 69 67 4c 41 43 30 6d 6d 55 79 53 53 43 53 |RWigLAC0mmUySSCS|
|00003ee0| 6f 56 71 75 4d 6a 59 33 35 37 6d 4e 4a 54 53 32 |oVquMjY357mNJTS2|
|00003ef0| 58 79 7a 45 32 4e 6b 61 31 57 69 57 52 53 4a 42 |XyzE2Nka1WiWRSJB|
|00003f00| 49 4a 42 6f 64 6b 70 71 63 65 56 4a 53 71 7a 42 |IJBodkpqceVJSqzB|
|00003f10| 48 36 6e 72 59 50 36 51 46 4a 52 49 4a 51 71 45 |H6nrYP6QFJRIJQqE|
|00003f20| 51 36 58 53 61 53 35 63 75 55 53 71 56 57 4c 5a |Q6XSaS5cuUSqVWLZ|
|00003f30| 73 57 61 50 44 6b 71 51 46 53 61 66 54 35 50 4e |sWaPDkqQFSafT5PN|
|00003f40| 35 59 48 49 38 59 32 30 6d 64 32 6d 78 7a 4a 4f |5YHI8Y20md2mxzJO|
|00003f50| 53 6d 70 30 35 55 74 66 4c 41 6b 43 4c 69 73 56 |Smp05UtfLAkCLisV|
|00003f60| 69 68 45 4b 68 36 64 61 4e 59 72 46 6f 74 79 42 |ihEKh6daNYrFotyB|
|00003f70| 4a 54 53 47 66 7a 35 50 4e 5a 69 6d 58 79 77 53 |JTSGfz5PNZimXywS|
|00003f80| 44 51 62 71 36 75 68 7a 50 71 42 76 4f 50 43 6d |DQbq6uhzPqBvOPCm|
|00003f90| 70 47 5a 6b 6a 74 56 69 42 61 72 56 61 62 58 51 |pGZkjtViBarVabXQ|
|00003fa0| 51 75 6e 6d 71 31 53 72 5a 62 48 5a 36 56 74 42 |Qunmq1SrZbHZ6VtB|
|00003fb0| 67 4d 45 67 69 6b 53 41 61 6a 52 49 4d 4f 67 4a |gMEgikSAajRIMOgJ|
|00003fc0| 45 30 74 4a 51 71 56 54 49 35 2f 50 6b 63 6a 6b |E0tJQqVTI5/Pkcjk|
|00003fd0| 71 6c 51 6f 41 48 52 30 64 4a 42 49 4a 5a 7a 4a |qlQoAHR0dJBIJZzJ|
|00003fe0| 65 6f 4a 47 52 45 58 70 36 65 68 6f 64 52 74 4d |eoJGREXp6ehodRtM|
|00003ff0| 77 54 30 70 61 36 73 79 52 71 71 6c 4e 39 72 67 |wT0pa6syRqqlN9rg|
|00004000| 59 46 67 44 61 52 4b 56 53 49 5a 50 4a 54 48 63 |YFgDaRKVSIZPJTHc|
|00004010| 56 67 73 6b 5a 6b 61 50 52 4b 4a 46 49 68 47 41 |VgskZkaPRKJFIhGA|
|00004020| 77 53 43 41 51 6d 50 36 52 70 4a 75 68 57 71 31 |wSCAQmP6RpJuhWq1|
|00004030| 4f 2f 31 51 71 46 59 72 46 49 6f 56 43 67 56 4b |O/1QqFYrFIoVCgVK|
|00004040| 70 4e 4c 31 4e 4c 42 59 6a 6d 55 7a 36 38 48 57 |pNL1NLBYjmUz68HW|
|00004050| 64 4c 41 42 63 48 2f 4f 6b 70 45 59 7a 52 32 6f |dLABcH/OkpEYzR2o|
|00004060| 2b 46 67 43 30 59 4a 56 4b 68 55 4b 68 51 44 36 |+FgC0YJVKhUKhQD6|
|00004070| 66 64 2f 5a 6a 53 55 74 47 4a 42 49 68 46 6f 76 |fd/ZjSUtGJBIhFov|
|00004080| 5a 36 6e 6f 44 57 41 42 59 48 50 4f 6b 70 4b 58 |Z6noDWABYHPOkpKX|
|00004090| 47 48 4b 6d 61 47 31 45 41 63 4d 42 49 6d 77 6b |GHKmaG1EAcMBImwk|
|000040a0| 47 67 38 54 6a 63 65 4c 78 4f 4e 56 71 6c 58 77 |Gg8TjceLxONVqlXw|
|000040b0| 2b 54 36 6c 55 6f 6c 4b 70 58 50 45 6a 53 54 64 |+T6lUolKpXPEjSTd|
|000040c0| 44 4d 42 69 38 34 69 63 63 44 68 4f 4c 78 57 78 |DMBi84iccDhOLxWx|
|000040d0| 52 31 5a 4a 68 6e 70 54 55 4b 4f 5a 49 33 51 6f |R1ZJhnpTUKOZI3Qo|
|000040e0| 57 41 4e 70 59 49 42 41 67 48 6f 38 33 4f 67 78 |WANpYIBAgHo83Ogx|
|000040f0| 4a 6b 70 59 6b 38 36 51 6b 71 64 58 59 68 30 53 |JkpYk86QkqdXYh0S|
|00004100| 53 4a 45 6d 53 70 44 5a 67 41 55 43 53 4a 45 6d |SJEmSpDZgAUCSJEm|
|00004110| 53 70 44 5a 67 41 55 43 53 4a 45 6d 53 70 44 5a |SpDZgAUCSJEmSpDZ|
|00004120| 67 41 55 43 53 4a 45 6d 53 70 44 5a 67 41 55 43 |gAUCSJEmSpDZgAUC|
|00004130| 53 4a 45 6d 53 70 44 5a 67 41 55 43 53 4a 45 6d |SJEmSpDZgAUCSJEm|
|00004140| 53 70 44 5a 67 41 55 43 53 4a 45 6d 53 70 44 5a |SpDZgAUCSJEmSpDZ|
|00004150| 67 41 55 43 53 4a 45 6d 53 70 44 5a 67 41 55 43 |gAUCSJEmSpDZgAUC|
|00004160| 53 4a 45 6d 53 70 44 5a 67 41 55 43 53 4a 45 6d |SJEmSpDZgAUCSJEm|
|00004170| 53 70 44 5a 67 41 55 43 53 4a 45 6d 53 70 44 5a |SpDZgAUCSJEmSpDZ|
|00004180| 67 41 55 43 53 4a 45 6d 53 70 44 5a 67 41 55 43 |gAUCSJEmSpDZgAUC|
|00004190| 53 4a 45 6d 53 70 44 5a 67 41 55 43 53 4a 45 6d |SJEmSpDZgAUCSJEm|
|000041a0| 53 70 44 5a 67 41 55 43 53 4a 45 6d 53 70 44 5a |SpDZgAUCSJEmSpDZ|
|000041b0| 67 41 55 43 53 4a 45 6d 53 70 44 5a 67 41 55 43 |gAUCSJEmSpDZgAUC|
|000041c0| 53 4a 45 6d 53 70 44 5a 67 41 55 43 53 4a 45 6d |SJEmSpDZgAUCSJEm|
|000041d0| 53 70 44 5a 67 41 55 43 53 4a 45 6d 53 70 44 5a |SpDZgAUCSJEmSpDZ|
|000041e0| 67 41 55 43 53 4a 4f 6c 50 52 2f 6c 2f 65 34 39 |gAUCSJOlPR/l/e49|
|000041f0| 79 6f 64 46 78 53 4a 4a 30 45 34 55 62 48 59 43 |yodFxSJJ0E4UbHYC|
|00004200| 75 33 38 54 5a 50 33 4a 30 5a 4f 4b 4b 5a 63 6d |u38TZP3J0ZOKKZcm|
|00004210| 65 4f 39 69 30 4f 74 36 67 69 4a 61 41 67 64 2f |eO9i0Ot6giJaAgd/|
|00004220| 79 67 37 30 58 53 54 33 79 54 5a 37 5a 50 4e 73 |yg70XST3yTZ7ZPNs|
|00004230| 47 52 63 67 43 51 37 2b 41 66 37 67 41 2f 2f 58 |GRcgCQ7+Af7gA//X|
|00004240| 37 45 43 6c 43 49 6e 4b 4c 41 35 55 6b 33 54 4c |7EClCInKLA5Uk3TL|
|00004250| 35 4d 78 77 37 4d 73 6a 52 34 51 6e 79 69 55 36 |5Mxw7MsjR4QnyiU6|
|00004260| 32 62 4e 7a 49 6c 74 75 37 5a 39 77 45 6a 62 4e |2bNzIltu7Z9wEjbN|
|00004270| 2f 7a 77 63 63 76 67 44 6a 66 56 73 6d 38 30 66 |/zwccvgDjfVsm80f|
|00004280| 36 4e 41 64 50 6a 78 4c 76 75 59 4d 74 69 38 32 |6NAdPjxLvuYMti82|
|00004290| 72 32 53 78 6b 44 38 4c 66 2f 77 4c 2b 37 67 65 |r2SxkD8Lf/wL+7ge|
|000042a0| 77 4a 67 75 4a 78 4f 4c 32 4b 55 6e 53 64 62 41 |wJguJxOL2KUnSdbA|
|000042b0| 41 30 4d 54 47 42 34 36 79 35 30 6a 2b 71 71 55 |A0MTGB46y50j+qqU|
|000042c0| 44 30 50 30 5a 2f 75 72 62 39 39 48 58 6b 4b 69 |D0P0Z/urb99HXkKi|
|000042d0| 57 75 4a 47 33 34 65 39 2f 42 39 2f 61 44 47 76 |WuJG34e9/B9/aDGv|
|000042e0| 57 77 46 73 2f 67 49 4d 37 34 44 2f 73 61 6e 52 |WwFs/gIM74D/sanR|
|000042f0| 6b 6b 71 51 62 4c 73 4f 70 76 61 2f 7a 30 6b 42 |kkqQbLsOpva/z0kB|
|00004300| 32 78 72 4c 7a 44 41 36 63 5a 48 66 6e 4b 6e 62 |2xrLzDA6cZHfnKnb|
|00004310| 39 78 55 50 73 75 43 30 45 64 4c 48 74 2f 73 39 |9xUPsuC0EdLHt/s9|
|00004320| 77 62 67 43 32 70 61 59 32 47 7a 37 47 6e 6e 30 |wbgC2paY2Gz7Gnn0|
|00004330| 58 36 62 70 7a 7a 65 49 4b 41 4d 55 42 2b 49 38 |X6bpzzeIKAMUB+I8|
|00004340| 2f 68 73 63 66 42 65 36 41 6b 7a 2b 46 48 30 62 |/hscfBe6Akz+FH0b|
|00004350| 67 50 2f 30 31 57 41 4f 51 4a 4e 31 69 46 67 43 |gP/01WAOQJN1iFgC|
|00004360| 61 58 6f 79 37 6e 33 36 4b 78 33 6f 41 43 70 78 |aXoy7n36Kx3oACpx|
|00004370| 37 2f 35 39 34 59 66 39 48 76 4c 4a 33 48 64 39 |7/594Yf9HvLJ3Hd9|
|00004380| 2f 5a 4e 33 30 56 71 58 30 61 59 36 65 48 71 55 |/ZN30VqX0aY6eHqU|
|00004390| 55 37 6d 62 44 78 74 74 5a 54 6f 61 78 58 4a 46 |U7mbDxttZToaxXJF|
|000043a0| 77 52 7a 66 4a 36 62 4e 67 67 67 75 6e 54 7a 4f |wRzfJ6bNgggunTzO|
|000043b0| 55 6e 69 44 63 75 59 37 2b 32 31 64 79 35 53 33 |UniDcuY7+21dy5S3|
|000043c0| 50 48 4f 74 4c 55 2f 75 4b 64 70 4b 4d 68 61 61 |PHOtLU/uKdpKMhaa|
|000043d0| 33 7a 61 51 6e 4b 49 55 53 4c 45 39 45 70 35 59 |3zaQnKIUSLE9Ep5Y|
|000043e0| 56 79 4b 53 7a 6e 31 35 32 64 6f 68 6a 49 78 6c |VyKSzn152dohjIxl|
|000043f0| 49 72 47 52 54 61 74 32 4d 65 47 62 73 75 36 4f |IrGRTat2MeGbsu6O|
|00004400| 62 5a 50 6b 4d 78 34 59 67 31 62 39 6d 4f 71 37 |bZPkMx4Yg1b9mOq7|
|00004410| 70 34 36 72 39 37 6e 78 66 31 2f 4b 74 38 4c 64 |p46r97nxf1/Kt8Ld|
|00004420| 6a 38 50 4c 4c 63 41 59 34 39 54 67 38 73 36 50 |j8PLLcAY49Tg8s6P|
|00004430| 2b 72 31 75 53 31 43 54 4b 44 4c 2f 78 57 31 34 |+r1uS1CTKDL/xW14|
|00004440| 61 79 42 50 72 32 38 51 33 76 6e 49 58 66 62 45 |ayBPr28Q3vnIXfbE|
|00004450| 51 4d 4d 48 77 2b 32 2f 77 30 76 37 7a 37 48 6e |QMMHw+2/w0v7z7Hn|
|00004460| 35 64 65 4c 50 50 73 71 57 47 43 52 58 62 32 48 |5deLPPsqWGCRXb2H|
|00004470| 6e 62 52 42 4c 41 45 79 51 79 5a 59 42 4b 4a 57 |nbRBLAEyQyZYBKJW|
|00004480| 7a 6a 4b 56 48 43 55 64 6a 55 4d 68 54 49 6b 4b |zjKVHCUdjUMhTIkK|
|00004490| 79 4d 33 6e 6c 44 56 52 2b 6e 4c 46 43 35 61 71 |yM3nlDVR+nLFC5aq|
|000044a0| 63 4f 69 57 53 67 6e 2f 39 6c 2f 43 4c 6e 30 33 |cOiWSgn/9l/CLn03|
|000044b0| 2b 2b 2b 30 2f 67 33 2f 31 4b 4e 6a 78 54 4a 4c |+++0/g3/1KNjxTJL|
|000044c0| 55 41 42 59 41 57 6b 71 55 33 73 2b 74 70 32 2f |UABYAWkqU3s+tp2/|
|000044d0| 2f 42 77 79 4e 6e 43 66 44 4f 70 4b 4d 63 2f 44 |/BwyNnCfDOpKMc/D|
|000044e0| 56 66 32 4c 50 55 50 48 79 5a 6e 73 50 73 6e 6c |Vf2LPUPHyZnsPsnl|
|000044f0| 39 6c 49 48 42 39 4f 57 75 38 74 6d 6a 76 50 69 |9lIHB9OWu8tmjvPi|
|00004500| 50 48 7a 42 59 71 47 30 30 41 4e 45 56 50 50 37 |PHzBYqG00ANEVPP7|
|00004510| 74 52 39 6d 57 6d 47 64 39 2b 53 67 76 76 58 43 |tR9mWmGd9+SgvvXC|
|00004520| 53 73 66 57 66 35 39 38 39 76 6e 46 71 39 5a 76 |SsfWf5989vnFq9Zv|
|00004530| 38 61 4f 39 46 36 45 7a 78 6e 57 63 66 6f 42 64 |8aO9F6EzxnWcfoBd|
|00004540| 67 35 44 31 65 65 48 45 49 37 76 77 53 66 37 4f |g5D1eeHEI7vwSf7O|
|00004550| 7a 46 38 36 2b 79 2f 4f 76 6e 75 52 38 34 58 4a |zF86+y/OvnuR84XJ|
|00004560| 6f 65 34 69 78 65 64 66 44 2f 49 76 2b 72 73 6b |oe4ixedfD/Iv+rsk|
|00004570| 46 4a 33 37 50 6a 2f 64 65 5a 46 58 66 43 73 61 |FJ37Pj/deZFXfCsa|
|00004580| 48 4c 35 4c 76 54 50 47 64 2f 6a 58 45 5a 7a 6d |HL5LvTPGd/jXEZzm|
|00004590| 75 50 63 54 59 76 44 37 4b 4e 51 32 39 44 53 2b |uPcTYvD7KNQ29DS+|
|000045a0| 38 44 48 54 42 6d 69 34 34 75 52 74 2b 6c 6f 57 |8DHTBmi44uRt+loW|
|000045b0| 2f 73 79 56 47 6b 6c 72 4b 6e 39 35 6c 39 35 45 |/syVGklrKn95l95E|
|000045c0| 38 39 47 37 69 75 61 64 32 7a 43 67 51 78 2b 6e |89G7iuad2zCgQx+n|
|000045d0| 37 33 4b 4e 38 49 2f 51 6d 62 77 31 56 47 42 6f |73KN8I/Qmbw1VGBo|
|000045e0| 61 5a 30 74 2f 46 2b 66 32 76 38 37 2f 50 73 4a |aZ0t/F+f2v87/PsJ|
|000045f0| 6b 55 5a 32 44 76 4c 42 2f 44 49 44 73 77 4e 76 |kUZ2DvLB/DIDswNv|
|00004600| 38 65 41 43 36 37 76 77 7a 37 68 6e 35 5a 2f 61 |8eAC67vwz7hn5Z/a|
|00004610| 65 69 37 44 31 71 61 2f 7a 78 48 51 33 75 7a 49 |ei7D1qa/zxHQ3uzI|
|00004620| 66 2f 75 59 33 37 42 35 65 7a 69 50 66 2b 33 50 |f/uY37B5eziPf+3P|
|00004630| 75 75 66 72 4f 61 6d 77 41 66 76 59 7a 4b 48 59 |uufrOamwAfvYzKHY|
|00004640| 42 58 56 44 38 5a 33 68 68 48 4c 37 2f 66 55 68 |BXVD8Z3hhHL7/fUh|
|00004650| 5a 42 5a 41 6b 33 56 6f 57 41 46 72 4e 38 49 58 |ZBZAk3VoWAFrN8IX|
|00004660| 4a 43 59 77 53 43 5a 4c 41 75 54 64 65 5a 38 39 |JCYwSCZLAuTdeZ89|
|00004670| 51 6b 64 6a 4b 46 49 2f 76 32 73 47 47 52 49 5a |QkdjKFI/v2sGGRIZ|
|00004680| 54 2b 39 39 6d 39 35 48 30 46 62 39 32 37 49 33 |T+99m95H0Fb927I3|
|00004690| 44 44 42 5a 69 62 48 33 71 7a 33 6d 69 4c 38 6a |DDBZibH3qz3miL8j|
|000046a0| 59 48 31 37 6e 4a 32 39 64 35 49 33 39 48 37 50 |YH17nJ29d5I39H7P|
|000046b0| 74 6b 58 58 7a 72 4e 39 49 66 2f 64 4a 44 6c 77 |tkXXzrN9If/dJDlw|
|000046c0| 34 7a 7a 6b 32 30 67 73 63 4f 7a 55 36 75 65 50 |4zzk20gscOzU6ueP|
|000046d0| 30 42 59 36 6d 6f 62 63 54 4a 6f 5a 48 47 53 66 |0BY6mobcTJoZHGSf|
|000046e0| 47 33 58 66 32 51 76 36 50 76 50 6a 71 53 63 34 |G3Xf2Qv6PvPjqSc4|
|000046f0| 58 59 6d 7a 39 79 68 64 35 5a 45 4d 6e 35 62 4e |XYmz9yhd5ZEMn5bN|
|00004700| 48 2b 50 57 72 78 78 6a 59 38 7a 72 78 7a 69 64 |H+PWrxxjY8zrxzid|
|00004710| 35 62 48 56 6f 4f 72 37 7a 77 32 6c 53 64 32 35 |5bHVoOr7zw2lSd25|
|00004720| 69 63 39 38 61 75 68 5a 77 58 4a 2f 79 32 52 31 |ic98auhZwXJ/y2R1|
|00004730| 77 4c 37 43 6a 43 50 2b 51 67 2f 2f 38 42 42 78 |wL7CjCP+Qg//8BBx|
|00004740| 63 36 63 4f 2f 4a 4c 57 59 43 30 66 4f 63 42 46 |c6cO/JLWYC0fOcBF|
|00004750| 49 62 62 31 72 6c 74 35 68 49 66 71 32 37 2b 54 |Ibb1rlt5hIfq27+T|
|00004760| 70 37 58 50 38 63 73 38 4f 6e 72 31 2f 6e 42 2f |p7XP8cs8Onr1/nB/|
|00004770| 74 48 79 4f 78 2b 56 36 65 2f 55 4c 33 5a 43 2b |tHyOx+V6e/UL3ZC+|
|00004780| 33 6f 56 57 38 73 65 63 38 70 77 59 2b 68 72 36 |3oVW8sec8pwY+hr6|
|00004790| 70 58 6e 62 35 77 78 77 61 68 74 44 36 6a 64 77 |pXnb5wxwahtD6jdw|
|000047a0| 54 6d 32 56 66 79 37 66 42 7a 6b 64 68 38 32 66 |Tm2Vfy7fBzkdh82f|
|000047b0| 68 76 37 77 4e 33 2f 74 72 65 47 76 4d 68 33 39 |hv7wN3/treGvMh39|
|000047c0| 4a 55 6b 4e 59 41 47 68 36 52 55 36 39 39 54 6f |JUkNYAGh6RU699To|
|000047d0| 76 68 6f 44 79 42 4f 65 47 30 32 53 4a 63 66 63 |vhoDyBOeG02SJcfc|
|000047e0| 58 4e 67 49 6e 65 47 73 67 44 36 46 56 50 50 62 |XNgIneGsgD6FVPPb|
|000047f0| 4e 42 39 67 45 51 4a 78 4e 4f 78 2b 6a 6e 48 32 |NB9gEQJxNOx+jnH2|
|00004800| 46 58 77 39 57 70 76 64 53 4c 6c 65 41 49 75 4e |FXw9WpvdSLleAIuN|
|00004810| 2f 6d 71 44 55 31 38 33 79 37 51 2f 7a 4e 78 73 |/mqDU183y7Q/zNxs|
|00004820| 6d 75 2b 76 50 76 7a 37 4b 6c 72 34 59 42 34 37 |mu+vPvz7Klr4YB47|
|00004830| 55 48 76 62 50 4d 48 69 32 51 6c 66 66 43 68 69 |UHvbPMHi2QlffChi|
|00004840| 2b 79 43 65 6e 79 37 41 56 6a 67 2b 6d 6f 61 4f |+yCeny7AVjg+moaO|
|00004850| 50 4c 54 30 77 39 76 74 6a 44 42 5a 67 31 66 32 |PLT0w9vtjDBZg1f2|
|00004860| 50 38 73 53 47 71 56 75 7a 31 54 74 34 35 76 45 |P8sSGqVuz1Tt45vE|
|00004870| 4d 50 2f 7a 6c 4d 49 66 65 4f 63 46 6a 54 39 34 |MP/zlMIfeOcFjT94|
|00004880| 78 48 56 2f 58 6e 51 2f 79 7a 4d 37 65 71 58 2b |xHV/XnQ/yzM7eqX+|
|00004890| 64 59 48 65 64 78 2f 56 70 50 66 44 4d 72 73 6d |dYHedx/VpPfDMrsm|
|000048a0| 65 41 4e 2f 4b 51 75 52 65 63 50 69 2f 4a 4c 57 |eAN/KQuRecPi/JLW|
|000048b0| 63 38 36 4e 35 49 4d 61 4b 6c 61 46 35 74 2f 32 |c86N5IMaKlaF5t/2|
|000048c0| 30 4f 4d 6e 45 35 4f 2b 46 51 77 6d 57 64 33 5a |0OMnE5O+FQwmWd3Z|
|000048d0| 50 4c 75 37 66 78 4a 59 33 7a 33 50 34 31 43 42 |PLu7fxJY3z3P41CB|
|000048e0| 44 6a 36 77 6a 42 56 78 34 66 34 68 50 69 4c 42 |Dj6wjBVx4f4hPiLB|
|000048f0| 31 2b 38 59 35 39 68 57 42 4a 35 36 42 6b 51 2f |1+8Y59hWBJ56BkQ/|
|00004900| 68 57 33 64 41 4f 41 58 50 66 50 59 36 59 70 49 |hW3dAOAXPfPY6YpI|
|00004910| 6b 61 66 46 38 44 57 44 54 71 35 41 5a 47 65 57 |kafF8DWDTq5AZGeW|
|00004920| 54 73 36 4e 38 4d 6c 4a 6d 2b 63 62 50 38 4c 56 |Ts6N8MlJm+cbP8LV|
|00004930| 6e 70 31 72 50 30 36 4e 63 4c 41 4f 72 31 37 44 |np1rP06NcLAOr17D|
|00004940| 6c 69 74 38 4a 73 53 58 56 65 63 57 53 4c 59 2f |lit8JsSXVecWSLY/|
|00004950| 63 78 66 70 6f 68 61 46 39 72 2f 48 66 66 76 77 |cxfpohaF9r/Hffvw|
|00004960| 4b 7a 37 2f 36 48 71 65 79 38 65 6d 78 2b 76 4f |Kz7/6Hqey8emx+vO|
|00004970| 74 37 37 32 7a 6c 79 36 79 44 4a 32 61 67 50 54 |t772zly6yDJ2agPT|
|00004980| 48 44 4f 57 43 39 4e 36 31 69 56 51 55 68 6f 63 |HDOWC9N61iVQUhoc|
|00004990| 47 67 55 47 4f 6e 34 58 59 37 53 6c 53 77 4c 6e |GgUGOn4XY7SlSwLn|
|000049a0| 52 43 53 42 47 58 2b 71 71 64 70 6d 2b 6c 61 77 |RCSBGX+qqdpm+law|
|000049b0| 45 47 4c 33 49 75 52 6d 4c 6c 36 2f 75 76 66 79 |EGL3IuRmLl6/uvfy|
|000049c0| 50 42 52 7a 58 6e 46 4c 33 77 71 34 76 77 66 4c |PBRzXnFL3wq4vwfL|
|000049d0| 36 4e 70 63 6b 4e 5a 65 75 7a 71 6e 6d 2b 50 4b |6NpckNZeuzqnm+PK|
|000049e0| 4e 33 4f 73 36 74 74 30 65 67 63 49 5a 33 6a 31 |N3Os6tt0egcIZ3j1|
|000049f0| 65 42 6b 59 35 50 4a 69 46 37 6a 37 75 6d 32 2f |eBkY5PJiF7j7um2/|
|00004a00| 6d 33 5a 35 74 73 47 73 58 72 4c 58 6c 58 35 4c |m3Z5tsGsXrLXlX5L|
|00004a10| 55 4f 50 59 41 61 48 6f 78 74 6a 31 56 6d 77 54 |UOPYAaHoxtj1VmwT|
|00004a20| 77 4b 74 45 51 4d 59 44 53 42 42 4e 77 78 59 52 |wKtEQMYDSBBNwxYR|
|00004a30| 2b 45 2b 57 72 57 73 6b 54 57 33 6a 36 75 63 38 |+E+WrWskTW3j6uc8|
|00004a40| 79 64 76 6f 6f 42 7a 34 59 35 74 6a 51 45 4c 75 |ydvooBz4Y5tjQELu|
|00004a50| 48 68 6e 6a 33 2f 73 66 34 37 75 65 36 35 31 2f |Hhnj3/sf47ue651/|
|00004a60| 66 6b 79 4c 56 4d 63 54 52 34 59 2b 5a 34 44 77 |fkyLVMcTR4Y+Z4Dw|
|00004a70| 58 36 65 61 2b 44 62 63 54 47 33 69 62 77 32 66 |X6ea+DbcTG3ibw2f|
|00004a80| 50 4d 33 77 57 68 73 73 52 2b 6a 66 66 44 6b 43 |PM3wWhssR+jffDkC|
|00004a90| 38 4e 6c 6e 67 6e 44 64 6d 51 65 5a 73 73 31 6e |8NlngnDdmQeZss1n|
|00004aa0| 49 63 55 6d 53 32 6c 4c 66 36 69 51 63 75 63 6a |IcUmS2lLf6iQcucj|
|00004ab0| 51 71 56 46 59 33 58 33 44 39 70 76 61 30 63 65 |QqVFY3X3D9pva0ce|
|00004ac0| 4b 67 59 38 34 64 58 77 51 45 6d 66 34 63 42 54 |KgY84dXwQEmf4cBT|
|00004ad0| 57 50 72 68 39 73 6e 67 74 53 64 49 53 5a 77 2b |WPrh9sngtSdISZw+|
|00004ae0| 41 56 68 62 72 6f 37 63 54 4f 50 63 78 42 2f 34 |AVhbro7cTOPcxB/4|
|00004af0| 30 63 38 55 5a 39 6e 30 77 63 36 7a 38 4b 42 2f |0c8UZ9n0wc6z8KB/|
|00004b00| 75 66 5a 30 58 58 2f 32 41 38 64 75 33 38 39 69 |ufZ0XX/2A8du389i|
|00004b10| 54 6a 2f 50 39 66 33 4d 76 6d 36 4e 77 2f 73 67 |Tj/P9f3Mvm6Nw/sg|
|00004b20| 66 75 54 44 76 65 71 69 31 69 70 53 48 50 32 62 |fuTDveqi1ipSHP2b|
|00004b30| 76 59 42 70 36 56 39 49 50 62 4e 72 51 44 62 6b |vYBp6V9IPbNrQDbk|
|00004b40| 4c 48 44 70 79 67 57 79 6f 6d 2f 36 70 46 70 4a |LHDpygWyom/6pFpJ|
|00004b50| 55 58 79 65 51 35 39 69 52 30 31 65 45 6e 44 6c |UXyeQ59iR01eEnDl|
|00004b60| 38 6d 6d 45 67 30 62 64 75 37 70 75 70 75 6f 39 |8mmEg0bdu7pupuo9|
|00004b70| 4c 6b 74 53 32 4e 6d 39 69 61 77 64 63 50 50 67 |LktS2Nm9iawdcPPg|
|00004b80| 47 72 35 32 39 75 74 70 38 68 74 64 65 2b 4c 2f |Gr529utp8htde+L/|
|00004b90| 38 34 48 2b 38 78 43 75 6e 46 74 68 46 34 4c 62 |84H+8xCunFthF4Lb|
|00004ba0| 74 33 4e 30 4c 35 63 45 54 76 50 6a 4f 47 62 4b |t3N0L5cETvPjOGbK|
|00004bb0| 68 56 64 79 7a 66 52 47 76 43 5a 51 6b 36 52 61 |hVdyzfRGvCZQk6Ra|
|00004bc0| 79 42 30 42 4c 36 2b 57 68 2b 31 64 77 64 4d 39 |yB0BL6+Wh+1dwdM9|
|00004bd0| 46 44 72 7a 38 4b 6d 4e 33 70 6b 68 31 46 6a 6c |FDrz8KmN3pkh1Fjl|
|00004be0| 2b 38 43 53 44 56 7a 77 6e 64 37 4f 63 55 51 61 |+8CSDVzwnd7OcUQa|
|00004bf0| 48 7a 6e 50 75 56 58 68 77 66 59 54 38 75 57 45 |HznPuVXhwfYT8uWE|
|00004c00| 47 43 78 44 71 57 38 6c 4b 75 73 6c 65 63 2f 32 |GCxDqW8lKuslec/2|
|00004c10| 6b 31 4f 5a 56 78 41 61 47 4f 54 77 4d 4b 33 61 |k1OZVxAaGOTwMK3a|
|00004c20| 73 6e 32 79 5a 58 37 2b 53 74 52 7a 6a 38 41 43 |sn2yZX7+StRzj8AC|
|00004c30| 45 31 6d 2b 5a 47 71 38 50 62 4c 36 4c 7a 37 2f |E1m+ZGq8PbL6Lz7/|
|00004c40| 7a 4f 39 34 62 32 4d 2f 2f 7a 4a 37 6e 76 71 6c |zO94b2M//zJ7nvql|
|00004c50| 39 48 68 68 49 55 34 36 75 59 4f 66 39 36 35 68 |9HhhIU46uYOf965h|
|00004c60| 62 76 63 63 6c 53 57 70 66 74 2f 50 45 34 32 66 |bvcclSWpft/PE42f|
|00004c70| 34 35 4f 57 50 4f 50 54 79 72 78 68 4b 72 57 48 |45OWPOPTyrxhKrWH|
|00004c80| 72 2b 67 53 78 39 43 6a 76 48 54 6e 4c 78 51 4c |r+gSx9CjvHTnLxQL|
|00004c90| 45 55 6c 74 35 62 4d 4d 63 2f 63 31 57 4a 75 6e |EUlt5bMMc/c1WJun|
|00004ca0| 69 49 75 4e 44 52 39 6c 2f 2b 41 7a 4c 65 2b 35 |iIuNDR9l/+AzLe+5|
|00004cb0| 67 79 2b 6f 34 45 4f 65 65 37 5a 4f 54 41 51 34 |gy+o4EOee7ZOTAQ4|
|00004cc0| 4f 51 32 4c 7a 70 71 75 47 6f 30 6d 53 74 48 54 |OQ2LzpquGo0mStHT|
|00004cd0| 5a 41 36 44 46 78 66 73 66 35 71 38 65 57 6b 56 |ZA6DFxfsf5q8eWkV|
|00004ce0| 58 4f 63 76 41 77 51 48 32 37 44 76 4a 4a 39 45 |XOcvAwQH27DvJJ9E|
|00004cf0| 55 33 37 68 2f 78 52 58 62 70 52 37 35 4d 6c 2f |U37h/xRXbpR75Ml/|
|00004d00| 64 47 43 4d 2f 64 4a 49 39 2b 77 62 59 4e 35 43 |dGCM/dJI9+wbYN5C|
|00004d10| 47 6c 53 6d 2b 76 6e 4e 6a 58 65 73 42 36 46 74 |GlSm+vnNjXesB6Ft|
|00004d20| 44 4b 67 51 51 49 39 55 2f 31 64 30 79 74 70 35 |DKgQQI9U/1d0ytp5|
|00004d30| 55 4e 30 43 51 44 66 33 72 5a 33 78 69 4c 31 39 |UN0CQDf3rZ3xiL19|
|00004d40| 2b 35 6b 76 73 53 73 58 49 7a 4e 68 6e 71 44 66 |+5kvsSsXIzNhnqDf|
|00004d50| 46 31 37 37 35 38 4f 53 72 42 78 64 34 58 45 4f |F17758OSrBxd4XEO|
|00004d60| 68 76 6b 38 64 6c 79 53 70 6a 61 32 2b 6a 2b 65 |hvk8dlySpja2+j+e|
|00004d70| 65 76 5a 66 37 2b 6f 4b 4d 44 51 32 78 62 39 38 |evZf7+oKMDQ2xb98|
|00004d80| 41 65 77 36 65 35 57 4b 6f 6b 38 30 50 66 59 6d |Aew6e5WKok80PfYm|
|00004d90| 2f 66 58 4c 4c 4c 47 38 49 6d 4e 4a 7a 46 7a 73 |/fXLLLG8ImNJzFzs|
|00004da0| 33 78 67 69 6c 7a 37 4a 76 33 77 42 76 44 49 78 |3xgilz7Jv3wBvDIx|
|00004db0| 66 58 74 66 2f 57 62 5a 45 41 52 4a 73 32 33 47 |fXtf/WbZEARJs23G|
|00004dc0| 74 67 72 55 6b 53 55 74 4c 6f 46 71 74 56 68 73 |tgrUkSUtLoFqtVhs|
|00004dd0| 64 68 47 36 46 4d 68 50 5a 4e 4f 56 6f 4e 38 6c |dhG6FMhPZNOVoN8l|
|00004de0| 72 39 76 73 6f 6b 45 6c 6e 6f 57 4f 75 37 65 5a |r9vsokElnoWOu7eZ|
|00004df0| 62 66 7a 30 4b 5a 4e 49 54 68 44 71 37 57 48 67 |bfz0KZNIThDq7WHg|
|00004e00| 6e 79 6e 71 50 53 35 4c 61 77 38 6a 49 43 44 30 |nynqPS5Law8jICD0|
|00004e10| 39 73 30 30 4d 6f 78 73 6d 2f 77 64 65 2b 4f 6b |9s00Moxsm/wde+Ok|
|00004e20| 41 6e 2f 52 75 35 74 2f 2b 35 66 62 72 79 46 32 |An/Ru5t/+5fbryF2|
|00004e30| 53 4a 43 33 63 2b 50 6a 34 2f 42 76 4e 77 30 65 |SJC3c+Pj4/BvNw0e|
|00004e40| 6d 74 68 45 69 6e 71 68 6e 45 71 51 6f 79 63 37 |mthEinqhnEqQoyc7|
|00004e50| 6f 49 74 5a 66 6a 38 58 73 73 39 37 6a 6b 69 54 |oItZfj8Xss97jkiT|
|00004e60| 70 78 70 68 38 39 56 2b 51 2f 75 31 62 66 66 69 |pxph89V+Q/u1bffi|
|00004e70| 58 4a 44 55 56 68 77 42 49 6b 69 54 56 37 57 4d |XJDUVhwBIkiTV7WM|
|00004e80| 4f 44 47 53 68 59 77 33 33 39 4d 2f 35 76 68 70 |ODGShYw339M/5vhp|
|00004e90| 4a 6b 70 59 6b 43 77 43 53 4a 45 6c 31 4b 70 30 |JkpYkCwCSJEl1Kp0|
|00004ea0| 36 77 56 41 35 77 74 72 74 57 30 6b 31 4f 68 68 |6wVA5wtrtW0k1Ohh|
|00004eb0| 4a 6b 68 62 49 4f 51 41 6b 53 57 6f 68 7a 67 45 |JkhbIOQAkSWohzgE|
|00004ec0| 67 53 56 4a 72 75 68 46 7a 41 4e 67 44 51 4a 49 |gSVJruhFzANgDQJI|
|00004ed0| 6b 53 5a 4b 6b 4e 6d 41 42 51 4a 49 6b 53 5a 4b |kSZKkNmABQJIkSZK|
|00004ee0| 6b 4e 6d 41 42 51 4a 49 6b 53 5a 4b 6b 4e 6d 41 |kNmABQJIkSZKkNmA|
|00004ef0| 42 51 4a 49 6b 53 5a 4b 6b 4e 6d 41 42 51 4a 49 |BQJIkSZKkNmABQJI|
|00004f00| 6b 53 5a 4b 6b 4e 6d 41 42 51 4a 49 6b 53 5a 4b |kSZKkNmABQJIkSZK|
|00004f10| 6b 4e 6d 41 42 51 4a 49 6b 53 5a 4b 6b 4e 6d 41 |kNmABQJIkSZKkNmA|
|00004f20| 42 51 4a 49 6b 53 5a 4b 6b 4e 68 42 75 64 41 43 |BQJIkSZKkNhBudAC|
|00004f30| 53 4a 45 6d 53 4a 47 6e 68 76 76 76 64 37 38 36 |SJEmSJGnhvvvd786|
|00004f40| 35 37 76 6e 6e 6e 2f 2f 55 4d 6e 73 41 53 4a 49 |57vnnn//UMnsASJI|
|00004f50| 6b 53 5a 4c 55 68 47 5a 37 79 4c 2f 57 38 6b 43 |kSZLUhGZ7yL/W8kC|
|00004f60| 31 57 71 33 65 7a 49 43 30 64 46 55 71 46 51 71 |1Wq3ezIC0dFUqFQq|
|00004f70| 46 41 71 56 53 69 55 71 6c 63 73 57 50 4a 4e 30 |FAqVSiUqlcsWPJN0|
|00004f80| 4d 77 57 44 77 69 70 39 77 4f 45 77 30 47 69 55 |MwWDwip9wOEw0GiU|
|00004f90| 59 74 42 35 39 6f 34 79 4d 6a 4e 44 54 30 39 50 |YtB59o4yMjNDT09P|
|00004fa0| 6f 4d 46 71 43 65 56 4c 53 72 57 53 4f 31 48 7a |oMFqCeVLSrWSO1Hz|
|00004fb0| 47 78 38 66 6e 58 44 65 7a 4a 38 42 63 44 2f 39 |Gx8fnXDezJ8BcD/9|
|00004fc0| 67 41 61 44 74 6c 45 6f 6c 38 76 6b 38 68 55 4b |gAaDtlEol8vk8hUK|
|00004fd0| 42 63 72 6e 63 36 48 41 6b 43 59 42 51 4b 45 51 |Bcrnc6HAkCYBQKEQ|
|00004fe0| 30 47 69 55 57 69 78 45 4f 4f 7a 70 74 4d 53 77 |0GiUWixEOOzptMSw|
|00004ff0| 41 4c 49 35 35 55 74 4a 53 59 34 35 55 7a 62 55 |ALI55UtJSY45UzbU|
|00005000| 4b 41 44 42 5a 42 4c 6a 57 77 7a 39 59 41 47 67 |KADBZBLjWwz9YAGg|
|00005010| 62 70 56 4b 4a 54 43 5a 44 73 56 69 63 58 68 59 |bpVKJTCZDsVicXhY|
|00005020| 49 42 49 68 45 49 6b 51 69 6b 65 6c 4b 59 79 67 |IBIhEIkQikelKYyg|
|00005030| 55 73 73 6f 6f 36 61 61 70 56 43 71 55 79 2b 58 |Ussoo6aapVCqUy+X|
|00005040| 70 56 74 52 69 73 55 69 78 57 47 52 6d 4b 6f 70 |pVtRisUixWGRmKop|
|00005050| 45 49 69 53 54 53 57 39 79 72 70 4d 46 67 4f 74 |EIiSTSW9yrpMFgOt|
|00005060| 6a 6e 70 54 55 61 4f 5a 49 7a 57 65 2b 41 6b 41 |jnpTUaOZIzWe+AkA|
|00005070| 39 4c 41 43 30 75 48 4b 35 54 44 61 62 4a 5a 2f |9LAC0uHK5TDabJZ/|
|00005080| 50 41 35 4e 64 69 7a 6f 36 4f 6f 68 47 6f 34 52 |PA5Ndizo6OohGo4R|
|00005090| 43 6f 51 5a 48 4a 30 6d 54 53 71 55 53 78 57 4b |CoQZHJ0mTSqUSxWK|
|000050a0| 52 58 43 34 33 33 62 30 36 46 6f 75 52 54 43 5a |RXC433b06FouRTCZ|
|000050b0| 39 32 46 6f 67 43 77 41 4c 59 35 36 55 74 4e 53 |92FogCwALY56UtNS|
|000050c0| 5a 49 31 56 6a 41 55 44 58 6c 4d 2f 6e 53 61 66 |ZI1VjAUDXlM/nSaf|
|000050d0| 54 77 47 51 72 52 69 4b 52 6f 4b 4f 6a 6f 38 46 |TwGQrRiKRoKOjo8F|
|000050e0| 52 53 64 4b 31 35 58 49 35 73 74 6e 73 64 49 74 |RSdK15XI5stnsdIt|
|000050f0| 48 56 31 63 58 30 57 69 30 77 56 45 31 44 77 73 |HV1cX0Wi0wVE1Dws|
|00005100| 41 39 54 4e 50 53 6d 6f 32 35 73 6a 32 5a 67 46 |A9TNPSmo25sj2ZgF|
|00005110| 41 63 38 72 6c 63 6d 51 79 47 51 44 69 38 54 6a |Ac8rlcmQyGQDi8Tj|
|00005120| 4a 5a 4a 4a 41 49 4e 44 67 71 43 53 70 50 74 56 |JZJJAINDgqCSpPtV|
|00005130| 71 6c 55 75 58 4c 6b 32 33 79 69 35 62 74 6f 78 |qlUuXLk23yi5btox|
|00005140| 34 50 4e 37 67 71 4a 71 44 42 59 44 36 6d 43 63 |4PN7gqJqDBYD6mCc|
|00005150| 6c 4e 53 74 7a 5a 50 75 36 45 51 55 41 42 34 2b |lNStzZPu6EQUAB4+|
|00005160| 30 6f 45 75 58 4c 6a 45 78 4d 51 46 34 51 5a 44 |0oEuXLjExMQF4QZD|
|00005170| 55 6e 41 4b 42 41 4a 32 64 6e 59 54 44 59 54 4b |UnAKBAJ2dnYTDYTK|
|00005180| 5a 44 4a 63 75 58 61 4a 63 4c 70 4e 4d 4a 68 73 |ZDJcuXaJcLpNMJhs|
|00005190| 64 6d 6c 71 41 65 56 4a 53 4d 7a 4e 48 61 6a 45 |dmlqAeVJSMzNHajE|
|000051a0| 73 41 4c 53 59 54 43 62 44 78 4d 51 45 67 55 43 |sALSYTCbDxMQEgUC|
|000051b0| 41 72 71 34 75 49 70 46 49 6f 30 4f 53 70 4f 76 |Arq4uIpFIo0OSpOv|
|000051c0| 57 30 64 46 42 4f 42 78 6d 66 48 79 63 58 43 34 |W0dFBOBxmfHycXC4|
|000051d0| 48 34 41 32 4f 46 73 55 38 4b 61 6c 56 6d 43 4e |H4A2OFsU8KalVmCN|
|000051e0| 31 50 5a 77 31 6f 6f 58 6b 38 33 6c 79 75 52 79 |1PZw1ooXk83lyuRy|
|000051f0| 42 51 49 44 75 37 6d 35 76 61 69 53 31 68 45 67 |BQIDu7m5vaiS1hEg|
|00005200| 6b 51 6e 64 33 4e 34 46 41 67 46 77 75 4e 39 33 |kQnd3N4FAgFwuN93|
|00005210| 6c 55 56 6f 6f 38 36 53 6b 56 6d 4f 4f 31 45 4c |lUVoo86SkVmOO1EL|
|00005220| 39 66 37 65 6d 6d 69 2b 41 57 79 47 44 41 41 41 |9f7emmi+AWyGDAAA|
|00005230| 41 41 45 6c 46 54 6b 53 75 51 6d 43 43 22 7d    |AAElFTkSuQmCC"} |
+--------+-------------------------------------------------+----------------+
&amp#27;[35m22-11-29 16:05:25:223&amp#27;[m [&amp#27;[34mDEBUG&amp#27;[m] Adding key: http://localhost:44632 for channel [id: 0xb21da692, L:/127.0.0.1:52679 - R:localhost/127.0.0.1:44632]
&amp#27;[35m22-11-29 16:05:25:224&amp#27;[m [&amp#27;[30mTRACE&amp#27;[m] [id: 0xb21da692, L:/127.0.0.1:52679 - R:localhost/127.0.0.1:44632] READ COMPLETE
&amp#27;[35m22-11-29 16:05:25:240&amp#27;[m [&amp#27;[34mDEBUG&amp#27;[m] Using pooled Channel '[id: 0xb21da692, L:/127.0.0.1:52679 - R:localhost/127.0.0.1:44632]' for 'POST' to 'http://localhost:44632/session/c221f94085f074930f6565b3a9356933/element'
&amp#27;[35m22-11-29 16:05:25:240&amp#27;[m [&amp#27;[34mDEBUG&amp#27;[m] Using open Channel [id: 0xb21da692, L:/127.0.0.1:52679 - R:localhost/127.0.0.1:44632] for POST '/session/c221f94085f074930f6565b3a9356933/element'
&amp#27;[35m22-11-29 16:05:25:241&amp#27;[m [&amp#27;[30mTRACE&amp#27;[m] [id: 0xb21da692, L:/127.0.0.1:52679 - R:localhost/127.0.0.1:44632] WRITE: 213B
         +-------------------------------------------------+
         |  0  1  2  3  4  5  6  7  8  9  a  b  c  d  e  f |
+--------+-------------------------------------------------+----------------+
|00000000| 50 4f 53 54 20 2f 73 65 73 73 69 6f 6e 2f 63 32 |POST /session/c2|
|00000010| 32 31 66 39 34 30 38 35 66 30 37 34 39 33 30 66 |21f94085f074930f|
|00000020| 36 35 36 35 62 33 61 39 33 35 36 39 33 33 2f 65 |6565b3a9356933/e|
|00000030| 6c 65 6d 65 6e 74 20 48 54 54 50 2f 31 2e 31 0d |lement HTTP/1.1.|
|00000040| 0a 55 73 65 72 2d 41 67 65 6e 74 3a 20 73 65 6c |.User-Agent: sel|
|00000050| 65 6e 69 75 6d 2f 34 2e 36 2e 30 20 28 6a 61 76 |enium/4.6.0 (jav|
|00000060| 61 20 77 69 6e 64 6f 77 73 29 0d 0a 43 6f 6e 74 |a windows)..Cont|
|00000070| 65 6e 74 2d 4c 65 6e 67 74 68 3a 20 39 36 0d 0a |ent-Length: 96..|
|00000080| 43 6f 6e 74 65 6e 74 2d 54 79 70 65 3a 20 61 70 |Content-Type: ap|
|00000090| 70 6c 69 63 61 74 69 6f 6e 2f 6a 73 6f 6e 3b 20 |plication/json; |
|000000a0| 63 68 61 72 73 65 74 3d 75 74 66 2d 38 0d 0a 68 |charset=utf-8..h|
|000000b0| 6f 73 74 3a 20 6c 6f 63 61 6c 68 6f 73 74 3a 34 |ost: localhost:4|
|000000c0| 34 36 33 32 0d 0a 61 63 63 65 70 74 3a 20 2a 2f |4632..accept: */|
|000000d0| 2a 0d 0a 0d 0a                                  |*....           |
+--------+-------------------------------------------------+----------------+
&amp#27;[35m22-11-29 16:05:25:241&amp#27;[m [&amp#27;[30mTRACE&amp#27;[m] [id: 0xb21da692, L:/127.0.0.1:52679 - R:localhost/127.0.0.1:44632] WRITE: 96B
         +-------------------------------------------------+
         |  0  1  2  3  4  5  6  7  8  9  a  b  c  d  e  f |
+--------+-------------------------------------------------+----------------+
|00000000| 7b 0a 20 20 22 75 73 69 6e 67 22 3a 20 22 78 70 |{.  "using": "xp|
|00000010| 61 74 68 22 2c 0a 20 20 22 76 61 6c 75 65 22 3a |ath",.  "value":|
|00000020| 20 22 5c 75 30 30 32 66 5c 75 30 30 32 66 69 6e | "\u002f\u002fin|
|00000030| 70 75 74 5b 40 69 64 3d 27 77 70 77 63 5f 63 75 |put[@id='wpwc_cu|
|00000040| 73 74 6f 6d 5f 72 65 67 69 73 74 72 61 74 69 6f |stom_registratio|
|00000050| 6e 5f 66 69 65 6c 64 5f 31 32 35 27 5d 22 0a 7d |n_field_125']".}|
+--------+-------------------------------------------------+----------------+
&amp#27;[35m22-11-29 16:05:25:241&amp#27;[m [&amp#27;[30mTRACE&amp#27;[m] [id: 0xb21da692, L:/127.0.0.1:52679 - R:localhost/127.0.0.1:44632] FLUSH
&amp#27;[35m22-11-29 16:05:25:242&amp#27;[m [&amp#27;[30mTRACE&amp#27;[m] [id: 0xb21da692, L:/127.0.0.1:52679 - R:localhost/127.0.0.1:44632] WRITE: 0B
&amp#27;[35m22-11-29 16:05:25:242&amp#27;[m [&amp#27;[30mTRACE&amp#27;[m] [id: 0xb21da692, L:/127.0.0.1:52679 - R:localhost/127.0.0.1:44632] FLUSH
&amp#27;[35m22-11-29 16:05:25:254&amp#27;[m [&amp#27;[30mTRACE&amp#27;[m] [id: 0xb21da692, L:/127.0.0.1:52679 - R:localhost/127.0.0.1:44632] READ: 196B
         +-------------------------------------------------+
         |  0  1  2  3  4  5  6  7  8  9  a  b  c  d  e  f |
+--------+-------------------------------------------------+----------------+
|00000000| 48 54 54 50 2f 31 2e 31 20 32 30 30 20 4f 4b 0d |HTTP/1.1 200 OK.|
|00000010| 0a 43 6f 6e 74 65 6e 74 2d 4c 65 6e 67 74 68 3a |.Content-Length:|
|00000020| 38 38 0d 0a 43 6f 6e 74 65 6e 74 2d 54 79 70 65 |88..Content-Type|
|00000030| 3a 61 70 70 6c 69 63 61 74 69 6f 6e 2f 6a 73 6f |:application/jso|
|00000040| 6e 3b 20 63 68 61 72 73 65 74 3d 75 74 66 2d 38 |n; charset=utf-8|
|00000050| 0d 0a 63 61 63 68 65 2d 63 6f 6e 74 72 6f 6c 3a |..cache-control:|
|00000060| 6e 6f 2d 63 61 63 68 65 0d 0a 0d 0a 7b 22 76 61 |no-cache....{"va|
|00000070| 6c 75 65 22 3a 7b 22 65 6c 65 6d 65 6e 74 2d 36 |lue":{"element-6|
|00000080| 30 36 36 2d 31 31 65 34 2d 61 35 32 65 2d 34 66 |066-11e4-a52e-4f|
|00000090| 37 33 35 34 36 36 63 65 63 66 22 3a 22 39 61 38 |735466cecf":"9a8|
|000000a0| 31 36 62 34 63 2d 39 66 30 36 2d 34 32 36 34 2d |16b4c-9f06-4264-|
|000000b0| 61 65 37 64 2d 30 35 62 65 64 31 38 36 31 39 66 |ae7d-05bed18619f|
|000000c0| 65 22 7d 7d                                     |e"}}            |
+--------+-------------------------------------------------+----------------+
&amp#27;[35m22-11-29 16:05:25:255&amp#27;[m [&amp#27;[34mDEBUG&amp#27;[m] 

Request DefaultHttpRequest(decodeResult: success, version: HTTP/1.1)
POST /session/c221f94085f074930f6565b3a9356933/element HTTP/1.1
User-Agent: selenium/4.6.0 (java windows)
Content-Length: 96
Content-Type: application/json; charset=utf-8
host: localhost:44632
accept: */*

Response DefaultHttpResponse(decodeResult: success, version: HTTP/1.1)
HTTP/1.1 200 OK
Content-Type: application/json; charset=utf-8
cache-control: no-cache
content-length: 88

&amp#27;[35m22-11-29 16:05:25:255&amp#27;[m [&amp#27;[34mDEBUG&amp#27;[m] Adding key: http://localhost:44632 for channel [id: 0xb21da692, L:/127.0.0.1:52679 - R:localhost/127.0.0.1:44632]
&amp#27;[35m22-11-29 16:05:25:255&amp#27;[m [&amp#27;[30mTRACE&amp#27;[m] [id: 0xb21da692, L:/127.0.0.1:52679 - R:localhost/127.0.0.1:44632] READ COMPLETE
&amp#27;[35m22-11-29 16:05:25:257&amp#27;[m [&amp#27;[34mDEBUG&amp#27;[m] Using pooled Channel '[id: 0xb21da692, L:/127.0.0.1:52679 - R:localhost/127.0.0.1:44632]' for 'POST' to 'http://localhost:44632/session/c221f94085f074930f6565b3a9356933/element/9a816b4c-9f06-4264-ae7d-05bed18619fe/value'
&amp#27;[35m22-11-29 16:05:25:257&amp#27;[m [&amp#27;[34mDEBUG&amp#27;[m] Using open Channel [id: 0xb21da692, L:/127.0.0.1:52679 - R:localhost/127.0.0.1:44632] for POST '/session/c221f94085f074930f6565b3a9356933/element/9a816b4c-9f06-4264-ae7d-05bed18619fe/value'
&amp#27;[35m22-11-29 16:05:25:257&amp#27;[m [&amp#27;[30mTRACE&amp#27;[m] [id: 0xb21da692, L:/127.0.0.1:52679 - R:localhost/127.0.0.1:44632] WRITE: 257B
         +-------------------------------------------------+
         |  0  1  2  3  4  5  6  7  8  9  a  b  c  d  e  f |
+--------+-------------------------------------------------+----------------+
|00000000| 50 4f 53 54 20 2f 73 65 73 73 69 6f 6e 2f 63 32 |POST /session/c2|
|00000010| 32 31 66 39 34 30 38 35 66 30 37 34 39 33 30 66 |21f94085f074930f|
|00000020| 36 35 36 35 62 33 61 39 33 35 36 39 33 33 2f 65 |6565b3a9356933/e|
|00000030| 6c 65 6d 65 6e 74 2f 39 61 38 31 36 62 34 63 2d |lement/9a816b4c-|
|00000040| 39 66 30 36 2d 34 32 36 34 2d 61 65 37 64 2d 30 |9f06-4264-ae7d-0|
|00000050| 35 62 65 64 31 38 36 31 39 66 65 2f 76 61 6c 75 |5bed18619fe/valu|
|00000060| 65 20 48 54 54 50 2f 31 2e 31 0d 0a 55 73 65 72 |e HTTP/1.1..User|
|00000070| 2d 41 67 65 6e 74 3a 20 73 65 6c 65 6e 69 75 6d |-Agent: selenium|
|00000080| 2f 34 2e 36 2e 30 20 28 6a 61 76 61 20 77 69 6e |/4.6.0 (java win|
|00000090| 64 6f 77 73 29 0d 0a 43 6f 6e 74 65 6e 74 2d 4c |dows)..Content-L|
|000000a0| 65 6e 67 74 68 3a 20 31 32 31 0d 0a 43 6f 6e 74 |ength: 121..Cont|
|000000b0| 65 6e 74 2d 54 79 70 65 3a 20 61 70 70 6c 69 63 |ent-Type: applic|
|000000c0| 61 74 69 6f 6e 2f 6a 73 6f 6e 3b 20 63 68 61 72 |ation/json; char|
|000000d0| 73 65 74 3d 75 74 66 2d 38 0d 0a 68 6f 73 74 3a |set=utf-8..host:|
|000000e0| 20 6c 6f 63 61 6c 68 6f 73 74 3a 34 34 36 33 32 | localhost:44632|
|000000f0| 0d 0a 61 63 63 65 70 74 3a 20 2a 2f 2a 0d 0a 0d |..accept: */*...|
|00000100| 0a                                              |.               |
+--------+-------------------------------------------------+----------------+
&amp#27;[35m22-11-29 16:05:25:258&amp#27;[m [&amp#27;[30mTRACE&amp#27;[m] [id: 0xb21da692, L:/127.0.0.1:52679 - R:localhost/127.0.0.1:44632] WRITE: 121B
         +-------------------------------------------------+
         |  0  1  2  3  4  5  6  7  8  9  a  b  c  d  e  f |
+--------+-------------------------------------------------+----------------+
|00000000| 7b 0a 20 20 22 69 64 22 3a 20 22 39 61 38 31 36 |{.  "id": "9a816|
|00000010| 62 34 63 2d 39 66 30 36 2d 34 32 36 34 2d 61 65 |b4c-9f06-4264-ae|
|00000020| 37 64 2d 30 35 62 65 64 31 38 36 31 39 66 65 22 |7d-05bed18619fe"|
|00000030| 2c 0a 20 20 22 74 65 78 74 22 3a 20 22 4b 68 61 |,.  "text": "Kha|
|00000040| 6e 22 2c 0a 20 20 22 76 61 6c 75 65 22 3a 20 5b |n",.  "value": [|
|00000050| 0a 20 20 20 20 22 4b 22 2c 0a 20 20 20 20 22 68 |.    "K",.    "h|
|00000060| 22 2c 0a 20 20 20 20 22 61 22 2c 0a 20 20 20 20 |",.    "a",.    |
|00000070| 22 6e 22 0a 20 20 5d 0a 7d                      |"n".  ].}       |
+--------+-------------------------------------------------+----------------+
&amp#27;[35m22-11-29 16:05:25:258&amp#27;[m [&amp#27;[30mTRACE&amp#27;[m] [id: 0xb21da692, L:/127.0.0.1:52679 - R:localhost/127.0.0.1:44632] FLUSH
&amp#27;[35m22-11-29 16:05:25:258&amp#27;[m [&amp#27;[30mTRACE&amp#27;[m] [id: 0xb21da692, L:/127.0.0.1:52679 - R:localhost/127.0.0.1:44632] WRITE: 0B
&amp#27;[35m22-11-29 16:05:25:258&amp#27;[m [&amp#27;[30mTRACE&amp#27;[m] [id: 0xb21da692, L:/127.0.0.1:52679 - R:localhost/127.0.0.1:44632] FLUSH
&amp#27;[35m22-11-29 16:05:25:345&amp#27;[m [&amp#27;[30mTRACE&amp#27;[m] [id: 0xb21da692, L:/127.0.0.1:52679 - R:localhost/127.0.0.1:44632] READ: 122B
         +-------------------------------------------------+
         |  0  1  2  3  4  5  6  7  8  9  a  b  c  d  e  f |
+--------+-------------------------------------------------+----------------+
|00000000| 48 54 54 50 2f 31 2e 31 20 32 30 30 20 4f 4b 0d |HTTP/1.1 200 OK.|
|00000010| 0a 43 6f 6e 74 65 6e 74 2d 4c 65 6e 67 74 68 3a |.Content-Length:|
|00000020| 31 34 0d 0a 43 6f 6e 74 65 6e 74 2d 54 79 70 65 |14..Content-Type|
|00000030| 3a 61 70 70 6c 69 63 61 74 69 6f 6e 2f 6a 73 6f |:application/jso|
|00000040| 6e 3b 20 63 68 61 72 73 65 74 3d 75 74 66 2d 38 |n; charset=utf-8|
|00000050| 0d 0a 63 61 63 68 65 2d 63 6f 6e 74 72 6f 6c 3a |..cache-control:|
|00000060| 6e 6f 2d 63 61 63 68 65 0d 0a 0d 0a 7b 22 76 61 |no-cache....{"va|
|00000070| 6c 75 65 22 3a 6e 75 6c 6c 7d                   |lue":null}      |
+--------+-------------------------------------------------+----------------+
&amp#27;[35m22-11-29 16:05:25:346&amp#27;[m [&amp#27;[34mDEBUG&amp#27;[m] 

Request DefaultHttpRequest(decodeResult: success, version: HTTP/1.1)
POST /session/c221f94085f074930f6565b3a9356933/element/9a816b4c-9f06-4264-ae7d-05bed18619fe/value HTTP/1.1
User-Agent: selenium/4.6.0 (java windows)
Content-Length: 121
Content-Type: application/json; charset=utf-8
host: localhost:44632
accept: */*

Response DefaultHttpResponse(decodeResult: success, version: HTTP/1.1)
HTTP/1.1 200 OK
Content-Type: application/json; charset=utf-8
cache-control: no-cache
content-length: 14

&amp#27;[35m22-11-29 16:05:25:346&amp#27;[m [&amp#27;[34mDEBUG&amp#27;[m] Adding key: http://localhost:44632 for channel [id: 0xb21da692, L:/127.0.0.1:52679 - R:localhost/127.0.0.1:44632]
&amp#27;[35m22-11-29 16:05:25:346&amp#27;[m [&amp#27;[30mTRACE&amp#27;[m] [id: 0xb21da692, L:/127.0.0.1:52679 - R:localhost/127.0.0.1:44632] READ COMPLETE
&amp#27;[35m22-11-29 16:05:25:348&amp#27;[m [&amp#27;[34mDEBUG&amp#27;[m] Using pooled Channel '[id: 0xb21da692, L:/127.0.0.1:52679 - R:localhost/127.0.0.1:44632]' for 'POST' to 'http://localhost:44632/session/c221f94085f074930f6565b3a9356933/element'
&amp#27;[35m22-11-29 16:05:25:348&amp#27;[m [&amp#27;[34mDEBUG&amp#27;[m] Using open Channel [id: 0xb21da692, L:/127.0.0.1:52679 - R:localhost/127.0.0.1:44632] for POST '/session/c221f94085f074930f6565b3a9356933/element'
&amp#27;[35m22-11-29 16:05:25:348&amp#27;[m [&amp#27;[30mTRACE&amp#27;[m] [id: 0xb21da692, L:/127.0.0.1:52679 - R:localhost/127.0.0.1:44632] WRITE: 213B
         +-------------------------------------------------+
         |  0  1  2  3  4  5  6  7  8  9  a  b  c  d  e  f |
+--------+-------------------------------------------------+----------------+
|00000000| 50 4f 53 54 20 2f 73 65 73 73 69 6f 6e 2f 63 32 |POST /session/c2|
|00000010| 32 31 66 39 34 30 38 35 66 30 37 34 39 33 30 66 |21f94085f074930f|
|00000020| 36 35 36 35 62 33 61 39 33 35 36 39 33 33 2f 65 |6565b3a9356933/e|
|00000030| 6c 65 6d 65 6e 74 20 48 54 54 50 2f 31 2e 31 0d |lement HTTP/1.1.|
|00000040| 0a 55 73 65 72 2d 41 67 65 6e 74 3a 20 73 65 6c |.User-Agent: sel|
|00000050| 65 6e 69 75 6d 2f 34 2e 36 2e 30 20 28 6a 61 76 |enium/4.6.0 (jav|
|00000060| 61 20 77 69 6e 64 6f 77 73 29 0d 0a 43 6f 6e 74 |a windows)..Cont|
|00000070| 65 6e 74 2d 4c 65 6e 67 74 68 3a 20 39 38 0d 0a |ent-Length: 98..|
|00000080| 43 6f 6e 74 65 6e 74 2d 54 79 70 65 3a 20 61 70 |Content-Type: ap|
|00000090| 70 6c 69 63 61 74 69 6f 6e 2f 6a 73 6f 6e 3b 20 |plication/json; |
|000000a0| 63 68 61 72 73 65 74 3d 75 74 66 2d 38 0d 0a 68 |charset=utf-8..h|
|000000b0| 6f 73 74 3a 20 6c 6f 63 61 6c 68 6f 73 74 3a 34 |ost: localhost:4|
|000000c0| 34 36 33 32 0d 0a 61 63 63 65 70 74 3a 20 2a 2f |4632..accept: */|
|000000d0| 2a 0d 0a 0d 0a                                  |*....           |
+--------+-------------------------------------------------+----------------+
&amp#27;[35m22-11-29 16:05:25:349&amp#27;[m [&amp#27;[30mTRACE&amp#27;[m] [id: 0xb21da692, L:/127.0.0.1:52679 - R:localhost/127.0.0.1:44632] WRITE: 98B
         +-------------------------------------------------+
         |  0  1  2  3  4  5  6  7  8  9  a  b  c  d  e  f |
+--------+-------------------------------------------------+----------------+
|00000000| 7b 0a 20 20 22 75 73 69 6e 67 22 3a 20 22 78 70 |{.  "using": "xp|
|00000010| 61 74 68 22 2c 0a 20 20 22 76 61 6c 75 65 22 3a |ath",.  "value":|
|00000020| 20 22 5c 75 30 30 32 66 5c 75 30 30 32 66 69 6e | "\u002f\u002fin|
|00000030| 70 75 74 5b 40 6e 61 6d 65 3d 27 77 70 77 63 5f |put[@name='wpwc_|
|00000040| 63 75 73 74 6f 6d 5f 72 65 67 69 73 74 72 61 74 |custom_registrat|
|00000050| 69 6f 6e 5f 66 69 65 6c 64 5f 31 32 37 27 5d 22 |ion_field_127']"|
|00000060| 0a 7d                                           |.}              |
+--------+-------------------------------------------------+----------------+
&amp#27;[35m22-11-29 16:05:25:349&amp#27;[m [&amp#27;[30mTRACE&amp#27;[m] [id: 0xb21da692, L:/127.0.0.1:52679 - R:localhost/127.0.0.1:44632] FLUSH
&amp#27;[35m22-11-29 16:05:25:349&amp#27;[m [&amp#27;[30mTRACE&amp#27;[m] [id: 0xb21da692, L:/127.0.0.1:52679 - R:localhost/127.0.0.1:44632] WRITE: 0B
&amp#27;[35m22-11-29 16:05:25:349&amp#27;[m [&amp#27;[30mTRACE&amp#27;[m] [id: 0xb21da692, L:/127.0.0.1:52679 - R:localhost/127.0.0.1:44632] FLUSH
&amp#27;[35m22-11-29 16:05:25:357&amp#27;[m [&amp#27;[30mTRACE&amp#27;[m] [id: 0xb21da692, L:/127.0.0.1:52679 - R:localhost/127.0.0.1:44632] READ: 196B
         +-------------------------------------------------+
         |  0  1  2  3  4  5  6  7  8  9  a  b  c  d  e  f |
+--------+-------------------------------------------------+----------------+
|00000000| 48 54 54 50 2f 31 2e 31 20 32 30 30 20 4f 4b 0d |HTTP/1.1 200 OK.|
|00000010| 0a 43 6f 6e 74 65 6e 74 2d 4c 65 6e 67 74 68 3a |.Content-Length:|
|00000020| 38 38 0d 0a 43 6f 6e 74 65 6e 74 2d 54 79 70 65 |88..Content-Type|
|00000030| 3a 61 70 70 6c 69 63 61 74 69 6f 6e 2f 6a 73 6f |:application/jso|
|00000040| 6e 3b 20 63 68 61 72 73 65 74 3d 75 74 66 2d 38 |n; charset=utf-8|
|00000050| 0d 0a 63 61 63 68 65 2d 63 6f 6e 74 72 6f 6c 3a |..cache-control:|
|00000060| 6e 6f 2d 63 61 63 68 65 0d 0a 0d 0a 7b 22 76 61 |no-cache....{"va|
|00000070| 6c 75 65 22 3a 7b 22 65 6c 65 6d 65 6e 74 2d 36 |lue":{"element-6|
|00000080| 30 36 36 2d 31 31 65 34 2d 61 35 32 65 2d 34 66 |066-11e4-a52e-4f|
|00000090| 37 33 35 34 36 36 63 65 63 66 22 3a 22 62 31 38 |735466cecf":"b18|
|000000a0| 32 34 65 33 32 2d 34 38 38 66 2d 34 61 32 66 2d |24e32-488f-4a2f-|
|000000b0| 62 34 65 32 2d 63 63 34 61 33 30 39 31 32 66 65 |b4e2-cc4a30912fe|
|000000c0| 32 22 7d 7d                                     |2"}}            |
+--------+-------------------------------------------------+----------------+
&amp#27;[35m22-11-29 16:05:25:357&amp#27;[m [&amp#27;[34mDEBUG&amp#27;[m] 

Request DefaultHttpRequest(decodeResult: success, version: HTTP/1.1)
POST /session/c221f94085f074930f6565b3a9356933/element HTTP/1.1
User-Agent: selenium/4.6.0 (java windows)
Content-Length: 98
Content-Type: application/json; charset=utf-8
host: localhost:44632
accept: */*

Response DefaultHttpResponse(decodeResult: success, version: HTTP/1.1)
HTTP/1.1 200 OK
Content-Type: application/json; charset=utf-8
cache-control: no-cache
content-length: 88

&amp#27;[35m22-11-29 16:05:25:358&amp#27;[m [&amp#27;[34mDEBUG&amp#27;[m] Adding key: http://localhost:44632 for channel [id: 0xb21da692, L:/127.0.0.1:52679 - R:localhost/127.0.0.1:44632]
&amp#27;[35m22-11-29 16:05:25:358&amp#27;[m [&amp#27;[30mTRACE&amp#27;[m] [id: 0xb21da692, L:/127.0.0.1:52679 - R:localhost/127.0.0.1:44632] READ COMPLETE
&amp#27;[35m22-11-29 16:05:25:363&amp#27;[m [&amp#27;[34mDEBUG&amp#27;[m] Using pooled Channel '[id: 0xb21da692, L:/127.0.0.1:52679 - R:localhost/127.0.0.1:44632]' for 'POST' to 'http://localhost:44632/session/c221f94085f074930f6565b3a9356933/element/b1824e32-488f-4a2f-b4e2-cc4a30912fe2/value'
&amp#27;[35m22-11-29 16:05:25:363&amp#27;[m [&amp#27;[34mDEBUG&amp#27;[m] Using open Channel [id: 0xb21da692, L:/127.0.0.1:52679 - R:localhost/127.0.0.1:44632] for POST '/session/c221f94085f074930f6565b3a9356933/element/b1824e32-488f-4a2f-b4e2-cc4a30912fe2/value'
&amp#27;[35m22-11-29 16:05:25:364&amp#27;[m [&amp#27;[30mTRACE&amp#27;[m] [id: 0xb21da692, L:/127.0.0.1:52679 - R:localhost/127.0.0.1:44632] WRITE: 257B
         +-------------------------------------------------+
         |  0  1  2  3  4  5  6  7  8  9  a  b  c  d  e  f |
+--------+-------------------------------------------------+----------------+
|00000000| 50 4f 53 54 20 2f 73 65 73 73 69 6f 6e 2f 63 32 |POST /session/c2|
|00000010| 32 31 66 39 34 30 38 35 66 30 37 34 39 33 30 66 |21f94085f074930f|
|00000020| 36 35 36 35 62 33 61 39 33 35 36 39 33 33 2f 65 |6565b3a9356933/e|
|00000030| 6c 65 6d 65 6e 74 2f 62 31 38 32 34 65 33 32 2d |lement/b1824e32-|
|00000040| 34 38 38 66 2d 34 61 32 66 2d 62 34 65 32 2d 63 |488f-4a2f-b4e2-c|
|00000050| 63 34 61 33 30 39 31 32 66 65 32 2f 76 61 6c 75 |c4a30912fe2/valu|
|00000060| 65 20 48 54 54 50 2f 31 2e 31 0d 0a 55 73 65 72 |e HTTP/1.1..User|
|00000070| 2d 41 67 65 6e 74 3a 20 73 65 6c 65 6e 69 75 6d |-Agent: selenium|
|00000080| 2f 34 2e 36 2e 30 20 28 6a 61 76 61 20 77 69 6e |/4.6.0 (java win|
|00000090| 64 6f 77 73 29 0d 0a 43 6f 6e 74 65 6e 74 2d 4c |dows)..Content-L|
|000000a0| 65 6e 67 74 68 3a 20 31 35 31 0d 0a 43 6f 6e 74 |ength: 151..Cont|
|000000b0| 65 6e 74 2d 54 79 70 65 3a 20 61 70 70 6c 69 63 |ent-Type: applic|
|000000c0| 61 74 69 6f 6e 2f 6a 73 6f 6e 3b 20 63 68 61 72 |ation/json; char|
|000000d0| 73 65 74 3d 75 74 66 2d 38 0d 0a 68 6f 73 74 3a |set=utf-8..host:|
|000000e0| 20 6c 6f 63 61 6c 68 6f 73 74 3a 34 34 36 33 32 | localhost:44632|
|000000f0| 0d 0a 61 63 63 65 70 74 3a 20 2a 2f 2a 0d 0a 0d |..accept: */*...|
|00000100| 0a                                              |.               |
+--------+-------------------------------------------------+----------------+
&amp#27;[35m22-11-29 16:05:25:364&amp#27;[m [&amp#27;[30mTRACE&amp#27;[m] [id: 0xb21da692, L:/127.0.0.1:52679 - R:localhost/127.0.0.1:44632] WRITE: 151B
         +-------------------------------------------------+
         |  0  1  2  3  4  5  6  7  8  9  a  b  c  d  e  f |
+--------+-------------------------------------------------+----------------+
|00000000| 7b 0a 20 20 22 69 64 22 3a 20 22 62 31 38 32 34 |{.  "id": "b1824|
|00000010| 65 33 32 2d 34 38 38 66 2d 34 61 32 66 2d 62 34 |e32-488f-4a2f-b4|
|00000020| 65 32 2d 63 63 34 61 33 30 39 31 32 66 65 32 22 |e2-cc4a30912fe2"|
|00000030| 2c 0a 20 20 22 74 65 78 74 22 3a 20 22 54 61 6b |,.  "text": "Tak|
|00000040| 77 69 6c 61 22 2c 0a 20 20 22 76 61 6c 75 65 22 |wila",.  "value"|
|00000050| 3a 20 5b 0a 20 20 20 20 22 54 22 2c 0a 20 20 20 |: [.    "T",.   |
|00000060| 20 22 61 22 2c 0a 20 20 20 20 22 6b 22 2c 0a 20 | "a",.    "k",. |
|00000070| 20 20 20 22 77 22 2c 0a 20 20 20 20 22 69 22 2c |   "w",.    "i",|
|00000080| 0a 20 20 20 20 22 6c 22 2c 0a 20 20 20 20 22 61 |.    "l",.    "a|
|00000090| 22 0a 20 20 5d 0a 7d                            |".  ].}         |
+--------+-------------------------------------------------+----------------+
&amp#27;[35m22-11-29 16:05:25:364&amp#27;[m [&amp#27;[30mTRACE&amp#27;[m] [id: 0xb21da692, L:/127.0.0.1:52679 - R:localhost/127.0.0.1:44632] FLUSH
&amp#27;[35m22-11-29 16:05:25:364&amp#27;[m [&amp#27;[30mTRACE&amp#27;[m] [id: 0xb21da692, L:/127.0.0.1:52679 - R:localhost/127.0.0.1:44632] WRITE: 0B
&amp#27;[35m22-11-29 16:05:25:364&amp#27;[m [&amp#27;[30mTRACE&amp#27;[m] [id: 0xb21da692, L:/127.0.0.1:52679 - R:localhost/127.0.0.1:44632] FLUSH
&amp#27;[35m22-11-29 16:05:25:425&amp#27;[m [&amp#27;[30mTRACE&amp#27;[m] [id: 0xb21da692, L:/127.0.0.1:52679 - R:localhost/127.0.0.1:44632] READ: 122B
         +-------------------------------------------------+
         |  0  1  2  3  4  5  6  7  8  9  a  b  c  d  e  f |
+--------+-------------------------------------------------+----------------+
|00000000| 48 54 54 50 2f 31 2e 31 20 32 30 30 20 4f 4b 0d |HTTP/1.1 200 OK.|
|00000010| 0a 43 6f 6e 74 65 6e 74 2d 4c 65 6e 67 74 68 3a |.Content-Length:|
|00000020| 31 34 0d 0a 43 6f 6e 74 65 6e 74 2d 54 79 70 65 |14..Content-Type|
|00000030| 3a 61 70 70 6c 69 63 61 74 69 6f 6e 2f 6a 73 6f |:application/jso|
|00000040| 6e 3b 20 63 68 61 72 73 65 74 3d 75 74 66 2d 38 |n; charset=utf-8|
|00000050| 0d 0a 63 61 63 68 65 2d 63 6f 6e 74 72 6f 6c 3a |..cache-control:|
|00000060| 6e 6f 2d 63 61 63 68 65 0d 0a 0d 0a 7b 22 76 61 |no-cache....{"va|
|00000070| 6c 75 65 22 3a 6e 75 6c 6c 7d                   |lue":null}      |
+--------+-------------------------------------------------+----------------+
&amp#27;[35m22-11-29 16:05:25:426&amp#27;[m [&amp#27;[34mDEBUG&amp#27;[m] 

Request DefaultHttpRequest(decodeResult: success, version: HTTP/1.1)
POST /session/c221f94085f074930f6565b3a9356933/element/b1824e32-488f-4a2f-b4e2-cc4a30912fe2/value HTTP/1.1
User-Agent: selenium/4.6.0 (java windows)
Content-Length: 151
Content-Type: application/json; charset=utf-8
host: localhost:44632
accept: */*

Response DefaultHttpResponse(decodeResult: success, version: HTTP/1.1)
HTTP/1.1 200 OK
Content-Type: application/json; charset=utf-8
cache-control: no-cache
content-length: 14

&amp#27;[35m22-11-29 16:05:25:427&amp#27;[m [&amp#27;[34mDEBUG&amp#27;[m] Adding key: http://localhost:44632 for channel [id: 0xb21da692, L:/127.0.0.1:52679 - R:localhost/127.0.0.1:44632]
&amp#27;[35m22-11-29 16:05:25:427&amp#27;[m [&amp#27;[30mTRACE&amp#27;[m] [id: 0xb21da692, L:/127.0.0.1:52679 - R:localhost/127.0.0.1:44632] READ COMPLETE
&amp#27;[35m22-11-29 16:05:25:431&amp#27;[m [&amp#27;[34mDEBUG&amp#27;[m] Using pooled Channel '[id: 0xb21da692, L:/127.0.0.1:52679 - R:localhost/127.0.0.1:44632]' for 'POST' to 'http://localhost:44632/session/c221f94085f074930f6565b3a9356933/element'
&amp#27;[35m22-11-29 16:05:25:431&amp#27;[m [&amp#27;[34mDEBUG&amp#27;[m] Using open Channel [id: 0xb21da692, L:/127.0.0.1:52679 - R:localhost/127.0.0.1:44632] for POST '/session/c221f94085f074930f6565b3a9356933/element'
&amp#27;[35m22-11-29 16:05:25:432&amp#27;[m [&amp#27;[30mTRACE&amp#27;[m] [id: 0xb21da692, L:/127.0.0.1:52679 - R:localhost/127.0.0.1:44632] WRITE: 213B
         +-------------------------------------------------+
         |  0  1  2  3  4  5  6  7  8  9  a  b  c  d  e  f |
+--------+-------------------------------------------------+----------------+
|00000000| 50 4f 53 54 20 2f 73 65 73 73 69 6f 6e 2f 63 32 |POST /session/c2|
|00000010| 32 31 66 39 34 30 38 35 66 30 37 34 39 33 30 66 |21f94085f074930f|
|00000020| 36 35 36 35 62 33 61 39 33 35 36 39 33 33 2f 65 |6565b3a9356933/e|
|00000030| 6c 65 6d 65 6e 74 20 48 54 54 50 2f 31 2e 31 0d |lement HTTP/1.1.|
|00000040| 0a 55 73 65 72 2d 41 67 65 6e 74 3a 20 73 65 6c |.User-Agent: sel|
|00000050| 65 6e 69 75 6d 2f 34 2e 36 2e 30 20 28 6a 61 76 |enium/4.6.0 (jav|
|00000060| 61 20 77 69 6e 64 6f 77 73 29 0d 0a 43 6f 6e 74 |a windows)..Cont|
|00000070| 65 6e 74 2d 4c 65 6e 67 74 68 3a 20 36 39 0d 0a |ent-Length: 69..|
|00000080| 43 6f 6e 74 65 6e 74 2d 54 79 70 65 3a 20 61 70 |Content-Type: ap|
|00000090| 70 6c 69 63 61 74 69 6f 6e 2f 6a 73 6f 6e 3b 20 |plication/json; |
|000000a0| 63 68 61 72 73 65 74 3d 75 74 66 2d 38 0d 0a 68 |charset=utf-8..h|
|000000b0| 6f 73 74 3a 20 6c 6f 63 61 6c 68 6f 73 74 3a 34 |ost: localhost:4|
|000000c0| 34 36 33 32 0d 0a 61 63 63 65 70 74 3a 20 2a 2f |4632..accept: */|
|000000d0| 2a 0d 0a 0d 0a                                  |*....           |
+--------+-------------------------------------------------+----------------+
&amp#27;[35m22-11-29 16:05:25:432&amp#27;[m [&amp#27;[30mTRACE&amp#27;[m] [id: 0xb21da692, L:/127.0.0.1:52679 - R:localhost/127.0.0.1:44632] WRITE: 69B
         +-------------------------------------------------+
         |  0  1  2  3  4  5  6  7  8  9  a  b  c  d  e  f |
+--------+-------------------------------------------------+----------------+
|00000000| 7b 0a 20 20 22 75 73 69 6e 67 22 3a 20 22 78 70 |{.  "using": "xp|
|00000010| 61 74 68 22 2c 0a 20 20 22 76 61 6c 75 65 22 3a |ath",.  "value":|
|00000020| 20 22 5c 75 30 30 32 66 5c 75 30 30 32 66 69 6e | "\u002f\u002fin|
|00000030| 70 75 74 5b 40 6e 61 6d 65 3d 27 65 6d 61 69 6c |put[@name='email|
|00000040| 27 5d 22 0a 7d                                  |']".}           |
+--------+-------------------------------------------------+----------------+
&amp#27;[35m22-11-29 16:05:25:432&amp#27;[m [&amp#27;[30mTRACE&amp#27;[m] [id: 0xb21da692, L:/127.0.0.1:52679 - R:localhost/127.0.0.1:44632] FLUSH
&amp#27;[35m22-11-29 16:05:25:432&amp#27;[m [&amp#27;[30mTRACE&amp#27;[m] [id: 0xb21da692, L:/127.0.0.1:52679 - R:localhost/127.0.0.1:44632] WRITE: 0B
&amp#27;[35m22-11-29 16:05:25:432&amp#27;[m [&amp#27;[30mTRACE&amp#27;[m] [id: 0xb21da692, L:/127.0.0.1:52679 - R:localhost/127.0.0.1:44632] FLUSH
&amp#27;[35m22-11-29 16:05:25:437&amp#27;[m [&amp#27;[30mTRACE&amp#27;[m] [id: 0xb21da692, L:/127.0.0.1:52679 - R:localhost/127.0.0.1:44632] READ: 196B
         +-------------------------------------------------+
         |  0  1  2  3  4  5  6  7  8  9  a  b  c  d  e  f |
+--------+-------------------------------------------------+----------------+
|00000000| 48 54 54 50 2f 31 2e 31 20 32 30 30 20 4f 4b 0d |HTTP/1.1 200 OK.|
|00000010| 0a 43 6f 6e 74 65 6e 74 2d 4c 65 6e 67 74 68 3a |.Content-Length:|
|00000020| 38 38 0d 0a 43 6f 6e 74 65 6e 74 2d 54 79 70 65 |88..Content-Type|
|00000030| 3a 61 70 70 6c 69 63 61 74 69 6f 6e 2f 6a 73 6f |:application/jso|
|00000040| 6e 3b 20 63 68 61 72 73 65 74 3d 75 74 66 2d 38 |n; charset=utf-8|
|00000050| 0d 0a 63 61 63 68 65 2d 63 6f 6e 74 72 6f 6c 3a |..cache-control:|
|00000060| 6e 6f 2d 63 61 63 68 65 0d 0a 0d 0a 7b 22 76 61 |no-cache....{"va|
|00000070| 6c 75 65 22 3a 7b 22 65 6c 65 6d 65 6e 74 2d 36 |lue":{"element-6|
|00000080| 30 36 36 2d 31 31 65 34 2d 61 35 32 65 2d 34 66 |066-11e4-a52e-4f|
|00000090| 37 33 35 34 36 36 63 65 63 66 22 3a 22 61 62 63 |735466cecf":"abc|
|000000a0| 39 35 33 63 34 2d 61 34 37 39 2d 34 63 37 62 2d |953c4-a479-4c7b-|
|000000b0| 61 65 33 37 2d 62 32 61 33 62 39 64 61 65 34 66 |ae37-b2a3b9dae4f|
|000000c0| 62 22 7d 7d                                     |b"}}            |
+--------+-------------------------------------------------+----------------+
&amp#27;[35m22-11-29 16:05:25:438&amp#27;[m [&amp#27;[34mDEBUG&amp#27;[m] 

Request DefaultHttpRequest(decodeResult: success, version: HTTP/1.1)
POST /session/c221f94085f074930f6565b3a9356933/element HTTP/1.1
User-Agent: selenium/4.6.0 (java windows)
Content-Length: 69
Content-Type: application/json; charset=utf-8
host: localhost:44632
accept: */*

Response DefaultHttpResponse(decodeResult: success, version: HTTP/1.1)
HTTP/1.1 200 OK
Content-Type: application/json; charset=utf-8
cache-control: no-cache
content-length: 88

&amp#27;[35m22-11-29 16:05:25:438&amp#27;[m [&amp#27;[34mDEBUG&amp#27;[m] Adding key: http://localhost:44632 for channel [id: 0xb21da692, L:/127.0.0.1:52679 - R:localhost/127.0.0.1:44632]
&amp#27;[35m22-11-29 16:05:25:438&amp#27;[m [&amp#27;[30mTRACE&amp#27;[m] [id: 0xb21da692, L:/127.0.0.1:52679 - R:localhost/127.0.0.1:44632] READ COMPLETE
&amp#27;[35m22-11-29 16:05:25:440&amp#27;[m [&amp#27;[34mDEBUG&amp#27;[m] Using pooled Channel '[id: 0xb21da692, L:/127.0.0.1:52679 - R:localhost/127.0.0.1:44632]' for 'POST' to 'http://localhost:44632/session/c221f94085f074930f6565b3a9356933/element/abc953c4-a479-4c7b-ae37-b2a3b9dae4fb/value'
&amp#27;[35m22-11-29 16:05:25:440&amp#27;[m [&amp#27;[34mDEBUG&amp#27;[m] Using open Channel [id: 0xb21da692, L:/127.0.0.1:52679 - R:localhost/127.0.0.1:44632] for POST '/session/c221f94085f074930f6565b3a9356933/element/abc953c4-a479-4c7b-ae37-b2a3b9dae4fb/value'
&amp#27;[35m22-11-29 16:05:25:440&amp#27;[m [&amp#27;[30mTRACE&amp#27;[m] [id: 0xb21da692, L:/127.0.0.1:52679 - R:localhost/127.0.0.1:44632] WRITE: 257B
         +-------------------------------------------------+
         |  0  1  2  3  4  5  6  7  8  9  a  b  c  d  e  f |
+--------+-------------------------------------------------+----------------+
|00000000| 50 4f 53 54 20 2f 73 65 73 73 69 6f 6e 2f 63 32 |POST /session/c2|
|00000010| 32 31 66 39 34 30 38 35 66 30 37 34 39 33 30 66 |21f94085f074930f|
|00000020| 36 35 36 35 62 33 61 39 33 35 36 39 33 33 2f 65 |6565b3a9356933/e|
|00000030| 6c 65 6d 65 6e 74 2f 61 62 63 39 35 33 63 34 2d |lement/abc953c4-|
|00000040| 61 34 37 39 2d 34 63 37 62 2d 61 65 33 37 2d 62 |a479-4c7b-ae37-b|
|00000050| 32 61 33 62 39 64 61 65 34 66 62 2f 76 61 6c 75 |2a3b9dae4fb/valu|
|00000060| 65 20 48 54 54 50 2f 31 2e 31 0d 0a 55 73 65 72 |e HTTP/1.1..User|
|00000070| 2d 41 67 65 6e 74 3a 20 73 65 6c 65 6e 69 75 6d |-Agent: selenium|
|00000080| 2f 34 2e 36 2e 30 20 28 6a 61 76 61 20 77 69 6e |/4.6.0 (java win|
|00000090| 64 6f 77 73 29 0d 0a 43 6f 6e 74 65 6e 74 2d 4c |dows)..Content-L|
|000000a0| 65 6e 67 74 68 3a 20 32 32 31 0d 0a 43 6f 6e 74 |ength: 221..Cont|
|000000b0| 65 6e 74 2d 54 79 70 65 3a 20 61 70 70 6c 69 63 |ent-Type: applic|
|000000c0| 61 74 69 6f 6e 2f 6a 73 6f 6e 3b 20 63 68 61 72 |ation/json; char|
|000000d0| 73 65 74 3d 75 74 66 2d 38 0d 0a 68 6f 73 74 3a |set=utf-8..host:|
|000000e0| 20 6c 6f 63 61 6c 68 6f 73 74 3a 34 34 36 33 32 | localhost:44632|
|000000f0| 0d 0a 61 63 63 65 70 74 3a 20 2a 2f 2a 0d 0a 0d |..accept: */*...|
|00000100| 0a                                              |.               |
+--------+-------------------------------------------------+----------------+
&amp#27;[35m22-11-29 16:05:25:441&amp#27;[m [&amp#27;[30mTRACE&amp#27;[m] [id: 0xb21da692, L:/127.0.0.1:52679 - R:localhost/127.0.0.1:44632] WRITE: 221B
         +-------------------------------------------------+
         |  0  1  2  3  4  5  6  7  8  9  a  b  c  d  e  f |
+--------+-------------------------------------------------+----------------+
|00000000| 7b 0a 20 20 22 69 64 22 3a 20 22 61 62 63 39 35 |{.  "id": "abc95|
|00000010| 33 63 34 2d 61 34 37 39 2d 34 63 37 62 2d 61 65 |3c4-a479-4c7b-ae|
|00000020| 33 37 2d 62 32 61 33 62 39 64 61 65 34 66 62 22 |37-b2a3b9dae4fb"|
|00000030| 2c 0a 20 20 22 74 65 78 74 22 3a 20 22 6b 68 61 |,.  "text": "kha|
|00000040| 6e 40 79 61 68 6f 6f 2e 63 6f 6d 22 2c 0a 20 20 |n@yahoo.com",.  |
|00000050| 22 76 61 6c 75 65 22 3a 20 5b 0a 20 20 20 20 22 |"value": [.    "|
|00000060| 6b 22 2c 0a 20 20 20 20 22 68 22 2c 0a 20 20 20 |k",.    "h",.   |
|00000070| 20 22 61 22 2c 0a 20 20 20 20 22 6e 22 2c 0a 20 | "a",.    "n",. |
|00000080| 20 20 20 22 40 22 2c 0a 20 20 20 20 22 79 22 2c |   "@",.    "y",|
|00000090| 0a 20 20 20 20 22 61 22 2c 0a 20 20 20 20 22 68 |.    "a",.    "h|
|000000a0| 22 2c 0a 20 20 20 20 22 6f 22 2c 0a 20 20 20 20 |",.    "o",.    |
|000000b0| 22 6f 22 2c 0a 20 20 20 20 22 2e 22 2c 0a 20 20 |"o",.    ".",.  |
|000000c0| 20 20 22 63 22 2c 0a 20 20 20 20 22 6f 22 2c 0a |  "c",.    "o",.|
|000000d0| 20 20 20 20 22 6d 22 0a 20 20 5d 0a 7d          |    "m".  ].}   |
+--------+-------------------------------------------------+----------------+
&amp#27;[35m22-11-29 16:05:25:441&amp#27;[m [&amp#27;[30mTRACE&amp#27;[m] [id: 0xb21da692, L:/127.0.0.1:52679 - R:localhost/127.0.0.1:44632] FLUSH
&amp#27;[35m22-11-29 16:05:25:441&amp#27;[m [&amp#27;[30mTRACE&amp#27;[m] [id: 0xb21da692, L:/127.0.0.1:52679 - R:localhost/127.0.0.1:44632] WRITE: 0B
&amp#27;[35m22-11-29 16:05:25:441&amp#27;[m [&amp#27;[30mTRACE&amp#27;[m] [id: 0xb21da692, L:/127.0.0.1:52679 - R:localhost/127.0.0.1:44632] FLUSH
&amp#27;[35m22-11-29 16:05:25:496&amp#27;[m [&amp#27;[30mTRACE&amp#27;[m] [id: 0xb21da692, L:/127.0.0.1:52679 - R:localhost/127.0.0.1:44632] READ: 122B
         +-------------------------------------------------+
         |  0  1  2  3  4  5  6  7  8  9  a  b  c  d  e  f |
+--------+-------------------------------------------------+----------------+
|00000000| 48 54 54 50 2f 31 2e 31 20 32 30 30 20 4f 4b 0d |HTTP/1.1 200 OK.|
|00000010| 0a 43 6f 6e 74 65 6e 74 2d 4c 65 6e 67 74 68 3a |.Content-Length:|
|00000020| 31 34 0d 0a 43 6f 6e 74 65 6e 74 2d 54 79 70 65 |14..Content-Type|
|00000030| 3a 61 70 70 6c 69 63 61 74 69 6f 6e 2f 6a 73 6f |:application/jso|
|00000040| 6e 3b 20 63 68 61 72 73 65 74 3d 75 74 66 2d 38 |n; charset=utf-8|
|00000050| 0d 0a 63 61 63 68 65 2d 63 6f 6e 74 72 6f 6c 3a |..cache-control:|
|00000060| 6e 6f 2d 63 61 63 68 65 0d 0a 0d 0a 7b 22 76 61 |no-cache....{"va|
|00000070| 6c 75 65 22 3a 6e 75 6c 6c 7d                   |lue":null}      |
+--------+-------------------------------------------------+----------------+
&amp#27;[35m22-11-29 16:05:25:496&amp#27;[m [&amp#27;[34mDEBUG&amp#27;[m] 

Request DefaultHttpRequest(decodeResult: success, version: HTTP/1.1)
POST /session/c221f94085f074930f6565b3a9356933/element/abc953c4-a479-4c7b-ae37-b2a3b9dae4fb/value HTTP/1.1
User-Agent: selenium/4.6.0 (java windows)
Content-Length: 221
Content-Type: application/json; charset=utf-8
host: localhost:44632
accept: */*

Response DefaultHttpResponse(decodeResult: success, version: HTTP/1.1)
HTTP/1.1 200 OK
Content-Type: application/json; charset=utf-8
cache-control: no-cache
content-length: 14

&amp#27;[35m22-11-29 16:05:25:496&amp#27;[m [&amp#27;[34mDEBUG&amp#27;[m] Adding key: http://localhost:44632 for channel [id: 0xb21da692, L:/127.0.0.1:52679 - R:localhost/127.0.0.1:44632]
&amp#27;[35m22-11-29 16:05:25:496&amp#27;[m [&amp#27;[30mTRACE&amp#27;[m] [id: 0xb21da692, L:/127.0.0.1:52679 - R:localhost/127.0.0.1:44632] READ COMPLETE
&amp#27;[35m22-11-29 16:05:25:498&amp#27;[m [&amp#27;[34mDEBUG&amp#27;[m] Using pooled Channel '[id: 0xb21da692, L:/127.0.0.1:52679 - R:localhost/127.0.0.1:44632]' for 'POST' to 'http://localhost:44632/session/c221f94085f074930f6565b3a9356933/element'
&amp#27;[35m22-11-29 16:05:25:498&amp#27;[m [&amp#27;[34mDEBUG&amp#27;[m] Using open Channel [id: 0xb21da692, L:/127.0.0.1:52679 - R:localhost/127.0.0.1:44632] for POST '/session/c221f94085f074930f6565b3a9356933/element'
&amp#27;[35m22-11-29 16:05:25:498&amp#27;[m [&amp#27;[30mTRACE&amp#27;[m] [id: 0xb21da692, L:/127.0.0.1:52679 - R:localhost/127.0.0.1:44632] WRITE: 213B
         +-------------------------------------------------+
         |  0  1  2  3  4  5  6  7  8  9  a  b  c  d  e  f |
+--------+-------------------------------------------------+----------------+
|00000000| 50 4f 53 54 20 2f 73 65 73 73 69 6f 6e 2f 63 32 |POST /session/c2|
|00000010| 32 31 66 39 34 30 38 35 66 30 37 34 39 33 30 66 |21f94085f074930f|
|00000020| 36 35 36 35 62 33 61 39 33 35 36 39 33 33 2f 65 |6565b3a9356933/e|
|00000030| 6c 65 6d 65 6e 74 20 48 54 54 50 2f 31 2e 31 0d |lement HTTP/1.1.|
|00000040| 0a 55 73 65 72 2d 41 67 65 6e 74 3a 20 73 65 6c |.User-Agent: sel|
|00000050| 65 6e 69 75 6d 2f 34 2e 36 2e 30 20 28 6a 61 76 |enium/4.6.0 (jav|
|00000060| 61 20 77 69 6e 64 6f 77 73 29 0d 0a 43 6f 6e 74 |a windows)..Cont|
|00000070| 65 6e 74 2d 4c 65 6e 67 74 68 3a 20 37 34 0d 0a |ent-Length: 74..|
|00000080| 43 6f 6e 74 65 6e 74 2d 54 79 70 65 3a 20 61 70 |Content-Type: ap|
|00000090| 70 6c 69 63 61 74 69 6f 6e 2f 6a 73 6f 6e 3b 20 |plication/json; |
|000000a0| 63 68 61 72 73 65 74 3d 75 74 66 2d 38 0d 0a 68 |charset=utf-8..h|
|000000b0| 6f 73 74 3a 20 6c 6f 63 61 6c 68 6f 73 74 3a 34 |ost: localhost:4|
|000000c0| 34 36 33 32 0d 0a 61 63 63 65 70 74 3a 20 2a 2f |4632..accept: */|
|000000d0| 2a 0d 0a 0d 0a                                  |*....           |
+--------+-------------------------------------------------+----------------+
&amp#27;[35m22-11-29 16:05:25:499&amp#27;[m [&amp#27;[30mTRACE&amp#27;[m] [id: 0xb21da692, L:/127.0.0.1:52679 - R:localhost/127.0.0.1:44632] WRITE: 74B
         +-------------------------------------------------+
         |  0  1  2  3  4  5  6  7  8  9  a  b  c  d  e  f |
+--------+-------------------------------------------------+----------------+
|00000000| 7b 0a 20 20 22 75 73 69 6e 67 22 3a 20 22 78 70 |{.  "using": "xp|
|00000010| 61 74 68 22 2c 0a 20 20 22 76 61 6c 75 65 22 3a |ath",.  "value":|
|00000020| 20 22 5c 75 30 30 32 66 5c 75 30 30 32 66 69 6e | "\u002f\u002fin|
|00000030| 70 75 74 5b 40 69 64 3d 27 72 65 67 5f 70 61 73 |put[@id='reg_pas|
|00000040| 73 77 6f 72 64 27 5d 22 0a 7d                   |sword']".}      |
+--------+-------------------------------------------------+----------------+
&amp#27;[35m22-11-29 16:05:25:499&amp#27;[m [&amp#27;[30mTRACE&amp#27;[m] [id: 0xb21da692, L:/127.0.0.1:52679 - R:localhost/127.0.0.1:44632] FLUSH
&amp#27;[35m22-11-29 16:05:25:499&amp#27;[m [&amp#27;[30mTRACE&amp#27;[m] [id: 0xb21da692, L:/127.0.0.1:52679 - R:localhost/127.0.0.1:44632] WRITE: 0B
&amp#27;[35m22-11-29 16:05:25:499&amp#27;[m [&amp#27;[30mTRACE&amp#27;[m] [id: 0xb21da692, L:/127.0.0.1:52679 - R:localhost/127.0.0.1:44632] FLUSH
&amp#27;[35m22-11-29 16:05:25:505&amp#27;[m [&amp#27;[30mTRACE&amp#27;[m] [id: 0xb21da692, L:/127.0.0.1:52679 - R:localhost/127.0.0.1:44632] READ: 196B
         +-------------------------------------------------+
         |  0  1  2  3  4  5  6  7  8  9  a  b  c  d  e  f |
+--------+-------------------------------------------------+----------------+
|00000000| 48 54 54 50 2f 31 2e 31 20 32 30 30 20 4f 4b 0d |HTTP/1.1 200 OK.|
|00000010| 0a 43 6f 6e 74 65 6e 74 2d 4c 65 6e 67 74 68 3a |.Content-Length:|
|00000020| 38 38 0d 0a 43 6f 6e 74 65 6e 74 2d 54 79 70 65 |88..Content-Type|
|00000030| 3a 61 70 70 6c 69 63 61 74 69 6f 6e 2f 6a 73 6f |:application/jso|
|00000040| 6e 3b 20 63 68 61 72 73 65 74 3d 75 74 66 2d 38 |n; charset=utf-8|
|00000050| 0d 0a 63 61 63 68 65 2d 63 6f 6e 74 72 6f 6c 3a |..cache-control:|
|00000060| 6e 6f 2d 63 61 63 68 65 0d 0a 0d 0a 7b 22 76 61 |no-cache....{"va|
|00000070| 6c 75 65 22 3a 7b 22 65 6c 65 6d 65 6e 74 2d 36 |lue":{"element-6|
|00000080| 30 36 36 2d 31 31 65 34 2d 61 35 32 65 2d 34 66 |066-11e4-a52e-4f|
|00000090| 37 33 35 34 36 36 63 65 63 66 22 3a 22 30 39 64 |735466cecf":"09d|
|000000a0| 66 32 37 34 34 2d 62 39 33 32 2d 34 32 66 61 2d |f2744-b932-42fa-|
|000000b0| 39 65 32 32 2d 37 34 63 61 34 61 31 39 31 63 38 |9e22-74ca4a191c8|
|000000c0| 30 22 7d 7d                                     |0"}}            |
+--------+-------------------------------------------------+----------------+
&amp#27;[35m22-11-29 16:05:25:505&amp#27;[m [&amp#27;[34mDEBUG&amp#27;[m] 

Request DefaultHttpRequest(decodeResult: success, version: HTTP/1.1)
POST /session/c221f94085f074930f6565b3a9356933/element HTTP/1.1
User-Agent: selenium/4.6.0 (java windows)
Content-Length: 74
Content-Type: application/json; charset=utf-8
host: localhost:44632
accept: */*

Response DefaultHttpResponse(decodeResult: success, version: HTTP/1.1)
HTTP/1.1 200 OK
Content-Type: application/json; charset=utf-8
cache-control: no-cache
content-length: 88

&amp#27;[35m22-11-29 16:05:25:505&amp#27;[m [&amp#27;[34mDEBUG&amp#27;[m] Adding key: http://localhost:44632 for channel [id: 0xb21da692, L:/127.0.0.1:52679 - R:localhost/127.0.0.1:44632]
&amp#27;[35m22-11-29 16:05:25:505&amp#27;[m [&amp#27;[30mTRACE&amp#27;[m] [id: 0xb21da692, L:/127.0.0.1:52679 - R:localhost/127.0.0.1:44632] READ COMPLETE
&amp#27;[35m22-11-29 16:05:25:507&amp#27;[m [&amp#27;[34mDEBUG&amp#27;[m] Using pooled Channel '[id: 0xb21da692, L:/127.0.0.1:52679 - R:localhost/127.0.0.1:44632]' for 'POST' to 'http://localhost:44632/session/c221f94085f074930f6565b3a9356933/element/09df2744-b932-42fa-9e22-74ca4a191c80/value'
&amp#27;[35m22-11-29 16:05:25:507&amp#27;[m [&amp#27;[34mDEBUG&amp#27;[m] Using open Channel [id: 0xb21da692, L:/127.0.0.1:52679 - R:localhost/127.0.0.1:44632] for POST '/session/c221f94085f074930f6565b3a9356933/element/09df2744-b932-42fa-9e22-74ca4a191c80/value'
&amp#27;[35m22-11-29 16:05:25:507&amp#27;[m [&amp#27;[30mTRACE&amp#27;[m] [id: 0xb21da692, L:/127.0.0.1:52679 - R:localhost/127.0.0.1:44632] WRITE: 257B
         +-------------------------------------------------+
         |  0  1  2  3  4  5  6  7  8  9  a  b  c  d  e  f |
+--------+-------------------------------------------------+----------------+
|00000000| 50 4f 53 54 20 2f 73 65 73 73 69 6f 6e 2f 63 32 |POST /session/c2|
|00000010| 32 31 66 39 34 30 38 35 66 30 37 34 39 33 30 66 |21f94085f074930f|
|00000020| 36 35 36 35 62 33 61 39 33 35 36 39 33 33 2f 65 |6565b3a9356933/e|
|00000030| 6c 65 6d 65 6e 74 2f 30 39 64 66 32 37 34 34 2d |lement/09df2744-|
|00000040| 62 39 33 32 2d 34 32 66 61 2d 39 65 32 32 2d 37 |b932-42fa-9e22-7|
|00000050| 34 63 61 34 61 31 39 31 63 38 30 2f 76 61 6c 75 |4ca4a191c80/valu|
|00000060| 65 20 48 54 54 50 2f 31 2e 31 0d 0a 55 73 65 72 |e HTTP/1.1..User|
|00000070| 2d 41 67 65 6e 74 3a 20 73 65 6c 65 6e 69 75 6d |-Agent: selenium|
|00000080| 2f 34 2e 36 2e 30 20 28 6a 61 76 61 20 77 69 6e |/4.6.0 (java win|
|00000090| 64 6f 77 73 29 0d 0a 43 6f 6e 74 65 6e 74 2d 4c |dows)..Content-L|
|000000a0| 65 6e 67 74 68 3a 20 31 36 31 0d 0a 43 6f 6e 74 |ength: 161..Cont|
|000000b0| 65 6e 74 2d 54 79 70 65 3a 20 61 70 70 6c 69 63 |ent-Type: applic|
|000000c0| 61 74 69 6f 6e 2f 6a 73 6f 6e 3b 20 63 68 61 72 |ation/json; char|
|000000d0| 73 65 74 3d 75 74 66 2d 38 0d 0a 68 6f 73 74 3a |set=utf-8..host:|
|000000e0| 20 6c 6f 63 61 6c 68 6f 73 74 3a 34 34 36 33 32 | localhost:44632|
|000000f0| 0d 0a 61 63 63 65 70 74 3a 20 2a 2f 2a 0d 0a 0d |..accept: */*...|
|00000100| 0a                                              |.               |
+--------+-------------------------------------------------+----------------+
&amp#27;[35m22-11-29 16:05:25:508&amp#27;[m [&amp#27;[30mTRACE&amp#27;[m] [id: 0xb21da692, L:/127.0.0.1:52679 - R:localhost/127.0.0.1:44632] WRITE: 161B
         +-------------------------------------------------+
         |  0  1  2  3  4  5  6  7  8  9  a  b  c  d  e  f |
+--------+-------------------------------------------------+----------------+
|00000000| 7b 0a 20 20 22 69 64 22 3a 20 22 30 39 64 66 32 |{.  "id": "09df2|
|00000010| 37 34 34 2d 62 39 33 32 2d 34 32 66 61 2d 39 65 |744-b932-42fa-9e|
|00000020| 32 32 2d 37 34 63 61 34 61 31 39 31 63 38 30 22 |22-74ca4a191c80"|
|00000030| 2c 0a 20 20 22 74 65 78 74 22 3a 20 22 68 6f 6d |,.  "text": "hom|
|00000040| 65 40 31 32 33 22 2c 0a 20 20 22 76 61 6c 75 65 |e@123",.  "value|
|00000050| 22 3a 20 5b 0a 20 20 20 20 22 68 22 2c 0a 20 20 |": [.    "h",.  |
|00000060| 20 20 22 6f 22 2c 0a 20 20 20 20 22 6d 22 2c 0a |  "o",.    "m",.|
|00000070| 20 20 20 20 22 65 22 2c 0a 20 20 20 20 22 40 22 |    "e",.    "@"|
|00000080| 2c 0a 20 20 20 20 22 31 22 2c 0a 20 20 20 20 22 |,.    "1",.    "|
|00000090| 32 22 2c 0a 20 20 20 20 22 33 22 0a 20 20 5d 0a |2",.    "3".  ].|
|000000a0| 7d                                              |}               |
+--------+-------------------------------------------------+----------------+
&amp#27;[35m22-11-29 16:05:25:508&amp#27;[m [&amp#27;[30mTRACE&amp#27;[m] [id: 0xb21da692, L:/127.0.0.1:52679 - R:localhost/127.0.0.1:44632] FLUSH
&amp#27;[35m22-11-29 16:05:25:508&amp#27;[m [&amp#27;[30mTRACE&amp#27;[m] [id: 0xb21da692, L:/127.0.0.1:52679 - R:localhost/127.0.0.1:44632] WRITE: 0B
&amp#27;[35m22-11-29 16:05:25:508&amp#27;[m [&amp#27;[30mTRACE&amp#27;[m] [id: 0xb21da692, L:/127.0.0.1:52679 - R:localhost/127.0.0.1:44632] FLUSH
&amp#27;[35m22-11-29 16:05:25:583&amp#27;[m [&amp#27;[30mTRACE&amp#27;[m] [id: 0xb21da692, L:/127.0.0.1:52679 - R:localhost/127.0.0.1:44632] READ: 122B
         +-------------------------------------------------+
         |  0  1  2  3  4  5  6  7  8  9  a  b  c  d  e  f |
+--------+-------------------------------------------------+----------------+
|00000000| 48 54 54 50 2f 31 2e 31 20 32 30 30 20 4f 4b 0d |HTTP/1.1 200 OK.|
|00000010| 0a 43 6f 6e 74 65 6e 74 2d 4c 65 6e 67 74 68 3a |.Content-Length:|
|00000020| 31 34 0d 0a 43 6f 6e 74 65 6e 74 2d 54 79 70 65 |14..Content-Type|
|00000030| 3a 61 70 70 6c 69 63 61 74 69 6f 6e 2f 6a 73 6f |:application/jso|
|00000040| 6e 3b 20 63 68 61 72 73 65 74 3d 75 74 66 2d 38 |n; charset=utf-8|
|00000050| 0d 0a 63 61 63 68 65 2d 63 6f 6e 74 72 6f 6c 3a |..cache-control:|
|00000060| 6e 6f 2d 63 61 63 68 65 0d 0a 0d 0a 7b 22 76 61 |no-cache....{"va|
|00000070| 6c 75 65 22 3a 6e 75 6c 6c 7d                   |lue":null}      |
+--------+-------------------------------------------------+----------------+
&amp#27;[35m22-11-29 16:05:25:583&amp#27;[m [&amp#27;[34mDEBUG&amp#27;[m] 

Request DefaultHttpRequest(decodeResult: success, version: HTTP/1.1)
POST /session/c221f94085f074930f6565b3a9356933/element/09df2744-b932-42fa-9e22-74ca4a191c80/value HTTP/1.1
User-Agent: selenium/4.6.0 (java windows)
Content-Length: 161
Content-Type: application/json; charset=utf-8
host: localhost:44632
accept: */*

Response DefaultHttpResponse(decodeResult: success, version: HTTP/1.1)
HTTP/1.1 200 OK
Content-Type: application/json; charset=utf-8
cache-control: no-cache
content-length: 14

&amp#27;[35m22-11-29 16:05:25:583&amp#27;[m [&amp#27;[34mDEBUG&amp#27;[m] Adding key: http://localhost:44632 for channel [id: 0xb21da692, L:/127.0.0.1:52679 - R:localhost/127.0.0.1:44632]
&amp#27;[35m22-11-29 16:05:25:584&amp#27;[m [&amp#27;[30mTRACE&amp#27;[m] [id: 0xb21da692, L:/127.0.0.1:52679 - R:localhost/127.0.0.1:44632] READ COMPLETE
&amp#27;[35m22-11-29 16:05:25:586&amp#27;[m [&amp#27;[34mDEBUG&amp#27;[m] Using pooled Channel '[id: 0xb21da692, L:/127.0.0.1:52679 - R:localhost/127.0.0.1:44632]' for 'POST' to 'http://localhost:44632/session/c221f94085f074930f6565b3a9356933/element'
&amp#27;[35m22-11-29 16:05:25:586&amp#27;[m [&amp#27;[34mDEBUG&amp#27;[m] Using open Channel [id: 0xb21da692, L:/127.0.0.1:52679 - R:localhost/127.0.0.1:44632] for POST '/session/c221f94085f074930f6565b3a9356933/element'
&amp#27;[35m22-11-29 16:05:25:587&amp#27;[m [&amp#27;[30mTRACE&amp#27;[m] [id: 0xb21da692, L:/127.0.0.1:52679 - R:localhost/127.0.0.1:44632] WRITE: 213B
         +-------------------------------------------------+
         |  0  1  2  3  4  5  6  7  8  9  a  b  c  d  e  f |
+--------+-------------------------------------------------+----------------+
|00000000| 50 4f 53 54 20 2f 73 65 73 73 69 6f 6e 2f 63 32 |POST /session/c2|
|00000010| 32 31 66 39 34 30 38 35 66 30 37 34 39 33 30 66 |21f94085f074930f|
|00000020| 36 35 36 35 62 33 61 39 33 35 36 39 33 33 2f 65 |6565b3a9356933/e|
|00000030| 6c 65 6d 65 6e 74 20 48 54 54 50 2f 31 2e 31 0d |lement HTTP/1.1.|
|00000040| 0a 55 73 65 72 2d 41 67 65 6e 74 3a 20 73 65 6c |.User-Agent: sel|
|00000050| 65 6e 69 75 6d 2f 34 2e 36 2e 30 20 28 6a 61 76 |enium/4.6.0 (jav|
|00000060| 61 20 77 69 6e 64 6f 77 73 29 0d 0a 43 6f 6e 74 |a windows)..Cont|
|00000070| 65 6e 74 2d 4c 65 6e 67 74 68 3a 20 37 33 0d 0a |ent-Length: 73..|
|00000080| 43 6f 6e 74 65 6e 74 2d 54 79 70 65 3a 20 61 70 |Content-Type: ap|
|00000090| 70 6c 69 63 61 74 69 6f 6e 2f 6a 73 6f 6e 3b 20 |plication/json; |
|000000a0| 63 68 61 72 73 65 74 3d 75 74 66 2d 38 0d 0a 68 |charset=utf-8..h|
|000000b0| 6f 73 74 3a 20 6c 6f 63 61 6c 68 6f 73 74 3a 34 |ost: localhost:4|
|000000c0| 34 36 33 32 0d 0a 61 63 63 65 70 74 3a 20 2a 2f |4632..accept: */|
|000000d0| 2a 0d 0a 0d 0a                                  |*....           |
+--------+-------------------------------------------------+----------------+
&amp#27;[35m22-11-29 16:05:25:587&amp#27;[m [&amp#27;[30mTRACE&amp#27;[m] [id: 0xb21da692, L:/127.0.0.1:52679 - R:localhost/127.0.0.1:44632] WRITE: 73B
         +-------------------------------------------------+
         |  0  1  2  3  4  5  6  7  8  9  a  b  c  d  e  f |
+--------+-------------------------------------------------+----------------+
|00000000| 7b 0a 20 20 22 75 73 69 6e 67 22 3a 20 22 78 70 |{.  "using": "xp|
|00000010| 61 74 68 22 2c 0a 20 20 22 76 61 6c 75 65 22 3a |ath",.  "value":|
|00000020| 20 22 5c 75 30 30 32 66 5c 75 30 30 32 66 62 75 | "\u002f\u002fbu|
|00000030| 74 74 6f 6e 5b 40 6e 61 6d 65 3d 27 72 65 67 69 |tton[@name='regi|
|00000040| 73 74 65 72 27 5d 22 0a 7d                      |ster']".}       |
+--------+-------------------------------------------------+----------------+
&amp#27;[35m22-11-29 16:05:25:587&amp#27;[m [&amp#27;[30mTRACE&amp#27;[m] [id: 0xb21da692, L:/127.0.0.1:52679 - R:localhost/127.0.0.1:44632] FLUSH
&amp#27;[35m22-11-29 16:05:25:588&amp#27;[m [&amp#27;[30mTRACE&amp#27;[m] [id: 0xb21da692, L:/127.0.0.1:52679 - R:localhost/127.0.0.1:44632] WRITE: 0B
&amp#27;[35m22-11-29 16:05:25:588&amp#27;[m [&amp#27;[30mTRACE&amp#27;[m] [id: 0xb21da692, L:/127.0.0.1:52679 - R:localhost/127.0.0.1:44632] FLUSH
&amp#27;[35m22-11-29 16:05:25:593&amp#27;[m [&amp#27;[30mTRACE&amp#27;[m] [id: 0xb21da692, L:/127.0.0.1:52679 - R:localhost/127.0.0.1:44632] READ: 196B
         +-------------------------------------------------+
         |  0  1  2  3  4  5  6  7  8  9  a  b  c  d  e  f |
+--------+-------------------------------------------------+----------------+
|00000000| 48 54 54 50 2f 31 2e 31 20 32 30 30 20 4f 4b 0d |HTTP/1.1 200 OK.|
|00000010| 0a 43 6f 6e 74 65 6e 74 2d 4c 65 6e 67 74 68 3a |.Content-Length:|
|00000020| 38 38 0d 0a 43 6f 6e 74 65 6e 74 2d 54 79 70 65 |88..Content-Type|
|00000030| 3a 61 70 70 6c 69 63 61 74 69 6f 6e 2f 6a 73 6f |:application/jso|
|00000040| 6e 3b 20 63 68 61 72 73 65 74 3d 75 74 66 2d 38 |n; charset=utf-8|
|00000050| 0d 0a 63 61 63 68 65 2d 63 6f 6e 74 72 6f 6c 3a |..cache-control:|
|00000060| 6e 6f 2d 63 61 63 68 65 0d 0a 0d 0a 7b 22 76 61 |no-cache....{"va|
|00000070| 6c 75 65 22 3a 7b 22 65 6c 65 6d 65 6e 74 2d 36 |lue":{"element-6|
|00000080| 30 36 36 2d 31 31 65 34 2d 61 35 32 65 2d 34 66 |066-11e4-a52e-4f|
|00000090| 37 33 35 34 36 36 63 65 63 66 22 3a 22 34 66 37 |735466cecf":"4f7|
|000000a0| 65 63 63 31 63 2d 63 62 39 30 2d 34 37 65 32 2d |ecc1c-cb90-47e2-|
|000000b0| 38 34 38 37 2d 38 37 66 35 35 61 30 34 32 32 34 |8487-87f55a04224|
|000000c0| 30 22 7d 7d                                     |0"}}            |
+--------+-------------------------------------------------+----------------+
&amp#27;[35m22-11-29 16:05:25:594&amp#27;[m [&amp#27;[34mDEBUG&amp#27;[m] 

Request DefaultHttpRequest(decodeResult: success, version: HTTP/1.1)
POST /session/c221f94085f074930f6565b3a9356933/element HTTP/1.1
User-Agent: selenium/4.6.0 (java windows)
Content-Length: 73
Content-Type: application/json; charset=utf-8
host: localhost:44632
accept: */*

Response DefaultHttpResponse(decodeResult: success, version: HTTP/1.1)
HTTP/1.1 200 OK
Content-Type: application/json; charset=utf-8
cache-control: no-cache
content-length: 88

&amp#27;[35m22-11-29 16:05:25:594&amp#27;[m [&amp#27;[34mDEBUG&amp#27;[m] Adding key: http://localhost:44632 for channel [id: 0xb21da692, L:/127.0.0.1:52679 - R:localhost/127.0.0.1:44632]
&amp#27;[35m22-11-29 16:05:25:594&amp#27;[m [&amp#27;[30mTRACE&amp#27;[m] [id: 0xb21da692, L:/127.0.0.1:52679 - R:localhost/127.0.0.1:44632] READ COMPLETE
&amp#27;[35m22-11-29 16:05:25:596&amp#27;[m [&amp#27;[34mDEBUG&amp#27;[m] Using pooled Channel '[id: 0xb21da692, L:/127.0.0.1:52679 - R:localhost/127.0.0.1:44632]' for 'POST' to 'http://localhost:44632/session/c221f94085f074930f6565b3a9356933/element/4f7ecc1c-cb90-47e2-8487-87f55a042240/click'
&amp#27;[35m22-11-29 16:05:25:596&amp#27;[m [&amp#27;[34mDEBUG&amp#27;[m] Using open Channel [id: 0xb21da692, L:/127.0.0.1:52679 - R:localhost/127.0.0.1:44632] for POST '/session/c221f94085f074930f6565b3a9356933/element/4f7ecc1c-cb90-47e2-8487-87f55a042240/click'
&amp#27;[35m22-11-29 16:05:25:596&amp#27;[m [&amp#27;[30mTRACE&amp#27;[m] [id: 0xb21da692, L:/127.0.0.1:52679 - R:localhost/127.0.0.1:44632] WRITE: 256B
         +-------------------------------------------------+
         |  0  1  2  3  4  5  6  7  8  9  a  b  c  d  e  f |
+--------+-------------------------------------------------+----------------+
|00000000| 50 4f 53 54 20 2f 73 65 73 73 69 6f 6e 2f 63 32 |POST /session/c2|
|00000010| 32 31 66 39 34 30 38 35 66 30 37 34 39 33 30 66 |21f94085f074930f|
|00000020| 36 35 36 35 62 33 61 39 33 35 36 39 33 33 2f 65 |6565b3a9356933/e|
|00000030| 6c 65 6d 65 6e 74 2f 34 66 37 65 63 63 31 63 2d |lement/4f7ecc1c-|
|00000040| 63 62 39 30 2d 34 37 65 32 2d 38 34 38 37 2d 38 |cb90-47e2-8487-8|
|00000050| 37 66 35 35 61 30 34 32 32 34 30 2f 63 6c 69 63 |7f55a042240/clic|
|00000060| 6b 20 48 54 54 50 2f 31 2e 31 0d 0a 55 73 65 72 |k HTTP/1.1..User|
|00000070| 2d 41 67 65 6e 74 3a 20 73 65 6c 65 6e 69 75 6d |-Agent: selenium|
|00000080| 2f 34 2e 36 2e 30 20 28 6a 61 76 61 20 77 69 6e |/4.6.0 (java win|
|00000090| 64 6f 77 73 29 0d 0a 43 6f 6e 74 65 6e 74 2d 4c |dows)..Content-L|
|000000a0| 65 6e 67 74 68 3a 20 35 30 0d 0a 43 6f 6e 74 65 |ength: 50..Conte|
|000000b0| 6e 74 2d 54 79 70 65 3a 20 61 70 70 6c 69 63 61 |nt-Type: applica|
|000000c0| 74 69 6f 6e 2f 6a 73 6f 6e 3b 20 63 68 61 72 73 |tion/json; chars|
|000000d0| 65 74 3d 75 74 66 2d 38 0d 0a 68 6f 73 74 3a 20 |et=utf-8..host: |
|000000e0| 6c 6f 63 61 6c 68 6f 73 74 3a 34 34 36 33 32 0d |localhost:44632.|
|000000f0| 0a 61 63 63 65 70 74 3a 20 2a 2f 2a 0d 0a 0d 0a |.accept: */*....|
+--------+-------------------------------------------------+----------------+
&amp#27;[35m22-11-29 16:05:25:597&amp#27;[m [&amp#27;[30mTRACE&amp#27;[m] [id: 0xb21da692, L:/127.0.0.1:52679 - R:localhost/127.0.0.1:44632] WRITE: 50B
         +-------------------------------------------------+
         |  0  1  2  3  4  5  6  7  8  9  a  b  c  d  e  f |
+--------+-------------------------------------------------+----------------+
|00000000| 7b 0a 20 20 22 69 64 22 3a 20 22 34 66 37 65 63 |{.  "id": "4f7ec|
|00000010| 63 31 63 2d 63 62 39 30 2d 34 37 65 32 2d 38 34 |c1c-cb90-47e2-84|
|00000020| 38 37 2d 38 37 66 35 35 61 30 34 32 32 34 30 22 |87-87f55a042240"|
|00000030| 0a 7d                                           |.}              |
+--------+-------------------------------------------------+----------------+
&amp#27;[35m22-11-29 16:05:25:597&amp#27;[m [&amp#27;[30mTRACE&amp#27;[m] [id: 0xb21da692, L:/127.0.0.1:52679 - R:localhost/127.0.0.1:44632] FLUSH
&amp#27;[35m22-11-29 16:05:25:597&amp#27;[m [&amp#27;[30mTRACE&amp#27;[m] [id: 0xb21da692, L:/127.0.0.1:52679 - R:localhost/127.0.0.1:44632] WRITE: 0B
&amp#27;[35m22-11-29 16:05:25:597&amp#27;[m [&amp#27;[30mTRACE&amp#27;[m] [id: 0xb21da692, L:/127.0.0.1:52679 - R:localhost/127.0.0.1:44632] FLUSH
&amp#27;[35m22-11-29 16:05:25:631&amp#27;[m [&amp#27;[30mTRACE&amp#27;[m] [id: 0xb21da692, L:/127.0.0.1:52679 - R:localhost/127.0.0.1:44632] READ: 122B
         +-------------------------------------------------+
         |  0  1  2  3  4  5  6  7  8  9  a  b  c  d  e  f |
+--------+-------------------------------------------------+----------------+
|00000000| 48 54 54 50 2f 31 2e 31 20 32 30 30 20 4f 4b 0d |HTTP/1.1 200 OK.|
|00000010| 0a 43 6f 6e 74 65 6e 74 2d 4c 65 6e 67 74 68 3a |.Content-Length:|
|00000020| 31 34 0d 0a 43 6f 6e 74 65 6e 74 2d 54 79 70 65 |14..Content-Type|
|00000030| 3a 61 70 70 6c 69 63 61 74 69 6f 6e 2f 6a 73 6f |:application/jso|
|00000040| 6e 3b 20 63 68 61 72 73 65 74 3d 75 74 66 2d 38 |n; charset=utf-8|
|00000050| 0d 0a 63 61 63 68 65 2d 63 6f 6e 74 72 6f 6c 3a |..cache-control:|
|00000060| 6e 6f 2d 63 61 63 68 65 0d 0a 0d 0a 7b 22 76 61 |no-cache....{"va|
|00000070| 6c 75 65 22 3a 6e 75 6c 6c 7d                   |lue":null}      |
+--------+-------------------------------------------------+----------------+
&amp#27;[35m22-11-29 16:05:25:631&amp#27;[m [&amp#27;[34mDEBUG&amp#27;[m] 

Request DefaultHttpRequest(decodeResult: success, version: HTTP/1.1)
POST /session/c221f94085f074930f6565b3a9356933/element/4f7ecc1c-cb90-47e2-8487-87f55a042240/click HTTP/1.1
User-Agent: selenium/4.6.0 (java windows)
Content-Length: 50
Content-Type: application/json; charset=utf-8
host: localhost:44632
accept: */*

Response DefaultHttpResponse(decodeResult: success, version: HTTP/1.1)
HTTP/1.1 200 OK
Content-Type: application/json; charset=utf-8
cache-control: no-cache
content-length: 14

&amp#27;[35m22-11-29 16:05:25:631&amp#27;[m [&amp#27;[34mDEBUG&amp#27;[m] Adding key: http://localhost:44632 for channel [id: 0xb21da692, L:/127.0.0.1:52679 - R:localhost/127.0.0.1:44632]
&amp#27;[35m22-11-29 16:05:25:631&amp#27;[m [&amp#27;[30mTRACE&amp#27;[m] [id: 0xb21da692, L:/127.0.0.1:52679 - R:localhost/127.0.0.1:44632] READ COMPLETE
&amp#27;[35m22-11-29 16:05:25:632&amp#27;[m [&amp#27;[34mDEBUG&amp#27;[m] Using pooled Channel '[id: 0xb21da692, L:/127.0.0.1:52679 - R:localhost/127.0.0.1:44632]' for 'GET' to 'http://localhost:44632/session/c221f94085f074930f6565b3a9356933/screenshot'
&amp#27;[35m22-11-29 16:05:25:632&amp#27;[m [&amp#27;[34mDEBUG&amp#27;[m] Using open Channel [id: 0xb21da692, L:/127.0.0.1:52679 - R:localhost/127.0.0.1:44632] for GET '/session/c221f94085f074930f6565b3a9356933/screenshot'
&amp#27;[35m22-11-29 16:05:25:633&amp#27;[m [&amp#27;[30mTRACE&amp#27;[m] [id: 0xb21da692, L:/127.0.0.1:52679 - R:localhost/127.0.0.1:44632] WRITE: 220B
         +-------------------------------------------------+
         |  0  1  2  3  4  5  6  7  8  9  a  b  c  d  e  f |
+--------+-------------------------------------------------+----------------+
|00000000| 47 45 54 20 2f 73 65 73 73 69 6f 6e 2f 63 32 32 |GET /session/c22|
|00000010| 31 66 39 34 30 38 35 66 30 37 34 39 33 30 66 36 |1f94085f074930f6|
|00000020| 35 36 35 62 33 61 39 33 35 36 39 33 33 2f 73 63 |565b3a9356933/sc|
|00000030| 72 65 65 6e 73 68 6f 74 20 48 54 54 50 2f 31 2e |reenshot HTTP/1.|
|00000040| 31 0d 0a 55 73 65 72 2d 41 67 65 6e 74 3a 20 73 |1..User-Agent: s|
|00000050| 65 6c 65 6e 69 75 6d 2f 34 2e 36 2e 30 20 28 6a |elenium/4.6.0 (j|
|00000060| 61 76 61 20 77 69 6e 64 6f 77 73 29 0d 0a 43 61 |ava windows)..Ca|
|00000070| 63 68 65 2d 43 6f 6e 74 72 6f 6c 3a 20 6e 6f 2d |che-Control: no-|
|00000080| 63 61 63 68 65 0d 0a 43 6f 6e 74 65 6e 74 2d 54 |cache..Content-T|
|00000090| 79 70 65 3a 20 61 70 70 6c 69 63 61 74 69 6f 6e |ype: application|
|000000a0| 2f 6a 73 6f 6e 3b 20 63 68 61 72 73 65 74 3d 75 |/json; charset=u|
|000000b0| 74 66 2d 38 0d 0a 68 6f 73 74 3a 20 6c 6f 63 61 |tf-8..host: loca|
|000000c0| 6c 68 6f 73 74 3a 34 34 36 33 32 0d 0a 61 63 63 |lhost:44632..acc|
|000000d0| 65 70 74 3a 20 2a 2f 2a 0d 0a 0d 0a             |ept: */*....    |
+--------+-------------------------------------------------+----------------+
&amp#27;[35m22-11-29 16:05:25:633&amp#27;[m [&amp#27;[30mTRACE&amp#27;[m] [id: 0xb21da692, L:/127.0.0.1:52679 - R:localhost/127.0.0.1:44632] FLUSH
&amp#27;[35m22-11-29 16:05:25:739&amp#27;[m [&amp#27;[30mTRACE&amp#27;[m] [id: 0xb21da692, L:/127.0.0.1:52679 - R:localhost/127.0.0.1:44632] READ: 1024B
         +-------------------------------------------------+
         |  0  1  2  3  4  5  6  7  8  9  a  b  c  d  e  f |
+--------+-------------------------------------------------+----------------+
|00000000| 48 54 54 50 2f 31 2e 31 20 32 30 30 20 4f 4b 0d |HTTP/1.1 200 OK.|
|00000010| 0a 43 6f 6e 74 65 6e 74 2d 4c 65 6e 67 74 68 3a |.Content-Length:|
|00000020| 38 30 31 38 30 0d 0a 43 6f 6e 74 65 6e 74 2d 54 |80180..Content-T|
|00000030| 79 70 65 3a 61 70 70 6c 69 63 61 74 69 6f 6e 2f |ype:application/|
|00000040| 6a 73 6f 6e 3b 20 63 68 61 72 73 65 74 3d 75 74 |json; charset=ut|
|00000050| 66 2d 38 0d 0a 63 61 63 68 65 2d 63 6f 6e 74 72 |f-8..cache-contr|
|00000060| 6f 6c 3a 6e 6f 2d 63 61 63 68 65 0d 0a 0d 0a 7b |ol:no-cache....{|
|00000070| 22 76 61 6c 75 65 22 3a 22 69 56 42 4f 52 77 30 |"value":"iVBORw0|
|00000080| 4b 47 67 6f 41 41 41 41 4e 53 55 68 45 55 67 41 |KGgoAAAANSUhEUgA|
|00000090| 41 42 41 41 41 41 41 4b 45 43 41 59 41 41 41 43 |ABAAAAAKECAYAAAC|
|000000a0| 5a 37 45 68 33 41 41 41 41 41 58 4e 53 52 30 49 |Z7Eh3AAAAAXNSR0I|
|000000b0| 41 72 73 34 63 36 51 41 41 49 41 42 4a 52 45 46 |Ars4c6QAAIABJREF|
|000000c0| 55 65 4a 7a 73 33 58 74 38 6c 4f 57 64 2f 2f 2f |UeJzs3Xt8lOWd///|
|000000d0| 58 6e 43 63 7a 6d 57 54 49 69 52 41 65 67 53 67 |XnCczmWTIiRAegSg|
|000000e0| 67 45 52 47 43 56 4b 43 77 49 69 68 73 73 62 71 |gERGCVKCwIihssbq|
|000000f0| 4b 31 61 36 36 64 71 32 74 33 53 33 75 39 6d 43 |K1a66dq2t3S3u9mC|
|00000100| 33 33 64 62 66 39 72 42 75 58 58 66 35 64 74 73 |33dbf9rBuXXf5dts|
|00000110| 74 72 65 32 33 39 47 43 33 64 62 58 71 62 33 56 |tre239GC3dbXqb3V|
|00000120| 46 4b 35 56 2b 70 51 56 6c 70 59 67 43 51 51 35 |FK5V+pQVlpYgCQQ5|
|00000130| 4e 35 42 54 49 31 78 42 49 43 44 4d 5a 35 6e 7a |N5BTI1xBICDMZ5nz|
|00000140| 36 2f 6a 47 5a 6b 49 51 4a 53 53 41 77 7a 4d 7a |6/jGZkIQJSSAwzMz|
|00000150| 37 2b 58 6a 4d 34 30 48 6d 50 6e 33 6d 6e 75 47 |7+XjM40HmPn3mnuG|
|00000160| 36 37 75 74 7a 58 66 64 31 47 35 4c 4a 5a 42 49 |67utzXfd1G5LJZBI|
|00000170| 70 47 4c 46 59 6a 48 41 34 54 43 51 53 49 52 36 |pGLFYjHA4TCQSIR6|
|00000180| 50 5a 7a 73 63 45 52 45 41 54 43 59 54 56 71 73 |PZzscEREATCYTVqs|
|00000190| 56 6d 38 32 47 32 57 7a 4f 64 6a 67 35 72 62 4f |Vm82G2WzOdjg5rbO|
|000001a0| 7a 6b 34 71 4b 69 6d 79 48 6b 62 4e 55 54 34 72 |zk4qKimyHkbNUT4r|
|000001b0| 49 70 55 5a 31 70 4b 52 31 64 33 65 66 39 7a 37 |IpUZ1pKR1d3ef9z7|
|000001c0| 30 43 79 6f 51 73 56 67 4d 76 39 39 50 4e 42 72 |0CyoQsVgMv99PNBr|
|000001d0| 74 66 63 39 67 4d 47 43 78 57 4c 42 59 4c 42 69 |tfc9gMGCxWLBYLBi|
|000001e0| 4e 52 6f 78 47 49 79 61 54 43 61 50 52 6d 4d 56 |NRoxGIyaTCaPRmMV|
|000001f0| 49 52 53 53 66 4a 52 49 4a 34 76 45 34 69 55 53 |IRSSfJRIJ4vE4iUS|
|00000200| 43 52 43 4a 42 4e 42 6f 6c 47 6f 30 53 6a 38 63 |CRCJBNBolGo0Sj8c|
|00000210| 4a 42 6f 4d 45 67 30 45 73 46 67 74 4f 70 31 4d |JBoMEg0EsFgtOp1M|
|00000220| 58 4f 58 4a 52 71 5a 34 55 6b 57 78 54 48 53 6b |XOXJRqZ4UkWxTHSk|
|00000230| 58 67 30 45 6a 41 50 4a 62 50 42 34 6e 45 41 67 |Xg0EjAPJbPB4nEAg|
|00000240| 51 44 6f 63 42 4d 42 71 4e 46 42 55 56 59 62 56 |QDocBMBqNFBUVYbV|
|00000250| 61 4d 5a 6c 4d 57 59 35 4f 52 43 51 6c 46 6f 73 |aMZlMWY5ORCQlFos|
|00000260| 52 6a 55 59 4a 42 6f 4d 6b 45 67 6b 41 62 44 59 |RjUYJBoMkEgkAbDY|
|00000270| 62 54 71 64 54 6a 61 30 52 30 67 69 41 6b 56 45 |bTqdTja0R0giAkVE|
|00000280| 39 4b 53 4b 58 4f 74 57 52 6b 6a 59 61 49 77 43 |9KSKXOtWRkjYaIwC|
|00000290| 55 41 4d 68 6a 34 58 41 59 6e 38 38 48 70 48 6f |UAMhj4XAYn88HpHo|
|000002a0| 78 48 41 34 48 52 55 56 46 57 59 35 4b 52 4f 54 |xHA4HRUVFWY5KROT|
|000002b0| 73 67 73 45 67 67 55 43 41 64 50 56 55 55 6c 4b |sgsEggUCAdPVUUlK|
|000002c0| 43 31 57 72 4e 63 6c 53 35 51 77 6d 41 34 56 4d |C1WrNclS5QwmA4VM|
|000002d0| 39 4b 53 4b 35 52 6e 56 6b 59 56 4d 43 51 41 59 |9KSK5RnVkYVMCQAY|
|000002e0| 56 44 41 62 78 2b 2f 30 41 32 4f 31 32 6e 45 34 |VDAbx+/0A2O12nE4|
|000002f0| 6e 42 6f 4d 68 79 31 47 4a 69 41 78 50 4d 70 6e |nBoMhy1GJiAxPMpn|
|00000300| 6b 31 4b 6c 54 76 62 32 79 78 63 58 46 32 4f 33 |k1KlTvb2yxcXF2O3|
|00000310| 32 4c 45 65 56 47 35 51 41 47 42 37 56 6b 79 4b |2LEeVG5QAGB7VkyK|
|00000320| 53 71 31 52 48 46 69 37 4e 41 53 41 5a 6e 54 70 |Sq1RHFi7NASAZnTp|
|00000330| 31 69 6c 41 6f 42 4b 68 41 45 4a 48 63 5a 44 41 |1ilAoBKhAEJHcZDA|
|00000340| 59 63 4c 6c 63 6d 4d 31 6d 2f 48 34 2f 70 30 36 |YcLlcmM1m/H4/p06|
|00000350| 64 49 68 36 50 34 33 51 36 73 78 32 61 35 41 48 |dIh6P43Q6sx2a5AH|
|00000360| 56 6b 79 4b 53 79 31 52 48 79 76 6c 51 41 69 44 |VkyKSy1RHyvlQAiD|
|00000370| 50 2b 50 31 2b 51 71 45 51 42 6f 4f 42 6b 70 49 |P+P1+QqEQBoOBkpI|
|00000380| 53 4c 42 5a 4c 74 6b 4d 53 45 54 6c 6e 52 55 56 |SLBZLtkMSETlnRUV|
|00000390| 46 6d 4d 31 6d 75 72 75 37 43 51 61 44 41 4c 72 |FmM1muru7CQaDALr|
|000003a0| 41 6b 66 4f 69 65 6c 4a 45 38 6f 58 71 53 44 6b |AkfOielJE8oXqSDk|
|000003b0| 58 6d 6a 55 69 6a 34 54 44 59 59 4c 42 49 41 61 |XmjUij4TDYYLBIAa|
|000003c0| 44 41 62 66 62 72 59 73 61 45 63 6b 4c 46 6f 73 |DAbfbrYsaEckLFos|
|000003d0| 46 74 39 75 4e 77 57 41 67 47 41 7a 32 44 6e 6b |Ft9uNwWAgGAz2Dnk|
|000003e0| 55 47 53 6e 56 6b 79 4b 53 62 31 52 48 53 6c 38 |UGSnVkyKSb1RHSl8|
|000003f0| 66 2f 2f 6a 48 68 31 78 48 43 59 41 38 45 59 76 |f//jHh1xHCYA8EYv|
+--------+-------------------------------------------------+----------------+
&amp#27;[35m22-11-29 16:05:25:739&amp#27;[m [&amp#27;[34mDEBUG&amp#27;[m] 

Request DefaultFullHttpRequest(decodeResult: success, version: HTTP/1.1, content: EmptyByteBufBE)
GET /session/c221f94085f074930f6565b3a9356933/screenshot HTTP/1.1
User-Agent: selenium/4.6.0 (java windows)
Cache-Control: no-cache
Content-Type: application/json; charset=utf-8
host: localhost:44632
accept: */*

Response DefaultHttpResponse(decodeResult: success, version: HTTP/1.1)
HTTP/1.1 200 OK
Content-Type: application/json; charset=utf-8
cache-control: no-cache
content-length: 80180

&amp#27;[35m22-11-29 16:05:25:740&amp#27;[m [&amp#27;[30mTRACE&amp#27;[m] [id: 0xb21da692, L:/127.0.0.1:52679 - R:localhost/127.0.0.1:44632] READ COMPLETE
&amp#27;[35m22-11-29 16:05:25:740&amp#27;[m [&amp#27;[30mTRACE&amp#27;[m] [id: 0xb21da692, L:/127.0.0.1:52679 - R:localhost/127.0.0.1:44632] READ: 16384B
         +-------------------------------------------------+
         |  0  1  2  3  4  5  6  7  8  9  a  b  c  d  e  f |
+--------+-------------------------------------------------+----------------+
|00000000| 46 65 69 63 79 4b 69 6b 70 30 63 7a 46 49 70 4a |FeicyKikp0czFIpJ|
|00000010| 58 54 43 59 54 4a 53 55 6c 41 50 68 38 50 6d 4b |XTCYTJSUlAPh8PmK|
|00000020| 78 57 4a 59 6a 6b 6c 79 6a 65 6c 4a 45 38 70 58 |xWJYjklyjelJE8pX|
|00000030| 71 53 49 48 54 6a 66 2b 68 6b 67 42 4b 41 4f 53 |qSIHTjf+hkgBKAOS|
|00000040| 42 52 43 4b 42 31 2b 73 46 55 76 63 79 71 6b 64 |BRCKB1+sFUvcyqkd|
|00000050| 44 52 50 4b 52 78 57 4b 68 75 4c 67 59 41 4b 2f |DRPKRxWKhuLgYAK/|
|00000060| 58 32 2f 73 6f 4a 4a 47 68 71 4a 34 55 6b 58 79 |X2/soJJGhqJ4UkXy|
|00000070| 6e 4f 72 4b 77 44 57 7a 30 6e 79 30 4a 6f 41 52 |nOrKwDWz0ny0JoAR|
|00000080| 41 48 76 44 35 66 43 53 54 53 65 78 32 75 79 59 |AHvD5fCSTSex2uyY|
|00000090| 79 45 70 47 38 6c 69 37 6e 30 6a 4d 67 69 77 79 |yEpG8li7n0jMgiwy|
|000000a0| 48 36 6b 6b 52 4b 51 53 71 49 77 76 54 59 49 33 |H6kkRKQSqIwvTYI3|
|000000b0| 39 77 64 37 58 4a 49 41 35 4c 68 61 4c 45 59 31 |9wd7XJIA5LhaLEY1|
|000000c0| 47 4d 52 71 4e 76 56 6b 2f 45 5a 46 38 56 6c 78 |GMRqNvVk/EZF8Vlx|
|000000d0| 63 54 43 51 53 49 52 4b 4a 45 49 76 46 4d 4a 74 |cTCQSIRKJEIvFMJt|
|000000e0| 56 6c 63 6e 67 56 45 2b 4b 53 43 46 52 48 56 6c |VlcngVE+KSCFRHVl|
|000000f0| 34 66 76 6e 4c 58 34 35 6f 66 59 30 41 79 48 48 |4fvnLX45ofY0AyHH|
|00000100| 70 5a 78 67 37 48 49 34 73 52 79 49 69 63 76 47 |pZxg7HI4sRyIicvG|
|00000110| 6b 79 37 78 30 47 53 67 79 47 4e 57 54 49 6c 4a |ky7x0GSgyGNWTIlJ|
|00000120| 6f 30 75 56 64 49 42 44 49 63 69 52 79 4b 56 49 |o0uVdIBDIciRyKVI|
|00000130| 43 49 49 66 31 37 64 58 51 6b 45 59 52 4b 53 52 |CIIf17dXQkEYRKSR|
|00000140| 32 75 78 32 6a 30 55 67 30 47 74 56 6b 52 7a 49 |2ux2j0Ug0GtVkRzI|
|00000150| 6f 31 5a 4d 69 55 6f 6a 53 64 57 52 36 46 49 42 |o1ZMiUojSdWR6FIB|
|00000160| 49 58 30 6f 41 35 4c 44 30 38 7a 35 31 55 53 4d |IX0oA5LD08z51USM|
|00000170| 69 68 53 68 64 39 71 58 4c 51 70 47 42 56 45 2b |ihShd9qXLQpGBVE+|
|00000180| 4b 53 4b 46 4b 6c 33 75 68 55 43 6a 4c 6b 63 69 |KSKFKl3uhUCjLkci|
|00000190| 6c 52 67 6d 41 48 42 61 4a 52 41 43 77 57 71 31 |lRgmAHBaJRACwWq1|
|000001a0| 5a 6a 6b 52 45 35 4f 4a 4c 6c 33 33 70 73 6c 42 |ZjkRE5OJLl33pslB|
|000001b0| 6b 49 4e 57 54 49 6c 4b 6f 30 75 56 65 4f 42 7a |kINWTIlKo0uVeOBz|
|000001c0| 4f 63 69 52 79 71 56 45 43 49 45 66 46 34 33 47 |OciRyqVECIEfF43G|
|000001d0| 53 79 53 52 47 6f 31 47 54 65 34 68 49 51 54 4b |SySRGo1GTe4hIQTK|
|000001e0| 62 7a 52 67 4d 42 70 4c 4a 4a 50 46 34 50 4e 76 |bzRgMBpLJJPF4PNv|
|000001f0| 68 79 43 56 47 39 61 53 49 46 44 4c 56 6b 54 49 |hyCVG9aSIFDLVkTI|
|00000200| 59 4a 51 42 79 6c 48 6f 31 52 45 54 41 5a 72 4d |YJQBylHo1RETAZrM|
|00000210| 42 47 67 55 67 5a 31 49 39 4b 53 4b 46 54 6e 57 |BGgUgZ1I9KSKFTnW|
|00000220| 6b 5a 4b 49 45 51 49 35 4b 54 2b 69 68 58 67 30 |kZKIEQI5KT+ihXg0|
|00000230| 52 4b 57 54 70 4d 6c 43 54 48 4d 6c 41 71 69 64 |RKWTpMlCTHMlAqid|
|00000240| 46 70 4e 43 70 6a 70 52 4d 56 43 76 6d 71 45 51 |FpNCpjpRMVCvmqEQ|
|00000250| 69 41 59 44 52 71 42 79 4f 69 4f 53 59 6d 49 64 |iAYDRqByOiOSYmId|
|00000260| 44 42 77 37 51 74 4e 39 48 64 36 43 62 34 33 45 |DBw7QtN9Hd6Cb43E|
|00000270| 37 34 31 78 32 53 75 76 71 75 47 62 79 65 4d 70 |741x2SuvquGbyeMp|
|00000280| 74 70 6d 48 76 4b 6c 30 47 70 73 74 45 6b 54 54 |tpmHvKl0GpstEkTT|
|00000290| 56 6b 79 4a 53 36 46 52 48 53 69 5a 4b 41 4f 51 |VkyJS6FRHSiZKAOQ|
|000002a0| 6f 58 64 69 49 53 4b 36 4a 64 62 37 48 61 32 2f |oXdiISK6Jdb7Ha2/|
|000002b0| 73 5a 63 2f 78 36 49 41 6c 59 56 6f 38 58 6d 67 |sZc/x6IAlYVo8Xmg|
|000002c0| 39 78 73 35 4e 34 43 67 66 79 2f 7a 46 38 32 69 |9xs5N4Cgfy/zF82i|
|000002d0| 6f 47 48 72 6f 64 72 6f 4d 54 43 61 54 46 79 42 |oGHrodroMTCaTFyB|
|000002e0| 69 79 57 57 71 4a 30 57 6b 30 43 6b 42 49 4a 6d |iyWWqJ0Wk0CkBIJm|
|000002f0| 6f 56 73 78 52 36 66 2f 49 4a 74 50 77 65 38 70 |oVsxR6f/IJtPwe8p|
|00000300| 45 52 4c 4c 6a 42 49 31 72 58 32 62 56 38 7a 74 |ERLLjBI1rX2bV8zt|
|00000310| 70 4e 56 65 7a 37 50 59 62 75 4b 34 71 77 32 70 |pNVez7PYbuK4qw2p|
|00000320| 56 55 2f 69 72 32 32 63 79 78 65 5a 68 2f 66 4d |VU/ir22cyxeZh/fM|
|00000330| 76 38 5a 4f 31 37 33 4a 38 69 46 47 4c 75 72 69 |v8ZO173J8iFGLuri|
|00000340| 52 77 61 69 65 46 4a 46 43 70 7a 70 53 4d 74 45 |RwaieFJFCpzpSMtE|
|00000350| 49 67 42 79 56 37 75 30 79 47 41 78 5a 6a 6b 52 |IgByV7u0yGAxZjkR|
|00000360| 45 35 4f 79 4f 76 2f 45 6d 6d 77 4a 56 33 48 62 |E5OyOv/EmmwJV3Hb|
|00000370| 76 74 55 78 78 6d 59 41 6d 6e 6a 75 65 61 63 55 |vtUxxmYAmnjueacU|
|00000380| 54 74 49 35 74 59 4f 6d 74 56 37 44 55 31 38 4a |TtI5tYOmtV7DU18J|
|00000390| 72 36 78 70 5a 73 37 6d 61 76 31 36 59 4b 56 75 |r6xpZs7mav16YKVu|
|000003a0| 51 6f 6f 73 62 47 59 7a 71 53 52 45 70 64 42 6f |QoosbGYzqSREpdBo|
|000003b0| 6c 4a 35 6b 6f 41 5a 43 6a 30 6f 2f 31 53 43 61 |lJ5koAZCj0o/1SCa|
|000003c0| 54 75 72 67 52 6b 55 74 61 79 61 78 46 50 4f 67 |TurgRkUtayaxFPOg|
|000003d0| 71 36 56 50 68 4f 43 69 78 41 67 4d 6e 4a 62 62 |q6VPhOCixAgMnJbb|
|000003e0| 61 4b 55 33 2f 32 31 58 48 30 6f 2f 57 34 50 57 |aKU3/21XH0o/W4PW|
|000003f0| 64 76 57 47 66 62 76 69 72 48 4a 53 42 56 45 2b |dvWGfbvirHJSBVE+|
|00000400| 4b 53 4b 46 54 48 53 6d 5a 36 42 61 41 48 4b 56 |KSKFTHSmZ6BaAHKV|
|00000410| 65 4c 78 48 4a 46 66 5a 2b 6a 58 2b 41 43 53 78 |eLxHJFfZ+jX+ACSx|
|00000420| 63 55 49 61 74 33 33 74 47 61 68 63 30 55 4e 76 |cUIat33tGahc0UNv|
|00000430| 76 50 53 75 6c 4c 76 74 5a 39 36 33 37 76 47 55 |vPSulLvtZ9637vGU|
|00000440| 77 71 69 64 46 70 4e 43 70 6a 70 52 4d 4e 41 49 |wqidFpNCpjpRMNAI|
|00000450| 67 52 78 6d 4e 52 75 4c 78 4f 49 6c 45 51 76 63 |gRxmNRuLxOIlEQvc|
|00000460| 33 69 6b 6a 4f 63 55 36 39 6b 51 66 4c 33 32 50 |3ikjOcU69kQfL32P|
|00000470| 44 6a 6a 61 38 32 4b 6d 66 64 51 33 54 68 7a 48 |Djja82KmfdQ3ThzH|
|00000480| 70 33 30 44 70 59 59 32 36 75 4a 47 42 56 45 2b |p30DpYY26uJGBVE+|
|00000490| 4b 53 4b 46 54 48 53 6d 5a 4b 41 47 51 6f 39 53 |KSKFTHSmZKAGQo9S|
|000004a0| 7a 49 53 4b 35 7a 6c 78 78 42 55 75 58 58 6e 46 |zISK5zlxxBUuXXnF|
|000004b0| 65 2b 34 6a 48 34 34 41 75 62 75 52 4d 71 69 64 |e+4jH44AubuRMqid|
|000004c0| 46 70 4e 43 70 6a 70 52 4d 39 47 76 49 55 57 5a |FpNCpjpRM9GvIUWZ|
|000004d0| 7a 4b 6e 63 54 69 77 30 78 52 62 61 49 53 42 35 |zKncTiw0xRbaISB5|
|000004e0| 4c 6c 34 48 70 4d 6c 45 6b 54 66 57 6b 69 42 51 |Ll4HpMlEkTfWkiBQ|
|000004f0| 36 31 5a 47 53 69 52 49 41 4f 63 70 71 54 51 32 |61ZGSiRIAOcpqTQ2|
|00000500| 56 44 59 66 44 57 59 35 45 52 43 52 37 49 70 48 |VDYfDWY5ERCR7IpH|
|00000510| 55 54 49 49 32 6d 32 32 49 4e 61 58 51 71 4a 34 |UTII2m22INaXQqJ4|
|00000520| 55 6b 55 4b 6e 4f 6c 49 79 55 51 49 67 52 35 6c |UkUKnOlIyUQIgR5l|
|00000530| 4d 4a 6f 78 47 49 34 6c 45 6f 6e 64 34 6a 34 68 |MJoxGI4lEond4j4h|
|00000540| 49 49 59 6e 46 59 72 33 33 64 32 74 34 6f 77 79 |IIYnFYr33d2t4owy|
|00000550| 6b 65 6c 4a 45 43 70 6e 71 53 42 6d 4d 66 67 30 |kelJECpnqSBmMfg0|
|00000560| 35 54 4c 30 62 49 6c 4c 49 30 6a 30 62 36 62 4a |5TL0bIlLI0j0b6bJ|
|00000570| 51 5a 43 44 56 6b 79 4a 53 71 46 52 48 79 6d 43 |QZCDVkyJSqFRHymC|
|00000580| 55 41 4d 68 68 36 66 2f 51 6f 56 41 6f 79 35 47 |UAMhh6f/QoVAoy5G|
|00000590| 49 69 46 78 38 77 57 41 51 30 4d 57 4e 44 45 37 |IiFx8wWAQ0MWNDE7|
|000005a0| 31 70 49 67 55 4b 74 57 52 4d 68 67 6c 41 48 4b |1pIgUKtWRMhglAHK|
|000005b0| 59 31 57 72 74 48 64 34 59 43 41 53 79 48 59 36 |Y1WrtHd4YCASyHY6|
|000005c0| 49 79 45 55 54 43 41 52 49 4a 70 4f 59 54 43 59 |IyEUTCARIJpOYTCY|
|000005d0| 73 46 6b 75 32 77 35 46 4c 6c 4f 70 4a 45 53 6c |sFku2w5FLlOpJESl|
|000005e0| 45 71 69 50 6c 62 4a 51 41 79 48 45 75 6c 77 73 |EqiPlbJQAyHEulws|
|000005f0| 34 2f 52 39 64 52 43 54 66 4a 5a 50 4a 33 73 5a |4/R9dRCTfJZPJ3sZ|
|00000600| 63 75 67 77 55 47 59 7a 71 53 52 45 70 4a 4b 6f |cugwUGYzqSREpJKo|
|00000610| 6a 5a 53 68 4b 41 4f 51 34 69 38 58 53 4f 37 53 |jZShKAOQ4i8XSO7S|
|00000620| 6e 75 37 73 37 79 39 47 49 69 46 78 34 36 62 4c |nu7s7y9GIiFx46bL|
|00000630| 4f 61 72 58 71 30 55 59 79 4a 4e 57 54 49 6c 4a |OarXq0UYyJNWTIlJ|
|00000640| 49 56 45 66 4b 55 4a 51 41 79 41 50 46 78 63 55 |IVEfKUJQAyAPFxcU|
|00000650| 59 44 41 61 69 30 61 69 47 4f 49 70 49 58 76 50 |YDAai0aiGOIpIXvP|
|00000660| 37 2f 55 53 6a 55 59 78 47 6f 33 6f 32 5a 4e 68 |7/USjUYxGo3o2ZNh|
|00000670| 55 54 34 70 49 49 56 41 64 4b 63 4f 68 42 45 41 |UT4pIIVAdKcOhBEA|
|00000680| 65 4d 42 71 4e 6c 4a 61 57 41 71 6b 68 6a 75 6c |eMBqNlJaWAqkhjul|
|00000690| 5a 50 30 56 45 38 6b 6b 6b 45 75 6d 64 31 4b 69 |ZP0VE8kkkEumd1Ki|
|000006a0| 6b 70 41 53 44 77 5a 44 6c 69 43 52 58 71 4a 34 |kpASDwZDliCRXqJ4|
|000006b0| 55 6b 58 79 6e 4f 6c 4b 47 53 77 6d 41 50 47 45 |UkXynOlKGSwmAPGE|
|000006c0| 32 6d 33 73 7a 66 54 36 66 54 38 38 38 46 70 47 |2m3szfT6fT888FpG|
|000006d0| 38 45 6f 2f 48 65 34 63 31 75 6c 77 75 44 57 75 |8Eo/He4c1ulwuDWu|
|000006e0| 55 45 56 4d 39 4b 53 4c 35 53 6e 57 6b 6a 49 51 |UEVM9KSL5SnWkjIQ|
|000006f0| 53 41 48 6e 45 5a 72 4e 52 56 46 52 45 4d 70 6e |SAHnEZrNRVFREMpn|
|00000700| 45 34 2f 45 51 6a 55 61 7a 48 5a 4b 49 79 48 6d |E4/EQjUazHZKIyHm|
|00000710| 4c 52 71 4e 34 50 42 34 41 48 41 34 48 4e 70 73 |LRqN4PB4AHA4HNps|
|00000720| 74 79 78 46 4a 72 6c 49 39 4b 53 4c 35 52 6e 57 |tyxFJrlI9KSL5RnW|
|00000730| 6b 6a 4a 51 53 41 48 6e 47 36 58 54 69 63 44 68 |kjJQSAHnG6XTicDh|
|00000740| 49 4a 70 4e 34 76 56 34 39 2b 31 68 45 63 6c 6f |IJpN4vV49+1hEclo|
|00000750| 77 47 4d 54 72 39 5a 4a 4d 4a 6e 45 34 48 44 67 |wGMTr9ZJMJnE4HDg|
|00000760| 63 6a 6d 79 48 4a 44 6c 4f 39 61 53 49 35 41 76 |cjmyHJDlO9aSI5Av|
|00000770| 56 6b 58 49 75 4e 44 34 6b 44 7a 6b 63 44 6b 77 |VkXIuND4kDzkcDkw|
|00000780| 6d 45 7a 36 66 6a 31 4f 6e 54 68 47 4c 78 53 67 |mEz6fj1OnThGLxSg|
|00000790| 75 4c 73 35 32 57 43 49 69 49 2b 4c 7a 2b 51 69 |uLs52WCIiI+Lz+Qi|
|000007a0| 48 77 30 44 71 66 73 62 30 54 4f 34 69 35 30 76 |Hw0Dqfsb0TO4i50v|
|000007b0| 31 70 49 6a 6b 4f 74 57 52 63 71 36 55 41 4d 68 |1pIjkOtWRcq6UAMh|
|000007c0| 54 4e 70 73 4e 6b 38 6e 55 32 37 73 52 6a 55 59 |TNpsNk8nU27sRjUY|
|000007d0| 31 4c 45 68 45 63 6b 49 34 48 43 59 51 43 42 43 |1LEhEckI4HCYQCBC|
|000007e0| 50 78 7a 45 61 6a 5a 53 55 6c 4f 68 2b 52 68 6c |PxzEajZSUlOh+Rhl|
|000007f0| 31 71 69 64 46 4a 42 65 70 6a 70 54 7a 5a 55 67 |1qidFJBepjpTzZUg|
|00000800| 6d 6b 38 6c 73 42 79 45 58 54 6a 4b 5a 4a 42 41 |mk8lsByEXTjKZJBA|
|00000810| 49 39 4d 34 4b 61 6a 51 61 63 54 67 63 57 4b 31 |I9M4KajQacTgcWK1|
|00000820| 57 6a 45 62 64 41 53 49 69 6c 34 5a 45 49 6b 45 |WjEbdASIil4ZEIkE|
|00000830| 34 48 43 59 59 44 4a 4a 49 4a 41 41 6f 4b 69 72 |4HCYYDJJIJAAoKir|
|00000840| 43 34 58 42 6f 4a 75 4d 52 36 75 7a 73 70 4b 4b |C4XBoJuMR6uzspKK|
|00000850| 69 49 74 74 68 35 41 7a 56 6b 79 4a 79 71 56 4d |iItth5AzVkyJyqVM|
|00000860| 64 4b 57 6e 70 79 52 37 50 68 78 49 41 42 53 4b |dKWnpyR7PhxIABSK|
|00000870| 52 53 4f 44 33 2b 33 75 48 43 6b 46 71 52 6d 53 |RSOD3+3uHCkFqRmS|
|00000880| 72 31 59 72 46 59 73 46 6f 4e 47 49 77 47 48 70 |r1YrFYsFoNGIwGHp|
|00000890| 66 49 69 49 58 51 6a 4b 5a 37 48 30 6c 45 67 6d |fIiIXQjKZ7H0lEgm|
|000008a0| 69 30 53 69 52 53 49 52 59 4c 4e 61 37 6a 73 31 |i0SiRSIRYLNa7js1|
|000008b0| 6d 77 2b 6c 30 71 76 46 31 6a 70 51 41 4f 44 65 |mw+l0qvF1jpQAODe|
|000008c0| 71 4a 30 55 6b 32 31 52 48 79 6c 43 55 41 4a 41 |qJ0Uk21RHylCUAJA|
|000008d0| 52 53 79 51 53 52 43 49 52 77 75 47 77 5a 6a 38 |RSyQSRCIRwuGwZj8|
|000008e0| 57 6b 55 75 47 78 57 4c 42 5a 72 4f 70 31 33 55 |WkUuGxWLBZrOp13U|
|000008f0| 55 4b 41 46 77 66 6c 52 50 69 73 69 6c 52 6e 57 |UKAFwflRPisilRnW|
|00000900| 6b 70 49 31 47 41 6b 41 33 6a 42 51 59 6f 39 47 |kpI1GAkA3jBQYo9G|
|00000910| 49 33 57 37 48 62 72 65 54 54 43 59 4a 68 38 50 |I3W7HbreTTCYJh8P|
|00000920| 45 59 6a 45 53 69 55 53 2f 6c 34 6a 49 68 57 41 |EYjESiUS/l4jIhWA|
|00000930| 30 47 76 75 39 7a 47 59 7a 4e 70 74 4e 50 61 70 |0Gvu9zGYzNptNPap|
|00000940| 79 79 56 41 39 4b 53 4c 5a 6f 6a 70 53 4c 67 59 |yyVA9KSLZojpSLgY|
|00000950| 6c 41 41 71 59 77 57 44 41 62 72 64 6e 4f 77 77 |lAAqYwWDAbrdnOww|
|00000960| 52 45 5a 46 4c 6b 75 70 4a 45 52 48 4a 4e 78 70 |REZFLkupJERHJNxp|
|00000970| 44 49 69 49 69 49 69 49 69 49 6c 49 41 6c 41 41 |DIiIiIiIiIlIAlAA|
|00000980| 51 45 52 45 52 45 52 45 52 4b 51 42 4b 41 49 69 |QERERERERKQBKAIi|
|00000990| 49 69 49 69 49 69 49 67 55 41 43 55 41 52 45 52 |IiIiIiIgUACUARER|
|000009a0| 45 52 45 52 45 52 41 71 41 45 67 41 69 49 69 49 |ERERERAqAEgAiIiI|
|000009b0| 69 49 69 49 69 42 55 41 4a 41 42 45 52 45 52 45 |iIiIiBUAJABERERE|
|000009c0| 52 45 5a 45 43 6f 41 53 41 69 49 69 49 69 49 69 |REZECoASAiIiIiIi|
|000009d0| 49 53 41 46 51 41 6b 42 45 52 45 52 45 52 45 53 |ISAFQAkBERERERES|
|000009e0| 6b 41 43 67 42 49 43 49 69 49 69 49 69 49 6c 49 |kACgBICIiIiIiIlI|
|000009f0| 41 6c 41 41 51 45 52 45 52 45 52 45 52 4b 51 42 |AlAAQERERERERKQB|
|00000a00| 4b 41 49 69 49 69 49 69 49 69 49 67 55 41 43 55 |KAIiIiIiIiIgUACU|
|00000a10| 41 52 45 52 45 52 45 52 45 52 41 71 41 45 67 41 |ARERERERERAqAEgA|
|00000a20| 69 49 69 49 69 49 69 49 69 42 55 41 4a 41 42 45 |iIiIiIiIiBUAJABE|
|00000a30| 52 45 52 45 52 45 5a 45 43 6f 41 53 41 69 49 69 |REREREZECoASAiIi|
|00000a40| 49 69 49 69 49 53 41 46 51 41 6b 42 45 52 45 52 |IiIiISAFQAkBERER|
|00000a50| 45 52 45 53 6b 41 43 67 42 49 43 49 69 49 69 49 |ERESkACgBICIiIiI|
|00000a60| 69 49 6c 49 41 7a 4e 6b 4f 51 45 52 45 52 45 51 |iIlIAzNkOQEREREQ|
|00000a70| 75 68 6e 5a 65 65 33 6f 54 4f 33 30 4f 72 72 6c |uhnZee3oTO30Orrl|
|00000a80| 39 47 54 65 4d 4e 57 55 37 6f 43 77 35 77 62 62 |9GTeMNWU7oCw5wbb|
|00000a90| 2f 33 73 69 47 34 78 5a 6d 33 6e 34 7a 53 77 76 |/3siG4xZm3n4zSwv|
|00000aa0| 32 50 49 68 49 49 56 49 43 49 49 38 38 39 64 52 |2PIhIIVICII889dR|
|00000ab0| 54 42 41 49 42 44 68 77 34 4d 4f 67 36 6b 79 5a |TBAIBDhw4MOg6kyZ|
|00000ac0| 4e 77 75 46 77 38 4c 47 50 66 65 77 69 52 69 59 |NwuFw8LGPfewiRiY|
|00000ad0| 69 49 69 4c 5a 46 61 4a 70 37 5a 76 73 39 42 6d |iIiLZFaJp7Zvs9Bm|
|00000ae0| 5a 2f 4b 46 43 62 76 77 44 6c 44 50 37 49 77 76 |Z/KFCbvwDlDP7Iwv|
|00000af0| 6f 65 6e 6f 54 4f 39 64 75 5a 4e 7a 64 4e 7a 4c |oenoTO9duZNzdNzL|
|00000b00| 64 6b 65 32 59 52 45 51 75 44 69 55 41 38 73 52 |dke2YREQuDiUA8sR|
|00000b10| 54 54 7a 32 46 32 2b 30 65 56 73 50 2b 6c 56 64 |TTz2F2+0eVsP+lVd|
|00000b20| 65 34 61 6d 6e 6e 6c 49 53 51 45 52 45 70 46 43 |e4amnnlISQEREpFC|
|00000b30| 30 62 65 50 33 72 51 6c 73 64 64 65 77 2f 4c 4b |0beP3rQlsddew/LK|
|00000b40| 4c 32 66 69 50 63 32 4c 50 46 72 5a 53 7a 30 31 |L2fiPc2LPFrZSz01|
|00000b50| 58 6c 56 2f 45 34 77 36 6c 6d 71 57 4c 61 39 6a |XlV/E4w6lmqWLa9j|
|00000b60| 33 63 68 73 62 33 6a 6a 41 39 47 57 54 73 68 32 |3chsb3jjA9GWTsh2|
|00000b70| 51 69 4d 68 46 6f 54 6b 41 38 6b 51 67 45 4f 43 |QiMhFoTkA8kQgEOC|
|00000b80| 57 57 32 34 5a 31 72 71 33 33 48 49 4c 67 55 42 |WW24Z1rq33HILgUB|
|00000b90| 67 79 50 56 43 78 39 36 6a 63 63 2b 37 66 56 37 |gyPVCx96jcc+7fV7|
|00000ba0| 76 63 65 68 6b 36 48 78 44 76 54 51 31 2f 34 35 |vcehk6HxDvTQ1/45|
|00000bb0| 76 72 2f 34 76 6e 6d 76 4f 64 69 41 69 49 6a 4c |vr/4vnmvOdiAiIjL|
|00000bc0| 36 50 42 7a 71 71 63 66 61 77 73 50 66 61 76 66 |6PBzqqcfawsPfavf|
|00000bd0| 4c 2f 38 57 33 56 2f 2b 4f 33 55 4f 74 65 4d 6e |L/8W3V/+O3UOteMn|
|00000be0| 58 49 53 47 32 62 57 6b 6a 67 49 76 35 43 79 39 |XISG2bWkjgIv5Cy9|
|00000bf0| 67 51 7a 66 63 54 74 4f 65 64 32 6b 38 34 6a 6e |gQzfcTtOed2k84jn|
|00000c00| 39 58 6d 41 58 72 32 78 71 59 38 2b 6d 78 71 48 |9XmAXr2xqY8+mxqH|
|00000c10| 50 34 34 57 55 36 54 75 71 6d 63 33 63 4b 67 69 |P44WU6Tuqmc3cKgi|
|00000c20| 33 4e 50 47 47 4c 32 75 52 69 59 68 63 56 42 6f |3NPGGL2uRiYhcVBo|
|00000c30| 42 6b 43 66 4f 4e 75 7a 2f 58 4e 66 76 62 6d 35 |BkCfONuz/XNfvbm5|
|00000c40| 69 2f 64 36 42 56 30 6f 37 77 54 32 52 76 37 68 |i/d6BV0o7wT2Rv7h|
|00000c50| 37 44 6a 55 6a 4f 71 4b 49 69 45 69 57 48 47 70 |7DjUjOqKIiEiWHGp|
|00000c60| 6b 7a 61 59 4f 34 73 43 34 2b 41 54 75 6e 57 48 |kzaYO4sC4+ATunWH|
|00000c70| 50 64 6b 51 58 56 37 69 4a 70 75 4e 41 56 51 31 |PdkQXV7iJpuNAVQ1|
|00000c80| 58 58 63 69 68 37 72 34 57 33 74 6a 55 53 6e 65 |XXcih7r4W3tjUSne|
|00000c90| 4e 6c 59 59 4a 37 74 52 37 6a 69 6b 73 62 4f 68 |NlYYJ7tR7jiksbOh|
|00000ca0| 6d 4e 78 4f 34 37 41 49 65 2b 74 7a 59 6d 54 32 |mNxO47AIe+tzYmT2|
|00000cb0| 6a 6b 6a 66 57 64 37 42 2f 6a 34 65 46 38 39 7a |jkjfWd7B/j4eF89z|
|00000cc0| 5a 44 6b 68 45 35 49 4a 54 41 6b 43 47 59 47 50 |ZDkhE5IJTAkCGYGP|
|00000cd0| 6d 6e 62 65 79 74 41 49 67 51 75 73 62 36 33 68 |mnbeytAIgQusb63h|
|00000ce0| 75 37 32 48 57 62 42 6a 50 33 79 77 65 33 32 65 |u72HWbBjP3ywe32e|
|00000cf0| 39 45 43 65 4f 48 4b 48 56 46 38 4c 73 47 73 2f |9ECeOHKHVF8LsGs/|
|00000d00| 6b 43 65 57 63 76 72 79 4b 45 77 72 34 43 47 4f |kCeWcvryKEwr4CGO|
|00000d10| 6e 31 45 48 50 65 6c 42 61 4d 34 48 4c 78 76 53 |n1EHPelBaM4HLxvS|
|00000d20| 73 46 66 50 54 31 6e 71 41 34 77 45 6e 56 5a 66 |sFfPT1nqA4wEnVZf|
|00000d30| 56 55 75 4f 77 6e 68 6c 4b 2b 41 53 48 57 74 37 |VUuOwnhlK+ASHWt7|
|00000d40| 48 47 37 50 33 33 35 5a 55 62 48 35 66 67 4a 6a |HG7P335ZUbH5fgJj|
|00000d50| 4a 51 61 6b 31 6d 6e 6c 66 36 65 31 78 55 31 73 |JQak1mnlf6e1xU1s|
|00000d60| 33 6e 6e 4c 62 49 45 4d 67 65 32 50 4a 64 4a 77 |3nnLbIEMge2PJdJw|
|00000d70| 52 78 75 4a 49 30 48 62 6f 43 4e 52 63 51 59 33 |RxuJI0HboCNRcQY3|
|00000d80| 74 7a 4f 4e 34 67 31 48 4d 52 57 35 73 6b 66 63 |tzON4g1HMRW5skfc|
|00000d90| 35 64 4f 67 45 66 6b 63 35 55 32 72 48 34 7a 54 |5dOgEfkc5U2rH4zT|
|00000da0| 33 6e 4c 65 54 37 37 4f 2f 7a 51 4e 6e 6e 4e 4d |3nLeT77O/zQNnnNM|
|00000db0| 2b 78 7a 72 57 79 72 35 4f 50 2f 54 62 56 6b 52 |+xzrWyr5OP/TbVkR|
|00000dc0| 45 55 75 49 30 4e 5a 38 67 6a 68 47 54 4b 63 48 |EUuI0NZ8gjhGTKcH|
|00000dd0| 52 2f 55 32 45 5a 6a 52 6b 4c 45 2b 39 52 31 6f |R/U2EZjRkLE+9R1o|
|00000de0| 34 35 41 76 68 72 4a 6a 45 5a 57 4f 64 67 2b 34 |45AvhrJjEZWOdg+4|
|00000df0| 78 35 6a 74 43 30 78 45 50 73 58 53 35 65 38 59 |x5jtC0xEPsXS5e8Y|
|00000e00| 4b 70 38 74 33 5a 37 79 64 66 61 31 51 4f 37 6d |Kp8t3Z7ydfa1QO7m|
|00000e10| 36 39 35 69 78 51 45 2b 5a 7a 32 42 31 33 74 6e |695ixQE+Zz2B13tn|
|00000e20| 71 31 4f 45 73 48 36 44 31 42 45 65 42 63 5a 4f |q1OEsH6D1BEeBcZO|
|00000e30| 76 47 47 53 39 49 65 71 53 63 44 66 65 43 4e 68 |vGGS9IeqScDfeCNh|
|00000e40| 63 4a 64 68 37 36 7a 38 6e 56 5a 50 72 71 4f 6d |cJdh76z8nVZPrqOm|
|00000e50| 74 53 79 50 34 66 58 46 69 41 4c 45 51 58 70 38 |tSyP4fXFiALEQXp8|
|00000e60| 48 54 41 35 4b 48 58 62 47 7a 5a 68 42 47 66 59 |HTA5KHXbGzZhBGfY|
|00000e70| 42 35 2b 6c 30 48 52 63 7a 5a 36 69 58 68 36 77 |B5+l0HRczZ6iXh6w|
|00000e80| 6a 42 35 7a 79 39 48 64 69 64 6e 50 5a 70 41 6d |jB5zy9HdidnPZpAm|
|00000e90| 55 30 75 63 37 4f 46 75 39 4f 4c 6d 61 6d 76 55 |U0uc7OFu9OLmamvU|
|00000ea0| 64 74 42 35 76 42 35 51 41 45 4a 48 38 70 36 61 |dtB5vB5QAEJH8p6a|
|00000eb0| 43 6a 49 43 56 32 6f 56 58 55 4c 74 33 46 36 32 |CjICV2oVXULt3F62|
|00000ec0| 64 48 66 68 4a 58 66 54 45 32 72 62 79 39 4c 72 |dHfhJXfTE2rby9Lr|
|00000ed0| 44 64 45 54 53 36 7a 57 44 31 63 57 63 6d 35 65 |DdETS6zWD1cWcm5e|
|00000ee0| 79 63 4b 77 4a 4f 4d 47 6d 46 31 39 6e 5a 39 68 |ycKwJOMGmF19nZ9h|
|00000ef0| 47 47 57 47 36 65 74 66 62 69 61 33 32 61 75 37 |GGWG6etfbia32au7|
|00000f00| 37 51 44 63 76 76 48 69 59 72 76 54 62 6d 37 5a |7QDcvvHiYrvTbm7Z|
|00000f10| 54 4e 6d 30 75 66 37 46 77 51 73 2b 46 53 6f 54 |TNm0uf7FwQs+FSoT|
|00000f20| 57 4c 62 39 6e 54 61 4f 50 30 2b 4d 52 64 6d 49 |WLb9nTaOP0+MRdmI|
|00000f30| 72 76 35 77 37 50 6a 71 37 5a 79 54 43 51 56 35 |rv5w7Pjq7ZyTCQV5|
|00000f40| 35 65 68 65 74 4c 67 64 6c 76 6b 44 2f 66 56 31 |5ehetLgdlvkD/fV1|
|00000f50| 39 48 58 64 55 37 4f 48 4a 44 56 31 39 74 72 64 |9HXdU7OHJDV19trd|
|00000f60| 51 4f 33 38 52 64 38 33 6f 58 39 6d 48 44 72 33 |QO38Rd83oX9mHDr3|
|00000f70| 42 54 7a 59 63 6f 37 76 76 63 57 71 6d 38 42 65 |BTzYco7vvcWqm8Be|
|00000f80| 33 4e 6c 41 2b 30 6c 6a 4b 79 36 6a 7a 64 64 45 |3NlA+0ljKy6jzddE|
|00000f90| 53 73 54 48 7a 7a 67 77 4a 67 41 4e 62 2b 4f 6d |SsTHzzgwJgANb+Om|
|00000fa0| 47 4c 6b 72 63 44 72 6f 39 70 32 2f 4a 57 49 2b |GLkrcDro9p2/JWI+|
|00000fb0| 44 61 32 36 2f 6a 71 70 33 66 73 2b 36 31 6d 69 |Da26/jqp3fs+61mi|
|00000fc0| 66 63 31 72 4b 34 6f 2f 2b 4b 62 4e 64 50 57 2f |fc1rK4o/+KbNdPW/|
|00000fd0| 35 33 6d 50 4e 66 2b 39 6b 66 35 41 2b 32 39 71 |53mPNf+9kf5A+29q|
|00000fe0| 59 75 75 52 47 2f 6d 7a 79 34 42 65 75 49 69 4b |YuuRG/mzy4BeuIiK|
|00000ff0| 46 70 59 57 6d 31 67 53 34 4a 37 4c 51 33 63 71 |FpYWm1gS4J7LQ3cq|
|00001000| 47 6c 76 66 5a 36 6d 74 67 6f 61 76 50 4b 72 34 |GlvfZ6mtgoavPKr4|
|00001010| 6d 6e 76 2b 76 58 62 54 30 72 63 64 63 59 35 6c |mnv+vXbT0rcdcY5l|
|00001020| 38 52 69 36 36 6d 38 61 31 76 32 64 39 62 39 6e |8Ri66m8a1v2d9b9n|
|00001030| 63 55 2b 37 57 44 56 69 78 70 33 79 76 72 43 6d |cU+7WDVixp3yvrCm|
|00001040| 6a 75 36 32 4c 73 4b 75 57 2b 79 5a 58 59 36 65 |ju62LsKuW+yZXY6e|
|00001050| 62 70 6e 57 2f 35 35 57 57 30 39 75 7a 61 54 73 |bpnW/55WW09uzaTs|
|00001060| 6c 6b 36 37 68 33 71 57 54 55 67 33 6b 51 42 50 |lk67h3qWTUg3kQBP|
|00001070| 50 50 7a 73 67 46 6d 73 5a 79 39 49 54 31 51 32 |PPzsgFmsZy9IT1Q2|
|00001080| 31 50 49 50 6a 62 58 37 41 52 74 58 59 44 4d 33 |1PIPjbX7ARtXYDM3|
|00001090| 2f 59 39 76 34 35 64 71 44 66 65 72 77 64 46 32 |/Y9v45dqDferwdF2|
|000010a0| 79 69 44 2b 62 58 4a 4c 61 2f 71 32 4e 50 4c 6b |yiD+bXJLa/q2NPLk|
|000010b0| 58 36 71 62 61 4f 64 72 73 50 56 33 2f 62 64 70 |X6qbaOdrsPV3/bdp|
|000010c0| 4f 32 62 54 35 33 4c 64 77 50 47 59 4f 38 73 70 |O2bT53LdwPGYO8sp|
|000010d0| 76 32 77 67 41 48 4e 2f 48 54 35 2f 65 42 7a 56 |v2wgAHN/HT5/eBzV|
|000010e0| 58 38 36 56 62 79 31 4c 58 41 4e 52 79 33 37 33 |X86Vby1LXANRy373|
|000010f0| 7a 71 41 49 49 48 4f 44 58 4c 32 36 6e 75 64 2b |zqAIIHODXL26nud+|
|00001100| 77 65 77 75 56 44 64 64 79 37 37 7a 78 71 59 76 |wewuVDddy77zxqYv|
|00001110| 54 73 39 61 52 66 53 63 78 50 50 4d 37 59 55 4d |Ts9aRfScxPPM7YUM|
|00001120| 6a 55 2b 75 73 4e 4c 66 34 71 46 33 38 55 65 36 |jU+usNLf4qF38Ue6|
|00001130| 61 6d 76 6d 38 70 4a 52 52 36 59 4c 57 6b 78 37 |amvm8pJRR6YLWkx7|
|00001140| 61 51 4b 4d 62 52 53 54 76 4b 51 45 67 49 39 4e |aQKMbRSTvKQEgI9N|
|00001150| 32 67 68 4d 41 44 6b 66 71 51 69 58 63 78 41 74 |2ghMADkfqQiXcxAt|
|00001160| 72 44 39 4e 68 4b 75 57 36 32 78 63 77 65 36 79 |rD9NhKuW62xcwe6y|
|00001170| 46 38 4c 47 39 72 46 6d 37 6a 36 31 72 4e 31 4a |F8LG9rFm7j61rN1J|
|00001180| 31 37 34 33 55 70 78 75 2b 6b 54 43 78 71 64 66 |1743Upxu+kTCxqdf|
|00001190| 77 69 66 6c 31 6c 4d 62 66 5a 2f 50 61 74 39 6e |wifl1lMbfZ/Pat9n|
|000011a0| 61 75 6f 75 66 74 68 71 70 62 4a 6a 4c 67 78 38 |auoufthqpbJjLgx8|
|000011b0| 59 6a 38 6e 58 77 6f 62 66 62 47 66 50 33 75 31 |Yj8nXwobfbGfP3u1|
|000011c0| 73 6d 44 79 42 6d 32 6f 67 31 4c 79 4a 35 78 74 |smDyBm2og1LyJ5xt|
|000011d0| 39 6d 4b 75 6d 38 42 66 4c 70 6c 46 6a 6a 64 4b |9mKum8BfLplFjjdK|
|000011e0| 32 36 30 31 65 65 4f 73 67 4c 36 78 31 38 56 63 |2601eeOsgL6x18Vc|
|000011f0| 33 39 2b 6e 52 38 49 57 77 7a 5a 33 50 67 31 64 |39+nR8IWwzZ3Pg1d|
|00001200| 58 59 2f 49 64 59 4e 33 4c 4f 39 6d 2f 61 78 4d |XY/IdYN3LO9m/axM|
|00001210| 2f 78 63 4c 6b 78 54 65 77 62 4b 71 4c 65 45 39 |/xcLkxTewbKqLeE9|
|00001220| 38 72 5a 75 33 73 6d 33 71 6e 7a 4b 37 54 38 4f |8rZu3sm3qnzK7T8O|
|00001230| 38 6f 36 57 44 79 6d 6e 58 38 49 6d 35 74 54 67 |8o6WDymnX8Im5tTg|
|00001240| 44 72 57 78 61 33 38 6a 4f 74 6e 32 38 38 45 59 |DrWxa38jOtn288EY|
|00001250| 4e 66 37 32 77 61 6d 53 78 6e 4f 6a 69 65 45 30 |Nf72wamSxnOjieE0|
|00001260| 74 31 30 30 71 6f 37 62 76 68 65 59 41 33 51 45 |t100qo7bvheYA3QE|
|00001270| 4c 31 39 33 2b 59 57 61 50 4e 65 46 74 33 73 4a |L193+YWaPNeFt3sJ|
|00001280| 7a 47 7a 72 59 2f 75 4a 76 6f 61 69 53 5a 58 66 |zGzrY/uJvoaiSZXf|
|00001290| 4e 59 37 6f 72 33 6e 4d 4d 4c 78 74 65 65 35 65 |NY7or3nMMLxtee5e|
|000012a0| 72 50 6a 49 44 4f 38 64 35 37 65 57 64 37 41 2f |rPjIDO8d57eWd7A/|
|000012b0| 61 75 4f 70 44 43 31 68 38 6d 52 74 4f 39 70 79 |auOpDC1h8mRtO9py|
|000012c0| 37 39 62 2f 44 36 62 36 56 47 79 70 47 39 5a 73 |79b/D6b6VGypG9Zs|
|000012d0| 58 45 63 6c 4e 7a 53 33 73 6a 38 4f 34 61 54 4f |XEclNzS3sj8O4aTO|
|000012e0| 59 37 51 72 77 52 73 76 41 34 64 37 48 65 65 33 |Y7QrwRsvA4d7Hee3|
|000012f0| 6c 58 62 52 45 6a 46 52 4f 61 2b 43 57 76 75 58 |lXbREjFROa+CWvuX|
|00001300| 2f 69 66 36 37 4f 76 37 47 52 74 61 33 52 72 47 |/if67Ov7GRta3RrG|
|00001310| 56 31 37 4a 73 53 51 4f 58 4f 66 77 63 65 75 74 |V17JsSQOXOfwceut|
|00001320| 74 31 75 33 4e 66 41 4e 35 52 35 75 50 32 6d 6c |t1u3NfAN5R5uP2ml|
|00001330| 54 6d 46 70 54 54 55 6e 50 39 71 2b 30 52 43 6d |TmFpTTUnP9q+0RCm|
|00001340| 5a 65 67 31 33 7a 4b 2b 6a 48 41 2f 37 4e 72 2f |Zeg13zK+jHA/7Nr/|
|00001350| 4a 53 38 33 62 65 64 72 68 34 71 38 58 56 4c 48 |JS83bedrh4q8XVLH|
|00001360| 76 6a 54 32 30 52 47 78 63 64 65 75 66 63 6c 4f |vjT20RGxcdeufclO|
|00001370| 4e 45 65 2b 37 47 2f 6e 35 35 69 37 65 65 4f 74 |NEe+7G/n55i7eeOt|
|00001380| 39 70 69 38 65 50 2b 54 79 54 4c 70 38 59 61 43 |9pi8eP+TyTLp8YaC|
|00001390| 55 79 72 45 44 46 6f 54 66 34 2f 6d 31 42 2b 6d |UyrEDFoTf4/m1B+m|
|000013a0| 49 70 4f 75 53 56 42 33 35 79 74 70 39 4e 4b 2f |IpOuSVB35ytp9NK/|
|000013b0| 66 69 4e 33 56 39 78 46 35 59 56 71 61 45 39 52 |fiN3V9xF5YVqaE9R|
|000013c0| 64 4e 35 2b 62 70 6c 62 43 69 53 5a 65 58 64 64 |dN5+bplbCiSZeXdd|
|000013d0| 4d 79 39 34 74 76 44 44 32 5a 75 36 61 65 6a 6d |My94tvDD2Zu6aejm|
|000013e0| 33 66 4f 67 45 76 2f 78 74 47 34 47 71 4b 66 7a |3fOgEv/xtG4GqKfz|
|000013f0| 56 30 6a 6f 77 4f 51 44 50 67 49 4d 65 35 2f 63 |V0jowOQDPgIMe5/c|
|00001400| 76 62 71 66 5a 5a 32 54 63 33 48 6b 73 76 37 6f |vbqfZZ2Tc3Hksv7o|
|00001410| 36 56 66 66 2f 64 6a 74 37 47 72 66 77 67 6d 73 |6Vff/djt7Grfwgms|
|00001420| 5a 64 31 31 31 4f 6f 6d 64 73 59 35 63 74 34 55 |Zd111OomdsY5ct4U|
|00001430| 70 48 31 39 41 37 54 6c 38 4a 32 65 71 6f 73 6f |pH19A7Tl8J2eqoso|
|00001440| 46 74 50 6e 70 51 67 6b 41 45 63 6c 2f 6d 67 52 |FtPnpQgkAEcl/mgR|
|00001450| 51 68 68 44 6c 30 4f 61 4e 50 4c 39 32 49 38 2b |QhhDl0OaNPL92I8+|
|00001460| 76 2f 54 2f 38 35 4f 55 32 41 74 69 59 2b 59 48 |v/T/85OU2AtiY+YH|
|00001470| 55 4a 45 4c 65 48 51 64 6f 6a 55 50 74 67 68 75 |UJELeHQdojUPtghu|
|00001480| 5a 4f 39 61 4a 47 53 76 4f 73 51 33 63 4f 37 63 |ZO9aJGSvOsQ3cO7c|
|00001490| 55 49 6c 31 73 61 2b 34 7a 61 61 43 70 6b 6f 57 |UIl1sa+4zaaCpkoW|
|000014a0| 4c 4a 31 46 75 4d 32 46 32 54 47 44 68 6b 6c 72 |LJ1FuM2F2TGDhklr|
|000014b0| 4b 41 4e 79 31 33 44 4a 76 41 6b 36 7a 43 66 75 |KANy13DJvAk6zCfu|
|000014c0| 59 53 64 77 30 76 78 49 54 55 56 72 33 48 77 63 |YSdw0vxITUVr3Hwc|
|000014d0| 38 62 4e 33 52 52 5a 77 79 46 6e 2b 6b 49 54 56 |8bN3RRZwyFn+kITV|
|000014e0| 4d 30 75 79 6b 5a 74 61 4e 58 46 63 44 34 64 61 |M0uykZtaNXFcD4da|
|000014f0| 44 37 4f 6b 37 54 59 47 37 6c 6d 57 7a 78 76 66 |D7Ok7TYG7lmWzxvf|
|00001500| 73 36 77 71 57 4c 36 6a 45 42 4a 6a 71 72 6d 62 |s6wqWL6jEBJjqrmb|
|00001510| 35 31 48 4c 73 50 66 48 64 4d 73 30 42 65 4e 6e |51HLsPfHdMs0BeNn|
|00001520| 66 30 76 2f 54 6d 75 6f 61 2b 50 6a 43 53 5a 54 |f0v/Tmuoa+PjCSZT|
|00001530| 62 72 4e 6a 48 54 47 4c 70 52 32 63 7a 31 51 72 |brNjHTGLpR2cz1Qr|
|00001540| 64 7a 58 76 5a 4e 39 4a 59 58 4c 58 63 65 65 73 |dzXvZN9JYXLXcees|
|00001550| 38 35 6c 36 56 6f 66 65 2f 6a 37 4a 70 63 33 72 |85l6Vofe/j7Jpc3r|
|00001560| 4f 6e 5a 33 79 71 64 64 78 51 35 30 52 4d 44 4a |OnZ3yqddxQ50RMDJ|
|00001570| 35 77 58 56 4d 48 32 50 76 4f 63 59 63 5a 72 71 |5wXVMH2PvOcYcZrq|
|00001580| 42 34 78 33 73 42 7a 69 30 6c 39 30 2b 4b 4a 6b |B4x3sBzi0l90+KJk|
|00001590| 32 6a 35 73 75 4b 38 64 4f 7a 37 6c 62 55 6f 75 |2j5suK8dOz7lbUou|
|000015a0| 44 4d 48 74 32 48 54 6e 58 4c 31 78 45 4a 49 2b |DMHt2HTnXL1xEJI+|
|000015b0| 45 32 4c 61 6e 43 79 69 6c 66 71 6f 64 4c 71 76 |E2LanCyilfqodLqv|
|000015c0| 6c 4d 68 4e 30 74 62 78 48 62 39 75 2b 70 7a 77 |lMhN0tbxHb9u+pzw|
|000015d0| 39 73 2f 78 76 59 48 4b 2f 4f 38 55 4f 73 4c 6b |9s/xvYHK/O8UOsLk|
|000015e0| 35 44 4b 5a 4b 6c 6e 35 30 48 6c 50 47 32 44 48 |5DKZKln50HlPG2DH|
|000015f0| 62 79 70 6d 79 63 43 6c 4c 36 7a 4a 66 54 70 56 |bypmycClL6zJfTpV|
|00001600| 4d 6d 38 39 64 43 78 74 6f 6d 46 79 4e 50 62 32 |Mm89dCxtomFyNPb2|
|00001610| 39 71 35 62 6c 50 58 55 68 74 6e 4b 6d 4c 4a 37 |9q5blPXUhtnKmLJ7|
|00001620| 44 7a 43 4c 6f 62 74 35 48 4b 78 43 50 4a 34 41 |DzCLobt5HKxCPJ4A|
|00001630| 6f 33 53 64 44 78 4c 42 53 4f 6d 4d 52 66 33 33 |o3SdDxLBSOmMRf33|
|00001640| 76 55 75 36 64 57 77 6e 44 57 4a 35 4a 4c 41 35 |vUu6dWwnDWJ5JLA5|
|00001650| 67 4f 71 50 58 78 37 74 6a 48 79 30 52 71 4a 78 |gOqPXx7tjHy0RqJx|
|00001660| 37 59 30 39 64 6b 71 6f 6a 37 31 70 57 67 34 4d |7Y09dkqoj71pWg4M|
|00001670| 77 4f 39 2f 70 50 31 39 51 57 63 4d 69 37 72 78 |wO9/pP19QWcMi7rx|
|00001680| 71 50 45 36 7a 46 65 66 59 47 64 7a 35 30 53 6c |qPE6zFefYGdz50Sl|
|00001690| 55 6b 71 42 31 78 78 36 38 57 48 47 36 65 6f 35 |UkqB1xx68WHG6eo5|
|000016a0| 68 74 6c 50 71 63 6c 4f 61 36 58 61 2b 51 33 76 |htlPqclOa6Xa+Q3v|
|000016b0| 5a 36 51 50 62 70 4e 6e 63 32 31 74 66 54 2b 4b |Z6QPbpNnc21tfT+K|
|000016c0| 6d 32 36 63 79 6a 67 53 74 6a 58 76 6f 6d 33 66 |m26cyjgStjXvom3f|
|000016d0| 4a 57 45 63 47 54 37 44 76 35 4c 6c 39 4a 79 49 |JWEcGT7Dv5Ll9JyI|
|000016e0| 69 68 55 34 6a 41 47 51 49 43 66 79 64 48 73 4c |ihU4jAGQICfydHsL|
|000016f0| 78 4b 4f 45 34 32 4b 70 71 57 62 62 77 47 71 5a |xKOE42KpqWbbwGqZ|
|00001700| 58 70 4b 36 4b 6a 6e 74 53 44 66 79 32 4e 33 2f |XpK6KjntSDfy2N3/|
|00001710| 4e 34 32 2f 32 33 53 34 4f 67 4e 39 7a 65 6a 41 |N42/23S4OgN9zejA|
|00001720| 39 44 6e 75 71 77 5a 38 32 70 67 51 6e 30 4f 55 |9DnuqwZ82pgQn0OU|
|00001730| 6f 6f 64 2b 44 67 56 78 39 37 78 4d 38 51 5a 63 |ood+DgVx97xM8QZc|
|00001740| 50 77 4d 4f 47 6e 36 39 68 77 78 6d 48 69 4b 53 |PwMOGn69hwxmHiKS|
|00001750| 57 70 78 76 59 41 2f 66 6c 37 74 6d 58 6f 33 38 |WpxvYA/fl7tmXo38|
|00001760| 58 66 4f 6b 59 4f 33 44 6d 6b 78 42 71 4c 68 73 |XfOkYO3DmkxBqLhs|
|00001770| 34 4f 33 49 64 6c 31 57 38 54 58 4f 62 6e 36 4f |4O3Idl1W8TXObn6O|
|00001780| 2b 45 63 62 69 63 71 65 47 4f 67 37 42 4f 61 62 |+EcbicqeGOg7BOab|
|00001790| 76 62 51 67 6d 79 68 79 57 31 50 76 75 76 6c 65 |vbQgmyhyW1Pvuvle|
|000017a0| 65 62 73 72 36 64 4b 52 34 6a 2f 6d 4a 41 39 33 |ebsr6dKR4j/mJA93|
|000017b0| 4e 6d 33 6c 38 66 2f 39 41 77 67 43 2b 6f 5a 2f |Nm3l8f/9AwgC+oZ/|
|000017c0| 79 49 43 4b 53 39 38 4c 76 39 55 78 2b 56 38 31 |yICKS98Lv9Ux+V81|
|000017d0| 56 4e 6f 42 4a 7a 4a 36 38 69 2f 33 4e 37 57 7a |VNoBJzJ68i/3N7Wz|
|000017e0| 76 68 4b 55 56 70 38 76 54 32 67 7a 6c 66 39 33 |vhKUVp8vT2gzlf93|
|000017f0| 59 37 65 78 76 36 2f 6e 54 35 36 45 72 44 74 52 |Y7exv6/nT56ErDtR|
|00001800| 55 55 39 39 76 50 52 50 31 74 53 35 65 61 66 47 |UU99vPRP1tS5eafG|
|00001810| 65 63 66 6a 53 73 58 31 71 67 66 54 32 76 76 64 |ecfjSsX1qgfT2vvd|
|00001820| 35 37 75 64 72 2b 71 30 58 69 77 43 45 38 41 4c |57udr+q0XiwCE8AL|
|00001830| 54 46 31 2f 4e 37 6d 64 33 30 62 4c 70 4e 56 5a |TF1/N7md30bLpNVZ|
|00001840| 74 74 6c 42 5a 55 38 33 73 44 7a 51 77 66 57 79 |ttlBZU83sDzQwfWy|
|00001850| 71 4d 56 30 2f 78 50 4a 4d 7a 43 61 41 6e 76 76 |qMV0/xPJMzCaAnvv|
|00001860| 7a 2b 30 6a 56 34 54 5a 71 61 67 66 63 4e 6c 5a |z+0jV4TZqagfcNlZ|
|00001870| 54 54 6a 6c 74 42 44 78 64 48 4f 39 39 30 30 62 |TTjltBDxdHO9900b|
|00001880| 74 35 41 48 33 79 44 74 71 71 48 48 74 6f 38 50 |t5AH3yDtqqHHto8P|
|00001890| 6e 34 7a 68 51 4f 6d 67 45 70 36 58 50 64 38 32 |n4zhQOmgEp6XPd82|
|000018a0| 45 75 76 34 4c 62 4e 56 55 75 5a 6f 35 36 76 4e |Euv4LbNVUuZo56vN|
|000018b0| 78 46 48 72 72 38 73 48 71 79 48 69 63 63 2f 70 |xFHrr8sHqyHicc/p|
|000018c0| 4f 52 45 51 4b 6e 52 49 41 4d 67 51 62 30 32 2b |OREQKnRIAMgQb02+|
|000018d0| 39 6c 61 56 73 35 53 66 50 48 36 59 37 61 4b 53 |9laVs5SfPH6Y7aKS|
|000018e0| 71 34 76 52 46 68 72 31 6e 77 68 35 6e 68 5a 75 |q4vRFhr1nwh5nhZu|
|000018f0| 79 44 48 50 71 4f 63 64 61 67 63 69 5a 43 34 62 |yDHPqOcdagciZC4b|
|00001900| 4e 51 75 6f 51 46 71 72 47 6c 6e 44 6d 49 53 79 |NQuoQFqrGlnDmISy|
|00001910| 4d 4f 30 76 76 2b 6b 6a 46 77 69 48 6f 4e 30 56 |MO0vv+kjFwiHoN0V|
|00001920| 53 2b 6f 4c 4a 51 6f 6e 4c 67 76 38 69 78 6e 49 |S+oLJQonLgv8ixnI|
|00001930| 32 4e 6b 66 71 36 41 36 33 6d 36 70 4d 39 33 7a |2Nkfq6A63m6pM93z|
|00001940| 57 6e 4f 57 65 41 78 47 52 41 68 46 71 62 75 4d |WnOWeAxGRAhFqbuM|
|00001950| 6f 59 41 71 32 38 38 72 61 6e 74 6c 68 41 67 42 |oYAq288rantlhAgB|
|00001960| 68 39 75 31 36 6e 36 57 4c 78 2f 65 57 70 32 65 |h9u16n6WLx/eWp2e|
|00001970| 57 2f 31 48 69 66 56 76 4d 56 6c 4d 71 76 78 73 |W/1HifVvMVlMqvxs|
|00001980| 4c 4d 58 44 4e 55 44 77 78 64 44 44 70 37 59 75 |LMXDNUDwxdDDp7Yu|
|00001990| 63 6a 4b 76 49 4e 42 57 66 4b 39 57 41 64 74 52 |cjKvINBWfK9WAdtR|
|000019a0| 7a 35 79 63 76 78 33 75 6b 69 61 32 37 32 74 6a |z5ycvx3ukia272tj|
|000019b0| 58 32 73 71 36 31 6c 61 32 7a 56 33 4b 78 32 65 |X2sq61la2zV3Kx2e|
|000019c0| 35 68 31 36 65 51 5a 6e 4c 42 6f 54 6f 36 41 54 |5h16eQZnLBoTo6AT|
|000019d0| 36 33 42 36 57 72 73 4e 37 63 76 59 5a 47 44 48 |63B6WrsN7cvYZGDH|
|000019e0| 31 4c 6b 37 30 4a 43 72 36 53 6b 41 4d 73 41 36 |1Lk70JCr6SkAMsA6|
|000019f0| 63 34 47 39 77 36 66 4f 64 47 70 61 51 65 54 4c |c4G9w6fOdGpaQeTL|
|00001a00| 65 59 56 2b 63 6e 75 39 33 41 6f 43 48 72 67 42 |eYV+cnu93AoCHrgB|
|00001a10| 51 35 4f 7a 66 53 53 45 69 6b 71 65 55 41 4d 67 |Q5OzfSSEikqeUAMg|
|00001a20| 54 6b 79 61 4e 37 4c 6d 2b 49 31 32 66 69 74 6e |TkyaN7Lm+I12fitn|
|00001a30| 63 4e 4c 57 4e 35 35 6f 50 38 38 71 57 4b 2f 68 |cNLWN55oP88qWK/h|
|00001a40| 6b 7a 37 32 54 74 54 55 75 61 4f 37 43 58 4e 58 |kz72TtTUuaO7CXNX|
|00001a50| 41 6e 62 33 33 55 38 59 35 63 57 67 50 72 51 45 |Anb33U8Y5cWgPrQE|
|00001a60| 72 35 54 56 75 36 4e 4e 2f 4d 48 4c 6a 71 61 32 |r5TVu6NN/MHLjqa2|
|00001a70| 41 50 57 30 6d 78 73 31 66 78 4d 49 78 36 66 64 |APW0mxs1fxMIx6fd|
|00001a80| 50 73 47 2f 50 2b 2f 6a 4e 37 72 50 65 58 7a 39 |PsG/P+/jN7rPeXz9|
|00001a90| 53 52 33 63 31 30 6a 5a 6a 33 75 6c 37 41 45 38 |SR3c10jZj3ul7AE8|
|00001aa0| 32 73 72 30 4e 63 4a 56 51 77 33 6a 4d 46 7a 47 |2sr0NcJVQw3jMFzG|
|00001ab0| 57 73 37 48 58 75 43 6e 42 68 39 39 56 79 35 33 |Ws7HXuCnBh99Vy53|
|00001ac0| 4c 54 6e 2b 58 2f 6d 50 76 73 61 38 7a 68 48 50 |LTn+X/mPvsa8zhHP|
|00001ad0| 73 34 45 4e 42 52 55 51 4b 67 34 65 74 65 33 32 |s4ENBRUQKg4ete32|
|00001ae0| 41 45 58 4d 34 77 4e 46 6a 36 5a 46 52 63 55 78 |AEXM4wNFj6ZFRcUx|
|00001af0| 41 34 45 67 4c 72 59 79 6e 74 71 63 38 50 62 70 |A4EgLrYyntqc8Pbp|
|00001b00| 33 44 79 64 6d 7a 44 34 39 69 75 78 59 49 39 76 |3DydmzD49iuxYI9v|
|00001b10| 36 56 6c 2b 32 47 71 70 63 2b 7a 68 36 2f 48 32 |6Vl+2Gqpc+zh6/H2|
|00001b20| 32 6e 6d 7a 6f 55 77 65 30 73 32 6e 58 4d 4f 34 |2nmzoUwe0s2nXMO4|
|00001b30| 33 54 32 38 66 73 44 50 39 35 6b 57 6e 65 36 77 |3T28fsDP95kWne6w|
|00001b40| 44 37 37 50 37 30 41 6c 69 6a 6d 72 47 34 57 48 |D77P70AlijmrG4WH|
|00001b50| 33 68 6b 61 61 41 69 37 6d 33 6a 79 62 70 52 4e |3hkaaAi7m3jybpRN|
|00001b60| 6d 73 4a 51 57 66 76 33 7a 74 32 6e 65 2b 78 34 |msJQWfv3zt2ne+x4|
|00001b70| 6e 5a 6c 33 42 30 62 4d 75 6e 39 4e 2f 46 46 79 |nZl3B0bMun9N/FFy|
|00001b80| 50 71 72 46 4f 32 4e 76 46 38 62 59 51 39 45 6b |PqrFO2NvF8bYQ9Ek|
|00001b90| 2b 70 4f 76 77 66 58 75 50 73 48 54 73 68 4e 37 |+pOvwfXuPsHTshN7|
|00001ba0| 33 2f 58 75 4f 30 41 59 34 61 73 5a 54 54 72 6f |3/XuO0AY4asZTTro|
|00001bb0| 57 6a 37 4c 2f 6e 53 62 38 74 39 61 66 62 75 77 |Wj7L/nSb8t9afbuw|
|00001bc0| 66 61 71 49 70 43 4e 53 34 68 33 33 76 66 4c 72 |faqIpCNS4h33vfLr|
|00001bd0| 2b 61 6d 33 65 68 66 2b 71 68 74 50 37 4f 6e 61 |+am3ehf+qhtP7Ona|
|00001be0| 51 51 7a 36 67 71 70 4b 36 73 32 7a 66 7a 2f 6c |QQz6gqpK6s2zfz/l|
|00001bf0| 2b 4a 7a 33 72 48 76 55 41 56 58 59 6c 41 45 53 |+Jz3rHvUAVXYlAES|
|00001c00| 6b 49 43 67 42 6b 43 63 63 44 67 65 76 76 50 49 |kICgBkCccDgevvPI|
|00001c10| 4b 74 39 78 79 79 35 44 72 76 76 4c 4b 4b 7a 67 |Kt9xyy5DrvvLKKzg|
|00001c20| 63 49 33 30 51 73 49 6e 61 2b 66 58 55 37 74 39 |cI30QsIna+fXU7t9|
|00001c30| 46 36 36 36 74 4e 4d 37 34 55 78 6f 63 77 4e 53 |F666tNM74UxocwNS|
|00001c40| 72 75 65 61 64 31 39 6e 65 75 4a 46 66 42 75 75 |ruead19neuJFfBuu|
|00001c50| 59 57 57 55 6b 66 4c 79 4e 72 63 30 2b 77 71 36 |YWWUkfLyNrc0+wq6|
|00001c60| 4a 33 48 66 56 4f 58 32 63 66 73 65 64 50 6e 38 |J3HfVOX2cfsedPn8|
|00001c70| 69 6d 35 38 2f 7a 4e 59 58 31 2b 47 66 56 63 4d |im58/zNYX1+GfVcM|
|00001c80| 34 61 34 4b 6a 65 77 2b 77 35 30 53 43 6b 71 75 |4a4Kjew+w50SCkqu|
|00001c90| 76 70 2b 47 73 73 2f 75 4f 6b 4b 2b 56 58 7a 30 |vp+Gss/uOkK+VXz0|
|00001ca0| 64 59 6b 35 44 47 53 55 2b 44 39 76 33 48 71 4d |dYk5DGSU+D9v3HqM|
|00001cb0| 4c 49 33 56 7a 47 36 6a 43 52 4e 58 46 6a 4f 56 |LI3VzG6jCRNXFjOV|
|00001cc0| 73 4b 68 70 59 57 50 73 2b 72 37 52 73 35 79 64 |sKhpYWPs+r7Rs5yd|
|00001cd0| 72 50 63 79 70 73 34 43 76 67 38 32 4e 58 51 53 |rPcyps4Cvg82NXQS|
|00001ce0| 73 5a 64 78 79 37 34 79 4c 46 49 69 49 79 43 58 |sZdxy74yLFIiIyCX|
|00001cf0| 71 35 48 76 73 39 77 41 31 56 2f 48 5a 57 2f 73 |q5Hvs9wA1V/HZW/s|
|00001d00| 50 45 47 2f 64 73 49 62 6e 6d 6a 76 59 33 51 61 |PEG/dsIbnmjvY3Qa|
|00001d10| 31 4e 54 33 6c 61 65 74 42 66 76 57 73 6e 35 6c |1NT3laetBfvWsn5l|
|00001d20| 58 75 79 6e 78 64 62 47 31 73 61 50 50 45 32 45 |XuynxdbG1saPPE2E|
|00001d30| 41 71 72 68 75 62 68 6c 4e 36 37 76 59 2b 75 4a |AqrhubhlN67vY+uJ|
|00001d40| 61 76 4e 4e 71 71 58 56 46 32 64 39 34 6b 4a 5a |avNNqqXVF2d94kJZ|
|00001d50| 68 74 54 58 54 32 33 66 77 79 74 4d 62 4f 64 35 |htTXT23fwytMbOd5|
|00001d60| 51 52 67 6c 52 39 72 39 7a 6b 4a 61 67 6b 62 6f |QRglR9r9zkJagkbo|
|00001d70| 6c 56 39 43 41 6e 56 49 38 74 4c 52 32 63 48 77 |lV9CAnVI8tLR2cHw|
|00001d80| 74 7a 4b 2b 7a 45 44 37 65 52 6b 73 45 54 44 58 |tzK+zED7eRksETDX|
|00001d90| 6c 6c 4f 4d 6d 63 4e 62 6c 67 36 67 72 5a 78 78 |llOMmcNblg6grZxx|
|00001da0| 64 48 47 31 70 67 52 6c 39 7a 6b 57 36 44 6d 39 |dHG1pgRl9zkW6Dm9|
|00001db0| 2b 69 35 38 45 4f 70 6a 54 73 37 2b 74 7a 54 37 |+i58EOpjTs7+tzT7|
|00001dc0| 69 31 6a 49 57 7a 75 30 2f 71 57 43 34 62 52 63 |i1jIWzu0/qWC4bRc|
|00001dd0| 2f 2f 36 38 54 7a 4a 6e 6d 67 68 50 74 62 4e 76 |//68TzJnmghPtbNv|
|00001de0| 72 4a 59 79 4e 61 2b 62 33 37 4c 50 43 54 53 6d |rJYyNa+b37LPCTSm|
|00001df0| 74 64 48 63 65 34 66 64 37 49 70 53 35 4a 74 41 |tdHce4fd7IpS5JtA|
|00001e00| 77 67 66 37 53 39 56 66 72 50 6e 37 2b 58 33 37 |wgf7S9VfrPn7+X37|
|00001e10| 6d 54 48 4e 68 36 7a 33 66 4e 6d 59 75 75 4f 72 |mTHNh6z3fNmYuuOr|
|00001e20| 73 6a 7a 54 4d 65 45 37 50 39 54 73 42 39 72 66 |sjzTMeE7P9TsB9rf|
|00001e30| 54 42 70 54 56 31 49 33 67 75 43 49 69 75 55 73 |TBpTV1I3guCIiuUs|
|00001e40| 4a 67 44 7a 78 73 59 39 39 6a 4b 65 65 65 6f 71 |JgDzxsY99jKeeeoq|
|00001e50| 66 2f 4f 51 6e 48 44 68 77 59 4e 44 31 4a 6b 32 |f/OQnHDhwYND1Jk2|
|00001e60| 61 68 4d 50 68 34 47 4d 66 2b 39 6a 49 44 32 4b |ahMPh4GMf+9jID2K|
|00001e70| 72 35 35 61 35 4c 66 78 6f 73 35 64 4e 62 78 79 |r55a5Lfxos5dNbxy|
|00001e80| 67 59 64 6b 6b 6f 49 6f 62 37 70 71 50 2b 65 57 |gYdkkoIob7pqP+eW|
|00001e90| 33 32 64 71 38 6a 2f 58 4e 71 56 55 64 56 62 58 |32dq8j/XNqVUdVbX|
|00001ea0| 63 73 57 7a 4f 73 4f 36 42 48 31 4c 46 48 44 35 |csWzOsO6BH1LFHD5|
|00001eb0| 35 4b 7a 7a 33 32 6d 48 32 76 4e 58 4d 48 67 41 |5Kzz32mH2vNXMHgA|
|00001ec0| 73 6a 4a 73 32 6d 2b 55 4c 52 75 55 49 76 57 72 |sjJs2m+ULRuUIvWr|
|00001ed0| 6e 58 6f 4e 6a 62 79 4e 62 4e 33 57 6b 33 6a 44 |nXoNjbyNbN3Wk3jD|
|00001ee0| 5a 71 4c 74 75 41 58 64 4f 74 6c 2f 30 57 4d 37 |ZqLtuAXdOtl/0WM7|
|00001ef0| 4f 54 76 33 4e 53 2b 47 31 6a 62 78 36 34 43 44 |OTv3NS+G1jbx64CD|
|00001f00| 72 57 33 76 43 64 56 57 79 35 4d 50 58 6e 58 37 |rW3vCdVWy5MPXnX7|
|00001f10| 79 67 6f 68 49 67 54 72 52 33 45 45 58 52 69 5a |ygohIgTrR3EEXRiZ|
|00001f20| 50 6d 33 4c 47 73 74 71 70 6c 54 69 61 32 32 68 |Pm3LGstqplTia22h|
|00001f30| 36 39 77 41 33 31 55 79 69 2f 75 5a 46 68 4e 61 |69wA31Uyi/uZFhNa|
|00001f40| 2b 79 59 62 57 59 32 7a 64 64 41 77 77 55 6a 62 |+yYbWY2zddAwwUjb|
|00001f50| 31 57 71 37 7a 76 63 32 6d 74 74 50 62 32 53 63 |1Wq7zvc2mttPb2Sc|
|00001f60| 76 34 69 2f 43 6d 33 68 68 63 77 66 4e 6a 63 30 |v4i/Cm3hhcwfNjc0|
|00001f70| 30 41 79 5a 33 44 58 66 4d 44 66 48 43 57 31 31 |0AyZ3DXfMDfHCW11|
|00001f80| 6e 48 47 63 67 2b 2b 52 46 33 4d 65 62 50 4c 66 |nHGcg++RF3MebPLf|
|00001f90| 68 32 4b 44 31 54 4f 33 69 47 37 67 6c 31 72 39 |h2KD1TO3iG7gl1r9|
|00001fa0| 73 74 35 58 58 73 6e 7a 68 70 47 45 74 7a 38 68 |st5XXsnzhpGEtz8h|
|00001fb0| 57 54 33 33 56 50 6f 36 32 48 57 46 62 75 4c 37 |WT33VPo62HWFbuL7|
|00001fc0| 50 30 32 2b 71 75 4f 47 75 36 79 6e 37 37 52 59 |P02+quOGu6yn77RY|
|00001fd0| 32 74 4a 37 65 6e 36 4f 71 6c 74 75 57 58 73 75 |2tJ7en6OqltuWXsu|
|00001fe0| 55 66 6e 30 46 4e 6d 59 75 75 51 4c 76 57 37 76 |Ufn0FNmYuuQLvW7v|
|00001ff0| 59 74 4b 6e 6e 72 61 4a 53 5a 69 35 65 30 4f 65 |YtKnnraJSZi5e0Oe|
|00002000| 70 4d 31 4f 34 72 75 45 49 61 78 71 39 62 4e 2f |pM1O4ruEIaxq9bN/|
|00002010| 6b 68 52 6f 72 44 52 4d 47 39 71 75 6e 36 69 2f |khRorDRMG9qun6i/|
|00002020| 54 47 31 74 34 62 57 39 62 37 37 35 4d 72 6b 71 |TG1t4bW9b775Mrkq|
|00002030| 57 66 47 67 2b 44 52 57 5a 62 77 73 59 54 4b 62 |WfGg+DRWZbwsYTKb|
|00002040| 76 78 46 5a 65 79 78 31 7a 2f 63 50 34 54 6b 4a |vxFZeyx1z/cP4TkJ|
|00002050| 73 65 37 65 44 4f 41 34 6d 54 38 31 38 2b 34 53 |se7eDOA4mT818+4S|
|00002060| 49 53 4c 34 78 4a 4a 50 4a 5a 4c 61 44 6b 48 77 |ISL4xJJPJZLaDkHw|
|00002070| 52 77 75 2b 4c 59 48 4b 56 58 4c 67 73 65 72 67 |Rwu+LYHKVXLgserg|
|00002080| 62 62 39 78 4b 71 65 4d 43 35 2b 6c 6a 66 72 77 |bb9xKqeMC5+ljfrw|
|00002090| 52 30 39 6d 50 63 37 46 69 47 56 49 45 76 79 38 |R09mPc7FiGVIEvy8|
|000020a0| 41 52 57 36 63 53 75 6d 4a 46 4c 7a 4f 7a 6b 34 |ARW6cSumJFLzOzk4|
|000020b0| 71 4b 76 51 63 30 48 4d 54 77 75 2b 4c 59 33 4d |qKvQc0HMTwu+LY3M|
|000020c0| 35 68 2b 67 68 69 52 4d 4b 2b 49 68 62 7a 37 33 |5h+ghiRMK+Ihbz73|
|000020d0| 63 6a 51 55 38 2b 48 46 6b 6e 69 6b 66 47 4c 70 |cjQU8+HFknikfGLp|
|000020e0| 73 48 32 48 5a 66 32 67 6a 6a 2f 2b 32 41 39 50 |sH2HZf2gjj/+2A9P|
|000020f0| 55 75 66 7a 4e 34 6f 48 64 38 75 6e 39 68 54 4c |UufzN4oHd8un9hTL|
|00002100| 57 34 63 66 66 65 4a 6b 6e 39 38 4c 4d 4f 32 39 |W4cffeJkn98LMO29|
|00002110| 6c 61 51 55 39 39 5a 2f 39 4c 4c 45 50 31 2f 6d |laQU99Z/9LLEP1/m|
|00002120| 66 78 2f 50 61 31 37 45 74 2f 4f 54 46 56 76 77 |fx/Pa17Et/OTFVvw|
|00002130| 31 56 2f 50 67 72 66 55 61 41 53 41 69 6c 37 7a |1V/PgrfUaASAil7z|
|00002140| 75 37 75 36 68 56 78 71 43 6e 70 45 69 6f 38 69 |u7u6hVxqCnpEio8i|
|00002150| 4f 38 30 49 32 2f 67 46 73 4a 52 65 6e 77 57 31 |O80I2/gFsJRenwW1|
|00002160| 32 44 6e 32 63 69 78 58 4c 6b 4b 77 34 58 57 72 |2Dn2cixXLkKw4XWr|
|00002170| 38 69 34 69 63 50 7a 76 4f 49 52 76 2f 41 43 62 |8i4icPzvOIRv/ACb|
|00002180| 73 6a 76 4d 72 64 38 32 4f 51 52 36 54 31 32 75 |sjvMrd82OQR6T12u|
|00002190| 6f 73 6e 32 45 5a 66 39 6c 31 37 4b 34 78 6b 69 |osn2EZf9l17K4xki|
|000021a0| 67 75 5a 48 58 6a 6d 57 61 39 63 38 36 2f 44 72 |guZHXjmWa9c86/Dr|
|000021b0| 63 56 6a 49 4b 6a 58 38 59 6a 66 4e 34 37 76 74 |cVjIKjX8YjfN47vt|
|000021c0| 71 35 37 58 31 72 58 54 6a 59 75 45 53 4e 66 35 |q57X1rXTjYuESNf5|
|000021d0| 46 70 48 41 6f 41 53 41 69 49 69 4b 53 39 35 78 |FpHAoASAiIiKS95x|
|000021e0| 4d 76 33 55 42 31 35 51 6e 61 46 71 2f 68 58 30 |Mv3UB15QnaFq/hX0|
|000021f0| 44 6e 77 6c 59 55 43 4c 73 32 37 43 4e 70 72 43 |DnwlYUCLs27CNprC|
|00002200| 44 71 55 75 75 59 2f 5a 49 70 30 55 53 45 63 6c |DqUuuY/ZIp0USEcl|
|00002210| 68 36 6a 4d 55 45 52 45 52 4b 51 6a 56 33 50 44 |h6jMUERERKQjV3PD|
|00002220| 52 35 64 79 51 37 54 43 79 7a 73 71 55 78 54 63 |R5dyQ7TCyzsqUxTc|
|00002230| 7a 5a 58 47 32 34 78 41 52 75 66 67 30 42 34 43 |zZXG24xARufg0B4C|
|00002240| 49 69 45 67 65 30 52 77 41 49 69 49 69 2b 55 6c |IiEge0RwAIiIi+Ul|
|00002250| 7a 41 49 69 49 69 49 69 49 69 49 6a 49 73 43 67 |zAIiIiIiIiIjIsCg|
|00002260| 42 49 43 49 69 49 69 49 69 49 6c 49 41 6c 41 41 |BICIiIiIiIlIAlAA|
|00002270| 51 45 52 45 52 45 52 45 52 4b 51 42 4b 41 49 69 |QERERERERKQBKAIi|
|00002280| 49 69 49 69 49 69 49 67 55 41 43 55 41 52 45 52 |IiIiIiIgUACUARER|
|00002290| 45 52 45 52 45 52 41 71 41 45 67 41 69 49 69 49 |ERERERAqAEgAiIiI|
|000022a0| 69 49 69 49 69 42 55 41 4a 41 42 45 52 45 52 45 |iIiIiBUAJABERERE|
|000022b0| 52 45 5a 45 43 6f 41 53 41 69 49 69 49 69 49 69 |REZECoASAiIiIiIi|
|000022c0| 49 53 41 46 51 41 6b 42 45 52 45 52 45 52 45 53 |ISAFQAkBERERERES|
|000022d0| 6b 41 43 67 42 49 43 49 69 49 69 49 69 49 6c 49 |kACgBICIiIiIiIlI|
|000022e0| 41 7a 4e 6b 4f 51 4c 4c 76 70 44 2f 4a 6d 72 64 |AzNkOQLLvpD/Jmrd|
|000022f0| 44 76 48 73 6b 79 6c 46 50 67 71 4d 6e 45 37 53 |DvHskylFPgqMnE7S|
|00002300| 64 6a 48 50 55 6b 38 41 66 54 6d 59 37 50 42 48 |djHPUk8AfTmY7PBH|
|00002310| 4a 63 55 36 62 67 58 46 75 49 7a 56 6a 54 49 77 |JcU6bgXFuIzVjTIw|
|00002320| 62 59 32 53 63 32 38 69 4d 43 52 61 57 58 32 74 |bY2Sc28iMCRaWX2t|
|00002330| 6e 6a 4e 4f 51 37 66 42 45 42 70 56 49 4a 49 68 |njNOQ7fBEBpVIJIh|
|00002340| 45 49 73 52 69 4d 52 4b 4a 52 4c 2b 58 69 4d 68 |EIsRiMRKJRL+XiMh|
|00002350| 6f 4d 78 71 4e 2f 56 35 6d 73 78 6d 72 31 59 72 |oMxqN/V5msxmr1Yr|
|00002360| 52 71 44 35 62 47 54 32 47 5a 44 4b 70 46 6c 34 |RqD5bGT2GZDKpFl4|
|00002370| 42 4f 74 77 5a 35 37 2b 33 68 6e 6a 70 6e 54 44 |BOtwZ57+3hnjpnTD|
|00002380| 2f 30 78 51 68 72 6c 2b 42 69 46 78 6b 4a 67 4e |/0xQhrl+BiFxkJgN|
|00002390| 63 64 36 57 56 32 32 62 62 75 48 32 4f 6e 59 6b |cd6WV22bbuH2OnYk|
|000023a0| 56 70 6d 79 48 6c 42 63 36 4f 7a 75 70 71 4b 6a |VpmyHlBc6OzupqKj|
|000023b0| 49 64 68 67 35 4b 78 61 4c 45 51 36 48 69 55 51 |Idhg5KxaLEQ6HiUQ|
|000023c0| 69 78 4f 50 78 62 49 63 6a 49 6f 4c 4a 5a 4d 4a |ixOPxbIcjIoLJZMJ|
|000023d0| 71 74 57 4b 7a 32 54 43 62 31 58 39 62 79 4c 71 |qtWKz2TCb1X9byLq|
|000023e0| 37 75 38 39 37 48 30 6f 41 46 4a 69 39 2f 7a 66 |7u897H0oAFJi9/zf|
|000023f0| 47 56 33 37 6c 34 35 55 64 34 57 79 48 49 69 4c |GV37l45Ud4WyHIiL|
|00002400| 53 7a 79 32 7a 62 50 7a 72 50 53 36 6d 31 2b 72 |Szy2zbPzrPS6m1+r|
|00002410| 69 35 6e 77 6f 41 58 42 75 59 72 45 59 66 72 2b |i5nwoAXBuYrEYfr+|
|00002420| 66 61 44 54 61 2b 35 37 42 59 4d 42 69 73 57 43 |faDTa+57BYMBisWC|
|00002430| 78 57 48 70 37 35 45 77 6d 6b 33 72 6a 52 4f 53 |xWHp75Ewmk3rjROS|
|00002440| 43 53 43 51 53 78 4f 50 78 33 70 46 47 30 57 69 |CSCQSxOPx3pFG0Wi|
|00002450| 55 61 44 52 4b 33 2b 61 61 78 57 4c 42 36 58 51 |UaDRK3+aaxWLB6XQ|
|00002460| 71 45 56 43 67 6c 41 43 51 59 54 76 53 47 65 64 |qEVCglACQYTvSGed|
|00002470| 72 2f 2f 38 70 6e 76 36 66 49 41 6c 39 34 79 4a |r//8pnv6fIAl94yJ|
|00002480| 79 69 54 49 61 34 4e 34 2f 4b 65 4b 62 48 79 32 |yiTIa4N4/KeKbHy2|
|00002490| 6d 72 6c 49 6a 41 73 36 46 45 67 41 6a 45 34 2f |mrlIjAs6FEgAjE4/|
|000024a0| 48 43 51 51 43 68 4d 4f 70 78 4c 6a 52 61 4b 53 |HCQQChMOpxLjRaKS|
|000024b0| 6f 71 41 69 72 31 59 72 4a 70 4e 2b 67 69 47 52 |oqAir1YrJpN+giGR|
|000024c0| 66 4c 42 59 6a 47 6f 30 53 44 41 5a 37 62 30 47 |fLBYjGo0SDAZ7b0G|
|000024d0| 79 32 57 77 34 6e 55 34 6c 4a 41 75 4d 45 67 41 |y2Ww4nU4lJAuMEgA|
|000024e0| 79 4c 44 2f 39 66 5a 44 50 2f 38 4a 4c 4d 44 72 |yLD/9fZDP/8JLMDr|
|000024f0| 30 75 69 49 69 6c 34 49 69 43 7a 7a 2b 69 56 49 |0uiIil4IiCzz+iVI|
|00002500| 65 57 46 79 55 37 56 42 79 6a 68 49 41 77 78 63 |eWFyU7VByjhIAwxc|
|00002510| 4f 68 2f 48 35 66 45 43 71 74 39 2f 68 63 46 42 |Oh/H5fECqt9/hcFB|
|00002520| 55 70 4e 2b 63 69 46 79 36 67 73 45 67 67 55 43 |UpN+ciFy6gsEggUC|
|00002530| 67 64 31 52 41 53 55 6b 4a 56 71 73 31 79 31 48 |gd1RASUkJVqs1y1H|
|00002540| 4a 78 61 49 45 67 4a 7a 56 71 56 43 53 76 2f 79 |JxaIEgJzVqVCSv/y|
|00002550| 68 68 7a 58 76 61 4c 69 2f 69 4f 53 6d 4f 2b 66 |hhzXvaLi/iOSmO+f|
|00002560| 61 2b 66 6d 6e 53 33 45 56 61 62 4c 41 34 56 49 |a+fmnS3EVabLA4VI|
|00002570| 43 59 48 69 43 77 53 42 2b 76 78 38 41 75 39 32 |CYHiCwSB+vx8Au92|
|00002580| 4f 30 2b 6e 45 59 4e 44 76 54 45 51 75 66 63 6c |O0+nEYNDvTEQufcl|
|00002590| 6b 6b 6c 4f 6e 54 76 57 4f 58 43 6f 75 4c 73 5a |kklOnTvWOXCouLsZ|
|000025a0| 75 74 32 63 35 4b 72 6b 59 52 69 4d 42 6f 44 45 |ut2c5KrkYRiMBoDE|
|000025b0| 6a 65 57 72 62 77 53 67 4e 58 2b 6c 55 34 31 39 |jeWrbwSgNX+lU419|
|000025c0| 45 63 74 72 7a 62 34 57 59 2f 51 2b 64 37 44 6f |Ectrzb4WY/Q+d7Do|
|000025d0| 53 79 33 59 6f 6b 6b 64 4f 6e 54 72 56 32 2f 67 |Sy3YokkdOnTrV2/g|
|000025e0| 76 4c 69 36 6d 75 4c 68 59 6a 58 38 52 79 52 6b |vLi6muLhYjX8RyRk|
|000025f0| 47 67 77 47 58 79 34 58 54 36 51 54 36 6c 32 6b |GgwGXy4XT6QT6l2k|
|00002600| 69 51 31 45 43 49 41 39 39 39 7a 64 2b 50 76 69 |iQ1ECIA999zd+Pvi|
|00002610| 4e 45 78 77 34 72 74 6d 4c 52 53 54 33 37 57 75 |NExw4rtmLRST37Wu|
|00002620| 50 4d 2f 64 72 6e 54 79 78 49 5a 6a 74 55 43 51 |PM/drnTyxIZjtUCQ|
|00002630| 50 2b 50 31 2b 51 71 45 51 42 6f 4f 42 30 74 4a |P+P1+QqEQBoOB0tJ|
|00002640| 53 39 5a 71 4a 53 4d 34 71 4b 69 71 69 74 4c 51 |S9ZqJSM4qKiqitLQ|
|00002650| 55 67 38 48 51 62 31 53 54 79 4e 6b 6f 41 5a 42 |Ug8HQb1STyNkoAZB|
|00002660| 6e 2f 76 42 65 6c 4b 2f 38 79 6b 64 55 62 58 38 |n/vBelK/8ykdUbX8|
|00002670| 52 79 53 50 42 4b 44 7a 34 68 4a 66 2f 61 64 4a |RySPBKDz4hJf/adJ|
|00002680| 6b 4a 6e 4c 75 77 75 45 77 77 57 41 51 67 38 47 |kJnLuwuEwwWAQg8G|
|00002690| 41 32 2b 33 47 59 72 46 6b 4f 79 51 52 6b 66 4e |A2+3GYrFkOyQRkfN|
|000026a0| 69 73 56 68 77 75 39 32 39 53 59 44 30 62 51 45 |isVhwu929SYD0bQE|
|000026b0| 69 67 31 45 43 49 49 2f 38 33 78 4d 4a 62 76 31 |ig1ECII/83xMJbv1|
|000026c0| 32 6c 78 72 2f 49 70 4b 58 6f 6e 48 34 79 4c 2b |2lxr/IpKXonH4yL+|
|000026d0| 66 70 50 56 45 49 74 75 68 53 41 36 4b 78 57 4b |fpPVEItuhSA6KxWK|
|000026e0| 39 45 2f 36 56 6c 4a 52 6f 68 6e 38 52 79 52 73 |9E/6VlJRohn8RyRs|
|000026f0| 6d 6b 34 6d 53 6b 68 49 41 66 44 34 66 73 5a 68 |mk4mSkhIAfD4fsZh|
|00002700| 75 6d 35 50 42 4b 51 47 51 4a 37 71 44 53 57 37 |um5PBKQGQJ7qDSW7|
|00002710| 2b 56 68 65 64 50 73 33 70 4b 43 4c 35 71 38 4f |+VhedPs3pKCL5q8O|
|00002720| 58 34 4c 5a 76 64 78 47 4d 5a 44 73 53 79 53 57 |X4LZvdxGMZDsSySW|
|00002730| 4a 52 41 4b 76 31 77 75 6b 37 76 6c 58 7a 37 2b |JRAKv1wuk7vlXz7+|
|00002740| 49 35 42 75 4c 78 55 4a 78 63 54 45 41 58 71 2b |I5BuLxUJxcTEAXq+|
|00002750| 33 39 33 47 42 49 67 4d 70 41 5a 41 6e 2f 6d 58 |393GBIgMpAZAn/mX|
|00002760| 4e 4b 64 37 56 4a 46 6b 69 55 67 42 76 63 6f 72 |NKd7VJFkiUgBvcor|
|00002770| 61 41 41 41 67 41 45 6c 45 51 56 52 32 74 4d 54 |aAAAgAElEQVR2tMT|
|00002780| 34 70 78 64 38 32 51 35 44 63 6f 6a 50 35 79 4f |4pxd82Q5DcojP5yO|
|00002790| 5a 54 47 4b 33 32 33 58 50 76 34 6a 6b 72 58 51 |ZTGK323XPv4jkrXQ|
|000027a0| 5a 6c 33 35 4b 67 45 67 6d 53 67 44 6b 67 63 4f |Zl35KgEgmSgDkgcO|
|000027b0| 64 63 56 62 39 52 70 4e 2b 69 45 6a 68 2b 4e 36 |dcVb9RpN+iEjh+N6|
|000027c0| 72 66 6c 6f 36 64 4c 2b 54 44 43 30 57 69 78 47 |rflo6dL+TDC0WixG|
|000027d0| 4e 52 6a 45 61 6a 62 32 39 59 79 49 69 2b 61 71 |NRjEajb29YyIi+aq|
|000027e0| 34 75 42 69 6a 30 55 67 6b 45 74 47 74 41 4a 4b |4uBij0UgkEtGtAJK|
|000027f0| 52 45 67 42 35 34 43 75 2f 38 68 48 57 2f 32 38 |REgB54Cu/8hHW/28|
|00002800| 52 4b 53 43 68 4b 44 7a 38 6a 45 59 42 79 4e 44 |RKSChKDz8jEYByND|
|00002810| 53 73 32 49 37 48 49 34 73 52 79 49 69 63 6e 47 |Ss2I7HI4sRyIicnG|
|00002820| 6b 79 37 74 41 49 4a 44 6c 53 4f 52 53 70 41 52 |ky7tAIJDlSORSpAR|
|00002830| 41 6a 74 75 79 4c 38 70 7a 66 77 68 6c 4f 77 77 |AjtuyL8pzfwhlOww|
|00002840| 52 6b 59 76 75 75 54 2b 45 32 4e 32 71 37 4b 63 |RkYvuuT+E2N2q7Kc|
|00002850| 4d 72 6d 2f 76 76 34 62 2b 69 30 69 68 73 4e 76 |Mrm/vv4b+i0ihsNv|
|00002860| 74 47 67 55 67 67 31 49 43 49 4d 65 70 42 30 78 |tGgUgg1ICIMepB0x|
|00002870| 45 43 74 6d 58 6e 75 72 4f 64 67 68 79 43 51 73 |ECtmXnurOdghyCQs|
|00002880| 47 67 77 42 71 2f 49 74 49 77 55 6d 58 65 36 47 |GgwBq/ItIwUmXe6G|
|00002890| 51 4f 67 71 6c 50 79 55 41 63 6c 68 54 57 34 7a |QOgqlPyUAclhTW4z|
|000028a0| 58 2f 36 69 70 73 45 57 6b 63 50 33 32 33 51 68 |X/6ipsEWkcP323Qh|
|000028b0| 4e 62 65 72 64 6b 4d 77 69 6b 56 51 64 61 62 56 |NberdkMwikVQdabV|
|000028c0| 61 73 78 79 4a 69 4d 6a 46 6c 53 37 33 77 75 46 |asxyJiMjFlS73wuF|
|000028d0| 77 6c 69 4f 52 53 34 30 53 41 44 6c 73 7a 64 76 |wliORS40SADlszdv|
|000028e0| 36 44 79 30 69 6f 72 4a 51 4d 6f 6e 48 34 79 53 |6Dy0iorJQMonH4yS|
|000028f0| 54 53 59 78 47 49 32 61 7a 4f 64 76 68 6e 4a 66 |TSYxGI2azOdvhnJf|
|00002900| 4f 70 71 30 30 64 57 59 37 43 68 48 4a 4a 57 61 |Opq00dWY7ChHJJWa|
|00002910| 7a 47 59 50 42 51 44 4b 5a 4a 42 37 58 70 4c 6c |zGYPBQDKZJB7XpLl|
|00002920| 79 6d 68 49 41 4f 57 7a 4e 4f 78 72 53 49 79 4b |ymhIAOWzNOxrSIyK|
|00002930| 69 73 6c 41 79 47 57 6e 76 76 2f 66 41 56 72 5a |islAyGWnvv/fAVrZ|
|00002940| 75 7a 66 7a 61 64 54 51 36 67 69 4d 66 35 54 64 |uzfzadTQ6giMf5Td|
|00002950| 66 66 59 43 76 2f 75 62 6f 4f 55 53 64 79 58 61 |ffYCv/uboOUSdyXa|
|00002960| 65 2f 62 63 66 38 32 2f 2f 75 5a 55 6f 77 50 59 |e/bcf82//uZUowPY|
|00002970| 66 38 4d 41 44 50 32 44 37 4b 4f 31 64 52 50 4b |f8MADP2D7KO1dRPK|
|00002980| 58 7a 57 59 44 54 70 65 48 49 67 43 35 6e 52 49 |XzWYDTpeHIgC5nRI|
|00002990| 76 59 45 64 50 4a 74 69 36 66 79 51 58 4a 43 49 |vYEdPJti6fyQXJCI|
|000029a0| 69 2b 57 6e 72 2f 69 68 74 4a 78 50 55 6a 46 46 |i+Wnr/ihtJxPUjFF|
|000029b0| 4f 57 30 35 4c 54 33 77 31 33 4e 35 2f 62 2b 74 |OW05LT3w13N5/b+t|
|000029c0| 32 74 6a 63 42 42 47 6e 66 76 5a 76 4f 69 75 6c |2tjcBBGnfvZvOiul|
|000029d0| 4d 72 79 34 43 6f 4b 4a 6f 4b 6c 65 50 4b 37 31 |Mry4CoKJoKlePK71|
|000029e0| 41 6b 51 37 6c 47 75 37 2b 2b 30 2b 7a 70 47 49 |AkQ7lGu7++0+zpGI|
|000029f0| 4f 6c 69 78 46 49 43 4b 35 4b 56 33 2b 61 53 4a |OlixFICK5KV3+aSJ|
|00002a00| 41 36 55 73 4a 67 42 7a 31 30 72 59 51 79 57 77 |A6UsJgBz10rYQyWw|
|00002a10| 48 49 54 49 4d 31 2f 39 6c 47 57 75 75 4e 37 48 |HITIM1/9lGWuuN7H|
|00002a20| 78 68 51 35 75 66 7a 58 62 30 55 67 2b 53 67 4c |xhQ5ufzXb0Ug+SgL|
|00002a30| 2f 35 39 30 77 39 31 39 66 6c 4f 31 51 35 42 4b |/590w919flO1Q5BK|
|00002a40| 53 53 43 51 41 4d 42 71 48 6c 78 69 61 73 47 67 |SSCQAMBqHlxiasGg|
|00002a50| 46 4b 78 5a 42 71 67 66 2f 61 37 77 35 35 32 35 |FKxZBqgf/a7w5525|
|00002a60| 57 66 48 68 63 68 6a 57 6a 42 49 34 63 59 48 64 |WfHhchjWjBI4cYHd|
|00002a70| 37 6c 50 4c 4c 36 35 6c 55 59 59 46 6f 41 47 2f |7lPLL65lUYYFoAG/|
|00002a80| 55 51 71 6c 6a 6b 43 5a 36 4e 49 41 33 6b 45 37 |UQqljkCZ6NIA3kE7|
|00002a90| 61 57 33 43 55 4f 76 6f 30 35 71 4d 45 76 41 46 |aW3CUOvo05qMEvAF|
|00002aa0| 77 6c 4e 4a 33 38 32 6a 41 53 77 41 48 70 51 34 |wlNJ382jASwAHpQ4|
|00002ab0| 4c 70 52 4f 6d 4d 74 69 75 54 32 2f 51 79 59 47 |LpROmMtiuT2/QyYG|
|00002ac0| 6d 67 35 79 77 56 44 4e 39 30 67 51 63 6c 73 7a |mg5ywVDN90gQclsz|
|00002ad0| 37 46 5a 48 43 6b 53 37 2f 30 75 57 68 43 43 67 |7FZHCkS7/0uWhCCg|
|00002ae0| 42 6b 4c 4d 61 57 35 54 4a 6b 2f 4f 77 6f 6f 4c |BkLMaW5TJk/OwooL|
|00002af0| 6b 39 57 61 61 58 6d 2f 6e 79 74 55 58 39 6c 44 |k9WaaXm/nytUX9lD|
|00002b00| 56 6c 53 62 63 54 69 50 56 46 52 66 32 4f 46 4c |VlSbcTiPVFRf2OFL|
|00002b10| 59 74 75 79 4c 4b 67 45 67 2f 59 77 30 41 54 41 |YtuyLKgEg/Yw0ATA|
|00002b20| 73 52 7a 66 79 72 57 2f 39 4a 38 33 64 5a 6f 70 |sRzfyrW/9J83dZop|
|00002b30| 4b 48 42 44 6f 78 6a 4c 70 4c 37 6e 6e 38 74 66 |KHBDoxjLpL7nn8tf|
|00002b40| 34 38 59 34 46 2f 50 4e 6a 48 2b 61 4d 6c 45 46 |48Y4F/PNjH+aMlEF|
|00002b50| 67 4f 7a 2f 34 38 67 2f 5a 55 62 47 45 66 31 67 |gOz/48g/ZUbGEf1g|
|00002b60| 78 6a 6d 65 2f 2b 6a 7a 56 66 2f 38 44 48 71 6a |xjme/+jzVf/8DHqj|
|00002b70| 76 57 58 37 67 65 62 37 36 4c 2b 75 4a 7a 76 39 |vWX7geb76L+uJzv9|
|00002b80| 37 66 74 44 37 5a 68 4e 50 66 76 6e 66 36 4c 35 |7ftD7ZhNPfvnf6L5|
|00002b90| 6e 4e 56 39 59 63 4a 54 58 48 76 73 61 62 79 37 |nNV9YcJTXHvsaby7|
|00002ba0| 34 5a 78 37 4c 6d 4a 41 49 73 4f 76 4a 78 2f 6a |4Zx7LmJAIsOvJx/j|
|00002bb0| 42 36 2b 33 45 7a 43 57 55 4f 41 4a 30 42 79 71 |B6+3EzCWUOAJ0Byq|
|00002bc0| 34 2f 6a 4d 66 70 6e 76 56 7a 2b 46 76 6e 2b 41 |4/jMfpnvVz+Fvn+A|
|00002bd0| 7a 31 34 7a 65 4b 52 43 52 33 4b 45 45 67 47 53 |z14zeKRCR3KEEgGS|
|00002be0| 69 42 45 43 4f 61 76 64 6f 4d 67 2f 4a 44 63 2f |iBECOavdoMg/JDc/|
|00002bf0| 39 65 77 66 50 5a 54 73 49 79 58 73 71 45 32 57 |9ewfPZTsIyXsqE2W|
|00002c00| 67 39 41 57 76 79 57 51 61 70 54 30 32 38 63 52 |g9AWvyWQapT028cR|
|00002c10| 6a 2f 30 6c 7a 78 55 33 38 34 37 66 75 5a 49 49 |j/0lzxU3847fuZII|
|00002c20| 46 77 45 76 54 4d 39 2f 6c 75 36 2b 32 51 33 57 |FwEvTM9/lu6+2Q3W|
|00002c30| 6d 62 59 37 79 6d 32 2f 39 6b 42 33 4d 34 6d 2b |mbY7ym2/9kB3M4m+|
|00002c40| 2f 66 41 2b 54 48 46 34 57 58 50 36 66 76 4c 54 |/fA+THF4WXP6fvLT|
|00002c50| 6a 41 4e 52 50 53 71 33 52 76 4a 74 75 73 78 6c |jANRPSq3RvJtusxl|
|00002c60| 32 37 2b 41 41 39 55 77 43 4f 4c 43 44 33 63 48 |27+AA9UwCOLCD3cH|
|00002c70| 70 33 44 6c 6e 36 4b 35 37 37 38 62 76 73 75 70 |p3Dln6K5778bvsup|
|00002c80| 31 4c 37 4d 2b 2f 65 39 38 65 6b 34 70 46 69 44 |1L7M+/e98ek4pFiD|
|00002c90| 61 2b 53 59 2f 65 4f 7a 6e 37 41 5a 6d 6a 64 4b |a+SY/eOzn7AZmjdK|
|00002ca0| 6e 46 35 48 63 6f 77 53 41 5a 4b 49 62 4a 6e 4e |nF5HcowSAZKIbJnN|
|00002cb0| 55 75 31 66 2f 6b 65 58 43 6d 66 6a 42 45 6e 62 |Uu1f/keXCmfjBEnb|
|00002cc0| 38 72 4a 72 6b 4d 39 55 6b 6e 36 6e 69 30 4d 4d |8rJrkM9Ukn6ni0MM|
|00002cd0| 4f 4a 76 59 75 4e 66 48 35 68 79 73 4a 50 6c 4e |OJvYuNfH5hysJPlN|
|00002ce0| 4e 38 70 6d 78 48 50 70 52 46 63 6c 6e 71 74 68 |N8pmxHPpRFclnqth|
|00002cf0| 77 55 2b 5a 39 66 66 37 72 56 53 53 66 71 65 61 |wU+Z9ff7rVSSfqea|
|00002d00| 50 4b 33 72 65 57 46 46 42 38 70 6c 71 44 6e 32 |PK3reWFFB8plqDn2|
|00002d10| 37 34 76 51 2b 2b 75 31 66 5a 4f 52 55 4a 73 70 |74vQ++u1fZORUJsp|
|00002d20| 41 79 57 54 71 52 6a 6d 44 77 54 41 36 4f 39 79 |AyWTqRjmDwTA6O9y|
|00002d30| 2b 6e 73 33 42 57 75 37 2b 51 72 72 78 44 31 42 |+ns3BWu7+QrrxD1B|
|00002d40| 4b 2f 54 31 66 34 4d 37 61 54 42 73 45 32 50 36 |K/T1f4M7aTBsE2P6|
|00002d50| 44 78 33 69 68 63 78 5a 2f 2b 36 33 50 63 49 30 |Dx3ihcxZ/+63PcI0|
|00002d60| 6a 74 66 36 73 4f 62 56 30 37 32 34 6d 4e 55 57 |jtf6sObV0724mNUW|
|00002d70| 67 6c 39 31 62 32 35 6c 31 33 33 31 4d 37 39 35 |gl91b25l1331M795|
|00002d80| 4e 63 38 2b 38 67 55 65 62 64 39 4e 39 2b 53 79 |Nc8+8gUebd9N9+Sy|
|00002d90| 6d 44 39 6e 2b 50 38 71 62 72 78 32 6b 61 50 36 |mD9n+P8qbrx2kaP6|
|00002da0| 6e 2b 55 78 50 34 78 2f 41 55 72 47 41 4c 33 78 |n+UxP4x/AUrGAL3x|
|00002db0| 79 50 68 6f 54 49 31 4c 59 30 67 6d 41 64 48 6b |yPhoTI1LY0gmAdHk|
|00002dc0| 6f 41 6b 6f 41 35 4b 78 32 6a 79 35 32 35 55 4a |oAkoA5Kx2jy525UJ|
|00002dd0| 78 38 49 73 48 48 44 51 34 45 7a 53 2b 48 57 52 |x8IsHHDQ4EzS+HWR|
|00002de0| 6a 68 34 47 36 6d 53 37 57 2f 47 56 50 4c 39 71 |jh4G6mS7W/GVPL9q|
|00002df0| 74 70 61 79 63 61 63 4c 75 6a 37 4a 6d 63 34 53 |tpaycacLuj7Jmc4S|
|00002e00| 51 35 64 79 4b 6b 57 70 6e 67 6e 57 62 49 37 52 |Q5dyKkWpngnWbI7R|
|00002e10| 45 44 4e 54 4e 64 50 44 49 4b 48 34 43 4b 54 77 |EDNTNdPDIKH4CKTw|
|00002e20| 65 76 38 70 45 36 57 2b 30 4c 33 79 50 74 68 2b |ev8pE6W+0L3yPth+|
|00002e30| 46 6b 71 6c 63 66 73 5a 63 67 4b 56 63 50 72 58 |FkqlcfsZcgKVcPrX|
|00002e40| 6b 6a 50 57 39 76 2f 6b 75 50 32 79 61 78 43 63 |kjPW9v/kuP2yaxCc|
|00002e50| 66 53 54 66 2b 65 39 61 65 73 34 44 61 39 68 30 |fSTf+e9aes4Da9h0|
|00002e60| 30 65 77 48 76 44 72 61 32 54 6d 66 57 6e 44 6e |0ewHvDra2TmfWnDn|
|00002e70| 4d 6d 64 37 4f 6d 7a 75 4f 41 6c 36 61 64 37 52 |Mmd7OmzuOAl6ad7R|
|00002e80| 7a 2b 59 4a 5a 44 44 33 74 34 46 45 4f 74 73 4f |z+YJZDD3t4FEOtsO|
|00002e90| 6b 2b 76 6f 7a 46 39 58 33 6a 43 59 51 6b 59 4b |k+vozF9X3jCYQkYK|
|00002ea0| 56 4c 76 39 47 39 56 59 6f 79 58 6e 36 4e 65 51 |VLv9G9VYoyXn6NeQ|
|00002eb0| 6f 44 58 65 56 43 2b 5a 47 4f 77 31 4f 43 4f 30 |oDXeVC+ZGOw1OCO0|
|00002ec0| 4c 4d 4f 76 66 76 53 7a 2b 55 5a 67 57 44 44 54 |LMOvfvSz+UZgWDDT|
|00002ed0| 4d 4c 41 62 67 38 7a 50 4e 32 45 6d 79 5a 66 30 |MLAbg8zPN2EmyZf0|
|00002ee0| 4a 62 6e 2f 38 4a 4b 73 50 6e 31 76 44 71 32 56 |Jbn/8JKsPn1vDq2V|
|00002ef0| 6e 46 37 63 2f 33 73 58 47 44 67 41 6a 64 59 4f |nF7c/3sXGDgAjdYO|
|00002f00| 4d 49 42 41 5a 44 69 56 46 5a 61 41 4c 30 76 4d |MIBAZDiVFZaAL0vM|
|00002f10| 56 44 5a 44 70 2b 54 76 52 77 4a 6e 76 57 69 6f |VDZDp+TvRwJnvWio|
|00002f20| 71 4b 41 6f 65 59 4d 65 52 51 50 38 46 70 64 4f |qKAoeYMeRQP8FpdO|
|00002f30| 5a 55 33 32 51 48 62 75 6a 52 48 66 76 34 4f 44 |ZU32QHbujRHfv4OD|
|00002f40| 30 4f 63 79 78 57 4a 67 2b 36 33 4c 61 64 7a 54 |0OcyxWJg+63LadzT|
|00002f50| 6a 35 51 43 37 44 39 59 79 5a 39 62 77 6e 7a 6f |j5QC7D9YyZ9bwnzo|
|00002f60| 51 69 41 59 79 76 55 6d 47 64 30 57 6b 67 4b 54 |QiAYyvUmGd0WkgKT|
|00002f70| 4c 76 39 47 37 46 55 72 79 67 52 49 41 49 74 4a |Lv9G7FUrygRIAItJ|
|00002f80| 66 6e 52 45 33 45 49 72 32 4e 4b 6a 2b 6d 4f 54 |fnRE3EIr2NKj+mOT|
|00002f90| 4d 70 36 77 6e 43 58 6b 76 62 6c 67 69 5a 78 4f |Mp6wnCXkvblgiZxO|
|00002fa0| 4b 61 6e 69 6a 39 4a 65 2b 34 42 32 74 65 31 2f |Kanij9Je+4B2te1/|
|00002fb0| 48 58 58 34 35 52 63 45 64 76 4e 6b 30 63 4d 6b |HXX45RcEdvNk0cMk|
|00002fc0| 75 33 74 77 52 50 47 4e 39 78 35 78 50 38 39 55 |u3twRPGN9x5xP89U|
|00002fd0| 37 4b 74 6a 78 77 30 64 34 59 6c 66 66 70 76 67 |7Ktjxw0d4Ylffpvg|
|00002fe0| 34 5a 69 32 6f 5a 76 65 4f 48 65 7a 59 73 5a 76 |4Zi2oZveOHezYsZv|
|00002ff0| 4c 5a 30 33 48 41 70 54 4f 57 73 44 6c 42 33 65 |LZ03HApTOWsDlB3e|
|00003000| 77 65 2f 73 4f 6d 71 72 6e 4d 48 31 59 37 66 39 |we/sOmqrnMH1Y7f9|
|00003010| 4a 54 4c 38 63 44 72 36 35 67 34 46 46 73 6e 66 |JTL8cDr65g4FFsnf|
|00003020| 72 52 67 36 4f 35 41 4f 4b 53 4e 36 35 49 4a 4f |rRg6O5AOKSN65IJO|
|00003030| 68 53 73 37 54 72 79 46 48 56 62 75 56 79 5a 4d |hSs7TryFHVbuVyZM|
|00003040| 4c 70 43 57 42 70 2b 2f 66 56 78 71 77 39 2f 6b |LpCWBp+/fVxqw9/k|
|00003050| 7a 6c 51 77 77 59 4d 2f 57 49 37 46 46 4d 6c 43 |zlQwwYM/WI7FFMlC|
|00003060| 5a 4b 41 4f 6c 4c 33 6a 6a 38 56 45 61 4d 56 64 |ZKAOlL3jj8VEaMVd|
|00003070| 2f 4a 33 64 65 48 6d 54 7a 44 37 37 46 62 35 6f |/J3deHmTzD77Fb5o|
|00003080| 36 69 51 4c 52 7a 69 5a 2b 38 36 32 66 73 32 4f |6iQLRziZ+862fs2O|
|00003090| 51 75 2b 33 48 66 66 6a 4c 50 44 51 66 4e 71 2f |Qu+3HffjLPDQfNq/|
|000030a0| 36 46 72 38 35 32 75 66 39 36 64 4d 70 62 33 71 |6Fr852uf96dMpb3q|
|000030b0| 53 4a 33 64 63 7a 6f 4a 30 54 33 2f 70 56 47 5a |SJ3dczoJ0T3/pVGZ|
|000030c0| 56 37 2b 61 6c 5a 33 64 54 75 6d 44 57 6d 55 38 |V7+alZ3dTumDWmU8|
|000030d0| 54 79 4b 69 55 52 58 66 4d 70 2b 6a 67 66 2f 4c |TyKiURXfMp+jgf/L|
|000030e0| 59 36 71 30 63 43 55 51 68 47 75 44 49 31 74 55 |Y6q0cCUQhGuDI1tU|
|000030f0| 38 39 70 74 4f 7a 51 45 67 55 75 44 53 35 5a 39 |89ptOzQEgUuDS5Z9|
|00003100| 47 41 45 68 66 65 67 70 41 6a 71 70 32 47 7a 6e |GAEhfegpAjqp2Gzn|
|00003110| 63 71 64 73 41 35 50 79 34 61 30 70 35 35 72 50 |cqdsA5Py4a0p55rP|
|00003120| 70 76 35 4a 73 57 64 2f 4e 39 33 34 58 6f 76 45 |pv5JsWd/N934XovE|
|00003130| 65 4b 34 75 6d 46 62 50 6a 37 79 78 34 36 6d 7a |eK4umFbPj7yx46mz|
|00003140| 55 6b 61 52 78 35 79 6b 41 66 72 77 7a 78 71 70 |UkaRx5ykAfrwzxqp|
|00003150| 70 56 75 59 74 4b 65 66 46 79 67 54 31 45 34 32 |pVuYtKefFygT1E42|
|00003160| 41 68 6c 39 4c 64 6c 57 37 6c 63 2b 57 2f 74 49 |Ahl9LdlW7lc+W/tI|
|00003170| 58 76 4c 46 59 44 4a 76 4e 4e 67 70 37 4c 47 58 |XvLFYDJvNNgp7LGX|
|00003180| 52 6c 2f 2b 52 36 41 2b 2b 79 2f 50 2f 39 68 56 |Rl/+R6A++y/P/9hV|
|00003190| 65 41 44 43 58 4d 50 33 4f 4c 2f 44 6c 36 54 2f |eADCXMP3OL/Dl6T/|
|000031a0| 6d 6e 39 37 4d 74 49 32 44 71 78 39 34 68 4c 38 |mn97MtI2Dqx94hL8|
|000031b0| 4e 66 70 6b 66 66 75 30 52 41 76 2f 34 56 65 36 |Nfpkffu0RAv/4Ve6|
|000031c0| 63 59 49 45 4a 63 35 68 6c 57 63 2f 36 30 6c 6c |cYIEJc5hlWc/60ll|
|000031d0| 4d 37 55 32 6d 6a 6d 50 36 39 48 4a 65 57 41 39 |M7U2mjmP69HJeWA9|
|000031e0| 4c 70 67 2b 76 2b 51 39 41 2f 51 4d 38 39 70 43 |Lpg+v+Q9A/QM89pC|
|000031f0| 46 62 2f 33 67 78 2f 7a 54 32 36 6d 33 7a 4e 58 |Fb/3gx/zT26m3zNX|
|00003200| 58 38 35 6c 48 37 75 50 31 76 2f 76 78 2b 58 78 |X85lH7uP1v/vx+Xx|
|00003210| 67 45 63 6c 78 30 57 6a 71 39 69 53 4e 41 4a 43 |gEclx0Wjq9iSNAJC|
|00003220| 2b 44 45 6c 4e 43 35 6d 54 6c 76 31 72 46 37 39 |+DElNC5mTlv1rF79|
|00003230| 39 4e 35 4c 74 4d 43 52 58 72 61 67 67 65 66 33 |9N5LtMCRXraggef3|
|00003240| 41 2f 46 2b 43 6a 55 38 65 5a 2f 47 72 77 49 77 |A/F+CjU8eZ/GrwIw|
|00003250| 53 64 6e 7a 4f 51 59 4d 7a 39 58 37 4c 7a 6c 4d |SdnzOQYMz9X7LzlM|
|00003260| 73 57 68 6e 67 4d 4a 42 36 43 6b 42 5a 61 69 4a |sWhngMJB6CkBZaiJ|
|00003270| 41 45 72 52 34 44 4e 53 35 6b 36 65 33 48 65 44 |AErR4DNS5k6e3HeD|
|00003280| 7a 58 36 39 69 31 54 51 6a 54 61 2b 33 63 2b 58 |zX69i1TQjTa+3c+X|
|00003290| 71 30 38 64 4f 2f 2f 30 66 33 36 37 6d 2f 76 47 |q08dO//0f367m/vG|
|000032a0| 4a 51 62 63 58 47 59 37 62 5a 74 74 59 38 36 55 |JQbcXGY7bZttY86U|
|000032b0| 78 32 51 37 6a 6b 74 44 5a 32 55 6c 46 52 55 57 |x2Q7jktDZ2UlFRUW|
|000032c0| 32 77 38 69 36 53 43 52 43 64 33 63 33 5a 72 4d |2w8i6SCRCd3c3ZrM|
|000032d0| 5a 74 39 73 39 79 6e 75 50 45 76 42 47 73 5a 51 |Zt9s9ynuPEvBGsZQ|
|000032e0| 36 47 50 70 42 66 52 64 50 4e 4f 41 6c 61 69 6e |6GPpBfRdPNOAlain|
|000032f0| 46 63 53 6b 46 4a 53 4a 5a 34 2f 46 34 69 4d 56 |FcSkFJSJZ4/F4iMV|
|00003300| 69 6c 4a 61 57 59 72 47 6f 59 4d 67 48 33 64 33 |ilJaWYrGoYMgH3d3|
|00003310| 64 35 37 30 50 6a 51 44 49 55 52 72 75 4b 75 64 |d570PjQDIURruKud|
|00003320| 6c 64 53 65 47 31 57 64 5a 2f 6d 34 33 73 7a 34 |ldSeG1WdZ/m43sz4|
|00003330| 31 57 41 45 54 68 35 31 2b 36 6e 73 53 41 76 2f |1WAETh51+6nsSAv/|
|00003340| 36 7a 62 45 38 66 4a 5a 72 36 2b 38 39 65 70 7a |6zbE8fJZr6+89epz|
|00003350| 76 6e 65 58 59 6e 2f 68 53 4f 35 38 59 64 75 41 |vneXYn/hSO58YduA|
|00003360| 69 6d 61 6c 4d 6c 49 48 53 46 37 75 78 57 49 78 |imalMlIHSF7uxWIx|
|00003370| 45 49 6a 48 4b 50 57 41 57 48 4b 57 58 33 73 57 |EIjHKPWAWHKWX3sW|
|00003380| 30 78 56 46 36 53 53 55 6b 52 43 52 37 45 6f 6b |0xVF6SSUkRCR7Eok|
|00003390| 45 73 56 67 4d 67 38 47 67 78 72 2f 30 6f 2f 45 |EsVgMg8Ggxr/0o/E|
|000033a0| 67 4f 57 72 65 46 50 31 48 6c 69 79 5a 58 4d 70 |gOWreFP1HliyZXMp|
|000033b0| 44 39 37 6e 59 38 6b 30 33 7a 2f 78 64 4f 53 75 |D97nY8k03z/xdOSu|
|000033c0| 6d 47 43 41 53 59 35 31 36 37 79 57 4c 47 75 71 |mGCASY5167yWLGuq|
|000033d0| 55 7a 35 62 2b 44 41 59 44 64 6e 74 71 42 70 4e |Uz5b+DAYDdntqBpN|
|000033e0| 51 36 4d 79 70 54 45 56 45 38 6c 6d 36 33 45 75 |Q6MypTEVE8lm63Eu|
|000033f0| 58 67 79 4a 70 53 67 44 6b 71 47 55 7a 52 2b 4e |XgyJpSgDkqGUzR+N|
|00003400| 2b 52 70 46 7a 73 4e 2f 50 36 70 30 4a 37 46 50 |+RpFzsN/P6p0J7FP|
|00003410| 73 33 48 32 74 42 62 73 2f 78 72 4e 50 65 76 6c |s3H2tBbs/xrNPevl|
|00003420| 66 32 59 35 4c 43 70 72 4b 52 4d 6e 45 34 58 41 |f2Y5LCprKRMnE4XA|
|00003430| 41 45 41 79 65 4f 55 75 2f 69 45 67 2b 53 35 64 |AEAyeOUu/iEg+S5d|
|00003440| 37 52 55 57 61 44 6c 54 36 55 35 64 4a 6a 71 71 |7RUWaDlT6U5dJjqq|
|00003450| 72 4e 44 46 31 6e 49 6e 6d 6f 35 6f 49 55 43 36 |rNDF1nInmo5oIUC6|
|00003460| 32 47 50 39 72 5a 59 63 61 2f 48 4c 4a 6d 44 72 |2GP9rZYca/HLJmDr|
|00003470| 4f 52 46 32 6c 62 67 47 51 4d 78 6d 4e 52 69 77 |ORF2lbgGQMxmNRiw|
|00003480| 57 43 39 46 6f 6c 45 41 67 30 4a 73 51 45 42 48 |WC9FolEAg0JsQEBH|
|00003490| 4a 5a 34 46 41 67 47 51 79 69 64 56 71 31 51 53 |JZ4FAgGQyidVq1QS|
|000034a0| 41 63 67 62 39 49 6e 4c 59 6f 6d 6e 71 38 52 49 |Acgb9InLYomnq8RI|
|000034b0| 52 55 56 6b 6f 5a 2b 4e 30 4f 6f 46 55 62 31 6a |RUVkoZ+N0OoFUb1j|
|000034c0| 36 6d 64 67 69 49 76 6b 71 6b 55 67 51 43 41 51 |6mdgiIvkqkUgQCAQ|
|000034d0| 41 6c 50 53 55 6a 4a 51 41 79 47 48 33 58 36 38 |AlPSUjJQAyGH3X68|
|000034e0| 68 50 53 49 69 4b 35 62 6f 41 6b 63 47 5a 7a 61 |hPSIiK5boAkcGZza|
|000034f0| 62 73 64 6c 73 4a 4a 4e 4a 2f 48 35 2f 74 73 4d |bsdlsJJNJ/H5/tsM|
|00003500| 52 45 62 6d 67 54 70 31 4b 50 62 62 5a 5a 72 4e |REbmgTp1KPbbZZrN|
|00003510| 68 4e 6d 75 77 74 35 78 4a 43 59 41 63 4e 6d 2b |hNmuwt5xJCYAcNm+|
|00003520| 4b 68 65 75 76 74 47 59 37 44 42 47 52 72 4c 6e |KheuvtGY7DBGRrLn|
|00003530| 2b 53 71 73 6d 41 4a 51 68 70 55 63 42 68 4d 4e |+SqsmAJQhpUcBhMN|
|00003540| 68 54 51 67 6f 49 6e 6b 72 46 41 6f 52 69 61 51 |hTQgoInkrFAoRiaQ|
|00003550| 65 45 35 34 75 39 30 51 47 55 67 49 67 78 2f 33 |eE54u90QGUgIgx/3|
|00003560| 7a 6e 37 75 79 48 59 4b 49 53 4e 62 38 79 39 30 |zn7uyHYKISNb8y90|
|00003570| 71 41 32 56 6f 52 71 4d 52 6c 79 76 31 57 7a 6c |qA2VoRqMRlyv1Wzl|
|00003580| 31 36 68 54 52 61 44 54 4c 45 59 6d 49 6a 4b 35 |16hTRaDTLEYmIjK5|
|00003590| 6f 4e 4e 72 62 2b 2b 39 79 75 58 54 76 76 77 78 |oNNrb++9yuXTvvwx|
|000035a0| 4b 76 34 77 63 39 79 66 31 46 6d 36 62 72 66 74 |Kv4wc9yf1Fm6brft|
|000035b0| 66 52 61 54 77 33 44 62 62 78 76 77 72 39 45 68 |fRaTw3Dbbxvwr9Eh|
|000035c0| 55 47 52 36 62 7a 64 62 62 49 39 62 64 33 55 30 |UGR6bzdbbI9bd3U0|
|000035d0| 38 72 6b 6c 30 52 53 51 2f 78 4f 4e 78 75 72 75 |8rkl0RSQ/xONxuru|
|000035e0| 37 67 56 54 50 76 38 32 6d 74 6f 45 4d 54 67 6d |7gVTPv82mtoEMTgm|
|000035f0| 41 50 50 44 6f 6e 37 73 77 47 62 49 64 68 59 6a |APPDon7swGbIdhYj|
|00003600| 49 78 57 4d 79 77 44 2f 66 70 64 35 2f 47 5a 6d |IxWMywD/fpd5/GZm|
|00003610| 69 6f 69 4c 73 64 6a 76 4a 5a 42 4b 50 78 36 4f |ioiLsdjvJZBKPx6O|
|00003620| 52 41 43 4b 53 38 36 4c 52 4b 42 36 50 68 32 51 |RACKS86LRKB6Ph2Q|
|00003630| 79 69 64 31 75 31 32 50 2f 5a 45 68 4b 41 4f 53 |yid1u12P/ZEhKAOS|
|00003640| 42 71 79 65 59 2b 64 70 48 69 72 4d 64 68 6f 6a |BqyeY+dpHirMdhoj|
|00003650| 49 52 66 4f 31 6a 78 51 7a 76 56 62 33 2f 73 76 |IRfO1jxQzvVb3/sv|
|00003660| 49 46 52 63 58 34 33 41 34 53 43 61 54 65 4c 31 |IFRcX43A4SCaTeL1|
|00003670| 65 7a 51 6b 67 49 6a 6b 72 47 41 7a 69 39 58 70 |ezQkgIjkrGAzi9Xp|
|00003680| 4a 4a 70 4d 34 48 41 36 4b 69 39 55 65 6b 4b 45 |JJpM4HA6Ki9UekKE|
|00003690| 70 41 5a 41 6e 76 6e 46 48 4d 58 39 32 6a 59 62 |pAZAnvnFHMX92jYb|
|000036a0| 37 69 45 6a 2b 75 33 6d 57 6a 57 2f 63 6f 59 73 |7iEj+u3mWjW/coYs|
|000036b0| 63 4f 58 63 4f 68 36 50 66 6e 41 44 70 2b 32 5a |cOXcOh6PfnADp+2Z|
|000036c0| 46 52 48 4b 46 7a 2b 66 72 66 62 4a 4a 53 55 6d |FRHKFz+frfbJJSUm|
|000036d0| 4a 48 76 6b 6e 77 36 59 45 51 4a 34 77 47 75 44 |JHvknw6YEQJ4wGuD|
|000036e0| 4a 76 33 45 7a 73 63 4b 55 37 56 42 45 52 43 36 |Jv3EzscKU7VBERC6|
|000036f0| 59 43 65 56 47 6e 76 36 4d 47 36 4e 75 65 35 4c |YCeVGnv6MG6Nue5L|
|00003700| 7a 5a 4c 50 5a 63 4c 76 64 47 41 77 47 51 71 45 |zZLPZcLvdGAwGQqE|
|00003710| 51 4a 30 2b 65 4a 42 77 4f 5a 7a 73 73 45 5a 47 |QJ0+eJBwOZzssEZG|
|00003720| 7a 43 6f 66 44 76 65 57 56 30 57 6a 45 37 58 5a |zCofDveWV0WjE7XZ|
|00003730| 6a 74 65 71 70 59 44 4a 38 53 67 44 6b 45 62 66 |jteqpYDJ8SgDkEbf|
|00003740| 54 77 41 74 66 63 4f 4e 51 47 53 41 69 65 63 68 |TwAtfcONQGSAiech|
|00003750| 68 68 52 65 2f 57 45 61 70 51 36 31 2f 47 52 31 |hhRe/WEapQ61/GR1|
|00003760| 6d 73 35 6d 79 73 6a 4b 4b 69 6f 71 49 78 2b 50 |ms5mysjKKioqIx+P|
|00003770| 34 66 44 36 36 75 72 6f 49 68 55 49 6b 45 6f 6c |4fD66uroIhUIkEol|
|00003780| 73 68 79 63 69 41 6b 41 69 6b 53 41 59 44 4e 4c |shyciAkAikSAYDNL|
|00003790| 56 31 59 58 50 35 79 4d 65 6a 31 4e 55 56 4d 53 |V1YXP5yMej1NUVMS|
|000037a0| 59 4d 57 4d 77 6d 33 55 37 6e 49 79 4d 66 6a 46 |YMWMwm3U7nIyMfjF|
|000037b0| 35 5a 76 62 6c 46 6e 37 34 79 56 49 2b 73 64 71 |5ZvblFn74yVI+sdq|
|000037c0| 62 37 56 42 45 52 45 62 56 44 7a 39 5a 79 6a 57 |b7VBEREbVDz9ZyjW|
|000037d0| 58 71 64 71 53 30 57 55 77 47 48 41 36 6e 52 51 |XqdqS0WUwGHA6nRQ|
|000037e0| 56 46 65 48 33 2b 77 6d 48 77 37 32 33 42 4a 6a |VFeH3+wmHw723BJj|
|000037f0| 4e 5a 71 78 57 4b 78 61 4c 42 61 50 52 69 4d 46 |NZqxWKxaLBaPRiMF|
|00003800| 67 36 48 32 4a 69 49 79 32 5a 44 4c 5a 2b 30 6f |g6H2JiIy2ZDLZ+0o|
|00003810| 6b 45 6b 53 6a 55 53 4b 52 43 4c 46 59 72 48 65 |kEkSjUSKRCLFYrHe|
|00003820| 64 39 42 4e 4e 39 4a 67 2f 4f 56 65 47 5a 44 4b |d9BNN9Jg/OVeGZDK|
|00003830| 5a 7a 48 59 51 4d 76 6f 32 76 78 66 6c 31 6e 2f |ZzHYQMvo2vxfl1n/|
|00003840| 72 34 73 51 70 66 62 30 69 6b 74 76 4b 69 77 32 |r4sQpfb0iktvKiw2|
|00003850| 38 2f 50 64 6c 65 75 54 66 4d 48 56 32 64 6c 4a |8/PdleuTfMHV2dlJ|
|00003860| 52 55 5a 48 74 4d 48 4a 57 49 70 45 67 45 6f 6b |RUZHtMHJWIpEgEok|
|00003870| 51 44 6f 66 31 6c 41 41 52 75 53 52 59 4c 42 5a |QDof1lAARuSRYLBZ|
|00003880| 73 4e 68 74 57 71 31 55 4e 2f 77 4b 58 66 74 7a |sNhtWq1UN/wKXftz|
|00003890| 6a 2b 56 41 43 49 49 2b 31 64 4d 53 35 61 57 55 |j+VACII+1dMS5aWU|
|000038a0| 58 54 57 31 36 31 72 47 49 35 4b 5a 5a 64 57 62 |XTW161rGI5KZZdWb|
|000038b0| 2b 2b 2b 2f 47 55 46 65 70 2b 55 32 47 53 77 6d |+++/GUFep+U2GSwm|
|000038c0| 41 30 5a 4e 4d 4a 67 6d 48 77 38 52 69 4d 52 4b |A0ZNMJgmHw8RiMRK|
|000038d0| 4a 52 4c 2b 58 69 4d 68 6f 4d 78 71 4e 2f 56 35 |JRL+XiMhoMxqN/V5|
|000038e0| 6d 73 78 6d 62 7a 61 5a 52 52 39 4a 4c 43 51 41 |msxmbzaZRR9JLCQA|
|000038f0| 5a 55 6e 63 77 79 58 30 2f 39 50 44 53 4e 6b 31 |ZUncwyX0/9PDSNk1|
|00003900| 73 4a 43 4b 35 35 62 62 5a 4e 6e 37 31 57 54 63 |sJCK55bbZNn71WTc|
|00003910| 4f 6d 79 35 38 52 6b 49 4a 41 42 45 52 6b 66 79 |Omy58RkIJABERkfy|
|00003920| 6b 42 49 41 4d 32 38 76 62 77 6a 7a 32 34 69 6d |kBIAM28vbwjz24im|
|00003930| 32 48 74 42 77 52 68 47 35 74 46 31 37 75 59 56 |2HtBwRhG5tF17uYV|
|00003940| 2f 57 46 37 4d 38 6d 76 31 61 4e 4e 7a 6f 51 53 |/WF7M8mv1aNNzoQS|
|00003950| 41 69 49 68 49 66 6c 49 43 51 45 62 73 39 54 39 |AiIhIflICQEbs9T9|
|00003960| 47 65 4f 7a 46 55 37 79 32 4b 35 4c 74 55 45 52 |GeOzFU7y2K5LtUER|
|00003970| 45 2b 6c 6b 79 33 63 70 58 62 79 39 6d 30 54 51 |E+lky3cpXby9m0TQ|
|00003980| 39 79 75 52 38 4b 41 45 67 49 69 4b 53 6e 35 51 |9yuR8KAEgIiKSn5Q|
|00003990| 41 6b 48 4e 32 75 44 50 4f 69 31 74 44 76 4c 51 |AkHN2uDPOi1tDvLQ|
|000039a0| 74 7a 4b 59 2f 52 6f 6a 72 56 79 41 69 46 35 6e |tzKY/RojrVyAiF5n|
|000039b0| 4a 41 48 39 53 62 2b 57 32 44 39 6a 34 79 42 77 |JAH9Sb+W2D9j4yBw|
|000039c0| 37 45 79 74 30 6e 2f 39 6f 55 41 4a 41 52 45 51 |7Eyt0n/9oUAJAREQ|
|000039d0| 6b 50 79 6b 42 49 4b 50 69 70 44 2f 4a 6d 72 64 |kPykBIKPipD/Jmrd|
|000039e0| 44 76 48 73 6b 79 6c 46 50 67 71 4d 6e 45 37 53 |DvHskylFPgqMnE7S|
|000039f0| 64 6a 48 50 55 6b 38 41 66 31 73 39 44 52 4d 36 |djHPUk8Af1s9DRM6|
|00003a00| 50 30 32 5a 67 6e 4e 74 49 7a 52 67 54 34 38 59 |P02ZgnNtIzRgT48Y|
|00003a10| 59 47 65 63 32 4d 6d 4f 43 68 65 58 58 32 68 6e |YGec2MmOCheXX2hn|
|00003a20| 6a 31 50 33 39 6f 30 30 4a 41 42 45 52 6b 66 79 |j1P39o00JABERkfy|
|00003a30| 6b 42 49 43 49 69 49 6a 30 6f 77 53 41 69 49 68 |kBICIiIj0owSAiIh|
|00003a40| 49 66 68 71 4e 42 49 41 65 4a 43 6b 69 49 69 49 |IfhqNBIAeJCkiIiI|
|00003a50| 69 49 69 4a 53 41 4a 51 41 45 42 45 52 45 52 45 |iIiJSAJQAEBERERE|
|00003a60| 52 45 53 6b 41 53 67 43 49 69 49 69 49 69 49 69 |RESkASgCIiIiIiIi|
|00003a70| 49 46 41 41 6c 41 45 52 45 52 45 52 45 52 45 51 |IFAAlAEREREREREQ|
|00003a80| 4b 67 42 49 41 49 69 49 69 49 69 49 69 49 67 56 |KgBIAIiIiIiIiIgV|
|00003a90| 41 43 51 41 52 45 52 45 52 45 52 47 52 41 71 41 |ACQARERERERGRAqA|
|00003aa0| 45 67 49 69 49 69 49 69 49 69 45 67 42 55 41 4a |EgIiIiIiIiEgBUAJ|
|00003ab0| 41 52 45 52 45 52 45 52 45 70 41 41 6f 41 53 41 |AREREREREpAAoASA|
|00003ac0| 69 49 69 49 69 49 69 4a 53 41 4a 51 41 45 42 45 |iIiIiIiJSAJQAEBE|
|00003ad0| 52 45 52 45 52 45 53 6b 41 53 67 43 49 69 49 69 |RERERESkASgCIiIi|
|00003ae0| 49 69 49 69 49 46 41 41 6c 41 45 52 45 52 45 52 |IiIiIFAAlAERERER|
|00003af0| 45 52 45 51 4b 67 42 49 41 49 69 49 69 49 69 49 |EREQKgBIAIiIiIiI|
|00003b00| 69 49 67 56 41 43 51 41 52 45 52 45 52 45 52 47 |iIgVACQARERERERG|
|00003b10| 52 41 71 41 45 67 49 69 49 69 4d 6a 46 45 47 6a |RAqAEgIiIiMjFEGj|
|00003b20| 68 6a 51 31 62 4f 52 54 49 64 69 41 69 49 6c 4b |hjQ1bORTIdiAiIlK|
|00003b30| 6f 7a 4e 6b 4f 51 45 52 45 52 4f 54 43 43 74 47 |ozNkOQEREROTCCtG|
|00003b40| 32 2f 7a 32 4f 68 77 65 38 62 61 75 69 66 6e 49 |2/z2Ohwe8bauifnI|
|00003b50| 31 39 6f 73 55 78 61 45 33 74 37 48 31 51 49 49 |19osUxaE3t7H1QII|
|00003b60| 6d 55 78 31 2f 76 62 41 4b 6d 6e 2f 48 74 7a 64 |mUx1/vbAKmn/Htzd|
|00003b70| 30 55 62 76 34 6f 39 77 31 39 51 49 63 73 48 4d |0Ubv4o9w19QIcsHM|
|00003b80| 4c 50 33 6d 2b 46 61 5a 64 6e 7a 72 65 6f 49 37 |LP3m+FaZdnzreoI7|
|00003b90| 7a 32 74 4f 76 73 35 4e 61 37 72 74 33 48 6d 64 |z2tOvs5Na7rt3Hmd|
|00003ba0| 62 4d 79 73 43 41 58 41 45 34 4e 76 2f 41 46 63 |bMysCAXAE4Nv/AFc|
|00003bb0| 39 44 4e 64 58 67 38 4f 52 37 61 68 45 52 48 4b |9DNdXg8OR7ahERHK|
|00003bc0| 53 45 67 41 69 47 59 51 36 76 47 7a 70 4d 44 4e |SEgAiGYQ6vGzpMDN|
|00003bd0| 76 6d 76 50 43 58 42 68 47 51 6e 69 69 52 74 78 |vmvPCXBhGQniiRtx|
|00003be0| 4f 36 34 58 59 75 31 78 30 58 6c 62 65 45 34 53 |O64XYu1x0XlbeE4S|
|00003bf0| 76 56 2f 50 77 4e 49 41 34 6f 59 35 54 72 46 6b |vV/PwNIA4oY5TrFk|
|00003c00| 66 6f 64 31 76 6f 48 70 2b 45 63 73 76 31 47 39 |fod1voHp+Ecsv1G9|
|00003c10| 4a 52 49 61 68 6d 7a 31 76 4e 62 50 54 4e 2b 42 |JRIahmz1vNbPTN+B|
|00003c20| 74 56 34 43 61 69 35 67 41 75 4f 77 44 56 33 46 |tV4Cai5gAuOwDV3F|
|00003c30| 56 35 41 54 6a 72 69 36 2f 53 45 66 4d 42 31 48 |V5ATjri6/SEfMB1H|
|00003c40| 34 39 54 65 67 66 52 6c 55 41 78 79 45 52 2f 38 |49TegfRlUAxyER/8|
|00003c50| 33 33 50 74 4e 6d 4b 34 6b 67 49 6a 49 53 43 6b |33PtNmK4kgIjISCk|
|00003c60| 42 49 4a 4b 42 5a 32 65 49 78 61 39 62 4f 50 71 |BIJKBZ2eIxa9bOPq|
|00003c70| 6f 4d 33 57 39 4d 63 72 61 33 2f 41 79 37 6e 55 |oM3W9Mcra3/Ay7nU|
|00003c80| 4c 52 78 38 74 75 79 44 37 6c 2b 78 71 66 2f 30 |LRx8tuyD7l+xqf/0|
|00003c90| 45 38 35 35 49 4d 4f 38 44 4a 75 59 35 6b 71 7a |E855IMO8DJuY5kqz|
|00003ca0| 35 6a 6f 2b 48 4a 34 62 5a 38 67 31 39 33 79 4a |5jo+HJ4bZ8g193yJ|
|00003cb0| 5a 35 52 71 73 68 7a 75 43 33 78 63 67 5a 6e 4a |Z5RqshzuC3xcgZnJ|
|00003cc0| 51 61 6f 33 53 31 6e 71 41 34 77 45 6e 56 5a 66 |Qao3S1nqA4wEnVZf|
|00003cd0| 56 55 75 50 6f 53 64 53 47 54 33 43 6f 35 58 32 |VUuPoSdSGT3Co5X2|
|00003ce0| 38 75 4b 6d 74 47 30 2b 35 7a 58 54 6d 2f 73 50 |8uKmtG0+5zXTm/sP|
|00003cf0| 74 37 4e 74 2f 48 44 39 4f 71 69 62 58 55 57 4f |t7Nt/HD9OqibXUWO|
|00003d00| 4c 34 76 65 46 77 4f 72 43 61 54 4f 42 71 35 62 |L4veFwOrCaTOBq5b|
|00003d10| 35 43 36 73 78 46 32 58 59 39 6d 79 47 32 75 2f |5C6sxF2XY9myG2u/|
|00003d20| 41 39 63 77 39 4d 51 36 36 77 78 42 74 68 39 37 |A9cw9MQ66wxBth97|
|00003d30| 6a 65 4d 42 4f 61 63 30 45 4c 68 73 7a 63 48 6d |jeMBOac0ELhszcHm|
|00003d40| 63 55 4d 42 48 47 44 75 6c 44 69 50 65 49 79 31 |cUMBHGDulDiPeIy1|
|00003d50| 30 6a 62 6d 43 79 31 79 6e 74 7a 39 78 35 41 69 |0jbmCy1yntz9x5Ai|
|00003d60| 74 76 68 42 6d 31 33 67 6d 54 79 67 2f 49 34 6b |tvhBm13gmTyg/I4k|
|00003d70| 53 43 37 7a 50 6f 55 4d 6e 55 6a 48 33 50 59 2f |SC7zPoUMnUjH3PY/|
|00003d80| 44 58 48 36 61 42 52 62 2b 46 66 7a 75 76 2b 45 |DXH6aBRb+Ffzuv+E|
|00003d90| 4e 67 4c 66 68 33 76 76 68 63 73 74 51 5a 30 31 |NgLfh3vvhcstQZ01|
|00003da0| 45 52 44 4a 51 41 6b 44 6b 6e 4d 51 4a 65 51 49 |ERDJQAkDknMQJeQI|
|00003db0| 30 48 6f 35 6a 72 37 42 54 50 39 36 65 6f 51 63 |0Ho5jr7BTP96eoQc|
|00003dc0| 70 67 71 63 6c 53 4b 4d 58 36 71 35 30 55 47 66 |pgqclSKMX6q50UGf|
|00003dd0| 74 75 56 69 4a 42 50 48 34 67 57 67 53 6a 7a 2b |tuViJBPH4gWgSjz+|
|00003de0| 49 48 53 4e 75 70 32 33 41 74 6d 45 38 2f 69 52 |IHSNup23AtmE8/iR|
|00003df0| 32 5a 34 62 39 52 6f 4a 34 4d 4f 4f 32 39 72 6e |2Z4b9RoJ4MOO29rn|
|00003e00| 34 69 5a 79 69 38 59 38 78 51 71 56 57 47 75 6f |4iZyi8Y8xQqVWGuo|
|00003e10| 63 2f 62 65 4a 68 50 42 45 44 57 63 65 59 2b 44 |c/beJhPBEDWceY+D|
|00003e20| 37 76 61 4d 53 54 49 51 36 54 74 46 45 45 51 32 |7vaMSTIQ6TtFEEQ2|
|00003e30| 56 41 79 2f 49 6f 6f 54 38 4d 58 41 57 59 53 64 |VAy/IooT8MXAWYSd|
|00003e40| 4b 36 50 30 41 57 7a 71 68 65 6d 49 52 39 65 35 |K6P0AWzqhemIR9e5|
|00003e50| 4d 46 32 39 39 7a 31 4d 52 44 65 4e 74 50 5a 2b |MF299z1MRDeNtPZ+|
|00003e60| 4e 2f 76 46 45 67 6a 54 74 44 39 4e 75 4d 54 4e |N/vFEgjTtD9NuMTN|
|00003e70| 76 53 6e 48 47 7a 33 7a 6d 38 6c 51 73 49 59 73 |vSnHGz3zm8lQsIYs|
|00003e80| 56 74 39 58 55 62 31 31 50 31 4e 52 2f 64 45 57 |Vt9XUb11P1NR/dEW|
|00003e90| 6d 63 33 43 32 63 39 59 33 52 6f 2b 50 4c 52 34 |mc3C2c9Y3Ro+PLR4|
|00003ea0| 7a 38 2b 71 4b 7a 6f 6a 48 34 38 69 30 72 5a 64 |z8+qKzojH48i0rZd|
|00003eb0| 66 50 4a 46 67 2b 57 66 48 73 4f 72 61 6e 75 50 |fPJFg+WfHsOranuP|
|00003ec0| 64 63 35 4b 48 48 67 7a 7a 69 37 31 78 48 70 34 |dc5KHHgzzi71xHp4|
|00003ed0| 32 77 67 74 2f 45 62 6b 49 44 76 4c 4b 30 37 74 |2wgt/EbkIDvLK07t|
|00003ee0| 6f 64 54 6b 6f 38 77 58 6f 53 72 2b 39 61 54 74 |odTko8wXoSr+9aTt|
|00003ef0| 6c 56 31 2f 48 48 52 56 37 65 48 4a 44 46 36 66 |lV1/HHRV7eHJDF6f|
|00003f00| 76 49 4c 42 51 4f 33 38 52 64 38 31 77 39 2f 77 |vILBQO38Rd81w9/w|
|00003f10| 64 6f 66 57 4e 31 33 68 75 62 35 2b 62 2b 7a 66 |dofWN13hub5+b+zf|
|00003f20| 74 6f 72 4c 4f 67 62 2f 46 69 7a 6b 39 42 50 2f |torLOgb/Fizk9BP/|
|00003f30| 41 46 6e 34 36 6f 69 48 2f 77 39 78 76 70 76 57 |AFn46oiH/w9xvpvW|
|00003f40| 77 55 46 6e 6e 49 45 62 2f 69 37 31 59 32 78 61 |wUFnnIEb/i71Y2xa|
|00003f50| 65 66 4c 6e 31 39 47 64 6b 4a 37 62 79 53 71 72 |efLn19GdkJ7bySqr|
|00003f60| 36 72 58 69 43 54 53 2b 2b 7a 73 35 59 4b 58 55 |6rXiCTS++zs5YKXU|
|00003f70| 32 4c 79 30 65 71 46 31 38 42 5a 64 4e 68 56 6a |2Ly0eqF18BZdNhVj|
|00003f80| 62 56 70 35 65 64 35 69 4f 53 48 72 64 5a 72 43 |bVp5ed5iOSHrdZrC|
|00003f90| 36 6d 48 50 7a 55 68 61 4f 4e 51 46 78 32 74 35 |6mHPzUhaONQFx2t5|
|00003fa0| 63 78 36 39 32 39 59 30 35 64 52 34 2f 75 61 42 |cx6929Y05dR4/uaB|
|00003fb0| 36 47 4d 73 48 38 73 4b 36 58 38 41 66 6f 6c 41 |6GMsH8sK6X8AfolA|
|00003fc0| 43 6c 45 54 68 36 61 65 42 76 34 48 72 61 34 64 |ClETh6aeBv4Hra4d|
|00003fd0| 7a 45 6b 56 45 70 41 38 6c 41 45 52 47 79 75 39 |zEkVEpA8lAERGyu9|
|00003fe0| 6c 39 61 4e 42 48 6a 77 4d 63 79 73 41 62 34 69 |l9aNBHjwMcysAb4i|
|00003ff0| 33 4d 50 43 6a 72 37 74 5a 4d 61 57 6e 77 64 66 |3MPCjr7tZMaWnwdf|
+--------+-------------------------------------------------+----------------+
&amp#27;[35m22-11-29 16:05:25:741&amp#27;[m [&amp#27;[30mTRACE&amp#27;[m] [id: 0xb21da692, L:/127.0.0.1:52679 - R:localhost/127.0.0.1:44632] READ COMPLETE
&amp#27;[35m22-11-29 16:05:25:744&amp#27;[m [&amp#27;[30mTRACE&amp#27;[m] [id: 0xb21da692, L:/127.0.0.1:52679 - R:localhost/127.0.0.1:44632] READ: 62883B
         +-------------------------------------------------+
         |  0  1  2  3  4  5  6  7  8  9  a  b  c  d  e  f |
+--------+-------------------------------------------------+----------------+
|00000000| 52 78 66 31 66 6a 4c 44 4f 41 76 55 4f 61 4f 6f |Rxf1fjLDOAvUOaOo|
|00000010| 4d 30 6e 42 54 45 57 76 75 4b 36 58 78 53 53 38 |M0nBTEWvuK6XxSS8|
|00000020| 66 2f 42 31 41 6c 43 73 2f 35 51 56 4d 2f 4f 47 |f/B1AlCs/5QVM/OG|
|00000030| 5a 53 75 62 31 50 55 59 6b 79 4d 6f 48 51 37 51 |ZSub1PUYkyMoHQ7Q|
|00000040| 2f 55 4d 6f 76 72 75 2f 54 38 4d 54 4c 71 67 65 |/UMovru/T8MTLqge|
|00000050| 44 4e 4e 35 58 79 69 2b 75 74 77 43 6e 57 50 4f |DNN5Xyi+utwCnWPO|
|00000060| 64 55 36 78 34 42 39 77 56 55 42 30 49 38 58 71 |dU6x4B9wVUB0I8Xq|
|00000070| 30 6d 38 2b 76 63 4c 46 71 76 68 50 6f 47 57 33 |0m8+vcLFqvhPoGW3|
|00000080| 77 68 50 47 4d 59 77 78 38 50 7a 55 71 77 63 51 |whPGMYwx8PzUqwcQ|
|00000090| 7a 45 32 50 63 38 7a 75 34 37 51 45 7a 61 35 59 |zE2Pc8zu47QEza5Y|
|000000a0| 4d 62 4e 51 48 57 50 57 70 49 48 77 32 67 76 76 |MbNQHWPWpIHw2gvv|
|000000b0| 6c 49 49 39 30 6e 50 35 38 39 69 73 74 72 50 74 |lII90nP589istrPt|
|000000c0| 69 4f 66 58 4f 4d 38 2f 54 31 4a 37 59 57 69 72 |iOfXOM8/T1J7YWir|
|000000d0| 4e 72 4c 6b 31 79 61 7a 48 36 54 6c 75 6e 4a 62 |NrLk1yazH6TlunJb|
|000000e0| 31 4a 31 6a 30 52 41 4a 37 42 56 51 48 34 50 57 |1J1j0RAJ7BVQH4PW|
|000000f0| 6f 6e 2b 39 2b 33 63 31 44 55 32 78 77 31 75 55 |on+9+3c1DU2xw1uU|
|00000100| 4a 4e 6e 37 66 79 38 50 6a 48 54 54 65 56 39 4a |JNn7fy8PjHTTeV9J|
|00000110| 7a 55 42 2b 2f 2b 4b 4b 66 54 77 54 4d 37 48 69 |zUB+/+KKfTwTM7Hi|
|00000120| 69 67 6f 61 65 64 78 75 66 39 54 44 4c 59 79 50 |igoaedxuf9TDLYyP|
|00000130| 34 4f 52 76 32 59 5a 77 7a 39 6e 59 7a 35 6c 46 |4ORv2YZwz9nYz5lF|
|00000140| 34 35 6f 45 45 44 7a 32 52 35 4e 69 4e 52 53 51 |45oEEDz2R5NiNRSQ|
|00000150| 2f 56 51 53 45 61 58 7a 47 77 2f 4b 58 6b 34 51 |/VQSEaXzGw/KXk4Q|
|00000160| 63 55 4f 38 49 30 65 54 31 38 63 6a 58 2b 79 59 |cUO8I0eT18cjX+yY|
|00000170| 62 7a 43 7a 37 59 68 48 56 56 2f 5a 4a 4e 6a 69 |bzCz7YhHVV/ZJNji|
|00000180| 74 7a 4a 73 59 35 74 6d 32 45 45 78 7a 49 69 4b |tzJsY5tm2EExzIiK|
|00000190| 58 4b 46 38 49 32 39 7a 35 50 48 68 31 4e 53 62 |XKF8I29z5PHh1NSb|
|000001a0| 66 41 64 61 39 76 4a 50 39 75 7a 62 78 55 79 78 |fAda9vJP9uzbxUyx|
|000001b0| 4d 58 6e 77 44 79 36 61 36 69 42 2f 62 79 35 71 |MXnwDy6a6iB/by5q|
|000001c0| 31 2b 32 6a 64 76 4a 56 74 55 2f 2b 55 32 54 59 |1+2jdvJVtU/+U2TY|
|000001d0| 49 4e 57 2f 69 2b 62 30 42 4b 43 70 6a 79 62 4a |INW/i+b0BKCpjybJ|
|000001e0| 35 54 43 2b 48 34 38 31 62 57 4c 4f 70 69 77 43 |5TC+H481bWLOpiwC|
|000001f0| 70 64 75 75 35 47 4f 35 2b 68 33 33 38 63 42 4d |pduu5GO5+h338cBM|
|00000200| 76 72 47 32 6c 43 77 74 31 31 31 33 4c 54 56 4d |vrG2lCwt1113LTVM|
|00000210| 72 34 55 51 54 72 36 35 72 70 69 55 49 75 41 59 |r4UQTr65rpiUIuAY|
|00000220| 45 45 50 52 79 31 44 61 57 4f 64 65 35 71 61 31 |EEPRy1DaWOde5qa1|
|00000230| 4a 62 33 2b 59 44 6c 4d 70 31 39 32 2b 67 4e 6c |Jb3+YDlMp192+gNl|
|00000240| 6a 4c 59 52 37 7a 73 66 57 74 52 75 70 75 76 64 |jLYR7zsfWtRupuvd|
|00000250| 47 36 69 4f 4e 72 4e 73 56 77 46 51 7a 6c 55 39 |G6iONrNsVwFQzlU9|
|00000260| 2b 65 41 61 6c 38 53 4f 38 2b 76 78 62 37 4e 6e |+eAal8SO8+vxb7Nn|
|00000270| 31 4c 74 73 2b 55 4d 33 73 6f 5a 59 50 7a 49 64 |1Lts+UM3soZYPzId|
|00000280| 54 43 76 4d 58 77 72 56 54 59 66 4e 4b 6d 50 34 |TCvMXwrVTYfNKmP4|
|00000290| 4a 38 47 36 47 42 6a 58 2b 52 55 54 4f 68 52 49 |J8G6GBjX+RUTOhRI|
|000002a0| 41 49 69 50 69 34 78 66 66 43 50 4b 49 77 38 71 |AIiPi4xffCPKIw8q|
|000002b0| 68 5a 38 71 6f 41 79 42 49 30 30 76 64 4c 48 72 |hZ8qoAyBI00vdLHr|
|000002c0| 55 51 2f 56 33 78 72 4b 38 4d 73 4c 47 5a 79 4b |UQ/V3xrK8MsLGZyK|
|000002d0| 73 2b 34 43 4e 6c 73 2b 4e 77 51 36 45 64 6e 59 |s+4CNls+NwQ6EdnY|
|000002e0| 77 62 32 57 51 5a 32 38 73 35 66 35 50 56 58 4f |wb2WQZ28s5f5PVXO|
|000002f0| 30 37 74 6a 5a 62 77 47 77 75 72 68 37 53 59 68 |07tjZbwGwurh7SYh|
|00000300| 5a 4c 77 64 34 35 50 71 69 6e 75 4d 41 65 79 4f |ZLwd45PqinuMAeyO|
|00000310| 73 6a 4a 70 34 39 6f 4f 70 78 75 6a 47 37 35 2f |sjJp49oOpxujG75/|
|00000320| 69 39 6e 30 6d 2f 76 43 7a 4d 75 59 35 54 55 43 |i9n0m/vCzMuY5TUC|
|00000330| 55 39 73 30 65 6c 6a 2f 75 59 36 58 62 77 73 50 |U9s0elj/uY6XbwsP|
|00000340| 54 52 6a 6a 48 77 50 34 59 76 35 68 53 78 4d 6c |TRjjHwP4Yv5hSxMl|
|00000350| 66 46 76 66 76 56 52 39 67 31 65 6f 67 39 36 38 |fFvfvVR9g1eog968|
|00000360| 6f 6f 58 31 2b 7a 2f 32 58 48 53 64 35 2b 4f 74 |ooX1+z/2XHSd5+Ot|
|00000370| 68 46 6a 31 78 73 75 63 7a 42 31 6e 33 2f 53 41 |hFj1xsuczB1n3/SA|
|00000380| 50 65 6b 78 73 2b 4a 47 62 52 57 35 4c 62 32 78 |Pekxs+JGbRW5Lb2x|
|00000390| 33 72 34 34 44 50 66 75 4f 64 4c 50 71 69 51 54 |3r44DPfuOdLPqiQT|
|000003a0| 4c 2f 79 37 64 57 78 35 6d 79 34 39 4f 38 73 48 |L/y7dWx5my49O8sH|
|000003b0| 56 70 31 6a 2b 48 52 74 31 5a 31 31 65 7a 72 7a |Vp1j+HRt1Z11ezrz|
|000003c0| 72 66 65 78 38 4a 6b 72 4c 66 61 54 4f 55 55 65 |rfex8JkrLfaTOUUe|
|000003d0| 55 4e 56 36 59 53 49 7a 47 39 36 46 68 66 4f 6f |UNV6YSIzG96FhfOo|
|000003e0| 37 61 33 77 62 50 6e 2b 66 45 2f 75 49 7a 6c 6d |7a3wbPn+fE/uIzlm|
|000003f0| 63 56 54 75 74 62 50 79 6c 69 2f 71 65 30 52 61 |cVTutbPyli/qe0Ra|
|00000400| 65 7a 56 36 57 76 5a 7a 6b 6f 59 64 4c 65 58 68 |ezV6WvZzkoYdLeXh|
|00000410| 6d 30 65 6e 50 2f 73 30 77 76 77 41 65 41 72 41 |m0enP/s0wvwAeArA|
|00000420| 36 61 5a 67 35 34 49 54 35 49 32 77 35 44 50 4e |6aZg54IT5I2w5DPN|
|00000430| 71 4e 41 75 41 53 46 62 35 57 6e 6c 79 64 57 76 |qNAuASFb5WnlydWv|
|00000440| 76 6e 79 55 44 4a 38 64 7a 31 37 4a 73 31 6e 69 |vnyUDJ8dz17Js1ni|
|00000450| 63 41 47 4f 75 59 50 6d 43 4e 72 36 37 76 67 50 |cAGOuYPmCNr67vgP|
|00000460| 71 72 6d 62 35 31 4a 34 42 39 57 4d 62 75 47 58 |qrmb51J4B9WMbuGX|
|00000470| 61 2b 2f 79 30 30 63 76 2b 46 70 67 39 31 63 50 |a+/y00cv+Fpg91cP|
|00000480| 57 48 56 33 45 63 54 44 6e 31 68 74 70 36 42 6c |WHV3EcTDn1htp6Bl|
|00000490| 4f 58 33 50 56 6a 64 7a 6c 57 38 74 2f 4e 4a 37 |OX3PVjdzlW8t/NJ7|
|000004a0| 72 6c 50 2f 44 33 65 2f 77 6a 2b 2f 64 63 59 44 |rlP/D3e/wj+/dcYD|
|000004b0| 57 4f 4a 51 31 4c 4f 4c 4f 71 33 70 47 4c 34 79 |WOJQ1LOLOq3pGL4y|
|000004c0| 64 77 5a 32 33 68 76 6a 35 63 34 66 37 6a 41 70 |dwZ23hvj5c4f7jAp|
|000004d0| 49 4b 32 50 78 33 51 75 5a 6e 74 35 2b 53 32 72 |IK2Px3QuZnt5+S2r|
|000004e0| 37 32 6f 55 33 4d 6e 64 73 71 68 77 33 6a 32 33 |72oU3Mndsqhw3j23|
|000004f0| 67 33 72 6e 48 2b 66 61 6d 4c 72 59 31 68 36 69 |g3rnH+famLrY1h6i|
|00000500| 76 6a 52 4d 44 34 72 34 41 33 66 45 34 70 62 59 |vjRMD4r4A3fE4pbY|
|00000510| 4a 33 48 53 6e 6d 2f 6b 52 73 4e 6d 41 77 42 44 |J3HSnm/kRsNmAwBD|
|00000520| 4c 4d 35 6c 36 45 39 41 4a 37 58 38 4f 52 57 61 |LM5l6E9AJ7X8ORWa|
|00000530| 59 66 39 63 35 6e 6c 4d 52 45 56 45 43 51 47 51 |Yf9c5nlMREVECQGQ|
|00000540| 6b 39 6f 5a 34 75 4d 33 49 36 68 2b 56 6e 57 36 |k9oZ4uM3I6h+VnW6|
|00000550| 55 55 30 54 39 62 58 46 57 76 6e 47 4b 52 31 37 |UU0T9bXFWvnGKR17|
|00000560| 74 5a 76 6c 39 50 59 30 38 66 35 49 51 59 41 66 |tZvl9PY08f5IQYAf|
|00000570| 73 4d 39 31 73 2b 56 6b 4d 68 74 33 35 61 36 4c |sM91s+VkMht35a6L|
|00000580| 68 52 67 73 66 65 6a 58 4b 78 76 66 68 2f 76 45 |hRgsfejXKxvfh/vE|
|00000590| 41 45 54 61 75 6a 31 4f 39 70 49 68 46 56 71 44 |AETauj1O9pIhFVqD|
|000005a0| 44 7a 36 6f 2f 77 48 65 2f 6d 57 37 49 41 6c 69 |Dz6o/wHe/mW7IAli|
|000005b0| 6f 6e 6c 2f 4b 79 6e 65 36 57 50 7a 53 4b 56 5a |onl/Kyne6WPzSKVZ|
|000005c0| 4d 4b 78 76 5a 35 37 4f 59 65 4f 53 2b 55 74 78 |MKxvZ57OYeOS+Utx|
|000005d0| 44 72 46 61 39 70 49 69 56 38 2f 74 4d 76 6c 51 |DrFa9pIiV8/tMvlQ|
|000005e0| 35 68 6b 63 2b 31 38 47 36 52 79 4f 73 75 51 66 |5hkc+18G6RyOsuQf|
|000005f0| 75 4a 73 6a 71 64 31 4f 78 4c 58 4c 33 6a 61 32 |uJsjqd1OxLXL3ja2|
|00000600| 4d 56 66 73 37 6d 50 56 71 2f 2f 32 46 41 76 47 |MVfs7mPVq//2FAvG|
|00000610| 65 66 39 6d 59 39 2b 41 59 54 76 72 70 46 38 4f |ef9mY9+AYTvrpF8O|
|00000620| 67 79 36 65 5a 2b 58 68 6e 6c 43 30 64 55 46 63 |gy6eZ+XhnlC0dUFc|
|00000630| 4a 6e 72 30 78 74 69 79 30 38 57 77 67 7a 4b 6f |Jnr0xtiy08WwgzKo|
|00000640| 2f 2b 72 6c 2f 76 44 4f 56 46 4f 67 30 73 6d 4b |/+rl/vDOVFOg0smK|
|00000650| 61 46 54 71 36 68 6e 58 4f 55 73 63 32 38 4e 42 |aFTq6hnXOUsc28NB|
|00000660| 39 5a 64 54 33 35 6c 44 38 72 48 73 31 51 66 56 |9ZdT35lD8rHs1QfV|
|00000670| 4e 52 61 63 62 2f 7a 32 66 66 65 58 6e 4f 6c 6e |NRacb/z2ffeXnOln|
|00000680| 33 6a 56 6a 2f 7a 39 54 68 5a 55 74 62 6b 6c 42 |3jVj/z9ThZUtbklB|
|00000690| 48 6c 47 64 66 69 72 4e 78 73 70 57 4e 47 76 34 |HlGdfirNxspWNGv4|
|000006a0| 76 6b 6c 33 57 55 75 62 4d 72 65 37 74 45 62 64 |vkl3WUubMre7tEbd|
|000006b0| 58 44 4f 69 62 64 35 54 30 76 32 2f 65 62 55 38 |XDOibd5T0v2/ebU8|
|000006c0| 56 32 34 37 2b 58 65 4f 6c 59 2b 78 41 75 6d 46 |V247+XeOlY+xAumF|
|000006d0| 39 67 69 34 66 34 43 71 6e 66 73 43 39 39 4f 57 |9gi4f4CqnfsC99OW|
|000006e0| 58 6c 65 4d 34 35 77 54 41 63 50 63 37 2f 4f 4d |XleM45wTAcPc7/OM|
|000006f0| 66 39 34 51 41 47 37 57 54 42 35 54 79 59 79 5a |f94QAG7WTB5TyYyZ|
|00000700| 51 57 35 51 68 41 65 42 79 39 70 73 76 49 62 55 |QW5QhAeBy9psvIbU|
|00000710| 39 74 4c 33 35 61 78 35 2f 73 2b 2b 4b 71 54 4c |9tL35ax5/s++KqTL|
|00000720| 61 37 2b 6d 47 47 62 4f 35 35 65 6f 4f 66 72 57 |a7+mGGbO55eoOfrW|
|00000730| 72 6c 65 66 2b 6f 78 57 54 75 35 54 36 71 66 58 |rlef+oxWTu5T6qfX|
|00000740| 4d 76 33 70 43 36 6e 61 70 4d 55 4d 73 48 31 51 |Mv3pC6napMUMsH1Q|
|00000750| 46 4c 46 6c 79 31 6a 56 45 52 47 52 6f 78 6d 77 |FLFly1jVERGRoxmw|
|00000760| 48 49 4a 4a 4c 32 74 73 53 48 4a 74 6f 70 75 47 |HIJJL2tsSHJtopuG|
|00000770| 4d 46 6e 49 78 39 56 66 43 7a 6e 30 78 32 72 47 |MFnIx9VfCzn0x2rG|
|00000780| 79 36 42 34 72 64 37 64 46 47 48 4e 66 4f 2f 64 |y6B4rd7dFGHNfO/d|
|00000790| 2f 2f 77 52 72 39 6b 56 36 37 70 73 66 67 66 45 |//wRr9kV67psfgfE|
|000007a0| 4f 56 6c 77 4a 71 33 37 6e 54 66 33 74 50 38 57 |OVlwJq37nTf3tP8W|
|000007b0| 7a 66 34 43 48 62 69 78 4e 2f 64 30 52 35 79 56 |zf4CHbixN/d0R5yV|
|000007c0| 4d 7a 4a 73 79 73 46 46 70 70 58 36 61 41 66 34 |MzJsysFFppX6aAf4|
|000007d0| 59 70 32 57 6b 48 33 43 69 71 55 39 69 59 33 44 |Yp2WkH3CiqU9iY3D|
|000007e0| 4c 5a 68 61 66 38 5a 35 39 6f 6f 6c 35 4a 47 6e |LZhaf8Z59ool5JGn|
|000007f0| 70 4f 42 31 62 77 38 53 42 73 5a 6d 6f 76 37 4c |pOB1bw8SBsZmov7L|
|00000800| 50 65 39 59 53 48 76 71 73 69 61 59 6e 75 71 6c |Pe9YSHvqsiaYnuql|
|00000810| 62 63 59 79 48 58 75 71 69 73 61 50 50 76 66 70 |bcYyHXuqisaPPvfp|
|00000820| 44 4c 58 63 58 73 66 7a 4b 4a 42 76 33 42 59 45 |DLXcXsfzKJBv3BYE|
|00000830| 67 57 7a 59 6e 75 48 75 6d 6b 33 6b 66 4e 50 48 |gWzYnuHumk3kfNPH|
|00000840| 53 36 32 48 61 41 63 2b 2b 47 43 2f 4e 4d 44 50 |S62HaAc++GC/NMDP|
|00000850| 50 79 51 6a 50 6d 5a 47 36 79 72 37 72 78 47 6a |PyQjPmZG6yr7rxGj|
|00000860| 5a 44 34 75 75 4c 4f 49 4d 45 30 30 73 47 6e 67 |ZD4uuLOIME00sGng|
|00000870| 2b 32 69 49 73 2f 6e 36 59 6a 53 31 47 6c 6e 2f |+2iIs/n6YjS1Gln/|
|00000880| 4f 52 64 4d 33 79 6f 5a 31 62 6b 58 6b 41 72 4b |ORdM3yoZ1bkXkArK|
|00000890| 56 55 48 2f 56 44 42 70 36 58 76 56 6a 52 32 4e |VUH/VDBp6XvVjR2N|
|000008a0| 55 6a 67 57 62 43 51 6a 48 47 66 69 55 51 65 4a |UjgWbCQjHGfiUQeJ|
|000008b0| 78 34 68 6d 32 47 4e 33 39 44 76 2f 34 64 70 73 |x4hm2GN39Dv/4dps|
|000008c0| 4a 53 42 43 4c 44 46 77 78 51 6d 77 59 67 61 61 |JSBCLDFwxQmwYgaa|
|000008d0| 32 4e 2b 4b 73 63 44 4e 75 62 4e 39 58 4f 58 57 |2N+KscDNubN9XOXW|
|000008e0| 31 6c 64 53 4f 74 51 49 6d 61 68 62 63 7a 4a 63 |1ldSOtQImahbczJc|
|000008f0| 2b 63 52 32 33 4e 64 52 51 46 66 65 78 35 36 32 |+cR23NdRQFfex562|
|00000900| 33 2b 4f 6d 54 62 37 41 50 68 72 46 63 52 45 51 |3+OmTb7APhrFcREQ|
|00000910| 75 4a 43 55 41 52 45 61 71 49 34 46 6e 73 47 57 |uJCUAREaqI4FnsGW|
|00000920| 4f 56 49 38 2f 6c 57 57 73 65 72 79 63 34 4c 38 |OVI8/lWWseryc4L8|
|00000930| 57 73 58 78 69 67 6d 64 58 2b 71 68 37 75 4a 50 |WsXxigmdX+qh7uJP|
|00000940| 47 4d 79 36 36 7a 71 61 49 5a 54 65 5a 61 46 38 |GMy66zqaIZTeZaF8|
|00000950| 66 59 57 4d 45 50 4f 2f 45 2b 50 47 56 56 70 61 |fYWMEPO/E+PGVVpa|
|00000960| 50 37 37 74 4f 4d 6a 57 68 59 43 59 57 77 30 67 |P77tOMjWhYCYWw0g|
|00000970| 4f 4e 69 4b 68 53 49 59 72 78 53 67 44 7a 6b 75 |ONiKhSIYrxSgDzku|
|00000980| 53 55 44 54 44 74 74 46 6b 6e 37 39 4d 31 4d 32 |SUDTDttFkn79M1M2|
|00000990| 76 5a 4f 4f 54 59 39 6a 34 52 51 73 4e 68 36 50 |vZOOTY9j4RQsNh6P|
|000009a0| 63 2f 63 55 75 6c 6a 33 54 54 57 68 59 79 34 75 |c/cUulj3TTWhYy4u|
|000009b0| 59 4e 39 2f 41 6a 39 38 4a 45 59 71 45 57 50 65 |YN9/Aj98JEYqEWPe|
|000009c0| 75 69 65 55 7a 72 64 69 6e 6d 66 6a 30 2f 68 69 |uieUzrdinmfj0/hi|
|000009d0| 4e 2f 6a 68 4e 65 78 4e 38 66 48 35 52 6e 78 45 |N/jhNexN8fH5RnxE|
|000009e0| 46 35 33 66 4f 51 74 46 4d 6e 7a 33 5a 45 30 2f |F53fOQtFMnz3ZE0/|
|000009f0| 66 66 51 45 31 46 68 37 36 56 44 6e 4c 70 2b 67 |ffQE1Fh76VDnLp+g|
|00000a00| 52 67 43 4c 35 61 7a 79 31 46 55 43 6b 6e 57 32 |RgCL5azy1FUCknW2|
|00000a10| 48 2b 70 59 50 66 68 72 66 61 54 2b 7a 55 54 37 |H+pYPfhrfaT+zUT7|
|00000a20| 71 2b 78 33 2b 38 57 74 72 58 45 43 55 2f 65 38 |q+x3+8WtrXECU/e8|
|00000a30| 65 36 48 63 6b 2f 35 34 6d 6d 6f 5a 52 50 36 57 |e6Hck/54mmoZRP6W|
|00000a40| 32 54 32 43 75 61 75 44 4f 6d 78 66 31 76 4b 35 |2T2CuauDOmxf1vK5|
|00000a50| 6a 38 62 51 79 4a 74 64 56 4d 37 33 47 44 57 33 |j8bQyJtdVM73GDW3|
|00000a60| 62 65 48 37 74 52 6c 35 74 73 54 4e 6c 33 67 4c |beH7tRl5tsTNl3gL|
|00000a70| 75 76 66 63 4f 48 70 7a 72 67 73 67 78 64 75 35 |uvfcOHpzrgsgxdu5|
|00000a80| 6e 36 4f 55 69 49 6e 4a 42 36 52 59 41 6b 52 47 |n6OUiInJB6RYAkRG|
|00000a90| 6f 6e 6d 68 69 5a 69 42 47 34 2f 74 78 47 73 62 |onmhiZiBG4/txGsb|
|00000aa0| 33 6e 58 6e 65 79 38 59 2f 77 47 33 33 32 48 41 |3nXney8Y/wG332HA|
|00000ab0| 54 70 47 6c 6e 6d 46 43 4e 67 34 62 78 70 53 77 |TpGlnmFCNg4bxpSw|
|00000ac0| 66 44 38 74 76 38 2f 44 77 50 53 48 57 37 59 65 |fD8tv8/DwPSHW7Ye|
|00000ad0| 47 61 63 4d 2f 6e 76 31 61 4b 77 39 62 67 71 7a |GacM/nv1aKw9bgqz|
|00000ae0| 5a 32 55 33 4c 79 77 6d 2b 63 6e 66 78 36 59 62 |Z2U3Lywm+cnfx6Yb|
|00000af0| 73 52 42 4f 66 4a 73 4b 36 76 57 47 57 58 64 76 |sRBOfJsK6vWGWXdv|
|00000b00| 33 78 6b 6b 2f 47 31 39 50 4d 76 61 44 6c 74 51 |3xkk/G19PMvaDltQ|
|00000b10| 6b 65 44 56 47 78 70 4b 6b 33 55 4f 66 63 66 56 |keDVGxpKk3UOfcfV|
|00000b20| 78 32 74 76 36 4e 73 52 48 35 74 6b 2f 2b 46 6c |x2tv6NsRH5tk/+Fl|
|00000b30| 35 72 62 56 66 6f 39 61 7a 4d 38 5a 7a 46 68 4d |5rbVfo9azM8ZzFhM|
|00000b40| 72 4a 67 50 52 56 47 78 72 64 67 5a 5a 4e 72 39 |rJgPRVGxrdgZZNr9|
|00000b50| 76 6a 33 6d 51 6a 65 73 54 39 4d 34 42 34 50 47 |vj3mQjesT9M4B4PG|
|00000b60| 78 38 58 43 43 2b 69 74 4c 71 5a 74 69 34 2f 34 |x8XCC+itLqZti4/4|
|00000b70| 70 63 50 2f 4f 44 67 77 72 77 7a 54 65 41 2f 4f |pcP/ODgwrwzTeA/O|
|00000b80| 47 57 67 35 55 7a 37 52 77 32 35 4d 78 47 76 38 |GWg5Uz7Rw25MxGv8|
|00000b90| 49 7a 38 34 77 38 59 67 56 73 42 61 78 66 49 61 |Iz84w8YgVsBaxfIa|
|00000ba0| 58 64 58 74 50 55 66 63 48 41 38 74 75 4b 78 72 |XdXtPUfcHA8tuKxr|
|00000bb0| 5a 4f 63 76 49 53 73 4f 4d 49 4b 74 65 44 37 4b |ZOcvISsOMIKteD7K|
|00000bc0| 79 58 30 4b 68 4a 7a 6b 44 2f 47 76 66 31 61 64 |yX0KhJzkD/Gvf1ad|
|00000bd0| 56 6b 6e 78 30 70 47 64 57 52 43 36 6f 63 44 64 |Vknx0pGdWRC6ocDd|
|00000be0| 4e 65 39 36 6c 4c 66 32 33 72 59 72 36 79 64 58 |Ne96lLf23rYr6ydX|
|00000bf0| 6e 6d 61 41 7a 4d 58 33 2b 52 44 59 2f 66 35 6a |nmaAzMX3+RDY/f5j|
|00000c00| 39 76 2f 30 31 7a 30 32 72 59 32 6f 35 48 4e 33 |9v/01z02rY2o5HN3|
|00000c10| 62 77 70 34 54 69 59 75 77 33 78 45 63 66 2b 72 |bwp4TiYuw3xEcf+r|
|00000c20| 56 58 50 50 4f 36 32 78 76 32 63 37 2f 66 72 6d |VXPPO62xv2c7/frm|
|00000c30| 44 32 5a 4d 63 63 4c 79 4e 72 63 32 2b 34 59 31 |D2ZMccLyNrc2+4Y1|
|00000c40| 55 53 47 2f 66 75 4a 46 66 42 75 75 59 57 57 55 |USG/fuJFfBuuYWWU|
|00000c50| 6b 33 4c 4e 39 32 44 57 52 2b 36 34 43 72 42 62 |k3LN92DWR+64CrBb|
|00000c60| 43 72 52 32 30 48 4e 73 43 67 52 72 47 57 61 50 |CrR20HNsCgRrGWaP|
|00000c70| 73 66 39 63 48 4f 4b 67 71 42 78 78 44 4c 42 63 |sf9cHOKgqBxxDLBc|
|00000c80| 52 6b 51 74 4b 49 77 42 45 42 74 50 7a 6d 4c 37 |RkQtKIwBEBtPzmL7|
|00000c90| 65 56 79 51 4f 55 35 79 73 6e 41 47 66 65 4c 53 |eVyQOU5ysnAGfeLS|
|00000ca0| 4c 4e 53 31 42 51 6b 51 4a 76 65 39 6c 39 63 6f |LNS1BQkQJve9l9co|
|00000cb0| 67 2f 35 2f 46 78 43 4d 4c 6e 59 43 4a 39 74 64 |g/5/FxCMLnYCJ9td|
|00000cc0| 44 7a 50 70 2b 4e 34 32 65 4b 42 44 46 73 79 39 |DzPp+N42eKBDFsy9|
|00000cd0| 47 45 2b 44 75 63 39 73 38 62 58 47 61 4f 6f 4a |GE+Duc9s8bXGaOoJ|
|00000ce0| 34 2f 47 66 72 48 79 70 6c 2b 52 33 77 76 64 55 |4/GfrHypl+R3wvdU|
|00000cf0| 42 56 6e 6e 4d 33 48 31 74 6e 30 6e 39 6e 4b 57 |BVnnM3H1tn0n9nKW|
|00000d00| 73 75 41 6d 2b 39 37 69 48 31 58 74 50 45 53 4a |suAm+97iH1XtPESJ|
|00000d10| 4f 79 4f 4e 6a 7a 59 39 38 50 48 54 59 77 4f 72 |OyONjzY98PHTYwOr|
|00000d20| 62 65 6d 34 56 6d 47 7a 6c 6f 64 49 45 4b 35 2f |bem4VmGzlodIEK5/|
|00000d30| 6f 36 6f 6b 6e 54 4d 76 6d 4c 6c 61 38 6d 76 47 |o6oknTMvmLla8mvG|
|00000d40| 41 77 31 4b 33 4e 38 7a 79 6e 33 6c 6f 69 66 54 |Aw1K3N8zyn3loifT|
|00000d50| 73 62 32 63 48 64 7a 2b 52 34 45 4e 33 32 46 50 |sb2cHdz+R4EN32FP|
|00000d60| 7a 45 2f 54 45 39 75 50 56 33 61 7a 63 65 53 72 |zE/TE9uPV3azceSr|
|00000d70| 56 4f 78 34 35 78 63 61 66 64 62 4f 71 72 63 2b |VOx45xcafdbOqrc+|
|00000d80| 4f 48 48 48 57 66 53 66 49 69 68 65 38 50 61 4d |OHHHWfSfIihe8PaM|
|00000d90| 48 67 6a 54 75 54 55 43 70 49 64 58 41 48 6d 6f |HgjTuTUCpIdXAHmo|
|00000da0| 35 51 4b 57 56 35 5a 56 78 48 76 70 52 6e 4f 58 |5QKWV5ZVxHvpRnOX|
|00000db0| 58 70 78 76 6d 52 54 52 63 61 2b 44 5a 5a 34 4f |XpxvmRTRca+DZZ4O|
|00000dc0| 73 71 62 47 77 4b 44 32 55 66 37 6a 6e 4c 4b 4d |sqbGwKD2Uf7jnLKM|
|00000dd0| 69 6c 74 31 70 70 75 37 64 43 48 63 50 2f 4f 79 |ilt1ppu7dCHcP/Oy|
|00000de0| 76 4a 76 6a 51 67 4c 58 62 4e 33 64 77 2f 2f 64 |vJvjQgLXbN3dw//d|
|00000df0| 50 30 6e 36 75 4a 31 6c 45 52 6c 2f 45 79 39 5a |P0n6uJ1lERl/Ey9Z|
|00000e00| 4e 7a 61 78 50 76 39 35 71 6f 58 73 30 39 6c 73 |NzaxPv95qoXs09ls|
|00000e10| 78 68 33 73 2f 58 4d 75 34 6f 69 69 74 65 2f 65 |xh3s/XMu4oiite/e|
|00000e20| 78 66 74 4d 2b 39 6b 54 63 4c 46 6c 53 65 38 35 |xftM+9kTcLFlSe85|
|00000e30| 50 41 42 6a 52 66 6a 4f 74 46 33 43 78 2b 49 7a |PABjRfjOtF3Cx+Iz|
|00000e40| 6a 56 33 48 44 37 64 63 79 73 38 70 43 6f 4b 32 |jV3HD7dcys8pCoK2|
|00000e50| 56 54 5a 75 61 32 64 51 63 6f 6d 72 2b 54 47 59 |VTZua2dQcomr+TGY|
|00000e60| 4f 66 41 4a 41 52 6c 58 63 63 4e 64 38 35 6c 52 |OfAJARlXccNd85lR|
|00000e70| 42 52 2f 4d 2b 31 6d 39 71 5a 6c 4f 7a 44 31 4e |BR/M+1m9qZlOzD1N|
|00000e80| 56 4c 58 66 63 50 69 63 31 58 34 42 74 42 6e 66 |VLXfcPic1X4BtBnf|
|00000e90| 64 4f 70 46 78 4a 68 39 37 33 6d 70 6d 2f 61 61 |dOpFxJh973mpm/aa|
|00000ea0| 44 74 41 52 74 31 46 30 33 6a 34 56 6a 68 72 46 |DtARt1F03j4VjhrF|
|00000eb0| 63 52 45 51 75 4b 45 4d 79 6d 54 7a 33 62 6b 43 |cREQuKEMymTz3bkC|
|00000ec0| 52 50 4e 57 2b 2f 68 6a 6a 6e 75 6a 2f 58 2b 4f |RPNW+/hjjnuj/X+O|
|00000ed0| 32 42 31 79 73 57 65 49 45 41 6d 78 35 30 73 66 |2B1ysWeIEAmx50sf|
|00000ee0| 39 36 35 4d 30 39 77 78 78 2f 39 41 48 72 61 78 |965M09wxx/9AHrax|
|00000ef0| 36 6f 4a 54 36 39 4d 52 79 2f 6d 36 65 66 53 4c |6oJT69MRy/m6efSL|
|00000f00| 41 77 33 2b 41 77 77 41 57 2b 50 77 44 78 61 79 |Aw3+AwwAW+PwDxay|
|00000f10| 36 76 75 66 65 65 58 38 71 61 66 44 49 66 6a 69 |6vufeeX8qafDIfji|
|00000f20| 57 36 54 47 41 66 58 56 30 73 66 78 7a 45 55 4a |W6TGAfXV0sfxzEUJ|
|00000f30| 2f 57 63 79 36 44 77 2b 38 39 7a 35 4d 30 2f 70 |/Wcy6Dw+89z5M0/p|
|00000f40| 75 48 6e 6f 79 7a 6d 39 37 59 70 6b 36 32 63 54 |uHnoyzm97Ypk62cT|
|00000f50| 71 7a 37 6c 5a 56 47 6e 70 74 34 2b 48 56 6b 62 |qz7lZVGnpt4+HVkb|
|00000f60| 34 58 6c 74 36 48 54 4d 72 70 38 57 35 2f 65 55 |4Xlt6HTMrp8W5/eU|
|00000f70| 2b 6a 77 46 63 50 38 53 54 43 51 44 77 73 76 4b |+jwFcP8STCQDwsvK|
|00000f80| 65 49 44 78 63 77 71 4b 64 50 75 35 2b 4e 58 6e |eIDxcwqKdPu5+NXn|
|00000f90| 36 38 39 33 6e 59 4f 57 53 6b 6a 34 39 61 55 45 |6893nYOWSkj49aUE|
|00000fa0| 61 6e 2b 6e 6d 37 6c 64 37 7a 70 4d 46 37 72 71 |an+nm7ld7zpMF7rq|
|00000fb0| 70 69 4e 58 54 49 6f 78 5a 53 65 39 78 51 79 31 |piNXTIoxZSe9xQy1|
|00000fc0| 64 50 50 7a 34 36 64 6a 47 56 70 68 59 2f 62 43 |dPPz46djGVphY/bC|
|00000fd0| 62 35 65 4e 54 38 51 2b 31 48 4b 44 6c 70 58 59 |b5eNT8Q+1HKDlpXY|
|00000fe0| 75 65 39 62 41 4d 39 38 66 79 39 33 70 78 76 37 |ue9bAM98fy93pxv7|
|00000ff0| 37 4a 31 6a 32 70 53 69 63 63 64 36 47 63 63 37 |7J1j2pSiccd6Gcc7|
|00001000| 32 64 6d 42 34 6c 41 7a 66 53 78 7a 50 33 70 4f |2dmB4lAzfSxzP3pO|
|00001010| 73 2b 45 36 4d 35 33 72 6d 31 5a 6f 34 30 63 79 |s+E6M53rm1Zo40cy|
|00001020| 61 72 35 74 5a 39 36 6b 51 66 4c 32 61 68 33 74 |ar5tZ96kQfL2ah3t|
|00001030| 47 65 44 51 39 30 38 36 56 72 35 72 59 38 4c 50 |GeDQ9086Vr5rY8LP|
|00001040| 4b 56 46 4a 45 35 43 4c 70 37 4f 79 6b 6f 71 49 |KVFJE5CLp7OykoqI|
|00001050| 69 32 32 45 55 72 46 6a 41 51 39 6a 6b 77 6d 6b |i22EUrFjAQ9jkwmk|
|00001060| 62 33 55 6b 2f 68 37 76 66 59 52 38 2f 35 73 63 |b3Uk/h7vfYR8/5sc|
|00001070| 62 4d 56 48 71 4f 4e 66 78 44 79 48 38 76 67 67 |bMVHqONfxDyH8vgg|
|00001080| 6d 56 38 6e 67 49 79 6a 43 33 58 6a 6a 31 73 47 |mV8ngIyjC3Xjj1sG|
|00001090| 50 4d 64 52 79 45 52 48 70 70 37 76 37 2f 4e 50 |PMdRyERHpp7v7/NP|
|000010a0| 57 53 67 43 49 6e 4c 4d 6f 49 58 38 63 6e 50 61 |WSgCInLMoIX8cnPa|
|000010b0| 7a 44 42 2b 4e 34 50 45 6e 54 30 39 61 64 79 37 |zDB+N4PEnT09ady7|
|000010c0| 65 50 38 47 79 4c 38 56 5a 38 61 4d 71 6c 67 38 |eP8GyL8VZ8aMqlg8|
|000010d0| 36 50 58 2b 63 6b 48 38 59 45 77 31 47 51 6f 53 |6PX+ckH8YEw1GQoS|
|000010e0| 73 5a 34 74 33 4b 44 30 4a 67 4e 36 47 37 6e 41 |sZ4t3KD0JgN6G7nA|
|000010f0| 2b 33 33 44 4f 55 79 6f 32 44 79 62 63 56 73 75 |+33DOUyo2DybcVsu|
|00001100| 35 4c 52 2b 78 59 5a 36 7a 77 55 53 43 65 4c 43 |5LR+xYZ6zwUSCeLC|
|00001110| 65 39 58 47 4a 49 74 6d 67 42 49 43 49 69 45 68 |e9XGJItmgBICIiEh|
|00001120| 2b 47 6f 30 45 67 4f 59 41 45 44 6c 6e 46 75 7a |+Go0EgOYAEDlnFuz|
|00001130| 4f 6f 52 71 6a 56 74 7a 44 66 76 52 66 4a 6e 45 |OoRqjVtzDfvRfJnE|
|00001140| 61 66 78 66 6c 74 31 64 61 65 66 61 73 7a 2b 59 |afxflt1daefasz+Y|
|00001150| 7a 59 58 64 6d 6d 4a 33 2b 6a 48 44 4f 70 2f 47 |zYXdmmJ3+jHDOp/G|
|00001160| 66 63 59 66 44 2b 48 7a 44 4f 55 2b 41 31 58 37 |fcYfD+HzDOU+A1X7|
|00001170| 32 78 77 38 4f 74 58 7a 45 68 6e 6e 4f 42 6d 4d |2xw8OtXzEhnnOBmM|
|00001180| 74 47 75 56 34 52 45 52 45 52 45 51 75 4c 4d 30 |tGuV4REREREQuLM0|
|00001190| 42 49 48 49 70 69 2f 68 34 64 6a 31 38 35 61 5a |BIHIpi/h4dj185aZ|
|000011a0| 69 4e 54 5a 46 52 45 52 45 52 4f 53 38 4b 41 45 |iNTZFREREROS8KAE|
|000011b0| 67 63 67 6e 7a 76 42 4e 6c 53 34 32 6c 2f 2b 52 |gcgnzvBNlS42l/+R|
|000011c0| 2f 49 69 49 69 49 69 49 69 35 30 42 7a 41 49 69 |/IiIiIiIi50BzAIi|
|000011d0| 49 69 4f 51 52 7a 51 45 67 49 69 4b 53 6e 30 5a |IiOQRzQEgIiKSn0Z|
|000011e0| 6a 44 67 43 4e 41 42 41 52 45 52 45 52 45 66 6c |jDgCNABAREREREfl|
|000011f0| 2f 37 4e 31 39 63 46 7a 6c 6e 65 44 37 37 2b 6b |/7N19cFzlneD77+k|
|00001200| 58 74 64 53 53 57 72 62 38 67 6d 56 73 59 79 78 |XtdSSWrb8gmVsYyx|
|00001210| 6a 65 59 78 4e 49 68 49 63 31 6b 36 41 5a 45 49 |jeYxNIhIc1k6AZEI|
|00001220| 32 4f 41 6e 4a 4a 43 43 45 65 67 67 41 41 43 41 |2OAnJJCCEeggAACA|
|00001230| 41 53 55 52 42 56 4a 34 4a 46 42 58 6d 4c 71 6c |ASURBVJ4JFBXmLql|
|00001240| 5a 6b 68 32 32 4b 73 7a 75 73 4c 65 57 72 54 76 |Zkh22KszusLeWrTv|
|00001250| 4d 76 63 76 57 48 58 4a 33 79 4b 30 68 73 32 47 |MvcvWHXJ3yK0hs2G|
|00001260| 6e 38 4c 33 44 46 44 74 68 68 30 77 59 6b 68 67 |n8L3DFDthh0wYkhg|
|00001270| 6d 4a 67 54 43 6d 41 73 4f 51 51 51 62 78 69 59 |mJgTCmAsOQQQbxiY|
|00001280| 49 6a 47 30 73 32 37 49 74 36 36 32 6c 56 72 2b |IjG0s27It662lVr+|
|00001290| 63 2b 38 64 70 76 56 70 2b 4e 30 68 57 66 7a 39 |c+8dpvVp+N0hWfz9|
|000012a0| 56 4b 72 64 4f 50 2b 63 35 76 33 4f 36 31 65 37 |VKrdOP+c5v3O61e7|
|000012b0| 6e 39 37 77 63 71 51 4b 59 41 4a 41 6b 53 5a 49 |n97wcqQKYAJAkSZI|
|000012c0| 6b 71 51 4b 59 41 4a 41 6b 53 5a 49 6b 71 51 4b |kqQKYAJAkSZIkqQK|
|000012d0| 34 42 6f 41 6b 53 5a 49 6b 53 64 4f 63 61 77 42 |4BoAkSZIkSdOcawB|
|000012e0| 49 6b 69 52 4a 6b 71 54 54 59 67 4a 41 6b 69 52 |IkiRJkqTTYgJAkiR|
|000012f0| 4a 6b 71 51 4b 59 41 4a 41 6b 69 52 4a 6b 71 51 |JkqQKYAJAkiRJkqQ|
|00001300| 4b 59 41 4a 41 6b 69 52 4a 6b 71 51 4b 59 41 4a |KYAJAkiRJkqQKYAJ|
|00001310| 41 6b 69 52 4a 6b 71 51 4b 6b 4a 6a 71 41 43 52 |AkiRJkqQKkJjqACR|
|00001320| 4a 6b 71 61 37 55 71 6e 45 30 4e 41 51 68 55 4b |Jkqa7UqnE0NAQhUK|
|00001330| 42 55 71 6b 30 37 6b 65 53 33 67 2b 78 57 47 7a |BUqk07keS3g+xWGz|
|00001340| 63 54 79 4b 52 6f 4b 71 71 69 6c 6a 4d 50 6c 79 |cTyKRoKqqiljMPly|
|00001350| 64 50 52 4d 41 6b 69 52 4a 6b 79 67 55 43 75 52 |dPRMAkiRJkygUCuR|
|00001360| 79 4f 59 61 47 68 69 67 57 69 31 4d 64 6a 71 51 |yOYaGhigWi1MdjqQ|
|00001370| 4b 63 36 49 6b 59 7a 77 65 70 36 71 71 69 6c 51 |Kc6IkYzwep6qqilQ|
|00001380| 71 52 53 4a 68 63 30 35 6e 4a 67 6a 44 4d 4a 7a |qRSJhc05nJgjDMJz|
|00001390| 71 49 43 52 4a 6b 71 61 4c 51 71 46 41 66 33 38 |qICRJkqaLQqFAf38|
|000013a0| 2f 2b 58 78 2b 5a 46 73 51 42 43 53 54 53 5a 4c |/+Xx+ZFsQBCSTSZL|
|000013b0| 4a 35 45 68 76 58 44 77 65 74 79 64 4f 30 76 75 |J5EhvXDwetydO0vu|
|000013c0| 6d 56 43 70 52 4c 42 5a 48 45 67 48 35 66 4a 35 |mVCpRLBZHEgH5fJ5|
|000013d0| 38 50 73 2f 59 35 6c 73 79 6d 61 53 32 74 74 5a |8Ps/Y5lsymaS2ttZ|
|000013e0| 45 51 49 58 6f 36 65 6b 35 35 7a 70 4d 41 45 69 |EQIXo6ek55zpMAEi|
|000013f0| 53 4a 41 48 46 59 70 46 73 4e 6b 73 75 6c 77 4f |SJAHFYpFsNksulwO|
|00001400| 69 34 62 63 31 4e 54 56 55 56 56 55 52 6a 38 65 |i4bc1NTVUVVURj8e|
|00001410| 6e 4f 44 70 4a 69 68 51 4b 42 66 4c 35 50 41 4d |nODpJihQKBfL5PAM|
|00001420| 44 41 79 4d 6a 42 46 4b 70 46 4c 57 31 74 53 59 |DAyMjBFKpFLW1tSY|
|00001430| 6c 5a 7a 67 54 41 4a 49 6b 53 65 64 42 4c 70 65 |lZzgTAJIkSedBLpe|
|00001440| 6a 74 37 63 58 69 48 72 37 30 2b 6b 30 4e 54 55 |jt7cXiHr70+k0NTU|
|00001450| 31 55 78 79 56 4a 4a 33 63 77 4d 41 41 32 57 78 |1UxyVJJ3cwMAA2Wx|
|00001460| 32 5a 46 52 41 4a 70 4f 68 71 71 70 71 69 71 50 |2ZFRAJpOhqqpqiqP|
|00001470| 53 2b 38 55 45 67 43 52 4a 30 6a 6b 61 47 42 69 |S+8UEgCRJ0jkaGBi|
|00001480| 67 76 37 38 66 67 4f 72 71 61 6d 70 72 61 77 6d |gv78fgOrqamprawm|
|00001490| 43 59 49 71 6a 6b 71 54 54 45 34 59 68 66 58 31 |CYIqjkqTTE4YhfX1|
|000014a0| 39 49 36 4f 58 36 75 72 71 71 4b 36 75 6e 75 4b |9I6OX6urqqK6unuK|
|000014b0| 6f 39 48 34 34 48 77 6b 41 4a 34 74 49 6b 71 53 |o9H44HwkAJ4tIkqS|
|000014c0| 4b 31 64 66 58 78 2b 44 67 49 4f 43 58 5a 6b 6b |K1dfXx+DgIOCXZkk|
|000014d0| 58 70 69 41 49 71 4b 2b 76 4a 35 46 49 30 4e 2f |XpiAIqK+vJ5FI0N/|
|000014e0| 66 54 31 39 66 48 38 56 69 6b 64 72 61 32 71 6b |fT19fH8Vikdra2qk|
|000014f0| 4f 54 64 4f 51 43 51 42 4a 6b 6c 53 52 2b 76 76 |OTdOQCQBJklSR+vv|
|00001500| 37 47 52 77 63 4a 41 67 43 4d 70 6b 4d 79 57 52 |7GRwcJAgCMpkMyWR|
|00001510| 79 71 6b 4f 53 70 4c 4e 57 55 31 4e 44 49 70 47 |yqkOSpLNWU1NDIpG|
|00001520| 67 70 36 65 48 67 59 45 42 41 4a 4d 41 4f 6f 36 |gp6eHgYEBAJMAOo6|
|00001530| 72 52 45 69 53 70 49 71 54 79 2b 55 59 47 42 67 |rREiSpIqTy+UYGBg|
|00001540| 67 43 41 4a 6d 7a 5a 70 6c 34 31 2f 53 6a 4a 42 |gCAJmzZpl41/SjJB|
|00001550| 4d 4a 70 6b 31 61 78 5a 42 45 44 41 77 4d 44 41 |MJpk1axZBEDAwMDA|
|00001560| 79 4c 55 41 61 5a 67 4a 41 6b 69 52 56 6c 45 4b |yLUAaZgJAkiRVlEK|
|00001570| 68 4d 4c 4c 67 58 79 61 54 63 59 56 2f 53 54 4e |hMLLgXyaTcYV/STN|
|00001580| 4b 50 42 34 6e 6b 38 6b 41 30 4e 76 62 53 36 46 |KPB4nk8kA0NvbS6F|
|00001590| 51 6d 4f 4b 49 4e 4a 32 59 41 4a 41 6b 53 52 57 |QmOKINJ2YAJAkSRW|
|000015a0| 6a 56 43 72 52 33 64 30 4e 52 48 50 2b 37 66 6d |jVCrR3d0NRHP+7fm|
|000015b0| 58 4e 42 4d 6c 6b 30 6e 71 36 75 6f 41 36 4f 37 |XNBMlk0nq6uoA6O7|
|000015c0| 75 48 72 6c 64 6f 47 51 43 51 4a 49 6b 56 59 7a |uHrldoGQCQJIkVYz|
|000015d0| 65 33 6c 37 43 4d 4b 53 36 75 74 6f 46 2f 79 54 |e3l7CMKS6utoF/yT|
|000015e0| 4e 61 4d 4f 66 63 38 4e 33 43 5a 44 41 42 49 41 |NaMOfc8N3CZDABIA|
|000015f0| 6b 53 61 6f 51 68 55 4b 42 66 44 35 50 4c 42 59 |kSaoQhUKBfD5PLBY|
|00001600| 62 36 52 6d 54 70 4a 6d 73 72 71 36 4f 57 43 7a |b6RmTpJmsrq6OWCz|
|00001610| 47 30 4e 43 51 55 77 45 45 6d 41 43 51 4a 45 6b |G0NCQUwEEmACQJEk|
|00001620| 56 6f 72 2b 2f 48 34 42 30 4f 6a 33 46 6b 55 6a |Vor+/H4B0Oj3FkUj|
|00001630| 53 42 32 66 34 4d 79 2b 62 7a 55 35 78 4a 4a 6f |SB2f4My+bzU5xJJo|
|00001640| 4f 54 41 42 49 6b 71 51 5a 62 32 7a 76 76 30 50 |OTABIkqQZb2zvv0P|
|00001650| 2f 4a 56 57 53 36 75 70 71 52 77 46 6f 68 41 6b |/JVWS6upqRwFohAk|
|00001660| 41 53 5a 49 30 34 77 33 66 45 39 76 47 76 36 52 |ASZI04w3fE9vGv6R|
|00001670| 4b 4e 50 7a 5a 4e 7a 67 34 4f 4d 57 52 61 4b 71 |KNPzZNzg4OMWRaKq|
|00001680| 5a 41 4a 41 6b 53 54 50 65 30 4e 41 51 41 46 56 |ZAJAkSTPe0NAQAFV|
|00001690| 56 56 56 4d 63 69 53 52 39 38 49 59 2f 2b 33 4b |VVVMciSR98IY/+3K|
|000016a0| 35 33 42 52 48 6f 71 6c 6d 41 6b 43 53 4a 4d 31 |53BRHoqlmAkCSJM1|
|000016b0| 6f 78 57 4b 52 4d 41 79 4a 78 57 49 6b 45 6f 6d |oxWKRMAyJxWIkEom|
|000016c0| 70 44 6b 65 53 50 6e 43 4a 52 49 49 67 43 41 6a |pDkeSPnCJRIIgCAj|
|000016d0| 44 6b 47 4b 78 4f 4e 58 68 61 41 71 5a 41 4a 41 |DkGKxONXhaAqZAJA|
|000016e0| 6b 53 54 50 61 6d 66 66 2b 64 37 44 35 37 71 39 |kSTPamff+d7D57q9|
|000016f0| 7a 39 2b 61 4f 45 7a 7a 2f 43 67 39 38 2f 65 73 |z9+aOEzz/Cg98/es|
|00001700| 38 38 4d 70 35 43 65 38 43 55 38 6e 6e 4c 6c 33 |88Mp5Ce8CU8nnLl3|
|00001710| 59 55 71 6b 55 4d 50 71 5a 71 4d 70 6b 47 6c 79 |YUqkUMPqZqMpkGly|
|00001720| 53 4a 4d 31 6f 77 34 74 65 7a 62 7a 65 2f 7a 77 |SJM1ow4tezbze/zw|
|00001730| 64 4f 39 76 59 30 66 59 4b 37 64 30 41 44 54 53 |dO9vY0fYK7d0ADTS|
|00001740| 76 58 38 76 61 6c 63 30 30 4a 4b 63 36 4e 6b 6e |vX8valc00JKc6Nkn|
|00001750| 54 7a 66 42 6e 6f 41 73 42 56 6a 5a 48 41 45 69 |TzfBnoAsBVjZHAEi|
|00001760| 53 70 42 6d 74 56 43 6f 42 45 49 75 64 77 39 65 |SpBmtVCoBEIudw9e|
|00001770| 65 66 4a 62 75 37 6d 36 36 73 2f 6e 6a 74 75 2f |efJbu7m66s/njtu/|
|00001780| 5a 75 59 31 74 32 39 73 35 6e 4a 39 38 56 2f 4b |ZuY1t29s5nJ98V/K|
|00001790| 48 61 64 2b 2b 6a 57 30 37 39 78 44 74 6e 69 66 |Had++jW079xDtnif|
|000017a0| 62 33 63 31 49 56 66 6b 73 33 64 31 5a 38 6b 43 |b3c1IVfks3d1Z8kC|
|000017b0| 2b 75 35 33 74 32 37 61 78 76 66 30 77 4a 36 6f |+u53t27axvf0wJ6o|
|000017c0| 4f 38 68 7a 65 39 68 42 33 33 33 34 48 44 7a 7a |O8hze9hB3334HDzz|
|000017d0| 5a 44 73 31 58 63 75 57 56 56 33 4c 6c 6c 58 4d |ZDs1XcuWVV3LllXM|
|000017e0| 35 2f 50 51 6d 37 72 72 6a 62 68 37 65 33 6a 30 |5/PQm7rrjbh7e3j0|
|000017f0| 68 39 75 79 6b 39 65 57 7a 59 2b 49 6f 31 35 33 |h9uyk9eWzY+Io153|
|00001800| 64 73 35 4e 74 32 37 62 54 50 6e 78 43 2b 65 7a |ds5Nt27bTPnxC+ez|
|00001810| 78 35 33 32 36 35 30 36 65 77 2b 33 62 32 62 5a |x5326506ew+3b2bZ|
|00001820| 74 4a 33 73 6d 71 32 4f 6b 71 6a 33 73 4c 4a 2f |tJ3smq2Okqj3sLJ/|
|00001830| 33 53 59 70 4e 45 75 63 32 64 75 36 5a 2f 4e 77 |3SYpNEuc2du6Z/Nw|
|00001840| 41 38 6f 65 6a 36 7a 6c 70 6d 55 6d 75 2b 38 52 |A8oej6zlpmUmu+8R|
|00001850| 79 4a 39 31 66 75 73 41 4d 66 77 59 4f 66 79 61 |yJ91fusAMfwYOfya|
|00001860| 71 4d 73 32 30 56 4c 67 6b 53 64 49 34 35 35 77 |qMs20VLgkSdI455w|
|00001870| 41 79 4c 37 43 41 33 64 39 6c 37 61 35 6e 2b 59 |AyL7CA3d9l7a5n+Y|
|00001880| 2f 33 6e 55 7a 44 63 4f 62 32 78 37 69 72 75 39 |/3nUzDcOb2x7iru9|
|00001890| 75 49 35 74 4a 6b 38 7a 32 30 46 50 49 30 48 72 |uI5tJk8z20FPI0Hr|
|000018a0| 37 50 64 79 78 64 71 51 45 32 78 2b 2b 6c 77 65 |7PdyxdqQE2x++lwe|
|000018b0| 65 4f 30 41 68 6b 53 47 54 7a 74 4b 54 6e 63 75 |eO0AhkSGTztKTncu|
|000018c0| 31 64 32 79 67 35 7a 75 62 34 41 38 66 34 6f 34 |1d2yg5zub4A8f4o4|
|000018d0| 72 67 65 32 62 2b 4b 50 76 5a 6c 6d 33 37 6a 41 |rge2b+KPvZlm37jA|
|000018e0| 76 62 4d 75 53 53 53 66 4a 39 76 52 51 79 46 7a |vbMuSSSfJ9vRQyFz|
|000018f0| 46 48 39 37 37 44 61 35 4d 6a 77 75 47 56 78 36 |FH977Da5MjwuGVx6|
|00001900| 34 69 30 33 5a 44 64 78 78 33 34 4f 73 62 42 67 |4i03ZDdxx34OsbBg|
|00001910| 58 4b 57 76 58 58 73 2f 47 50 5a 75 35 37 37 36 |XKWvXXs/GPZu5776|
|00001920| 37 65 65 69 4f 42 2f 6a 36 53 71 44 6a 48 37 6a |7eeiOB/j6SqDjH7j|
|00001930| 33 54 37 66 53 38 71 30 48 2b 50 71 61 4d 59 57 |3T7fS8q0H+PqaMYW|
|00001940| 37 74 33 44 76 48 2f 30 44 69 34 65 33 64 7a 7a |7t3DvH/0Di4e3dzz|
|00001950| 4c 66 66 66 39 44 62 74 36 45 74 52 6b 30 70 44 |Lfff9Dbt6EtRk0pD|
|00001960| 74 49 64 6e 38 4e 57 35 65 74 6f 55 48 32 39 62 |tIdn8NW5etoUH29b|
|00001970| 7a 6e 2b 2f 64 51 4e 4e 70 6e 7a 74 30 62 33 2b |zn+/dQNNpnzt0b3+|
|00001980| 59 2b 78 35 34 6a 67 50 55 45 46 55 33 41 41 75 |Y+x54jgPUEFU3AAu|
|00001990| 75 35 59 36 37 62 32 58 4e 38 44 6e 6c 39 37 44 |u5Y67b2XN8Dnl97D|
|000019a0| 6c 2f 76 76 35 2f 71 34 65 45 70 6b 4d 36 58 4a |l/vv5/q4eEpkM6XJ|
|000019b0| 64 4c 56 2b 37 69 37 75 75 61 32 4a 53 68 37 66 |dLV+7i7uua2JSh7f|
|000019c0| 79 77 4c 32 62 61 4d 76 57 6b 45 6b 6e 79 57 64 |ywL2baMvWkEknyWd|
|000019d0| 37 47 45 69 33 38 4c 57 37 37 6d 4a 6b 6c 2b 37 |7GEi38LW77mJkl+7|
|000019e0| 74 50 48 7a 66 41 7a 78 33 67 4a 46 7a 47 57 41 |tPHzfAzx3gJFzGWA|
|000019f0| 42 31 39 35 78 4e 37 63 4f 48 2f 79 34 36 78 37 |B195xN7cOH/y46x7|
|00001a00| 46 57 4a 69 7a 6a 6d 2f 64 73 35 47 42 54 66 66 |FWJizjm/ds5GBTff|
|00001a10| 77 30 48 5a 49 70 2f 4e 52 37 49 74 76 34 4b 36 |w0HZIp/NR7Itv4K6|
|00001a20| 37 4e 39 4c 73 36 41 70 64 6f 45 77 41 43 45 77 |7N9Ls6ApdoEwACEw|
|00001a30| 41 53 4a 4b 6b 47 57 37 34 79 32 34 38 48 6a 2b |ASJKkGW74y248Hj+|
|00001a40| 4c 76 54 76 59 66 4e 39 33 61 61 4f 56 50 37 7a |LvTvYfN93aaOVP7z|
|00001a50| 72 5a 70 72 48 4e 4d 5a 33 74 51 31 77 2b 35 38 |rZprHNMZ3tQ1w+58|
|00001a60| 2f 53 4e 54 6d 7a 62 4c 7a 6f 58 76 34 39 6f 4f |/SNTmzbLzoXv49oO|
|00001a70| 62 32 4e 5a 36 4a 32 75 54 30 50 33 73 2f 58 7a |b2NZ6J2uT0P3s/Xz|
|00001a80| 6e 75 57 35 61 62 2f 39 7a 62 6c 2f 62 51 42 4c |nuW5ab/9zbl/bQBL|
|00001a90| 49 6c 78 75 76 4f 34 44 57 63 63 66 5a 52 64 76 |IlxuvO4DWccfZRdv|
|00001aa0| 41 37 66 7a 35 67 32 75 6a 42 45 4e 32 4a 77 2f |A7fz5g2ujBEN2Jw/|
|00001ab0| 64 38 32 32 2b 2b 2b 43 56 66 4f 2f 4f 74 51 79 |d822+++CVfO/OtQy|
|00001ac0| 33 4f 54 73 32 33 38 65 44 68 7a 64 77 7a 7a 30 |3OTs238eDhzdwzz0|
|00001ad0| 62 61 4b 4b 62 6e 56 76 2b 67 53 65 33 74 74 45 |baKKbnVv+gSe3ttE|
|00001ae0| 39 64 77 4d 33 33 54 69 48 48 5a 74 37 57 50 75 |9dwM33TiHHZt7WPu|
|00001af0| 4e 44 64 78 35 38 79 37 2b 37 51 2b 65 5a 65 50 |NDdx58y7+7Q+eZeP|
|00001b00| 64 31 39 47 77 5a 41 50 58 4c 33 36 61 37 7a 2b |d19GwZAPXL36a7z+|
|00001b10| 39 6a 56 76 58 6a 4b 6c 72 36 37 50 73 6e 62 4f |9jVvXjKlr67PsnbO|
|00001b20| 65 32 39 59 41 37 4f 53 68 65 2f 2b 47 58 58 4e |e29YA7OShe/+GXXN|
|00001b30| 76 34 45 2f 75 32 38 69 53 4a 45 41 33 4f 2f 2f |v4E/u28iSJEA3O//|
|00001b40| 32 66 75 35 2f 38 67 41 73 47 48 39 56 54 6e 58 |2fu5/8gAsGH9VTnX|
|00001b50| 75 74 50 38 74 39 33 37 6e 4f 64 49 33 2f 41 6e |utP8t937nOdI3/An|
|00001b60| 66 32 37 67 6b 4f 6d 62 33 54 76 37 32 2f 6d 2f |f27gkOmb3Tv72/m/|
|00001b70| 7a 6e 66 76 6d 38 70 2f 76 32 55 41 54 57 62 59 |znfvm8p/v2UATWbY|
|00001b80| 2b 38 4b 64 38 66 30 38 72 74 2f 2f 35 48 65 57 |+8Kd8f08rt//5HeW|
|00001b90| 36 38 68 7a 65 2b 67 44 33 62 4c 71 58 37 38 32 |68hze+gD3bLqX782|
|00001ba0| 35 6e 32 2b 73 6d 64 6a 61 33 73 6c 44 39 32 78 |5n2+smdja3slD92x|
|00001bb0| 69 5a 2f 4e 74 2f 4e 6d 64 36 35 6b 4c 77 47 47 |iZ/Nt/Nmd65kLwGG|
|00001bc0| 32 33 6e 38 50 6d 2b 35 39 69 41 55 50 66 4a 32 |23n8Pm+59iAUPfJ2|
|00001bd0| 56 74 50 4f 33 39 33 36 48 35 39 49 33 38 43 66 |VtPO3936H59I38Cf|
|00001be0| 66 47 33 38 75 33 2f 37 4f 66 63 7a 39 7a 2f 65 |fG38u3/7Ofcz9z/e|
|00001bf0| 77 59 53 53 33 4d 4f 47 36 64 32 2f 6a 67 62 73 |wYSS3MOG6d2/jgbs|
|00001c00| 66 35 4d 47 37 32 70 69 37 39 6b 37 75 66 37 43 |f5MG72pi79k7uf7C|
|00001c10| 5a 4e 4d 44 68 72 64 78 2f 7a 79 59 65 66 47 77 |ZNMDhrdx/zyYefGw|
|00001c20| 74 39 39 32 38 35 45 7a 65 51 4e 4b 30 59 51 4a |t99285EzeQNK0YQJ|
|00001c30| 41 34 42 51 41 53 5a 49 30 77 34 56 68 43 45 41 |A4BQASZI0w4VhCEA|
|00001c40| 51 42 47 65 34 5a 35 5a 58 48 72 69 58 48 78 78 |QBGe4Z5ZXHriXHxx|
|00001c50| 75 35 51 2f 76 75 32 4e 43 54 7a 77 73 2f 75 4c |u5Q/vu2NCTzws/uL|
|00001c60| 58 47 4f 33 77 54 72 4e 79 34 77 61 57 73 59 4e |XGO3wTrNy4waWsYN|
|00001c70| 58 64 67 4a 30 73 48 58 4c 32 39 53 73 75 35 30 |XdgJ0sHXL29Ssu50|
|00001c80| 37 79 6f 31 2f 67 4f 54 63 39 64 78 35 32 7a 70 |7yo1/gOTc9dx52zp|
|00001c90| 71 6a 6a 76 57 59 72 37 34 74 62 57 4d 56 72 65 |qjjvWYr74tbWMVre|
|00001ca0| 53 6a 52 75 57 77 59 35 58 32 44 6d 38 72 58 73 |SjRuWwY5X2Dm8rXs|
|00001cb0| 4c 44 2f 36 67 67 56 76 76 32 6b 41 54 48 57 79 |LD/6ggVvv2kATHWy|
|00001cc0| 2b 35 34 39 34 6f 43 33 4a 32 67 30 33 73 32 48 |+5494oC3J2g03s2H|
|00001cd0| 5a 44 68 37 38 30 2b 2f 79 35 4e 75 48 53 51 4c |ZDh780+/y5NuHSQL|
|00001ce0| 70 31 61 30 73 65 33 73 48 37 51 41 30 63 4e 32 |p1a0se3sH7QA0cN2|
|00001cf0| 47 31 62 42 6a 4b 39 74 47 78 72 48 76 34 64 6c |G1bBjK9tGxrHv4dl|
|00001d00| 6e 44 37 44 34 2b 67 30 73 41 58 6a 6c 61 56 34 |nD7D4+g0sAXjlaV4|
|00001d10| 59 57 4d 78 4e 64 77 34 33 6d 4b 50 39 56 74 35 |YWMxNdw43mKP9Vt5|
|00001d20| 38 4a 78 73 58 48 33 39 6c 54 6e 37 75 38 4d 71 |8JxsXH39lTn7u8Mq|
|00001d30| 54 54 33 4e 6b 38 55 33 63 4f 64 7a 34 42 32 68 |TT3Nk8U3cOdz4B2h|
|00001d40| 59 79 63 32 33 66 5a 6f 35 65 7a 65 7a 65 53 66 |Yyc23fZo5ezezeSf|
|00001d50| 51 38 53 79 62 64 39 53 77 37 76 59 37 78 74 53 |Q8Sybd9Sw7vY7xtS|
|00001d60| 56 5a 4f 37 36 4f 37 68 31 39 51 43 2f 66 47 49 |VZO76O7h19QC/fGI|
|00001d70| 72 59 79 59 79 6c 43 75 4f 34 76 7a 69 62 63 4f |rYyYylCuO4vzibcO|
|00001d80| 4e 66 34 43 35 72 4c 2f 39 4c 72 35 31 61 79 76 |Nf4C5rL/9Lr51ayv|
|00001d90| 4a 62 75 43 56 4a 33 6e 36 79 47 54 6e 63 68 75 |JbuCVJ3n6yGTnchu|
|00001da0| 66 6e 72 4f 58 7a 5a 74 33 6a 71 6c 77 77 6e 56 |fnrOXzZt3jqlwwnV|
|00001db0| 76 57 4d 74 58 72 70 76 44 77 45 41 7a 31 39 39 |vWMtXrpvDwEAz199|
|00001dc0| 63 62 76 77 44 7a 46 33 50 6a 65 73 7a 48 4e 6d |cbvwDzF3PjeszHNm|
|00001dd0| 78 67 78 4d 74 44 53 6c 4e 64 38 4d 4a 67 4f 48 |xgxMtDSlNd8MJgOH|
|00001de0| 50 52 46 55 6d 45 77 43 53 4a 47 6c 47 47 32 37 |PRFUmEwCSJGlGG27|
|00001df0| 34 6e 2b 6d 58 33 75 37 4e 39 2f 50 64 6e 63 33 |4n+mX3u7N9/Pdnc3|
|00001e00| 63 64 73 2f 78 6a 58 2b 41 75 58 4d 6d 6a 4c 39 |cds/xjX+AuXMmjL9|
|00001e10| 76 79 4e 41 41 46 50 49 41 48 62 78 39 41 4a 70 |vyNAAFPIAHbx9AJp|
|00001e20| 58 72 6a 78 2b 78 35 55 72 61 54 36 2b 4e 6f 36 |Xrjx+x5UraT6+No6|
|00001e30| 76 72 67 45 6f 6a 4d 77 39 33 37 4e 35 43 34 66 |vrgEojMw937N5C4f|
|00001e40| 58 66 5a 72 31 61 65 6a 65 38 69 41 2f 79 4e 2f |XfZr1aeje8iA/yN/|
|00001e50| 41 33 58 66 64 7a 50 71 31 61 31 6d 37 34 55 36 |A3XfdzPq1a1m74U6|
|00001e60| 2b 31 67 6f 73 57 52 49 4e 30 32 2f 49 30 4d 42 |+1gosWRIN02/I0MB|
|00001e70| 68 44 68 79 4f 39 6b 32 75 2f 54 54 72 61 6e 61 |hDhyO9k2u/TTrana|
|00001e80| 77 35 64 6c 79 6b 33 72 6e 46 72 59 65 57 63 32 |w5dlyk3rnFrYeWc2|
|00001e90| 47 36 36 4b 44 64 68 7a 6f 67 45 77 4c 79 79 62 |G66KDdhzogEwLyyb|
|00001ea0| 45 41 41 30 73 61 38 6d 63 38 62 6b 66 36 49 41 |EAA0sa8mc8bkf6IA|
|00001eb0| 35 71 31 64 7a 58 48 56 4c 57 6c 6a 43 41 48 76 |5q1dzXHVLWljCAHv|
|00001ec0| 66 50 67 77 64 62 33 4f 41 6c 61 78 5a 4d 37 46 |fPgwdb3OAlaxZM7F|
|00001ed0| 51 6b 73 55 74 43 2b 44 74 6e 65 79 5a 38 45 78 |QksUtC+DtneyZ8Ex|
|00001ee0| 48 56 44 47 72 4a 31 61 63 58 73 4b 61 74 56 66 |HVDGrJ1acXsKatVf|
|00001ef0| 53 33 48 43 53 4d 69 79 68 5a 51 6b 4d 37 48 32 |S3HCSMiyhZQkM7H2|
|00001f00| 62 77 36 4e 6e 63 74 78 31 62 31 71 32 42 45 68 |bw6Nnctx1b1q2BEh|
|00001f10| 53 4d 32 48 77 51 62 70 68 6b 6a 65 42 64 41 45 |SM2HwQbphkjeBdAE|
|00001f20| 5a 37 76 6b 2f 38 32 53 6f 5a 68 49 54 41 4a 49 |Z7vk/82SoZhITAJI|
|00001f30| 6b 61 55 59 37 32 32 47 76 79 62 6c 7a 71 52 6c |kaUY722GvyblzqRl|
|00001f40| 6f 70 32 31 50 39 71 79 50 6e 63 31 50 73 6d 38 |op21P9qyPnc1Psm8|
|00001f50| 32 7a 35 6e 58 65 4a 67 64 75 34 36 77 63 73 30 |2z5nXeJgdu46wcs0|
|00001f60| 61 34 44 42 62 74 2b 35 6c 38 66 72 72 47 44 74 |a4DBbt+5l8frrGDt|
|00001f70| 4c 50 70 6d 41 4f 51 76 4b 33 66 58 64 50 58 51 |LPpmAOQvK3fXdPXQ|
|00001f80| 7a 6c 77 55 6a 33 65 52 72 75 48 37 39 48 50 5a |zlwUj3eRruH79HPZ|
|00001f90| 75 32 63 77 65 59 50 76 57 4e 6c 6a 33 36 57 69 |u2cweYPvWNlj36Wi|
|00001fa0| 34 2f 72 44 38 69 52 59 4b 50 4c 76 6c 37 37 4c |4/rD8iRYKPLvl77L|
|00001fb0| 64 78 2f 58 66 6a 38 61 61 48 6a 35 77 4e 39 6b |dx/Xfj8aaHj5wN9k|
|00001fc0| 54 46 61 74 4a 4d 75 6c 30 2b 2f 78 70 58 4c 39 |TFatJMul0+/xpXL9|
|00001fd0| 73 39 2f 47 6a 42 30 59 50 50 6e 6d 39 30 67 78 |s9/GjB0YPPnm90gx|
|00001fe0| 33 58 68 5a 45 31 51 58 50 56 31 2b 53 4a 4d 31 |3XhZE1QXPV1+SJM1|
|00001ff0| 6f 5a 35 73 41 53 4b 2b 39 6e 62 75 2f 4d 70 65 |oZ5sASK+9nbu/Mpe|
|00002000| 32 37 39 37 44 51 39 76 50 74 4d 6e 65 7a 4f 70 |2797DQ9vPtMnezOp|
|00002010| 6c 38 50 62 57 74 75 4d 61 6f 74 33 62 6e 75 58 |l8PbWtuMaot3bnuX|
|00002020| 74 4d 36 77 4e 75 75 6e 75 6e 6b 50 55 76 73 39 |tM6wNuununkPUvs9|
|00002030| 44 48 75 62 4f 6e 54 76 6d 2b 58 5a 32 76 41 31 |DHubOnTvm+XZ2vA1|
|00002040| 4c 6c 70 52 54 41 75 30 37 65 48 76 5a 36 6e 45 |LlpRTAu07eHvZ6nE|
|00002050| 6a 44 5a 5a 73 75 4a 37 46 52 37 61 78 64 65 63 |jDZZsuJ7FR7axdec|
|00002060| 32 6e 6e 34 68 7a 66 72 72 52 37 76 65 6d 35 59 |2nn4hzfrrR7vem5Y|
|00002070| 74 6f 32 61 67 6a 61 31 6a 52 38 63 44 73 4a 32 |to2agja1jR8cDsJ2|
|00002080| 74 62 51 4e 6e 47 47 73 54 79 35 62 56 4d 4c 43 |tbQNnGGsTy5bVMLC|
|00002090| 72 72 54 77 46 59 56 54 2b 6c 52 66 59 79 51 4a |rrTwFYVT+lRfYyQJ|
|000020a0| 61 57 78 71 67 65 54 58 4c 65 4a 75 32 48 52 4f |aWxqgeTXLeJu2HRO|
|000020b0| 76 62 51 64 74 57 77 2f 41 79 6c 59 6d 6a 70 39 |vbQdtWw/AylYmjp9|
|000020c0| 6f 57 72 61 4d 6d 70 34 32 74 68 30 33 4e 47 41 |oWraMmp42th03NGA|
|000020d0| 72 44 33 2f 76 59 62 59 64 48 6a 36 58 58 62 51 |rD3/vYbYdHj6XXbQ|
|000020e0| 64 66 33 42 65 32 41 6b 4c 57 6c 75 4f 48 35 6b |df3Be2AkLWluOH5k|
|000020f0| 67 56 59 44 68 55 56 41 6d 41 43 71 62 72 37 34 |gVYDhUVAmACqbr74|
|00002100| 6b 53 5a 72 52 7a 6d 58 68 71 36 59 4e 64 2f 47 |kSZrRzmXhq6YNd/G|
|00002110| 74 64 66 44 43 64 2b 35 6a 38 78 6c 4e 2f 6d 37 |tdfDCd+5j8xlN/m7|
|00002120| 67 75 71 2b 73 6f 2b 62 74 76 2b 48 65 37 32 32 |guq+so+btv+He722|
|00002130| 4c 62 6f 47 58 7a 37 4a 6e 32 2f 65 34 64 2f 50 |LboGXz7Jn2/e4d/P|
|00002140| 68 53 64 59 41 4f 4a 55 30 79 57 53 65 61 45 42 |hSdYAOJU0yWSeaEB|
|00002150| 42 6d 6e 51 61 32 72 61 57 35 38 6a 6e 75 33 6e |BmnQa2raW58jnu3n|
|00002160| 6c 6f 55 30 38 65 32 53 34 62 41 65 62 6e 32 6a |loU08e2S4bAebn2j|
|00002170| 6e 71 68 76 58 6a 32 2f 6f 4e 6c 7a 48 68 74 55 |nqhvXj2/oNlzHhtU|
|00002180| 39 62 48 33 67 59 58 59 73 76 70 34 4e 59 39 65 |9bH3gYXYsvp4NY9e|
|00002190| 79 57 37 6d 52 6a 63 73 47 65 4f 47 42 2b 39 69 |yW7mRjcsGeOGB+9i|
|000021a0| 38 4d 37 6f 46 59 66 37 77 54 6a 62 66 74 34 6d |8M7oFYf7wTjbft4m|
|000021b0| 32 73 34 68 32 35 63 61 4e 4c 44 76 79 4e 50 66 |2s4h25caNLDvyNPf|
|000021c0| 66 76 79 57 36 6e 57 41 2b 79 35 35 58 48 75 62 |fvyW6nWA+y55XHub|
|000021d0| 65 42 39 76 67 71 70 75 34 76 69 6d 4b 35 79 76 |eB9vgqpu4vimK5yv|
|000021e0| 72 61 74 69 78 36 54 34 65 66 69 57 36 52 57 4c |ratix6T4efiW6RWL|
|000021f0| 2b 63 44 74 62 48 72 69 50 48 78 78 59 7a 46 65 |+cDtbHriPHxxYzFe|
|00002200| 2b 63 6d 56 30 4e 70 76 76 35 65 36 48 58 6f 6c |+cmV0Npvv5e6HXol|
|00002210| 36 2f 56 64 75 5a 4f 4f 79 49 7a 7a 39 77 50 66 |6/VduZOOyIzz9wPf|
|00002220| 59 31 68 47 4e 54 4d 67 66 66 6f 57 48 37 74 2f |Y1hGNTMgffoWH7t/|
|00002230| 45 63 30 65 57 30 44 4a 33 54 4a 6e 37 37 32 64 |Ec0eW0DJ3TJn772d|
|00002240| 4c 2b 32 48 79 35 4d 6e 75 65 59 57 48 37 33 32 |L+2Hy5MnueYWH732|
|00002250| 51 4e 71 37 69 70 75 74 50 63 48 63 42 61 59 59 |QNq7iputPcHcBaYY|
|00002260| 72 46 6f 75 41 43 59 42 4b 35 31 30 41 4a 45 6e |rFouACYBK510AJEn|
|00002270| 53 6a 4a 5a 49 4a 4d 6a 6c 63 68 51 4b 42 56 4b |SjJZIJMjlchQKBVK|
|00002280| 70 31 42 6e 75 6e 57 62 4e 31 2b 2f 68 44 77 66 |p1BnunWbN1+/hDwf|
|00002290| 75 34 72 76 2f 36 52 36 79 66 33 49 33 47 30 39 |u4rv/6R6yf3I3G09|
|000022a0| 33 45 66 69 56 58 2b 66 65 62 79 57 35 37 34 45 |3EfiVX+febyW574E|
|000022b0| 48 2b 64 4e 66 6c 6d 4e 5a 63 43 31 33 33 48 4d |H+dNflmNZcC133HM|
|000022c0| 72 7a 2f 33 52 67 32 63 59 78 31 79 61 6d 6e 72 |rz/3Rg2cYx1yamnr|
|000022d0| 59 38 6e 59 33 4e 44 64 77 33 57 31 66 59 39 74 |Y8nY3NDdw3W1fY9t|
|000022e0| 39 6d 2f 69 6a 72 32 2b 43 52 49 62 56 4e 39 2f |9m/ijr2+CRIbVN9/|
|000022f0| 46 50 55 30 50 38 70 38 65 75 6f 4d 37 48 30 37 |FPU0P8p8euoM7H07|
|00002300| 53 74 50 45 75 37 6a 70 75 42 66 30 6b 61 36 39 |StPEu7jpuBf0ka69|
|00002310| 74 35 63 45 64 62 61 7a 65 63 4e 32 45 58 76 41 |t5cEdbazecN2EXvA|
|00002320| 47 72 72 76 72 54 38 67 2f 63 44 2b 50 66 66 73 |GrrvrT8g/cD+Pffs|
|00002330| 2f 38 41 4f 49 36 74 31 34 4a 33 65 74 66 70 41 |/8AOI6t14J3etfpA|
|00002340| 2f 33 58 71 47 34 54 5a 63 78 39 31 2f 6c 75 61 |/3XqG4TZcx91/lua|
|00002350| 68 2b 78 2f 69 76 2f 79 48 37 35 64 50 50 73 50 |h+x/iv/yH75dPPsP|
|00002360| 71 4c 2f 34 78 64 32 35 59 4f 54 49 45 66 2b 58 |qL/4xd25YOTIEf+X|
|00002370| 58 37 2b 4d 2f 4e 6a 33 49 41 77 2f 2b 4b 63 38 |X7+M/Nj3IAw/+Kc8|
|00002380| 56 79 73 55 57 72 4f 50 32 50 37 75 56 74 58 4d |VysUWrOP2P7uVtXM|
|00002390| 42 75 74 6d 31 34 32 30 4f 37 4e 6c 42 42 31 66 |Butm1420O7NlBB1f|
|000023a0| 53 50 43 62 4f 68 2f 37 54 4e 34 69 75 59 6f 4c |SPCbOh/7TN4iuYoL|
|000023b0| 4d 36 70 76 34 6b 7a 75 47 7a 36 6d 42 36 2b 37 |M6pv4kzuGz6mB6+7|
|000023c0| 2b 4d 39 49 50 33 63 39 44 2f 2b 55 2f 38 50 32 |+M9IP3c9D/+U/8P2|
|000023d0| 52 4d 6c 2f 6b 6a 2b 2f 63 77 45 72 48 2f 36 74 |RMl/kj+/cwErH/6t|
|000023e0| 43 46 51 72 52 48 31 6b 69 59 52 4f 77 6b 67 57 |CFQrRH1kiYROwkgW|
|000023f0| 68 79 30 42 4b 6b 71 51 5a 72 46 67 73 30 74 58 |hy0BKkqQZrFgs0tX|
|00002400| 56 52 53 77 57 6f 37 47 78 63 55 70 69 79 47 65 |VRSwWo7GxcUpiyGe|
|00002410| 37 79 53 63 62 53 4a 39 44 34 7a 4f 2f 2f 58 76 |7yScbSJ9D4zO//Xv|
|00002420| 63 2b 57 43 42 32 38 62 63 6b 53 43 66 7a 35 4e |c+WCB28bckSCfz5N|
|00002430| 4d 6a 71 6b 30 6e 79 65 66 50 4d 48 63 65 53 43 |Mjqk0nyefPMHceSC|
|00002440| 2f 37 58 36 2b 38 58 43 47 62 7a 33 77 64 59 35 |/7X6+8XCGbz3wdY5|
|00002450| 62 65 32 2b 30 46 4e 6e 75 50 4d 6d 47 38 7a 52 |be2+0FNnuPMmG8zR|
|00002460| 58 50 70 2b 6c 4f 35 2b 6b 34 52 51 6e 66 2b 62 |XPp+lO5+k4RQnf+b|
|00002470| 58 36 48 54 69 50 4d 2f 6e 49 6c 33 41 6a 68 34 |X6HTiPM/nIl3Ajh4|
|00002480| 39 53 71 6c 55 6f 72 47 78 30 56 45 41 46 36 69 |9SqlUorGx0VEAF6i|
|00002490| 65 6e 70 35 7a 72 73 4e 58 58 70 49 6b 7a 57 6a |enp5zrsNXXpIkzWj|
|000024a0| 78 65 4a 78 59 4c 45 61 70 56 42 6f 5a 41 76 74 |xeJxYLEapVBoZAvt|
|000024b0| 42 53 36 62 50 72 66 45 50 6b 46 78 7a 4b 33 65 |BS6bPrfEPkFxzK3e|
|000024c0| 75 50 38 78 33 37 37 71 50 76 79 30 50 6d 59 38 |uP8x377qPvy0PmY8|
|000024d0| 61 2f 39 45 51 39 35 30 64 77 45 6b 61 2f 39 44 |a/9EQ950dwEka/9D|
|000024e0| 4e 73 35 74 33 55 4e 4f 36 39 69 53 4e 66 34 41 |Ns5t3UNO69iSNf4A|
|000024f0| 6b 36 66 50 5a 59 45 36 6d 54 39 6e 34 6a 34 71 |k6fPZYE6mT9n4j4q|
|00002500| 64 36 54 55 36 6e 54 6a 50 38 37 6c 49 46 36 68 |d6TU6nTjP87lIF6h|
|00002510| 43 6f 55 43 70 56 42 72 35 50 46 54 6c 63 76 79 |CoUCpVBr5PFTlcvy|
|00002520| 48 4a 45 6d 61 38 61 71 71 71 68 67 63 48 43 53 |HJEma8aqqqhgcHCS|
|00002530| 58 79 35 46 4f 58 36 69 33 63 30 76 54 66 50 4d |Xy5FOX6i3c0vTfPM|
|00002540| 39 2f 48 6e 72 46 76 37 32 42 77 39 79 31 34 4d |9/HnrFv72Bw9y14M|
|00002550| 48 47 43 67 41 69 52 6f 79 54 53 75 35 2b 66 59 |HGCgAiRoyTSu5+fY|
|00002560| 72 54 37 37 37 6e 73 31 73 32 54 75 48 39 62 65 |rT777ns1s2TuH9be|
|00002570| 64 76 50 6b 76 61 65 59 5a 47 68 6f 43 6f 73 39 |dvPkvaeYZGhoCos9|
|00002580| 43 56 54 59 54 41 4a 49 6b 61 63 59 62 54 67 41 |CVTYTAJIkacYbTgA|
|00002590| 4d 44 67 35 65 77 41 6d 41 53 4d 50 4b 36 2f 6e |MDg5ewAmASMPK6/n|
|000025a0| 47 33 64 65 66 34 56 35 35 64 6a 36 37 67 2f 7a |G3def4V55dj67g/z|
|000025b0| 71 44 65 4d 58 2f 35 4e 55 45 51 59 47 6f 72 74 |qDeMX/5NUEQYGort|
|000025c0| 35 6d 41 43 51 61 77 42 49 6b 71 53 4b 4d 44 7a |5mACQawBIkqSKMDz|
|000025d0| 2f 4e 5a 31 4f 58 2f 42 4a 41 45 6b 36 58 64 6c |/NZ1OX/BJAEk6Xdl|
|000025e0| 73 6c 6d 77 32 53 7a 77 65 5a 2f 62 73 32 56 4d |slmw2SzweZ/bs2VM|
|000025f0| 64 6a 73 37 42 2b 56 67 44 77 42 45 41 6b 69 53 |djs7B+VgDwBEAkiS|
|00002600| 70 49 74 54 58 31 39 50 64 33 55 30 32 6d 36 57 |pItTX19Pd3U02m6W|
|00002610| 6d 70 6f 59 67 43 4b 59 36 4a 45 6c 36 58 34 56 |mpoYgCKY6JEl6X4V|
|00002620| 68 53 44 61 62 42 61 4c 50 51 4d 30 4d 62 57 31 |hSDabBaLPQM0MbW1|
|00002630| 74 5a 37 78 50 61 32 73 72 34 43 4b 41 6b 69 53 |tZ7xPa2sr4CKAkiS|
|00002640| 70 51 69 53 54 79 5a 48 68 72 2b 65 6a 46 30 57 |pQiSTyZHhr+ejF0W|
|00002650| 53 70 72 76 68 7a 37 71 71 71 69 70 76 2f 79 66 |Sprvhz7qqqipv/yf|
|00002660| 41 42 49 41 6b 53 61 6f 67 64 58 56 31 42 45 46 |ABIAkSaogdXV1BEF|
|00002670| 41 50 70 38 66 36 52 57 54 70 4a 6d 6f 76 37 2b |APp8f6RWTpJmov7+|
|00002680| 66 66 44 35 50 4c 42 61 7a 39 31 38 6a 54 41 42 |ffD5PLBaz918jTAB|
|00002690| 49 6b 71 53 4b 45 59 76 46 61 47 68 6f 41 4b 4a |IkqSKEYvFaGhoAKJ|
|000026a0| 35 73 63 4d 72 59 30 76 53 54 44 49 30 4e 44 53 |5scMrY0vSTDI0NDS|
|000026b0| 79 38 46 38 6d 6b 33 48 4b 6b 30 61 59 41 4a 41 |y8F8mk3HKk0aYAJA|
|000026c0| 6b 53 52 55 6c 6b 55 69 4d 39 49 62 31 39 76 5a |kSRUlkUiM9Ib19vZ|
|000026d0| 53 4c 42 61 6e 4f 43 4a 4a 4f 6e 2b 4b 78 65 4c |SLBanOCJJOn+KxeL|
|000026e0| 49 30 50 2f 36 2b 6e 71 48 2f 6d 73 63 45 77 43 |I0P/6+nqH/mscEwC|
|000026f0| 53 4a 4b 6e 69 70 46 49 70 61 6d 70 71 43 4d 4f |SJKnipFIpampqCMO|
|00002700| 51 59 38 65 4f 6b 63 2f 6e 70 7a 6f 6b 53 54 70 |QY8eOkc/npzokSTp|
|00002710| 6e 2b 58 79 65 59 38 65 4f 41 5a 42 4f 70 30 6d |n+XyeY8eOAZBOp0m|
|00002720| 6c 55 6c 4d 63 6b 61 59 62 45 77 43 53 4a 4b 6b |lUlMckaYbEwCSJKk|
|00002730| 69 31 64 62 57 6b 6b 36 6e 43 63 4f 51 37 75 35 |i1dbWkk6nCcOQ7u5|
|00002740| 75 42 67 63 48 70 7a 6f 6b 53 54 70 72 41 77 4d |uBgcHpzokSTprAwM|
|00002750| 44 64 48 64 33 45 34 61 68 74 7a 76 56 43 54 6b |DdHd3E4ahtzvVCTk|
|00002760| 65 52 4a 49 6b 56 61 78 30 4f 6b 30 38 48 71 65 |eRJIkVax0Ok08Hqe|
|00002770| 33 74 35 65 2b 76 6a 34 4b 68 51 4a 31 64 58 56 |3t5e+vj4KhQJ1dXV|
|00002780| 54 48 5a 59 6b 6e 5a 48 65 33 6c 35 79 75 52 77 |THZYknZHe3l5yuRw|
|00002790| 51 7a 66 6b 66 76 75 4f 4a 4e 4a 45 4a 41 45 6d |QzfkfvuOJNJEJAEm|
|000027a0| 53 56 4e 46 53 71 52 54 78 65 48 78 6b 46 45 41 |SVNFSqRTxeHxkFEA|
|000027b0| 2b 6e 33 66 6f 72 4b 51 4c 51 69 36 58 49 35 76 |+n3forKQLQi6XI5v|
|000027c0| 4e 55 69 77 57 69 63 56 69 5a 44 49 5a 35 2f 7a |NUiwWicViZDIZ5/z|
|000027d0| 72 70 48 78 33 53 4a 4b 6b 69 70 64 49 4a 47 68 |rpHx3SJKkipdIJGh|
|000027e0| 73 62 43 53 62 7a 54 49 77 4d 45 42 76 62 79 2f |sbCSbzTIwMEBvby/|
|000027f0| 39 2f 66 32 6b 30 32 6d 71 71 71 71 49 78 5a 77 |9/f2k02mqqqqIxZw|
|00002800| 31 4b 57 6c 36 4b 4a 56 4b 35 48 49 35 42 67 59 |1KWl6KJVK5HI5BgY|
|00002810| 47 4b 4a 56 4b 41 4e 54 55 31 4a 42 4f 70 31 33 |GKJVKANTU1JBOp13|
|00002820| 74 58 36 64 6b 41 6b 43 53 4a 41 6b 49 67 6f 44 |tX6dkAkCSJAkIgoD|
|00002830| 61 32 6c 70 71 61 6d 72 6f 37 2b 38 6e 6c 38 76 |a2lpqamro7+8nl8v|
|00002840| 52 31 39 63 48 52 41 6d 43 71 71 6f 71 6b 73 6b |R19cHRAmCqqoqksk|
|00002850| 6b 73 56 69 4d 49 41 68 47 66 69 54 70 2f 52 43 |ksViMIAhGfiTp/RC|
|00002860| 47 34 63 68 50 71 56 51 69 6e 38 38 7a 4e 44 52 |G4chPqVQin88zNDR|
|00002870| 45 6f 56 41 59 4b 5a 4e 4b 70 61 69 74 72 54 56 |EoVAYKZNKpaitrTV|
|00002880| 4a 71 64 4e 6d 41 6b 43 53 4a 47 6d 4d 57 43 78 |JqdNmAkCSJGmMWCx|
|00002890| 47 66 58 30 39 74 62 57 31 44 41 30 4e 6b 63 76 |GfX09tbW1DA0Nkcv|
|000028a0| 6c 79 4f 66 7a 34 37 35 30 53 39 4a 55 53 53 61 |lyOfz4750S9JUSSa|
|000028b0| 54 70 46 49 70 52 79 66 70 72 4a 67 41 6b 43 52 |TpFIpRyfprJgAkCR|
|000028c0| 4a 6d 6b 51 73 46 71 4f 36 75 70 72 71 36 6d 72 |JmkQsFqO6uprq6mr|
|000028d0| 43 4d 43 53 58 79 31 45 6f 46 43 69 56 53 75 4e |CMCSXy1EoFCiVSuN|
|000028e0| 2b 4a 4f 6e 39 45 49 76 46 78 76 30 6b 45 67 6c |+JOn9EIvFxv0kEgl|
|000028f0| 53 71 5a 51 6a 6a 33 52 4f 54 41 42 49 6b 69 53 |SqZQjj3ROTABIkiS|
|00002900| 64 51 68 41 45 56 46 64 58 54 33 55 59 6b 69 53 |dQhAEVFdXT3UYkiS|
|00002910| 64 45 38 65 4d 53 4a 49 6b 53 5a 4a 55 41 55 77 |dE8eMSJIkSZJUAUw|
|00002920| 41 53 4a 49 6b 53 5a 4a 55 41 55 77 41 53 4a 49 |ASJIkSZJUAUwASJI|
|00002930| 6b 53 5a 4a 55 41 55 77 41 53 4a 49 6b 53 5a 4a |kSZJUAUwASJIkSZJ|
|00002940| 55 41 55 77 41 53 4a 49 6b 53 5a 4a 55 41 55 77 |UAUwASJIkSZJUAUw|
|00002950| 41 53 4a 49 6b 53 5a 4a 55 41 55 77 41 53 4a 49 |ASJIkSZJUAUwASJI|
|00002960| 6b 53 5a 4a 55 41 55 77 41 53 4a 49 6b 53 5a 4a |kSZJUAUwASJIkSZJ|
|00002970| 55 41 55 77 41 53 4a 49 6b 53 5a 4a 55 41 55 77 |UAUwASJIkSZJUAUw|
|00002980| 41 53 4a 49 6b 53 5a 4a 55 41 55 77 41 53 4a 49 |ASJIkSZJUAUwASJI|
|00002990| 6b 53 5a 4a 55 41 55 77 41 53 4a 49 6b 53 5a 4a |kSZJUAUwASJIkSZJ|
|000029a0| 55 41 55 77 41 53 4a 49 6b 53 5a 4a 55 41 55 77 |UAUwASJIkSZJUAUw|
|000029b0| 41 53 4a 49 6b 53 5a 4a 55 41 55 77 41 53 4a 49 |ASJIkSZJUAUwASJI|
|000029c0| 6b 53 5a 4a 55 41 55 77 41 53 4a 49 6b 53 5a 4a |kSZJUAUwASJIkSZJ|
|000029d0| 55 41 55 77 41 53 4a 49 6b 53 5a 4a 55 41 55 77 |UAUwASJIkSZJUAUw|
|000029e0| 41 53 4a 49 6b 53 5a 4a 55 41 55 77 41 53 4a 49 |ASJIkSZJUAUwASJI|
|000029f0| 6b 53 5a 4a 55 41 55 77 41 53 4a 49 6b 53 5a 4a |kSZJUAUwASJIkSZJ|
|00002a00| 55 41 52 4a 54 48 59 41 6b 53 64 4c 37 61 35 44 |UARJTHYAkSdL7a5D|
|00002a10| 39 62 37 33 4a 6f 64 7a 59 62 62 58 4d 58 37 36 |9b73JodzYbbXMX76|
|00002a20| 55 68 61 6e 34 56 41 55 31 78 51 36 78 35 5a 48 |Uhan4VAU1xQ6x5ZH|
|00002a30| 6e 2b 44 57 4c 75 66 57 57 71 35 6b 2f 57 5a 46 |n+DWLufWWq5k/WZF|
|00002a40| 73 46 74 4a 5a 2b 4c 2f 2b 49 31 7a 2b 76 38 4b |sFtJZ+L/+I1z+v8K|
|00002a50| 31 43 79 43 64 2f 71 41 44 6c 53 53 64 52 79 59 |1CyCd/qADlSSdRyY|
|00002a60| 41 4a 45 6e 53 44 4e 66 44 36 79 2f 74 34 74 65 |AJEnSDNfD6y/t4te|
|00002a70| 39 45 7a 59 2f 2f 77 71 4e 61 7a 37 42 62 65 73 |9EzY//wqNaz7Bbes|
|00002a80| 58 54 45 6c 55 30 31 73 65 66 76 53 2f 77 59 48 |XTElU01sefvS/wYH|
|00002a90| 50 77 67 4b 41 74 2b 48 2f 2b 45 75 34 35 58 2b |PwgKAt+H/+Eu45X+|
|00002aa0| 48 31 53 59 42 4a 4f 6c 43 5a 51 4a 41 6b 69 52 |H1SYBJOlCZQJAkiR|
|00002ab0| 56 68 76 6f 78 76 64 32 46 51 37 7a 30 78 50 4d |Vhvoxvd2FQ7z0xPM|
|00002ac0| 38 76 2f 31 46 6e 72 7a 30 53 39 79 77 63 4c 6a |8v/1Fnrz0S9ywcLj|
|00002ad0| 51 45 4e 31 37 64 76 4e 4f 37 79 43 4a 2b 69 57 |QEN17dvNO7yCJ+iW|
|00002ae0| 73 58 44 49 4c 73 73 66 6f 4c 79 61 70 72 61 38 |sXDILssfoLyapra8|
|00002af0| 64 2b 65 4a 55 79 4c 37 48 4f 2b 38 63 6f 5a 39 |d+eJUyL7HO+8coZ9|
|00002b00| 61 35 6c 2b 36 6d 49 58 70 71 6e 47 48 6d 76 7a |a5l+6mIXpqnGHmvz|
|00002b10| 35 49 6f 50 5a 58 6e 4c 48 31 58 57 4d 2f 6d 4b |5IoPZXnLH1XWM/mK|
|00002b20| 4d 56 48 32 47 36 75 45 4b 63 6a 31 30 44 7a 46 |MVH2G6uEKcj10DzF|
|00002b30| 2b 57 36 47 66 2f 58 76 62 4f 5a 53 46 32 72 6e |+W6Gf/XvbOZSF2rn|
|00002b40| 4e 58 48 70 52 37 5a 67 76 63 75 57 36 71 61 59 |NXHpR7ZgvcuW6qaY|
|00002b50| 68 48 61 4e 37 7a 32 36 4f 7a 6c 37 42 70 66 58 |hHaN7z26Ozl7BpfX|
|00002b60| 44 7a 77 2b 79 2f 35 30 33 4f 5a 53 74 70 6d 48 |Dzw+y/503OZStpmH|
|00002b70| 68 45 69 36 64 66 61 71 4c 6c 59 52 72 2f 67 42 |hEi6dfaqLlYRr/gB|
|00002b80| 2b 39 76 66 77 43 34 42 66 77 69 33 2f 43 79 78 |+9vfwC4Bfwi3/Cyx|
|00002b90| 4c 6e 73 45 46 6c 79 52 4e 4e 79 59 41 4a 45 6c |LnsEFlyRNNyYAJEl|
|00002ba0| 53 35 55 6e 4d 35 32 4f 58 7a 2b 4c 35 51 30 63 |S5UnM52OXz+L5Q0c|
|00002bb0| 35 64 4c 41 48 46 6d 61 67 64 79 65 50 2f 64 31 |5dLAHFmagdyeP/d1|
|00002bc0| 32 64 67 38 4e 46 39 72 46 55 2f 55 58 73 62 7a |2dg8NF9rFU/UXsbz|
|00002bd0| 71 49 47 38 64 61 65 53 7a 33 2f 68 74 56 6c 4e |qIG8daeSz3/htVlN|
|00002be0| 6b 2f 39 61 6e 2b 42 2f 62 73 36 4e 31 6a 52 74 |k/9an+B/bs6N1jRt|
|00002bf0| 4a 63 50 4c 6e 39 2f 37 69 5a 2f 7a 44 37 6d 72 |JcPLn9/7iZ/zD7mr|
|00002c00| 57 33 76 49 35 72 71 6b 48 4f 4d 54 50 66 2f 67 |W3vI5rqkHOMTPf/g|
|00002c10| 63 76 2b 36 46 78 5a 2f 38 4d 6c 39 74 69 51 4e |cv+6FxZ/8Ml9tiQN|
|00002c20| 46 64 76 7a 6a 50 2f 4c 55 2f 6a 48 48 66 48 45 |FdvzjP/LU/jHHfHE|
|00002c30| 4c 50 33 69 31 6c 39 46 5a 44 4c 75 67 2f 69 49 |LP3i1l9FZDLug/iI|
|00002c40| 2b 66 2b 4e 36 56 74 62 48 67 53 4d 38 2f 38 50 |+f+N6VtbHgSM8/8P|
|00002c50| 6e 2b 48 57 68 67 61 57 70 62 6e 59 66 67 38 57 |n+HWhgaWpbnYfg8W|
|00002c60| 66 58 4d 47 6c 4c 56 44 59 2f 79 49 50 50 37 47 |fXMGlLVDY/yIPP7G|
|00002c70| 58 6f 79 50 37 2f 70 72 55 6e 48 6e 4d 4c 33 43 |XoyP7/prUnHnML3C|
|00002c80| 53 62 34 4c 64 38 4e 54 2f 43 2f 39 66 48 6a 4a |Sb4Ld8NT/C/9fHjJ|
|00002c90| 41 4a 67 2b 50 50 41 4c 38 47 37 68 32 38 62 6c |AJg+PPAL8G7h28bl|
|00002ca0| 65 66 55 6e 53 46 44 45 42 49 45 6d 53 4b 6c 43 |efUnSFDEBIEmSKlC|
|00002cb0| 52 76 66 75 6a 4f 51 47 31 39 52 6e 67 45 46 75 |RvfujOQG19RngEFu|
|00002cc0| 65 32 4d 37 75 6f 52 6a 7a 56 6e 32 59 7a 33 39 |e2M7uoRjzVn2Yz39|
|00002cd0| 73 4d 62 58 5a 76 54 7a 2f 39 4b 76 38 2b 73 69 |sMbXZvTz/9Kv8+si|
|00002ce0| 59 33 58 70 66 35 61 6e 74 57 65 49 4c 57 37 68 |Y3Xpf5antWeILW7h|
|00002cf0| 74 77 78 55 30 46 50 66 77 35 47 4d 76 38 66 72 |twxU0FPfw5GMv8fr|
|00002d00| 32 31 2f 6a 56 52 78 66 77 6b 61 46 54 50 4c 39 |21/jVRxfwkaFTPL9|
|00002d10| 38 44 76 48 64 6e 58 54 73 4c 30 4a 4c 48 48 72 |8DvHdnXTsL0JLHHr|
|00002d20| 33 73 72 63 38 4e 57 48 2f 4f 37 75 68 70 52 6c |3src8NWH/O7uhpRl|
|00002d30| 34 6a 37 32 48 67 59 55 58 73 78 6f 59 66 4f 76 |4j72HgYUXsxoYfOv|
|00002d40| 5a 71 50 46 66 76 35 41 76 62 76 67 49 6c 39 55 |ZqPFfv5AvbvgIl9U|
|00002d50| 58 32 62 39 39 4b 7a 39 34 36 53 41 2f 66 75 4b |X2b99Kz946SA/fuK|
|00002d60| 58 5a 47 36 35 6d 70 45 42 44 41 50 64 64 4b 51 |XZG65mpEBDAPddKQ|
|00002d70| 75 59 75 30 6e 5a 72 46 34 49 5a 44 62 79 51 39 |uYu0nZrF4IZDbyQ9|
|00002d80| 2b 73 70 65 6a 4a 46 6e 36 69 61 75 34 6f 57 55 |+spejJFn6iau4oWU|
|00002d90| 65 48 4e 6e 4a 6b 30 2f 74 59 76 63 41 55 4d 38 |eHNnJk0/tYvcAUM8|
|00002da0| 4a 4e 4d 43 36 61 2b 43 71 46 6e 6a 68 2f 34 54 |JNMC6a+CqFnjh/4T|
|00002db0| 56 2f 77 71 36 58 34 41 50 32 2f 69 58 70 41 75 |V/wq6X4AP2/iXpAu|
|00002dc0| 5a 43 51 42 4a 6b 6c 51 5a 73 6f 66 34 2b 55 2b |ZCQBJklQZsof4+U+|
|00002dd0| 65 4a 51 34 55 73 38 66 59 65 79 51 50 39 59 74 |eJQ4Us8fYeyQP9Yt|
|00002de0| 5a 74 78 78 34 35 77 31 32 39 45 4a 38 36 59 66 |Ztxx45w129EJ86Yf|
|00002df0| 35 2f 57 75 61 6f 2f 4b 70 5a 71 37 2f 58 65 6a |5/Wuao/KpZq7/Xej|
|00002e00| 2f 71 31 64 34 71 31 69 75 6f 31 43 6b 41 42 52 |/q1d4q1iuo1CkABR|
|00002e10| 37 73 2f 51 55 69 7a 53 6b 6c 6e 44 44 78 6c 6d |7s/QUizSklnDDxlm|
|00002e20| 73 47 34 4a 55 43 73 69 65 34 76 6e 6c 43 31 6a |sG4JUCsie4vnlC1j|
|00002e30| 34 64 4f 64 6f 59 33 2f 50 45 59 37 53 77 4f 4b |4dOdoY3/PEY7SwOK|
|00002e40| 46 33 65 77 39 32 4d 6c 2b 6d 6c 6c 34 65 44 39 |F3ew92Ml+mll4eD9|
|00002e50| 37 68 36 42 70 36 56 4c 67 47 4e 74 65 50 6b 71 |7h6Bp6VLgGNtePkq|
|00002e60| 4f 65 6a 37 78 4f 2b 75 35 72 44 7a 39 66 6d 48 |Oej7xO+u5rDz9fmH|
|00002e70| 72 5a 2f 6a 53 73 63 64 35 64 4e 64 65 58 6e 6a |rZ/jSscd5dNdeXnj|
|00002e80| 72 61 6a 59 75 48 7a 37 4a 52 6a 35 35 30 7a 57 |rajYuHz7JRj550zW|
|00002e90| 73 4c 76 2f 57 2f 57 49 37 65 34 76 51 2b 4f 48 |sLv/W/WI7e4vQ+OH|
|00002ea0| 72 32 48 6a 35 72 47 6a 6a 52 56 65 77 38 63 5a |r2Hj5rGjjRVew8cZ|
|00002eb0| 42 4e 6a 33 36 37 70 68 52 41 5a 4e 6f 75 51 45 |BNj367phRAZNouQE|
|00002ec0| 34 44 41 64 2b 44 32 6f 53 73 4f 36 72 35 2b 4e |4DAd+D2oSsO6r5+N|
|00002ed0| 56 6b 43 52 4e 49 57 38 44 4b 45 6d 53 4b 6b 4d |VkCRNIW8DKEmSKkM|
|00002ee0| 78 7a 36 47 44 78 2b 67 34 65 49 78 44 78 54 51 |xz6GDx+g4eIxDxTQ|
|00002ef0| 74 48 37 36 4b 50 79 6a 33 6e 6e 63 66 37 4b 63 |tH76KPyj3nncf7Kc|
|00002f00| 49 4c 4c 79 30 65 63 4a 4f 53 31 6c 36 30 5a 68 |ILLy0ecJOS1l60Zh|
|00002f10| 66 5a 33 2b 45 7a 36 39 4a 51 2b 39 65 48 76 31 |fZ3+Ez69JQ+9eHv1|
|00002f20| 2f 2f 70 37 37 76 2f 39 54 6e 6e 7a 6a 47 4e 53 |//p77v/9TnnzjGNS|
|00002f30| 55 35 2b 71 66 36 6e 6b 75 34 2f 4b 46 55 4e 78 |U5+qf6nku4/KFUNx|
|00002f40| 2f 67 4c 33 41 62 2f 62 32 77 71 77 35 66 48 4a |/gL3Ab/b2wqw5fHJ|
|00002f50| 70 50 51 77 63 34 61 31 65 36 48 37 72 43 44 33 |pPQwc4a1e6H7rCD3|
|00002f60| 55 73 37 4b 6c 47 6a 6a 43 30 56 36 67 66 68 61 |Us7KlGjjC0V6gfha|
|00002f70| 58 54 6c 68 37 62 2f 48 43 71 50 76 2b 36 50 35 |XTlh7b/HCqPv+6P5|
|00002f80| 44 6f 78 76 72 61 38 65 74 36 48 2f 6f 32 43 43 |Doxvra8et6H/o2CC|
|00002f90| 51 59 76 48 79 57 65 4e 33 6e 72 32 45 78 54 57 |QYvHyWeN3nr2ExTW|
|00002fa0| 6e 63 39 48 6d 77 71 63 2f 44 61 31 4e 70 31 4e |nc9Hmwqc/Da1Np1N|
|00002fb0| 59 6b 6a 54 4e 4f 51 4a 41 6b 69 52 56 68 76 71 |YkjTNOQJAkiRVhvq|
|00002fc0| 4c 2b 65 6f 4a 62 6e 6d 58 53 6b 65 33 41 79 7a |L+eoJbnmXSke3Ayz|
|00002fd0| 6b 42 6d 46 30 32 54 30 67 54 37 45 77 74 6d 53 |kBmF02T0gT7EwtmS|
|00002fe0| 63 68 65 73 2f 78 37 2f 2f 36 41 46 2b 30 39 62 |ches/x7//6AF+09b|
|00002ff0| 4f 74 76 59 44 76 50 37 53 53 37 7a 65 74 70 73 |OtvYDvP7SS7zetps|
|00003000| 76 33 6e 59 4e 6c 35 33 47 38 38 75 58 4e 73 44 |v3nYNl53G88uXNsD|
|00003010| 2b 59 37 7a 54 75 34 66 2b 2f 53 55 79 79 78 63 |+Y7zTu4f+/SUyyxc|
|00003020| 7a 2f 31 4a 6f 66 4f 46 74 4f 76 59 4d 6b 54 6d |z/1JofOFtOvYMkTm|
|00003030| 55 68 66 6d 58 63 58 6b 4b 49 45 6b 71 44 68 52 |UhfmXcXkKIEkqDhR|
|00003040| 67 58 42 6a 6a 51 7a 71 68 36 6c 51 63 4b 46 45 |gXBjjQzqh6lQcKFE|
|00003050| 59 6d 76 6a 4d 45 49 55 69 66 68 4f 55 70 41 72 |YmvjMEIUifhOUpAr|
|00003060| 6a 43 41 42 4a 6b 6c 54 78 71 68 66 4f 49 67 4e |jCABJklTxqhfOIgN|
|00003070| 30 76 50 45 36 59 36 66 38 63 2f 42 56 66 6a 57 |0vPE6Y6f8c/BVfjW|
|00003080| 6d 67 35 33 39 76 2b 4b 78 6e 7a 7a 4c 6b 37 75 |mg539v+KxnzzLk7u|
|00003090| 72 75 65 7a 71 39 64 78 79 79 31 66 34 35 73 66 |ruezq9dxyy1f45sf|
|000030a0| 71 59 65 67 67 76 33 37 72 4e 4a 34 48 71 6c 76 |qYeggv37rNJ4Hqlv|
|000030b0| 6d 30 30 53 57 76 53 2f 76 5a 65 39 51 6b 73 58 |m00SWvS/vZe9QksX|
|000030c0| 4c 35 30 50 39 59 68 62 58 77 2f 36 39 76 32 54 |L50P9YhbXw/69v2T|
|000030d0| 33 51 57 68 63 75 4c 53 63 68 72 69 59 78 58 4f |3QWhcuLSchriYxXO|
|000030e0| 42 67 51 50 38 65 6e 39 78 54 43 44 39 76 4c 72 |BgQP8en9xTCD9vLr|
|000030f0| 72 47 4a 42 6b 38 61 57 54 70 54 51 69 30 53 69 |rGJBk8aWTpTQi0Si|
|00003100| 42 50 47 2b 39 31 6a 35 75 65 2f 2f 72 4f 39 6c |BPG+91j5ue//rO9l|
|00003110| 35 58 46 4a 41 6b 6a 54 54 6d 66 65 56 4a 45 6d |5XFJAkjTTmfeVJEm|
|00003120| 61 2b 32 47 75 57 66 77 65 50 39 37 37 4e 76 2f |a+2GuWfweP977Nv/|
|00003130| 6a 2b 2f 31 38 61 4d 30 73 4d 72 31 48 32 66 5a |j+/18aM0sMr1H2fZ|
|00003140| 71 4a 7a 31 6a 79 38 31 4a 6b 74 76 62 79 65 36 |qJz1jy81Jktvbye6|
|00003150| 44 4c 30 4a 32 49 55 31 56 65 64 35 36 72 52 64 |DL0J2IU1Ved56rRd|
|00003160| 49 4d 33 38 4f 6b 44 37 46 38 77 43 70 6c 61 79 |IM38OkD7F8wCplay|
|00003170| 63 2f 78 74 2b 76 6d 73 2f 78 4f 65 78 66 43 48 |c/xt+vms/xOexfCH|
|00003180| 41 66 46 59 75 54 50 4c 72 58 66 74 35 69 7a 52 |AfFYuTPLrXft5izR|
|00003190| 72 68 2b 66 72 45 32 66 31 75 6b 74 34 34 62 46 |rh+frE2f1ukt44bF|
|000031a0| 33 65 66 32 4a 6e 39 44 2f 34 61 55 73 72 79 2f |3ef2Jn9D/4aUsry/|
|000031b0| 52 38 63 5a 75 58 6a 39 53 49 72 58 77 63 71 35 |R8cZuXj9SIrXwcq5|
|000031c0| 5a 79 49 6d 31 72 4f 48 4b 6c 35 2f 6a 6c 64 32 |ZyIm1rOHKl5/jld2|
|000031d0| 76 38 4a 64 50 64 50 4b 52 35 6a 51 63 32 73 2b |v8JdPdPKR5jQc2s+|
|000031e0| 32 58 62 30 55 54 37 4b 62 4a 47 6c 6d 63 67 53 |2Xb0UT7KbJGlmcgS|
|000031f0| 41 4a 45 6b 53 31 61 7a 38 33 48 56 38 65 6e 47 |AJEkS1az83HV8enG|
|00003200| 4b 77 72 47 44 62 48 74 2b 46 30 2b 2f 65 6f 7a |KwrGDbHt+F0+/eoz|
|00003210| 55 71 71 76 34 78 4e 67 47 64 75 6f 4b 76 6e 72 |Uqqv4xNgGduoKvnr|
|00003220| 6a 4a 54 54 46 65 33 6e 39 70 56 30 38 2f 66 7a |jJTTFe3n9pV08/fz|
|00003230| 62 37 42 35 49 73 66 51 54 56 33 50 4e 37 4e 4e |b7B5IsfQTV3PN7NN|
|00003240| 34 76 6e 79 73 35 51 76 4c 45 2f 6f 76 57 73 42 |4vnys5QvLE/ovWsB|
|00003250| 6c 35 61 32 4c 6c 38 36 4b 52 76 50 50 6d 73 66 |l5a2Ll86KRvPPmsf|
|00003260| 6c 59 31 66 6e 6e 37 75 57 32 7a 61 32 73 4c 51 |lY1fnn7uW2za2sLQ|
|00003270| 2b 7a 2b 35 58 64 2f 48 30 38 37 2f 68 39 53 50 |+z+5Xd/H087/h9SP|
|00003280| 51 74 4f 6f 71 62 72 31 78 4a 62 55 6e 50 61 2f |QtOoqbr1xJbUnPa/|
|00003290| 35 66 4f 70 33 72 75 4a 44 38 35 4e 6b 39 2b 2f |5fOp3ruJD85Nk9+/|
|000032a0| 6c 2b 65 64 33 38 66 79 75 51 65 61 76 2b 78 41 |l+ed38fyuQeav+xA|
|000032b0| 66 4f 75 45 64 41 43 52 4a 4d 31 55 51 68 6d 45 |fOuEdACRJM1UQhmE|
|000032c0| 34 31 55 46 49 6b 69 52 4e 48 34 50 30 39 78 5a |41UFIkiRNH4P09xZ|
|000032d0| 4a 31 64 65 65 66 4b 68 6b 72 6f 66 75 59 68 55 |J1deefKhkrofuYhU|
|000032e0| 4e 36 65 71 7a 65 2f 35 73 46 50 72 70 48 6f 71 |N6eqze/5sFPrpHoq|
|000032f0| 66 58 5a 33 6e 73 71 38 6b 61 63 72 31 39 45 52 |fXZ3nsq8kacr19ER|
|00003300| 6a 30 74 72 61 32 73 35 34 33 39 62 57 56 73 41 |j0tra2s5439bWVsA|
|00003310| 70 41 4a 49 6b 53 52 4e 55 55 33 73 36 76 65 4f |pAJIkSRNUU3s6veO|
|00003320| 70 44 41 33 6e 38 76 7a 5a 53 4e 54 53 63 4c 62 |pDA3n8vzZSNTScLb|
|00003330| 66 33 73 35 6c 58 30 6e 53 6a 4f 41 55 41 45 6d |f3s5lX0nSjOAUAEm|
|00003340| 53 4a 45 6d 53 4b 6f 41 4a 41 45 6d 53 4a 45 6d |SJEmSKoAJAEmSJEm|
|00003350| 53 4b 6f 41 4a 41 45 6d 53 4a 45 6d 53 4b 6f 41 |SKoAJAEmSJEmSKoA|
|00003360| 4a 41 45 6d 53 4a 45 6d 53 4b 6f 41 4a 41 45 6d |JAEmSJEmSKoAJAEm|
|00003370| 53 4a 45 6d 53 4b 6f 41 4a 41 45 6d 53 4a 45 6d |SJEmSKoAJAEmSJEm|
|00003380| 53 4b 6f 41 4a 41 45 6d 53 4a 45 6d 53 4b 6f 41 |SKoAJAEmSJEmSKoA|
|00003390| 4a 41 45 6d 53 4a 45 6d 53 4b 6f 41 4a 41 45 6d |JAEmSJEmSKoAJAEm|
|000033a0| 53 4a 45 6d 53 4b 6f 41 4a 41 45 6d 53 4a 45 6d |SJEmSKoAJAEmSJEm|
|000033b0| 53 4b 6f 41 4a 41 45 6d 53 4a 45 6d 53 4b 6f 41 |SKoAJAEmSJEmSKoA|
|000033c0| 4a 41 45 6d 53 4a 45 6d 53 4b 6f 41 4a 41 45 6d |JAEmSJEmSKoAJAEm|
|000033d0| 53 4a 45 6d 53 4b 6b 42 69 71 67 4f 51 4a 45 6d |SJEmSKkBiqgOQJEm|
|000033e0| 61 37 76 4c 46 45 72 32 44 65 58 4b 46 49 6f 56 |a7vLFEr2DeXKFIoV|
|000033f0| 69 69 58 79 78 52 4b 46 59 6f 6c 41 4b 70 7a 6f |iiXyxRKFYolAKpzo|
|00003400| 30 53 54 4e 55 49 68 61 51 69 4d 64 49 6c 6e 39 |0STNUIhaQiMdIln9|
|00003410| 53 69 54 68 31 31 55 6d 53 63 66 74 77 64 66 5a |SiTh11UmScftwdfZ|
|00003420| 4d 41 45 69 53 4a 45 30 69 4f 31 53 67 64 7a 42 |MAEiSJE0iO1SgdzB|
|00003430| 50 58 37 6e 68 4c 30 6b 66 70 45 49 70 70 46 41 |PX7nhL0kfpEIppFA|
|00003440| 71 4d 70 67 66 38 2f 6e 54 7a 55 67 69 49 46 4f |qMpgf8/nTzUgiIFO|
|00003450| 64 70 4b 62 4b 35 70 7a 4f 6a 4f 38 59 53 5a 4b |dpKbK5pzOjO8YSZK|
|00003460| 6b 4d 51 62 7a 52 51 37 32 5a 4f 6e 50 46 55 61 |kMQbzRQ72ZOnPFUa|
|00003470| 32 42 51 51 6b 6b 33 47 53 69 51 53 78 57 45 41 |2BQQkk3GSiQSxWEA|
|00003480| 73 46 69 4d 65 52 50 39 4b 30 76 75 68 56 43 70 |sFiMeRP9K0vuhVCp|
|00003490| 52 44 45 4e 4b 70 52 4b 6c 55 6b 69 2b 55 47 41 |RDENKpRKlUki+UGA|
|000034a0| 6f 58 79 52 58 4b 4a 4c 72 4b 33 4b 6b 62 35 43 |oXyRXKJLrK3Kkb5C|
|000034b0| 36 56 4a 4c 35 6d 52 71 71 6b 2f 47 70 44 6c 63 |6VJL5mRqqk/GpDlc|
|000034c0| 58 43 42 4d 41 6b 69 52 4a 77 46 43 78 78 4b 47 |XCBMAkiRJwFCxxKG|
|000034d0| 65 41 58 6f 47 68 67 43 49 42 51 45 31 31 53 6d |eAXoGhgCIBQE11Sm|
|000034e0| 53 69 51 51 4a 68 39 78 4b 2b 6f 44 46 59 72 46 |SiQQJh9xK+oDFYrF|
|000034f0| 6f 77 62 5a 34 31 4c 69 76 53 56 55 42 52 4e 4f |owbZ41LivSVUBRNO|
|00003500| 51 43 67 55 47 42 6e 50 30 35 66 4c 30 64 65 62 |QCgUGBnP05fL0deb|
|00003510| 4a 31 46 51 78 50 31 4e 44 6c 5a 39 56 4f 67 55 |J1FQxP1NDlZ9VOgU|
|00003520| 54 41 4a 49 6b 71 65 4c 31 44 41 79 78 72 36 73 |TAJIkqeL1DAyxr6s|
|00003530| 66 69 48 72 37 30 7a 57 70 6b 53 2f 62 6b 6a 53 |fiHr70zWpkS/bkjS|
|00003540| 64 4a 4f 49 78 45 76 45 71 61 6c 4a 56 44 4f 53 |dJOIxEvEqalJVDOS|
|00003550| 47 79 41 37 6b 36 42 6b 59 6f 6e 64 67 69 45 57 |GyA7k6BkYondgiEW|
|00003560| 4e 64 64 52 58 4a 36 63 36 52 45 31 6a 70 6f 67 |NddRXJ6c6RE1jpog|
|00003570| 6b 53 56 4a 46 4f 39 49 33 4f 4e 4c 34 72 36 35 |kSVJFO9I3ONL4r65|
|00003580| 4b 30 6a 69 72 7a 73 61 2f 70 41 74 43 54 61 71 |K0jirzsa/pAtCTaq|
|00003590| 4b 78 6f 59 36 71 71 71 53 68 4d 44 65 6f 33 30 |KxoY6qqqShMDeo30|
|000035a0| 63 37 63 39 4e 64 56 69 61 78 68 77 42 49 45 6d |c7c9NdViaxhwBIEm|
|000035b0| 53 4b 6c 5a 48 64 35 61 75 38 70 66 6c 2b 6e 53 |SKlZHd5au8pfl+nS|
|000035c0| 61 6c 41 74 71 53 62 72 41 42 45 46 41 4a 6c 33 |alAtqSbrABEFAJl3|
|000035d0| 44 59 43 4a 42 58 33 61 41 41 39 31 5a 38 73 55 |DYCJBX3aAA91Z8sU|
|000035e0| 53 46 32 56 71 70 6a 6f 30 54 55 50 2b 4c 79 64 |SF2Vqpjo0TUP+Lyd|
|000035f0| 4a 6b 69 72 53 77 5a 34 42 75 76 70 7a 42 45 42 |JkirSwZ4BuvpzBEB|
|00003600| 44 66 53 32 4a 75 49 74 6f 53 62 70 77 56 56 63 |DfS2JuItoSbpwVVc|
|00003610| 6c 69 63 64 69 39 50 54 31 63 36 52 76 6b 41 43 |licdi9PT1c6RvkAC|
|00003620| 59 62 78 4a 41 45 7a 67 46 51 4a 49 6b 56 5a 7a |YbxJAEzgFQJIkVZz|
|00003630| 75 37 4e 44 49 46 2b 54 5a 6d 58 6f 62 2f 35 4a |u7NDIF+TZmXob/5J|
|00003640| 6d 68 47 51 69 7a 71 78 4d 50 51 46 77 75 47 2b |mhGQizqxMPQFwuG+|
|00003650| 51 37 76 4b 69 70 74 49 77 45 77 43 53 4a 4b 6d |Q7vKiptIwEwCSJKm|
|00003660| 69 44 4f 61 4c 76 48 63 73 6d 76 50 66 55 46 39 |iDOaLvHcsmvPfUF9|
|00003670| 4c 4c 42 5a 4d 63 55 53 53 64 50 37 45 59 77 47 |LLBZMcUSSdP7EYwG|
|00003680| 5a 2b 6c 6f 41 39 6e 66 31 4d 35 41 76 54 6e 46 |Z+loA9nf1M5AvTnF|
|00003690| 45 6d 6b 35 4d 41 45 69 53 70 49 70 52 4b 4a 5a |Emk5MAEiSpIpRKJZ|
|000036a0| 34 39 30 67 76 45 4d 33 35 74 2b 64 66 30 6b 79 |490gvEM35t+df0ky|
|000036b0| 55 6a 4d 65 70 72 61 6b 6d 42 50 59 63 36 53 56 |UjMeprakmBPYc6SV|
|000036c0| 66 4c 45 31 31 53 4a 6f 6d 54 41 42 49 6b 71 53 |fLE11SJomTABIkqS|
|000036d0| 4b 73 66 39 59 6c 6d 49 70 70 43 5a 56 35 59 4a |Ksf9YlmIppCZV5YJ|
|000036e0| 2f 6b 6d 61 30 36 48 4d 75 53 62 45 55 63 71 41 |/kma06HMuSbEUcqA|
|000036f0| 37 4f 39 58 68 61 4a 6f 77 41 53 42 4a 6b 69 72 |7O9XhaJowASBJkir|
|00003700| 43 51 4c 35 49 58 79 35 50 4c 42 61 6a 74 71 5a |CQL5IXy5PLBajtqZ|
|00003710| 36 71 73 4f 52 70 50 64 64 66 62 71 47 57 42 44 |6qsORpPddfbqGWBD|
|00003720| 51 4f 35 68 6e 30 4b 6b 41 77 67 53 41 4a 45 6d |QO5hn0KkAwgSAJEm|
|00003730| 71 45 49 64 36 6f 68 36 77 64 4b 70 71 69 69 4e |qEId6oh6wdKpqiiN|
|00003740| 35 2f 33 33 34 76 37 34 77 31 53 46 49 6d 69 5a |5/334v74w1SFImiZ|
|00003750| 71 71 6c 4d 41 48 4f 6f 5a 6d 4f 4a 49 4e 42 32 |qqlMAHOoZmOJINB2|
|00003760| 59 41 4a 41 6b 53 54 50 65 51 4c 35 49 66 36 35 |YAJAkSTPeQL5If65|
|00003770| 41 4c 41 69 6f 72 6f 41 45 67 43 51 4e 71 30 6c |ALAioroAEgCQNq0l|
|00003780| 56 45 51 73 43 2b 6e 4a 35 42 6f 59 4b 55 78 32 |VEQsC+nJ5BoYKUx2|
|00003790| 4f 70 70 67 4a 41 45 6d 53 4e 4f 4d 64 37 52 73 |OppgJAEmSNOMd7Rs|
|000037a0| 45 49 47 58 6a 58 31 49 46 53 6c 56 46 6e 33 31 |EIGXjX1IFSlVFn31|
|000037b0| 64 32 64 77 55 52 36 4b 70 5a 67 4a 41 6b 69 54 |d2dwUR6KpZgJAkiT|
|000037c0| 4e 65 48 32 35 50 41 43 70 70 41 76 2f 53 61 6f |NeH25PACppAv/Sao|
|000037d0| 38 56 65 56 46 54 33 73 48 38 31 4d 63 69 61 61 |8VeVFT3sH81Mciaa|
|000037e0| 61 43 51 42 4a 6b 6a 53 6a 35 51 70 46 69 71 57 |aCQBJkjSj5QpFiqW|
|000037f0| 51 57 42 42 34 32 7a 39 4a 46 53 6b 5a 6a 78 4d |QWBB42z9JFSkZjxM|
|00003800| 45 41 63 56 53 53 4b 37 67 59 6f 43 56 7a 41 53 |EAcVSSK7gYoCVzAS|
|00003810| 41 4a 45 6d 61 30 66 72 4b 50 56 35 56 56 63 6b |AJEma0frKPV5VVck|
|00003820| 70 6a 6b 53 53 70 6b 35 56 4d 76 6f 4d 37 48 4d |pjkSSpk5VMvoM7HM|
|00003830| 55 51 45 55 7a 41 53 42 4a 6b 6d 61 30 34 56 74 |UQEUzASBJkma04Vt|
|00003840| 66 32 66 73 76 71 5a 49 6c 45 31 48 54 62 39 41 |f2fsvqZIlE1HTb9A|
|00003850| 52 41 42 58 4e 69 58 43 53 4a 47 6c 47 4b 35 52 |RABXNiXCSJGlGK5R|
|00003860| 4b 41 4d 52 69 77 52 52 48 49 6b 6c 6e 6f 73 68 |KAMRiwRRHIklnosh|
|00003870| 51 35 37 76 73 61 75 2f 67 59 4e 38 67 66 5a 32 |Q57vsau/gYN8gfZ2|
|00003880| 44 78 42 76 72 71 61 6d 72 5a 38 57 4b 46 56 77 |DxBvrqamrZ8WKFVw|
|00003890| 38 72 35 59 7a 53 57 73 47 51 5a 51 41 4b 42 62 |8r5YzSWsGQZQAKBb|
|000038a0| 44 39 79 64 63 58 52 42 4d 41 45 69 53 70 42 6d |D9ydcXRBMAEiSpBm|
|000038b0| 74 55 50 36 79 47 77 74 4d 41 45 69 36 45 50 52 |tUP6yGwtMAEi6EPR|
|000038c0| 79 59 48 73 62 57 33 39 39 6d 50 37 53 68 4b 63 |yYHsbW399mP7ShKc|
|000038d0| 4f 35 75 67 36 65 4a 6a 39 37 65 39 41 4c 4d 56 |O5ug6eJj97e9ALMV|
|000038e0| 46 71 31 61 7a 2f 73 70 4c 71 44 75 4e 57 75 50 |Fq1az/spLqDuNWuP|
|000038f0| 6c 4a 4f 68 77 55 6c 53 56 79 51 53 41 4a 45 6d |lJOhwUlSVyQSAJEm|
|00003900| 61 30 55 5a 47 41 41 52 6e 4d 50 4f 78 2f 31 33 |a0UZGAARnMPOx/13|
|00003910| 2b 37 74 48 39 2f 47 4f 75 6d 6c 73 2b 66 7a 6d |+7tH9/GOumls+fzm|
|00003920| 66 58 44 78 38 2b 38 42 65 64 76 31 34 4a 39 2f |fXDx8+8Bedv14J9/|
|00003930| 65 58 61 4c 6c 69 6b 76 34 34 32 73 57 6e 47 4a |eXaLlikv442sWnGJ|
|00003940| 37 67 66 32 2f 32 4d 36 33 58 78 75 6b 66 75 6c |7gf2/2M63Xxukful|
|00003950| 43 2f 76 6a 7a 6c 31 41 2f 66 49 7a 39 75 2f 6a |C/vjzl1A/fIz9u/j|
|00003960| 32 50 78 78 6c 56 36 71 57 50 2f 37 4b 4b 6c 6f |2PxxlV6qWP/7KKlo|
|00003970| 61 45 69 66 66 66 73 59 78 53 62 72 51 44 4c 79 |aEifffsYxSbrQDLy|
|00003980| 33 6a 61 64 2f 73 59 38 75 30 69 7a 39 30 46 56 |3jad/sY8u0iz90FV|
|00003990| 38 75 6d 45 66 2f 2f 68 73 42 34 50 6a 53 69 56 |8umEf//hsB4PjSiV|
|000039a0| 70 2f 75 31 50 73 50 54 6f 36 2f 78 79 78 36 2f |p/u1PsPTo6/xyx6/|
|000039b0| 34 2b 31 32 37 57 4c 48 2b 58 33 44 31 6b 76 6f |4+127WLH+X3D1kvo|
|000039c0| 54 31 42 71 4a 78 61 4c 50 77 45 4c 52 42 45 41 |T1BqJxaLPwELRBEA|
|000039d0| 6c 63 77 30 41 53 5a 49 30 6f 78 56 4c 35 52 45 |lcw0ASZI0oxVL5RE|
|000039e0| 41 5a 7a 41 46 59 4e 64 54 37 33 46 76 56 38 6a |AZzAFYNdT73FvV8j|
|000039f0| 4c 32 51 48 75 66 4f 6f 74 44 67 38 2f 73 62 4f |L2QHufOotDg8/sbO|
|00003a00| 64 66 37 4d 72 7a 38 75 35 49 6f 2f 38 38 6c 32 |df7Mrz8u5Io/88l2|
|00003a10| 65 4f 6e 53 4b 37 55 66 66 34 76 2f 2b 35 51 41 |eOnSK7Uff4v/+5QA|
|00003a20| 2f 7a 34 55 38 73 65 73 39 2f 6d 35 48 6f 66 7a |/z4U8ses9/m5Hofz|
|00003a30| 45 45 58 37 2b 6b 79 4d 38 6b 67 31 35 75 61 75 |EEX7+kyM8kg15uau|
|00003a40| 50 66 2f 50 55 33 6c 4e 73 50 34 75 59 4a 46 31 |Pf/PU3lNsP4uYJF1|
|00003a50| 67 64 76 47 4c 6e 33 56 53 63 2b 55 6e 75 4f 58 |gdvGLn3VSc+UnuOX|
|00003a60| 6d 7a 33 4c 4e 6d 73 55 55 39 78 2b 64 30 50 67 |mz3LNmsUU9x+d0Pg|
|00003a70| 48 79 48 4e 67 62 35 36 4c 31 36 7a 6e 53 7a 64 |HyHNgb56L16znSzd|
|00003a80| 2f 6e 73 39 66 57 63 31 37 7a 37 37 4d 57 36 65 |/ns9fWc17z77MW6e|
|00003a90| 6f 66 58 67 55 56 4b 48 6b 46 49 42 4b 35 67 67 |ofXgUVKHkFIBK5gg|
|00003aa0| 41 53 5a 49 30 6f 38 56 6a 30 61 32 76 53 71 58 |ASZI0o8Vj0a2vSqX|
|00003ab0| 77 4e 4a 4d 41 42 58 4b 46 45 7a 35 31 68 74 74 |wNJMABXKFEz51htt|
|00003ac0| 4c 44 45 33 36 52 45 6a 75 6a 4c 61 66 52 55 79 |LDE36REjujLafRUy|
|00003ad0| 53 4c 6a 43 4c 57 50 2f 6c 35 64 54 56 6a 63 37 |SLjCLWP/l5dTVjc7|
|00003ae0| 73 72 38 73 6b 59 5a 4a 50 68 5a 72 4d 63 47 39 |sr8skYZJPhZrMcG9|
|00003af0| 2f 46 59 30 74 31 2f 43 56 69 33 73 5a 4f 45 58 |/FY0t1/CVi3sZOEX|
|00003b00| 74 70 54 42 71 2b 4d 64 64 44 36 57 69 4f 51 4a |tpTBq+MddD6WiOQJ|
|00003b10| 41 6b 69 54 4e 61 49 6e 79 73 4e 63 77 50 4e 31 |AkiTNaInysNcwPN1|
|00003b20| 68 72 77 6d 75 2b 50 7a 46 33 44 30 37 34 4b 50 |hrwmu+PzF3D074KP|
|00003b30| 70 47 72 37 37 75 52 58 4d 48 58 35 71 64 54 4e |pGr77uRXMHX5qdTN|
|00003b40| 2f 32 5a 4c 6b 6f 36 6b 34 74 31 78 31 4b 5a 2b |/2ZLko6k4t1x1KZ+|
|00003b50| 64 66 34 72 74 38 31 66 77 78 31 66 56 38 4d 6c |df4rt81fwx1fV8Ml|
|00003b60| 55 77 49 30 74 46 33 50 4c 36 75 47 2b 6c 37 6c |UwI0tF3PL6uG+l7l|
|00003b70| 38 39 6e 4e 7a 75 43 55 64 38 4e 48 5a 64 66 7a |89nNzuCUd8NHZdfz|
|00003b80| 6c 35 79 38 39 78 66 61 7a 69 45 6e 53 42 61 5a |l5y89xfaziEnSBaZ|
|00003b90| 32 58 4f 4d 66 6f 47 72 56 46 61 79 6f 6e 56 68 |2XOMfoGrVFayonVh|
|00003ba0| 73 45 56 65 74 71 68 36 2f 72 61 36 65 6d 6c 50 |sEVetqh6/ra6emlP|
|00003bb0| 55 58 69 70 50 68 78 72 2b 54 46 52 6c 43 73 49 |UXipPhxr+TFRlCsI|
|00003bc0| 77 64 41 79 49 4a 45 6d 61 73 64 34 39 30 6b 74 |wdAyIJEmasd490kt|
|00003bd0| 2f 72 6b 42 44 58 53 33 4a 52 47 58 63 43 76 44 |/rkBDXS3JRGXcCvD|
|00003be0| 44 2f 2f 55 46 58 76 31 33 36 36 59 36 44 45 6e |D//UFXv1366Y6DEn|
|00003bf0| 6e 52 53 38 48 74 75 39 67 78 38 45 38 4e 52 63 |nRS8Htu9gx8E8NRc|
|00003c00| 74 35 30 4e 72 46 70 37 57 6f 6e 38 54 44 52 55 |t50NrFp7Won8TDRU|
|00003c10| 4b 39 50 52 6c 71 55 30 6c 75 47 54 4f 79 64 63 |K9PRlqU0luGTOydc|
|00003c20| 4c 30 50 54 55 30 39 4d 44 51 46 74 62 32 78 6e |L0PTU09MDQFtb2xn|
|00003c30| 76 32 39 72 61 43 6a 67 46 51 4a 49 6b 7a 58 44 |v29raCjgFQJIkzXD|
|00003c40| 44 76 56 31 52 37 31 64 6c 4a 41 41 6b 7a 53 54 |DvV1R71dlJAAkzST|
|00003c50| 31 4c 46 6a 7a 4c 31 69 77 35 74 78 71 4b 5a 58 |1LFjzL1iw5txqKZX|
|00003c60| 6e 2f 69 66 69 6a 67 43 6f 5a 4c 37 36 6b 69 52 |n/ifijgCoZL76kiR|
|00003c70| 70 52 71 74 4f 52 6f 33 2b 66 4c 45 34 78 5a 46 |pRqtORo3+fLE4xZF|
|00003c80| 49 30 74 51 70 6c 44 38 44 61 35 4c 32 41 56 63 |I0tQplD8Da5L2AVc|
|00003c90| 79 45 77 43 53 4a 47 6c 47 71 36 2b 4f 62 70 63 |yEwCSJGlGq6+Obpc|
|00003ca0| 33 4e 4a 53 66 34 6b 67 6b 61 65 6f 4d 66 77 62 |3NJSf4kgkaeoMfwb|
|00003cb0| 57 56 79 65 6e 4f 42 4a 4e 4a 52 4d 41 6b 69 52 |WVyenOBJNJRMAkiR|
|00003cc0| 70 52 71 74 4b 78 45 6a 45 41 6b 70 68 53 4e 46 |pRqtKxEjEAkphSNF|
|00003cd0| 52 41 4a 49 71 55 4b 46 59 70 42 53 47 56 4d 56 |RAJIqUKFYpBSGVMV|
|00003ce0| 6a 4e 77 72 66 61 41 41 41 49 41 42 4a 52 45 46 |jNwrfaAAAIABJREF|
|00003cf0| 55 4a 4a 30 43 55 4e 46 38 39 53 56 4a 30 6f 79 |UJJ0CUNF89SVJ0oy|
|00003d00| 58 71 59 6c 47 41 65 54 79 33 6a 4e 50 55 75 55 |XqYlGAeTy3jNPUuU|
|00003d10| 5a 4b 6e 2f 32 31 64 6e 37 58 2f 46 4d 41 45 69 |ZKn/21dn7X/FMAEi|
|00003d20| 53 70 42 6c 76 2b 45 76 76 59 47 35 6f 69 69 4f |SpBlv+EvvYG5oiiO|
|00003d30| 52 70 41 39 59 43 41 50 6c 7a 37 37 68 4b 56 47 |RpA9YCAPlz77hKVG|
|00003d40| 71 58 43 59 41 4a 45 6e 53 6a 46 65 58 53 6c 49 |qXCYAJEnSjFeXSlI|
|00003d50| 56 6a 31 45 4b 51 77 59 47 63 31 4d 64 6a 69 52 |Vj1EKQwYGc1MdjiR|
|00003d60| 39 59 4c 4b 35 48 47 45 59 6b 6b 72 45 71 45 32 |9YLK5HGEYkkrEqE2|
|00003d70| 35 41 47 43 6c 4d 77 45 67 53 5a 49 71 51 74 4f |5AGClMwEgSZIqQtO|
|00003d80| 73 57 67 44 36 79 31 2b 47 5a 37 4a 58 2f 39 32 |sWgD6y1+GZ7JX/92|
|00003d90| 36 71 51 35 42 30 6a 51 51 68 69 48 5a 58 4a 54 |6qQ5B0jQQhiHZXJT|
|00003da0| 30 48 50 34 4d 56 47 55 7a 41 53 42 4a 6b 69 70 |0HP4MVGUzASBJkip|
|00003db0| 43 62 53 70 42 58 53 6f 4a 49 66 54 30 5a 36 63 |CbSpBXSoJIfT0Z6c|
|00003dc0| 36 48 45 6c 36 33 2f 58 30 5a 79 47 4d 56 76 35 |6HEl63/X0ZyGMVv5|
|00003dd0| 50 56 39 6e 37 4c 78 4d 41 6b 69 53 70 67 69 79 |PV9n7LxMAkiSpgiy|
|00003de0| 63 58 55 73 38 46 70 41 76 46 4f 6c 33 4b 6f 43 |cXUs8FpAvFOl3KoC|
|00003df0| 6b 47 53 77 37 6b 43 4e 66 4b 4a 4b 49 42 53 79 |kGSw7kCNfKJKIBSy|
|00003e00| 30 39 31 39 6c 4a 67 41 6b 53 56 4c 46 53 4d 51 |0919lJgAkSVLFSMQ|
|00003e10| 43 6c 73 79 70 4a 77 41 47 42 6e 50 6b 76 53 75 |ClsypJwAGBnPkvSu|
|00003e20| 41 70 42 6b 6f 6e 79 2b 51 7a 65 55 49 67 43 56 |ApBkony+QzeUIgCV|
|00003e30| 7a 36 6f 6e 48 67 71 6b 4f 53 64 4f 45 43 51 42 |z6onHgqkOSdOECQB|
|00003e40| 4a 6b 6c 52 52 61 70 4a 78 46 73 36 4f 65 73 4e |JklRRapJxFs6OesN|
|00003e50| 36 2b 72 4f 55 53 6a 4e 37 50 51 42 4a 6c 61 56 |6+rOUSjN7PQBJlaV|
|00003e60| 55 43 75 6e 4f 52 74 4f 63 4c 70 35 64 53 33 55 |UCunORtOcLp5dS3U|
|00003e70| 79 50 73 55 52 61 54 6f 78 41 53 42 4a 6b 69 70 |yPsURaToxASBJkip|
|00003e80| 4f 51 30 30 56 63 2b 71 71 43 59 47 75 6e 6c 34 |OQ00Vc+qqCYGunl4|
|00003e90| 4b 78 65 4a 55 68 79 52 4a 35 36 78 51 4c 4e 4c |KxeJUhyRJ56xQLNL|
|00003ea0| 56 30 77 73 68 7a 4b 32 72 4a 6c 50 6a 62 66 38 |V0wshzK2rJlPjbf8|
|00003eb0| 30 6e 67 6b 41 53 5a 4a 55 6b 53 37 4b 31 44 43 |0ngkASZJUkS7K1DC|
|00003ec0| 76 50 6b 6f 43 48 4f 76 74 4a 7a 66 6b 64 41 42 |vPkoCHOvtJzfkdAB|
|00003ed0| 4a 46 36 37 42 6f 54 7a 48 65 76 73 4a 67 62 6e |JF67BoTzHevsJgbn|
|00003ee0| 31 31 63 7a 50 31 45 78 31 53 4a 71 47 58 41 70 |11czP1Ex1SJqGXAp|
|00003ef0| 53 6b 69 52 56 72 48 6e 31 4e 61 51 53 63 64 37 |SkiRVrHn1NaQScd7|
|00003f00| 72 36 71 63 33 6d 79 56 66 53 46 4b 58 39 6b 75 |r6qc3myVfSFKX9ku|
|00003f10| 7a 70 41 74 4c 62 7a 5a 4c 62 71 68 41 41 43 78 |zpAtLbzZLbqhAACx|
|00003f20| 71 72 4b 4f 2b 4f 6a 6e 56 49 57 6d 61 4d 67 45 |qrKO+OjnVIWmaMgE|
|00003f30| 67 53 5a 49 71 57 71 61 6d 69 71 70 45 6e 48 65 |gSZIqWqamiqpEnHe|
|00003f40| 50 39 44 49 34 6c 47 65 6f 55 4b 43 32 70 70 70 |P9DI4lGeoUKC2ppp|
|00003f50| 55 30 69 2f 51 6b 71 61 33 33 46 43 65 37 4f 41 |U0i/Qkqa33FCe7OA|
|00003f60| 67 78 56 49 34 73 73 69 70 63 2f 35 31 4d 69 59 |gxVI4ssipc/51MiY|
|00003f70| 41 4a 45 6c 53 78 61 74 4f 78 6c 6c 2b 55 51 4f |AJElSxatOxll+UQO|
|00003f80| 48 65 77 63 35 30 6a 64 49 62 2f 38 41 2f 62 45 |Hewc50jdIb/8A/bE|
|00003f90| 63 36 65 6f 55 56 63 6b 45 73 63 41 56 74 43 56 |c6eoUVckEscAVtCV|
|00003fa0| 4e 44 36 55 77 5a 43 68 66 49 44 75 59 6f 31 51 |ND6UwZChfIDuYo1Q|
|00003fb0| 71 41 54 43 6e 72 70 70 35 39 64 56 2b 56 75 6d |qATCnrpp59dV+Vum|
|00003fc0| 55 54 41 42 49 6b 69 51 42 38 53 44 67 6f 6b 77 |UTABIkiQB8SDgokw|
|00003fd0| 4e 6a 62 55 70 44 76 55 4d 30 44 30 77 52 46 39 |NjbUpDvUM0D0wRF9|
|00003fe0| 32 41 49 42 45 50 45 61 71 71 6f 70 45 49 6b 34 |2AIBEPEaqqopEIk4|
|00003ff0| 73 43 41 69 41 49 42 59 51 50 5a 4b 6b 38 79 38 |sCAiAIBYQPZKk8y8|
|00004000| 6b 4a 43 79 46 68 45 53 4e 2f 6b 4b 2b 79 47 42 |kJCyFhESN/kK+yGB|
|00004010| 2b 69 47 4b 78 4e 46 4b 6d 6f 61 61 4b 69 78 72 |+iGKxNFKmoaaKixr|
|00004020| 53 4a 4c 7a 4e 6e 30 36 54 43 51 42 4a 6b 71 51 |SJLzNn06TCQBJkqQ|
|00004030| 78 6b 76 45 59 46 38 2b 75 35 61 4b 47 4e 44 30 |xkvEYF8+u5aKGND0|
|00004040| 44 51 2f 51 4d 44 4a 45 64 4b 6c 41 59 47 4a 7a |DQ/QMDJEdKlAYGJz|
|00004050| 71 30 43 53 4a 64 46 57 43 54 45 30 56 6d 5a 6f |q0CSJdFWCTE0VmZo|
|00004060| 71 47 2f 34 36 59 79 59 41 4a 45 6d 53 4a 70 47 |qG/46YyYAJEmSJpG|
|00004070| 49 42 54 54 57 70 6d 69 73 54 56 45 73 68 66 51 |IBTTWpmisTVEshfQ|
|00004080| 4d 44 44 46 59 4b 46 49 6f 6c 73 67 58 53 78 53 |MDDFYKFIolsgXSxS|
|00004090| 4b 4a 51 71 6c 63 4b 72 44 6c 44 52 44 4a 57 49 |KJQqlcKrDlDRDJWI|
|000040a0| 42 69 58 69 4d 5a 50 6b 6e 6c 59 79 54 71 61 34 |BiXiMZPknlYyTqa4|
|000040b0| 69 62 71 4e 66 35 38 41 45 67 43 52 4a 6d 74 45 |ibqNf58AEgCRJmtE|
|000040c0| 4b 4c 2f 7a 50 38 31 4a 50 66 66 6c 48 6b 71 5a |KL/zP81JPfflHkqZ|
|000040d0| 4b 43 4a 79 50 47 35 59 6d 31 76 33 65 65 61 68 |KCJyPG5Ym1v3eeah|
|000040e0| 46 46 36 4c 59 56 41 63 67 53 5a 49 6b 53 5a 4c |FF6LYVAcgSZIkSZL|
|000040f0| 65 66 79 59 41 4a 45 6d 53 4a 45 6d 71 41 43 59 |efyYAJEmSJEmqACY|
|00004100| 41 4a 45 6d 53 4a 45 6d 71 41 43 59 41 4a 45 6d |AJEmSJEmqACYAJEm|
|00004110| 53 4a 45 6d 71 41 43 59 41 4a 45 6d 53 4a 45 6d |SJEmqACYAJEmSJEm|
|00004120| 71 41 43 59 41 4a 45 6d 53 4a 45 6d 71 41 43 59 |qACYAJEmSJEmqACY|
|00004130| 41 4a 45 6d 53 4a 45 6d 71 41 43 59 41 4a 45 6d |AJEmSJEmqACYAJEm|
|00004140| 53 4a 45 6d 71 41 43 59 41 4a 45 6d 53 4a 45 6d |SJEmqACYAJEmSJEm|
|00004150| 71 41 43 59 41 4a 45 6d 53 4a 45 6d 71 41 49 6d |qACYAJEmSJEmqAIm|
|00004160| 70 44 6b 43 53 4a 45 6d 6a 4f 6f 2f 41 50 33 56 |pDkCSJEmjOo/AP3V|
|00004170| 48 6a 31 73 57 77 61 71 71 36 50 48 52 6f 2f 44 |Hj1sWwaqq6PHRo/D|
|00004180| 63 73 65 6a 78 76 48 6e 77 38 66 72 79 44 72 33 |csejxvHnw8fryDr3|
|00004190| 77 77 38 37 6f 59 65 4d 63 75 4c 62 68 2f 4d 62 |ww87oYeMcuLbh/Mb|
|000041a0| 7a 52 6e 76 41 54 2f 75 42 5a 4d 67 74 76 77 58 |zRnvAT/uBZMgtvwX|
|000041b0| 7a 7a 6d 2f 31 39 42 79 46 6e 78 30 62 76 79 31 |zzm/19ByFnx0bvy1|
|000041c0| 54 42 38 32 7a 59 47 6e 56 36 4c 62 48 58 67 76 |TB82zYGnV6LbHXgv|
|000041d0| 59 42 32 51 61 51 32 35 62 64 4a 36 44 75 41 42 |YB2QaQ25bdJ6DuAB|
|000041e0| 30 48 49 50 4f 49 6c 41 46 56 39 53 66 73 76 6a |0HIPOIlAFV9Sfsvj|
|000041f0| 30 55 59 52 64 78 79 41 48 5a 4f 72 48 76 36 61 |0UYRdxyAHZOrHv6a|
|00004200| 53 50 6e 67 6d 41 43 52 4a 6b 71 61 52 65 63 43 |SPngmACRJkqaRecC|
|00004210| 37 66 55 48 30 53 7a 59 63 53 51 43 38 65 7a 54 |7fUH0SzYcSQC8ezT|
|00004220| 67 33 57 7a 30 2b 45 41 79 48 45 6b 41 37 44 73 |g3Wz0+EAyHEkA7Ds|
|00004230| 32 58 44 34 6b 30 2f 52 42 52 33 76 75 63 74 6b |2XD4k0/RBR3vuctk|
|00004240| 78 35 7a 75 73 44 37 59 66 67 4e 6c 7a 51 33 35 |x5zusD7YfgNlzQ35|
|00004250| 2f 34 64 54 45 4e 64 32 38 30 52 47 77 50 51 2f |/4dTENd280RGwPQ/|
|00004260| 55 68 68 64 57 41 6d 41 49 74 72 34 58 30 41 4d |UhhdWAmAItr4X0AM|
|00004270| 73 57 68 53 79 74 48 47 71 41 35 49 71 6d 77 6b |sWhSytHGqA5Iqmwk|
|00004280| 41 53 5a 4b 6b 36 61 51 65 5a 67 4e 64 51 47 63 |ASZKk6aQeZgNdQGc|
|00004290| 66 4d 43 76 61 76 44 73 37 57 69 54 58 42 30 65 |fMCvavDs7WiTXB0e|
|000042a0| 42 52 71 41 7a 56 32 34 38 78 36 43 6c 5a 6b 77 |BRqAzV248x6ClZkw|
|000042b0| 39 52 64 6a 64 44 54 30 68 45 4d 44 53 57 5a 43 |9RdjdDT0hEMDSWZC|
|000042c0| 5a 4f 50 6d 7a 43 4f 33 48 6f 42 2b 6f 54 55 4e |ZOPmzCO3HoB+oTUN|
|000042d0| 7a 48 46 37 72 6a 5a 34 36 57 57 2f 74 30 57 37 |zHF7rjZ46WW/t0W7|
|000042e0| 59 56 34 67 65 31 36 61 68 75 57 62 79 63 6d 63 |YV4ge16ahuWbycmc|
|000042f0| 6d 5a 46 34 64 70 49 47 65 62 45 42 58 43 62 6f |mZF4dpIGebEBXCbo|
|00004300| 4f 77 30 38 7a 38 4a 6d 36 45 2b 2f 56 33 77 2f |Ow08z8Jm6E+/V3w/|
|00004310| 74 67 2b 56 59 71 71 47 35 39 76 67 79 50 62 32 |tg+VYqqG59vgyPb2|
|00004320| 77 65 34 6a 6f 4f 6a 52 43 2f 33 42 76 65 68 78 |we4joOjRC/3Bvehx|
|00004330| 61 5a 6b 48 71 64 4f 73 71 51 55 63 76 64 4a 62 |aZkHqdOsqQUcvdJb|
|00004340| 50 66 64 34 73 61 49 71 66 2f 4b 78 79 67 39 44 |Pfd4saIqf/Kxyg9D|
|00004350| 65 44 77 55 67 55 51 55 72 36 73 64 38 41 5a 2f |eDwUgUQUr6sd8AZ/|
|00004360| 51 4f 37 34 49 65 4c 4d 33 4b 6a 75 32 37 6f 35 |QO74IeLM3Kju27o5|
|00004370| 6a 30 46 55 73 37 31 4f 41 31 34 35 4d 65 48 31 |j0FUs71OA145MeH1|
|00004380| 4f 45 64 66 49 2b 5a 66 50 4e 39 63 4c 48 54 46 |OEdfI+ZfPN9cLHTF|
|00004390| 6f 6d 65 52 61 46 59 5a 47 59 32 69 73 68 33 6c |omeRaFYZGY2ish3l|
|000043a0| 35 32 44 56 34 69 76 4d 39 30 58 74 74 7a 50 6b |52DV4ivM90XttzPk|
|000043b0| 42 39 50 66 43 61 79 45 73 6e 51 4f 70 2f 74 46 |B9PfCayEsnQOp/tF|
|000043c0| 36 52 33 34 76 6a 52 2f 64 30 4e 45 39 65 6b 34 |6R34vjR/d0NE9ek4|
|000043d0| 54 33 34 2b 35 43 66 73 7a 66 49 34 4a 61 47 6b |T34+5CfszfI4JaGk|
|000043e0| 59 66 55 33 50 2b 4c 7a 4f 34 37 57 55 70 69 4d |YfU3P+LzO47WUpiM|
|000043f0| 54 41 4a 49 6b 53 64 4e 4a 46 53 78 4b 51 46 63 |TAJIkSdNJFSxKQFc|
|00004400| 42 73 6f 4e 52 34 79 6e 56 42 77 66 47 6c 73 6e |BsoNR4ynVBwfGlsn|
|00004410| 44 75 30 56 6f 6a 4d 4f 2b 67 57 68 54 76 43 35 |Du0VojMO+gWhTvC5|
|00004420| 71 51 41 49 63 37 59 52 48 4f 34 4b 52 68 68 63 |qQAIc7YRHO4KRhhc|
|00004430| 41 2b 30 4b 61 6c 38 41 58 79 67 6d 46 2f 71 50 |A+0Kal8AXygmF/qP|
|00004440| 77 38 4c 37 78 5a 57 61 6e 51 72 72 4b 43 59 55 |w8L7xZWanQrrKCYU|
|00004450| 54 39 64 62 6d 6a 73 47 6a 65 38 72 37 4a 55 4f |T9dbmjsGje8r7JUO|
|00004460| 2b 2b 6c 76 6e 66 73 72 44 57 70 66 42 4b 6f 44 |++lvnfsrDWpfBKoD|
|00004470| 2b 6b 50 2f 65 48 70 41 6c 6f 4b 4d 33 68 4d 6b |+kP/eHpAloKM3hMk|
|00004480| 53 41 48 6e 34 36 64 73 42 62 2b 54 47 62 30 35 |SAHn46dsBb+TGb05|
|00004490| 56 68 33 78 70 42 51 77 50 68 6e 68 75 56 30 44 |Vh3xpBQwPhnhuV0D|
|000044a0| 62 32 44 4c 37 51 7a 49 45 39 4a 53 69 2b 4a 74 |b2DL7QzIE9JSi+Jt|
|000044b0| 6d 52 61 4d 75 2f 75 6c 4e 65 48 6c 77 2f 45 69 |mRaMu/ulNeHlw/Ei|
|000044c0| 45 56 46 33 49 72 63 75 67 6c 71 6a 78 2b 74 67 |EVF3Ircuglqjx+tg|
|000044d0| 37 41 56 31 6a 43 37 77 58 4d 6d 38 65 33 48 4b |7AV1jC7wXMm8e3HK|
|000044e0| 43 6b 52 64 74 37 66 42 63 2f 2f 67 36 66 35 6f |CkRdt7fBc//g6f5o|
|000044f0| 49 75 65 45 79 61 45 6b 79 72 6e 63 38 6b 77 72 |IueEyaEkyrnc8kwr|
|00004500| 70 79 59 30 70 2b 31 37 49 6d 6d 62 34 37 64 71 |pyY0p+17Immb47dq|
|00004510| 6f 39 33 39 66 71 62 77 39 46 2f 44 4d 65 36 4f |o939fqbw9F/DMe6O|
|00004520| 76 7a 2b 6e 45 74 65 39 51 77 44 50 6c 61 52 7a |vz+nEte9QwDPlaRz|
|00004530| 37 44 73 47 62 67 77 47 5a 78 76 43 34 52 6d 76 |7DsGbgwGZxvC4Rmv|
|00004540| 48 66 6e 6a 30 38 4e 68 34 51 32 59 6e 6f 53 73 |Hfnj08Nh4Q2YnoSs|
|00004550| 66 6a 54 42 5a 6b 34 61 6d 43 63 6d 65 2f 6d 50 |fjTBZk4amCcme/mP|
|00004560| 77 79 4a 36 41 37 4e 69 4e 2b 30 4a 61 6d 2b 48 |wyJ6A7NiN+0Jam+H|
|00004570| 61 47 47 7a 74 48 48 32 50 64 58 55 48 50 4e 4d |aGGztHH2PdXUHPNM|
|00004580| 64 38 70 6b 35 4d 4b 38 4c 6e 6a 6b 61 31 64 76 |d8pk5MK8Lnjka1dv|
|00004590| 63 42 2b 33 64 77 65 6a 6f 68 6e 35 34 35 4a 32 |cB+3dwejohn545J2|
|000045a0| 41 7a 74 4c 34 59 36 58 71 51 6d 35 5a 42 68 6d |AztL4Y6XqQm5ZBhm|
|000045b0| 67 5a 38 7a 2b 73 77 38 48 64 49 31 35 6a 5a 38 |gZ8z+sw8HdI15jZ8|
|000045c0| 70 76 79 2b 48 58 35 62 54 50 61 2f 7a 65 53 32 |pvy+HX5bTPa/zeS2|
|000045d0| 6c 36 63 70 46 41 43 56 4a 6b 71 61 5a 70 65 6b |l6cpFACVJkqaZpek|
|000045e0| 77 65 6a 41 41 2b 34 43 6a 50 65 56 65 31 46 54 |wejAA+4CjPeVe1FT|
|000045f0| 49 37 48 4b 5a 66 58 33 41 49 48 53 57 69 38 34 |I7HKZfX3AIHSWi84|
|00004600| 62 62 6f 41 4d 77 4f 4d 64 6f 77 33 30 53 2b 70 |bboAMwOMdow30S+p|
|00004610| 43 5a 73 63 41 41 74 72 33 77 44 38 4e 41 6e 6e |CZscAAtr3wD8NAnn|
|00004620| 34 30 5a 6a 47 66 7a 77 57 6b 67 6f 59 61 66 79 |40ZjGfzwWkgoYafy|
|00004630| 66 30 4e 6a 39 59 69 47 66 57 54 37 61 79 42 6f |f0Nj9YiGfWT7ayBo|
|00004640| 78 46 50 56 51 54 2f 62 54 55 54 79 2b 79 73 6b |xFPVQT/bTUTy+ysk|
|00004650| 55 38 71 4f 39 78 71 6b 54 64 46 65 39 73 59 64 |U8qO9xqkTdFe9sYd|
|00004660| 79 34 7a 39 6b 64 6d 33 49 4a 65 56 72 6c 68 73 |y4z9kdm3IJeVrlhs|
|00004670| 4d 65 48 78 33 56 47 62 66 58 73 59 30 2f 6b 4e |MeHx3VGbfXsY0/kN|
|00004680| 53 73 5a 42 34 71 64 7a 34 48 2b 76 59 63 4f 4d |SsZB4qdz4H+vYcOM|
|00004690| 2f 5a 4d 48 63 6b 50 57 7a 51 31 4a 45 49 79 32 |/ZMHckPWzQ1JEIy2|
|000046a0| 65 4f 51 59 55 34 63 6e 64 35 59 5a 68 4c 47 52 |eOQYU4cnd5YZhLGR|
|000046b0| 52 58 63 69 43 4a 45 42 41 5a 79 66 38 71 50 76 |RXciCJEBAZyf8qPv|
|000046c0| 34 2b 44 72 33 6a 54 62 2b 4d 2b 6d 51 53 32 71 |4+Dr3jTb+M+mQS2q|
|000046d0| 6a 4f 69 6b 45 50 50 6c 32 4e 49 4a 6a 72 4a 35 |jOikEPPl2NIJjrJ5|
|000046e0| 63 51 44 77 56 4d 69 39 52 66 6b 45 4a 32 4c 34 |cQDwVMi9RfkEJ2L4|
|000046f0| 76 4b 70 65 4b 68 34 78 32 51 6b 66 6e 6b 59 36 |vKpeKh4x2QkfnkY6|
|00004700| 64 52 56 7a 35 67 44 63 48 54 2f 41 61 39 38 47 |dRVz5gDcHT/Aa98G|
|00004710| 50 78 6a 53 53 6f 2f 64 45 55 47 34 6b 6e 39 6a |PxjSSo/dEUG4kn9j|
|00004720| 4c 48 65 58 47 66 7a 4a 6b 2f 63 55 68 6c 79 53 |LHeXGfzJk/cUhlyS|
|00004730| 69 34 37 66 74 67 36 4d 42 70 47 4c 68 61 4f 45 |i47ftg6MBpGLhaOE|
|00004740| 67 4a 42 57 44 38 59 4d 49 67 71 6a 78 50 36 77 |gJBWD8YMIgqjxP6w|
|00004750| 49 50 78 7a 54 2b 42 39 2b 62 77 4c 6b 2b 67 49 |IPxzT+B9+bwLk+gI|
|00004760| 65 32 7a 63 78 67 6f 43 75 58 4d 6a 73 36 70 44 |e2zcxgoCuXMjs6pD|
|00004770| 30 63 44 58 35 67 4a 39 32 6e 4f 46 35 6e 63 39 |0cDX5gJ92nOF5nc9|
|00004780| 72 4b 55 31 6a 6a 67 43 51 4a 45 6d 61 5a 70 6f |rKU1jjgCQJEmaZpo|
|00004790| 7a 51 41 38 51 51 73 64 51 4e 43 51 65 49 46 30 |zQA8QQsdQNCQeIF0|
|000047a0| 4c 7a 63 44 4c 75 59 44 4f 33 68 41 4b 55 54 45 |LzcDLuYDO3hAKUTE|
|000047b0| 49 57 56 52 65 2f 4b 2f 39 59 48 6c 62 45 48 4c |IWVRe/K/9YHlbEHL|
|000047c0| 44 62 30 45 4c 51 44 37 6b 6b 58 38 4f 36 43 54 |Db0ELQD7kkX8O6CT|
|000047d0| 67 7a 63 4d 68 56 38 52 48 52 78 51 73 57 42 42 |gzcMhV8RHRxQsWBB|
|000047e0| 79 30 2f 79 6f 6a 74 66 61 34 5a 6e 2b 45 7a 64 |y0/yojtfa4Zn+Ezd|
|000047f0| 71 2f 75 6d 74 34 5a 37 6f 6b 44 57 58 77 71 72 |q/umt4Z7okDWXwqr|
|00004800| 6b 4a 49 58 36 34 4a 6e 33 4a 71 74 6a 38 68 37 |kJIX64Jn3Jqtj8h7|
|00004810| 6b 55 51 45 2f 32 78 48 79 48 4a 41 72 42 53 50 |kUQE/2xHyHJArBSP|
|00004820| 37 74 45 77 32 5a 33 77 49 66 6c 6d 4f 63 2f 59 |7tEw2Z3wIflmOc/Y|
|00004830| 38 2b 50 31 79 46 6d 4c 33 75 79 47 50 64 77 66 |8+P1yFmL3uyGPdwf|
|00004840| 6b 65 75 41 4e 6f 50 31 59 75 5a 35 45 79 4a 64 |keuANoP1YuZ5EyJd|
|00004850| 57 77 74 49 59 30 42 2b 79 71 54 30 6f 58 37 64 |WwtIY0B+yqT0oX7d|
|00004860| 49 49 54 2f 36 75 4c 59 61 56 73 32 43 52 62 55 |IIT/6uLYaVs2CRbU|
|00004870| 68 6e 53 47 6b 6b 74 42 7a 43 50 61 46 55 54 77 |hnSGkktBzCPaFUTw|
|00004880| 66 58 51 34 66 72 34 34 65 62 39 34 52 38 47 59 |fXQ4fr44eb94R8GY|
|00004890| 70 6f 50 31 77 43 42 4d 57 58 33 79 78 4b 7a 70 |poP1wCBMWX3yxKzp|
|000048a0| 32 50 42 4e 79 32 39 4a 6f 57 2f 2b 68 6b 4c 38 |2PBNy29JoW/+hkL8|
|000048b0| 36 45 45 41 4f 32 67 62 67 74 38 65 55 54 38 38 |6EEAO2gbgt8eUT88|
|000048c0| 4f 2b 64 65 4c 6f 38 65 76 74 59 66 52 36 35 43 |O+deLo8evtYfR65C|
|000048d0| 4c 58 71 65 50 72 34 44 63 50 31 4e 65 41 77 43 |LXqePr4DcP1NeAwC|
|000048e0| 2b 32 52 79 56 36 2b 6b 34 38 37 67 79 6d 5a 42 |+2RyV6+k487gymZB|
|000048f0| 50 58 51 54 7a 4a 6b 7a 76 61 44 39 4d 75 52 63 |PXQTzJkzvaD9MuRc|
|00004900| 2f 5a 4d 57 6c 73 4b 45 2b 65 76 79 7a 66 79 36 |/ZMWlsKE+evyzfy6|
|00004910| 76 50 58 41 43 75 58 4c 37 50 70 36 4d 6b 6c 43 |vPXACuXL7Pp6MklC|
|00004920| 74 79 30 4c 65 36 43 39 66 39 6d 71 34 70 52 6b |ty0Le6C9f9mq4pRk|
|00004930| 32 2f 53 5a 36 54 79 36 36 47 44 61 57 58 38 2f |2/SZ6Ty66GDaWX8/|
|00004940| 4f 4d 58 57 6b 30 69 47 66 61 59 70 69 79 68 32 |OMXWk0iGfaYpiyh2|
|00004950| 46 64 38 76 76 73 55 55 58 77 38 59 35 34 2b 50 |Fd8vvsUUXw8Y54+P|
|00004960| 6f 36 59 4c 32 52 64 45 6f 41 4d 72 78 72 6c 70 |o6YL2RdEoAMrxrlp|
|00004970| 57 6e 69 61 53 44 33 6c 73 5a 38 43 2b 45 4c 71 |WniaSD3lsZ8C+ELq|
|00004980| 79 5a 33 5a 65 5a 2f 4d 61 6e 2b 68 61 53 74 4f |yZ3ZeZ/Man+haStO|
|00004990| 5a 43 51 42 4a 6b 71 54 70 70 6d 35 34 48 59 43 |ZCQBJkqTppm54HYC|
|000049a0| 41 7a 6d 78 49 31 77 42 41 53 46 4d 39 4e 42 50 |AzmxI1wBASFM9NBP|
|000049b0| 79 63 69 36 67 5a 78 44 61 68 7a 74 58 6b 39 42 |yci6gZxDahztXk9B|
|000049c0| 53 62 6f 54 6b 69 75 56 47 62 78 6a 77 35 47 76 |SboTkiuVGbxjw5Gv|
|000049d0| 77 35 49 53 71 65 33 4b 51 47 35 6b 67 48 62 4a |w5ISqe3KQG5kgHbJ|
|000049e0| 71 2f 75 68 7a 56 38 77 6d 47 74 34 38 6d 58 7a |q/uhzV8wmGt48mXz|
|000049f0| 41 75 2b 56 39 46 6c 30 63 44 55 32 66 56 47 78 |Au+V9Fl0cDU2fVGx|
|00004a00| 43 72 2b 38 59 71 56 4e 30 6d 42 5a 4c 41 53 4f |Cr+8YqVN0mBZLASO|
|00004a10| 44 42 47 49 68 48 31 30 4b 72 53 65 59 63 7a 35 |DBGIhH10KrSeYcz5|
|00004a20| 63 72 71 73 7a 34 44 75 64 78 78 66 70 47 42 68 |crqsz4DudxxfpGBh|
|00004a30| 74 6e 4b 59 7a 35 63 59 2f 51 43 31 63 6b 6d 52 |tnKYz5cY/QC1ckmR|
|00004a40| 63 34 79 2f 52 43 43 73 36 34 63 31 43 51 50 73 |c4y/RCCs64c1CQPs|
|00004a50| 2b 61 4e 38 48 38 56 52 49 36 77 4c 34 65 43 31 |+aN8H8VRI6wL4eC1|
|00004a60| 30 6a 6f 77 4a 44 33 6a 35 54 58 68 35 34 73 47 |0jowJD3j5TXh54sG|
|00004a70| 47 6f 67 62 74 32 44 73 6b 44 42 2b 37 32 42 50 |Gogbt2DskDB+72BP|
|00004a80| 77 6e 64 63 6d 37 68 44 51 4e 52 44 43 6d 47 52 |wndcm7hDQNRDCmGR|
|00004a90| 49 34 35 6a 72 32 5a 51 69 57 70 67 42 36 42 77 |I45jr2ZQiWpgB6Bw|
|00004aa0| 45 71 69 65 35 42 6b 42 75 35 47 4b 64 50 4b 34 |Eqie5BkBu5GKdPK4|
|00004ab0| 52 73 5a 44 50 4c 42 32 64 4b 6a 4b 2b 72 75 46 |RsZDPLB2dKjK+ruF|
|00004ac0| 6b 43 62 53 4f 6d 59 64 2f 52 58 33 49 39 71 4d |kCbSOmYd/RX3I9qM|
|00004ad0| 6e 66 75 46 61 35 34 61 30 48 77 6a 49 5a 51 4d |nfuFa54a0HwjIZQM|
|00004ae0| 65 66 78 4d 49 51 75 5a 6c 34 44 4f 4c 78 7a 62 |efxMIQuZl4DOLxzb|
|00004af0| 53 54 79 62 6b 36 6b 75 6a 39 53 63 41 4f 73 63 |STybk6kuj9ScAOsc|
|00004b00| 4d 35 56 38 78 5a 35 49 34 51 74 67 33 57 4a 34 |M5V8xZ5I4Qtg3WJ4|
|00004b10| 71 55 72 5a 6f 65 49 70 49 45 6d 59 6e 59 46 38 |qUrZoeIpIEmYnYF8|
|00004b20| 65 47 49 70 47 54 35 7a 75 65 5a 33 50 61 79 6c |eGIpGT5zueZ3Payl|
|00004b30| 4e 5a 79 59 41 4a 45 6d 53 70 70 73 71 57 4a 53 |NZyYAJEmSppsqWJS|
|00004b40| 45 72 6a 78 30 48 6f 4a 69 75 54 46 35 53 55 4d |Erjx0HoJiuTF5SUM|
|00004b50| 30 35 44 35 2b 46 49 70 5a 2b 43 58 6c 58 75 61 |05D5+FIpZ+CXlXua|
|00004b60| 61 53 57 37 50 46 77 76 35 61 4e 4d 6b 6a 62 41 |aSW7PFwv5aNMkjbA|
|00004b70| 71 59 4d 78 77 35 70 34 78 44 63 7a 63 79 59 62 |qYMxw5p4xDczcyYb|
|00004b80| 6f 42 79 47 70 4d 43 42 48 51 4f 65 78 6b 50 34 |oByGpMCBHQOexkP4|
|00004b90| 35 30 64 7a 34 34 38 79 43 62 38 34 36 72 62 4f |50dz448yCb846rbO|
|00004ba0| 63 49 47 54 39 79 76 4b 49 68 51 41 79 6b 34 30 |cIGT9yvKIhQAyk40|
|00004bb0| 75 6d 4d 54 73 68 70 44 57 53 64 59 49 6d 46 63 |umMTshpDWSdYImFc|
|00004bc0| 46 57 38 75 50 63 34 58 78 7a 78 55 6e 6e 6d 63 |FW8uPc4XxzxUnnmc|
|00004bd0| 63 4e 71 77 4b 61 65 32 47 37 59 64 68 64 7a 59 |cNqwKae2G7YdhdzY|
|00004be0| 67 6d 77 74 34 2b 64 32 51 72 6b 76 67 36 6a 45 |gmwt4+d2Qrkvg6jE|
|00004bf0| 78 72 72 68 34 6b 6b 5a 66 2f 4d 53 4e 33 56 52 |xrrh4kkZf/MSN3VR|
|00004c00| 74 79 50 70 4a 72 6b 65 6d 6a 74 45 73 78 6b 6b |tyPpJrkemjtEsxkk|
|00004c10| 55 4a 73 2b 6c 54 48 44 79 75 44 72 48 2f 44 35 |UJs+lTHDyuDrH/D5|
|00004c20| 78 63 62 7a 6a 46 4b 50 65 2b 75 47 70 48 62 6c |xcbzjFKPe+uGpHbl|
|00004c30| 54 48 48 2f 65 66 50 69 44 57 53 46 76 48 49 49 |THH/efPiDWSFvHII|
|00004c40| 33 2b 75 46 41 4c 71 43 7a 47 78 34 5a 44 4c 6d |3+uFALqCzGx4ZDLm|
|00004c50| 31 4a 56 71 6f 38 6c 52 53 4a 31 68 49 73 57 65 |1JVqo8lRSJ1hIsWe|
|00004c60| 49 36 50 30 36 49 59 37 54 66 57 38 55 4a 2f 78 |I6P06IY7TfW8UJ/x|
|00004c70| 79 65 75 64 31 48 71 2b 6c 4e 41 32 35 42 6f 41 |yeud1Hq+lNA25BoA|
|00004c80| 6b 53 64 49 30 74 4c 51 6d 61 71 46 6b 42 38 74 |kSdI0tLQmaqFkB8t|
|00004c90| 7a 37 6c 4f 77 46 4b 42 75 75 4c 45 66 63 4b 41 |z7lOwFKBuuLEfcKA|
|00004ca0| 38 7a 4c 6c 70 54 4f 74 7a 77 66 44 36 41 53 58 |8zLlpTOtzwfD6ASX|
|00004cb0| 49 70 75 43 4b 4f 64 41 34 41 46 73 37 6f 70 39 |IpuCKOdA4AFs7op9|
|00004cc0| 33 38 7a 41 76 50 56 77 36 6d 6d 66 65 4d 51 51 |38zAvPVw6mmfeMQQ|
|00004cd0| 39 2f 66 44 44 67 79 66 70 6f 6b 2f 41 70 2b 61 |9/fDDgyfpok/Ap+a|
|00004ce0| 56 35 39 6e 33 42 7a 78 36 33 46 7a 73 63 31 64 |V59n3Bzx63Fzsc1d|
|00004cf0| 62 42 5a 6d 71 30 32 6a 67 31 63 43 38 63 71 67 |bBZmq02jg1cC8cqg|
|00004d00| 39 68 57 67 56 2b 43 76 71 6f 2b 6b 50 57 7a 74 |9hWgV+Cvqo+kPWzt|
|00004d10| 67 36 78 46 49 78 47 46 32 75 5a 35 69 44 2f 79 |g6xFIxGF2uZ5iD/y|
|00004d20| 30 4f 32 70 51 74 75 2b 46 4e 79 61 73 41 64 44 |0O2pQtu+FNyasAdD|
|00004d30| 2b 4c 76 79 33 48 66 44 34 41 56 6a 56 44 50 39 |+Lvy3HfD4AVjVDP9|
|00004d40| 36 54 63 69 71 38 6c 7a 32 7a 6c 36 59 56 7a 63 |6Tciq8lz2zl6YVzc|
|00004d50| 36 62 7a 31 4c 64 45 32 58 41 69 2b 57 72 2b 6e |6bz1LdE2XAi+Wr+n|
|00004d60| 32 67 65 4d 62 67 77 76 4b 47 33 4a 44 30 44 67 |2geMbgwvKG3JD0Dg|
|00004d70| 37 47 6c 33 52 65 61 51 63 33 30 48 49 6e 6d 30 |7Gl3ReaQc30HInm0|
|00004d80| 33 58 41 37 61 68 36 43 2f 65 48 5a 78 6e 63 69 |3XA7ah6C/eHZxnci|
|00004d90| 38 56 50 6c 39 45 77 5a 73 33 51 75 64 51 39 44 |8VPl9EwZs3QudQ9D|
|00004da0| 5a 44 54 2f 74 4f 73 6c 37 59 68 43 2b 76 77 50 |ZDT/tOsl7YhC+vwP|
|00004db0| 2b 36 6b 31 34 4d 77 55 33 74 63 41 33 6d 38 4b |+6k14MwU3tcA3m8K|
|00004dc0| 52 4f 41 39 4d 4b 48 36 30 4e 33 6f 4e 63 73 64 |ROA9MKH60N3oNcsd|
|00004dd0| 56 4e 43 61 4f 6b 58 4d 4b 32 4c 34 48 4f 76 4c |VNCaOkXMK2L4HOvL|
|00004de0| 52 58 53 64 47 34 6b 6a 42 4a 61 65 34 38 38 4c |RXSdG4kjBJae488L|
|00004df0| 5a 6e 4e 66 35 76 4a 62 53 64 4f 59 49 41 45 6d |ZnNf5vJbSdOYIAEm|
|00004e00| 53 70 47 6c 6f 5a 42 32 41 73 6e 52 74 75 5a 63 |SpGloZB2AsnRtuZc|
|00004e10| 35 44 6b 31 4a 4f 44 41 79 68 44 32 6b 65 63 7a |5Dk1JODAyhD2kecz|
|00004e20| 63 35 4d 59 6d 61 44 34 43 37 61 57 41 4e 39 36 |c5MYmaD4C7aWAN96|
|00004e30| 4f 35 73 4b 50 53 49 5a 38 74 4e 77 6c 32 33 6f |O5sKPSIZ8tNwl23o|
|00004e40| 51 32 76 4b 51 79 77 59 38 75 76 50 30 59 6d 70 |Q2vKQywY8uvP0Ymp|
|00004e50| 73 67 6b 39 6c 6f 2f 6e 70 50 55 66 68 73 66 54 |sgk9lo/npPUfhsfT|
|00004e60| 6f 6e 4f 34 50 32 76 71 35 49 65 32 64 41 63 58 |onO4P2vq5Ie2dAcX|
|00004e70| 2b 67 45 33 6a 68 74 69 48 4c 4a 6f 62 4a 55 6b |+gE3jhtiHLJobJUk|
|00004e80| 2b 33 68 54 79 35 70 35 6f 31 4d 49 62 37 30 36 |+3hTy5p5o1MIb706|
|00004e90| 34 46 6d 4d 30 7a 77 4b 36 41 33 49 35 65 47 78 |4FmM0zwK6A3I5eGx|
|00004ea0| 37 74 4f 68 63 72 70 77 6b 53 4b 65 41 57 64 48 |7tOhcrpwkSKeAWdH|
|00004eb0| 31 65 6a 6b 58 73 4f 38 39 2b 4d 35 37 59 33 61 |1ejkXsO89+M57Y3a|
|00004ec0| 4f 68 62 54 4f 50 62 37 4f 6a 79 38 49 32 66 35 |OhbTOPb7Ojy8I2f5|
|00004ed0| 75 51 43 34 66 38 4e 69 4f 38 63 39 6c 5a 6f 57 |uQC4f8NiO8c9lZoW|
|00004ee0| 73 4f 73 4e 75 75 4f 5a 30 79 50 62 75 41 41 6f |sOsNuuOZ0yPbuAAo|
|00004ef0| 42 50 39 6f 4a 6d 63 61 51 32 78 61 64 65 56 77 |BP9oJmcaQ2xadeVw|
|00004f00| 6e 4d 71 38 4a 4c 6a 6b 57 7a 62 2f 76 36 51 70 |nMq8JLjkWzb/v6Qp|
|00004f10| 34 70 4f 76 55 2b 31 41 4e 69 35 49 42 42 33 4b |4pOvU+1ANi5IBB3K|
|00004f20| 77 72 77 50 2b 34 6d 41 49 70 64 45 68 39 78 6d |wrwP+4mAIpdEh9xm|
|00004f30| 41 47 6c 67 51 67 35 34 53 5a 4c 73 44 4e 6e 57 |AGlgQg54SZLsDNnW|
|00004f40| 48 72 4c 6b 4d 72 6a 68 52 6e 62 50 67 34 34 66 |HrLkMrjhRnbPg44f|
|00004f50| 68 75 57 7a 35 76 66 6e 50 59 35 38 4d 57 62 47 |huWz5vfnPY58MWbG|
|00004f60| 67 66 50 76 4c 38 33 31 65 5a 2f 45 61 53 78 63 |gfPvL831eZ/EaSxc|
|00004f70| 69 52 77 42 49 6b 69 52 4e 52 77 32 77 59 4f 53 |iRwBIkiRNRw2wYOS|
|00004f80| 58 61 50 37 2f 73 4f 61 36 4d 65 4f 58 6b 38 66 |XaP7/sOa6MeOXk8f|
|00004f90| 33 69 48 36 68 4a 57 52 4e 65 76 77 59 35 33 51 |3iH6hJWRNevwY53Q|
|00004fa0| 36 5a 47 50 4c 36 42 44 6f 61 35 65 48 72 45 71 |6ZGPL6BDoa5eHrEq|
|00004fb0| 4e 4b 5a 4d 49 75 58 62 75 71 63 65 62 58 37 45 |NKZMIuXbuqcebX7E|
|00004fc0| 45 46 70 58 76 4b 72 42 76 48 2f 7a 73 52 47 73 |EFpXvKrBvH/zsRGs|
|00004fd0| 47 76 4d 38 61 6d 2b 44 57 69 30 4d 79 59 7a 74 |GvM8am+DWi0MyYzt|
|00004fe0| 79 67 35 41 56 53 30 61 54 45 71 6c 5a 38 4e 57 |yg5AVS0aTEqlZ8NW|
|00004ff0| 6d 6b 4a 45 42 44 34 54 4d 6e 68 32 79 59 75 49 |mkJEBD4TMnh2yYuI|
|00005000| 49 67 77 61 34 5a 55 6e 49 76 41 51 51 42 75 56 |Igwa4ZUnIvAQQBuV|
|00005010| 46 43 45 4d 57 4e 49 5a 38 6f 54 79 33 34 75 4d |FCEMWNIZ8oTy34uM|
|00005020| 74 49 5a 2b 71 43 38 65 74 59 42 39 50 68 74 79 |tIZ+qC8etYB9Phty|
|00005030| 77 34 67 53 4c 49 54 62 41 72 5a 65 47 4c 42 6a |w4gSLITbArZeGLBj|
|00005040| 58 33 52 61 79 59 46 37 49 72 57 63 78 63 58 7a |X3RayYF7IrWcxcXz|
|00005050| 70 59 76 68 6f 4f 6d 52 69 35 2f 63 5a 78 33 55 |pYvhoOmRi5/cZx3U|
|00005060| 69 63 66 69 64 35 53 47 4c 78 73 51 62 54 34 57 |icfid5SGLxsQbT4W|
|00005070| 73 62 7a 6a 35 65 2b 4c 6a 6c 34 57 73 72 34 32 |sbzj5e+Ljl4Wsr42|
|00005080| 4f 50 37 79 47 51 7a 77 5a 38 71 6c 6c 6f 38 50 |OP7yGQzwZ8qllo8P|
|00005090| 6f 50 37 4d 30 5a 45 48 69 74 4f 59 79 41 4e 43 |oP7M0ZEHitOYyANC|
|000050a0| 36 66 4a 4a 7a 53 6b 51 4c 54 32 35 6f 4f 4f 46 |6fJJzSkQLT25oOOF|
|000050b0| 75 6b 7a 75 44 38 7a 70 76 31 31 4b 61 78 6f 49 |ukzuD8zpv11KaxoI|
|000050c0| 77 44 45 2f 2f 72 31 47 53 4a 4f 6b 43 55 33 6a |wDE//r1GSJOkCU3j|
|000050d0| 68 66 30 35 31 43 46 4f 71 66 77 68 53 56 53 63 |hf051CFOqfwhSVSc|
|000050e0| 5a 39 6c 6d 43 2f 68 42 71 7a 32 42 59 39 62 52 |Z9lmC/hBqz2BY9bR|
|000050f0| 54 6a 4e 62 4d 4f 39 6b 35 35 50 4c 52 53 76 57 |TjNbMO9k55PLRSvW|
|00005100| 6e 48 50 35 61 67 70 37 69 79 61 63 68 35 50 4a |nHP5agp7iyach5PJ|
|00005110| 41 38 67 79 47 68 4a 39 47 6e 65 66 44 47 63 64 |A8gyGhJ9GnefDGcd|
|00005120| 31 49 6b 58 6f 44 36 44 32 44 4c 73 4b 7a 39 76 |1IkXoD6D2DLsKz9v|
|00005130| 78 4a 39 52 5a 69 4a 39 35 4c 43 4f 4b 30 62 55 |xJ9RZiJ95LCOK0bU|
|00005140| 48 69 41 64 41 75 61 36 4f 66 66 44 6f 30 53 6a |HiAdAua6OffDo0Sj|
|00005150| 52 38 35 6b 72 78 69 38 71 4f 48 7a 63 38 33 30 |R85krxi8qOHzc830|
|00005160| 75 30 30 6c 69 33 65 39 4e 64 51 67 36 43 7a 30 |u00li3e9NdQg6Cz0|
|00005170| 39 30 62 43 77 74 72 61 32 4d 39 36 33 74 62 55 |90bCwtra2M963tbU|
|00005180| 56 63 41 71 41 4a 45 6e 53 6a 46 5a 37 71 6c 75 |VcAqAJEnSjFZ7qlu|
|00005190| 55 78 55 36 77 6d 4e 2b 46 4a 48 37 71 63 30 69 |UxU6wmN+FJH7qc0i|
|000051a0| 64 62 75 4d 37 42 70 6c 54 4e 44 5a 50 75 36 34 |dbuM7BplTNDZPu64|
|000051b0| 7a 71 50 4e 38 4f 4f 4f 34 54 75 51 30 72 75 66 |zqPN8OOO4TuQ0ruf|
|000051c0| 37 65 76 77 4a 64 5a 35 54 49 37 77 50 2f 76 72 |7evwJdZ5TI7wP/vr|
|000051d0| 64 61 47 52 43 5a 6e 62 49 46 78 59 41 41 2f 44 |daGRCZnbIFxYAA/D|
|000051e0| 63 73 51 6c 54 46 53 59 35 72 6a 51 54 6d 51 43 |csQlTFSY5rjQTmQC|
|000051f0| 51 4a 45 6d 53 4e 44 4d 31 77 42 58 4a 61 4c 32 |QJEmSNDM1wBXJaL2|
|00005200| 4c 34 39 63 41 43 46 6d 30 77 46 76 35 71 62 4b |L49cACFm0wFv5qbK|
|00005210| 34 42 6f 41 6b 53 5a 4b 6b 47 65 76 61 53 65 62 |4BoAkSZKkGevaSeb|
|00005220| 32 45 34 52 63 63 76 48 55 4c 57 49 70 54 52 56 |2E4RccvHULWIpTRV|
|00005230| 48 41 45 69 53 4a 45 6d 61 75 57 4a 77 78 54 4b |HAEiSJEmauWJwxTK|
|00005240| 34 67 70 42 43 48 6e 4b 78 43 33 7a 4e 43 2b 6b |4gpBCHnKxC3zNC+k|
|00005250| 63 6d 41 43 51 4a 45 6d 53 56 42 45 53 70 37 4d |cmACQJEmSVBESp7M|
|00005260| 51 70 44 53 44 4f 51 56 41 6b 69 52 4a 6b 71 51 |QpDSDOQVAkiRJkqQ|
|00005270| 4b 59 41 4a 41 6b 69 52 4a 6b 71 51 4b 59 41 4a |KYAJAkiRJkqQKYAJ|
|00005280| 41 6b 69 52 4a 6b 71 51 4b 59 41 4a 41 6b 69 52 |AkiRJkqQKYAJAkiR|
|00005290| 4a 6b 71 51 4b 59 41 4a 41 6b 69 52 4a 6b 71 51 |JkqQKYAJAkiRJkqQ|
|000052a0| 4b 59 41 4a 41 6b 69 52 4a 6b 71 51 4b 59 41 4a |KYAJAkiRJkqQKYAJ|
|000052b0| 41 6b 69 52 4a 6b 71 51 4b 59 41 4a 41 6b 69 52 |AkiRJkqQKYAJAkiR|
|000052c0| 4a 6b 71 51 4b 59 41 4a 41 6b 69 52 4a 6b 71 51 |JkqQKYAJAkiRJkqQ|
|000052d0| 4b 59 41 4a 41 6b 69 52 4a 6b 71 51 4b 6b 4a 6a |KYAJAkiRJkqQKkJj|
|000052e0| 71 41 43 52 4a 6b 69 53 39 2f 33 37 32 7a 77 48 |qACRJkiS9/372zwH|
|000052f0| 62 38 30 41 79 35 4a 62 66 67 6e 6c 54 48 5a 43 |b80Ay5JbfgnlTHZC|
|00005300| 6b 44 35 77 6a 41 43 52 4a 6b 69 52 4a 71 67 43 |kD5wjACRJkiRJqgC|
|00005310| 4f 41 4a 41 6b 53 64 4b 4d 6b 4f 75 48 58 59 50 |OAJAkSdKMkOuHXYP|
|00005320| 52 34 36 56 7a 67 46 37 59 50 51 51 6b 6f 4b 55 |R46VzgF7YPQQkoKU|
|00005330| 42 55 68 50 4b 46 34 62 67 7a 56 34 6f 41 49 33 |BUhPKF4bgzV4oAI3|
|00005340| 31 4d 43 38 2f 75 76 2b 38 57 64 41 55 4c 39 63 |1MC8/uv+8WdAUL9c|
|00005350| 37 43 4f 33 39 55 62 6c 45 46 61 79 6f 6e 2f 41 |7CO39UblEFayon/A|
|00005360| 6c 75 67 69 37 75 36 45 6e 42 41 4a 59 4f 67 73 |lugi7u6EnBAJYOgs|
|00005370| 79 4d 61 41 45 37 56 33 51 44 36 53 71 6f 61 55 |yMaAE7V3QD6SqoaU|
|00005380| 32 4b 72 37 37 43 50 51 41 78 4b 46 6c 56 68 52 |2Kr77CPQAxKFlVhR|
|00005390| 58 7a 35 68 59 56 7a 57 55 36 79 2f 42 37 6d 50 |Xz5hYVzWU6y/B7mP|
|000053a0| 6c 65 69 66 45 78 4e 68 39 79 76 58 6b 65 71 45 |leifExNh9yvXkeqE|
|000053b0| 6a 4e 6e 71 63 6e 67 6e 6e 4c 30 6b 6d 41 43 52 |jNnqcngnnL0kmACR|
|000053c0| 4a 6b 6a 51 6a 39 48 54 42 4d 30 63 44 49 47 54 |JkjQj9HTBM0cDIGT|
|000053d0| 65 45 65 67 63 44 45 61 65 65 79 59 57 38 70 6b |eEegcDEaeeyYW8pk|
|000053e0| 57 57 4a 57 4d 66 75 2f 59 44 34 38 65 44 73 62 |WWJWMfu/YD48eDsb|
|000053f0| 73 48 54 49 37 43 56 33 35 61 50 38 31 61 57 69 |sHTI7CV35aP81aWi|
|00005400| 71 67 56 32 37 34 63 6d 65 73 65 58 67 70 36 6d |qgV274cmeseXgp6m|
|00005410| 51 72 37 5a 41 45 39 42 2f 44 42 37 5a 45 35 41 |Qr7ZAE9B/DB7ZE5A|
|00005420| 64 57 32 42 66 53 47 73 7a 58 46 73 4c 37 52 30 |dW2BfSGszXFsL7R0|
|00005430| 42 62 35 53 41 75 70 43 57 5a 63 41 67 50 50 4e |Bb5SAupCWZcAgPPN|
|00005440| 65 45 43 55 41 43 45 6e 4e 67 68 61 67 62 56 39 |eECUACEnNghagbV9|
|00005450| 41 57 78 35 53 73 30 4f 75 61 49 6a 71 66 58 54 |AWx5Ss0OuaIjqfXT|
|00005460| 50 63 4c 6d 79 39 32 42 32 59 38 67 74 69 36 49 |PcLmy92B2Y8gti6I|
|00005470| 76 38 66 73 4f 42 54 7a 54 44 79 52 44 39 68 32 |v8fsOBTzTDyRD9h2|
|00005480| 43 4e 77 63 44 4d 6f 30 68 4c 62 58 77 33 4b 36 |CNwcDMo0hLbXw3K6|
|00005490| 41 74 74 7a 6f 72 73 2f 45 51 6a 4c 6e 63 6e 45 |Attzors/EQjLncnE|
|000054a0| 6c 7a 51 68 4f 41 5a 41 6b 53 64 49 4d 45 39 41 |lzQhOAZAkSdIME9A|
|000054b0| 35 47 42 43 50 68 61 53 47 32 2b 36 6c 67 4a 2b |5GBCPhaSG2+6lgJ+|
|000054c0| 2b 44 55 63 42 2b 75 42 48 59 78 72 2f 55 62 6d |+DUcB+uBHYxr/Ubm|
|000054d0| 67 33 50 67 66 59 78 43 32 6c 68 76 2f 6d 55 7a |g3PgfYxC2lhv/mUz|
|000054e0| 49 70 2b 61 46 70 41 46 79 41 54 2f 74 69 49 71 |Ip+aFpAFyAT/tiIq|
|000054f0| 38 33 46 46 75 2f 43 64 44 31 6c 38 63 63 6b 6b |83FFu/CdD1l8cckk|
|00005500| 69 4f 6e 37 62 76 75 68 59 7a 58 58 6c 37 76 73 |iOn7bvuhYzXXl7vs|
|00005510| 63 64 42 4c 31 30 6f 39 74 31 4c 2f 62 46 2f 33 |cdBL10o9t1L/bF/3|
|00005520| 62 6d 51 63 49 57 5a 51 42 42 73 59 32 2f 6b 4e |bmQcIWZQBBsY2/kN|
|00005530| 53 73 5a 44 68 6a 76 2b 75 6f 2f 44 34 30 51 6d |SsZDhjv+uo/D40Qm|
|00005540| 6e 6d 77 39 34 63 30 79 79 59 39 39 65 78 6a 54 |nmw94c0yyY99exjT|
|00005550| 2b 79 2f 75 58 41 6e 70 4b 70 33 48 70 4a 4d 31 |+y/uXAnpKp3HpJM1|
|00005560| 6f 6a 67 43 51 4a 45 6e 53 44 42 4f 79 36 47 4c |ojgCQJEnSDBOy6GL|
|00005570| 59 4f 43 64 36 2f 46 6f 37 50 4e 4d 66 51 41 37 |YOCd6/Fo7PNMfQA7|
|00005580| 65 47 49 4b 6d 77 35 52 37 37 45 4e 57 58 41 6f |eGIKmw5R77ENWXAo|
|00005590| 62 36 71 50 48 49 34 76 6b 44 53 74 45 77 2f 34 |b6qPHI4vkDStEw/4|
|000055a0| 68 4a 46 30 46 69 2b 62 44 78 6e 54 49 76 67 4a |hJF0Fi+bDxnTIvgJ|
|000055b0| 51 46 52 58 4a 6c 64 76 33 38 53 54 4d 71 34 58 |QFRXJldv38STMq4X|
|000055c0| 57 5a 53 46 76 39 45 66 62 45 6b 42 7a 68 71 6a |WZSFv9EfbEkBzhqj|
|000055d0| 46 6e 34 63 4f 6f 4b 64 2f 62 4a 77 42 48 62 30 |Fn4cOoKd/bJwBHb0|
|000055e0| 68 42 4f 58 45 42 4e 44 63 45 44 58 67 68 78 76 |hBOXEBNDcEDXghxv|
|000055f0| 2f 61 35 72 68 74 32 75 42 66 4d 68 6a 4f 77 50 |/a5rht2uBfMhjOwP|
|00005600| 32 68 51 48 37 4f 6b 4e 36 47 73 65 66 63 53 59 |2hQH7OkN6GsefcSY|
|00005610| 54 38 71 6d 4c 59 46 34 56 50 50 4e 47 4f 52 6d |T8qmLYF4VPPNGORm|
|00005620| 51 43 50 6e 53 53 6c 67 61 41 2f 70 44 4e 72 56 |QCPnSSlgaA/pDNrV|
|00005630| 50 47 46 45 67 71 65 49 34 41 6b 43 53 4a 45 6b |PGFEgqeI4AkCSJEk|
|00005640| 7a 7a 71 6f 35 6f 34 2b 76 6d 44 58 36 75 47 73 |zzqo5o4+vmDX6uGs|
|00005650| 41 63 73 58 68 42 6a 4b 30 31 6f 38 70 56 78 2b |AcsXhBjK01o8pVx+|
|00005660| 4f 72 36 51 4f 57 71 75 6a 69 66 30 48 44 67 63 |Or6QOWqujif0HDgc|
|00005670| 38 2f 48 72 41 49 2b 2f 42 50 6d 42 56 65 62 2f |8/HrAI+/BPmBVeb/|
|00005680| 57 75 53 45 70 6f 4a 67 4e 65 50 7a 4e 67 41 64 |WuSEpoJgNePzNgAd|
|00005690| 2b 41 39 76 37 6f 47 6b 32 30 5a 44 37 42 6c 68 |+A9v7oGk20ZD7Blh|
|000056a0| 51 72 75 35 41 48 2b 7a 4f 6c 71 63 59 4e 45 62 |Qru5AH+zOlqcYNEb|
|000056b0| 48 36 73 70 43 66 37 61 63 6b 45 68 44 4d 39 41 |H6spCf7ackEhDM9A|
|000056c0| 7a 4e 42 72 66 71 76 4a 38 66 70 4b 77 4b 6c 31 |zNBrfqvJ8fpKwKl1|
|000056d0| 2b 6e 49 75 53 43 53 4e 69 49 5a 39 5a 43 6b 74 |+nIuSCSNiIZ9ZCkt|
|000056e0| 72 6f 44 59 2b 6d 70 52 49 5a 38 71 4e 66 34 42 |roDY+mpRIZ8qNf4B|
|000056f0| 61 75 43 52 35 4f 6c 64 4f 30 6b 78 6d 41 6b 43 |auCR5OldO0kxmAkC|
|00005700| 53 4a 45 6b 7a 54 71 34 34 2b 72 68 6e 61 50 52 |SJEkzTq44+rhnaPR|
|00005710| 78 65 75 7a 34 31 2b 4c 34 34 66 69 35 43 65 31 |xeuz41+L44fi5Ce1|
|00005720| 2f 67 4b 74 57 77 47 32 58 68 71 78 70 43 4a 6b |/gKtWwG2XhqxpCJk|
|00005730| 64 51 4c 45 51 38 4f 5a 37 41 59 2b 55 57 2b 44 |dQLEQ8OZ7AY+UW+D|
|00005740| 7a 35 73 4d 66 72 41 7a 35 56 47 50 49 67 6c 51 |z5sMfrAz5VGPIglQ|
|00005750| 49 59 55 42 6e 64 38 41 6a 76 79 6e 33 36 73 64 |IYUBnd8Ajvyn36sd|
|00005760| 68 55 51 6f 67 6f 4b 4f 4c 61 50 52 41 44 46 72 |hUQogoKOLaPRADFr|
|00005770| 6d 6c 42 4d 45 57 64 68 61 48 68 55 77 75 33 62 |mlBMEWdhaHhUwu3b|
|00005780| 43 51 6f 56 46 78 71 30 74 4d 42 4a 66 44 47 72 |CQoVFxq0tMBJfDGr|
|00005790| 48 6c 6f 73 66 76 38 41 68 51 4b 34 77 2f 76 64 |Hlosfv8AhQK4w/vd|
|000057a0| 69 63 5a 4a 43 6b 69 71 4b 43 51 42 4a 6b 69 54 |icZJCkiqKCQBJkiT|
|000057b0| 4e 4d 41 45 76 76 67 4d 64 51 39 47 51 2b 38 31 |NMAEvvgMdQ9GQ+81|
|000057c0| 48 52 75 66 48 4e 39 58 43 76 46 53 35 4a 52 30 |HRufHN9XCvFS5JR0|
|000057d0| 47 62 4e 30 4c 6e 55 50 51 32 51 30 2f 37 52 71 |GbN0LnUPQ2Q0/7Rq|
|000057e0| 2f 42 73 44 52 51 2f 44 66 64 73 41 6a 37 30 4c |/BsDRQ/DfdsAj70L|
|000057f0| 6a 51 76 6a 39 4e 53 48 58 6c 6e 76 68 75 37 4c |jQvj9NSHXlnvhu7L|
|00005800| 41 49 48 78 2f 42 2f 7a 56 6d 2f 42 6d 43 6d 35 |AIHx/B/zVm/BmCm5|
|00005810| 71 67 57 38 32 6a 63 37 35 50 31 43 75 70 36 57 |qgW82jc75P1Cup6W|
|00005820| 32 33 4e 76 66 46 64 41 46 78 4f 74 67 55 51 33 |23NvfFdAFxOtgUQ3|
|00005830| 4d 43 36 49 59 33 75 69 4a 52 67 55 73 4b 71 2f |MC6IY3uiJRgUsKq/|
|00005840| 53 74 79 41 39 47 74 39 7a 65 36 45 6e 44 78 32 |StyA9Gt9ze6EnDx2|
|00005850| 48 34 4d 56 79 4e 69 42 65 42 34 74 4f 63 76 61 |H4MVyNiBeB4tOcva|
|00005860| 7a 79 7a 33 39 78 52 37 34 61 58 65 55 41 47 6e |zyz39xR74aXeUAGn|
|00005870| 66 53 37 51 59 34 56 68 35 2b 4b 64 33 34 59 64 |fS7QY4Vh5+Kd34Yd|
|00005880| 37 52 36 63 67 53 4a 72 5a 58 41 4e 41 6b 69 52 |7R6cgSJrZXANAkiR|
|00005890| 4a 4d 30 34 75 47 2f 44 6f 7a 76 48 62 4d 6f 32 |JM04uG/DozvHbMo2|
|000058a0| 77 43 71 41 4a 4c 6a 6b 47 37 35 61 67 70 79 76 |wCqAJLjkG75agpyv|
|000058b0| 67 6b 61 37 4a 36 32 6a 4d 51 50 70 41 31 47 68 |gka7J62jMQPpA1Gh|
|000058c0| 2f 37 70 39 44 58 6f 78 42 72 74 79 49 54 6c 63 |/7p9DXoxBrtyITlc|
|000058d0| 42 31 62 41 6f 47 58 41 67 42 2f 73 36 34 43 38 |B1bAoGXAgB/s64C8|
|000058e0| 4f 68 6c 41 61 48 62 34 2f 76 4f 72 2b 76 46 6d |OhlAaHb4/vOr+vFm|
|000058f0| 51 4f 67 72 44 36 2f 4c 4e 4b 33 66 66 58 35 4b |QOgrD6/LNK3ffX5K|
|00005900| 4f 62 69 38 49 52 4c 63 50 4c 47 39 76 62 49 4a |Obi8IRLcPLG9vbIJ|
|00005910| 56 58 66 42 47 49 59 70 76 30 37 6a 34 51 71 35 |VXfBGIYpv07j4Qq5|
|00005920| 65 77 45 6c 39 76 43 6e 6b 7a 54 30 42 4f 51 4c |ewEl9vCnkzT0BOQL|
|00005930| 65 65 42 66 65 4f 45 47 35 7a 6f 50 77 63 6e 63 |eeBfeOEG5zoPwcnc|
|00005940| 55 37 34 38 53 49 62 2f 66 64 50 4a 36 4a 56 33 |U748SIb/fdPJ6JV3|
|00005950| 34 48 41 45 67 53 5a 4b 6b 47 53 61 6b 39 65 4b |4HAEgSZKkGSak9eK|
|00005960| 78 74 37 30 4c 79 54 53 45 66 48 57 34 32 7a 77 |xt70LyTSEfHW42zw|
|00005970| 4f 76 37 4d 38 5a 4e 47 59 72 72 42 34 4b 6d 52 |Ov7M8ZNGYrrB4KmR|
|00005980| 39 77 34 51 35 41 4e 56 77 79 37 4b 51 52 63 6c |9w4Q5ANVwy7KQRcl|
|00005990| 6f 48 59 42 63 4b 65 71 70 7a 39 53 46 62 46 77 |oHYBcKeqpz9SFbFw|
|000059a0| 63 46 66 6e 34 5a 53 48 72 61 36 4e 56 2b 6f 75 |cFfn4ZSHra6NV+ou|
|000059b0| 6c 67 43 49 51 54 34 5a 38 61 74 6d 59 58 76 6f |lgCIQT4Z8atmYXvo|
|000059c0| 36 57 44 51 79 75 43 42 6b 55 55 50 30 61 47 6c |6WDQyuCBkUUP0aGl|
|000059d0| 36 7a 50 48 4b 38 2f 2b 48 66 65 61 79 6b 44 58 |6zPHK8/+HfeaykDX|
|000059e0| 70 38 66 48 45 55 79 47 66 57 67 46 58 56 5a 2f |p8fHEUyGfWgFXVZ/|
|000059f0| 38 37 46 4f 7a 34 4b 74 4e 35 54 73 57 6c 49 38 |87FOz4KtN5TsWlI8|
|00005a00| 35 65 33 62 49 69 67 6c 72 41 47 54 71 68 71 63 |5e3bIiglrAGTqhqc|
|00005a10| 4f 6a 49 34 2b 6b 44 53 7a 42 57 45 59 54 6a 4c |OjI4+kDSzBWEYTjL|
|00005a20| 62 53 5a 49 6b 61 57 59 6f 76 50 41 2f 70 7a 6f |bSZIkaWYovPA/pzo|
|00005a30| 45 66 55 41 36 39 38 45 6a 52 36 4e 47 2b 6d 65 |EfUA698EjR6NG+me|
|00005a40| 75 69 48 72 37 63 2f 6c 6f 68 66 34 54 44 6e 73 |uiHr7c/lohf4TDns|
|00005a50| 74 51 6e 38 41 74 61 66 52 4c 64 61 66 68 39 71 |tQn8AtafRLdafh9q|
|00005a60| 54 4c 4b 53 58 79 77 50 4a 79 65 66 6a 6e 34 76 |TLKSXywPJyefjn4v|
|00005a70| 2b 49 55 68 55 6e 56 32 39 70 7a 7a 2f 45 76 52 |+IUhUnV29pzz/EvR|
|00005a80| 7a 65 75 65 76 6d 53 4f 78 37 76 65 6d 4f 67 53 |zeuevmSOx7vemOgS|
|00005a90| 64 68 5a 36 65 61 4e 57 53 74 72 61 32 4d 39 36 |dhZ6eaNWStra2M96|
|00005aa0| 33 74 62 55 56 63 41 71 41 4a 45 6d 53 5a 72 44 |3tbUVcAqAJEmSZrD|
|00005ab0| 55 71 56 61 2b 6a 30 39 59 55 4f 38 6b 54 74 62 |UqVa+j09YUO8kTtb|
|00005ac0| 34 50 36 31 6a 6e 61 58 61 71 72 50 66 39 35 51 |4P61jnaXaqrPf95Q|
|00005ad0| 78 54 56 78 51 55 4e 4b 4d 5a 71 35 50 6b 69 52 |xTVxQUNKMZq5PkiR|
|00005ae0| 4a 6b 71 51 4b 59 41 4a 41 6b 69 52 4a 6b 71 51 |JkqQKYAJAkiRJkqQ|
|00005af0| 4b 34 42 51 41 53 5a 49 6b 7a 51 6a 7a 46 73 47 |K4BQASZIkzQjzFsG|
|00005b00| 33 46 72 6d 38 6c 53 53 64 69 43 4d 41 4a 45 6d |3Frm8lSSdiCMAJEm|
|00005b10| 53 4a 45 6d 71 41 43 59 41 4a 45 6d 53 4a 45 6d |SJEmqACYAJEmSJEm|
|00005b20| 71 41 43 59 41 4a 45 6d 53 4a 45 6d 71 41 43 59 |qACYAJEmSJEmqACY|
|00005b30| 41 4a 45 6d 53 4a 45 6d 71 41 43 59 41 4a 45 6d |AJEmSJEmqACYAJEm|
|00005b40| 53 4a 45 6d 71 41 43 59 41 4a 45 6d 53 4a 45 6d |SJEmqACYAJEmSJEm|
|00005b50| 71 41 4e 34 47 55 4a 49 6b 7a 57 69 4a 64 62 38 |qAN4GUJIkzWiJdb8|
|00005b60| 33 31 53 46 49 6b 6a 51 74 4f 41 4a 41 6b 69 52 |31SFIkjQtOAJAkiR|
|00005b70| 4a 6b 71 51 4b 59 41 4a 41 6b 69 52 4a 6b 71 51 |JkqQKYAJAkiRJkqQ|
|00005b80| 4b 59 41 4a 41 6b 69 52 4a 6b 71 51 4b 59 41 4a |KYAJAkiRJkqQKYAJ|
|00005b90| 41 6b 69 52 4a 6b 71 51 4b 59 41 4a 41 6b 69 52 |AkiRJkqQKYAJAkiR|
|00005ba0| 4a 6b 71 51 4b 59 41 4a 41 6b 69 52 4a 6b 71 51 |JkqQKYAJAkiRJkqQ|
|00005bb0| 4b 59 41 4a 41 6b 69 52 4a 6b 71 51 4b 59 41 4a |KYAJAkiRJkqQKYAJ|
|00005bc0| 41 6b 69 52 4a 6b 71 51 4b 59 41 4a 41 6b 69 52 |AkiRJkqQKYAJAkiR|
|00005bd0| 4a 6b 71 51 4b 59 41 4a 41 6b 69 52 4a 6b 71 51 |JkqQKYAJAkiRJkqQ|
|00005be0| 4b 59 41 4a 41 6b 69 52 4a 6b 71 51 4b 59 41 4a |KYAJAkiRJkqQKYAJ|
|00005bf0| 41 6b 69 52 4a 6b 71 51 4b 59 41 4a 41 6b 69 52 |AkiRJkqQKYAJAkiR|
|00005c00| 4a 6b 71 51 4b 59 41 4a 41 6b 69 52 56 76 50 34 |JkqQKYAJAkiRVvP4|
|00005c10| 39 72 2f 4c 53 6e 76 34 50 38 49 68 44 39 50 66 |9r/LSnv4P8IhD9Pf|
|00005c20| 32 4d 50 67 42 48 6e 45 6d 4b 47 53 50 30 5a 38 |2MPgBHnEmKGSP0Z8|
|00005c30| 72 76 75 2f 37 6e 4e 66 36 43 2f 31 30 5a 79 64 |rvu/7nNf6C/10Zyd|
|00005c40| 37 70 61 66 62 65 32 43 36 78 58 50 2b 76 64 2f |7pafbe2C6xXP+vd/|
|00005c50| 76 42 65 6c 43 59 41 4a 41 6b 69 54 4e 63 4f 33 |vBelCYAJAkiTNcO3|
|00005c60| 38 61 4e 4e 54 2f 4b 4a 72 2f 4e 59 6a 4c 7a 37 |8aNNT/KJr/NYjLz7|
|00005c70| 46 58 32 78 70 42 32 44 76 39 74 2f 77 2f 45 75 |FX2xpB2Dv9t/w/Eu|
|00005c80| 2f 6f 66 75 30 36 6e 75 50 6c 33 36 79 6c 52 32 |/ofu06nuPl36ylR2|
|00005c90| 39 70 79 6a 57 39 53 76 2b 65 74 50 6a 2f 4d 58 |9pyjW9Sv+etPj/MX|
|00005ca0| 45 6e 79 33 74 77 4e 76 38 2b 4a 46 6e 65 66 37 |Eny3twNv8+JFnef7|
|00005cb0| 77 6d 5a 39 4e 4a 64 76 35 39 42 59 65 65 65 6e |wmZ9NJdv59BYeeen|
|00005cc0| 49 2b 37 37 50 65 61 32 2f 2f 55 58 2b 36 6f 65 |I+77Pea2//UX+6oe|
|00005cd0| 76 63 75 69 34 4a 7a 37 6f 39 38 41 78 64 76 7a |vcui4Jz7o98Axdvz|
|00005ce0| 38 57 56 37 61 66 36 4c 6e 50 36 68 34 54 76 58 |8WV7af6LnP6h4TvX|
|00005cf0| 33 63 35 70 2f 58 32 66 68 2f 58 34 76 53 42 65 |3c5p/X2fh/X4vSBe|
|00005d00| 43 78 46 51 48 49 45 6d 53 39 50 37 4b 6b 78 30 |CxFQHIEmS9P7Kkx0|
|00005d10| 61 6f 6e 70 43 78 31 39 78 61 49 6a 63 51 42 36 |aonpCx19xaIjcQB6|
|00005d20| 41 6c 5a 2f 37 58 56 61 65 64 6e 32 39 37 4e 35 |AlZ/7XVaedn297N5|
|00005d30| 37 68 4d 59 63 72 4b 34 2f 53 62 48 5a 6c 37 50 |7hMYcrK4/SbHZl7P|
|00005d40| 78 64 35 73 70 63 49 77 58 2f 76 36 58 48 4c 33 |xd5spcIwX/v6XHL3|
|00005d50| 69 65 6a 36 2f 48 49 69 6e 67 62 66 50 2b 43 79 |iej6/HIingbfP+Cy|
|00005d60| 6b 63 7a 4e 45 78 2f 35 4f 6a 69 36 45 6a 30 31 |kczNEx/5Oji6Ej01|
|00005d70| 70 48 4b 66 36 2b 7a 6e 4e 76 79 39 4a 5a 38 55 |pHKf6+znNvy9JZ8U|
|00005d80| 45 67 43 52 4a 71 6e 68 48 58 6e 79 4b 2f 39 46 |EgCRJqnhHXnyK/9F|
|00005d90| 37 47 66 2f 32 2b 75 61 6f 35 2f 36 48 76 53 78 |7Gf/2+uao5/6HvSx|
|00005da0| 65 4e 63 54 4f 37 64 31 6b 69 7a 48 53 38 78 66 |eNcTO7d1kizHS8xf|
|00005db0| 7a 68 52 76 58 73 6a 68 78 69 46 2f 38 33 65 76 |zhRvXsjhxiF/83ev|
|00005dc0| 73 70 63 54 2b 4a 78 35 6e 4a 34 31 63 66 39 74 |spcT+Jx5nJ41cf9t|
|00005dd0| 48 79 4f 78 36 44 78 61 76 59 47 46 36 62 4b 33 |HyOx6DxavYGF6bK3|
|00005de0| 56 31 4e 5a 58 41 30 4d 6b 45 70 42 49 7a 36 4a |V1NZXA0MkEpBIz6J|
|00005df0| 68 51 6f 4e 6d 38 4b 31 66 73 4f 6d 48 42 7a 6c |hQoNm8K1fsOmHBzl|
|00005e00| 61 68 50 69 73 69 37 6a 68 63 2b 74 5a 57 52 2b |ahPisi7jhc+tZWR+|
|00005e10| 50 6e 75 7a 64 7a 5a 59 74 72 37 4c 6a 55 4a 34 |PnuzdzZYtr7LjUJ4|
|00005e20| 69 4d 52 6f 58 58 38 62 6e 2f 2b 55 56 7a 44 2f |iMRoXX8bn/+UVzD/|
|00005e30| 75 32 31 73 37 50 39 72 30 47 78 6f 2b 75 5a 52 |u21s7P9r0Gxo+uZR|
|00005e40| 44 4c 37 33 4f 37 6d 4d 6c 69 4b 64 5a 75 75 35 |DL73O7mMliKdZuu5|
|00005e50| 71 4e 6c 34 2b 70 31 78 6d 69 4c 31 74 7a 37 50 |qNl4+p1xmiL1tz7P|
|00005e60| 6c 35 61 50 6c 59 38 33 6a 6b 78 39 4c 38 2b 75 |l5aPlY83jkx9L8+u|
|00005e70| 66 44 2f 4b 78 32 36 35 68 4a 55 58 32 76 2f 67 |fD/Kx265hJUX2v/g|
|00005e80| 7a 48 74 2f 65 54 58 59 34 6c 68 75 76 59 57 55 |zHt/eTXY4lhuvYWU|
|00005e90| 61 79 4c 62 7a 6f 79 64 65 5a 64 65 78 45 73 53 |ayLbzoydeZdexEsS|
|00005ea0| 54 4e 4b 32 35 6d 6c 75 75 62 6d 54 48 54 7a 61 |TNK25mluubmTHTza|
|00005eb0| 7a 63 2b 6c 6e 32 58 68 35 4e 51 43 48 58 6e 79 |zc+ln2Xh5NQCHXny|
|00005ec0| 4b 52 2f 63 32 38 74 58 66 58 63 74 38 67 4e 35 |KR/c28tXfXct8gN5|
|00005ed0| 58 65 66 54 76 6a 33 48 35 4c 64 65 78 4f 74 48 |XefTvj3H5LdexOtH|
|00005ee0| 50 4f 79 2b 2b 79 4d 2b 33 44 78 2b 2f 6b 59 2b |POy++yM+3Dx+/kY+|
|00005ef0| 73 75 35 70 72 6c 74 51 43 73 48 50 4c 34 37 79 |su5prltQCsHPL47y|
|00005f00| 55 57 6b 7a 6a 2f 74 33 73 53 6c 2f 4f 76 37 39 |UWkzj/t3sSl/Ov79|
|00005f10| 78 4a 66 53 2b 79 5a 4e 50 76 63 48 4f 49 33 6d |xJfS+yZNPvcHOI3m|
|00005f20| 4b 38 52 53 4c 50 2f 6f 52 57 6b 37 34 43 76 61 |K8RSLP/oRWk74Cva|
|00005f30| 7a 63 38 75 7a 50 4e 6d 65 70 55 69 4d 39 50 79 |zc8uzPNmepUiM9Py|
|00005f40| 6c 66 4f 6e 4c 48 32 48 68 38 4e 4f 35 33 66 7a |lfOnLH2Hh8NO53fz|
|00005f50| 6f 2b 38 2b 58 7a 79 46 4e 79 79 63 2f 77 52 65 |o+8+XzyFNyyc/wRe|
|00005f60| 57 5a 30 62 32 50 58 46 73 68 2f 6a 46 33 37 31 |WZ0b2PXFsh/jF371|
|00005f70| 41 64 2b 75 58 2b 4d 4c 79 34 63 6f 6d 32 7a 61 |Ad+uX+MLy4com2za|
|00005f80| 73 68 35 30 2f 66 34 46 6e 33 75 6f 6c 57 34 79 |sh50/f4Fn3uolW4y|
|00005f90| 52 57 64 6a 4d 44 63 30 6e 44 44 70 79 62 43 65 |RWdjMDc0nDDpybCe|
|00005fa0| 50 50 58 33 69 31 2b 33 51 36 79 2f 77 34 78 63 |PPX3i1+3Q6y/w4xc|
|00005fb0| 36 6f 39 68 71 47 6c 68 39 7a 64 56 63 66 32 6c |6o9hqGlh9zdVcf2l|
|00005fc0| 6d 30 71 6f 4b 2b 31 2f 6c 42 37 39 6f 5a 2b 39 |m0qoK+1/lB79oZ+9|
|00005fd0| 49 58 53 75 5a 2f 38 5a 32 75 6c 75 2f 78 47 58 |IXSuZ/8Z2ulu/xGX|
|00005fe0| 76 50 4d 2b 4f 58 69 6a 2b 34 6e 48 2b 59 6d 73 |vPM+OXij+4nH+Yms|
|00005ff0| 31 48 2f 71 64 7a 33 4c 4e 37 4a 50 45 64 59 72 |1H/qdz3LN7JPEdYr|
|00006000| 33 33 38 6d 4f 39 59 58 6c 77 4d 46 66 38 63 68 |338mO9YXlwMFf8ch|
|00006010| 54 75 2b 6b 59 47 4c 37 6d 31 2f 47 46 35 66 32 |Tu+kYGL7m1/GF5f2|
|00006020| 54 2f 50 31 63 4d 79 62 35 64 76 7a 66 31 36 66 |T/P1cMyb5dvzf16f|
|00006030| 57 6c 33 6a 6d 72 51 58 38 77 65 64 57 55 67 31 |Wl3jmrQX8wedWUg1|
|00006040| 77 65 42 74 2f 2f 63 52 52 4c 72 33 78 73 31 77 |weBt//cRRLr3xs1w|
|00006050| 7a 46 2b 41 59 76 33 72 69 57 66 61 32 62 4f 42 |zF+AYv3riWfa2bOB|
|00006060| 4c 4c 5a 7a 57 39 53 72 73 65 70 62 2f 2f 6c 71 |LLZzW9Srsepb//lq|
|00006070| 61 6a 63 50 76 56 59 43 75 56 33 6e 6b 69 57 4e |ajcPvVYCuV3nkiWN|
|00006080| 38 36 4a 62 72 57 4a 33 6f 34 54 65 2f 65 4a 45 |86JbrWJ3o4Te/eJE|
|00006090| 74 75 34 62 2f 48 75 62 78 79 55 2b 76 34 38 4e |tu4b/HubxyU+v48N|
|000060a0| 7a 71 30 37 78 59 6b 72 54 6e 77 6b 41 53 5a 4a |zq07xYkrTnwkASZJ|
|000060b0| 55 38 63 61 4f 42 71 43 59 4a 7a 66 55 79 56 73 |U8caOBqCYJzfUyVs|
|000060c0| 44 56 33 4c 4c 76 32 71 6d 6f 62 69 48 4c 59 2b |DV3LLv2qmobiHLY+|
|000060d0| 39 78 47 4e 50 7a 2b 48 4f 7a 7a 5a 7a 7a 65 39 |9xGNPz+HOzzZzze9|
|000060e0| 65 54 73 66 33 33 71 54 78 78 68 75 35 66 69 37 |eTsf33qTxxhu5fi7|
|000060f0| 51 2b 79 70 2f 2f 66 50 66 55 50 76 70 46 57 77 |Q+yp//fPfUPvpFWw|
|00006100| 38 72 6b 46 34 4d 6a 6c 32 37 38 2f 77 6c 56 76 |8rkF4Mjl278/wlVv|
|00006110| 58 73 7a 44 65 79 36 75 62 66 38 61 50 66 2f 49 |XszDey6ubf8aPf/I|
|00006120| 72 35 74 32 30 6c 6a 6d 30 38 2f 6a 66 76 63 4b |r5t20ljm08/jfvcK|
|00006130| 68 35 52 2f 6a 6d 31 39 65 51 6e 58 68 45 43 38 |h5R/jm19eQnXhEC8|
|00006140| 39 38 54 77 50 50 31 48 69 6d 31 2f 2b 4d 4c 58 |98TwPP1Him1/+MLX|
|00006150| 6a 36 73 6d 54 48 65 70 6c 31 38 2f 33 38 49 6e |j6smTHepl18/38In|
|00006160| 50 66 59 36 4e 46 38 58 6f 66 75 65 58 50 50 71 |PfY6NF8XofueXPPq|
|00006170| 50 7a 2f 4a 59 36 6e 4e 73 58 46 37 4e 6b 52 65 |Pz/JY6nNsXF7NkRe|
|00006180| 33 38 4f 67 62 63 64 62 2b 79 77 32 73 57 31 4a |38Ogbcdb+yw2sW1J|
|00006190| 4e 34 65 42 32 66 76 43 54 33 39 41 35 31 45 67 |N4eB2fvCT39A51Eg|
|000061a0| 42 59 50 2b 4c 50 4c 34 64 31 74 33 30 5a 54 35 |BYP+LPL4d1t30ZT5|
|000061b0| 63 33 38 2f 4f 70 35 37 68 78 30 2b 39 78 74 49 |c38/Op57hx0+9xtI|
|000061c0| 76 72 2b 44 31 70 31 36 68 34 36 4a 31 66 4f 75 |vr+D1p16h46J1fOu|
|000061d0| 6d 2f 35 2b 39 2b 2f 2b 4a 38 73 7a 2f 50 66 35 |m/5+9+/+J8sz/Pf5|
|000061e0| 63 42 70 67 70 6b 34 45 52 63 4d 51 68 34 34 47 |cBpgpk4ERcMQh44G|
|000061f0| 43 4d 68 47 2f 59 4c 46 49 4a 50 4b 52 56 62 61 |CMhG/YLFIJPKRVba|
|00006200| 34 71 47 75 72 44 63 30 68 61 62 50 4e 64 72 4f |4qGurDc0habPNdrO|
|00006210| 37 2b 57 78 79 54 72 4a 2f 68 73 6c 75 73 69 65 |7+WxyTrJ/hslusie|
|00006220| 66 6a 32 6b 33 50 56 6b 54 6d 78 71 2f 31 46 71 |fj2k3PVkTmxq/1Fq|
|00006230| 74 57 4c 53 34 45 41 6d 30 55 6c 48 45 51 49 47 |tWLS4EAm0UlHEQIG|
|00006240| 56 34 38 52 52 52 38 47 42 79 64 41 5a 59 4f 6a |V48RRR8GBydAZYOj|
|00006250| 35 59 51 44 35 4d 67 77 44 32 47 72 4c 36 2f 47 |5YQD5MgwD2GrL6/G|
|00006260| 54 33 76 64 39 33 66 66 37 75 75 37 72 6e 6e 43 |T3vd93ff7uu7rnnC|
|00006270| 39 72 2f 74 4c 4a 6a 7a 2b 69 6d 4d 6e 6d 37 69 |9r/tLJjz+imMnm7i|
|00006280| 77 35 67 44 62 30 78 4b 6f 36 65 6d 46 66 43 66 |w5gDb0xKo6emFfCf|
|00006290| 67 70 61 50 58 7a 36 67 76 52 4d 63 54 73 4b 32 |gpaPXz6gvRMcTsK2|
|000062a0| 41 77 4a 30 48 75 46 5a 6b 55 52 55 66 77 6c 31 |AwJ0HuFZkURUfwl1|
|000062b0| 2f 6d 56 4f 75 4e 48 37 7a 31 6d 39 59 61 78 6d |/mVOuNH7z1m9Yaxm|
|000062c0| 6a 72 37 4f 4a 34 35 39 66 4a 76 68 36 4a 65 57 |jr7OJ459fJvh6JeW|
|000062d0| 72 44 49 78 2b 4e 38 4b 6a 6e 6e 75 6b 6c 42 58 |rDIx+N8KjnnuklBX|
|000062e0| 7a 6e 6d 4d 6c 30 4d 4f 5a 45 7a 64 77 32 7a 66 |znmMl0MOZEzdw2zf|
|000062f0| 7a 39 76 34 63 30 67 77 2b 75 68 71 75 38 71 6b |z9v4c0gw+uhqu8qk|
|00006300| 62 6b 71 32 7a 57 7a 4a 77 38 79 72 6e 50 46 61 |bkq2zWzJw8yrnPFa|
|00006310| 71 66 6c 65 4a 41 77 39 66 66 76 49 76 7a 74 52 |qfleJAw9ffvIvztR|
|00006320| 6c 38 4b 65 79 54 41 41 47 58 56 34 32 56 31 61 |l8KeyTAAGXV42V1a|
|00006330| 79 62 31 55 63 41 2b 30 4e 48 4c 33 55 51 48 31 |yb1UcA+0NHL3UQH1|
|00006340| 61 4a 61 55 72 35 6f 73 4e 67 73 4d 6a 44 4d 32 |aJaUr5osNgsMjDM2|
|00006350| 34 65 79 54 53 4d 67 6a 52 56 56 50 4c 75 59 64 |4eyTSMgjRVVPLuYd|
|00006360| 70 56 42 7a 61 79 59 59 56 34 66 4e 77 36 6d 49 |pVBzayYYV4fNw6mI|
|00006370| 2f 57 4d 77 7a 4e 35 37 73 41 7a 66 71 6f 35 2b |/WMwzN57sAzfqo5+|
|00006380| 33 6f 37 64 4e 37 48 37 72 4e 78 52 59 44 41 7a |3o7dN7H7rNxRYDAz|
|00006390| 63 61 65 4c 34 78 53 2b 35 73 48 38 66 65 2b 79 |caeL4xS+5sH8fe+y|
|000063a0| 47 36 62 74 36 30 73 4c 52 73 37 30 59 43 6c 37 |G6bt60sLRs70YCl7|
|000063b0| 6c 6a 31 76 58 59 41 34 39 6f 50 6c 38 45 77 31 |lj1vXYA49oPl8Ew1|
|000063c0| 39 49 7a 68 43 34 43 7a 66 67 63 76 7a 4c 2f 71 |9IzhC4CzfgcvzL/q|
|000063d0| 33 48 71 42 71 37 6b 7a 4b 75 48 6e 36 33 7a 7a |3HqBq7kzKuHn63zz|
|000063e0| 48 67 6e 74 63 71 4f 6b 6c 66 6d 73 35 66 38 6b |HgntcqOklfms5f8k|
|000063f0| 33 4d 39 44 64 77 4c 46 4c 56 32 6c 78 2f 47 72 |3M9DdwLFLV2lx/Gr|
|00006400| 32 39 54 4f 4e 4c 63 4c 31 31 55 4a 7a 33 54 32 |29TONLcL11UJz3T2|
|00006410| 36 63 62 49 42 36 4f 74 2b 52 48 38 6f 51 4b 6a |6cbIB6Ot+RH8oQKj|
|00006420| 62 53 32 6d 36 46 59 4b 39 64 4c 67 74 62 4e 36 |bS2m6FYK9dLgtbN6|
|00006430| 66 53 46 2f 54 2b 5a 6a 61 4b 7a 37 50 67 62 32 |fSF/T+ZjaKz7Pgb2|
|00006440| 2b 6a 52 59 33 37 42 6e 50 45 72 6c 61 65 2f 47 |+jRY37BnPErlae/G|
|00006450| 73 32 73 69 47 2b 50 42 35 2f 4c 51 76 6b 36 71 |s2siG+PB5/LQvk6q|
|00006460| 33 64 2b 45 77 68 76 42 63 76 38 4c 78 6b 31 38 |3d+EwhvBcv8Lxk18|
|00006470| 53 65 72 75 43 77 71 53 5a 4d 59 76 38 74 4f 67 |SeruCwqSZMYv8tOg|
|00006480| 64 41 43 49 69 49 72 49 4d 42 4c 6c 31 64 76 71 |dACIiIrIMBLl1dvq|
|00006490| 7a 2b 4d 63 37 67 31 47 32 54 36 47 6f 4c 49 65 |z+Mc7g1G2T6GoLIe|
|000064a0| 55 65 4d 43 34 68 76 4c 74 4b 38 48 39 41 46 65 |UeMC4hvLtK8H9AFe|
|000064b0| 6b 54 53 30 46 76 50 4f 48 4e 78 63 34 2b 41 63 |kTS0FvPOHNxc4+Ac|
|000064c0| 77 34 69 77 70 77 47 34 30 51 4c 79 56 67 72 49 |w4iwpwG40QLyVgrI|
|000064d0| 73 55 72 33 39 39 41 61 42 7a 6c 36 36 6a 51 34 |sUr399AaBzl66jQ4|
|000064e0| 4f 6c 4b 34 4a 7a 33 72 47 32 39 68 57 6d 63 4e |OlK4Jz3rG29hWmcN|
|000064f0| 71 7a 31 32 61 6e 30 54 61 56 78 79 35 70 62 76 |qz12an0TaVxy5pbv|
|00006500| 59 74 73 6f 45 4a 4a 4b 53 58 63 4c 42 41 68 4f |YtsoEJJKSXcLBAhO|
|00006510| 39 31 39 6f 5a 77 4d 4d 33 50 55 4f 73 33 72 71 |919oZwMM3PUOs3rq|
|00006520| 54 30 6a 56 6d 34 6a 46 67 57 6c 58 41 77 61 30 |T0jVm4jFgWlXAwa0|
|00006530| 70 30 33 63 52 47 71 46 2f 61 41 52 49 78 72 6d |p03cRGqF/aARIxrm|
|00006540| 37 6e 50 63 71 31 6f 57 50 44 59 77 47 2f 66 68 |7nPcq1oWPDYwG/fh|
|00006550| 48 49 54 36 39 6b 4b 71 33 64 31 4a 71 67 35 54 |HIT69kKq3d1Jqg5T|
|00006560| 38 44 46 49 66 50 71 41 4c 77 4e 64 44 64 79 69 |8DFIfPqALwNdDdyi|
|00006570| 54 51 6b 65 41 37 6b 34 76 45 4b 4b 37 31 38 66 |TQkeA7k4vEKK718f|
|00006580| 71 72 43 79 67 69 34 62 62 59 2b 53 58 6c 62 44 |qrCygi4bbY+SXlbD|
|00006590| 57 6b 67 69 59 53 4d 76 62 79 62 36 38 4d 57 34 |WkgiYSMvbyb68MW4|
|000065a0| 30 64 30 30 65 50 6d 6c 39 45 51 66 79 4d 6b 6c |0d00ePml9EQfyMkl|
|000065b0| 4a 53 67 7a 58 48 7a 76 37 4b 74 61 52 4e 74 34 |JSgzXHzv7KtaRNt4|
|000065c0| 2b 61 38 73 4b 79 48 38 70 53 6e 4f 4f 6a 6a 44 |+a8sKyH8pSnOOjjD|
|000065d0| 77 33 54 44 45 32 2f 6a 6c 2f 74 65 6f 33 72 62 |w3TDE2/jl/teo3rb|
|000065e0| 79 36 62 35 7a 4e 7a 31 74 6d 2f 78 43 4e 6c 75 |y6b5zNz1tm/xCNlu|
|000065f0| 48 63 4c 6b 43 4d 63 63 57 6d 79 36 2b 36 54 57 |HcLkCMccWmy6+6TW|
|00006600| 51 58 37 36 54 44 53 75 65 6e 6f 66 79 76 49 51 |QX76TDSuenofyvIQ|
|00006610| 6f 5a 65 59 2f 62 34 36 53 6e 52 52 59 45 67 45 |oZeY/b46SnRRYEgE|
|00006620| 44 4b 64 6b 6c 37 4d 6d 44 39 75 73 39 73 2f 62 |DKdkl7MmD9us9s/b|
|00006630| 6b 61 62 74 48 76 79 32 48 71 75 49 31 6d 4f 4d |kabtHvy2HquI1mOM|
|00006640| 42 59 77 62 62 4b 6c 39 6d 39 51 4a 72 41 63 7a |BYwbbKl9m9QJrAcz|
|00006650| 62 2f 32 49 37 31 68 67 42 37 78 41 42 44 4b 54 |b/2I71hgB7xABDKT|
|00006660| 6b 62 75 65 64 36 6d 4c 79 6a 59 75 49 78 5a 4a |kbued6mLyjYuIxZJ|
|00006670| 44 72 74 56 4c 39 78 30 41 4c 2b 32 39 49 54 5a |DrtVL9x0AL+29ITZ|
|00006680| 73 54 47 4f 67 74 79 66 38 7a 6f 37 65 50 75 37 |sTGOgtyf8zo7ePu7|
|00006690| 62 56 70 4b 37 6f 50 62 4b 49 64 38 52 6f 72 76 |bVpK7oPbKId8Rorv|
|000066a0| 7a 37 76 6a 2f 37 33 48 72 62 6f 6a 73 76 42 7a |z7vj/73HrbojsvBz|
|000066b0| 43 35 7a 47 42 7a 61 38 56 34 7a 41 61 67 45 52 |C5zGBza8V4zAagER|
|000066c0| 73 57 30 72 5a 62 76 50 52 63 6e 33 32 6d 78 78 |sW0rZbvPRcn32mxx|
|000066d0| 45 66 6d 70 30 42 34 43 49 69 49 67 73 41 30 59 |Efmp0B4CIiIgsA0Y|
|000066e0| 32 7a 4a 68 78 39 4e 53 66 35 61 68 33 72 75 30 |2zJhx9NSf5ah3ru0|
|000066f0| 4e 30 2f 39 49 73 70 67 77 44 2f 73 5a 41 42 7a |N0/9IspgwD/sZABz|
|00006700| 50 4d 71 79 70 6b 37 67 57 4d 32 62 75 30 65 38 |PMqypk7gWM2bu0e8|
|00006710| 44 7a 30 4d 2f 2b 50 6f 35 65 6d 52 6d 79 73 47 |Dz0M/+Po5emRmysG|
|00006720| 49 4c 65 4a 4c 7a 42 4d 77 57 36 66 50 43 4b 65 |ILeJLzBMwW6fPCKe|
|00006730| 74 4d 45 48 50 43 45 48 36 36 66 63 5a 73 64 6c |tMEHPCEH66fcZsdl|
|00006740| 4e 30 39 61 62 37 4d 6b 6b 4d 2f 37 6c 41 33 73 |N09ab7MkkM/7lA3s|
|00006750| 78 56 54 73 61 2b 50 54 73 5a 78 77 6d 69 64 57 |xVTsa+PTsZxwmidW|
|00006760| 35 44 73 70 33 62 41 4b 67 73 4f 4a 56 2b 6d 74 |5Dsp3bAKgsOJV+mt|
|00006770| 61 2b 66 41 66 62 52 6a 54 30 74 69 77 39 52 56 |a+fAfbRjT0tiw9RV|
|00006780| 4b 73 77 6b 50 7a 43 78 58 36 48 61 44 34 2f 45 |KswkPzCxX6HaD4/E|
|00006790| 6a 41 76 61 4e 6c 47 59 46 61 4c 6d 58 4a 71 30 |jAvaNlGYFaLmXJq0|
|000067a0| 7a 41 41 41 67 41 45 6c 45 51 56 54 65 53 77 41 |zAAAgAElEQVTeSwA|
|000067b0| 4c 33 51 38 74 4f 46 38 7a 77 57 4d 76 41 31 6a |L3Q8tOF8zwWMvA1j|
|000067c0| 49 74 30 38 37 50 41 36 37 42 61 35 35 4a 31 2b |It087PA67Ba55J1+|
|000067d0| 4f 46 7a 39 6c 58 73 72 7a 30 41 2f 70 6d 54 50 |OFz9lXsrz0A/pmTP|
|000067e0| 61 4f 68 50 48 43 69 49 6d 59 55 79 62 53 6a 6a |aOhPHCiImYUybSjj|
|000067f0| 6f 76 63 71 46 6a 7a 2b 6c 4e 74 47 43 49 38 39 |ovcqFjz+lNtGCI89|
|00006800| 4a 65 58 48 57 35 50 72 34 61 58 4e 65 56 6c 4b |JeXHW5Pr4aXNeVlK|
|00006810| 54 6f 4d 4d 37 47 45 4e 73 71 5a 45 61 4f 37 4a |ToMM7GENsqZEaO7J|
|00006820| 6f 2b 35 72 7a 78 58 76 7a 6e 54 64 77 31 5a 33 |o+5rzxXvznTdw1Z3|
|00006830| 6d 63 4e 32 4d 59 76 61 78 57 58 76 79 65 49 4d |mcN2MYvaxWXvyeIM|
|00006840| 6b 70 39 75 5a 64 70 61 4e 47 64 67 73 6e 66 54 |kp9uZdpaNGdgsnfT|
|00006850| 48 58 6f 76 77 76 75 62 70 66 2f 4d 66 4b 35 4d |HXovwvubpf/MfK5M|
|00006860| 39 2b 7a 64 79 38 75 4a 56 2f 73 38 52 53 4c 56 |9+zdy8uJV/s8RSLV|
|00006870| 6c 38 45 72 70 71 78 51 73 36 70 6c 2b 4b 2f 6c |l8ErpqxQs6pl+K/l|
|00006880| 5a 4a 6a 37 71 76 51 76 32 66 6c 7a 42 4e 45 71 |ZJj7qvQv2flzBNEq|
|00006890| 4c 4d 2f 43 33 64 64 45 64 68 4f 51 37 58 6c 62 |LM/C3ddEdhOQ7Xlb|
|000068a0| 6e 6c 6d 43 69 64 30 48 74 74 58 5a 54 42 72 58 |nlmCid0HttXZTBrX|
|000068b0| 6e 2f 30 31 48 32 52 71 63 64 37 72 6f 49 49 4e |n/01H2Rqcd7roIIN|
|000068c0| 44 32 59 79 66 78 79 43 75 6b 79 65 34 4d 61 4e |D2YyfxyCukye4MaN|
|000068d0| 4d 38 71 77 37 46 6b 52 2b 65 70 51 41 45 42 45 |M8qw7FkR+epQAEBE|
|000068e0| 52 45 58 6e 42 32 4e 4a 4d 59 4d 33 6b 76 62 63 |REXnB2NJMYM3kvbc|
|000068f0| 4b 65 54 70 50 48 38 44 76 43 32 47 4d 4f 49 67 |KeTpPH8DvC2GMOIg|
|00006900| 61 59 33 52 34 2b 70 4a 41 63 41 53 49 77 34 43 |aY3R4+pJAcASIw4C|
|00006910| 56 31 4a 65 43 39 50 65 46 49 48 33 4b 59 4e 4d |V1JeC9PeFIH3KYNM|
|00006920| 62 34 4f 6d 48 44 77 32 6b 35 65 2f 6b 33 58 77 |b4OmHDw2k5e/k3Xw|
|00006930| 59 48 62 70 48 52 33 30 4c 52 7a 38 5a 34 37 30 |YHbpHR30LRz8Z470|
|00006940| 33 43 30 68 4a 79 71 4c 38 6a 53 7a 4b 43 64 42 |3C0hJyqL8jSzKCdB|
|00006950| 33 39 79 59 31 46 32 76 35 37 4c 57 44 37 46 74 |39yY1F2v57LWD7Ft|
|00006960| 6a 78 57 6d 50 34 30 7a 33 58 64 6f 66 42 38 67 |jxWmP40z3XdofB8g|
|00006970| 75 7a 67 53 37 44 2f 76 46 65 33 54 66 39 65 4e |uzgS7D/vFe3Tf9eN|
|00006980| 4b 79 36 44 43 43 42 69 74 70 4f 44 68 2f 6d 50 |Ky6DCCBitpODh/mP|
|00006990| 59 4d 44 55 42 38 39 41 50 6c 6b 78 73 4d 4f 73 |YMDUB89APlkxsMOs|
|000069a0| 4e 2b 62 59 30 45 37 6a 43 79 59 48 4a 5a 37 54 |N+bY0E7jCyYHJZ7T|
|000069b0| 78 30 6a 38 45 52 48 67 45 41 4d 78 6b 6c 2f 36 |x0j8ERHgEAMxkl/6|
|000069c0| 4b 50 35 57 47 43 44 79 35 52 32 50 64 31 78 79 |KP5WGCDy5R2Pd1xy|
|000069d0| 74 68 54 2b 58 5a 30 58 61 2b 4b 6e 30 2b 57 4a |thT+XZ0Xa+Kn0+WJ|
|000069e0| 4c 4a 76 55 6c 38 41 51 44 4d 48 32 34 47 2f 4f |LJvUl8AQDMH24G/O|
|000069f0| 2b 2b 70 34 45 67 4c 6b 65 41 5a 6a 76 76 4d 56 |++p4EgLkeAZjvvMV|
|00006a00| 68 4c 44 33 49 67 65 79 6e 36 30 65 48 76 41 51 |hLD3Igeyn60eHvAQ|
|00006a10| 4e 73 7a 74 42 71 74 58 49 6f 4c 65 66 71 53 30 |NsztBqtXIoLefqS0|
|00006a20| 47 50 76 78 44 30 63 4f 4f 5a 4c 37 2b 35 34 6e |GPvxD0cOOZL7+54n|
|00006a30| 6c 57 43 75 63 48 48 72 4c 43 61 4e 2b 33 44 31 |lWCucHHrLCaN+3D1|
|00006a40| 66 63 2b 37 6b 6c 77 53 72 4b 39 69 32 69 43 52 |fc+7klwSrK9i2iCR|
|00006a50| 41 57 6d 34 61 78 6f 74 75 58 4a 32 44 44 4b 78 |AWm4axotuXJ2DDKx|
|00006a60| 78 34 69 43 54 67 56 58 66 30 4e 37 62 53 37 4c |x4iCTgVXf0N7bS7L|
|00006a70| 62 6a 4c 50 4d 42 41 74 73 4c 2b 7a 35 62 4c 42 |bjLPMBAtsL+z5bLB|
|00006a80| 63 70 71 4e 37 47 4c 72 37 53 4d 6e 62 46 55 34 |cpqN7GLr7SMnbFU4|
|00006a90| 34 70 56 74 4a 6f 51 39 6e 64 53 57 6c 6b 38 56 |4pVtJoQ9ndSWlk8V|
|00006aa0| 43 42 49 5a 38 68 42 49 6a 64 6a 36 52 6e 78 51 |CBIZ8hBIjdj6RnxQ|
|00006ab0| 39 41 69 41 69 49 69 4b 79 49 41 6b 59 44 57 4d |9AiAiIiKyIAkYDWM|
|00006ac0| 45 4a 68 38 43 39 2b 50 75 2f 42 62 33 49 67 5a |EJh8C9+Pu/Bb3IgZ|
|00006ad0| 61 63 38 72 4e 49 6d 75 6f 6c 35 72 32 77 66 45 |ac8rNImuol5r2wfE|
|00006ae0| 46 77 37 6a 71 76 2b 43 2f 7a 37 62 50 4d 5a 73 |Fw7jqv+C/z7bPMZs|
|00006af0| 37 51 6e 76 64 56 62 70 38 34 5a 68 47 66 54 66 |7QnvdVbp84ZhGfTf|
|00006b00| 35 39 4a 71 50 31 4a 78 31 70 4a 48 42 35 6c 77 |59JqP1Jx1pJHB5lw|
|00006b10| 6a 72 71 74 58 61 42 31 66 6a 36 2b 58 43 39 63 |jrqtXaB1fj6+XC9c|
|00006b20| 65 4d 58 6b 7a 77 5a 30 72 2f 50 57 44 4c 32 67 |eMXkzwZ0r/PWDL2g|
|00006b30| 64 67 76 69 6b 54 4c 49 64 4a 67 7a 44 77 34 7a |dgvikTLIdJgzDw4z|
|00006b40| 69 70 66 37 6a 45 37 78 66 2f 77 41 77 6b 62 5a |ipf7jE7xf/wAwkbZ|
|00006b50| 6d 44 62 61 6b 4d 59 4c 6a 67 31 62 62 65 68 75 |mDbakMYLjg1bbehu|
|00006b60| 34 32 37 6a 68 74 5a 4a 72 42 31 68 4c 76 74 33 |427jhtZJrB1hLvt3|
|00006b70| 4c 56 34 31 39 6d 4f 31 5a 34 30 50 6d 4c 44 59 |LV419mO1Z40PmLDY|
|00006b80| 37 52 75 69 6f 62 38 55 7a 47 69 34 33 36 6d 37 |7Ruiob8UzGi436m7|
|00006b90| 69 7a 4f 30 52 63 6a 65 75 6e 62 76 2b 51 52 64 |izO0Rcjeunbv+QRd|
|00006ba0| 6e 36 75 2b 46 33 31 48 41 4d 4a 37 72 58 33 46 |n6u+F31HAMJ7rX3F|
|00006bb0| 6a 6a 6a 73 32 42 70 72 4f 63 2f 68 59 45 32 34 |jjjs2BprOc/hYE24|
|00006bc0| 4d 6d 46 5a 6b 34 6b 78 50 49 44 67 38 48 48 6e |MmFZk4kxPIDg8HHn|
|00006bd0| 6a 61 65 61 4c 7a 59 52 74 52 51 4c 33 32 31 70 |jaeaLzYRtRQL321p|
|00006be0| 78 6a 51 4b 45 47 4f 69 2b 54 56 66 45 54 39 53 |xjQKEGOi+TVfET9S|
|00006bf0| 46 39 33 58 6a 59 74 50 34 74 6a 44 36 75 4a 56 |F93XjYtP4tjD6uJV|
|00006c00| 4c 74 36 4e 31 6a 50 6e 4f 57 77 4c 64 6a 55 2f |Lt6N1jPnOWwLdjU/|
|00006c10| 33 68 36 2b 44 55 78 39 66 35 6f 4a 72 5a 4e 61 |3h6+DUx9f5oJrZNa|
|00006c20| 65 37 4f 73 7a 53 48 61 33 63 33 79 79 7a 77 7a |e7OszSHa3c3yyzwz|
|00006c30| 53 56 64 64 42 39 2b 52 4a 54 73 52 6f 67 4d 43 |SVddB9+RJTsRogMC|
|00006c40| 51 66 31 62 5a 57 65 62 70 66 2f 4d 66 71 34 63 |Qf1bZWebpf/Mfq4c|
|00006c50| 7a 48 35 7a 69 65 4c 73 66 34 73 33 59 48 52 6d |zH5zieLsf4s3YHRm|
|00006c60| 6b 47 49 62 78 6a 38 4c 73 36 32 65 6d 43 4f 76 |kGIbxj8Ls62emCOv|
|00006c70| 54 58 79 61 62 50 6d 70 76 2b 37 42 6e 72 51 45 |TXyabPmpv+7BnrQE|
|00006c80| 4d 62 4d 68 4c 78 58 4f 39 48 56 66 53 53 6e 4b |MbMhLxXO9HVfSSnK|
|00006c90| 4e 77 41 4c 62 43 36 77 55 72 54 66 54 66 62 4f |NwALbC6wUrTfTfbO|
|00006ca0| 42 47 79 34 7a 6d 37 64 4d 44 4f 36 7a 32 4f 77 |BGy4zm7dMDO6z2Ow|
|00006cb0| 49 63 4b 4f 75 59 2f 4b 7a 6f 4b 50 75 72 7a 6c |IcKOuY/KzoKPurzl|
|00006cc0| 36 74 4a 37 6d 4f 65 38 59 45 76 6e 70 30 42 30 |6tJ7mOe8YEvnp0B0|
|00006cd0| 41 49 69 49 69 49 67 75 53 52 64 48 36 44 6f 35 |AIiIiIguSRdH6Do5|
|00006ce0| 2f 66 70 72 44 70 46 4a 52 6e 55 62 4c 6f 6c 34 |/fprDpFJRnUbLol4|
|00006cf0| 43 47 49 56 78 48 59 63 71 66 52 79 72 75 63 6a |CGIVxHYcqfRyrucj|
|00006d00| 68 78 67 53 4d 6a 44 43 61 74 49 71 39 72 78 64 |hxgSMjDCatIq9rxd|
|00006d10| 4e 6d 33 4f 64 55 6f 43 38 39 51 59 61 54 35 7a |Nm3OdUoC89QYaT5z|
|00006d20| 6d 58 41 68 43 6f 54 68 53 38 31 36 6c 71 6a 67 |mXAhCoThS816lqjg|
|00006d30| 38 71 4c 47 56 37 47 4c 76 30 47 55 75 48 44 76 |8qLGV7GLv0GUuHDv|
|00006d40| 4e 4a 59 42 45 43 30 58 62 48 43 51 33 6a 41 38 |NJYBEC0XbHCQ3jA8|
|00006d50| 47 73 31 39 6c 54 39 5a 6c 4c 68 77 39 52 55 4d |Gs19lT9ZlLhw9RUM|
|00006d60| 69 42 45 4d 4a 35 4a 58 6c 6b 34 61 5a 30 72 4b |iBEMJ5JXlk4aZ0rK|
|00006d70| 58 63 64 55 30 63 4c 67 7a 41 55 4e 6f 42 4b 50 |XcdU0cLgzAUNoBKP|
|00006d80| 74 5a 51 35 4d 31 44 50 64 67 53 50 6f 6f 73 50 |tZQ5M1DPdgSPoosP|
|00006d90| 75 4a 44 79 55 4e 35 43 62 5a 61 47 6d 63 59 53 |uJDyUN5CbZaGmcYS|
|00006da0| 69 2f 49 6b 42 6c 51 6c 6e 35 55 34 43 35 36 39 |i/IkBlQln5U4C569|
|00006db0| 79 39 42 39 64 47 41 77 51 77 6b 6a 57 6a 70 30 |y9B9dGAwQwkjWjp0|
|00006dc0| 63 79 4a 37 78 49 72 74 5a 39 57 2f 6b 62 37 66 |cyJ7xIrtZ9W/kb7f|
|00006dd0| 44 69 35 4a 7a 58 71 48 49 2f 73 32 73 32 37 49 |Di5JzXqHI/s2s27I|
|00006de0| 42 55 6f 6f 4c 4b 58 49 33 38 64 47 52 55 78 67 |BUooLKXI38dGRUxg|
|00006df0| 4e 59 77 51 54 55 79 69 71 6d 4f 2f 31 2b 37 48 |NYwQTUyiqmO/1+7H|
|00006e00| 46 35 69 67 72 70 75 68 45 45 38 66 2f 63 51 4b |F5igrpuhEE8f/cQK|
|00006e10| 44 41 65 4b 74 4b 37 46 46 66 42 65 42 43 57 64 |DAeKtK7FFfBeBCWd|
|00006e20| 6c 43 5a 37 54 34 57 30 42 73 4b 78 69 37 35 5a |lCZ7T4W0BsKxi75Z|
|00006e30| 55 58 4c 66 6e 4f 72 36 52 76 50 58 51 38 50 46 |UXLfnOr6RvPXQ8PF|
|00006e40| 70 7a 6a 48 33 65 54 76 35 6a 31 50 45 4a 30 4a |pzjH3eTv5j1PEJ0J|
|00006e50| 77 32 4d 44 71 67 68 4b 71 63 69 50 63 6a 5a 42 |w2MDqghKqciPcjZB|
|00006e60| 65 52 50 58 75 41 4d 66 71 4c 6e 4b 34 41 53 43 |eRPXuAMfqLnK4ASC|
|00006e70| 42 6c 51 56 4f 4e 6c 76 61 78 70 4e 47 56 67 71 |BlQVONlvaxpNGVgq|
|00006e80| 33 72 4f 52 57 33 65 63 63 62 6a 61 79 2b 56 43 |3rORW3eccbjay+VC|
|00006e90| 6b 6c 2f 42 4e 68 44 56 50 2f 35 76 33 57 44 6d |kl/BNhDVP/5v3WDm|
|00006ea0| 55 6c 39 33 6a 57 4e 33 6e 2f 4c 55 35 44 6f 62 |Ul93jWN3n/LU5Dob|
|00006eb0| 42 6e 46 50 41 33 68 55 77 36 2f 72 35 77 79 34 |BnFPA3hUw6/r5wy4|
|00006ec0| 32 54 44 74 34 70 50 55 32 6e 50 59 52 62 6e 53 |2TDt4pPU2nPYRbnS|
|00006ed0| 6e 73 57 4e 69 64 6a 39 72 4a 61 6c 31 6e 51 51 |nsWNidj9rJal1nQQ|
|00006ee0| 4c 63 69 62 76 55 6c 68 51 65 77 47 6d 50 44 75 |LcibvUlhQewGmPDu|
|00006ef0| 72 47 7a 74 78 32 66 4c 34 7a 65 54 37 43 5a 36 |rGztx2fL4zeT7CZ6|
|00006f00| 65 78 77 2b 4f 74 47 4f 63 75 42 35 32 37 2b 4b |exw+OtGOcuB527+K|
|00006f10| 58 65 67 52 41 66 67 5a 2b 38 66 33 33 33 33 2f |XegRAfgZ+8f3333/|
|00006f20| 2f 76 49 4d 51 45 52 45 52 6b 54 6d 4d 42 67 6a |/vIMQERERkTmMBgj|
|00006f30| 45 6d 36 4c 63 67 4e 37 42 38 53 50 66 6b 6a 6f |Em6LcgN7B8SPfkjo|
|00006f40| 2b 6f 42 73 64 38 6b 4f 53 65 59 35 5a 6e 6d 45 |+oBsd8kOSeY5ZnmE|
|00006f50| 43 51 51 4d 6d 34 78 77 44 62 30 49 45 67 69 46 |CQQMm4xwDb0IEgiF|
|00006f60| 4d 78 67 69 66 4f 35 73 33 6a 6c 6a 4d 64 2f 77 |MxgifO5s3jljMd/w|
|00006f70| 49 67 67 46 47 6a 61 59 59 5a 36 30 57 73 66 39 |IggFGjaYYZ60Wsf9|
|00006f80| 6e 55 6e 61 6d 41 49 46 52 45 36 59 46 54 4c 56 |nUnamAIFRE6YFTLV|
|00006f90| 46 50 32 39 52 7a 6b 75 6b 66 51 55 44 78 42 75 |FP29RzkukfQUDxBu|
|00006fa0| 58 64 71 61 65 37 69 7a 36 65 5a 2f 33 57 41 73 |Xdqae7iz6eZ/3WAs|
|00006fb0| 36 66 38 2f 4b 77 74 70 72 62 73 2b 79 54 34 67 |6f8/Kwtprbs+yT4g|
|00006fc0| 73 33 65 42 67 2b 4b 36 62 36 39 65 76 4c 37 6a |s3eBg+K6b69evL7j|
|00006fd0| 73 6c 69 31 62 41 4e 30 42 49 43 49 69 49 76 4a |sli1bAN0BICIiIvJ|
|00006fe0| 69 57 2b 43 67 4f 7a 35 70 72 75 66 4e 41 52 49 |iW+CgOz5prufNARI|
|00006ff0| 78 52 58 30 54 65 35 54 42 7a 70 49 48 2f 37 45 |xRX0Te5TBzpIH/7E|
|00007000| 63 50 34 49 46 44 52 34 58 73 66 39 6e 55 6e 61 |cP4IFDR4Xsf9nUna|
|00007010| 6d 68 51 33 2b 59 62 37 7a 74 72 42 42 36 44 4d |mhQ3+Yb7ztrBB6DM|
|00007020| 62 2f 4d 4f 38 35 33 33 65 59 2f 33 6f 67 33 39 |b/MO8533eY/3og39|
|00007030| 59 61 48 76 4e 37 56 6e 32 43 5a 45 58 67 39 34 |YaHvN7Vn2CZEXg94|
|00007040| 42 49 43 49 69 49 69 49 69 49 72 49 4d 36 41 34 |BICIiIiIiIrIM6A4|
|00007050| 41 45 52 45 52 6b 5a 2b 30 6c 39 6c 62 62 53 66 |AERERkZ+0l9lbbSf|
|00007060| 53 69 38 35 46 52 45 53 6d 55 67 4a 41 52 45 52 |Si85FRESmUgJARER|
|00007070| 45 35 43 63 74 45 62 4e 6c 71 63 38 36 69 34 6a |E5CctEbNlqc86i4j|
|00007080| 49 63 71 42 48 41 45 52 45 52 45 52 45 52 45 53 |IcqBHAERERERERES|
|00007090| 57 41 53 55 41 52 45 52 45 52 45 52 45 52 4a 59 |WASUARERERERERJY|
|000070a0| 42 4a 51 42 45 52 45 52 45 52 45 52 45 6c 67 45 |BJQBERERERERElgE|
|000070b0| 6c 41 45 52 45 52 45 52 45 52 45 53 57 41 53 55 |lAERERERERESWASU|
|000070c0| 41 52 45 52 45 52 45 52 45 52 4a 59 42 4a 51 42 |ARERERERERJYBJQB|
|000070d0| 45 52 45 52 45 52 45 52 45 6c 67 45 6c 41 45 52 |ERERERERElgElAER|
|000070e0| 45 52 45 52 45 52 45 53 57 41 53 55 41 52 45 52 |ERERERESWASUARER|
|000070f0| 45 52 45 52 45 52 4a 59 42 4a 51 42 45 52 45 52 |ERERERJYBJQBERER|
|00007100| 45 52 45 52 45 6c 67 45 6c 41 45 52 45 52 45 52 |ERERElgElAERERER|
|00007110| 45 52 45 53 57 41 53 55 41 52 45 52 45 52 45 52 |ERESWASUARERERER|
|00007120| 45 52 4a 61 42 58 33 7a 2f 2f 66 66 66 50 2b 38 |ERJaBX3z//fffP+8|
|00007130| 67 52 45 52 45 52 45 52 45 52 47 52 75 67 34 4f |gRERERERERGRug4O|
|00007140| 44 53 39 36 48 37 67 41 51 45 52 47 52 35 53 30 |DS96H7gAQERGR5S0|
|00007150| 34 79 4d 44 51 38 50 4f 4f 34 76 6c 5a 37 76 57 |4yMDQ8POO4vlZ7vW|
|00007160| 50 78 54 4e 70 6f 7a 35 61 6d 7a 72 6f 65 79 59 |PxTNpoz5amzroeyY|
|00007170| 42 69 63 52 6d 64 4d 69 4c 50 78 68 36 33 6d 48 |BicRmdMiLPxh63mH|
|00007180| 49 43 79 54 2b 65 51 63 67 49 69 49 69 38 6a 78 |ICyT+eQcgIiIi8jx|
|00007190| 35 6d 71 39 77 31 4c 75 4f 76 2b 78 33 50 75 39 |5mq9w1LuOv+x3Pu9|
|000071a0| 51 70 72 68 48 38 2f 6c 65 7a 4b 55 6c 62 4c 44 |QprhH8/lezKUlbLD|
|000071b0| 38 73 45 64 36 45 65 72 66 31 31 54 44 52 37 63 |8sEd6Eerf11TDR7c|
|000071c0| 44 73 35 5a 6e 6c 52 35 67 58 2b 35 7a 43 47 69 |Ds5ZnlR5gX+5zCGi|
|000071d0| 47 5a 39 4a 47 54 33 72 34 70 74 57 46 79 2b 35 |GZ9JGT3r4ptWFy+5|
|000071e0| 6b 33 78 6f 76 74 2b 70 61 38 65 66 74 5a 4a 74 |k3xovt+pa8eftZJt|
|000071f0| 39 67 66 74 78 74 33 43 79 30 30 4a 35 32 54 70 |9gftxt3Cy00J52Tp|
|00007200| 53 46 68 2b 4e 4c 42 4d 64 6c 32 70 70 74 50 34 |SFh+NLBMdl2pptP4|
|00007210| 48 76 79 2b 31 50 65 39 51 35 41 57 68 42 49 43 |Hvy+1Pe9Q5AWhBIC|
|00007220| 49 69 49 6a 49 43 38 64 48 72 36 75 50 31 43 41 |IiIjIC8dHr6uP1CA|
|00007230| 2f 65 41 4c 67 52 5a 43 32 5a 54 74 76 35 34 2f |/eALgRZC2ZTtv54/|
|00007240| 42 34 33 61 4f 58 66 52 54 57 46 32 45 45 34 68 |B43aOXfRTWF2EE4h|
|00007250| 2f 36 58 6c 48 39 67 79 74 4b 4f 4c 64 50 78 53 |/6XlH9gytKOLdPxS|
|00007260| 4e 2f 32 65 59 2b 2b 35 48 39 4e 74 68 32 30 4c |N/2eY++5H9Nth20L|
|00007270| 33 34 2f 50 53 36 78 34 68 2b 49 7a 44 45 35 48 |34/PS6x4h+IzDE5H|
|00007280| 6c 51 51 6b 41 45 52 45 52 2b 66 6e 7a 39 56 4a |lQQkAERER+fnz9VJ|
|00007290| 62 32 38 6f 74 7a 77 67 68 34 6b 68 31 72 47 58 |b28otzwgh4kh1rGX|
|000072a0| 76 61 35 75 77 54 66 34 6c 35 4b 58 2b 39 42 6c |va5uwTf4l5KX+9Bl|
|000072b0| 61 50 43 4f 45 44 41 6d 73 33 76 67 71 56 63 57 |aPCOEDAms3vgqVcW|
|000072c0| 5a 34 33 38 6f 44 65 4f 36 33 6b 44 74 74 58 37 |Z438oDeO63kDttX7|
|000072d0| 36 51 32 43 77 72 71 52 73 57 78 49 33 36 67 4a |6Q2CwrqRsWxI36gJ|
|000072e0| 73 65 37 63 55 4a 7a 31 38 39 6d 45 58 70 76 56 |se7cUJz189mEXpvV|
|000072f0| 4a 75 4e 6f 65 59 69 35 39 6b 36 6f 38 47 48 57 |JuNoeYi59k6o8GHW|
|00007300| 33 63 71 71 2b 42 35 64 33 44 41 78 4a 5a 47 31 |3cqq+B5d3DAxJZG1|
|00007310| 33 59 72 76 64 78 73 43 57 38 56 6e 74 4f 57 50 |3YrvdxsCW8VntOWP|
|00007320| 79 55 48 2b 69 48 52 64 6a 75 4d 2b 65 6f 59 4e |yUH+iHRdjuM+eoYN|
|00007330| 55 79 74 38 74 78 63 6b 67 58 66 56 4e 31 48 59 |Uyt8txckgXfVN1HY|
|00007340| 4f 4d 44 51 52 78 2b 37 74 46 4b 51 6e 51 73 51 |OMDQRx+7tFKQnQsQ|
|00007350| 59 2f 48 54 55 58 75 46 43 7a 78 41 68 34 6b 69 |Y/HTUXuFCzxAh4ki|
|00007360| 79 5a 58 48 67 6a 55 4b 69 54 7a 69 48 36 47 75 |yZXHgjUKiTziH6Gu|
|00007370| 2f 79 72 6c 72 6a 33 6a 30 33 52 69 47 6c 79 7a |/yrlrj3j03RiGlyz|
|00007380| 6b 62 6e 32 56 66 66 6c 70 77 50 68 4d 76 54 65 |kbn2VfflpwPhMvTe|
|00007390| 56 7a 55 50 75 47 4e 74 71 46 58 75 32 6d 32 69 |VzUPuGNtqFXu2m2i|
|000073a0| 2b 4e 4e 46 57 63 7a 41 6d 6b 32 49 45 67 67 62 |+NNFWczAmk2IEggb|
|000073b0| 69 4d 57 43 32 57 4b 66 50 62 6a 2f 70 34 4c 4e |iMWC2WKfPbj/p4LN|
|000073c0| 4c 48 58 54 33 68 59 2b 35 4d 73 76 4a 33 6e 49 |LHXT3hY+5MsvJ3nI|
|000073d0| 6e 61 62 4e 32 4e 4c 30 64 2b 6b 4f 51 6c 47 62 |nabN2NL0d+kOQlGb|
|000073e0| 6e 6c 35 58 46 72 4c 7a 54 77 4b 6e 47 52 77 79 |nl5XFrLzTwKnGRwy|
|000073f0| 47 34 6b 69 79 5a 62 4b 6e 6f 70 6a 73 70 49 6e |G4kiyZbKnopjspIn|
|00007400| 2b 38 53 30 58 61 6d 37 54 4d 62 37 2f 31 58 6b |+8S0Xam7TMb7/1Xk|
|00007410| 46 4f 49 4f 74 33 4c 4a 73 35 35 33 69 47 54 4f |FOIOt3LJs553iGTO|
|00007420| 6e 51 78 32 63 50 4e 46 42 4d 4b 2b 59 71 75 49 |nQx2cPNFBMK+YquI|
|00007430| 4d 65 48 79 54 4d 35 65 36 36 50 57 4f 77 58 6a |MeHyTM5e66PWOwXj|
|00007440| 5a 76 61 56 5a 45 57 62 6e 77 37 47 6c 76 46 36 |ZvaVZEWbnw7GlvF6|
|00007450| 42 37 56 6f 44 74 33 77 51 71 6a 2f 44 33 36 2b |B7VoDt3wQqj/D36+|
|00007460| 61 32 50 78 36 42 61 55 72 70 70 38 48 64 39 4e |a2Px6BaUrpp8Hd9N|
|00007470| 6c 7a 72 52 4e 6e 4f 74 56 37 4e 6c 66 69 6a 50 |lzrRNnOtV7NlfijP|
|00007480| 59 77 6a 2f 72 2b 79 48 6b 35 66 69 48 5a 38 43 |Ywj/r+yHk5fiHZ8C|
|00007490| 78 6b 54 2b 58 45 37 48 2f 52 57 32 7a 4a 79 33 |xkT+XE7H/RW2zJy3|
|000074a0| 38 38 78 4d 66 6a 76 58 44 64 4c 51 4e 4d 42 53 |88xMfjvXDdLQNMBS|
|000074b0| 4b 49 38 6e 6d 59 4e 2f 2b 49 68 7a 6a 31 38 54 |KI8nmYN/+Ihzj18T|
|000074c0| 4d 2f 70 74 58 6c 6b 2f 4b 39 64 59 59 2b 75 2f |M/ptXlk/K9dYY+u/|
|000074d0| 4d 2f 51 64 59 2b 2f 70 2b 79 74 4d 6a 6e 58 67 |M/QdY+/p+ytMjnXg|
|000074e0| 50 39 53 63 61 6e 2b 34 7a 30 72 4b 48 4c 52 79 |P9Scan+4z0rKHLRy|
|000074f0| 72 36 65 58 2b 64 78 4e 78 37 47 52 66 72 6a 6b |r6eX+dxNx7GRfrjk|
|00007500| 63 59 36 78 74 2f 36 53 46 66 33 37 69 6e 39 34 |cY6xt/6SFf37in94|
|00007510| 48 70 79 30 62 50 7a 64 6c 57 58 69 61 32 38 66 |Hpy0bPzdlWXia28f|
|00007520| 33 6c 30 54 57 39 6d 49 4f 54 65 33 37 50 6a 74 |3l0TW9mIOTe37Pjt|
|00007530| 37 6a 51 2b 34 30 44 6e 52 5a 74 50 37 55 62 52 |7jQ+40DnRZtP7UbR|
|00007540| 34 70 6c 30 37 33 32 56 51 58 56 33 4d 39 4a 36 |4pl0732VQXV3M9J6|
|00007550| 31 73 4e 2b 5a 79 65 75 72 73 67 53 6e 78 52 43 |1sN+ZyeursgSnxRC|
|00007560| 68 48 78 74 78 62 43 30 6b 4c 31 4b 7a 79 37 4b |hHxtxbC0kL1Kzy7K|
|00007570| 6d 42 49 43 49 69 49 6a 38 7a 50 56 77 35 73 51 |mBICIiIj8zPVw5sQ|
|00007580| 33 65 48 4b 33 38 63 63 33 31 6d 41 61 39 64 42 |3eHK38cc31mAa9dB|
|00007590| 38 74 6f 47 6a 5a 2b 45 2f 33 39 67 55 33 73 54 |8toGjZ+E/39gU3sT|
|000075a0| 74 77 66 2f 61 54 76 36 63 62 57 48 55 2f 54 56 |twf/aTv6cbWHU/TV|
|000075b0| 48 7a 7a 5a 78 4c 76 30 41 42 33 49 4e 39 44 58 |HzzZxLv0AB3IN9DX|
|000075c0| 56 63 76 79 32 67 61 4c 58 66 73 33 32 4e 53 5a |Vcvy2gaLXfs32NSZ|
|000075d0| 47 48 37 5a 78 36 6e 77 58 6a 34 5a 54 47 51 56 |GH7Zx6nwXj4ZTGQV|
|000075e0| 67 68 4b 46 68 48 35 30 39 53 56 54 73 4c 79 63 |ghKFhH509SVTsLyc|
|000075f0| 37 44 58 6a 53 77 74 47 7a 76 52 67 4b 58 75 57 |7DXjSwtGzvRgKXuW|
|00007600| 50 57 39 64 67 44 6a 32 67 2b 58 77 54 44 58 30 |PW9dgDj2g+XwTDX0|
|00007610| 6a 4f 45 4c 7a 78 31 54 36 5a 6a 37 33 6a 33 78 |jOELzx1T6Zj73j3x|
|00007620| 4c 36 76 36 4a 67 56 4f 49 72 70 70 61 50 75 33 |L6v6JgVOIrppaPu3|
|00007630| 4c 70 4f 72 74 58 54 69 4d 49 54 7a 58 72 33 44 |LpOrtXTiMITzXr3D|
|00007640| 38 35 4a 65 45 33 71 36 67 4d 47 6c 32 44 49 47 |85JeE3q6gMGl2DIG|
|00007650| 62 56 7a 6e 6e 73 56 4c 31 75 30 6f 63 65 50 6a |bVznnsVL1u0ocePj|
|00007660| 79 6b 33 39 78 70 69 36 44 50 35 56 6c 7a 74 6c |yk39xpi6DP5Vlztl|
|00007670| 53 2f 73 34 72 66 4e 51 63 6f 71 69 79 6b 6e 64 |S/s4rfNQcoqiyknd|
|00007680| 57 78 65 47 2f 32 38 72 4a 53 31 63 34 48 6c 39 |WxeG/28rJS1c4Hl9|
|00007690| 42 56 5a 36 5a 30 50 41 77 77 64 34 48 53 32 69 |BVZ6Z0PAwwd4HS2i|
|000076a0| 72 52 52 6a 71 34 50 67 6e 37 59 78 75 4b 65 47 |rRRjq4Pgn7YxuKeG|
|000076b0| 50 62 32 59 51 50 33 53 58 78 76 4e 66 38 39 46 |Pb2YQP3SXxvNf89F|
|000076c0| 5a 65 48 65 2f 45 2f 4f 30 6a 63 50 74 30 4f 76 |ZeHe/E/O0jcPt0Ov|
|000076d0| 4f 6f 4f 71 33 70 64 6a 77 30 76 72 35 5a 63 35 |OoOq3pdjw0vr5Zc5|
|000076e0| 39 2f 42 6e 4a 36 53 39 54 39 64 75 64 70 42 42 |9/BnJ6S9T9dudpBB|
|000076f0| 75 36 7a 4f 58 4f 76 6a 6a 66 69 63 6d 65 6a 68 |u6zOXOvjjficmejh|
|00007700| 7a 34 67 5a 75 2b 32 62 65 33 70 39 44 6d 73 46 |z4gZu+2be3p9DmsF|
|00007710| 48 56 38 4e 56 50 75 30 5a 49 58 6c 39 68 46 67 |HV8NVPu0ZIXl9hFg|
|00007720| 2b 62 6d 4d 67 64 7a 76 76 46 6d 63 51 2f 36 53 |+bmMgdzvvFmcQ/6S|
|00007730| 46 44 30 2f 32 59 74 36 78 69 2f 2b 56 62 79 58 |FD0/2Yt6xi/+VbyX|
|00007740| 65 31 38 75 46 73 31 39 7a 72 43 36 4f 50 35 57 |e18uFs19zrC6OP5W|
|00007750| 74 6d 56 46 34 68 4b 48 68 59 55 77 68 63 4a 62 |tmVF4hKHhYUwhcJb|
|00007760| 76 77 4f 58 35 46 2f 31 62 44 34 51 48 36 7a 4f |vwOX5F/1bD4QH6zO|
|00007770| 35 6d 7a 6a 54 42 74 76 66 65 6f 4d 43 69 35 2b |5mzjTBtvfeoMCi5+|
|00007780| 4f 6d 69 38 35 56 33 4f 54 72 44 63 4b 65 61 66 |Omi85V3OTrDcKeaf|
|00007790| 55 79 2b 46 72 5a 71 6f 6d 42 35 41 64 73 2f 76 |Uy+FrZqomB5Ads/v|
|000077a0| 66 66 47 30 57 47 69 45 34 2f 49 6a 75 37 31 36 |ffG0WGiE4/Iju716|
|000077b0| 68 2b 72 63 35 70 49 54 75 55 6e 75 79 6d 5a 4f |h+rc5pITuUnuymZO|
|000077c0| 58 30 76 6a 66 46 54 6c 4c 36 4c 39 6a 2f 50 47 |X0vjfFTlL6L9j/PG|
|000077d0| 4e 67 73 6e 39 74 37 74 66 5a 75 2f 72 61 31 6b |Ngsn9t7tfZu/ra1k|
|000077e0| 64 63 66 41 66 46 68 77 65 59 53 67 30 31 37 4a |dcfAfFhweYSg017J|
|000077f0| 37 58 4b 6a 70 4a 58 35 72 4f 58 2f 4a 4e 7a 50 |7XKjpJX5rOX/JNzP|
|00007800| 51 33 63 43 78 53 31 64 70 63 66 79 4b 77 71 45 |Q3cCxS1dpcfyKwqE|
|00007810| 57 6a 73 62 61 39 71 45 52 67 73 4d 6a 30 2f 76 |Wjsba9qERgsMj0/v|
|00007820| 67 74 47 58 6a 31 30 2f 64 58 58 5a 55 56 6e 4a |gtGXj10/dXXZUVnJ|
|00007830| 6f 56 52 77 44 64 37 37 6d 2b 4d 55 72 6e 44 52 |oVRwDd77m+MUrnDR|
|00007840| 57 63 69 6a 58 46 4f 37 37 50 5a 33 55 35 55 32 |WcijXFO77PZ3U5U2|
|00007850| 30 32 51 4f 61 7a 31 2f 6c 31 43 64 66 38 58 5a |02QOaz1/l1Cdf8XZ|
|00007860| 31 45 62 59 6e 30 65 4d 4a 58 7a 73 75 58 41 57 |1EbYn0eMJXzsuXAW|
|00007870| 76 55 72 33 4a 78 73 77 62 38 6d 50 39 6e 65 6c |vUr3Jxswb8mP9nel|
|00007880| 31 5a 33 44 77 37 52 4c 73 42 6c 2b 34 62 35 39 |1Z3Dw7RLsBl+4b59|
|00007890| 76 59 65 56 62 52 61 54 4e 31 59 2f 64 6b 47 79 |vYeVbRaTN1Y/dkGy|
|000078a0| 64 75 2f 31 6c 2b 64 46 4c 41 45 56 45 52 4f 54 |du/1l+dFLAEVEROT|
|000078b0| 6e 72 62 4f 58 62 75 7a 73 4b 56 32 44 43 53 44 |nrbOXbuzsKV2DCSD|
|000078c0| 65 78 72 61 4b 59 69 72 79 72 45 39 76 6f 37 61 |exraKYiryrE9vo7a|
|000078d0| 76 59 30 2b 32 6c 58 67 4d 6d 4f 7a 46 6c 47 57 |vY0+2lXgMmOzFlGW|
|000078e0| 42 79 33 55 50 38 50 42 4e 7a 78 43 72 74 2b 36 |By3UP8PBNzxCrt+6|
|000078f0| 6b 64 49 30 35 76 48 35 56 41 51 65 33 7a 70 78 |kdI05vH5VAQe3zpx|
|00007900| 6a 4e 4c 4a 35 64 79 6b 62 56 6c 6b 78 78 34 4f |jNLJ5dykbVlkxx4O|
|00007910| 6e 37 52 37 39 74 68 79 71 69 74 64 67 6a 67 65 |n7R79thyqitdgjge|
|00007920| 4d 47 57 79 72 66 4a 6e 56 43 34 6c 70 6d 69 36 |MGWyrfJnVC4lpmi6|
|00007930| 2b 36 55 31 67 38 32 76 46 4f 49 77 47 49 42 48 |+6U1g82vFOIwGIBH|
|00007940| 62 6c 6c 4b 32 32 33 79 30 58 50 64 45 6a 41 47 |bllK223y0XPdEjAG|
|00007950| 41 30 52 45 47 76 68 75 47 65 42 75 2f 33 50 38 |A0REGvhuGeBu/3P8|
|00007960| 61 31 64 74 57 52 6d 6b 6f 44 34 33 58 2b 6b 6e |a1dtWRmkoD43X+kn|
|00007970| 64 57 73 71 32 56 53 59 67 45 66 4f 61 49 71 71 |dWsq2VSYgEfOaIqq|
|00007980| 32 6d 6e 46 64 61 32 50 69 4b 45 74 76 71 34 58 |2mnFda2PiKEtvq4X|
|00007990| 78 58 50 73 57 6c 7a 57 48 67 31 73 79 4d 41 48 |xXPsWlzWHg1syMAH|
|000079a0| 78 53 57 73 6f 33 5a 39 44 71 76 74 62 47 68 39 |xSWso3Z9DqvtbGh9|
|000079b0| 48 4b 6d 48 45 57 56 49 51 6e 6f 6d 4f 74 31 4b |HKmHEWVIQnomOt1K|
|000079c0| 77 4c 5a 4f 6b 34 51 53 63 5a 5a 74 49 69 53 66 |wLZOk4QScZZtIiSf|
|000079d0| 63 31 73 55 5a 78 4c 76 76 30 51 75 54 35 32 4a |c1sUZxLvv0QuT52J|
|000079e0| 66 78 54 72 53 6a 41 61 49 74 37 4b 32 72 49 44 |fxTrSjAaIt7K2rID|
|000079f0| 38 57 59 38 66 65 4b 6e 39 70 49 30 2b 2b 79 74 |8WY8feKn9pI0++yt|
|00007a00| 55 6c 34 62 76 65 50 43 30 33 61 50 66 6e 6b 39 |Ul4bvePC03aPfnk9|
|00007a10| 56 76 6a 55 38 71 32 62 4a 59 6b 2b 5a 6e 56 42 |VvjU8q2bJYk+ZnVB|
|00007a20| 6e 46 78 31 4c 71 6a 55 51 47 71 46 2f 61 41 52 |nFx1LqjUQGqF/aAR|
|00007a30| 49 78 72 6d 37 6e 50 63 71 31 6f 58 37 53 6b 51 |Ixrm7nPcq1oX7SkQ|
|00007a40| 7a 2b 6c 39 4d 62 5a 5a 43 55 56 6c 4f 75 45 32 |z+l9MbZZCUVlOuE2|
|00007a50| 4d 61 79 6a 66 76 68 4c 63 44 33 41 52 59 2f 38 |MayjfvhLcD3ARY/8|
|00007a60| 31 4f 6a 67 77 74 66 39 57 35 72 44 61 63 35 66 |1Ojgwtf9W5rDac5f|
|00007a70| 6d 4a 30 2f 33 76 2b 4f 4e 51 72 4c 54 6b 36 50 |mJ0/3v+ONQrLTk6P|
|00007a80| 45 48 59 73 78 41 74 34 68 41 68 68 49 79 64 33 |EHYsxAt4hAhhIyd3|
|00007a90| 4f 4f 39 58 46 35 42 74 2f 69 4c 61 50 49 37 64 |OO9XF5Bt/iLaPI7d|
|00007aa0| 30 31 32 54 66 54 38 6b 75 34 57 43 42 69 64 35 |012TfT8ku4WCBid5|
|00007ab0| 72 37 51 78 4d 62 47 4c 39 48 2f 78 6d 73 73 30 |r7QxMbGL9H/xmss0|
|00007ac0| 79 32 50 5a 47 41 62 6c 44 4c 68 72 76 78 42 69 |y2PZGAblDLhrvxBi|
|00007ad0| 50 50 5a 2f 71 34 6a 58 59 6b 6d 61 32 53 4f 79 |PPZ/q4jXYkma2SOy|
|00007ae0| 2f 4d 38 36 53 41 75 7a 6a 2f 62 53 67 4c 49 74 |/M86SAuzj/bSgLIt|
|00007af0| 55 62 7a 2b 39 51 52 62 51 6a 32 57 35 30 78 30 |Ubz+9QRbQj2W50x0|
|00007b00| 41 49 69 49 69 38 72 50 6d 65 65 69 48 39 45 77 |AIiIi8rPmeeiH9Ew|
|00007b10| 63 55 78 63 6d 5a 62 49 68 66 33 78 39 68 44 49 |cUxcmZbIhf3x9hDI|
|00007b20| 70 53 51 6b 45 76 55 50 41 45 50 30 2b 49 7a 62 |pSQkEvUPAEP0+Izb|
|00007b30| 37 39 44 2f 59 54 66 5a 6b 6b 76 46 50 4c 32 53 |79D/YTfZkkvFPL2S|
|00007b40| 59 63 6b 78 76 6b 4f 52 30 2b 2f 53 42 6a 7a 45 |YckxvkOR0+/SBjzE|
|00007b50| 44 6d 36 57 54 2f 68 68 69 6d 75 57 78 6c 77 47 |Dm6WT/hhimuWxlwG|
|00007b60| 43 75 45 36 65 34 4d 61 4d 56 63 6c 54 5a 31 65 |CuE6e4MaMVclTZ1e|
|00007b70| 6e 78 47 44 61 56 4d 4a 42 37 31 55 75 66 50 77 |nxGDaVMJB71UufPw|
|00007b80| 70 74 59 6b 57 48 48 6c 4f 79 6f 75 7a 35 6a 67 |ptYkWHHlOyouz5jg|
|00007b90| 41 51 50 38 63 64 62 57 53 33 4f 6a 48 41 37 4e |AQP8cdbWS3OjHA7N|
|00007ba0| 6d 4c 57 47 52 62 62 55 41 6b 64 76 53 6a 73 33 |mLWGRbbUAkdvSjs3|
|00007bb0| 53 52 58 38 66 45 47 6c 32 32 54 44 39 33 2f 47 |SRX8fEGl22TD93/G|
|00007bc0| 59 53 4a 33 36 4c 6f 56 45 41 30 5a 67 6c 44 6e |YSJ36LoVEA0ZglDn|
|00007bd0| 4f 42 5a 6b 34 56 6f 42 72 36 69 4b 33 69 78 74 |OBZk4VoBr6iK3ixt|
|00007be0| 70 4c 2f 4e 65 52 63 37 6b 58 51 63 65 62 78 44 |pL/NeRc7kXQcebxD|
|00007bf0| 63 62 52 77 2b 30 6a 59 6a 67 43 58 63 38 51 42 |cbRw+0jYjgCXc8QB|
|00007c00| 67 4c 36 5a 71 52 77 4f 66 6e 76 32 4d 77 79 53 |gL6ZqRwOfnv2MwyS|
|00007c10| 78 4f 74 64 42 2b 59 35 4e 30 63 76 4d 32 2f 2b |xOtdB+Y5N0cvM2/+|
|00007c20| 6d 74 46 6c 61 75 4d 43 30 67 59 44 46 68 48 6e |mtFlauMC0gYDFhHn|
|00007c30| 59 48 78 37 73 78 74 4a 2f 66 66 30 63 50 54 4b |YHx7sxtJ/ff0cPTK|
|00007c40| 74 68 51 41 6a 74 73 6e 5a 66 4d 4d 7a 47 47 68 |thQAjtsnZfMMzGGh|
|00007c50| 6b 73 6d 66 2f 52 6b 35 65 76 4d 72 2f 4f 51 4b |ksmf/Rk5evMr/OQK|
|00007c60| 70 74 67 78 65 4b 58 32 56 41 67 74 30 50 2f 4f |ptgxeKX2VAgt0P/O|
|00007c70| 32 54 38 42 73 4e 55 78 62 6b 72 62 43 42 44 31 |2T8BsNUxbkrbCBD1|
|00007c80| 54 33 72 65 51 6c 44 7a 6a 73 52 4d 4c 35 71 51 |T3reQlDzjsRML5qQ|
|00007c90| 78 2b 6f 65 58 32 68 66 6d 75 76 61 69 2f 38 35 |x+oeX2hfmuvai/85|
|00007ca0| 67 4d 57 50 6d 48 76 32 2b 42 66 52 6a 57 66 61 |gMWPmHv2+BfRjWfa|
|00007cb0| 55 41 42 41 52 45 5a 47 66 4e 56 75 61 43 56 7a |UABAREZGfNVuaCVz|
|00007cc0| 65 47 51 50 59 41 48 35 66 43 4b 50 46 50 48 64 |eGQPYAH5fCKPFPHd|
|00007cd0| 42 41 4b 79 6b 76 68 53 6b 76 79 38 45 36 56 50 |BAKykvhSkvy8E6VP|
|00007ce0| 2b 38 76 59 47 6f 67 35 70 55 36 31 47 42 72 33 |+8vYGog5pU61GBr3|
|00007cf0| 39 54 42 38 79 2b 2f 41 50 78 52 62 54 72 44 2f |9TB8y+/APxRbTrD/|
|00007d00| 51 30 71 32 6b 30 49 65 7a 75 70 4c 53 79 59 46 |Q0q2k0IezupLSyYF|
|00007d10| 73 69 4d 43 51 6a 31 43 69 46 65 69 50 45 49 57 |siMCQj1CiFeiPEIW|
|00007d20| 5a 37 4e 4a 66 38 61 66 53 45 49 45 6e 39 32 69 |Z7NJf8afSEIEn92i|
|00007d30| 73 2b 35 71 6a 74 66 44 6e 38 72 6d 53 41 48 50 |s+5qjtfDn8rmSAHP|
|00007d40| 55 74 63 2f 50 6f 4d 55 63 63 66 41 66 55 2f 6c |Utc/PoMUccfAfU/l|
|00007d50| 35 32 6d 6f 2b 6b 64 73 79 50 47 42 4b 6e 66 30 |52mo+kdsyPGBKnf0|
|00007d60| 53 67 41 57 4c 66 43 36 38 39 41 38 42 55 32 2b |SgAWLfC689A8BU2+|
|00007d70| 64 54 6b 73 6c 79 2f 64 76 6a 74 64 6e 38 76 76 |dTksly/dvjtdn8vv|
|00007d80| 53 6a 4d 6e 59 44 49 6e 35 34 64 76 6d 4a 34 7a |SjMnYDIn54dvmJ4z|
|00007d90| 36 47 52 67 32 4c 50 45 4e 2f 51 62 53 38 6e 66 |6GRg2LPEN/QbS8nf|
|00007da0| 79 62 6a 36 4d 44 74 32 6a 6f 37 36 46 6f 35 2b |ybj6MDt2jo76Fo5+|
|00007db0| 4d 38 64 36 62 42 54 48 74 64 36 6c 74 46 6c 50 |M8d6bBTHtd6ltFlP|
|00007dc0| 2f 74 57 62 79 33 6c 75 46 55 2b 4b 5a 36 4c 39 |/tWby3luFU+KZ6L9|
|00007dd0| 41 78 44 73 7a 49 6b 6b 6d 39 53 58 77 42 41 4d |AxDszIkkm9SXwBAM|
|00007de0| 77 31 33 30 43 4b 35 77 63 65 73 73 4a 6f 33 37 |w130CK5wcessJo37|
|00007df0| 63 50 56 39 7a 37 75 53 58 42 4b 73 72 63 43 79 |cPV9z7uSXBKsrcCy|
|00007e00| 6b 37 53 30 6d 7a 48 67 4a 42 67 48 6a 58 4c 47 |k7S0mzHgJBgHjXLG|
|00007e10| 4d 4d 54 72 6a 53 34 2b 42 34 41 67 51 68 77 45 |MMTrjS4+B4AgQhwE|
|00007e20| 49 41 59 77 47 6d 42 35 70 67 4e 45 67 47 41 7a |IAYwGmB5pgNEgGAz|
|00007e30| 7a 39 34 56 49 69 63 61 6e 6c 6e 37 74 78 4e 79 |z94VIicanln7txNy|
|00007e40| 50 5a 64 6e 54 49 77 41 69 49 69 4c 79 38 35 61 |PZdnTIwAiIiLy85a|
|00007e50| 62 52 56 62 77 48 6e 58 74 67 2b 4d 4c 68 6e 48 |bRVbwHnXtg+MLhnH|
|00007e60| 56 66 63 46 2f 6e 2b 39 34 65 6d 76 76 6e 44 4c |VfcF/n+94emvvnDL|
|00007e70| 59 6e 47 76 45 64 66 55 4b 72 62 37 78 71 55 31 |YnGvEdfUKrb7xqU1|
|00007e80| 66 4c 78 65 75 50 53 4c 61 6c 37 58 74 36 7a 4e |fLxeuPSLal7Xt6zN|
|00007e90| 49 64 72 64 7a 66 50 4b 59 67 33 54 56 64 64 41 |IdrdzfPKYg3TVddA|
|00007ea0| 39 55 57 6a 65 6d 42 49 77 47 73 59 49 54 44 34 |9UWjemBIwGsYITD4|
|00007eb0| 63 6e 63 56 6d 52 34 41 62 64 55 39 6a 48 6e 56 |cncVmR4AbdU9jHnV|
|00007ec0| 2f 7a 64 47 6a 39 54 52 37 49 38 63 77 30 48 53 |/zdGj9TR7I8cw0HS|
|00007ed0| 65 77 38 65 61 63 47 50 41 74 43 49 54 5a 33 6f |ew8eacGPAtCITZ3o|
|00007ee0| 43 77 65 46 6f 33 37 49 66 72 2b 75 31 4a 72 6f |CweFo37Ifr+u1Jro|
|00007ef0| 6d 36 39 72 42 38 61 76 39 70 4f 59 34 59 30 67 |m69rB8av9pOY4Y0g|
|00007f00| 41 78 4e 42 57 51 2f 65 34 31 58 6c 76 51 51 6d |AxNBWQ/e41XlvQQm|
|00007f10| 42 63 46 74 2b 79 34 55 37 54 39 75 79 39 57 77 |BcFt+y4U7T9uy9Ww|
|00007f20| 37 4c 6d 73 6d 72 30 52 35 74 6a 78 6d 75 56 6c |7Lmsmr0R5tjxmuVl|
|00007f30| 6b 42 56 32 63 71 62 38 33 50 6c 4d 37 6a 4f 66 |kBV2cqb83PlM7jOf|
|00007f40| 36 56 39 79 59 32 61 37 47 54 41 36 39 74 5a 47 |6V9yY2a7GTA69tZG|
|00007f50| 55 37 71 76 38 73 2b 6e 42 5a 47 7a 6d 33 6e 5a |U7qv8s+nBZGzm3nZ|
|00007f60| 71 33 52 50 74 4f 6b 6a 72 35 7a 55 63 72 62 76 |q3RPtOkjr5zUcrbv|
|00007f70| 4c 37 49 38 61 54 70 57 49 30 51 43 42 6f 54 6c |L7I8aTpWI0QCBoTl|
|00007f80| 61 34 73 34 56 2f 76 72 42 46 37 51 4f 51 58 78 |a4s4V/vrBF7QOQXx|
|00007f90| 53 4a 74 6b 4f 45 34 62 68 34 58 42 38 69 51 59 |SJtkOE4bh4XB8iQY|
|00007fa0| 4d 77 65 47 6f 62 62 6a 55 4e 6f 75 70 2f 77 37 |MweGobbjUNoup/w7|
|00007fb0| 31 55 6a 4f 31 2f 39 5a 2f 77 58 2b 66 62 59 2b |1UjO1/9Z/wX+fbY+|
|00007fc0| 59 69 67 4a 77 58 62 2f 43 5a 2b 30 7a 68 38 45 |YigJwXb/CZ+0zh8E|
|00007fd0| 6d 62 43 73 53 75 4e 2f 57 69 6d 73 55 49 4d 52 |mbCsSuN/WimsUIMR|
|00007fe0| 41 39 32 32 36 66 42 50 72 65 7a 6a 7a 77 53 6d |A9226fBPrezjzwSm|
|00007ff0| 4f 74 2f 73 68 33 6f 7a 64 6b 55 47 4b 59 52 6a |Ot/sh3ozdkUGKYRj|
|00008000| 2f 36 41 4c 62 33 72 69 53 31 4a 64 38 74 44 52 |/6ALb3riS1Jd8tDR|
|00008010| 50 6e 4f 4e 42 4f 71 34 39 59 48 44 61 52 69 4f |PnONBOq49YHDaRiO|
|00008020| 30 31 31 32 64 37 50 75 6a 76 70 74 38 65 73 31 |0112d7Pujvpt8es1|
|00008030| 48 61 73 36 36 70 37 50 2b 6e 68 35 4f 58 66 65 |Has66p7P+nh5OXfe|
|00008040| 4d 37 79 4f 41 71 37 36 56 64 6c 61 79 4f 58 63 |M7yOAq76VdlayOXc|
|00008050| 70 66 51 45 57 2b 7a 73 7a 54 61 7a 39 57 4a 59 |pfQEW+zszTaz9WJY|
|00008060| 39 33 51 45 67 49 69 49 69 50 32 2f 47 64 52 79 |93QEgIiIiP2/GdRy|
|00008070| 71 39 48 47 73 35 69 4b 48 47 78 4d 77 4d 73 4b |q9HGs5iKHGxMwMsK|
|00008080| 6f 78 63 37 42 2f 59 57 6b 4d 64 2f 4d 48 4e 68 |oxc7B/YWkMd/MHNh|
|00008090| 4b 64 72 46 33 36 44 49 58 6a 70 33 6d 45 6b 43 |KdrF36DIXjp3mEkC|
|000080a0| 69 68 61 4a 74 44 70 49 62 6f 67 7a 42 30 6f 75 |ihaJtDpIbogzB0ou|
|000080b0| 6f 33 68 33 67 57 4e 31 46 44 6a 63 41 4a 4c 43 |o3h3gWN1FDjcAJLC|
|000080c0| 79 77 4d 6c 6d 53 31 74 34 67 44 52 50 54 4a 42 |ywMlmS1t4gDRPTJB|
|000080d0| 46 30 66 6f 4f 6a 6e 39 2b 6d 73 4f 6b 55 76 47 |F0foOjn9+msOkUvG|
|000080e0| 48 58 57 79 6f 4c 4d 46 7a 75 6f 6b 50 6a 72 52 |HXWyoLMFzuokPjrR|
|000080f0| 6a 54 49 52 67 4b 49 47 38 33 62 76 34 35 52 77 |jTIRgKIG83bv45Rw|
|00008100| 44 75 70 54 69 51 6f 72 63 54 58 78 30 35 42 52 |DupTiQorcTXx05BR|
|00008110| 47 77 78 6a 42 78 42 53 4b 70 73 35 4f 7a 6c 48 |GwxjBxBSKps5OzlH|
|00008120| 58 67 36 45 47 7a 68 30 37 7a 54 6b 44 68 45 49 |Xg6EGzh07zTkDhEI|
|00008130| 4a 72 46 37 2f 4b 6c 58 46 73 55 30 68 7a 74 64 |JrF7/KlXFsU0hztd|
|00008140| 57 41 35 31 74 31 44 51 6e 73 44 63 76 63 2b 34 |WA51t1DQnsDcvc+4|
|00008150| 76 41 73 79 55 58 6b 54 31 72 35 73 34 65 65 6b |vAsyUXkT1r5s4eek|
|00008160| 69 68 79 2f 46 51 57 69 4d 4a 4a 74 6a 53 6c 73 |ihy/FQWiMJJtjSls|
|00008170| 74 30 65 53 35 61 4f 52 76 74 38 4f 4c 6b 6e 4e |t0eS5aORvt8OLknN|
|00008180| 65 6f 63 6a 2b 7a 61 7a 48 4c 55 68 79 55 6c 58 |eocj+zazHLUhyUlX|
|00008190| 70 35 66 31 50 72 6e 4c 63 55 6b 35 56 66 68 48 |p5f1PrnLcUk5VfhH|
|000081a0| 56 75 2b 73 35 64 76 35 54 2f 6d 70 49 67 4f 45 |Vu+s5dv5T/mpIgOE|
|000081b0| 52 6a 4c 61 58 4f 62 67 2f 32 76 50 36 41 46 59 |RjLaXObg/2vP6AFY|
|000081c0| 4b 74 36 7a 6b 56 74 33 6e 48 47 34 32 73 76 6e |Kt6zkVt3nHG42svn|
|000081d0| 51 6a 4c 66 6b 5a 37 2f 4b 6e 71 7a 4c 58 44 68 |QjLfkZ7/KnqzLXDh|
|000081e0| 36 69 6f 61 4a 63 31 32 57 48 36 35 76 74 70 50 |6ioaJc12WH65vtpP|
|000081f0| 4e 7a 56 63 35 64 65 51 45 32 44 66 79 6c 2f 30 |NzVc5deQE2Dfyl/0|
|00008200| 52 64 72 2f 55 4e 6c 74 4d 2f 30 31 61 78 64 37 |Rdr/UNltM/01axd7|
|00008210| 58 69 2b 5a 49 46 4e 33 6c 31 6e 55 76 38 52 57 |Xi+ZIFN3l1nUv8RW|
|00008220| 7a 31 7a 72 4b 69 69 6b 36 30 63 54 78 66 35 7a |z1zrKiik60cTxf5z|
|00008230| 41 59 49 42 34 36 30 70 73 6b 38 2b 74 35 31 42 |AYIB460psk8+t51B|
|00008240| 65 64 6f 39 6a 64 5a 2f 7a 31 2b 59 34 47 41 5a |edo9jdZ/z1+Y4GAZ|
|00008250| 7a 54 67 46 37 56 77 41 73 70 4f 30 7a 32 56 50 |zTgF7VwAspO0z2VP|
|00008260| 78 4d 76 38 38 33 38 6a 66 62 73 64 68 77 45 42 |xMv8838jfbsdhwEB|
|00008270| 71 56 68 4a 4a 30 37 59 78 6b 72 66 65 51 4f 4f |qVhJJ07YxkrfeQOO|
|00008280| 4a 30 35 77 4c 51 53 67 55 52 32 72 65 6a 4c 35 |J05wLQSgUR2rejL5|
|00008290| 76 64 35 44 76 62 75 4a 76 7a 53 4d 59 47 43 50 |vd5DvbuJvzSMYGCP|
|000082a0| 30 55 69 70 6c 72 2b 39 67 37 57 53 62 7a 52 33 |0Uiplr+9g7WSbzR3|
|000082b0| 50 39 47 54 44 62 49 76 36 6e 5a 6b 57 2f 67 4c |P9GTDbIv6nZkW/gL|
|000082c0| 36 73 53 78 72 76 2f 6a 2b 2b 2b 2b 2f 66 39 35 |6sSxrv/j++++/f95|
|000082d0| 42 69 49 69 49 69 50 77 6f 52 67 4d 45 34 6b 32 |BiIiIiPwoRgME4k2|
|000082e0| 4c 66 43 6e 5a 4d 49 47 67 41 5a 50 52 4d 50 2b |LfCnZMIGgAZPRMP+|
|000082f0| 6d 55 77 38 5a 44 42 42 76 6a 48 4c 45 42 63 65 |mUw8ZDBBvjHLEBce|
|00008300| 30 30 44 67 57 45 33 65 49 51 44 43 45 79 5a 69 |00DgWE3eIQDCEyZi|
|00008310| 34 67 44 4a 7a 48 50 4e 78 45 2b 2b 66 39 46 50 |4gDJzHPNxE++f9FP|
|00008320| 36 68 31 32 78 44 2f 72 6e 45 67 77 77 61 6a 54 |6h12xD/rnEgwwajT|
|00008330| 39 63 44 4e 59 53 39 6e 2f 44 78 4c 62 55 73 38 |9cDNYS9n/DxLbUs8|
|00008340| 44 53 34 37 72 61 66 2f 31 55 48 76 73 58 77 78 |DS47raf/1UHvsXwx|
|00008350| 73 65 35 4e 44 75 56 4d 33 69 4b 48 2f 50 6d 37 |se5NDuVM3iKH/Pm7|
|00008360| 69 2f 55 74 78 48 48 79 72 61 50 46 4a 6d 32 6a |i/UtxHHyraPFJm2j|
|00008370| 31 57 48 4c 62 64 33 44 38 79 4c 65 6b 6a 69 64 |1WHLbd3D8yLekjid|
|00008380| 69 52 6f 66 38 6b 44 54 39 55 52 78 50 2f 56 6d |iRof8kDT9URxP/Vm|
|00008390| 4f 65 74 66 78 6c 2f 31 4f 49 49 41 2f 6d 49 42 |Oetfxl/1OIIA/mIB|
|000083a0| 35 72 6d 74 71 53 66 45 73 37 6e 66 6d 32 52 31 |5rmtqSfEs7nfm2R1|
|000083b0| 66 58 6d 53 44 67 2f 4f 6c 6b 75 61 6e 52 77 42 |fXmSDg/OlkuanRwB|
|000083c0| 45 52 45 52 6b 2b 56 6a 30 34 42 38 67 63 56 46 |ERERk+Vj04B8gcVF|
|000083d0| 2f 6c 45 63 64 2f 4d 4d 69 59 6c 70 6f 48 49 75 |/lEcd/MMiYlpoHIu|
|000083e0| 4a 32 37 43 6f 51 57 66 66 35 47 4d 48 45 38 63 |J27CoQWff5GMHE8c|
|000083f0| 4d 34 62 37 74 59 64 43 32 6b 6d 69 76 48 34 7a |M4b7tYdC2kmivH4z|
|00008400| 5a 44 7a 32 6f 57 63 72 2b 66 35 44 59 46 6e 63 |ZDz2oWcr+f5DYFnc|
|00008410| 65 70 6c 6c 4d 58 45 2b 2b 34 73 4d 6a 5a 36 6c |epllMXE++4sMjZ6l|
|00008420| 39 47 48 72 61 66 78 2f 2b 6d 7a 75 2b 46 4c 49 |9GHrafx/+mzu+FLI|
|00008430| 64 4d 37 61 4e 6f 66 2f 36 33 59 4f 6b 62 74 79 |dM7aNof/63YOkbty|
|00008440| 30 74 44 73 32 6f 74 58 6a 47 62 64 39 66 46 4b |0tDs2otXjGbd9fFK|
|00008450| 45 39 33 42 4d 59 35 70 37 38 4c 2f 6b 65 42 62 |E93BMY5p78L/keBb|
|00008460| 33 4f 2f 50 73 6a 69 38 2f 64 2b 6f 62 49 69 49 |3O/Psji8/d+obIiI|
|00008470| 69 49 76 4a 4d 70 42 55 58 38 6b 70 76 41 78 39 |iIvJMpBUX8kpvAx9|
|00008480| 39 34 47 47 31 50 52 6d 38 66 64 77 50 57 69 68 |94GG1PRm8fdwPWih|
|00008490| 37 63 39 4d 53 50 77 55 6e 50 36 6f 56 68 56 52 |7c9MSPwUnP6oVhVR|
|000084a0| 73 72 4f 47 6a 54 38 35 77 78 35 5a 47 4b 6f 4f |srOGjT85wx5ZGKoO|
|000084b0| 34 50 47 50 59 74 2b 2b 6b 63 4d 36 58 36 4d 33 |4PGPYt++kcM6X6M3|
|000084c0| 4e 76 4f 6c 58 48 48 72 32 55 59 72 49 49 75 67 |NvOlXHHr2UYrIIug|
|000084d0| 52 41 42 45 52 45 52 46 35 68 73 4a 66 48 65 68 |RABERERF5hsJfHeh|
|000084e0| 32 65 38 47 53 53 65 36 61 4e 41 33 2b 66 36 71 |2e8GSSe6aNA3+f6q|
|000084f0| 43 66 64 7a 70 76 63 63 41 56 68 78 5a 6d 65 48 |CfdzpvccAVhxZmeH|
|00008500| 76 79 2f 38 73 44 65 50 33 42 54 42 59 6b 75 66 |vy/8sDeP3BTBYkuf|
|00008510| 75 71 38 46 42 42 6b 49 6d 55 70 4b 57 65 45 65 |uq8FBBkImUpKWeEe|
|00008520| 47 79 42 49 38 69 30 63 41 6c 41 41 51 45 52 45 |GyBI8i0cAlAAQERE|
|00008530| 52 45 52 45 52 65 63 48 70 48 51 41 69 49 69 49 |RERERecHpHQAiIiI|
|00008540| 69 49 69 49 69 45 68 4d 6c 41 45 52 45 52 45 52 |iIiIiEhMlAERERER|
|00008550| 45 52 45 53 57 41 53 55 41 52 45 52 45 52 45 52 |ERESWASUARERERER|
|00008560| 45 52 4a 59 42 4a 51 42 45 52 45 52 45 52 45 52 |ERJYBJQBERERERER|
|00008570| 45 6c 67 45 6c 41 45 52 45 52 45 52 45 52 45 53 |ElgElAERERERERES|
|00008580| 57 41 53 55 41 52 45 52 45 52 45 52 45 52 4a 59 |WASUARERERERERJY|
|00008590| 42 4a 51 42 45 52 45 52 45 52 45 52 45 6c 67 45 |BJQBERERERERElgE|
|000085a0| 6c 41 45 52 45 52 45 52 45 52 45 53 57 41 53 55 |lAERERERERESWASU|
|000085b0| 41 52 45 52 45 52 45 52 45 52 4a 59 42 4a 51 42 |ARERERERERJYBJQB|
|000085c0| 45 52 45 52 45 52 45 52 45 6c 67 45 6c 41 45 52 |ERERERERElgElAER|
|000085d0| 45 52 45 52 45 52 45 53 57 41 53 55 41 52 45 52 |ERERERESWASUARER|
|000085e0| 45 52 45 52 45 52 4a 59 42 4a 51 42 45 52 45 54 |ERERERJYBJQBERET|
|000085f0| 6b 5a 32 34 59 76 32 2b 51 77 50 4d 4f 34 34 55 |kZ24Yv2+QwPMO44U|
|00008600| 55 77 4f 2f 7a 4d 2f 71 38 77 33 6a 42 6a 51 35 |UwO/zM/q8w3jBjQ5|
|00008610| 35 38 51 64 44 7a 7a 75 4d 48 38 54 7a 72 39 73 |58QdDzzuMH8Tzr9s|
|00008620| 7a 75 44 36 44 67 77 77 4d 44 53 2b 36 6a 50 39 |zuD6DgwwMDS+6jP9|
|00008630| 75 4b 38 31 33 2f 65 4d 72 66 75 42 72 34 6e 45 |uK813/eMrfuBr4nE|
|00008640| 54 37 78 39 72 34 6c 62 39 57 64 36 76 39 79 78 |T7x9r4lb9Wd6v9yx|
|00008650| 35 64 78 32 31 39 58 51 38 67 37 42 6b 2b 56 41 |5dx219XQ8g7Bk+VA|
|00008660| 43 51 45 52 45 52 48 37 6d 2f 73 32 35 59 31 64 |CQERERH7m/s25Y1d|
|00008670| 6f 65 50 79 38 34 33 67 42 50 57 37 6c 32 4c 47 |oePy843gBPW7l2LG|
|00008680| 6d 32 41 59 51 37 68 5a 4f 31 6e 33 4c 77 4f 51 |m2AYQ7hZO1n3LwOQ|
|00008690| 43 4c 37 66 71 72 74 44 73 2f 73 47 69 65 32 46 |CL7fqrtDs/sGie2F|
|000086a0| 30 58 4b 72 6c 57 48 50 66 38 77 37 6a 42 2f 48 |0XKrlWHPf8w7jB/H|
|000086b0| 38 36 37 62 30 36 39 50 54 66 49 55 50 4c 76 31 |867b069PTfIUPLv1|
|000086c0| 37 30 57 56 63 62 56 30 30 4e 48 65 46 2b 2f 5a |70WVcbV00NHeF+/Z|
|000086d0| 43 72 6f 6b 6f 2b 70 70 71 2b 50 75 4a 46 69 4b |Croko+ppq+PuJFiK|
|000086e0| 33 62 42 7a 78 63 78 56 38 30 73 46 6e 4a 38 37 |3bBzxcxV80sFnJ87|
|000086f0| 79 39 77 2f 50 38 46 38 6e 36 6d 6c 39 4d 6b 64 |y9w/P8F8n6ml9Mkd|
|00008700| 79 35 6b 6b 48 46 30 36 66 35 30 4c 50 51 79 35 |y5kkHF06f50LPQy5|
|00008710| 38 66 4a 6e 36 4f 34 4e 4c 6a 46 69 57 69 7a 6e |8fJn6O4NLjFiWizn|
|00008720| 37 6e 6f 69 49 69 49 6a 49 4a 4a 2b 58 58 76 63 |7noiIiIjIJJ+XXvc|
|00008730| 49 77 63 6b 46 77 39 78 33 50 36 4c 66 44 74 75 |IwckFw9x3P6LfDtu|
|00008740| 65 59 31 67 69 53 2b 57 73 66 42 50 6e 73 39 35 |eY1giS+WsfBPns95|
|00008750| 70 61 4a 69 67 30 55 7a 61 7a 4f 57 57 6c 65 53 |paJig0UzazOWWleS|
|00008760| 75 4e 2b 46 63 5a 63 41 7a 4f 6e 4e 74 44 32 63 |uN+FcZcAzOnNtD2c|
|00008770| 2b 61 63 65 2f 70 5a 69 33 63 38 33 34 75 37 2f |+ace/pZi3c834u7/|
|00008780| 69 31 43 64 58 4d 46 58 76 77 6d 6d 63 73 6c 6e |i1CdXMFXvwmmcsln|
|00008790| 77 57 30 35 2b 30 6b 35 77 53 7a 48 62 61 53 65 |wW05+0k5wSzHbaSe|
|000087a0| 34 78 55 54 48 78 53 2f 78 37 7a 2f 41 48 76 75 |4xUTHxS/x7z/AHvu|
|000087b0| 7a 72 6f 6a 38 33 43 67 42 49 43 49 69 49 73 76 |zroj83CgBICIiIsv|
|000087c0| 4c 55 43 2f 31 6c 39 70 70 63 51 38 52 49 6f 35 |LUC/1l9ppcQ8RIo5|
|000087d0| 55 75 34 4f 79 33 55 56 6b 4a 77 31 7a 36 2f 7a |Uu4Oy3UVkJw1z6/z|
|000087e0| 6e 64 47 52 56 63 43 6a 66 42 49 43 6e 71 59 62 |ndGRVcCjfBICnqYb|
|000087f0| 6a 72 6c 53 71 33 69 7a 43 42 75 42 72 35 66 68 |jrlSq3izCBuBr5fh|
|00008800| 70 4c 2f 6e 56 4f 39 6b 51 50 30 68 58 66 52 4f |pL/nVO9kQP0hXfRO|
|00008810| 31 6e 51 4d 4d 68 63 42 67 58 55 6e 5a 37 75 30 |1nQMMhcBgXUnZ7u0|
|00008820| 55 70 43 63 43 50 58 7a 32 59 52 65 6d 39 55 6d |UpCcCPXz2YRem9Um|
|00008830| 34 32 68 35 69 4c 6e 32 54 71 72 77 5a 63 66 68 |42h5iLn2TqrwZcfh|
|00008840| 36 71 61 31 74 35 5a 5a 6e 4a 42 79 48 59 79 31 |6qa1t5ZZnJByHYy1|
|00008850| 37 58 39 75 45 4c 52 35 67 47 4e 66 31 42 6d 71 |7X9uELR5gGNf1Bmq|
|00008860| 76 39 64 4d 2f 73 65 39 74 53 64 79 6f 43 37 44 |v9dM/se9tSdyoC7D|
|00008870| 74 33 56 4b 63 68 48 41 33 58 65 5a 4d 32 38 53 |t3VKchHA3XeZM28S|
|00008880| 78 56 37 46 6e 66 79 6e 4f 70 48 42 5a 54 33 73 |xV7FnfynOpHBZT3s|
|00008890| 6a 35 78 6f 66 68 63 75 2b 6c 4d 4b 47 30 6d 4c |j5xofhcu+lMKG0mL|
|000088a0| 4b 73 35 50 6e 62 5a 72 52 78 7a 63 35 63 36 6d |Ks5PnbZrRxzc5c6m|
|000088b0| 4c 58 75 38 59 47 42 4a 59 6e 56 66 41 33 74 49 |LXu8YGBJYnVfA3tI|
|000088c0| 73 55 70 36 30 38 4d 2f 36 66 67 68 35 4f 66 37 |sUp608M/6fgh5Of7|
|000088d0| 68 47 58 42 73 70 4a 78 57 62 76 6b 67 56 48 2b |hGXBspJxWbvkgVH+|
|000088e0| 47 76 31 38 31 73 66 6e 31 43 6b 70 58 52 44 39 |Gv181sfn1CkpXRD9|
|000088f0| 32 52 2b 30 5a 6d 6f 30 4f 55 74 32 39 64 43 62 |2R+0Zmo0OUt29dCb|
|00008900| 6c 38 35 66 39 61 36 50 55 49 37 4a 70 2b 2f 43 |l85f9a6PUI7Jp+/C|
|00008910| 4f 67 53 47 4a 76 4c 49 64 37 4d 74 4e 42 6a 7a |OgSGJvLId7MtNBjz|
|00008920| 55 6e 32 68 6b 59 4d 73 42 39 75 56 4f 6c 4a 69 |Un2hkYMsB9uVOlJi|
|00008930| 2b 62 46 62 35 6c 79 7a 6b 6c 2b 78 67 54 35 71 |+bFb5lyzkl+xgT5q|
|00008940| 4c 6b 35 2b 33 30 2b 73 62 43 38 64 64 56 6b 4c |Lk5+30+sbC8ddVkL|
|00008950| 35 47 76 4f 55 49 33 74 70 50 66 38 31 64 61 37 |5GvOUI3tpPf81da7|
|00008960| 78 66 75 50 49 35 7a 65 56 7a 73 6b 42 33 70 78 |xfuPI5zeVzskB3px|
|00008970| 74 52 33 67 32 2b 43 4e 76 4b 70 75 48 33 4c 52 |tR3g2+CNvKpuH3LR|
|00008980| 38 6c 30 46 31 39 61 75 4d 4c 72 44 65 38 2f 65 |8l0F19auMLrDe8/e|
|00008990| 4a 36 58 32 75 66 32 4b 2f 6c 53 55 34 4c 59 62 |J6X2uf2K/lSU4LYb|
|000089a0| 78 50 76 63 74 46 32 70 75 30 39 45 33 51 73 68 |xPvctF2pu09E3Qsh|
|000089b0| 67 78 4c 47 31 6b 4a 6e 64 38 69 6b 2f 48 62 56 |gxLG1kJnd8ik/HbV|
|000089c0| 58 75 4e 41 54 72 6d 2b 53 4c 59 73 44 62 78 52 |XuNATrm+SLYsDbxR|
|000089d0| 69 36 37 7a 43 2b 39 64 4e 37 48 75 72 47 4d 66 |i67zC+9dN7HurGMf|
|000089e0| 45 70 6b 39 61 4f 58 62 57 79 2b 62 71 6e 63 54 |Epk9aOXbWy+bqncT|
|000089f0| 58 4c 62 4a 39 76 52 32 63 76 4e 51 2b 33 6e 35 |XLbJ9vR2cvNQ+3n5|
|00008a00| 4a 5a 47 30 76 35 6c 44 2b 52 4f 75 47 36 47 75 |JZG0v5lD+ROuG6Gu|
|00008a10| 2f 79 72 6c 72 6a 33 6a 30 33 52 69 47 6c 79 7a |/yrlrj3j03RiGlyz|
|00008a20| 6b 62 6e 32 56 66 66 6d 7a 68 74 64 7a 78 68 31 |kbn2Vffmzhtdzxh1|
|00008a30| 74 58 4e 7a 58 56 4d 4e 48 76 72 58 38 75 54 78 |tXNzXVMNHvrX8uTx|
|00008a40| 6e 31 72 35 75 6e 62 39 4d 66 54 43 54 51 2f 73 |n1r5unb9MfTCTQ/s|
|00008a50| 4c 73 58 30 58 37 5a 71 64 4c 69 33 64 54 4d 54 |LsX0X7ZqdLi3dTMT|
|00008a60| 70 66 32 4d 4f 76 39 77 43 6b 45 6e 70 7a 48 57 |pf2MOv9wCkEnpzHW|
|00008a70| 2b 45 4d 62 73 66 48 5a 73 79 53 51 46 53 4e 6c |+EMbsfHZsySQFSNl|
|00008a80| 53 67 50 50 32 76 37 6a 6c 41 6d 66 75 6c 4f 33 |SgPP2v7jlAmfulO3|
|00008a90| 36 48 75 46 68 4a 58 75 32 5a 4f 4a 33 64 57 44 |6HuFhJXu2ZOJ3dWD|
|00008aa0| 4f 4c 6d 54 76 37 6d 38 5a 4e 41 51 41 55 35 53 |OLmTv7m8ZNAQAU5S|
|00008ab0| 61 69 69 67 42 49 43 49 69 49 73 76 4b 41 32 6f |aiigBICIiIsvKA2o|
|00008ac0| 2f 2b 5a 6f 37 39 6c 64 34 39 33 63 35 70 49 54 |/+Zo79ld493c5pIT|
|00008ad0| 36 75 46 58 58 77 4b 6c 50 6d 76 69 66 31 63 55 |6uFXXwKlPmvif1cU|
|00008ae0| 34 30 68 4b 6f 36 65 6d 46 66 43 66 67 70 61 50 |40hKo6emFfCfgpaP|
|00008af0| 58 7a 36 67 76 52 4d 63 54 73 4b 32 41 77 4a 30 |Xz6gvRMcTsK2AwJ0|
|00008b00| 48 75 46 5a 6b 55 52 55 66 6f 71 75 6d 6c 6b 2f |HuFZkURUfoqumlk/|
|00008b10| 37 4d 71 6c 36 65 78 63 4f 59 77 6a 50 39 53 73 |7Mql6excOYwjP9Ss|
|00008b20| 63 50 2f 6b 6c 6f 62 63 72 4b 45 77 61 59 57 6a |cP/klobcrKEwaYWj|
|00008b30| 59 52 32 64 50 45 68 58 37 79 38 6d 65 4e 55 37 |YR2dPEhX7y8meNU7|
|00008b40| 70 34 63 79 4a 62 2f 44 6b 62 75 4f 50 62 36 7a |p4cyJb/DkbuOPb6z|
|00008b50| 42 4e 4f 71 68 2b 57 77 44 52 38 2f 43 66 37 36 |BNOqh+WwDR8/Cf76|
|00008b60| 78 43 58 39 54 4c 63 64 76 47 79 68 36 37 64 64 |xCX9TLcdvGyh67dd|
|00008b70| 73 58 32 4e 69 39 47 45 62 70 38 35 33 38 57 67 |sX2Ni9GEbp8538Wg|
|00008b80| 34 4e 66 78 73 73 72 75 4a 4d 32 32 77 2f 61 30 |4NfxssruJM22w/a0|
|00008b90| 33 4b 4c 44 34 36 61 6a 35 6b 6e 4d 31 4e 38 6b |3KLD46aj5knM1N8k|
|00008ba0| 61 4c 33 76 30 74 6f 6e 64 62 2f 32 47 41 6f 75 |aL3v0tondb/2GAou|
|00008bb0| 42 67 54 74 4e 48 4c 2f 34 4a 52 66 32 37 32 4f |BgTtNHL/4JRf272O|
|00008bc0| 50 33 54 42 33 30 7a 78 70 34 65 6a 4a 58 73 77 |P3TB30zxp4ejJXsw|
|00008bd0| 37 64 76 47 2f 38 71 33 45 2b 33 71 35 63 50 5a |7dvG/8q3E+3q5cPZ|
|00008be0| 72 6a 74 58 46 38 61 65 79 51 74 34 70 39 58 4c |rjtXF8aeyQt4p9XL|
|00008bf0| 34 6d 70 6d 71 36 75 4a 77 4d 67 51 4c 4c 73 2b |4mpmq6uJwMgQLLs+|
|00008c00| 2f 36 4e 39 36 59 44 4b 35 30 54 66 50 73 55 65 |/6N96YDK50TfPsUe|
|00008c10| 2f 47 2b 46 52 7a 7a 31 53 79 6f 70 35 7a 37 45 |/G+FRzz1Syop5z7E|
|00008c20| 79 61 6a 33 6d 47 73 61 4d 66 6a 66 43 49 31 63 |yaj3mGsaMfjfCI1c|
|00008c30| 66 7a 73 70 4b 39 71 32 4b 59 36 43 39 67 61 4f |fzspK9q2KY6C9gaO|
|00008c40| 58 47 71 68 50 71 36 52 30 42 51 53 48 52 78 69 |XGqhPq6R0BQSHRxi|
|00008c50| 61 63 64 66 30 31 47 57 54 35 66 66 76 59 31 38 |acdf01GWT5ffvY18|
|00008c60| 36 34 2b 56 72 2b 62 76 46 77 6f 37 39 2b 7a 68 |64+Vr+bvFwo79+zh|
|00008c70| 6b 49 58 77 75 4c 7a 61 78 2b 75 31 64 62 42 69 |kIXwuLzax+u1dbBi|
|00008c80| 66 65 52 32 38 66 5a 76 32 62 63 58 38 73 54 4b |feR28fZv2bcX8sTK|
|00008c90| 44 65 46 38 50 74 57 65 2f 34 61 50 7a 63 62 78 |DeF8PtWe/4aPzcbx|
|00008ca0| 58 75 51 35 54 31 4c 5a 62 51 32 68 34 6d 47 43 |XuQ5T1LZbQ2h4mGC|
|00008cb0| 76 43 31 66 42 71 31 52 76 73 6d 46 7a 4e 2f 46 |vC1fBq1RvsmFzN/F|
|00008cc0| 66 43 36 78 33 33 33 78 39 67 6e 43 66 36 33 56 |fC6x333x9gnCf63V|
|00008cd0| 6e 63 50 44 74 45 75 77 47 48 36 32 66 58 2b 62 |ncPDtEuwGH62fX+b|
|00008ce0| 63 2b 52 5a 57 76 6c 56 45 47 6a 32 63 4f 58 45 |c+RZWvlVEGj2cOXE|
|00008cf0| 44 74 33 30 7a 62 2b 2f 50 49 63 33 67 6f 36 76 |Dt30zb+/PIc3go6v|
|00008d00| 68 4b 70 2b 36 49 64 6b 36 2b 33 69 42 6d 31 63 |hKp+6Idk6+3iBm1c|
|00008d10| 35 35 37 46 53 39 62 74 4b 48 48 6a 34 38 70 4e |557FS9btKHHj48pN|
|00008d20| 2f 63 61 59 75 67 7a 2b 56 4f 62 44 58 74 39 4c |/caYugz+VObDXt9L|
|00008d30| 53 48 63 4b 52 47 2b 35 50 6e 72 61 37 65 46 62 |SHcKRG+5Pnra7eFb|
|00008d40| 6c 73 79 45 65 62 69 32 71 66 59 50 63 71 4c 2f |lsyEebi2qfYPcqL/|
|00008d50| 4c 6a 73 70 4b 44 71 32 4b 59 2b 44 4f 31 78 79 |LjspKDq2KY+DO1xy|
|00008d60| 2f 65 49 57 54 78 6b 6f 4f 35 5a 72 77 64 31 37 |/eIWTxkoO5Zrwd17|
|00008d70| 68 6f 2b 59 51 52 5a 57 56 76 4c 4d 71 44 76 2f |ho+YQRZWVvLMqDv/|
|00008d80| 64 56 6b 35 65 75 73 4c 78 2b 41 71 71 38 73 77 |dVk5eusLx+Aqq8sw|
|00008d90| 78 78 70 30 35 5a 39 63 50 44 51 38 54 2f 47 35 |xxp05Z9cPDQ8T/G5|
|00008da0| 6b 78 6c 49 2f 74 38 37 57 55 4f 50 4c 70 4b 71 |kxlI/t87WUOPLpKq|
|00008db0| 71 45 46 76 38 58 4e 66 73 47 48 39 38 6f 77 42 |qEFv8XNfsGH98owB|
|00008dc0| 7a 78 44 30 76 6b 47 55 64 65 38 71 6d 4c 76 44 |zxD0vkGUde8qmLvD|
|00008dd0| 68 48 7a 4b 53 4d 76 50 38 57 4d 79 59 68 33 74 |hHzKSMvP8WMyYh3t|
|00008de0| 6f 76 4f 34 68 48 34 6a 48 68 44 31 33 55 39 51 |ovO4hH4jHhD13U9Q|
|00008df0| 6b 68 38 67 45 76 51 4e 41 52 45 52 45 6c 6f 2f |kh8gEvQNARERElo/|
|00008e00| 4f 64 6d 34 45 37 65 77 70 79 79 45 6c 48 6a 43 |Odm4E7ewpyyElHjC|
|00008e10| 6d 73 61 48 69 46 66 4b 44 4c 68 6f 36 51 36 54 |msaHiFfKDLho6Q6T|
|00008e20| 6b 5a 35 44 36 38 41 46 64 41 4c 34 65 75 6b 4f |kZ5D68AFdAL4eukO|
|00008e30| 5a 46 44 6f 43 64 48 64 36 67 52 44 64 76 54 35 |ZFDoCdHd6gRDdvT5|
|00008e40| 57 5a 32 55 42 58 58 7a 54 6d 38 44 6d 31 34 70 |WZ2UBXXzTm8Dm14p|
|00008e50| 78 47 41 31 41 49 72 59 74 70 57 79 33 2b 57 69 |xGA1AIrYtpWy3+Wi|
|00008e60| 35 50 76 46 69 4c 79 4f 62 64 35 65 79 59 5a 55 |5PvFiLyObd5eyYZU|
|00008e70| 56 38 38 77 70 6c 38 35 65 75 72 47 7a 70 33 52 |V88wpl85eurGzp3R|
|00008e80| 4e 65 4d 41 58 62 32 4e 62 52 54 45 56 65 56 61 |NeMAXb2NbRTEVeVa|
|00008e90| 43 65 50 69 6d 5a 34 6a 56 57 33 64 53 75 73 5a |CePimZ4jVW3dSusZ|
|00008ea0| 4d 50 41 5a 4d 71 77 6f 34 75 44 56 6c 2b 6a 35 |MPAZMqwo4uDVl+j5|
|00008eb0| 43 49 2f 51 50 6a 51 44 4a 4f 48 65 58 38 31 37 |CI/QPjQDJOHeX817|
|00008ec0| 46 4f 6b 7a 6a 5a 52 30 6c 4f 79 6d 77 4a 41 49 |FOkzjZR0lOymwJAI|
|00008ed0| 47 55 72 4a 4c 32 4a 4d 48 37 64 64 37 6f 6a 61 |GUrJL2JMH7dd7oja|
|00008ee0| 4e 70 2b 30 65 2f 66 5a 38 71 76 4b 74 34 52 6b |Np+0e/fZ8qvKt4Rk|
|00008ef0| 69 53 78 5a 37 79 75 79 45 4f 72 74 69 66 42 34 |iSxZ7yuyEOrtifB4|
|00008f00| 36 74 6d 4d 6e 72 53 2f 69 51 46 34 6d 4b 55 6d |6tmMnrS/iQF4mKUm|
|00008f10| 4a 55 65 6f 52 58 56 4c 75 4a 72 61 74 4d 67 47 |JUeoRXVLuJratMgG|
|00008f20| 4a 70 4f 51 58 73 74 6b 36 68 4d 73 56 2b 32 76 |JpOQXstk6hMsV+2v|
|00008f30| 6b 6b 6e 49 33 73 53 30 39 63 62 78 38 50 73 36 |kknI3sS09cbx8Ps6|
|00008f40| 58 52 6a 44 6e 46 49 37 48 6e 59 68 74 69 35 4e |XRjDnFI7HnYhti5N|
|00008f50| 63 51 7a 38 64 72 71 64 6c 44 46 6b 62 71 64 36 |cQz8drqdlDFkbqd6|
|00008f60| 53 67 51 6d 49 74 2b 53 77 35 39 66 2f 41 37 4f |SgQmIt+Sw59f/A7O|
|00008f70| 72 69 36 39 38 4d 62 61 64 50 5a 2f 71 34 6a 58 |ri698MbadPZ/q4jX|
|00008f80| 59 6b 6b 79 4c 71 48 65 4d 66 51 49 6a 7a 70 49 |YkkyLqHeMfQIjzpI|
|00008f90| 43 37 45 59 44 78 46 73 70 4b 4d 73 69 31 64 74 |C7EYDxFspKMsi1dt|
|00008fa0| 50 62 35 44 4a 50 72 65 76 59 68 31 70 34 2b 76 |Pb5DJPrevYh1p4+v|
|00008fb0| 58 6c 68 57 51 2f 31 4b 55 68 68 6f 64 59 65 43 |XlhWQ/1KUhhodYeC|
|00008fc0| 37 59 59 69 33 38 63 76 39 72 31 47 39 62 53 57 |7YYi38cv9r1G9bSW|
|00008fd0| 51 51 32 47 75 67 54 76 64 76 65 4d 62 33 61 50 |QQ2GugTvdveMb3aP|
|00008fe0| 6c 7a 68 6a 4f 54 55 39 6e 7a 78 66 65 76 6e 48 |lzhjOTU9nzxfevnH|
|00008ff0| 6b 6c 75 35 36 65 6b 36 7a 53 7a 68 59 59 4b 4c |klu56ek6zSzhYYKL|
|00009000| 33 57 6a 73 44 65 47 69 38 31 6b 2f 71 31 74 4c |3WjsDeGi81k/q1tL|
|00009010| 4a 39 65 59 31 52 56 52 74 4e 65 4f 36 31 6b 62 |J9eY1RVRtNeO61kb|
|00009020| 45 31 2b 68 46 6a 48 73 68 51 74 79 76 76 30 7a |E1+hFjHshQtyvv0z|
|00009030| 4e 6b 7a 54 32 76 6c 36 4d 49 33 36 38 2f 59 77 |NkzT2vl6MI368/Yw|
|00009040| 4f 44 6b 79 39 5a 69 74 7a 57 4f 32 35 53 2f 4f |ODky9ZitzWO25S/O|
|00009050| 54 42 65 34 2b 71 67 44 75 37 6c 5a 71 61 37 2f |TBe4+qgDu7lZqa7/|
|00009060| 67 6e 2f 39 73 78 57 56 66 78 2f 62 30 47 5a 74 |gn/9sxWVfx/b0GZt|
|00009070| 59 43 6a 6a 30 61 77 66 78 6e 51 31 63 63 76 66 |YCjj0awfxnQ1ccvf|
|00009080| 54 65 50 6f 71 7a 57 36 39 41 30 42 69 6f 7a 73 |TePoqzW69A0Biozs|
|00009090| 41 52 45 52 45 5a 4e 6e 77 50 50 52 44 65 75 62 |AREREZNnwPPRDeub|
|000090a0| 54 57 35 63 42 57 49 4d 6a 76 5a 6e 47 68 33 32 |TW5cBWIMjvZnGh32|
|000090b0| 51 6c 30 4f 75 35 51 72 64 62 6e 41 38 66 6b 54 |Ql0Ou5QrdbnA8fkT|
|000090c0| 41 76 70 48 53 72 41 41 74 31 33 73 4a 59 4b 48 |AvpHSrAAt13sJYKH|
|000090d0| 37 6f 51 58 6e 61 79 5a 34 37 47 57 41 49 4b 36 |7oQXnayZ47GWAIK6|
|000090e0| 54 4a 37 67 78 34 78 6a 4a 55 2f 39 59 6e 32 50 |TJ7gx4xjJU/9Yn2P|
|000090f0| 43 50 57 49 63 53 5a 6c 73 79 41 66 6f 6f 4e 39 |CPWIcSZlsyAfooN9|
|00009100| 6e 78 47 61 66 50 68 77 30 32 5a 4e 4a 5a 76 78 |nxGafPhw02ZNJZvx|
|00009110| 4e 35 66 5a 69 71 6e 59 30 38 4f 6e 5a 7a 7a 68 |N5fZiqnY08OnZzzh|
|00009120| 4d 45 71 74 7a 48 5a 54 76 32 41 54 30 30 75 38 |MEqtzHZTv2AT00u8|
|00009130| 44 56 39 31 70 44 74 66 4e 4f 4b 68 39 4c 48 72 |DV91pDtfNOKh9LHr|
|00009140| 62 65 49 50 67 62 75 50 77 6b 62 59 5a 61 31 4a |beIPgbuPwkbYZa1J|
|00009150| 6a 66 43 4e 36 66 30 7a 48 6a 70 38 36 2f 7a 52 |jfCN6f0zHjp86/zR|
|00009160| 6e 50 61 4b 62 74 67 2b 73 70 43 5a 42 68 7a 66 |nPaKbtg+spCZBhzf|
|00009170| 32 41 64 44 30 38 6e 45 51 44 2b 59 56 55 36 64 |2AdD08nEQD+YVU6d|
|00009180| 5a 54 63 51 62 49 54 54 6c 54 67 4a 7a 6b 6d 58 |ZTcQbITTlTgJzkmX|
|00009190| 36 54 6c 59 6b 59 2b 59 42 77 65 41 69 32 6d 37 |6TlYkY+YBweAi2m7|
|000091a0| 42 39 65 36 66 76 30 39 4d 6d 4e 72 6e 4c 47 62 |B9e6fv09MmNrnLGb|
|000091b0| 4d 33 4b 50 66 4e 31 66 66 7a 38 53 78 41 6c 7a |M3KPfN1ffz8SxAlz|
|000091c0| 4d 5a 74 70 55 77 6b 48 76 56 53 35 38 2f 43 6d |MZtpUwkHvVS58/Cm|
|000091d0| 31 69 52 59 63 65 55 37 4b 69 37 4d 41 63 42 54 |1iRYceU7Ki7MAcBT|
|000091e0| 59 53 54 6e 65 51 30 73 77 68 30 4a 33 46 78 31 |YSTneQ0swh0J3Fx1|
|000091f0| 47 4f 32 39 50 6d 58 35 65 65 50 73 6d 59 4c 5a |GO29PmX5eePsmYLZ|
|00009200| 4f 76 31 6a 53 56 70 69 67 5a 34 54 67 6e 48 57 |Ov1jSVpigZ4TgnHW|
|00009210| 33 6b 74 7a 6f 78 77 50 6a 64 36 54 4d 48 33 66 |3ktzoxwPjd6TMH3f|
|00009220| 73 42 72 68 78 32 38 4b 4f 36 70 32 54 6a 32 56 |sBrhx28KO6p2Tj2V|
|00009230| 34 48 76 72 42 31 38 2f 52 49 7a 4e 62 79 34 6a |4HvrB18/RIzNby4j|
|00009240| 74 6d 58 35 45 59 5a 44 32 35 69 35 63 39 6d 33 |tmX5EYZD25i5c9m3|
|00009250| 73 66 54 4d 44 32 2f 52 32 41 6e 67 41 41 43 41 |sfTMD2/R2AngAACA|
|00009260| 41 53 55 52 42 56 45 53 69 62 41 62 7a 6d 69 4b |ASURBVESibAbzmiK|
|00009270| 71 31 68 52 78 36 2b 77 58 65 48 49 43 74 4a 79 |q1hRx6+wXeHICtJy|
|00009280| 74 78 62 55 37 66 4d 65 45 53 44 52 4b 41 49 69 |txbU7fMeESDRKAIi|
|00009290| 49 69 4d 69 79 59 55 73 7a 67 63 73 37 59 39 44 |IiMiyYUszgcs7Y9D|
|000092a0| 67 34 62 34 50 55 76 4c 53 41 41 4e 4f 65 78 78 |g4b4PUvLSAANOexx|
|000092b0| 6e 75 75 2f 53 2f 6a 68 41 64 6e 45 6d 32 48 33 |nuu/S/jhAdnEm2H3|
|000092c0| 59 4c 39 36 6a 2b 36 34 66 56 31 6f 47 46 55 62 |YL96j+64fV1oGFUb|
|000092d0| 41 61 43 57 46 50 70 7a 56 6c 5a 52 4f 6a 67 74 |AaCWFPpzVlZROjgt|
|000092e0| 44 42 49 5a 38 68 42 4b 74 51 50 38 69 34 67 6a |DBIZ8hBKtQP8i4gj|
|000092f0| 67 39 34 55 77 57 71 79 6b 76 68 53 6b 76 79 38 |g94UwWqykvhSkvy8|
|00009300| 45 36 56 4d 47 52 64 37 41 6c 4b 47 65 67 62 54 |E6VMGRd7AlKGegbT|
|00009310| 38 6e 62 79 62 44 36 4e 44 39 2b 69 6f 62 2b 48 |8nbybD6ND9+iob+H|
|00009320| 6f 4a 32 4f 38 39 32 59 47 71 53 2f 46 59 53 77 |oJ2O892YGqS/FYSw|
|00009330| 39 79 49 48 73 70 30 56 48 68 37 77 45 44 54 4d |9yIHsp0VHh7wEDTM|
|00009340| 47 73 44 4f 6b 57 6f 30 59 45 76 50 35 33 78 56 |GsDOkWo0YEvP53xV|
|00009350| 54 6e 6f 4d 65 39 54 4d 77 62 47 44 6d 50 48 4e |TnoMe9TMwbGDmPHN|
|00009360| 6b 31 6b 55 63 65 36 35 36 46 4d 52 34 7a 4a 6d |k1kUce656FMR4zJm|
|00009370| 53 53 58 30 4a 50 4d 46 6e 2f 79 78 30 4d 44 54 |SSX0JPMFn/yx0MDT|
|00009380| 6a 44 6f 4e 67 67 46 48 41 59 4a 69 2f 37 57 62 |jDoNggFHAYJi/7Wb|
|00009390| 50 55 69 2b 30 33 72 48 30 69 65 67 69 39 7a 6b |PUi+03rH0iegi9zk|
|000093a0| 76 2f 55 4e 41 68 45 63 41 77 45 78 32 36 61 2f |v/UNAhEcAwEx26a/|
|000093b0| 34 55 32 6d 49 77 4a 4e 37 4e 4e 5a 39 7a 64 46 |4U2mIwJN7NNZ9zdF|
|000093c0| 61 2b 48 4e 35 46 71 7a 59 78 47 62 62 5a 39 79 |a+HN5FqzYxGbbZ9y|
|000093d0| 34 33 6f 66 5a 32 34 64 74 66 66 48 73 6c 39 30 |43ofZ24dtffHsl90|
|000093e0| 74 79 42 69 6a 4d 37 37 69 46 77 69 4f 41 48 45 |tyBijM77iFwiOAHE|
|000093f0| 59 35 71 70 37 6e 35 39 42 69 33 6e 61 34 48 2f |Y5qp7n59Bi3na4H/|
|00009400| 65 75 47 4e 6d 77 65 45 49 30 48 43 32 43 55 64 |euGNmweEI0HC2CUd|
|00009410| 31 4d 58 62 47 32 38 2b 61 79 58 74 76 46 55 34 |1MXbG28+ayXtvFU4|
|00009420| 35 52 78 50 58 62 4b 52 64 57 4d 6c 79 52 4c 2f |5RxPXbKRdWMlyRL/|
|00009430| 6d 49 6b 74 6b 74 64 33 4f 36 6f 49 31 32 4f 5a |mIktktd3O6oI12OZ|
|00009440| 38 4a 38 54 45 63 63 32 41 41 56 76 2b 4c 74 5a |8J8TEcc2AAVv+LtZ|
|00009450| 36 7a 6e 44 6d 7a 67 50 49 58 57 69 79 51 35 59 |6znDmzgPIXWiyQ5Y|
|00009460| 62 50 51 49 67 49 69 49 69 79 30 64 75 46 6c 6e |bPQIgIiIiy0duFln|
|00009470| 42 65 39 52 65 39 34 7a 50 7a 41 37 6a 71 6d 2f |Be9Re94zPzA7jqm/|
|00009480| 69 52 6e 41 6c 72 2b 53 46 42 78 65 32 39 54 5a |iRnAlr+SFBxe29TZ|
|00009490| 77 74 33 48 44 61 79 58 58 44 72 43 57 66 4c 75 |wt3HDayXXDrCWfLu|
|000094a0| 58 72 78 72 37 4d 4e 75 7a 78 6f 65 56 57 57 78 |Xrxr7MNuzxoeVWWx|
|000094b0| 32 42 4c 68 52 31 7a 48 35 57 62 78 52 39 39 63 |2BLhR1zH5WbxR99c|
|000094c0| 63 50 56 70 50 73 7a 66 32 4f 4f 72 61 4a 32 61 |cPVpPszf2OOraJ2a|
|000094d0| 74 68 33 48 56 66 63 46 2f 6e 2b 39 67 67 41 77 |th3HVfcF/n+9ggAw|
|000094e0| 32 35 78 70 78 58 62 31 43 71 32 39 38 61 74 48 |25xpxXb1Cq298atH|
|000094f0| 58 79 34 56 72 6a 35 69 63 61 4c 78 7a 68 62 39 |Xy4Vrj5icaLxzhb9|
|00009500| 2b 38 41 57 74 51 78 43 66 6c 45 6d 32 77 34 52 |+8AWtQxCflEm2w4R|
|00009510| 68 65 4a 68 52 4d 74 69 63 6d 30 42 33 59 78 4f |heJhRMticm0B3YxO|
|00009520| 75 69 61 6c 6e 58 77 65 6e 50 72 37 4d 42 64 66 |uialnXwenPr7MBdf|
|00009530| 4d 5a 35 79 6e 73 36 2f 50 77 4e 7a 62 54 71 31 |MZ5yns6/PwNzbTq1|
|00009540| 37 59 69 51 32 53 4f 76 6e 4e 52 79 74 75 78 76 |7YiQ2SOvnNRytuxv|
|00009550| 2b 52 6e 75 69 41 55 4e 77 65 4d 71 41 4d 78 47 |+RnuiAUNweMqAMxG|
|00009560| 6a 41 51 4a 44 45 30 73 57 63 65 77 35 36 77 47 |jAQJDE0sWcew56wG|
|00009570| 75 36 31 66 34 72 48 32 68 33 30 6b 33 59 56 75 |u61f4rH2h30k3YVu|
|00009580| 52 77 50 32 32 31 76 45 59 51 67 78 30 33 36 62 |RwP221vEYQgx036b|
|00009590| 4c 74 38 44 64 52 42 44 73 62 4f 58 43 78 4b 66 |Lt8DdRBDsbOXCxKf|
|000095a0| 57 52 72 32 30 58 75 7a 68 76 6a 57 54 7a 53 74 |WRr20XuzhvjWTzSt|
|000095b0| 69 61 4c 75 5a 46 6c 7a 76 47 50 72 45 66 48 4b |iaLuZFlzvGPrEfHK|
|000095c0| 7a 79 41 71 36 4f 46 4e 2f 62 37 4c 76 65 36 35 |zyAq6OFN/b7Lve65|
|000095d0| 2f 78 59 30 35 2b 75 74 41 30 33 6b 4f 48 32 76 |/xY05+utA03kOH2v|
|000095e0| 43 6a 51 48 54 69 6b 79 63 36 51 6b 45 68 79 66 |CjQHTikyc6QkEhyf|
|000095f0| 71 5a 79 49 2f 4e 34 58 2b 6e 71 76 55 39 31 70 |qZyI/N4X+nqvU91p|
|00009600| 77 35 69 30 31 32 54 4a 43 65 39 31 56 75 73 62 |w5i012TJCe91Vusb|
|00009610| 72 4e 75 71 37 79 61 66 58 66 4b 54 6d 72 43 4e |rNuq7yafXfKTmrCN|
|00009620| 74 6f 75 37 58 6d 69 62 58 34 2b 76 67 2b 4e 56 |tou7XmibX4+vg+NV|
|00009630| 2b 55 6e 4f 63 73 78 49 41 30 65 4f 4f 56 51 4c |+UnOcsxIA0eOOVQL|
|00009640| 35 6c 65 56 55 57 4f 35 78 36 6b 51 4c 62 67 69 |5leVUWO5x6kQLbgi|
|00009650| 33 33 31 41 76 4e 56 4f 76 32 66 6f 76 2b 4f 2b |331AvNVOv2fov+O+|
|00009660| 7a 37 5a 48 54 66 53 2b 6c 6b 57 74 64 54 4c 73 |z7ZHTfS+lkWtdTLs|
|00009670| 6b 6b 47 70 66 53 61 6f 78 79 69 61 2b 44 6b 34 |kkGpfSaoxyia+Dk4|
|00009680| 65 71 2b 46 55 35 38 53 31 39 34 41 4f 39 77 69 |eq+FU58S194AO9wi|
|00009690| 70 71 7a 49 57 63 54 78 5a 62 6e 51 48 67 49 69 |pqzIWcTxZbnQHgIi|
|000096a0| 49 69 43 77 66 78 6e 55 63 65 6e 32 4d 6b 35 2f |IiCwfxnUcen2Mk5/|
|000096b0| 2f 69 37 38 31 78 32 46 67 44 43 77 72 32 66 33 |/i781x2FgDCwr2f3|
|000096c0| 36 44 74 5a 4f 62 4a 50 75 77 42 46 30 30 57 46 |6DtZObJPuwBF00WF|
|000096d0| 33 6a 69 38 7a 6b 4a 74 6c 6f 61 5a 78 68 4b 4c |3ji8zkJtloaZxhKL|
|000096e0| 38 69 61 6c 53 45 38 37 4b 45 6a 79 6e 6d 2f 6a |8ialSE87KEjynm/j|
|000096f0| 67 53 44 76 47 52 41 69 47 45 73 6a 62 76 59 74 |gSDvGRAiGEsjbvYt|
|00009700| 66 7a 6e 78 65 64 36 34 34 4b 6e 30 63 71 37 6e |fznxed644Kn0cq7n|
|00009710| 49 34 63 59 45 6a 49 77 77 61 72 46 7a 63 48 39 |I4cYEjIwwarFzcH9|
|00009720| 68 65 43 61 31 5a 42 64 37 68 79 35 7a 34 64 68 |heCa1ZBd7hy5z4dh|
|00009730| 70 4c 67 45 6b 57 69 6a 61 35 69 43 35 59 66 77 |pLgEkWija5iC5Yfw|
|00009740| 50 2f 75 78 58 32 5a 4e 31 6d 51 74 48 54 39 45 |P/uxX2ZN1mQtHT9E|
|00009750| 77 63 65 79 79 2f 47 6c 6c 54 2f 37 6a 46 50 47 |wceyy/GllT/7jFPG|
|00009760| 4a 45 42 77 32 73 4c 71 67 68 4b 72 35 62 67 31 |JEBw2sLqghKr5bg1|
|00009770| 4f 4c 36 4a 36 64 7a 33 48 7a 6e 2f 4b 58 77 30 |OL6J6dz3Hzn/KXw0|
|00009780| 4a 4d 44 79 43 30 66 59 79 42 2f 65 50 50 35 75 |JMDyC0fYyB/ePP5u|
|00009790| 65 37 57 52 7a 38 31 56 4f 48 54 6b 42 39 6f 33 |e7WRz81VOHTkB9o3|
|000097a0| 38 5a 62 2b 54 77 69 30 72 75 56 58 33 4f 59 65 |8Zb+Twi0ruVX3OYe|
|000097b0| 62 6a 57 77 2b 74 4a 2f 79 68 52 35 37 7a 6e 72 |bjWw+tJ/yhR57znr|
|000097c0| 63 35 61 76 72 58 75 49 72 5a 73 2f 76 7a 73 64 |c5avrXuIrZs/vzsd|
|000097d0| 52 56 6b 7a 52 69 53 61 4f 2f 2b 4d 45 42 67 50 |RVkzRiSaO/+MEBgP|
|000097e0| 45 57 31 64 69 69 2f 61 63 65 34 79 53 63 39 5a |EW1dii/ace4ySc9Z|
|000097f0| 41 63 79 32 48 4c 77 47 68 4d 51 7a 57 4b 65 64 |Acy2HLwGhMQzWKed|
|00009800| 72 6e 72 61 62 39 58 44 43 49 75 70 74 6d 36 39 |rnrab9XDCIuptm69|
|00009810| 50 7a 47 65 79 7a 7a 58 79 74 39 73 54 64 58 71 |PzGeyzzXyt9sTdXq|
|00009820| 46 49 76 73 33 73 78 35 6a 41 55 67 70 4c 71 54 |FIvs3sx5jAUgpLqT|
|00009830| 49 33 63 52 48 52 30 35 68 4e 49 77 52 54 45 79 |I3cRHR05hNIwRTEy|
|00009840| 68 61 4d 6f 64 44 71 5a 4e 4f 65 51 32 66 38 4f |haModDqZNOeQ2f8O|
|00009850| 64 72 48 77 4b 6f 77 31 57 59 77 75 4f 76 50 58 |drHwKow1WYwuOvPX|
|00009860| 51 38 50 46 70 7a 67 47 68 55 42 79 70 65 61 39 |Q8PFpzgGhUBypea9|
|00009870| 53 56 52 79 2b 33 6d 77 6c 75 7a 67 59 61 75 44 |SVRy+3mwluzgYauD|
|00009880| 63 73 64 4f 63 4d 30 41 6f 6c 4d 44 71 39 55 2f |csdOcM0AolMDq9U/|
|00009890| 58 4c 79 54 75 32 4a 6e 5a 73 4c 2b 45 2b 38 63 |XLyTu2JnZsL+E+8c|
|000098a0| 61 4f 48 58 57 7a 4e 76 37 6e 62 4f 76 32 61 52 |aOHXWzNv7nbOv2aR|
|000098b0| 56 37 48 32 39 4b 4d 4a 64 43 4e 42 33 2b 79 61 |V7H29KMJdCNB3+ya|
|000098c0| 58 4f 71 32 6b 5a 4a 65 53 48 57 48 39 33 4f 37 |XOq2kZJeSHWH93O7|
|000098d0| 52 57 48 63 44 2f 7a 59 62 37 32 79 4a 65 47 74 |RWHcD/zYb72yJeGt|
|000098e0| 47 2b 42 30 41 75 77 63 35 56 76 63 35 4e 53 48 |G+B0Auwc5Vvc5NSH|
|000098f0| 67 53 41 50 4a 4f 61 39 51 76 55 6d 33 2f 38 76 |gSAPJOa9QvUm3/8v|
|00009900| 38 66 76 48 39 39 39 39 2f 2f 37 79 44 45 42 45 |8fvH9999//7yDEBE|
|00009910| 52 45 66 6e 52 6a 51 59 49 78 4a 75 65 77 59 33 |REfnRjQYIxJuewY3|
|00009920| 69 77 77 53 43 42 6b 7a 47 4b 47 2f 59 58 33 51 |iwwSCBkzGKG/YX3Q|
|00009930| 63 38 2b 30 37 52 43 41 59 77 6d 53 4d 39 4a 78 |c8+07RCAYwmSM9Jx|
|00009940| 77 74 48 58 7a 43 41 59 59 4e 5a 71 57 4d 46 4f |wtHXzCAYYNZqWMFO|
|00009950| 30 30 47 50 50 32 50 35 78 45 2b 39 66 69 75 50 |00GPP2P5xE+9fiuP|
|00009960| 67 57 30 56 4c 76 4c 58 38 42 7a 44 71 78 34 39 |gW0VLvLX8BzDqx49|
|00009970| 35 39 6f 73 64 4a 79 79 6f 37 52 5a 54 37 79 58 |59osdJyyo7RZT7yX|
|00009980| 32 74 77 58 48 4f 4e 66 78 65 6a 6a 7a 51 52 76 |2twXHONfxejjzQRv|
|00009990| 47 79 6d 66 37 37 66 6e 52 49 54 38 6b 6d 65 65 |Gymf77fnRIT8kmee|
|000099a0| 49 62 53 48 39 36 68 6d 30 30 31 79 65 32 57 2f |IbSH96hm001ye2W/|
|000099b0| 48 30 74 30 36 65 78 6e 32 37 32 4c 44 38 77 35 |H0t06exn272LD8w5|
|000099c0| 45 66 68 53 44 67 30 74 2f 32 61 50 75 41 42 41 |EfhSDg0t/2aPuABA|
|000099d0| 52 45 5a 48 6c 36 5a 6e 39 41 5a 2b 49 61 53 6b |REZHl6Zn9AZ+IaSk|
|000099e0| 7a 6f 46 48 6a 6d 47 2f 66 30 51 59 34 53 78 6a |zoFHjmG/f0QY4Sxj|
|000099f0| 38 4c 47 6e 77 76 35 68 6a 54 39 2f 65 37 78 34 |8LGnwv5hjT9/e7x4|
|00009a00| 6b 64 57 50 70 69 7a 66 34 42 34 67 33 52 2f 2f |kdWPpizf4B4g3R//|
|00009a10| 6b 32 34 4c 61 62 6a 48 31 58 6d 4a 2f 67 77 58 |k24LabjH1XmJ/gwX|
|00009a20| 47 47 50 6c 34 67 5a 73 39 64 46 76 73 2f 50 59 |GGPl4gZs9dFvs/PY|
|00009a30| 5a 66 33 73 75 50 69 6c 61 36 79 36 6b 58 7a 32 |Zf3suPila6y6kXz2|
|00009a40| 44 64 70 72 4c 43 7a 4c 34 42 39 69 77 66 39 66 |DdprLCzL4B9iwf9f|
|00009a50| 7a 44 6b 46 2b 59 6e 51 48 67 49 69 49 69 49 69 |zDkF+YnQHgIiIiIi|
|00009a60| 49 4c 49 43 58 2b 6f 39 72 63 61 33 66 70 39 76 |ILICX+o9rca3fp9v|
|00009a70| 4f 52 58 35 45 7a 2b 49 4f 41 43 55 41 52 45 52 |ORX5Ez+IOACUARER|
|00009a80| 45 52 45 52 6b 41 51 4c 34 66 63 4d 59 4c 4d 6b |ERERkAQL4fcMYLMk|
|00009a90| 76 7a 45 79 34 79 48 4b 67 52 77 42 45 52 45 52 |vzEy4yHKgRwBERER|
|00009aa0| 45 52 4f 52 48 5a 73 4a 73 30 64 42 66 35 4b 64 |ERORHZsJs0dBf5Kd|
|00009ab0| 49 6e 77 45 55 45 52 45 52 45 52 45 52 57 51 61 |InwEUERERERERWQa|
|00009ac0| 55 41 42 41 52 45 52 45 52 45 52 46 5a 42 70 51 |UABARERERERFZBpQ|
|00009ad0| 41 45 42 45 52 45 52 45 52 45 56 6b 47 6c 41 41 |AEBEREREREVkGlAA|
|00009ae0| 51 45 52 45 52 45 52 45 52 57 51 61 55 41 42 41 |QERERERERWQaUABA|
|00009af0| 52 45 52 45 52 45 52 46 5a 42 70 51 41 45 42 45 |RERERERFZBpQAEBE|
|00009b00| 52 45 52 45 52 45 56 6b 47 6c 41 41 51 45 52 45 |REREREVkGlAAQERE|
|00009b10| 52 45 52 45 52 57 51 61 55 41 42 41 52 45 52 45 |RERERWQaUABARERE|
|00009b20| 52 45 52 46 5a 42 70 51 41 45 42 45 52 45 52 45 |RERFZBpQAEBERERE|
|00009b30| 52 45 56 6b 47 6c 41 41 51 45 52 45 52 45 52 45 |REVkGlAAQERERERE|
|00009b40| 52 57 51 61 55 41 42 41 52 45 52 48 35 4d 59 30 |RWQaUABARERH5MY0|
|00009b50| 2b 6f 4b 58 75 43 72 58 64 2f 75 63 64 69 59 69 |+oKXuCrXd/ucdiYi|
|00009b60| 49 4c 44 4e 4b 41 49 69 49 69 49 6a 38 6d 4f 49 |ILDNKAIiIiIj8mOI|
|00009b70| 7a 4b 46 78 76 34 73 36 6c 79 33 7a 35 2b 48 6b |zKFxv4s6ly3z5+Hk|
|00009b80| 48 49 79 49 69 79 34 6b 53 41 43 49 69 49 69 49 |HIyIiy4kSACIiIiI|
|00009b90| 2f 74 6c 58 46 48 46 67 50 33 39 54 66 4a 50 43 |/tlXFHFgP39TfJPC|
|00009ba0| 38 59 78 45 52 6b 57 56 44 43 51 41 52 45 52 48 |8YxERkWVDCQARERH|
|00009bb0| 35 6d 58 74 41 2f 65 6e 7a 76 48 2f 73 50 4d 65 |5mXtA/enzvH/sPMe|
|00009bc0| 61 48 6b 77 75 37 62 76 2b 42 66 39 56 38 79 32 |aHkwu7bv+Bf9V8y2|
|00009bd0| 6a 55 63 74 36 61 4b 6d 39 77 70 64 33 35 68 75 |jUct6aKm9wpd35hu|
|00009be0| 6d 68 2b 68 72 76 38 4b 48 48 35 37 68 37 78 2b |mh+hrv8KHH57h7x+|
|00009bf0| 65 35 2f 6a 4e 42 2f 4e 73 44 37 5a 74 57 61 7a |e5/jNB/NsD7ZtWaz|
|00009c00| 32 75 50 6a 71 53 53 78 31 45 42 45 52 57 54 6f |2uPjqSSx1EBERWTo|
|00009c10| 6c 41 45 52 45 52 4f 52 6e 62 61 43 70 68 56 76 |lAERERORnbaCphVv|
|00009c20| 70 68 66 79 2b 75 67 52 48 62 77 76 31 50 69 44 |phfy+ugRHbwv1PiD|
|00009c30| 59 77 61 58 72 49 32 7a 59 74 6f 37 34 61 49 57 |YwaXrI2zYto74aIW|
|00009c40| 37 62 31 50 66 38 34 68 76 6d 6d 2f 53 46 32 32 |7b1Pf84hvmm/SF22|
|00009c50| 37 4a 79 32 63 61 67 69 51 2f 2b 61 76 2b 65 50 |7Jy2cagiQ/+av+eP|
|00009c60| 2b 6c 66 67 62 78 34 38 54 6a 54 47 66 7a 66 59 |+lfgbx48TjTGfzfY|
|00009c70| 68 75 6a 75 39 43 36 32 53 69 49 6a 49 6f 69 67 |huju9C62SiIjIoig|
|00009c80| 42 49 43 49 69 49 73 74 4d 69 4b 36 36 64 76 71 |BICIiIstMiK66dvq|
|00009c90| 79 4e 31 4b 36 49 74 70 32 41 56 70 75 50 69 4b |yN1K6Itp2AVpuPiK|
|00009ca0| 6c 59 43 50 35 51 52 63 4e 33 61 46 35 39 70 75 |lYCP5QRcN3aF59pu|
|00009cb0| 41 32 5a 4a 49 66 48 6f 42 56 64 55 37 4b 4c 4c |A2ZJIfHoBVdU7KLL|
|00009cc0| 4d 46 34 65 42 31 57 6c 47 2b 6a 33 7a 33 79 30 |MF4eB1WlG+j3z3y0|
|00009cd0| 67 49 69 4c 79 4c 43 67 42 49 43 49 69 49 6a 39 |gIiLyLCgBICIiIj9|
|00009ce0| 72 4b 63 57 46 62 48 6a 63 77 76 76 48 72 75 4c |rKcWFbHjcwvvHruL|
|00009cf0| 4b 4b 71 51 30 2b 44 56 31 37 6a 54 4b 79 39 5a |KKqQ0+DV17jTKy9Z|
|00009d00| 45 4c 2b 68 75 6f 62 6b 76 6c 61 49 74 54 6f 72 |EL+huobkvlaItTor|
|00009d10| 79 54 48 54 66 62 4a 2f 37 65 66 30 56 2b 52 54 |yTHTfbJ/7ef0V+RT|
|00009d20| 5a 2b 71 6b 37 32 34 47 66 52 4d 79 57 5a 45 77 |Z+qk724GfRMyWZEw|
|00009d30| 78 78 4a 61 57 62 67 61 66 46 38 38 43 36 79 51 |xxJaWbgafF88C6yQ|
|00009d40| 69 49 72 49 59 53 67 43 49 69 49 6a 49 7a 31 77 |iIrIYSgCIiIjIz1w|
|00009d50| 47 70 57 39 55 38 76 76 71 53 71 71 4c 4c 62 54 |GpW9U8vvqSqqLLbT|
|00009d60| 55 75 7a 42 76 66 5a 57 31 55 63 75 45 36 4c 6a |UuzBvfZW1UcuE6Lj|
|00009d70| 35 41 48 4b 64 62 44 42 43 32 70 59 63 48 48 32 |5AHKdbDBC2pYcHH2|
|00009d80| 39 4e 45 52 38 61 37 2b 66 6a 70 70 61 4c 6e 6d |9NER8a7+fjppaLnm|
|00009d90| 54 4d 44 39 70 34 38 4f 7a 48 66 6a 48 39 2b 47 |TMD9p48OzHfjH9+G|
|00009da0| 2b 57 63 39 6e 37 52 72 65 69 34 6a 49 69 30 45 |+Wc9n7Rrei4jIi0E|
|00009db0| 4a 41 42 45 52 45 56 6b 32 41 70 31 4e 4e 41 36 |JABEREVk2Ap1NNA6|
|00009dc0| 2f 54 4d 57 6d 45 46 31 4e 39 5a 79 73 2f 59 6f |/TMWmEF1N9Zys/Yo|
|00009dd0| 75 58 34 52 62 2b 34 66 61 61 4f 6b 31 73 61 45 |uX4Rb+4faaOk1saE|
|00009de0| 67 4d 2f 78 2f 6f 35 50 74 75 57 50 63 75 74 59 |gM/x/o5PtuWPcutY|
|00009df0| 7a 65 35 38 33 72 33 4c 75 34 55 71 71 33 71 33 |ze583r3Lu4Uqq3q3|
|00009e00| 6b 33 58 64 32 34 50 53 4e 4a 77 45 65 74 33 43 |k3Xd24PSNJwEet3C|
|00009e10| 75 30 55 65 4b 33 54 5a 50 56 48 45 59 6c 6c 34 |u0UeK3TZPVHEYll4|
|00009e20| 31 45 52 47 52 65 53 6b 42 49 43 49 69 49 73 76 |1ERGReSkBICIiIsv|
|00009e30| 45 58 65 71 61 66 4f 53 57 46 6a 42 55 64 34 57 |EXeqafOSWFjBUd4W|
|00009e40| 76 6a 45 37 4b 38 30 61 6f 4f 39 38 79 36 77 56 |vjE7K80aoO98y6wV|
|00009e50| 2f 6e 70 73 50 47 4d 68 78 54 6e 74 48 67 4b 4d |/npsPGMhxTntHgKM|
|00009e60| 67 43 39 74 44 46 37 64 6d 66 44 5a 67 30 42 75 |gC9tDF7dmfDZg0Bu|
|00009e70| 41 46 57 6b 34 41 4d 69 67 76 44 71 63 42 50 6a |AFWk4AMigvDqcBPj|
|00009e80| 76 6b 2f 38 50 31 68 64 47 66 63 39 41 33 32 4d |vk/8P1hdGfc9A32M|
|00009e90| 2f 57 4b 32 6b 50 5a 73 4b 69 6f 69 49 52 4b 55 |/WK2kPZsKioiIRKU|
|00009ea0| 45 67 49 69 49 69 43 77 4c 6e 76 70 57 75 74 50 |EgIiIiCwLnvpWutP|
|00009eb0| 58 55 32 59 33 4d 4f 41 44 6d 39 31 47 79 70 6f |XU2Y3MOADm91Gypo|
|00009ec0| 30 55 72 77 2b 48 73 33 59 31 6c 5a 63 77 5a 2f |0Urw+Hs3Y1lZcwZ/|
|00009ed0| 4b 63 36 59 76 58 46 46 41 39 54 73 37 32 54 44 |Kc6YvXFFA9Ts72TD|
|00009ee0| 6a 73 77 48 4a 56 68 4d 38 76 73 65 74 6f 59 6b |jswHJVhM8vsetoYk|
|00009ef0| 6c 53 61 79 30 4a 67 41 51 39 48 6e 48 48 77 65 |lSay0JgAQ9HnHHwe|
|00009f00| 49 4a 45 44 76 77 79 43 70 61 52 4e 33 43 50 68 |IJEDvwyCpaRN3CPh|
|00009f10| 78 64 33 36 4c 65 32 6a 4f 41 69 49 69 49 6b 73 |xd36Le2jOAiIiIks|
|00009f20| 53 39 63 73 33 49 69 49 69 49 6a 38 4c 51 36 33 |S9cs3IiIiIj8LQ63|
|00009f30| 55 33 6b 35 6b 2b 39 76 72 4d 41 47 35 36 35 4f |U3k5k+9vrMAG565O|
|00009f40| 70 76 31 54 44 51 4f 49 77 2f 76 56 46 4f 4a 65 |pv1TDQOIw/vVFOJe|
|00009f50| 77 61 39 4f 6d 45 76 59 2b 76 4d 79 35 6f 36 65 |wa9OmEvY+vMy5o6e|
|00009f60| 6f 53 34 54 52 34 54 47 4d 39 72 57 38 2f 64 73 |oS4TR4TGM9rW8/ds|
|00009f70| 4d 62 70 78 73 34 4d 50 7a 38 47 36 6c 45 2f 50 |Mbpxs4MPz8G6lE/P|
|00009f80| 4d 67 6b 39 75 63 73 4f 54 52 47 36 35 4e 66 78 |Mgk9ucsOTRG65Nfx|
|00009f90| 2f 58 78 65 31 64 56 32 59 64 36 2f 6a 55 4f 34 |/Xxe1dV2Yd6/jUO4|
|00009fa0| 53 41 68 49 52 45 5a 6e 44 4c 37 37 2f 2f 76 76 |SAhIREZnDL77//vv|
|00009fb0| 76 6e 33 63 51 49 69 49 69 49 6a 2b 36 55 54 38 |vn3cQIiIiIj+6UT8|
|00009fc0| 44 77 77 6d 6b 4a 43 55 2b 6f 78 30 47 38 50 75 |DwwmkJCU+ox0G8Pu|
|00009fd0| 47 4d 63 7a 36 41 6b 41 49 5a 6a 33 6c 48 36 4b |GMcz6AkAIZj3lH6K|
|00009fe0| 72 35 67 77 31 46 50 44 6e 69 68 6c 33 47 6f 69 |r5gw1FPDnihl3Goi|
|00009ff0| 49 69 45 51 77 4f 44 69 34 35 48 33 6f 45 51 41 |IiEQwODi45H3oEQA|
|0000a000| 52 45 52 46 5a 6e 75 4c 4e 7a 33 44 77 44 32 43 |RERFZnuLNz3DwD2C|
|0000a010| 61 34 2f 4e 2f 73 31 2f 78 35 2b 2b 38 51 6f 33 |a4/N/s1/x5++8Qo3|
|0000a020| 62 53 6c 6d 70 42 76 38 69 49 76 4c 6a 30 52 30 |bSlmpBv8iIvLj0R0|
|0000a030| 41 49 69 49 69 49 6a 2b 71 41 4f 37 75 62 2f 47 |AIiIiIj+qAO7ub/G|
|0000a040| 6e 35 62 4e 32 68 64 37 2f 4c 79 49 69 73 58 6b |n5bN2hd7/LyIisXk|
|0000a050| 57 64 77 41 6f 41 53 41 69 49 69 49 69 49 69 4c |WdwAoASAiIiIiIiL|
|0000a060| 79 67 74 4d 6a 41 43 49 69 49 69 49 69 49 69 49 |ygtMjACIiIiIiIiI|
|0000a070| 53 45 79 55 41 52 45 52 45 52 45 52 45 52 4a 59 |SEyUARERERERERJY|
|0000a080| 42 4a 51 42 45 52 45 52 45 52 45 52 45 6c 67 45 |BJQBERERERERElgE|
|0000a090| 6c 41 45 52 45 52 45 52 45 52 45 53 57 41 53 55 |lAERERERERESWASU|
|0000a0a0| 41 52 45 52 45 52 45 52 45 52 4a 59 42 4a 51 42 |ARERERERERJYBJQB|
|0000a0b0| 45 52 45 52 45 52 45 52 45 6c 67 45 6c 41 45 52 |ERERERERElgElAER|
|0000a0c0| 45 52 45 52 45 52 45 53 57 41 53 55 41 52 45 52 |ERERERESWASUARER|
|0000a0d0| 45 52 45 52 45 52 4a 59 42 4a 51 42 45 52 45 52 |ERERERJYBJQBERER|
|0000a0e0| 45 52 45 52 45 6c 67 45 6c 41 45 52 45 52 45 52 |ERERElgElAERERER|
|0000a0f0| 45 52 45 53 57 41 53 55 41 52 45 52 45 52 45 52 |ERESWASUARERERER|
|0000a100| 45 52 4a 59 42 4a 51 42 45 52 45 52 45 52 45 52 |ERJYBJQBERERERER|
|0000a110| 45 6c 67 45 6c 41 45 52 45 52 45 52 45 52 45 53 |ElgElAERERERERES|
|0000a120| 57 41 53 55 41 52 45 52 45 52 45 52 45 52 4a 59 |WASUARERERERERJY|
|0000a130| 42 4a 51 42 45 52 45 52 45 52 45 52 45 6c 67 45 |BJQBERERERERElgE|
|0000a140| 6c 41 45 52 45 52 45 52 45 52 45 53 57 41 53 55 |lAERERERERESWASU|
|0000a150| 41 52 45 52 45 52 45 52 45 52 4a 59 42 4a 51 42 |ARERERERERJYBJQB|
|0000a160| 45 52 45 52 45 52 45 52 45 6c 67 45 6c 41 45 52 |ERERERERElgElAER|
|0000a170| 45 52 45 52 45 52 45 53 57 41 53 55 41 52 45 52 |ERERERESWASUARER|
|0000a180| 45 52 4f 52 48 34 4f 56 4f 2b 37 65 34 67 7a 46 |ERORH4OVO+7e4gzF|
|0000a190| 75 48 6e 78 41 52 2f 74 64 42 6e 37 51 6d 42 59 |uHnxAR/tdBn7QmBY|
|0000a1a0| 6a 68 50 74 6d 50 62 58 64 66 67 41 43 44 37 2b |jhPtmPbXdfgACD7+|
|0000a1b0| 6c 39 61 35 33 31 72 2b 6e 57 32 44 64 58 7a 53 |l9a531r+nW2DdXzS|
|0000a1c0| 2b 75 37 52 32 50 79 44 77 76 4f 4d 51 6b 53 56 |+u7R2PyDwvOMQkSV|
|0000a1d0| 54 41 6b 42 45 52 45 51 6b 67 74 45 37 56 33 6e |TAkBEREQkgtE7V3n|
|0000a1e0| 2f 6e 2f 56 30 54 56 76 61 77 32 66 2f 50 4d 74 |/n/V0TVvaw2f/PMt|
|0000a1f0| 6e 64 34 61 66 55 31 51 2f 5a 51 2f 34 71 71 47 |nd4afU1Q/ZQ/4qqG|
|0000a200| 44 64 6c 2b 4d 6d 2f 74 36 71 57 2f 6f 77 68 58 |Ddl+Mm/t6qW/owhX|
|0000a210| 72 37 74 30 74 6e 4b 7a 37 39 6b 64 49 47 50 68 |r7t0tnKz79kdIGPh|
|0000a220| 77 64 54 36 6b 34 38 34 6a 41 41 59 37 4f 37 6a |wdT6k484jAAY7O7j|
|0000a230| 55 2b 6d 44 57 76 36 64 62 59 4e 31 66 4e 4f 34 |U+mDWv6dbYN1fNO4|
|0000a240| 75 4c 6a 58 33 4d 6a 68 72 68 5a 64 62 64 56 64 |uLjX3MjhrhZdbdVd|
|0000a250| 6f 64 6a 2b 48 6d 4a 36 58 48 36 32 66 69 66 77 |odj+HmJ6XH62fifw|
|0000a260| 77 6c 41 41 51 45 52 45 52 69 53 41 2b 4f 78 2b |wlAAQERERiSA+Ox+|
|0000a270| 6e 38 53 45 4e 54 55 39 6e 64 50 75 61 4f 75 67 |n8SENTU9ndPuaOug|
|0000a280| 30 5a 72 49 39 4f 2f 45 35 52 69 59 52 2b 62 7a |0ZrI9O/E5RiYR+bz|
|0000a290| 30 75 76 76 35 34 53 66 5a 72 57 78 37 38 30 33 |0uvv54SfZrWx7803|
|0000a2a0| 2b 58 4a 37 31 67 78 2f 70 78 54 66 4d 66 66 63 |+XJ71gx/pxTfMffc|
|0000a2b0| 6a 65 6e 2b 71 69 59 33 46 2b 4e 48 36 6d 63 67 |jen+qiY3F+NH6mcg|
|0000a2c0| 50 49 2f 35 35 42 79 41 69 49 69 4c 79 59 72 4a |PI/55ByAiIiLyYrJ|
|0000a2d0| 53 57 6d 72 6e 31 76 6c 57 4f 6f 70 33 34 71 53 |SWmrn1vlWOop34qS|
|0000a2e0| 48 68 74 73 42 63 73 73 4b 53 41 4d 67 52 46 39 |HhtsBcssKSAMgRF9|
|0000a2f0| 37 41 36 63 61 48 7a 45 59 41 67 77 4a 72 4d 34 |7A6caHzEYAgwJrM4|
|0000a300| 72 34 45 42 70 46 6d 61 41 7a 73 73 63 76 6d 62 |r4EBpFmaAzsscvmb|
|0000a310| 6d 37 65 70 69 62 42 4f 37 66 4e 7a 45 2b 79 66 |m7epibBO7fNzE+yf|
|0000a320| 39 62 50 2f 44 4c 6a 59 38 62 75 4c 39 6b 34 4e |9bP/DLjY8buL9k4N|
|0000a330| 6b 46 30 42 58 61 34 43 31 68 2f 5a 54 6e 6a 37 |kF0BXa4C1h/ZTnj7|
|0000a340| 6c 38 4f 50 62 62 76 36 31 6d 65 34 36 46 2f 65 |l8OPbbv61me46F/e|
|0000a350| 2f 41 77 78 47 73 72 61 58 63 43 67 2f 62 58 79 |/AwxGsraXcCg/bXy|
|0000a360| 6a 51 54 70 71 47 37 6a 51 4d 30 51 49 4d 4c 79 |jQTpqG7jQM0QIMLy|
|0000a370| 55 77 6f 61 79 45 73 72 58 6d 49 45 4f 6a 68 2f |UwoayEsrXmIEOjh/|
|0000a380| 35 6c 71 51 43 4b 2f 66 62 48 70 4a 53 2b 69 5a |5lqQCK/fbHpJS+iZ|
|0000a390| 56 65 58 32 30 6e 72 39 4b 6e 53 74 49 43 45 69 |VeX20nr9KnStICEi|
|0000a3a0| 79 4f 64 68 54 55 55 78 32 30 76 7a 31 38 64 53 |yOdhTUUx20vz18dS|
|0000a3b0| 66 35 65 68 44 4b 35 73 4e 2f 64 7a 77 6a 41 42 |f5ehDK5sN/dzwjAB|
|0000a3c0| 78 4a 4f 63 55 55 46 32 65 45 36 34 76 77 37 69 |xJOcUUF2eE64vw7i|
|0000a3d0| 61 72 76 42 5a 36 77 42 44 34 37 45 55 62 6b 32 |arvBZ6wBD47EUbk2|
|0000a3e0| 6d 6f 32 47 38 76 6c 48 62 65 6b 5a 5a 79 30 72 |mo2G8vlHbekZZy0r|
|0000a3f0| 4b 74 70 6d 6d 62 2b 4c 37 6c 73 2f 4f 74 74 48 |Ktpmmb+L7ls/OttH|
|0000a400| 70 47 77 50 69 53 4d 30 70 49 50 2b 37 62 37 68 |pGwPiSM0pIP+7b7h|
|0000a410| 68 2f 51 39 2b 76 2f 37 66 76 46 2f 58 44 2f 52 |h/Q9+v/7fvF/XD/R|
|0000a420| 7a 39 49 67 4c 37 42 76 35 79 33 35 6e 39 44 4b |z9IgL7Bv5y35n9DK|
|0000a430| 6c 74 69 6b 37 44 39 42 79 2b 6a 4e 75 32 4d 74 |ltik7D9By+jNu2Mt|
|0000a440| 35 74 39 67 4b 45 2f 58 74 54 71 50 71 33 52 49 |5t9gKE/XtTqPq3RI|
|0000a450| 63 41 4d 46 57 6a 76 33 66 42 7a 68 2f 57 34 48 |cAMFWjv3fBzh/W4H|
|0000a460| 78 34 67 6b 61 5a 2b 30 6a 42 74 34 4f 54 6c 35 |x4gkaZ+0jBt4OTl5|
|0000a470| 73 70 39 63 33 42 69 53 77 65 76 32 55 2f 6a 4c |sp9c3BiSwev2U/jL|
|0000a480| 52 42 6d 30 44 44 49 55 41 51 78 4a 5a 32 34 75 |RBm0DDIUAQxJZ24u|
|0000a490| 6e 6e 4f 73 70 35 75 74 62 52 44 76 50 30 66 72 |nnOsp5utbRDvP0fr|
|0000a4a0| 4d 78 50 6f 72 58 4f 69 5a 55 6a 59 37 63 6e 56 |MxPorXOiZUjY7cnV|
|0000a4b0| 75 6e 66 30 58 4e 33 78 41 33 51 6b 4f 31 78 6e |unf0XN3xA3QkO1xn|
|0000a4c0| 5a 66 47 67 2f 35 65 6e 7a 58 42 66 54 2b 4c 6c |ZfGg/5enzXBfT+Ll|
|0000a4d0| 54 66 35 55 4c 74 36 65 63 39 31 2f 76 6f 47 43 |Tf5ULt6ec91/voGC|
|0000a4e0| 46 67 56 74 6e 5a 37 65 78 70 2f 34 73 52 37 33 |FgVtnZ7exp/4sR73|
|0000a4f0| 72 77 75 63 32 68 75 73 6a 76 49 2f 4e 46 50 6b |rwuc2husjvI/NFPk|
|0000a500| 36 35 6d 67 4c 34 45 6b 48 4a 7a 2b 66 4f 43 64 |65mgL4EkHJz+fOCd|
|0000a510| 78 4a 4e 6b 79 6e 36 36 66 65 59 33 75 74 6e 45 |xJNkyn66feY3utnE|
|0000a520| 6e 55 6a 2b 62 34 4c 37 4b 66 35 33 31 73 65 32 |nUj+b4L7Kf531se2|
|0000a530| 33 46 52 51 61 4a 78 62 32 63 4f 61 44 56 69 67 |3FRQaJxb2cOaDVig|
|0000a540| 37 77 49 46 63 6f 72 5a 4e 62 48 57 4f 38 70 73 |7wIFcorZNbHWO8ps|
|0000a550| 68 45 67 4d 6c 41 45 52 45 52 45 54 6d 59 69 39 |hEgMlAERERETmYi9|
|0000a560| 67 57 39 72 6e 4e 44 5a 35 57 55 6b 48 33 64 59 |gW9rnNDZ5WUkH3dY|
|0000a570| 63 2f 70 68 74 41 4d 42 2f 73 35 62 2f 65 79 32 |c/phtAMB/s5b/ey2|
|0000a580| 4f 48 66 76 33 73 57 32 56 69 64 48 48 72 52 77 |OHfv3sW2VidHHrRw|
|0000a590| 2f 2b 7a 58 48 44 45 6e 38 76 69 54 57 67 65 45 |/+zXHDEn8viTWgeE|
|0000a5a0| 41 58 5a 34 38 44 6c 52 6e 6b 57 71 4a 74 4c 36 |AXZ48DlRnkWqJtL6|
|0000a5b0| 66 68 6b 59 54 76 33 6e 6a 44 64 5a 61 51 67 7a |fhkYTv3njDdZaQgz|
|0000a5c0| 63 2b 5a 72 6a 46 36 39 77 4a 75 6b 41 42 37 4b |c+ZrjF69wJukAB7K|
|0000a5d0| 68 71 36 61 57 43 31 34 48 68 33 35 58 68 43 4d |hq6aWC14Hh35XhCM|
|0000a5e0| 2b 78 4d 43 64 4a 6f 35 2f 66 6f 58 36 71 6b 70 |+xMCdJo5/foX6qkp|
|0000a5f0| 4b 56 77 41 45 36 65 35 4e 5a 4f 2f 72 35 64 69 |KVwAE6e5NZO/r5di|
|0000a600| 74 45 4c 6a 5a 77 69 56 76 47 6c 57 2f 4b 38 45 |tELjZwiVvGlW/K8E|
|0000a610| 52 50 30 6a 72 32 56 72 4f 58 65 33 6c 7a 2b 56 |RP0jr2VrOXe3lz+V|
|0000a620| 5a 73 64 57 6e 7a 38 76 6f 61 37 2f 6b 4c 39 6e |ZsdWnz8voa7/kL9n|
|0000a630| 4a 6a 50 70 75 63 75 72 45 4e 35 79 35 6d 55 6e |JjPpucurEN5y5mUn|
|0000a640| 31 4a 68 4e 39 54 62 55 63 76 35 33 41 6a 74 65 |1JhN9TbUcv53Ajte|
|0000a650| 6e 6c 75 39 69 6b 4e 52 35 57 32 48 2b 73 6a 32 |nlu9ikNR5W2H+sj2|
|0000a660| 63 4f 58 45 44 54 2f 59 72 76 4c 63 6a 68 35 54 |cOXEDT/YrvLcjh5T|
|0000a670| 34 51 62 72 71 47 76 6a 55 44 63 6c 57 49 4c 32 |4QbrqGvjUDclWIL2|
|0000a680| 59 33 35 66 35 5a 77 79 4b 35 79 6b 7a 6a 59 6e |Y35f5ZwyK5ykzjYn|
|0000a690| 38 58 41 74 31 33 62 30 45 4b 4d 43 45 6c 77 35 |8XAt13b0EKMCElw5|
|0000a6a0| 33 45 49 59 66 63 63 73 4e 44 6a 76 51 32 38 64 |3EIYfccsNDjvQ28d|
|0000a6b0| 39 57 77 59 48 6a 64 41 64 34 39 6d 64 4c 73 69 |9WwYHjdAd49mdLsi|
|0000a6c0| 4e 2b 72 76 73 32 4c 2b 50 51 2b 6b 47 41 67 2f |N+rvs2L+PQ+kGAg/|
|0000a6d0| 62 4f 48 58 2b 61 34 34 6e 57 6e 6d 33 32 42 70 |bOHX+a44nWnm32Bp|
|0000a6e0| 75 67 30 34 7a 65 39 39 36 41 36 66 46 4d 4e 34 |ug04ze996A6fFMN4|
|0000a6f0| 47 45 2b 66 61 73 4b 41 6a 7a 58 32 65 48 66 50 |GE+fasKAjzX2eHfP|
|0000a700| 30 6d 52 42 64 4e 62 57 63 36 38 76 67 4e 39 57 |0mRBdNbWc68vgN9W|
|0000a710| 76 73 74 5a 69 59 4f 42 4f 45 36 63 75 39 6f 4e |vstZiYOBOE6cu9oN|
|0000a720| 6c 39 76 42 39 77 2f 37 2f 34 50 36 78 66 39 47 |l9vB9w/7/4P6xf9G|
|0000a730| 2f 39 55 32 71 38 73 4c 4c 46 6e 52 64 75 46 75 |/9U2q8sLLFnRduFu|
|0000a740| 35 30 41 6e 62 71 39 2b 67 77 42 4c 43 56 56 66 |50Anbq9+gwBLCVVf|
|0000a750| 44 38 55 74 74 5a 4c 39 5a 45 47 4e 4e 6f 31 30 |D8UttZL9ZEGNNo10|
|0000a760| 66 34 54 59 62 76 48 32 62 39 6d 33 62 2b 58 4f |f4TYbvH2b9m3b+XO|
|0000a770| 6c 6a 66 6a 67 41 35 72 50 58 2b 58 55 32 52 5a |ljfjgA5rPX+XU2RZ|
|0000a780| 2b 2b 31 59 68 61 55 4f 74 48 44 76 65 41 39 74 |++1YhaUOtHDveA9t|
|0000a790| 4b 2b 4d 38 74 47 5a 68 47 50 54 53 66 62 65 44 |K+M8tGZhGPTSfbeD|
|0000a7a0| 55 4a 31 2f 78 64 6e 58 52 65 44 2b 61 65 6f 30 |UJ1/xdnXReD+aeo0|
|0000a7b0| 6d 55 78 36 61 32 63 2b 6d 73 4f 65 7a 77 56 72 |mUx6a2c+msOezwVr|
|0000a7c0| 4c 6a 65 74 65 43 73 63 54 53 58 53 37 75 4a 4f |LjeteCscTSXS7uJO|
|0000a7d0| 59 77 61 46 63 41 2f 36 62 4e 54 2f 43 62 34 5a |YwaFcA/6bNT/Cb4Z|
|0000a7e0| 49 64 48 6f 45 51 45 52 45 52 47 52 4f 5a 67 70 |IdHoEQERERGROZgp|
|0000a7f0| 4c 48 59 7a 65 76 73 71 6e 6e 53 50 6b 46 32 38 |LHYzevsqnnSPkF28|
|0000a800| 63 6e 38 58 30 30 4e 7a 6d 59 2f 58 57 55 72 61 |cn8X00NzmY/XWUra|
|0000a810| 74 43 73 39 55 78 36 63 58 55 46 32 53 79 6d 44 |tCs9Ux6cXUF2SymD|
|0000a820| 6e 41 70 35 62 4a 34 58 74 2b 7a 64 68 74 79 52 |nAp5bJ4Xt+zdhtyR|
|0000a830| 6a 69 72 67 2b 69 61 4c 58 53 6c 68 72 4d 51 43 |jirg+iaLXSlhrMQC|
|0000a840| 4a 70 47 53 58 73 43 66 50 51 48 64 62 46 39 44 |JpGSXsCfPQHdbF9D|
|0000a850| 44 6a 64 34 45 4e 75 77 75 77 68 45 50 59 43 41 |Djd4ENuwuwhEPYCA|
|0000a860| 6c 75 35 67 69 2b 78 41 64 74 7a 33 6a 35 59 31 |lu5gi+xAdtz3j5Y1|
|0000a870| 73 4b 43 74 6d 62 62 6f 56 63 7a 79 59 6a 41 59 |sKCtmbboVczyYjAY|
|0000a880| 49 42 75 6a 37 62 68 68 49 70 75 43 31 63 74 34 |IBuj7bhhIpuC1ct4|
|0000a890| 75 73 63 64 65 48 2f 73 36 39 6d 51 6e 68 39 64 |uscdeH/s69mQnh9d|
|0000a8a0| 62 4e 72 45 6a 31 38 68 39 31 31 33 41 77 34 32 |bNrEj18h9113Aw42|
|0000a8b0| 65 6f 64 6e 6c 53 31 63 79 2f 39 41 31 68 72 4c |eodnlS1cy/9A1hrL|
|0000a8c0| 64 76 58 52 6a 5a 30 39 5a 44 69 6e 78 41 4d 6d |dvXRjZ09ZDinxAMm|
|0000a8d0| 73 4c 53 75 68 61 4e 5a 41 66 6f 6f 46 6c 6a 46 |sLSuhaNZAfooFljF|
|0000a8e0| 6c 72 79 54 56 30 78 63 65 33 50 74 36 36 41 37 |lryTV0xce3Pt66A7|
|0000a8f0| 61 32 5a 45 48 72 75 35 77 57 33 62 64 38 5a 4a |a2ZEHru5wW3bd8ZJ|
|0000a900| 71 7a 35 72 6a 50 4d 55 69 6a 74 7a 53 58 57 78 |qz5rjPMUijtzSXWx|
|0000a910| 4c 54 77 51 4d 6d 46 59 56 63 48 43 72 68 66 36 |LTwQMmFYVcHCrhf6|
|0000a920| 65 44 6a 7a 6a 62 65 41 6f 33 6f 48 54 59 70 68 |eDjzjbeAo3oHTYph|
|0000a930| 73 67 37 4c 63 42 4c 70 76 39 79 7a 34 53 48 4f |sg7LcBLpv9yz4SHO|
|0000a940| 66 35 2f 6e 36 54 41 38 33 65 67 33 6b 6c 35 57 |f5/n6TA83eg3kl5W|
|0000a950| 77 31 70 49 34 76 72 36 45 33 78 51 6b 52 54 76 |w1pI4vr6E3xQkRTv|
|0000a960| 63 46 41 75 38 4c 68 49 4e 78 49 63 43 50 50 4b |cFAu8LhINxIcCPPK|
|0000a970| 4e 41 49 6b 34 64 75 7a 69 76 55 6f 6e 4b 54 48 |NAIk4duzivUonKTH|
|0000a980| 58 4e 4e 72 31 45 57 62 49 32 6b 6a 31 46 6c 74 |XNNr1EWbI2kj1Flt|
|0000a990| 34 31 74 4f 59 77 62 62 4b 48 46 5a 37 37 2f 48 |41tOYwbbKHFZ77/H|
|0000a9a0| 4e 59 2b 69 37 66 70 66 37 74 68 77 4f 62 73 6b |NY+i7fpf7thwObsk|
|0000a9b0| 49 6e 39 64 34 47 39 76 65 79 4d 66 68 63 39 4d |In9d4G9veyMfhc9M|
|0000a9c0| 79 2b 56 36 44 2b 61 37 52 71 61 77 55 72 55 2b |y+V6D+a7RqawUrU+|
|0000a9d0| 68 76 37 4e 39 76 4b 34 42 57 6d 34 2b 49 69 55 |hv7N9vK4BWm4+IiU|
|0000a9e0| 76 48 38 65 50 39 70 73 68 45 70 33 75 41 42 41 |vH8eP9pshEp3uABA|
|0000a9f0| 52 45 52 47 4a 4a 72 32 41 37 65 6e 6e 71 52 6e |RERGJJr2A7ennqRn|
|0000aa00| 4e 34 58 2f 61 4a 34 61 6b 2f 54 7a 79 47 62 48 |N4X/aJ4ak/TzyGbH|
|0000aa10| 5a 5a 2f 77 4a 6e 6d 59 6d 65 64 6a 50 41 49 52 |ZZ/wJnmYmedjPAIR|
|0000aa20| 76 47 35 2b 58 59 5a 34 2f 78 6b 79 6b 72 70 69 |vG5+XYZ4/xkykrpi|
|0000aa30| 2b 78 47 47 33 77 44 55 76 6e 73 66 51 54 35 44 |+xGG3wDUvnsfQT5D|
|0000aa40| 65 6b 79 65 34 4d 57 75 33 55 39 35 45 50 33 55 |ekye4MWu3U95EP3U|
|0000aa50| 45 6e 6c 66 4d 77 53 64 4e 31 48 37 38 4b 5a 64 |EnlfMwSdN1H78KZd|
|0000aa60| 49 77 70 47 33 6c 74 32 6c 36 32 4b 71 54 36 54 |IwpG3lt2l62KqT6T|
|0000aa70| 35 79 58 69 41 30 4e 6a 63 35 61 30 6d 7a 50 69 |5yXiA0Njc5a0mzPi|
|0000aa80| 6a 31 6a 43 57 73 68 36 33 48 39 49 7a 5a 37 53 |j1jCWsh63H9IzZ7S|
|0000aa90| 70 6c 64 51 6f 34 39 49 46 6c 37 48 6b 6b 47 75 |pldQo49IFl7HkkGu|
|0000aaa0| 39 54 50 63 64 79 50 55 39 77 72 39 6d 50 64 76 |9TPcdyPU9wr9mPdv|
|0000aab0| 79 34 4b 74 36 46 77 4d 45 36 48 61 62 79 43 32 |y4Kt6FwME6HabyC2|
|0000aac0| 4a 6c 6e 47 59 54 77 4a 6d 36 2f 52 30 69 4d 6c |JlnGYTwJm6/R0iMl|
|0000aad0| 75 4a 62 6e 52 6a 34 64 2b 48 76 6e 41 56 58 65 |uJbnRj4d+HvnAVXe|
|0000aae0| 61 77 33 55 7a 34 2f 4c 53 42 30 52 34 45 47 42 |aw3Uz4/LSB0R4EGB|
|0000aaf0| 75 63 35 33 6e 78 2f 33 52 2b 38 7a 6a 66 76 71 |uc53nx/3R+8zjfvq|
|0000ab00| 78 34 4c 52 50 58 35 57 32 49 74 61 68 35 67 4b |x4LRPX5W2Itah5gK|
|0000ab10| 76 69 2f 52 58 4f 62 6a 6a 4b 75 64 71 50 2b 50 |vi/RXObjjKudqP+P|
|0000ab20| 77 63 41 49 72 73 37 49 6f 4c 79 6c 59 51 41 49 |wcAIrs7IoLylYQAI|
|0000ab30| 67 79 76 55 78 2f 6e 39 7a 30 6f 78 70 63 71 4d |gyvUx/n9z0oxpcqM|
|0000ab40| 64 6d 36 57 4c 2f 6a 36 34 33 78 63 6b 4f 64 30 |dm6WL/j643xckOd0|
|0000ab50| 2b 59 79 43 64 53 71 70 6c 68 48 34 66 34 34 30 |+YyCdSqplhH4f440|
|0000ab60| 2b 33 7a 55 36 49 36 4a 4e 4f 65 51 32 74 34 58 |+3zU6I6JNOeQ2t4X|
|0000ab70| 76 48 45 6e 37 6c 67 35 50 43 70 73 72 72 55 44 |vHEn7lg5PCpsrrUD|
|0000ab80| 48 76 47 30 54 6d 34 58 46 49 7a 4b 54 2b 6f 2b |HvG0Tm4XFIzKT+o+|
|0000ab90| 49 69 49 68 49 56 43 5a 73 31 67 54 77 6d 71 59 |IiIhIVCZs1gTwmqY|
|0000aba0| 4d 46 46 4a 4a 74 51 54 70 66 78 69 43 39 43 6d |MFFJJtQTpfxiC9Cm|
|0000abb0| 44 4f 6d 38 41 66 36 49 70 50 49 43 78 6d 44 41 |DOm8Af6IpPICxmDA|
|0000abc0| 4f 42 61 59 50 6e 6e 32 42 65 59 66 44 30 77 58 |OBaYPnn2BeYfD0wX|
|0000abd0| 6f 66 77 4a 4d 47 65 53 34 33 44 36 77 5a 47 4a |ofwJMGeS43D6wZGJ|
|0000abe0| 4c 68 78 51 38 5a 45 39 37 44 6a 68 45 59 4d 68 |LhxQ8ZE97DjhEYMh|
|0000abf0| 48 79 47 43 42 47 64 38 76 43 44 4f 54 58 62 79 |HyGCBGd8vCDOTXby|
|0000ac00| 4c 33 78 66 44 71 4f 38 75 6a 62 56 66 38 31 47 |L3xfDqO8ujbVf81G|
|0000ac10| 4e 67 54 39 58 78 46 43 66 71 4d 4c 6c 50 65 34 |NgT9XxFCfqMLlPe4|
|0000ac20| 41 70 45 38 5a 34 48 68 6a 71 65 2f 38 5a 57 32 |ApE8Z4Hhjqe/8ZW2|
|0000ac30| 72 7a 4e 44 64 68 34 75 70 41 30 67 76 2f 55 50 |rzNDdh4upA0gv/UP|
|0000ac40| 41 48 47 50 79 68 5a 65 78 6b 70 39 6c 34 72 6a |AHGPyhZexkp9l4rj|
|0000ac50| 72 48 74 31 65 50 34 36 4e 61 38 41 2b 67 73 50 |rHt1eP46Na8A+gsP|
|0000ac60| 58 52 62 64 37 42 46 66 53 53 67 34 75 36 5a 62 |XRbd7BFfSSg4u6Zb|
|0000ac70| 72 45 66 7a 65 36 65 30 62 63 41 38 79 2b 46 49 |rEfze6e0bcA8y+FI|
|0000ac80| 79 71 61 53 47 62 2b 66 65 2b 67 5a 56 65 55 2f |yqaSGb+fe+gZVeU/|
|0000ac90| 58 6a 77 35 35 38 5a 4d 30 75 2f 33 6e 37 56 74 |Xjw558ZM0u/3n7Vt|
|0000aca0| 7a 6e 57 64 72 39 44 35 6a 48 43 4f 46 42 37 6a |znWdr9D5jHCOFB7j|
|0000acb0| 63 73 47 46 4b 45 71 44 76 53 51 41 69 50 4d 45 |csGFKEqDvSQAiPME|
|0000acc0| 2f 32 30 4c 37 6b 59 47 30 2f 46 4c 65 79 51 65 |/20L7kYG0/FLeyQe|
|0000acd0| 43 44 37 68 56 39 78 55 66 6e 51 33 78 32 37 63 |CD7hV9xUfnQ3x27c|
|0000ace0| 4b 53 62 45 6b 34 42 2f 79 54 61 30 68 41 30 4d |KSbEk4B/yTa0hA0M|
|0000acf0| 6a 4d 38 70 48 75 54 34 41 44 38 7a 61 42 38 45 |jM8pHuT4AD8zaB8E|
|0000ad00| 48 65 48 78 47 62 46 61 77 57 59 30 4d 65 76 75 |HeHxGbFawWY0Mevu|
|0000ad10| 6e 72 38 65 48 66 79 69 42 35 45 57 66 36 78 77 |nr8eHfyiB5EWf6xw|
|0000ad20| 4b 63 39 73 34 65 62 4f 48 49 71 73 4c 54 35 61 |Kc9s4ebOHIqsLT5a|
|0000ad30| 54 61 69 50 45 39 70 73 52 53 35 31 46 6c 6b 61 |TaiPE9psRS51Flka|
|0000ad40| 50 41 49 69 49 69 49 67 73 6d 49 31 58 63 70 4a |PAIiIiIgsmI1XcpJ|
|0000ad50| 77 58 57 75 67 77 78 63 4b 4c 2f 4c 31 63 71 48 |wXWugwxcKL/L1cqH|
|0000ad60| 35 45 65 61 38 74 65 45 42 5a 35 71 46 31 46 41 |5Eea8teEBZ5qF1FA|
|0000ad70| 66 33 37 52 50 66 44 79 74 6a 2b 62 72 66 59 51 |f37RPfDytj+brfYQ|
|0000ad80| 57 64 4a 77 68 62 74 53 31 34 68 6b 4e 2f 32 2f |WdJwhbtS14hkN/2/|
|0000ad90| 55 33 63 53 46 7a 68 42 5a 36 37 4f 41 74 62 79 |U3cSFzhBZ67OAtby|
|0000ada0| 53 4e 55 4a 48 59 38 66 6b 37 4f 47 6f 2b 32 75 |SNUJHY8fk7OGo+2u|
|0000adb0| 4f 48 72 31 43 66 56 2f 6b 47 2b 38 48 6d 73 35 |OHr1CfV/kG+8Hms5|
|0000adc0| 7a 2b 46 67 54 62 69 44 65 6b 6b 6e 2b 4b 68 50 |z+FgTbiDekkn+KhP|
|0000add0| 42 49 52 2b 42 57 4f 6f 54 51 33 76 63 76 33 61 |BIR+BWOoTQ3vcv3a|
|0000ade0| 56 31 68 6e 6c 35 36 39 76 44 47 58 7a 73 73 6a |V1hnl569vDGXzssj|
|0000adf0| 46 7a 59 58 36 65 34 53 62 59 68 6a 50 39 61 2b |FzYX6e4SbYhjP9a+|
|0000ae00| 34 4d 65 56 47 42 78 49 4e 47 49 59 43 39 43 2b |4MeVGBxINGIYC9C+|
|0000ae10| 6b 7a 41 78 70 75 57 6e 45 75 31 76 35 36 6e 45 |kzAxpuWnEu1v56nE|
|0000ae20| 61 2b 64 6b 41 4f 65 51 37 2f 4e 79 6f 37 77 4e |a+dkAOeQ7/Nyo7wN|
|0000ae30| 37 31 73 4a 6d 34 57 63 5a 6f 37 75 35 69 61 37 |71sJm4WcZo7u5ia7|
|0000ae40| 4a 4f 6e 62 77 36 62 55 42 6b 6e 4e 66 78 6a 37 |JOnbw6bUBknNfxj7|
|0000ae50| 5a 2f 6c 2f 6a 47 6a 2f 58 2b 44 6f 34 39 58 45 |Z/l/jGj/X+Do49XE|
|0000ae60| 74 35 37 72 48 49 67 51 61 76 57 2f 4e 66 5a 37 |t57rHIgQavW/NfZ7|
|0000ae70| 6e 36 7a 4e 72 65 53 55 72 52 48 74 64 30 32 51 |n6zNreSUrRHtd02Q|
|0000ae80| 63 6f 34 39 62 71 62 6b 39 4e 45 65 64 45 6a 45 |co49bqbk9NEedEjE|
|0000ae90| 61 77 50 39 6b 6f 6c 45 58 32 49 2f 75 58 4f 47 |awP9kolEX2I/uXOG|
|0000aea0| 76 48 33 78 42 36 78 42 67 7a 4d 43 5a 61 38 59 |vH3xB6xBgzMCZa8Y|
|0000aeb0| 77 46 47 41 49 57 4a 6d 57 52 4d 6a 56 38 37 52 |wFGAIWJmWRMjV87R|
|0000aec0| 50 50 47 6e 6c 4b 39 66 4d 74 6f 68 32 66 59 53 |PPGnlK9fMtoh2fYS|
|0000aed0| 46 65 74 75 35 63 47 65 69 6e 51 5a 70 76 64 6a |Fetu5cGeinQZpvdj|
|0000aee0| 46 66 55 73 47 6d 31 65 42 62 57 4d 6d 71 65 34 |FfUsGm1eBbWMmqe4|
|0000aef0| 4f 7a 6e 51 2f 58 64 39 56 31 30 35 33 6b 70 33 |OznQ/Xd9V1053kp3|
|0000af00| 43 47 58 64 42 50 4b 33 79 6a 48 34 57 67 61 50 |CGXdBPK3yjH4WgaP|
|0000af10| 41 54 6b 70 76 4f 38 63 37 52 33 42 75 79 6f 6d |ATkpvO8c7R3Buyom|
|0000af20| 35 62 57 4b 72 73 38 6a 53 36 41 34 41 45 52 45 |5bWKrs8jS6A4AERE|
|0000af30| 52 6b 55 56 49 4b 39 37 4a 77 65 45 47 7a 68 30 |RkUVIK97JweEGzh0|
|0000af40| 37 7a 54 6b 41 45 6c 69 35 2f 6c 57 71 4a 31 37 |7zTkAEli5/lWqJ17|
|0000af50| 6d 5a 64 7a 45 67 64 31 65 6a 74 56 64 35 48 42 |mZdzEgd1ejtVd5HB|
|0000af60| 6a 48 49 51 53 79 43 74 59 53 62 4a 6e 49 54 4e |jHIQSyCtYSbJnITN|
|0000af70| 36 4b 65 54 6e 65 54 6e 7a 6a 78 50 34 44 52 41 |6KeTneTnzjxP4DRA|
|0000af80| 4b 4a 62 43 36 6f 49 52 44 75 65 47 5a 38 72 55 |KJbC6oIRDueGZ8rU|
|0000af90| 56 4f 78 6b 38 32 38 41 48 52 39 6f 78 4a 6b 49 |VOxk828AHR9oxJkI|
|0000afa0| 77 6c 45 44 65 37 6c 2b 79 5a 34 37 42 53 30 70 |wlEDe7l+yZ47BS0p|
|0000afb0| 78 49 55 58 75 4a 6a 34 36 63 67 71 6a 59 59 79 |xIUXuJj46cgqjYYy|
|0000afc0| 67 77 55 4a 52 35 55 5a 4d 67 47 6d 2b 2b 73 54 |gwUJR5UZMgGm++sT|
|0000afd0| 51 48 6e 74 39 6c 37 6c 77 37 44 53 58 44 48 46 |QHnt9l7lw7DSXDHF|
|0000afe0| 67 4d 4c 4e 35 79 79 71 53 6d 2b 65 76 37 2f 78 |gMLN5yyqSm+ev7/x|
|0000aff0| 6c 63 7a 68 51 36 65 56 59 54 53 4e 2f 75 78 32 |lczhQ6eVYTSN/ux2|
|0000b000| 48 67 54 48 4d 6a 6f 33 6b 32 39 75 65 76 70 41 |HgTHMjo3k29uevpA|
|0000b010| 76 32 38 6c 6d 79 31 58 4f 48 54 6e 42 75 66 47 |v28lmy1XOHTnBufG|
|0000b020| 33 73 38 39 62 5a 71 62 30 6c 38 6b 4f 75 62 69 |3s89bZqb0l8kOubi|
|0000b030| 52 6e 73 50 61 38 55 56 72 73 36 31 38 57 75 64 |RnsPa8UVrs618Wud|
|0000b040| 6e 38 2b 34 46 76 76 46 2f 46 69 4e 35 36 77 30 |n8+4FvvF/FiN56w0|
|0000b050| 30 6e 6a 6a 4e 75 52 43 45 51 6e 45 6b 35 37 77 |0njjNuRCEQnEk57w|
|0000b060| 79 32 62 35 70 78 54 73 35 2b 4e 30 56 54 76 37 |y2b5pxTs5+N0VTv7|
|0000b070| 6a 42 43 54 47 45 52 6f 32 73 4c 70 67 4f 31 57 |jBCTGERo2sLpgO1W|
|0000b080| 62 49 74 78 2b 50 30 2f 66 6d 76 73 38 47 2b 62 |bItx+P0/fmvs8G+b|
|0000b090| 70 4d 77 62 57 56 70 52 51 64 4c 71 4a 34 2f 38 |pMwbWVpRQdLqJ4/8|
|0000b0a0| 34 67 63 45 41 6f 61 53 56 37 4d 35 4c 34 58 35 |4gcEAoaSV7M5L4X5|
|0000b0b0| 76 70 44 70 5a 4b 64 79 79 6b 6c 74 31 74 52 78 |vpDpZKdyyklt1tRx|
|0000b0c0| 75 48 66 38 4b 77 45 4c 36 55 66 61 72 37 4d 6d |uHf8KwEL6Ufar7Mm|
|0000b0d0| 36 7a 49 57 6a 4a 36 68 4c 6a 43 4d 30 6e 45 44 |6zIWjJ6hLjCM0nED|
|0000b0e0| 65 37 75 4a 77 6f 6d 42 54 43 58 73 66 68 76 74 |e7uJwomBTCXsfhvt|
|0000b0f0| 45 6e 51 46 43 53 61 73 6f 79 6a 4b 47 33 2f 59 |EnQFCSasoyjKG3/Y|
|0000b100| 2f 4b 66 72 31 41 5a 43 63 73 34 62 34 61 31 39 |/Kfr1AZCcs4b4a19|
|0000b110| 79 2b 46 49 49 51 6d 4d 59 4c 4b 76 59 2b 2f 72 |y+FIIQmMYLKvY+/r|
|0000b120| 34 43 2f 35 57 46 46 4c 31 36 78 46 4f 58 72 72 |4C/5WFFL16xFOXrr|
|0000b130| 49 34 55 76 6a 54 5a 76 6d 34 4f 44 45 2b 6b 67 |I4UvjTZvm4ODE+kg|
|0000b140| 69 39 4c 4e 5a 56 6d 78 69 73 2b 33 2f 55 54 66 |i9LNZVmxis+3/UTf|
|0000b150| 38 50 79 69 61 63 69 33 4f 39 35 74 68 69 71 6e |8Pyiaci3O95thiqn|
|0000b160| 4f 49 6b 76 7a 69 2b 2b 2f 2f 2f 37 37 35 78 32 |OIkvzi++///775x2|
|0000b170| 45 69 49 69 49 79 45 39 58 69 4d 44 51 43 4b 61 |EiIiIyE9XiMDQCKa|
|0000b180| 6b 5a 2f 78 4b 72 6d 6d 66 64 59 50 52 59 49 42 |kZ/xKrmmfdYPRYIB|
|0000b190| 34 34 31 7a 48 47 43 59 51 4e 49 52 66 2f 68 61 |441zHGCYQNIRf/ha|
|0000b1a0| 54 61 4e 73 76 74 54 34 4c 6a 57 56 36 57 66 38 |TaNsvtT4LjWV6Wf8|
|0000b1b0| 51 6d 4a 4d 53 35 39 34 6b 47 47 44 55 61 46 72 |QmJMS594kGGDUaFr|
|0000b1c0| 59 4c 4e 5a 69 79 76 79 51 6f 73 59 54 49 68 41 |YLNZiyvyQosYTIhA|
|0000b1d0| 4d 59 54 4a 47 61 59 4f 59 52 54 73 58 38 35 32 |MYTJGaYOYRTsX852|
|0000b1e0| 6e 41 50 35 67 41 75 5a 46 6e 55 64 59 57 44 39 |nAP5gAuZFnUdYWD9|
|0000b1f0| 61 52 4a 31 6a 75 44 36 6d 66 31 59 76 51 47 44 |aRJ1juD6mf1YvQGD|
|0000b200| 55 68 47 6d 75 54 68 44 30 45 7a 43 61 6e 39 47 |UhGmuThD0EzCan9G|
|0000b210| 4c 39 62 7a 55 66 31 79 4c 61 2f 30 2b 71 69 4d |L9bzUf1yLa/0+qiM|
|0000b220| 6c 63 48 36 6f 33 77 7a 35 32 52 73 63 48 4a 78 |lcH6o3wz52RscHJx|
|0000b230| 2f 6f 33 6d 38 4d 4c 2b 44 49 69 49 69 49 6a 39 |/o3m8ML+DIiIiIj9|
|0000b240| 4e 42 6b 78 4a 69 78 30 6b 78 57 37 75 77 54 39 |NBkxJix0kxW7uwT9|
|0000b250| 41 49 69 5a 6a 6c 4e 55 4c 32 6e 36 70 39 56 6c |AIiZjlNUL2n6p9Vl|
|0000b260| 6f 4c 4e 50 4c 6d 75 64 37 34 66 78 69 42 76 49 |oLNPLmud74fxiBvI|
|0000b270| 76 30 75 41 66 35 6f 6c 6e 73 63 6d 54 53 4b 4b |v0uAf5olnscmTSKK|
|0000b280| 64 69 2f 6e 4f 6b 77 6e 7a 6f 73 38 6a 4c 4b 77 |di/nOkwnzos8jLKw|
|0000b290| 66 4c 62 33 4f 30 61 38 50 67 43 69 44 66 34 42 |fLb3O0a8PgCiDf4B|
|0000b2a0| 6e 4e 76 67 48 33 4f 33 63 38 71 33 6b 6c 78 45 |nNvgH3O3c8q3klxE|
|0000b2b0| 48 2f 2f 42 6a 2f 57 61 49 52 4b 4a 33 41 49 69 |H//Bj/WaIRKJ3AIi|
|0000b2c0| 49 69 49 69 49 69 44 77 54 49 54 70 75 50 6f 44 |IiIiIiDwTITpuPoD|
|0000b2d0| 63 74 55 52 34 4f 45 44 6b 75 64 4d 6a 41 43 49 |ctUR4OEDkudMjACI|
|0000b2e0| 69 49 69 49 76 70 41 42 2b 58 77 69 6a 78 66 78 |iIiIvpAB+Xwijxfx|
|0000b2f0| 69 7a 56 36 4c 76 42 44 6d 76 7a 35 47 68 37 77 |izV6LvBDmvz5Gh7w|
|0000b300| 45 44 5a 59 6c 50 4d 61 77 47 4d 50 34 66 55 50 |EDZYlPMawGMP4fUP|
|0000b310| 77 6b 68 57 7a 4c 6c 78 35 78 70 37 46 49 77 42 |wkhWzLlx5xp7FIwB|
|0000b320| 4b 41 49 69 49 69 49 69 49 69 49 69 38 34 4a 35 |KAIiIiIiIiIi84J5|
|0000b330| 46 41 6b 43 50 41 49 69 49 69 49 69 49 69 49 67 |FAkCPAIiIiIiIiIg|
|0000b340| 73 41 30 6f 41 69 49 69 49 69 49 69 49 69 43 77 |sA0oAiIiIiIiIiCw|
|0000b350| 44 53 67 43 49 69 49 69 49 69 49 69 49 4c 41 4e |DSgCIiIiIiIiILAN|
|0000b360| 4b 41 49 69 49 69 49 69 49 69 49 67 73 41 30 6f |KAIiIiIiIiIgsA0o|
|0000b370| 41 69 49 69 49 69 49 69 49 69 43 77 44 53 67 43 |AiIiIiIiIiCwDSgC|
|0000b380| 49 69 49 69 49 69 49 69 49 4c 41 4e 4b 41 49 69 |IiIiIiIiILANKAIi|
|0000b390| 49 69 49 69 49 69 50 7a 2f 39 75 34 2f 75 4d 6e |IiIiIiPz/9u4/uMn|
|0000b3a0| 72 33 76 66 39 32 35 59 73 79 56 4a 6b 47 78 74 |r3vf925YsyVJkGxt|
|0000b3b0| 73 59 39 63 67 59 68 50 37 34 41 42 4f 2b 4f 55 |sY9cgYhP74ABO+OU|
|0000b3c0| 4e 41 34 30 62 6d 45 42 49 43 41 6e 4a 77 4c 37 |NA40bmEBICAnJwL7|
|0000b3d0| 4d 4a 4f 33 5a 54 51 2f 33 7a 6b 36 48 6d 5a 32 |MJO3ZTQ/3zk6HmZ2|
|0000b3e0| 5a 30 2f 76 48 32 64 4f 35 39 78 2f 75 44 44 32 |Z0/vH2dO59x/uDD2|
|0000b3f0| 48 33 62 31 6e 79 6d 32 7a 39 32 36 5a 6f 51 30 |H3b1nym2z926ZoQ0|
|0000b400| 44 70 49 53 51 34 4e 53 30 64 6d 47 67 35 6c 64 |DpISQ4NS0dmGg5ld|
|0000b410| 71 38 2b 76 61 77 61 34 64 56 42 74 6a 73 4a 45 |q8+vawa4dVBtjsJE|
|0000b420| 73 4a 4d 76 36 59 64 38 2f 4a 50 39 45 74 67 53 |sJMv6Yd8/JP9EtgS|
|0000b430| 59 4f 4d 57 66 31 31 39 47 6a 35 37 6e 2b 61 37 |YOMWf119Gj57n+a7|
|0000b440| 31 4c 41 6c 39 31 31 72 50 65 6b 53 6d 41 58 55 |1LAl911rPekSmAXU|
|0000b450| 41 69 49 69 49 69 48 7a 6a 64 58 43 78 71 70 59 |AiIiIiHzjdXCxqpY|
|0000b460| 47 33 31 54 48 45 5a 2f 37 78 69 55 61 62 76 6d |G31THEZ/7xiUabvm|
|0000b470| 6e 4f 6f 7a 52 2b 6a 70 6f 75 48 6f 44 39 31 54 |nOozR+jpouHoD91T|
|0000b480| 48 4d 59 4c 2f 31 70 66 55 33 58 43 4e 75 39 33 |HMYL/1pfU3XCNu93|
|0000b490| 62 56 4d 73 6e 6c 7a 71 2b 78 6f 68 47 65 4a 54 |bVMsnlzq+xohGeJT|
|0000b4a0| 36 38 6a 56 54 56 56 56 48 2b 32 54 48 4a 43 4b |68jVTVVVH+2THJCK|
|0000b4b0| 54 51 68 30 41 49 69 49 69 49 74 39 30 6e 67 36 |TQh0AIiIiIt90ng6|
|0000b4c0| 75 4e 48 64 77 2f 63 35 55 42 7a 4a 57 47 32 63 |uNHdw/c5UBzJWG2c|
|0000b4d0| 2f 50 63 30 56 7a 2f 41 72 7a 72 70 47 54 6a 62 |/Pc0Vz/ArzrpGTjb|
|0000b4e0| 32 54 46 31 49 73 58 68 61 4f 58 6e 71 4f 73 37 |2TF1IsXhaOXnqOs7|
|0000b4f0| 48 64 67 49 58 56 36 70 72 4f 44 74 75 31 6e 74 |HdgIXV6prODtu1nt|
|0000b500| 2f 50 66 55 30 4e 6e 43 69 62 76 77 45 76 37 4f |/PfU0NnCibvwEv7O|
|0000b510| 6c 6a 63 62 47 6a 71 6e 70 74 48 69 55 2b 72 72 |ljcbGjqnptHiU+rr|
|0000b520| 54 52 6b 4e 7a 42 7a 63 39 45 4b 76 63 44 79 64 |TRkNzBzc9EKvcDyd|
|0000b530| 65 2f 59 70 49 6f 6f 78 54 48 59 43 49 69 49 69 |e/YpIooxTHYCIiIi|
|0000b540| 49 78 47 45 76 34 35 30 64 5a 56 4d 64 52 51 77 |IxGEv450dZVMdRQw|
|0000b550| 65 57 70 31 64 5a 50 62 42 73 2f 61 70 6a 6d 55 |eWp1dZPbBs/apjmU|
|0000b560| 71 42 62 6a 5a 66 70 76 75 50 46 67 52 63 2f 75 |qBbjZfpvuPFgRc/u|
|0000b570| 44 31 39 4f 38 64 56 74 34 66 78 49 6a 2f 4e 72 |D19O8dVt4fxIj/Nr|
|0000b580| 4d 57 63 4e 37 4f 77 62 2f 4d 56 6e 74 49 31 37 |MWcN7Owb/MVntI17|
|0000b590| 39 69 6b 69 69 6b 67 59 47 42 67 61 6d 4f 67 67 |9ikiikgYGBgamOgg|
|0000b5a0| 52 45 52 47 52 62 79 54 50 6c 33 7a 79 36 57 55 |RERGRbyTPl3zy6WU|
|0000b5b0| 61 58 66 31 41 4d 74 62 73 66 44 61 73 4c 32 65 |aXf1AMtbsfDasL2e|
|0000b5c0| 65 31 63 76 46 6a 7a 37 6a 37 49 77 56 2f 42 38 |e1cvFjz7j7IwV/B8|
|0000b5d0| 56 63 77 41 58 4a 7a 2b 73 6f 73 6d 78 6a 76 39 |VcwAXJz+sosmxjv9|
|0000b5e0| 61 31 4d 44 50 44 33 6c 5a 2f 4c 4b 4e 70 6d 6f |a1MDPD3lZ/LKNpmo|
|0000b5f0| 6e 4e 33 73 42 67 78 6e 48 79 6c 57 38 57 5a 6f |nN3sBgxnHylW8WZo|
|0000b600| 56 50 58 41 41 5a 32 30 4e 6e 31 78 32 34 77 73 |VPXAAZ20Nn1x24ws|
|0000b610| 44 42 69 75 4f 6c 65 56 44 32 36 38 63 50 63 69 |DBiuOleVD268cPci|
|0000b620| 5a 31 4c 6e 4d 37 6e 54 53 61 43 2f 6c 2f 55 31 |Z1LnM7nTSaC/l/U1|
|0000b630| 77 59 4f 2b 58 5a 4c 36 35 69 58 55 7a 4a 34 6f |wYO+XZL65iXUzJ4o|
|0000b640| 4c 75 46 50 4c 7a 77 2b 35 6d 4c 30 67 47 65 63 |LuFPLzw+5mL0gGec|
|0000b650| 31 4e 7a 37 41 59 4d 39 68 77 2b 74 72 4b 4c 46 |1Nz7AYM9hw+trKLF|
|0000b660| 47 7a 68 35 71 50 38 65 42 4b 69 63 33 65 79 50 |Gzh5qP8eBKic3eyP|
|0000b670| 37 70 78 57 55 73 6d 56 6a 43 56 6b 4a 78 44 61 |7pxWUsmVjCVkJxDa|
|0000b680| 73 6b 36 72 39 66 36 52 2b 61 48 51 33 6b 2f 55 |sk6r9f6R+aHQ3k/U|
|0000b690| 37 58 6f 53 6a 42 7a 6d 5a 4f 70 65 43 54 69 65 |7XoSjBzmZOpeCTie|
|0000b6a0| 4e 6e 6e 34 67 68 64 6c 6c 35 57 77 76 7a 78 32 |Nnn4ghdll5Wwvzx2|
|0000b6b0| 6e 62 43 58 67 61 36 57 71 73 6f 37 36 7a 69 41 |nbCXga6Wqso76ziA|
|0000b6c0| 41 68 6f 78 5a 56 4c 79 30 6d 72 49 5a 68 6d 68 |AhoxZVLy0mrIZhmh|
|0000b6d0| 35 76 4b 7a 63 38 53 4c 50 44 70 32 37 59 58 52 |5vKzc8SLPDp27YXR|
|0000b6e0| 39 30 45 4e 44 56 51 33 48 6d 2f 73 49 41 34 61 |90ENDVQ3Hm/sIA4a|
|0000b6f0| 4d 48 44 59 55 42 7a 6c 32 7a 63 62 62 32 38 76 |MHDYUBzl2zcbb28v|
|0000b700| 4a 76 6c 50 4c 7a 77 2f 31 55 46 41 47 4c 58 57 |JvlPLzw/1UFAGLXW|
|0000b710| 78 36 34 53 37 44 52 7a 36 37 43 71 74 6e 68 68 |x64S7DRz67Cqtnhh|
|0000b720| 31 32 76 68 37 64 6c 2b 49 48 6d 73 77 68 42 46 |12vh7dl+IHmswhBF|
|0000b730| 78 63 66 51 67 6c 55 4f 6a 30 32 59 57 44 38 55 |xcfQglUOj02YWD8U|
|0000b740| 31 66 6a 31 6c 6e 7a 7a 4b 76 6a 74 5a 4c 4f 63 |1fj1lnzzKvjtZLOc|
|0000b750| 32 35 7a 71 44 6b 65 74 51 57 4d 62 32 64 59 58 |25zqDketQWMb2dYX|
|0000b760| 59 67 4d 36 54 52 39 6e 6e 65 69 5a 53 50 36 4e |YgM6TR9nneiZSP6N|
|0000b770| 69 53 32 48 32 67 6a 49 32 72 33 46 67 47 33 6b |iS2H2gjI2r3FgG3k|
|0000b780| 35 32 6b 2f 7a 72 35 38 47 57 66 2f 75 43 38 77 |52k/zr58GWf/uC8w|
|0000b790| 66 71 71 50 4c 68 46 61 2b 79 76 5a 46 46 67 43 |fqqPLhFa+yvZFFgC|
|0000b7a0| 63 31 55 63 34 77 76 4f 38 56 7a 48 6e 76 6a 61 |c1Uc4wvO8VzHnvja|
|0000b7b0| 51 57 56 44 4b 61 34 4e 74 49 46 71 32 69 64 71 |QWVDKa4NtIFq2idq|
|0000b7c0| 77 39 30 59 74 52 32 4a 74 47 36 71 58 68 64 79 |w90YtR2JtG6qXhdy|
|0000b7d0| 4d 55 65 35 6e 45 32 35 66 77 36 36 4d 56 37 38 |MUe5nE25fw66MV78|
|0000b7e0| 54 58 62 4d 59 78 78 6a 56 4c 71 4d 78 62 38 36 |TXbMYxxjVLqMxb86|
|0000b7f0| 37 7a 5a 48 50 4c 74 50 71 75 62 2b 4d 65 4c 37 |7zZHPLtPqub+MeL7|
|0000b800| 6b 6b 36 4f 58 6f 2b 30 34 6d 63 7a 43 4d 6b 70 |kk6OXo+04mczCMkp|
|0000b810| 37 76 36 41 2b 34 39 76 38 59 45 33 32 41 33 7a |7v6A+49v8YE32A3z|
|0000b820| 57 76 6f 72 57 55 77 71 7a 46 35 61 51 33 58 79 |WvorWUwqzF5aQ3Xy|
|0000b830| 5a 37 71 56 76 73 62 55 34 67 62 62 4c 2f 5a 2f |Z7qVvsbU4gbbL/Z/|
|0000b840| 58 55 64 64 4b 70 70 57 65 6e 6b 65 66 58 61 55 |XUddKppWenkefXaU|
|0000b850| 5a 41 43 49 69 49 69 49 78 4e 58 50 6b 34 47 57 |ZACIiIiIxNXPk4GW|
|0000b860| 36 69 38 76 5a 75 53 30 66 49 7a 31 63 72 36 37 |6i8vZuS0fIz1cr67|
|0000b870| 68 38 4e 47 4c 66 47 2f 62 45 70 5a 55 50 45 33 |h8NGLfG/bEpZUPE3|
|0000b880| 39 67 54 71 71 46 75 53 7a 38 73 34 35 36 6e 6d |9gTqqFuSz8s456nm|
|0000b890| 61 2f 36 30 38 41 2b 34 41 64 48 50 71 6a 49 58 |a/608A+4AdHPqjIX|
|0000b8a0| 58 33 6e 69 44 2b 66 59 77 37 70 62 7a 48 50 69 |X3niD+fYw7pbzHPi|
|0000b8b0| 38 68 69 50 57 7a 57 79 65 5a 36 43 72 74 6f 6f |8hiPWzWyeZ6Crtoo|
|0000b8c0| 44 6a 54 5a 65 32 66 59 47 4a 58 59 44 6f 54 74 |DjTZe2fYGJXYDoTt|
|0000b8d0| 31 48 44 67 36 76 42 32 67 70 2f 55 32 38 39 61 |1HDg6vB2gp/U289a|
|0000b8e0| 75 35 74 32 63 44 4f 41 76 43 63 63 56 53 51 6f |u5t2cDOAvCccVSQo|
|0000b8f0| 38 33 41 77 76 59 2f 73 4f 42 2b 6b 68 46 33 57 |83AwvY/sOB+khF3W|
|0000b900| 66 2f 5a 35 6a 6c 5a 64 77 76 4c 45 49 79 39 32 |f/Z5jlZdwvLEIy92|
|0000b910| 4c 37 44 76 71 78 4c 5a 36 48 65 2b 58 70 6b 47 |L7DvqxLZ6He+XpkG|
|0000b920| 6f 6a 61 6f 44 5a 2f 68 31 5a 51 72 76 72 53 39 |ojaoDZ/h1ZQrvrS9|
|0000b930| 4d 4b 4c 61 49 62 4e 5a 74 58 30 6a 33 71 45 51 |MKLaIbNZtX0j3qEQ|
|0000b940| 63 72 67 41 2b 70 34 76 73 54 61 2f 79 36 6b 77 |crgA+p4vsTa/y6kw|
|0000b950| 44 2f 76 62 7a 37 44 74 61 79 2f 45 35 6d 39 6d |D/vbz7Dtay/E5m9m|
|0000b960| 51 52 34 79 79 33 65 44 34 77 66 4d 34 35 7a 7a |QR4yy3eD4wfM45zz|
|0000b970| 50 75 35 73 4b 53 54 64 47 79 76 50 78 62 32 75 |Pu5sKSTdGyvPxb2u|
|0000b980| 77 62 48 2b 52 6b 72 6a 58 4b 63 7a 31 79 69 71 |wbH+RkrjXKcz1yiq|
|0000b990| 4f 64 65 58 79 32 76 5a 6c 7a 4c 63 62 63 4c 66 |OdeXy2vZlzLcbcLf|
|0000b9a0| 55 63 76 6a 7a 57 32 41 66 6d 53 4b 37 63 66 61 |UcvjzW2AfmSK7cfa|
|0000b9b0| 4f 55 79 65 2b 4f 76 59 66 61 49 59 56 71 2f 6a |OUye+OvYfaIYVq/j|
|0000b9c0| 48 35 33 4b 78 68 44 6f 35 65 2f 51 55 68 33 39 |H53KxhDo5e/QUh39|
|0000b9d0| 37 6a 72 65 33 4c 78 39 4f 2b 73 66 78 37 4b 5a |7jre3Lx9O+sfx7KZ|
|0000b9e0| 76 63 33 50 2f 48 30 63 6b 64 53 50 46 72 71 64 |vc3P/H0ckdSPFrqd|
|0000b9f0| 4f 67 4d 34 75 76 43 39 39 68 2f 66 6e 70 52 48 |OgM4uvC99h/fnpRH|
|0000ba00| 79 58 4f 4c 77 77 53 38 34 63 69 6c 2f 4b 47 47 |yXOLwwS84cil/KGG|
|0000ba10| 50 38 48 4f 78 2b 6a 4c 64 65 53 76 5a 57 5a 47 |P8HOx+jLdeSvZWZG|
|0000ba20| 50 30 58 4f 4a 41 78 39 65 35 41 38 4f 42 36 2f |P0XOJAx9e5A8OB6/|
|0000ba30| 4f 47 66 47 32 76 41 4b 4b 44 46 2f 51 31 41 37 |OGfG2vAKKDF/Q1A7|
|0000ba40| 7a 38 34 43 57 44 6a 71 42 76 71 59 47 2f 49 76 |z84CWDjqBvqYG/Iv|
|0000ba50| 4b 73 4e 42 4a 51 7a 73 55 56 63 79 42 75 78 66 |KsNBJQzsUVcyBuxf|
|0000ba60| 5a 64 37 53 64 7a 4c 58 72 65 4c 38 6f 44 61 4c |Zd7SdzLXreL8oDaL|
|0000ba70| 6c 48 57 77 44 45 52 4f 31 34 51 35 4f 56 72 64 |lHWwDERO14Q5OVrd|
|0000ba80| 68 58 50 6f 53 37 35 65 6d 45 57 6f 2f 7a 58 38 |hXPoS75emEWo/zX8|
|0000ba90| 63 50 63 2f 5a 4f 65 74 48 6a 4e 44 48 4c 6e 66 |cPc/ZOetHjNDHLnf|
|0000baa0| 69 37 53 74 4f 2f 54 37 45 4e 66 4d 35 50 52 53 |i7StO/T7ENfM5PRS|
|0000bab0| 38 39 53 71 76 32 67 32 34 57 30 35 7a 34 50 4e |89Sqv2g24W05z4PN|
|0000bac0| 54 2f 44 7a 44 7a 73 70 4e 72 2f 47 6d 33 59 44 |T/DzDzspNr/Gm3YD|
|0000bad0| 37 61 67 33 37 54 74 56 79 4d 6d 38 6a 61 32 59 |7ag37TtVyMm8ja2Y|
|0000bae0| 30 63 2b 52 67 50 5a 33 7a 6e 75 66 64 31 59 50 |0c+RgPZ3znufd1YP|
|0000baf0| 74 38 68 51 66 74 30 4e 61 78 73 69 6a 78 76 2b |t8hQft0Naxsijxv+|
|0000bb00| 73 6d 56 65 73 48 68 48 6a 47 55 35 35 6f 41 42 |smVesHhHjGU55oAB|
|0000bb10| 49 71 4f 30 6d 64 4b 31 45 45 71 63 31 41 45 52 |IqO0mdK1EEqc1AER|
|0000bb20| 45 52 45 52 69 61 57 71 6c 79 5a 7a 50 4b 36 76 |ERERiaWqlyZzPK6v|
|0000bb30| 79 6f 79 4d 6d 61 63 79 76 65 49 59 43 56 78 76 |yoyMmacyveIYCVxv|
|0000bb40| 31 64 34 45 5a 53 33 68 6c 49 64 53 66 71 4f 4c |1d4EZS3hlIdSfqOL|
|0000bb50| 51 57 54 2b 6c 61 35 65 4d 47 4a 47 7a 73 76 79 |QWT+la5eMGJGzsvy|
|0000bb60| 6c 56 63 79 33 47 77 41 54 36 66 4e 57 73 61 48 |lVcy3GwAT6fNWsaH|
|0000bb70| 59 51 4e 50 6c 36 30 41 6e 39 63 30 2b 43 73 70 |YQNPl60An9c0+Csp|
|0000bb80| 58 55 32 4b 50 4a 44 7a 47 6d 57 56 55 46 4b 58 |XU2KPJDzGmWVUFKX|
|0000bb90| 51 64 4b 31 35 2b 41 6a 46 53 31 67 33 4c 35 74 |QdK15+AjFS1g3L5t|
|0000bba0| 30 71 2b 6e 42 34 67 49 67 6e 65 55 56 44 74 49 |0q+nB4gIgneUVDtI|
|0000bbb0| 42 6a 42 6d 55 72 63 6a 48 32 6e 6d 62 56 71 44 |BjBmUrcjH2nmbVqD|
|0000bbc0| 72 57 68 76 64 32 59 57 38 56 70 6f 57 65 61 73 |rWhvd2YW8VpoWeas|
|0000bbd0| 78 6e 33 57 62 56 72 42 36 58 67 72 75 42 47 4f |xn3WbVrB6XgruBGO|
|0000bbe0| 4c 78 31 71 30 69 42 55 7a 54 59 41 42 53 39 34 |Lx1q0iBUzTYABS94|
|0000bbf0| 79 6c 75 63 46 63 62 5a 30 78 69 35 62 30 33 57 |ylucFcbZ0xi5b03W|
|0000bc00| 75 68 76 50 59 55 46 46 49 75 6e 47 77 50 4f 55 |uhvPYUFFIunGwPOU|
|0000bc10| 73 4e 6e 64 7a 73 54 47 52 78 51 53 62 71 57 38 |sNndzsTGRxQSbqW8|
|0000bc20| 31 55 46 71 78 69 76 6e 32 79 44 6e 54 35 36 33 |1UFqxivn2yDnT563|
|0000bc30| 69 74 62 4b 78 77 38 41 54 31 4d 6d 66 62 33 41 |itbKxw8AT1Mmfb3A|
|0000bc40| 7a 75 35 41 74 7a 2b 56 69 41 54 42 6d 73 2b 4b |zu5Atz+ViATBms+K|
|0000bc50| 4e 55 67 6f 38 37 56 78 38 6e 50 65 64 35 7a 33 |NUgo87Vx8nPed5z3|
|0000bc60| 44 68 6e 6d 52 36 32 43 30 4c 32 4a 31 6b 5a 6d |DhnmR62C0L2J1kZm|
|0000bc70| 62 7a 68 74 6a 33 70 53 43 32 51 68 39 6e 69 36 |bzhtj3pSC2Qh9ni6|
|0000bc80| 38 49 63 42 65 79 6d 76 62 58 2b 51 37 65 57 4d |8IcBeymvbX+Q7eWM|
|0000bc90| 50 4e 6f 65 69 76 44 44 4f 70 6b 67 39 58 32 2f |PNoeivDDOpkg9X2/|
|0000bca0| 73 49 6e 50 46 30 38 7a 75 37 4b 49 4a 77 4f 50 |sInPF08zu7KIJwOP|
|0000bcb0| 45 36 63 75 67 4b 43 2f 61 42 76 4a 4b 32 46 77 |E6cugKC/aBvJK2Fw|
|0000bcc0| 30 32 41 61 79 57 62 45 71 48 30 4e 72 4b 77 31 |02AayWbEqH0NrKw1|
|0000bcd0| 44 78 35 75 6f 44 61 64 67 4e 50 62 6a 37 6e 4c |Dx5uoDadgNPbj7nL|
|0000bce0| 68 42 34 78 35 79 39 69 2b 66 53 57 4c 34 30 37 |hB4x5y9i+fSWL407|
|0000bcf0| 7a 6e 35 7a 32 42 51 39 33 7a 61 78 46 70 5a 51 |zn5z2BQ93zaxFpZQ|
|0000bd00| 4e 74 5a 46 46 6c 47 51 45 49 57 2f 45 61 36 56 |NtZFFlGQEIW/Ea6V|
|0000bd10| 4c 38 41 39 2b 31 51 41 41 49 41 42 4a 52 45 46 |L8A9+1QAAIABJREF|
|0000bd20| 55 57 4a 7a 68 34 32 59 6e 6b 63 38 5a 59 39 76 |UWJzh42Ynkc8ZY9v|
|0000bd30| 6c 4b 70 5a 6e 6a 44 31 71 2f 4d 2f 61 36 42 67 |lKpZnjD1q/M/a6Bg|
|0000bd40| 58 55 6a 54 55 7a 78 47 2f 37 53 5a 32 72 55 51 |XUjTUzxG/7SZ2rUQ|
|0000bd50| 53 70 78 6b 41 49 69 49 69 49 6a 46 30 74 6e 76 |SpxkAIiIiIjF0tnv|
|0000bd60| 42 30 38 32 2b 76 66 63 76 68 57 62 6f 41 6d 5a |B082+vfcvhWboAmZ|
|0000bd70| 41 39 71 70 46 46 44 65 65 70 79 6e 76 65 64 36 |A9qpFFDeepynved6|
|0000bd80| 5a 4f 66 49 64 46 6a 4a 6e 6a 4e 36 6e 49 4d 38 |ZOfIdFjJnjN6nIM8|
|0000bd90| 4f 46 31 78 30 41 72 63 39 34 4b 7a 2b 69 4e 33 |OF1x0Arc94Kz+iN3|
|0000bda0| 56 59 77 35 73 64 39 45 56 2f 64 4d 34 7a 6a 68 |VYw5sd9EV/dM4zjh|
|0000bdb0| 4e 33 4c 67 79 41 41 79 6a 66 2b 51 5a 49 6a 2f |N3LgyAAyjf+QZIj/|
|0000bdc0| 36 51 73 44 4e 72 6a 37 53 5a 75 59 78 63 6f 77 |6QsDNrj7SZuYxcow|
|0000bdd0| 5a 2b 78 7a 4b 69 67 45 61 34 73 61 57 79 4c 54 |Z+xzKigEa4saWyLT|
|0000bde0| 6a 30 62 46 48 59 77 6e 48 33 74 37 5a 37 6f 57 |j0bFHYwnH3t7Z7oW|
|0000bdf0| 5a 2b 64 45 52 30 55 48 5a 7a 4c 5a 44 69 36 73 |Z+dER0UHZzLZDi6s|
|0000be00| 48 37 6b 74 30 78 37 6a 54 54 54 64 32 53 73 61 |H7kt0x7jTTTd2Ssa|
|0000be10| 38 4c 32 75 47 5a 63 77 62 48 37 42 4f 79 43 54 |8L2uGZcwbH7BOyCT|
|0000be20| 54 48 71 54 37 6b 52 65 77 53 31 79 6b 6e 76 72 |THqT7kRewS1yknvr|
|0000be30| 48 76 47 72 67 32 62 58 4c 36 44 35 78 69 66 2f |HvGrg2bXL6D5xif/|
|0000be40| 34 6f 42 45 79 4d 6e 6c 32 61 52 6e 72 69 75 37 |4oBEyMnl2aRnriu7|
|0000be50| 66 66 33 35 78 46 73 66 4f 4f 6e 48 6a 70 36 6e |ff35xFsfOOnHjp6n|
|0000be60| 64 52 6b 6c 46 4b 62 52 38 53 6c 4d 4c 46 48 6c |dRklFKbR8SlMLFHl|
|0000be70| 75 34 79 36 59 7a 33 7a 67 53 6c 63 66 74 46 39 |u4y6Yz3zgSlcftF9|
|0000be80| 6d 39 39 37 4c 59 34 35 67 70 76 30 75 30 56 6b |m997LY45gpv0u0Vk|
|0000be90| 58 45 37 58 68 45 74 61 39 76 4a 42 50 54 6e 7a |XE7XhEta9vJBPTnz|
|0000bea0| 42 76 2b 30 39 6a 7a 56 72 46 6b 76 57 4c 47 46 |Bv+09jzVrFkvWLGF|
|0000beb0| 46 33 41 36 41 37 6b 6c 70 58 2f 42 77 31 32 78 |F3A6A7klpX/Bw12x|
|0000bec0| 30 75 38 77 67 30 78 72 37 74 5a 75 4d 31 79 34 |0u8wg0xr7tZuM1y4|
|0000bed0| 6a 32 30 64 37 30 48 5a 6c 78 32 61 46 50 6b 69 |j20d70HZlx2aFPki|
|0000bee0| 6f 37 64 36 4d 64 36 33 47 58 43 4f 52 65 4e 51 |o7d6Md63GXCOReNQ|
|0000bef0| 42 49 43 49 69 49 68 4a 44 64 6f 34 4e 6e 4e 6d |BICIiIhJDdo4NnNm|
|0000bf00| 6a 37 2f 76 47 6a 39 63 54 77 42 42 4e 64 4c 78 |j7/vGj9cTwBBNdLx|
|0000bf10| 58 76 36 54 56 62 4d 62 57 32 73 44 4a 75 34 57 |Xv6TVbMbW2sDJu4W|
|0000bf20| 73 6d 54 48 38 76 75 36 37 77 49 67 66 35 38 35 |smTH8vu67wIgf585|
|0000bf30| 32 44 39 6a 7a 79 53 61 54 54 44 75 77 39 41 32 |2D9jzySaTTDuw9A2|
|0000bf40| 32 46 67 39 50 65 51 37 35 58 48 69 78 6b 6b 34 |2Fg9PeQ75XHixkk4|
|0000bf50| 6b 41 58 6e 6f 75 4f 49 38 4b 53 41 37 77 30 79 |kAXnouOI8KSA7w0y|
|0000bf60| 50 71 78 74 47 54 70 49 4f 65 58 48 33 67 73 30 |PqxtGTpIOeXH3gs0|
|0000bf70| 65 50 37 62 4a 6c 70 31 6a 67 78 59 58 37 59 7a |eP7bJlp1jgxYX7Yz|
|0000bf80| 4d 39 56 31 30 2b 38 44 6d 53 41 4f 37 42 52 74 |M9V10+8DmSAO7BRt|
|0000bf90| 64 6b 61 52 75 4d 4d 48 30 65 50 45 43 6d 51 41 |dkaRuMMH0ePECmQA|
|0000bfa0| 7a 4d 30 69 6e 41 32 63 37 50 44 73 69 6b 65 71 |zM0inA2c7PDsikeq|
|0000bfb0| 36 36 34 66 52 64 38 6d 50 48 30 4f 73 4f 73 47 |664fRd8mPH0OsOsG|
|0000bfc0| 44 31 35 64 43 6d 68 33 41 67 74 6e 6e 78 7a 33 |D15dCmh3Agtnnxz3|
|0000bfd0| 79 48 52 34 2f 33 67 63 76 37 73 4f 78 4f 6c 69 |yHR4/3gcv7sOxOli|
|0000bfe0| 7a 79 63 45 61 41 72 68 76 58 4f 62 59 69 52 71 |zycEaArhvXObYiRq|
|0000bff0| 4f 47 47 4a 4d 6d 5a 39 58 77 4c 77 54 7a 62 54 |OGGJMmZ9XwLwTzbT|
|0000c000| 63 43 75 4b 30 7a 6d 4b 6c 32 51 4a 35 46 73 36 |cCuK0zmKl2QJ5Fs6|
|0000c010| 30 74 74 4c 6b 38 54 4a 76 67 51 4f 49 6c 42 65 |0ttLk8TJvgQOIlBe|
|0000c020| 69 36 77 73 4d 47 6d 6f 44 52 4e 76 51 52 47 30 |i6wsMGmoDRNvQRG0|
|0000c030| 59 6d 46 48 43 71 32 2b 56 38 43 70 2b 32 68 76 |YmFHCq2+V8Cp+2hv|
|0000c040| 50 63 65 79 33 4e 66 52 74 33 63 69 61 43 51 73 |Pcey3NfRt3ciaCQs|
|0000c050| 79 65 65 30 72 2f 6a 56 37 4e 4e 6b 35 4e 6d 6a |yee0r/jV7NNk5Nmj|
|0000c060| 71 77 67 6b 6a 4f 67 45 69 37 5a 4c 37 5a 67 46 |qwgkjOgEi7ZL7ZgF|
|0000c070| 4d 45 4f 4f 64 64 76 78 6b 6a 2b 67 45 38 4f 41 |MEOOddvxkj+gE8OA|
|0000c080| 64 66 4a 78 6e 41 6d 30 33 37 72 55 53 65 55 43 |dfJxnAm037rUSeUC|
|0000c090| 36 42 55 42 45 52 45 51 6b 6c 6d 49 48 52 58 31 |6BUBEREQklmIHRX1|
|0000c0a0| 74 56 46 38 64 58 48 51 70 67 50 50 6b 37 2f 6a |tVF8dXHQpgPPk7/j|
|0000c0b0| 5a 52 35 65 35 44 65 42 72 34 4e 6a 5a 49 49 74 |ZR5e5DeBr4NjZIIt|
|0000c0c0| 66 33 73 67 72 43 38 4b 63 71 36 34 62 6b 52 44 |f3sgrC8Kcq64bkRD|
|0000c0d0| 36 71 4b 2b 75 6f 7a 4d 55 2b 56 65 6f 76 5a 62 |6qK+uozMU+VeovZb|
|0000c0e0| 6a 6a 57 45 63 43 78 78 41 4e 73 38 58 57 6e 46 |jjWEcCxxANs8XWnF|
|0000c0f0| 65 4f 49 38 7a 75 68 31 50 41 34 63 2f 72 4f 4a |eOI8zuh1PA4c/rOJ|
|0000c100| 59 30 39 6a 52 33 34 65 49 4b 34 37 73 42 62 6d |Y09jR34eIK47sBbm|
|0000c110| 6b 74 58 39 4a 56 58 73 67 2b 6b 6f 50 64 5a 39 |ktX9JVXsg+koPdZ9|
|0000c120| 56 73 75 39 30 42 38 59 48 6a 69 30 46 73 79 47 |Vsu90B8YHji0FsyG|
|0000c130| 49 31 78 57 4f 73 53 31 42 78 51 36 4b 77 6d 31 |I1xWOsS1BxQ6Kwm1|
|0000c140| 55 6e 6d 34 6a 46 43 31 50 35 35 2f 50 55 65 2f |Unm4jFC1P55/PUe/|
|0000c150| 4c 5a 45 6d 78 42 63 79 7a 79 45 7a 31 30 58 42 |LZEmxBcyzyEz10XB|
|0000c160| 68 63 4c 75 58 6c 74 6f 32 75 6f 63 4f 4d 4a 2f |hcLuXlto2uocOMJ/|
|0000c170| 6e 48 57 47 75 56 74 63 4f 78 52 79 36 55 30 66 |nHWGuVtcOxRy6U0f|
|0000c180| 6c 4e 64 39 39 70 78 70 50 39 73 4a 38 4d 74 73 |lNd99pxpP9sJ8Mts|
|0000c190| 62 4f 4e 49 30 57 4b 63 39 58 4b 2b 2b 53 70 4d |bONI0WKc9XK++SpM|
|0000c1a0| 31 6a 79 56 35 51 4a 61 64 7a 48 41 58 58 77 7a |1jyV5QJadzHAXXwz|
|0000c1b0| 56 65 52 64 6e 2f 39 77 31 59 6c 4b 44 43 62 4d |VeRdn/9w1YlKDCbM|
|0000c1c0| 42 76 48 64 64 34 35 7a 68 55 65 72 4a 78 63 6b |BvHdd45zhUerJxck|
|0000c1d0| 50 44 2f 4c 7a 6b 78 32 41 69 66 51 35 44 6d 5a |PD/Lzkx2AifQ5DmZ|
|0000c1e0| 62 2b 2f 46 36 67 6a 48 65 36 36 41 6f 78 38 4d |b+/F6gjHe66Aox8M|
|0000c1f0| 58 31 5a 30 59 48 59 57 6b 41 2b 6d 6c 75 64 6a |X1Z0YHYWkA+mludj|
|0000c200| 61 72 33 4c 75 54 67 5a 46 30 62 6e 6e 6b 66 4c |ar3LuTgZF0bnnkfL|
|0000c210| 65 33 77 5a 2b 55 64 56 4d 61 4f 68 59 45 37 58 |e3wZ+UdVMaOhYE7X|
|0000c220| 68 5a 6f 37 38 34 6a 41 48 72 6e 6f 42 43 33 6d |hZo784jAHrnoBC3m|
|0000c230| 46 75 57 51 61 67 6e 68 37 34 35 55 37 58 76 75 |FuWQagnh745U7Xvu|
|0000c240| 4b 50 4f 37 76 44 79 32 42 4d 63 65 35 76 33 37 |KPO7vDy2BMce5v37|
|0000c250| 6a 58 72 4e 48 56 65 79 67 69 48 61 4f 6e 78 7a |jXrNHVeygiHaOnxz|
|0000c260| 54 4c 73 65 37 78 44 46 6b 4c 38 77 6e 73 37 4f |TLse7xDFkL8wns7O|
|0000c270| 5a 6a 36 2b 4f 69 58 47 6f 47 63 52 76 75 34 6c |Zj6+OiXGoGcRvu4l|
|0000c280| 64 4b 35 48 45 61 51 61 41 69 49 69 49 53 45 79 |dK5HEaQaAiIiISEy|
|0000c290| 46 62 48 37 64 77 34 47 6a 6e 37 50 37 54 44 4a |FbH7dw4Gjn7P7TDJ|
|0000c2a0| 6d 2b 67 6c 5a 63 33 6a 6c 6a 58 49 4b 38 46 4a |m+glZc3jljXIK8FJ|
|0000c2b0| 33 34 69 72 75 6f 74 56 73 6e 57 47 41 4e 57 57 |34iruotVsnWGANWW|
|0000c2c0| 55 2f 75 6f 73 52 79 37 4e 5a 33 73 65 51 44 71 |U/uosRy7NZ3seQDq|
|0000c2d0| 6c 78 53 36 4f 66 48 41 51 72 77 48 43 34 52 52 |lxS6OfHAQrwHC4RR|
|0000c2e0| 6d 6c 36 33 69 7a 61 4c 49 4f 47 42 57 2b 51 74 |ml63izaLIOGBW+Qt|
|0000c2f0| 73 36 61 33 68 30 41 63 48 77 5a 52 4d 4f 47 42 |s6a3h0AcHwZRMOGB|
|0000c300| 67 64 74 6c 4b 74 69 34 61 4f 32 33 39 51 65 4e |gdtlKti4aO239QeN|
|0000c310| 4b 77 4d 7a 6c 62 46 39 37 6b 76 32 66 66 73 78 |KwMzlbF97kv2ffsx|
|0000c320| 75 6b 6a 47 45 2b 7a 46 6e 50 38 32 57 54 59 55 |ukjGE+zFnP82WTYU|
|0000c330| 50 45 5a 75 44 35 51 73 61 4f 48 44 69 49 33 61 |PEZuD5QsaOHDiI3a|
|0000c340| 66 69 44 34 46 34 49 45 56 73 76 6e 31 49 49 63 |fiD4F4IEVsvn1IIc|
|0000c350| 2b 4f 38 4f 65 77 56 6e 4f 39 6c 6d 73 66 58 30 |+O8OewVnO9lmsfX0|
|0000c360| 31 4a 57 61 41 66 44 61 73 66 35 72 39 6c 57 66 |1JWaAfDasf5r9lWf|
|0000c370| 59 73 7a 63 5a 41 77 59 79 79 33 49 70 59 48 42 |YszcZAwYyy3IpYHB|
|0000c380| 4e 41 51 50 7a 31 36 39 69 2b 55 65 31 48 50 6a |NAQPz169i+Ue1HPj|
|0000c390| 67 49 41 59 44 68 4b 32 7a 57 46 75 63 7a 73 33 |gIAYDhK2zWFuczs3|
|0000c3a0| 57 42 45 4f 59 73 59 53 74 4c 77 63 35 64 4f 4a |WBEOYsYStLwc5dOJ|
|0000c3b0| 7a 64 70 2b 49 76 47 54 4f 4b 6d 44 4c 36 39 48 |zdp+IvGTOKmDL69H|
|0000c3c0| 46 35 4d 79 4c 32 4c 7a 57 78 66 37 71 53 4a 30 |F5MyL2LzWxf7qSJ0|
|0000c3d0| 54 54 71 47 34 62 42 5a 70 6e 59 4e 4a 65 41 5a |TTqG4bBZpnYNJeAZ|
|0000c3e0| 4c 6e 70 76 46 6c 65 6f 71 64 74 65 4e 66 51 70 |LnpvFleoqdteNfQp|
|0000c3f0| 41 37 48 71 4b 74 37 44 67 73 41 7a 57 56 44 79 |A7HqKt7DgsAzWVDy|
|0000c400| 4e 73 2f 49 55 75 78 73 6a 31 38 75 59 39 54 52 |Ns/IUuxsj18uY9TR|
|0000c410| 62 59 6c 34 50 41 38 38 57 5a 31 42 5a 37 57 56 |bYl4PA88WZ1BZ7WV|
|0000c420| 78 55 58 53 59 32 6c 35 41 41 58 2b 68 66 6d 62 |xUXSY2l5AAX+hfmb|
|0000c430| 68 38 46 4d 55 5a 69 78 68 36 38 74 2b 44 6e 7a |h8FMUZixh68t+Dnz|
|0000c440| 36 4d 62 74 4a 77 52 41 4f 59 73 36 65 79 39 5a |6MbtJwRAOYs6ey9Z|
|0000c450| 4e 69 30 61 4d 56 45 2f 55 68 67 74 5a 56 39 48 |Ni0aMVE/UhgtZV9H|
|0000c460| 47 2f 75 72 50 32 48 30 6d 45 70 4f 74 38 50 6e |G/urP2H0mEpOt8Pn|
|0000c470| 49 49 6f 2b 6a 5a 71 44 63 58 2b 35 6e 4a 32 70 |IIo+jZqDcX+5nJ2p|
|0000c480| 66 66 51 33 55 4e 77 59 6f 57 54 6c 6d 33 59 75 |ffQ3UNwYoWTlm3Yu|
|0000c490| 59 39 52 76 6e 6d 6a 32 79 51 6a 5a 76 64 45 58 |Y9Rvnmj2yQjZvdEX|
|0000c4a0| 61 33 62 56 6b 44 50 52 6a 4b 31 68 49 61 64 37 |a3bVkDPRjK1hIad7|
|0000c4b0| 6c 79 4a 6f 4b 69 5a 69 78 68 4b 31 72 76 5a 46 |lyJoKiZixhK1rvZF|
|0000c4c0| 32 63 79 72 61 64 68 63 34 4b 4c 5a 66 4a 35 4c |2cyradhc4KLZfJ5L|
|0000c4d0| 69 4a 39 42 32 45 37 70 57 49 6f 6e 54 59 77 42 |iJ9B2E7pWIonTYwB|
|0000c4e0| 46 52 45 52 45 34 67 6e 35 38 52 73 74 69 66 33 |FRERE4gn58Rstif3|
|0000c4f0| 67 48 76 50 59 75 6c 43 66 48 36 4e 35 76 44 33 |gHvPYulCfH6N5vD3|
|0000c500| 44 2b 50 76 43 57 4d 78 6a 45 35 37 48 45 46 63 |D+PvCWMxjE57HEFc|
|0000c510| 73 66 58 35 43 5a 73 73 34 49 30 4b 50 47 4e 76 |sfX5CZss4I0KPGNv|
|0000c520| 44 43 48 6e 78 59 73 50 32 30 45 4e 55 66 72 78 |DCHnxYsP20ENUfrx|
|0000c530| 39 4b 64 6a 4d 68 74 69 50 37 6b 74 45 6e 78 65 |9KdjMhtiP7ktEnxe|
|0000c540| 2f 32 66 62 4e 54 4b 34 65 39 58 72 48 4d 6d 45 |/2fbNTK4e9XrHMmE|
|0000c550| 62 69 4a 35 32 6f 6a 61 63 77 50 36 78 78 57 68 |biJ52ojacwP6xxWh|
|0000c560| 66 6a 62 2f 6e 58 31 73 63 44 37 36 36 2f 65 4f |fjb/nX1scD766/eO|
|0000c570| 2b 5a 67 39 64 78 6d 45 54 66 77 39 41 51 6d 31 |+Zg9dxmETfw9AQm1|
|0000c580| 33 45 75 4b 51 76 32 32 54 38 52 68 41 33 51 49 |3EuKQv22T8RhA3QI|
|0000c590| 67 49 69 49 69 45 73 38 6a 4a 46 30 54 2f 2b 67 |gIiIiEs8jJF0T/+g|
|0000c5a0| 33 50 46 71 43 2f 61 6a 4a 34 49 54 4a 78 43 50 |3PFqC/ajJ4ITJxCP|
|0000c5b0| 47 39 6a 43 4d 44 35 50 38 68 32 6d 6f 50 4d 79 |G9jCMD5P8h2moPMy|
|0000c5c0| 2f 48 6d 33 41 69 79 57 53 51 4f 47 6c 72 74 47 |/Hm3AiyWSQOGlrtG|
|0000c5d0| 46 49 57 76 57 67 34 38 47 66 31 4f 54 66 33 6a |FIWvWg48Gf1OTf3j|
|0000c5e0| 30 36 78 31 4c 41 67 6e 6c 68 47 33 34 6f 52 50 |06x1LAgnlhG34oRP|
|0000c5f0| 53 2b 39 74 58 53 33 75 51 6b 6b 55 50 38 57 69 |S+9tXS3uQkkUP8Wi|
|0000c600| 37 78 33 33 4e 4a 69 48 70 6a 6c 32 48 44 39 68 |7x33NJiHpjl2HD9h|
|0000c610| 32 6c 66 7a 4c 4a 46 41 62 45 68 45 52 45 5a 47 |2lfzLJFAbEhEREZG|
|0000c620| 2f 59 51 5a 4b 31 70 52 79 35 63 50 4c 2f 4f 78 |/YQZK1pRy5cPL/Ox|
|0000c630| 58 72 52 54 4d 74 42 42 79 64 58 47 7a 4c 34 50 |XrRTMtBBydXGzL4P|
|0000c640| 31 32 2f 53 63 39 4c 38 6c 38 79 72 57 4d 32 2b |12/Sc9L8l8yrWM2+|
|0000c650| 71 67 2f 68 61 71 65 33 4b 31 30 2b 33 41 49 69 |qg/haqe3K10+3AIi|
|0000c660| 49 69 49 68 4d 4b 6a 39 65 54 78 69 7a 33 61 61 |IiIhMKj9eTxiz3aa|
|0000c670| 52 6c 71 39 56 41 50 65 4e 56 6c 6f 38 66 6f 7a |Rlq9VAPeNVlo8foz|
|0000c680| 32 66 49 72 6d 5a 48 31 7a 52 2f 4a 46 52 6c 48 |2fIrmZH1zR/JFRlH|
|0000c690| 62 6c 63 52 4d 78 69 30 41 36 67 41 51 45 52 45 |blcRMxi0A6gAQERE|
|0000c6a0| 52 45 52 45 52 2b 59 62 54 47 67 41 69 49 69 49 |RERER+YbTGgAiIiI|
|0000c6b0| 69 49 69 49 69 6b 68 42 31 41 49 69 49 69 49 69 |iIiIikhB1AIiIiIi|
|0000c6c0| 49 69 49 68 4d 41 2b 6f 41 45 42 45 52 45 52 45 |IiIhMA+oAEBERERE|
|0000c6d0| 52 45 5a 6b 47 31 41 45 67 49 69 49 69 49 69 49 |REZkG1AEgIiIiIiI|
|0000c6e0| 69 4d 67 32 6f 41 30 42 45 52 45 52 45 52 45 52 |iMg2oA0BERERERER|
|0000c6f0| 6b 47 6c 41 48 67 49 69 49 69 49 69 49 69 4d 67 |kGlAHgIiIiIiIiMg|
|0000c700| 30 6f 41 34 41 45 52 45 52 45 52 45 52 6b 57 6c |0oA4AERERERERkWl|
|0000c710| 41 48 51 41 69 49 69 49 69 49 6b 38 61 7a 77 33 |AHQAiIiIiIk8azw3|
|0000c720| 71 6d 6a 72 77 78 39 7a 59 78 66 58 61 30 78 7a |qmjrwx9zYxfXa0xz|
|0000c730| 36 63 39 76 58 48 4e 51 67 46 79 31 58 76 36 53 |6c9vXHNQgFy1Xv6S|
|0000c740| 39 62 34 70 4f 4c 7a 4b 4e 71 51 4e 41 52 45 52 |9b4pOLzKNqQNARER|
|0000c750| 45 35 49 6e 6b 34 6b 70 31 44 57 66 62 70 7a 71 |E5Ink4kp1DWfbpzq|
|0000c760| 4f 36 63 6e 64 4f 4a 55 4a 4e 74 42 2b 6e 52 4e |O6cndOJUJNtB+nRN|
|0000c770| 6e 57 2b 6d 4a 73 61 6d 6c 71 6f 5a 6a 72 56 43 |nW+mJsamlqoZjrVC|
|0000c780| 51 5a 66 75 61 59 72 6e 49 6f 65 6f 76 63 51 2b |QZfuaYrnIoeovcQ+|
|0000c790| 39 30 4d 47 35 55 77 31 63 39 58 77 39 70 78 65 |90MG5Uw1c9Xw9pxe|
|0000c7a0| 52 59 65 6f 41 45 42 45 52 45 58 6b 69 42 62 6a |RYeoAEBEREXkiBbj|
|0000c7b0| 5a 66 70 74 57 4a 56 6c 54 6f 75 39 57 46 36 33 |ZfptWJVlTou9WF63|
|0000c7c0| 4f 62 32 4c 6c 64 39 4c 55 32 55 2f 65 63 36 74 |Ob2Lld9LU2U/ec6t|
|0000c7d0| 59 4d 53 66 6a 36 7a 6d 6c 78 30 56 72 65 7a 63 |YMSfj6zmlx0Vrezc|
|0000c7e0| 61 38 42 65 5a 65 6b 6b 44 41 77 4d 44 55 78 32 |a8BeZekkDAwMDUx2|
|0000c7f0| 45 69 49 69 49 79 44 64 52 71 50 30 63 42 36 71 |EiIiIyDdRqP0cB6q|
|0000c800| 2b 34 6d 59 76 59 45 68 68 39 73 49 53 73 70 73 |+4mYvYEhh9sISsps|
|0000c810| 76 30 37 33 30 4c 62 59 57 41 2f 54 51 55 48 57 |v0730LbYWA/TQUHW|
|0000c820| 4b 34 38 30 2b 77 67 43 70 36 53 79 75 57 4d 57 |K480+wgCp6SyuWMW|
|0000c830| 36 4f 64 47 52 56 63 2b 58 66 50 4c 70 5a 52 70 |6OdGRVc+XfPLpZRp|
|0000c840| 64 2f 51 42 59 73 77 76 59 73 4c 36 63 65 56 61 |d/QBYswvYsL6ceVa|
|0000c850| 41 41 4d 37 61 47 6a 36 35 37 4d 59 58 42 67 78 |AAM7aGj657MYXBgx|
|0000c860| 57 48 43 76 4c 65 62 4d 30 4b 37 4c 76 33 51 59 |WHCvLebM0K7Lv3QY|
|0000c870| 4f 66 58 61 56 56 6b 38 2f 6b 4d 4c 73 42 57 56 |OfXaVVk8/kMLsBWV|
|0000c880| 73 58 75 50 41 68 70 65 57 6b 36 63 35 66 73 32 |sXuPAhpeWk6c5fs2|
|0000c890| 4e 44 7a 44 59 5a 31 48 78 38 6d 72 4b 5a 68 68 |NDzDYZ1Hx8mrKZhh|
|0000c8a0| 47 78 58 37 6c 36 45 45 71 68 30 62 2f 7a 53 78 |GxX7l6EEqh0b/zSx|
|0000c8b0| 2b 63 78 50 72 5a 6f 62 70 75 6e 71 4b 77 32 64 |+cxPrZobpunqKw2d|
|0000c8c0| 75 30 78 4f 4f 6c 71 6c 34 38 4c 67 6a 2b 62 6e |u0xOOlql48Lgj+bn|
|0000c8d0| 34 30 53 65 63 6d 62 47 43 39 79 72 6d 44 4c 33 |40SecmbGC9yrmDL3|
|0000c8e0| 71 72 76 32 55 58 37 54 4f 34 6e 76 62 6c 70 50 |qrv2UX7TO4nvblpP|
|0000c8f0| 6c 61 36 57 71 73 6f 37 36 7a 69 41 41 68 6f 78 |la6Wqso76ziAAhox|
|0000c900| 5a 56 4c 77 55 6a 65 4e 4f 4c 54 38 2f 35 47 58 |ZVLwUjeNOLT8/5GX|
|0000c910| 6c 6a 68 64 35 64 6d 6a 76 42 67 37 73 2f 5a 4c |ljhd5dmjvBg7s/ZL|
|0000c920| 4d 4e 7a 65 78 62 6d 59 6b 76 6a 4f 70 63 35 6e |MNzexbmYkvjOpc5n|
|0000c930| 64 36 61 54 52 58 73 72 37 6d 30 72 47 31 48 34 |d6aTRXsr7m0rG1H4|
|0000c940| 50 44 56 55 31 48 47 2f 75 49 77 77 59 4d 6e 4c |PDVU1HG/uIwwYMnL|
|0000c950| 59 55 42 7a 6b 32 44 55 62 62 32 38 76 4a 33 76 |YUBzk2DUbb28vJ3v|
|0000c960| 6f 2b 6a 69 35 32 64 73 50 4a 4a 4e 57 55 4d 71 |o+ji52dsPJJNWUMq|
|0000c970| 57 6a 53 56 6b 44 65 30 2f 77 62 57 5a 68 50 68 |WjSVkDe0/wbWZhPh|
|0000c980| 50 47 67 72 49 64 72 55 4e 58 36 4f 79 63 72 61 |PGgrIdrUNX6Oycra|
|0000c990| 58 35 30 4c 6a 37 39 6c 64 33 54 32 30 5a 39 71 |X50Lj79ld3T20Z9q|
|0000c9a0| 43 62 2f 4f 44 4e 64 6d 78 6d 68 67 51 76 35 31 |Cb/ODNdmxmhgQv51|
|0000c9b0| 4e 65 4b 34 59 64 57 58 4e 4c 6d 44 44 50 43 2b |NeK4YdWXNLmDDPC+|
|0000c9c0| 48 52 39 52 56 7a 48 5a 68 4c 34 68 75 48 39 32 |HR9RVzHZhL4huH92|
|0000c9d0| 6d 78 72 62 46 2b 4e 64 71 67 6e 5a 31 70 35 61 |mxrbF+NdqgnZ1p5a|
|0000c9e0| 66 48 33 49 4f 7a 30 54 49 57 38 6a 37 6d 2b 44 |fH3IOz0TIW8j7m+D|
|0000c9f0| 41 33 69 2b 78 4c 73 7a 67 35 72 56 62 6b 58 31 |A3i+xLszg5rVbkX1|
|0000ca00| 53 30 31 6d 2b 2f 6b 58 57 35 45 54 62 38 61 6a |S01m+/kXW5ETb8aj|
|0000ca10| 50 54 6a 4c 57 37 50 77 52 6e 35 33 49 74 62 43 |PTjLW7PwRn53ItbC|
|0000ca20| 57 5a 58 44 7a 38 69 33 53 31 77 78 2b 48 73 64 |WZXDz8i3S1wx+Hsd|
|0000ca30| 63 71 37 58 50 34 44 34 62 36 7a 4d 55 4c 56 50 |cq7XP4D4b6zMULVP|
|0000ca40| 47 36 4f 76 53 65 66 49 6f 2b 31 7a 50 38 50 36 |G6OvSefIo+1zP8P6|
|0000ca50| 6d 6b 75 6a 66 32 53 77 50 64 58 43 75 4e 35 65 |mkujf2SwPdXCuN5e|
|0000ca60| 33 74 35 66 54 65 66 51 67 5a 7a 49 57 73 39 7a |3t5fTefQgZzIWs9z|
|0000ca70| 54 51 4c 56 7a 52 46 30 50 78 63 57 59 7a 2b 33 |TQLVzRF0PxcWYz+3|
|0000ca80| 59 75 4c 75 6f 2b 2f 54 30 4f 50 74 4f 2f 48 33 |YuLuo+/T0OPtO/H3|
|0000ca90| 67 76 56 48 4c 6b 57 70 6e 74 49 32 59 63 61 78 |gvVHLkWpntI2Ycax|
|0000caa0| 63 4e 66 78 64 49 64 4e 47 54 30 2b 73 4f 54 30 |cNfxdIdNGT0+sOT0|
|0000cab0| 50 78 6a 67 4a 63 59 69 49 69 49 67 38 65 65 35 |PxjgJcYiIiIg8ee5|
|0000cac0| 65 5a 4e 39 52 4a 2b 59 56 71 2f 6e 48 35 33 4b |eZN9RJ+YVq/nH53K|
|0000cad0| 78 68 44 6f 35 65 2f 51 4d 70 7a 78 51 41 45 43 |xhDo5e/QMpzxQAEC|
|0000cae0| 59 36 35 56 56 48 4f 76 4b 5a 2b 76 33 4e 31 4a |Y65VVHOvKZ+v3N1J|
|0000caf0| 67 44 4f 4f 2b 57 73 4f 2b 7a 32 6f 77 62 39 33 |gDOO+WsO+z2owb93|
|0000cb00| 49 6d 68 6e 4e 48 44 6c 59 54 32 66 52 53 6e 5a |ImhnNHDlYT2fRSnZ|
|0000cb10| 75 79 38 64 49 44 33 56 48 71 7a 68 38 39 43 4c |uy8dID3VHqzh89CL|
|0000cb20| 66 32 37 59 45 61 71 73 34 30 47 6a 6a 6c 57 31 |f27YEaqs40GjjlW1|
|0000cb30| 76 55 47 49 33 45 4c 70 54 78 34 47 6a 4e 52 79 |vUGI3ELpTx4GjNRy|
|0000cb40| 78 62 6d 62 7a 76 43 41 58 71 79 2f 54 6e 62 65 |xbmbzvCAXqy/Tnbe|
|0000cb50| 53 6e 52 58 35 47 44 32 58 4f 50 44 68 52 66 37 |SnRX5GD2XOPDhRf7|
|0000cb60| 67 63 50 43 71 73 59 37 6a 6a 62 42 79 2b 78 75 |gcPCqsY7jjbBy+xu|
|0000cb70| 55 32 63 4d 34 71 79 73 35 63 4f 49 79 38 39 34 |U2cM4qys5cOIy894|
|0000cb80| 71 49 33 31 45 2b 4d 39 75 2b 6a 59 33 39 2f 39 |qI31E+M9u+jY39/9|
|0000cb90| 78 52 47 63 46 65 43 39 56 38 5a 38 58 6b 6c 6d |xRGcFeC9V8Z8Xklm|
|0000cba0| 39 36 56 56 57 35 46 69 69 35 7a 7a 50 66 6f 4f |96VVW5Fii5zzPfoO|
|0000cbb0| 56 48 36 77 61 6d 53 5a 61 57 4c 4a 6f 46 69 65 |VH6wamSZaWLJoFie|
|0000cbc0| 72 2f 30 4a 44 78 52 77 69 36 5a 36 4c 2b 6c 59 |r/0JDxRwi6Z6L+lY|
|0000cbd0| 66 73 78 63 73 49 6f 73 62 48 44 39 34 48 75 65 |fsxcsIosbHD94Hue|
|0000cbe0| 63 35 33 6c 33 55 79 48 70 78 68 36 75 56 39 66 |c53l3UyHpxh6uV9f|
|0000cbf0| 77 38 57 39 72 73 47 78 2f 6b 62 48 70 34 58 68 |w8W9rsGx/kbHp4Xh|
|0000cc00| 36 57 6d 38 7a 62 2b 31 71 33 73 30 5a 4f 78 49 |6Wm8zb+1q3s0ZOxI|
|0000cc10| 39 57 4c 65 35 76 4c 5a 39 47 66 50 74 42 74 77 |9WLe5vLZ9GfPtBtw|
|0000cc20| 74 74 52 7a 2b 2f 42 62 59 62 61 4f 75 6a 32 33 |ttRz+/BbYbaOuj23|
|0000cc30| 31 4f 74 34 76 54 59 4e 51 47 31 55 48 7a 76 44 |1Ot4vTYNQG1UHzvD|
|0000cc40| 72 79 68 54 65 57 2b 2b 49 63 32 30 6d 4a 33 37 |ryhTeW++Ic20mJ37|
|0000cc50| 66 72 52 34 4b 4e 72 33 4b 6d 7a 4d 4e 2b 4e 76 |frR4KNr3KmzMN+Nv|
|0000cc60| 50 73 2b 39 6f 4c 63 66 6e 62 47 5a 44 38 59 75 |Ps+9oLcfnbGZD8Yu|
|0000cc70| 38 66 57 73 34 6d 5a 78 51 33 48 59 57 35 31 78 |8fWs4mZxQ3HYW51x|
|0000cc80| 35 34 39 56 56 39 33 42 64 6a 58 42 2f 75 77 6a |549VV93BdjXB/uwj|
|0000cc90| 6a 72 4b 37 69 63 50 73 73 58 74 76 2b 77 74 44 |jrK7icPssXtv+wtD|
|0000cca0| 2b 42 7a 36 76 34 5a 42 35 49 32 38 57 57 65 4a |+Bz6v4ZB5I28WWeJ|
|0000ccb0| 63 71 33 6a 74 71 70 77 66 56 48 6a 5a 66 57 46 |cq3jtqpwfVHjZfWF|
|0000ccc0| 6b 5a 30 51 44 30 45 66 72 72 54 53 32 66 6d 38 |kZ0QD0EfrrTS2fm8|
|0000ccd0| 4e 32 55 59 2f 7a 70 4f 2f 34 30 42 6c 4c 66 50 |N2UY/zpO/40BlLfP|
|0000cce0| 65 57 55 55 42 7a 52 77 35 65 4a 6e 75 34 76 4b |eWUUBzRw5eJnu4vK|
|0000ccf0| 68 7a 38 37 31 36 70 71 68 7a 30 34 6b 37 65 32 |hz8716pqhz04k7e2|
|0000cd00| 6a 71 64 58 45 4b 36 2b 76 49 79 2f 6d 52 49 59 |jqdXEK6+vIy/mRIY|
|0000cd10| 2b 36 6b 2f 65 59 50 56 67 6e 64 32 36 7a 4f 46 |+6k/eYPVgnd26zOF|
|0000cd20| 50 7a 33 50 41 6c 4d 46 2f 4c 55 39 77 35 6b 4e |Pz3PAlMF/LU9w5kN|
|0000cd30| 37 42 7a 64 58 4c 2b 50 64 65 56 6d 6b 41 35 31 |7BzdXL+PdeVmkA51|
|0000cd40| 41 7a 37 56 72 58 46 32 78 6b 76 63 32 5a 6d 50 |Az7VrXF2xkvc2ZmP|
|0000cd50| 73 36 2b 44 73 70 36 65 48 34 2f 4c 56 73 66 39 |s6+Dsp6eH4/LVsf9|
|0000cd60| 41 4d 36 78 59 4e 65 4a 61 6e 75 4c 77 62 38 2f |AM6xYNeJanuLwb8/|
|0000cd70| 78 39 76 62 6c 70 46 32 36 79 41 6c 58 46 6c 75 |x9vblpF26yAlXFlu|
|0000cd80| 2f 76 34 6f 43 59 2b 54 37 34 4e 6a 70 56 74 35 |/v4oCY+T74NjpVt5|
|0000cd90| 62 35 36 42 72 77 75 2b 44 44 6b 35 57 74 32 46 |b56Brwu+DDk5Wt2F|
|0000cda0| 63 2b 68 4c 76 6c 36 59 52 61 6a 2f 4e 66 78 77 |c+hLvl6YRaj/Nfxw|
|0000cdb0| 39 7a 39 6b 35 36 31 6c 68 54 36 77 6f 49 6f 4e |9z9k561lhT6woIoN|
|0000cdc0| 30 43 34 43 49 69 49 68 49 44 46 33 58 32 75 6a |0C4CIiIhIDF3X2uj|
|0000cdd0| 4f 4c 6d 54 4c 63 37 6c 59 41 49 7a 5a 72 48 68 |OLmTLc7lYAIzZrHh|
|0000cde0| 6a 49 55 56 44 41 2b 33 4e 31 4c 63 61 4b 4b 30 |jIUVDA+3N1LcaKK0|
|0000cdf0| 6f 70 38 41 49 59 43 43 39 64 42 56 62 31 68 59 |op8AIYCC9dBVb1hY|
|0000ce00| 77 4f 78 79 41 70 6c 61 61 79 47 50 44 6d 76 7a |wOxyAplaayGPDmvz|
|0000ce10| 6f 69 45 73 61 5a 53 2b 74 34 70 57 46 47 59 52 |oiEsaZS+t4pWFGYR|
|0000ce20| 44 6e 64 51 33 2b 79 67 6f 58 30 32 4a 50 58 4a |DndQ3+ygoX02JPXJ|
|0000ce30| 41 34 38 77 79 4b 6f 70 53 61 4c 72 57 44 4b 52 |A48wyKopSaLrWDKR|
|0000ce40| 67 4e 6b 4b 66 70 77 74 76 43 4c 43 58 38 74 72 |gNkKfpwtvCLCX8tr|
|0000ce50| 32 46 2f 6c 4f 48 6d 41 79 59 41 7a 37 75 65 30 |2F/lOHmAyYAz7ue0|
|0000ce60| 4a 41 69 59 4b 56 72 2f 49 75 78 74 4c 52 69 58 |JAiYKVr/IuxtLRiX|
|0000ce70| 2f 73 58 56 79 39 72 4b 48 32 55 76 58 73 43 4c |/sXVy9rKH2UvXsCL|
|0000ce80| 48 4d 6e 54 4f 37 61 73 79 36 57 6d 38 6a 6e 50 |HMnTO7asy6Wm8jnP|
|0000ce90| 73 32 34 76 6d 55 32 4b 36 7a 63 56 4c 30 57 58 |s24vmU2K6zcVL0WX|
|0000cea0| 6b 32 71 39 79 78 54 4f 4c 4a 59 73 73 30 48 53 |k2q9yxTOLJYss0HS|
|0000ceb0| 64 71 2b 45 38 4e 6c 51 55 6b 6d 36 4d 6c 47 31 |dq+E8NlQUkm6MlG1|
|0000cec0| 2b 52 54 6d 4c 7a 64 31 63 62 49 79 39 37 46 77 |+RTmLzd1cbIy97Fw|
|0000ced0| 73 31 75 49 6c 72 4a 75 58 54 62 72 56 4e 47 62 |s1uIlrJuXTbrVNGb|
|0000cee0| 4c 59 4e 32 75 59 72 37 64 46 4b 6e 62 65 61 74 |LYN2uYr7dFKnbeat|
|0000cef0| 34 72 63 77 36 39 49 37 42 36 2f 4e 61 61 56 72 |4rcw69I7B6/NaaVr|
|0000cf00| 6b 42 57 4d 2b 36 7a 61 74 59 50 57 38 46 4e 78 |kBWM+6zatYPW8FNx|
|0000cf10| 78 72 38 30 6b 78 56 2b 30 69 42 55 7a 49 2f 46 |xr80kxV+0iBUzI/F|
|0000cf20| 5a 38 70 61 78 50 43 2b 49 73 36 55 7a 34 66 31 |Z8paxPC+Is6Uz4f1|
|0000cf30| 48 6c 6d 50 38 64 68 62 76 58 50 48 72 61 6d 4c |HlmP8dhbvXPHramL|
|0000cf40| 4e 6e 47 33 6b 76 76 30 33 4c 30 69 68 39 56 4c |NnG3kvv03L0ih9VL|
|0000cf50| 44 30 43 4b 43 34 31 2b 72 42 32 78 58 51 38 79 |D0CKC41+rB2xXQ8y|
|0000cf60| 55 72 43 6f 6a 32 77 68 67 6f 57 44 4e 4d 78 54 |UrCoj2whgoWDNMxT|
|0000cf70| 30 64 6e 48 39 4c 70 48 50 6a 6a 6d 66 56 31 59 |0dnH9LpHPjjmfV1Y|
|0000cf80| 4e 66 33 62 6d 56 7a 78 44 67 61 75 4e 2b 72 76 |Nf3bmVzxDgauN+rv|
|0000cf90| 44 2b 7a 39 62 55 63 37 38 6d 52 6e 59 59 67 35 |D+z9bUc78mRnYYg5|
|0000cfa0| 70 4a 6c 4f 30 35 73 58 68 4f 73 73 70 59 38 74 |pJlO05sXhOsspY8t|
|0000cfb0| 53 4f 39 33 4e 44 53 52 38 68 66 4a 4b 32 46 71 |SO93NDSR8hfJK2Fq|
|0000cfc0| 61 54 37 72 56 4d 76 53 53 77 62 47 51 37 63 39 |aT7rVMvSSwbGQ7c9|
|0000cfd0| 6c 52 2b 49 79 35 37 4a 69 59 79 47 7a 58 57 31 |lR+Iy57JiYyGzXW1|
|0000cfe0| 38 63 51 65 36 2f 6e 79 44 6d 2f 64 64 79 31 49 |8cQe6/nyDm/ddy1I|
|0000cff0| 4b 50 4f 31 63 62 41 65 4c 32 51 42 39 66 72 70 |KPO1cbAeL2QB9frp|
|0000d000| 36 41 30 53 2b 44 39 62 78 39 71 6f 38 49 50 37 |6A0S+D9bx9qo8IP7|
|0000d010| 33 67 64 48 59 6a 37 76 4c 68 52 38 77 35 69 31 |3gdHYj7vLhR8w5i1|
|0000d020| 6a 2b 2f 61 56 4c 46 62 79 4c 77 39 42 4d 77 42 |j+/aVLFbyLw9BMwB|
|0000d030| 45 52 45 52 45 59 72 6a 5a 31 55 66 61 7a 44 77 |EREREYrjZ1UfazDw|
|0000d040| 73 6f 31 36 31 59 37 4d 53 75 5a 66 35 54 6a 66 |so161Y7MSuZf5Tjf|
|0000d050| 64 32 43 6e 4a 47 37 6e 64 51 6c 37 52 49 67 41 |d2CnJG7ndQl7RIgA|
|0000d060| 36 72 33 6c 68 5a 76 36 6f 55 56 7a 4d 75 5a 53 |6r3lhZv6oUVzMuZS|
|0000d070| 55 41 6a 52 77 32 77 50 4f 36 6f 2f 59 58 54 33 |UAjRw2wPO6o/YXT3|
|0000d080| 6d 78 48 59 58 58 52 68 34 64 75 30 79 75 6b 39 |mxHYXXRh4du0yuk9|
|0000d090| 63 34 6a 38 2b 61 49 53 4d 54 4a 35 64 57 73 61 |c4j8+aISMTJ5dWsa|
|0000d0a0| 36 49 6d 44 6d 4d 72 61 73 50 73 32 78 71 6b 2f |6ImDmMrasPs2xqk/|
|0000d0b0| 59 48 55 68 68 6c 73 50 42 75 6c 56 6c 43 58 51 |YHUhhlsPBulVlCXQ|
|0000d0c0| 41 64 48 50 62 59 79 59 37 62 33 53 4a 79 4c 4b |AdHPbYyY7b3SJyLK|
|0000d0d0| 52 46 76 44 69 5a 76 53 49 4d 2b 53 7a 76 4e 6a |RFvDiZvSIM+SzvNj|
|0000d0e0| 4b 66 7a 59 31 34 46 39 55 78 75 33 47 32 31 43 |KfzY14F9Uxu3G21C|
|0000d0f0| 30 6a 42 4b 67 73 7a 31 47 32 63 68 6d 74 68 31 |0jBKgsz1G2chmth1|
|0000d100| 61 58 44 30 77 71 6b 37 47 5a 78 78 76 4c 43 70 |aXD0wqk7GZxxvLCp|
|0000d110| 6d 33 55 4c 57 6a 4f 48 59 59 31 34 66 2b 78 7a |m3ULWjOHYY14f+xz|
|0000d120| 4b 69 6f 45 37 74 51 39 2b 62 52 34 35 66 6b 50 |KioE7tQ9+bR45fkP|
|0000d130| 6b 68 33 55 34 73 58 30 6e 4c 4d 66 49 64 68 62 |kh3U4sX0nLMfIdhb|
|0000d140| 76 58 41 6e 55 31 59 54 47 32 54 38 37 78 77 5a |vXAnU1YTG2T87xwZ|
|0000d150| 4f 2f 39 44 55 2f 58 47 76 31 51 4f 33 71 31 48 |O/9DU/XGv1QO3q1H|
|0000d160| 46 75 45 38 34 48 47 31 66 6e 6d 37 32 37 62 32 |FuE84HG1fnm727b2|
|0000d170| 2f 2b 38 44 51 42 63 77 59 66 2f 39 68 4b 64 67 |/+8DQBcwYf/9hKdg|
|0000d180| 79 52 72 2f 42 6b 70 64 42 32 68 6c 76 34 68 30 |yRr/BkpdB2hlv4h0|
|0000d190| 41 4d 64 69 73 59 37 4a 75 63 78 37 5a 39 75 74 |AMdisY7Jucx7Z9ut|
|0000d1a0| 30 64 34 31 33 4c 54 50 4a 74 41 66 70 39 67 44 |0d413LTPJtAfp9gD|
|0000d1b0| 46 35 57 79 35 57 30 76 56 68 78 39 7a 41 69 73 |F5Wy5W0vVhx9zAis|
|0000d1c0| 46 78 66 4e 5a 75 2b 59 5a 49 6e 55 34 30 66 66 |FxfNZu+YZInU40ff|
|0000d1d0| 42 4d 36 78 37 65 53 47 66 6e 50 69 43 66 39 74 |BM6x7eSGfnPiCf9t|
|0000d1e0| 37 48 6d 76 57 4c 4a 61 73 57 61 4c 52 66 33 6b |7HmvWLJasWaLRf3k|
|0000d1f0| 6f 36 67 41 51 45 52 45 52 69 53 45 37 77 30 7a |o6gAQERERiSE7w0z|
|0000d200| 50 6e 58 62 38 5a 49 2f 34 51 65 2f 42 36 34 76 |PnXb8ZI/4Qe/B64v|
|0000d210| 2b 4f 54 4f 44 64 44 71 35 65 51 75 65 7a 52 6e |+OTODdDq5eQuezRn|
|0000d220| 63 48 73 62 76 38 78 41 32 32 43 4d 4a 56 49 75 |cHsbv8xA22CMJVIu|
|0000d230| 4c 64 6b 62 6d 6b 33 36 38 6e 67 41 47 65 79 61 |Ldkbmk368ngAGeya|
|0000d240| 5a 64 6d 44 70 47 32 77 74 48 6b 35 53 51 6a 34 |ZdmDpG2wtHk5SQj4|
|0000d250| 58 58 71 79 52 5a 4e 37 71 59 4d 30 6d 42 32 73 |XXqyRZN7qYM0mB2s|
|0000d260| 49 34 4c 35 78 6d 57 4d 6e 61 6a 68 69 32 4d 7a |I4L5xmWMnajhi2Mz|
|0000d270| 6d 65 51 61 79 53 74 66 77 54 69 6e 51 31 38 47 |meQayStfwTinQ18G|
|0000d280| 56 36 6e 50 38 2b 6d 68 34 78 4e 54 6f 38 57 53 |V6nP8+mh4xNTo8WS|
|0000d290| 53 61 65 2b 6a 2b 31 59 59 5a 6f 35 49 6a 46 78 |Sae+j+1YYZo5IjFx|
|0000d2a0| 2b 76 43 5a 4c 7a 41 36 45 72 4f 63 4b 6d 46 33 |+vCZLzA6ErOcKmF3|
|0000d2b0| 6e 35 4e 78 64 4f 39 31 4e 4b 54 7a 37 5a 6e 36 |n5NxdO91NKTz7Zn6|
|0000d2c0| 6b 62 6d 4b 57 7a 55 57 33 44 32 79 4f 4e 4c 42 |kbmKWzUW3D2yONLB|
|0000d2d0| 62 73 4e 45 56 53 58 6f 47 6b 78 53 50 46 79 2b |bsNEVSXoGkxSPFy+|
|0000d2e0| 51 4f 57 47 4d 55 54 4d 7a 53 4b 63 44 5a 7a 73 |QOWGMUTMzSKcDZzs|
|0000d2f0| 38 4f 79 49 78 37 62 72 72 68 2b 68 71 42 64 6b |8OyIx7brrh+hqBdk|
|0000d300| 5a 5a 6e 70 63 33 54 44 79 44 76 65 51 46 33 63 |ZZnpc3TDyDveQF3c|
|0000d310| 76 32 42 37 71 32 6b 78 69 2f 41 38 67 62 6a 75 |v2B7q2kxi/A8gbju|
|0000d320| 4c 4a 34 47 36 69 72 2f 2f 32 4c 71 4b 37 70 2b |LJ4G6ir//2LqK7p+|
|0000d330| 61 52 52 72 45 53 5a 67 66 76 46 33 46 45 2b 6c |aRRrESZgfvF3FE+l|
|0000d340| 38 79 42 36 7a 66 73 48 67 5a 79 66 52 6f 77 54 |8yB6zfsHgZyfRowT|
|0000d350| 78 75 6b 62 48 35 47 2f 76 6f 53 63 31 6a 55 77 |xukbH5G/voSc1jUw|
|0000d360| 67 62 45 2f 42 36 2f 4d 77 73 76 32 34 66 63 47 |gbE/B6/Mwsv24fcG|
|0000d370| 34 52 78 32 37 44 33 30 64 64 48 72 4d 5a 47 65 |4Rx27D30ddHrMZGe|
|0000d380| 4d 30 79 62 78 34 50 57 6c 6b 47 59 48 73 44 47 |M0ybx4PWlkGYHsDG|
|0000d390| 76 2f 45 56 2b 55 41 34 68 7a 77 33 4f 56 4a 33 |v/EV+UA4hzw3OVJ3|
|0000d3a0| 6e 31 35 55 47 33 6c 75 66 77 50 66 42 6a 42 4a |n15UG3lufwPfBjBJ|
|0000d3b0| 65 66 61 75 45 56 2f 48 54 33 6e 69 4f 59 37 2b |efauEV/HT3niOY7+|
|0000d3c0| 74 6f 57 2f 72 52 74 62 4d 51 4f 53 42 36 42 59 |toW/rRtbMQOSB6BY|
|0000d3d0| 41 45 52 45 52 6b 52 69 79 46 2b 61 54 32 64 6e |AERERkRiyF+aT2dn|
|0000d3e0| 4d 78 31 63 48 78 30 42 37 75 46 35 39 6c 61 61 |Mx1cHx0B7uF59laa|
|0000d3f0| 68 45 56 34 48 69 77 75 43 4e 4a 78 74 47 48 71 |hEV4HiwuCNJxtGHq|
|0000d400| 38 57 61 69 39 6c 6e 33 37 54 6e 50 52 5a 77 42 |8Wai9ln37TnPRZwB|
|0000d410| 48 41 59 35 77 47 36 65 47 39 67 2f 67 72 50 34 |HAY5wG6eG9g/grP4|
|0000d420| 64 50 2f 76 30 4f 6c 36 79 65 62 37 51 69 76 50 |dP/v0Ol6yeb7QivP|
|0000d430| 43 65 5a 79 68 36 47 5a 50 41 34 63 2f 72 4f 4a |CeZyh6GZPA4c/rOJ|
|0000d440| 59 55 7a 2f 67 34 75 53 48 42 2f 6e 35 79 51 37 |YUz/g4uSHB/n5yQ7|
|0000d450| 41 52 50 6f 63 42 37 4f 74 2f 58 67 39 51 57 69 |ARPocB7Ot/Xg9QWi|
|0000d460| 70 34 58 2f 39 34 6e 66 55 2b 59 6a 4d 4b 43 69 |p4X/94nfU+YjMKCi|
|0000d470| 79 59 66 44 35 75 54 39 66 4e 47 45 32 67 50 65 |yYfD5uT9fNGE2gPe|
|0000d480| 75 61 37 42 45 30 58 4f 65 6f 73 45 54 4c 59 53 |ua7BE0XOeosETLYS|
|0000d490| 6e 6c 65 4e 6e 62 32 4d 72 6e 68 39 37 6c 4e 5a |nleNnb2Mrnh97lNZ|
|0000d4a0| 63 79 68 4b 48 6e 79 74 48 72 39 4b 55 56 63 44 |cyhKHnytHr9KUVcD|
|0000d4b0| 79 77 57 53 6a 32 45 46 52 75 49 33 4b 30 32 32 |ywWSj2EFRuI3K022|
|0000d4c0| 45 6f 6d 58 72 2f 50 4d 35 36 6e 32 5a 4c 43 6d |EomXr/PM56n2ZLCm|
|0000d4d0| 32 67 48 6b 57 6d 61 6b 2b 47 69 34 4d 62 76 66 |2gHkWmak+Gi4Mbvf|
|0000d4e0| 53 55 74 74 47 64 36 78 7a 78 44 53 66 35 78 31 |SUttGd6xzxDSf5x1|
|0000d4f0| 68 72 6c 62 58 44 74 56 50 36 45 34 64 6c 64 65 |hrlbXDtVP6E4dlde|
|0000d500| 47 53 35 6d 39 49 4a 65 30 39 69 2b 70 61 67 39 |GS5m9IJe09i+pag9|
|0000d510| 45 58 2b 6d 68 37 72 4e 4b 39 70 33 75 77 42 6a |EX+mh7rNK9p3uwBj|
|0000d520| 76 32 6a 7a 32 2b 4d 46 73 4d 6f 43 76 68 36 37 |v2jz2+MFsMoCvh67|
|0000d530| 42 46 39 6f 76 63 71 6a 71 30 6e 33 4a 64 50 78 |BF9ovcqjq0n3JdPx|
|0000d540| 32 46 6b 2f 38 75 6f 71 2f 66 35 41 72 31 65 66 |2Fk/8uoq/f5Ar1ef|
|0000d550| 47 37 4f 2f 48 73 61 69 45 2b 50 4d 49 45 6d 68 |G7O/HsaiE+PMIEmh|
|0000d560| 58 4a 67 4d 47 6e 7a 2f 78 2b 69 74 32 55 4e 54 |XJgMGnz/x+it2UNT|
|0000d570| 58 52 76 58 49 7a 38 37 4a 33 2f 47 7a 6a 79 35 |XRvXIz87J3/Gzjy5|
|0000d580| 7a 4f 39 46 6a 30 45 2f 54 32 56 71 75 44 38 58 |zO9Fj0E/T2VquD8X|
|0000d590| 55 77 4d 63 58 33 4b 51 56 50 55 30 65 4d 43 76 |UwMcX3KQVPU0eMCv|
|0000d5a0| 4c 53 74 6a 5a 54 4e 33 67 39 72 74 31 6e 48 50 |LStjZTN3g9rt1nHP|
|0000d5b0| 32 78 7a 31 71 75 50 55 71 78 31 75 47 72 31 58 |2xz1quPUqx1uGr1X|
|0000d5c0| 64 35 39 65 35 61 63 39 6c 63 55 37 30 57 72 59 |d59e5ac9lcU70WrY|
|0000d5d0| 33 63 4b 52 70 7a 4c 57 30 35 72 45 6b 4c 37 4b |3cKRpzLW05rEkL7K|
|0000d5e0| 49 35 75 37 39 74 62 51 44 52 6e 73 2b 70 54 6b |I5u79tbQDRns+pTk|
|0000d5f0| 57 2b 6e 77 65 2f 48 47 2f 44 35 6f 35 38 6f 76 |W+nwe/HG/D5o58ov|
|0000d600| 44 48 4c 6a 71 42 53 7a 6b 46 65 61 53 61 51 6a |DHLjqBSzkFeaSaQj|
|0000d610| 69 37 55 32 34 4d 6b 53 47 61 41 61 41 69 49 69 |i7U24MkSGaAaAiIi|
|0000d620| 49 53 43 77 7a 6c 72 42 31 72 5a 66 39 31 5a 2b |ISCwzlrB1rZf91Z+|
|0000d630| 7a 2b 31 51 79 42 67 78 6b 4c 6e 42 51 62 4c 38 |z+1QyBgxkLnBQbL8|
|0000d640| 65 54 62 59 74 6c 47 78 63 52 65 64 48 74 66 78 |eTbYtlGxcRedHtfx|
|0000d650| 69 37 31 58 4d 68 6e 37 36 4d 46 4f 38 39 73 58 |i71XMhn76MFO89sX|
|0000d660| 6f 71 4e 77 7a 76 4c 6e 52 77 2f 37 4b 7a 39 6c |oqNwzvLnRw/7Kz9l|
|0000d670| 39 4a 68 6c 44 75 42 2f 73 4f 62 7a 79 65 6e 53 |9JhlDuB/sObzyenS|
|0000d680| 6b 76 76 77 46 74 76 54 57 63 4f 69 44 67 32 42 |kvvwFtvTWcOiDg2B|
|0000d690| 4b 4a 68 77 77 4d 4c 74 73 4a 56 73 58 57 51 41 |KJhwwMLtsJVsXWQA|
|0000d6a0| 4c 61 79 71 65 78 6c 6c 35 69 74 32 4e 6b 58 32 |Layqexll5it2NkX2|
|0000d6b0| 4e 57 55 2b 7a 5a 5a 45 46 57 4d 59 47 78 2b 38 |NWU+zZZEFWMYGx+8|
|0000d6c0| 35 76 75 38 67 31 61 5a 6b 77 6f 45 55 69 74 65 |5vu8g1aZkwoEUite|
|0000d6d0| 57 78 30 6a 67 4d 31 6a 79 33 43 79 75 56 46 65 |Wx0jgM1jy3CyuVFe|
|0000d6e0| 78 75 79 37 36 46 49 44 79 46 39 67 53 4f 4d 57 |xuy76FIDyF9gSOMW|
|0000d6f0| 78 2f 52 39 78 44 49 41 55 5a 69 31 59 78 76 5a |x/R9xDIAUZi1YxvZ|
|0000d700| 56 34 36 31 51 62 36 42 6b 55 53 35 2f 4f 4e 70 |V461Qb6BkUS5/ONp|
|0000d710| 42 30 61 72 53 45 63 6c 67 49 5a 74 66 44 33 4c |B0arSEclgIZtfD3L|
|0000d720| 6f 73 7a 50 73 75 52 78 39 79 54 36 4c 74 61 2b |oszPsuRx9yT6Lta+|
|0000d730| 76 70 73 51 4d 6b 4d 2b 47 39 55 2b 7a 76 2f 49 |vpsQMkM+G9U+zv/I|
|0000d740| 4d 65 2f 5a 47 36 36 34 73 6c 34 4b 45 4a 31 38 |Me/ZG664sl4KEJ18|
|0000d750| 62 6d 4c 39 2b 46 63 73 2f 71 75 58 41 42 77 63 |bmL9+Fcs/quXABwc|
|0000d760| 78 47 43 42 73 6e 63 58 61 34 6e 52 75 74 6b 62 |xGCBsncXa4nRutkb|
|0000d770| 66 4d 6e 4d 35 32 39 65 65 5a 50 2b 6e 48 37 4f |fMnM529eeZP+nH7O|
|0000d780| 62 53 42 32 5a 73 35 39 6d 79 36 5a 43 67 44 6a |bSB2Zs59my6ZCgDj|
|0000d790| 58 35 6e 48 48 44 2b 6d 4c 43 6e 45 30 58 75 59 |X5nHHD+mLCnE0XuY|
|0000d7a0| 2f 39 33 35 46 32 6f 4a 76 73 79 48 73 70 4e 4f |/935F2oJvsyHspNO|
|0000d7b0| 34 6a 50 74 71 4f 6d 34 37 6d 34 53 36 69 72 76 |4jPtqOm47m4S6irv|
|0000d7c0| 2f 43 31 52 38 65 70 6f 44 48 78 79 4d 76 6d 62 |/C1R8epoDHxyMvmb|
|0000d7d0| 47 73 66 71 46 6f 51 55 41 34 38 6d 4b 31 36 37 |GsfqFoQUA48mK167|
|0000d7e0| 6d 6c 62 44 59 66 70 70 6a 65 77 39 79 4c 50 6f |mlbDYfppjew9yLPo|
|0000d7f0| 55 67 49 6b 56 73 76 6c 31 44 77 65 4f 52 6a 34 |UgIkVsvl1DweORj4|
|0000d800| 37 5a 76 6f 4a 57 58 4e 34 35 59 31 59 37 58 77 |7ZvoJWXN45Y1Y7Xw|
|0000d810| 38 5a 6f 6f 58 47 44 68 7a 38 43 4f 4f 68 53 45 |8ZooXGDhz8COOhSE|
|0000d820| 63 54 69 61 74 38 50 6d 68 6d 43 79 4c 56 76 48 |cTiat8PmhmCyLVvH|
|0000d830| 4b 72 64 39 7a 66 50 39 48 56 42 73 67 62 4d 31 |Krd9zfP9HVBsgbM1|
|0000d840| 68 75 63 4d 63 57 57 56 2f 41 6d 6d 46 63 7a 42 |hucMcWWV/AmmFczB|
|0000d850| 65 2b 41 4f 37 54 34 51 68 33 49 2f 42 6e 73 4d |e+AO7T4Qh3I/BnsM|
|0000d860| 72 72 79 2b 50 58 4e 63 5a 53 39 6a 36 63 70 42 |rry+PXNcZS9j6cpB|
|0000d870| 44 4a 7a 35 6e 39 34 6c 6f 46 46 6b 46 62 42 6e |DJz5n94loFFkFbBn|
|0000d880| 63 58 72 36 45 35 65 32 31 2f 48 72 76 34 55 69 |cXr6E5e21/Hrv4Ui|
|0000d890| 62 4e 4e 68 5a 76 6e 45 68 46 73 41 79 34 66 64 |bNNhZvnEhFsAy4fd|
|0000d8a0| 42 49 65 73 71 32 74 68 66 2f 64 6e 51 64 34 6d |BIesq2thf/dnQd4m|
|0000d8b0| 74 38 48 6b 32 4a 48 69 72 69 73 68 49 65 67 79 |t8Hk2JHirishIegy|
|0000d8c0| 67 69 49 69 49 53 42 79 68 50 6a 39 47 38 30 54 |giIiISByhPj9G80T|
|0000d8d0| 4a 55 41 42 2f 6e 79 47 79 79 46 66 4d 41 2f 6a |JUAB/nyGyyFfMA/j|
|0000d8e0| 78 47 79 33 6a 6a 4b 61 47 38 66 65 46 73 5a 6a |xGy3jjKaG8feFsZj|
|0000d8f0| 48 4c 71 34 57 62 39 38 34 2b 30 30 6f 6a 4e 38 |HLq4Wb984+00ojN8|
|0000d900| 58 78 47 4a 4e 49 4d 46 72 71 75 46 2f 6e 55 37 |XxGJNIMFrquF/nU7|
|0000d910| 68 7a 58 64 57 78 55 36 2b 51 6c 36 38 32 4d 5a |hzXdWxU6+Ql682MZ|
|0000d920| 5a 69 47 30 79 2b 50 47 48 4c 46 67 6d 4f 6e 36 |ZiG0y+PGHLFgmOn6|
|0000d930| 66 6e 35 44 5a 4d 73 37 49 56 72 78 72 38 37 6a |fn5DZMs7IVrxr87j|
|0000d940| 6a 42 2b 69 6b 61 76 39 35 7a 43 39 50 50 47 55 |jB+ikav95zC9PPGU|
|0000d950| 37 66 6a 75 4c 78 34 2b 33 4c 77 58 62 65 47 57 |7fjuLx4+3LwXbeGW|
|0000d960| 4e 4b 34 44 58 42 37 62 37 46 76 70 4c 31 41 4f |NK4DXB7b7FvpL1AO|
|0000d970| 30 71 30 52 4e 2b 4e 6b 5a 7a 2b 68 48 4e 6b 37 |0q0RN+NkZz+hHNk7|
|0000d980| 63 50 68 49 33 2b 74 47 42 63 64 70 6c 6e 78 65 |cPhI3+tGBcdplnxe|
|0000d990| 2f 32 54 5a 4f 33 42 4f 31 79 54 69 66 36 30 6b |/2TZO3BO1yTif60k|
|0000d9a0| 71 69 2f 78 74 6d 6f 7a 48 41 4f 6f 57 41 42 45 |qi/xtmozHAOoWABE|
|0000d9b0| 52 45 5a 45 34 34 69 64 6c 70 76 45 54 54 49 41 |REZE44idlpvETTIA|
|0000d9c0| 4a 45 78 6a 44 78 45 6e 38 75 50 76 47 32 57 39 |JExjDxEn8uPvG2W9|
|0000d9d0| 43 68 67 53 54 4e 44 38 58 4c 39 30 6d 76 62 68 |ChgSTND8XL90mvbh|
|0000d9e0| 30 2f 4a 46 58 34 2b 4e 4f 6e 75 4d 6b 2f 77 41 |0/JFX4+NOnuMk/wA|
|0000d9f0| 54 4a 6b 54 78 72 73 33 6a 6a 68 2f 77 64 64 43 |TJkTxrs3jjh/wddC|
|0000da00| 64 55 54 68 38 43 38 56 34 6f 54 78 53 38 67 39 |dUTh8C8V4oTxS8g9|
|0000da10| 67 65 59 54 6b 48 38 44 30 43 4d 6b 2f 4a 4e 36 |geYTkH8D0CMk/JN6|
|0000da20| 75 48 73 41 44 4a 2f 38 78 50 4a 61 45 4f 55 36 |uHsADJ/8xPJaEOU6|
|0000da30| 37 48 44 66 35 68 34 6e 62 5a 4a 7a 50 74 5a 4a |7HDf5h4nbZJzPtZJ|
|0000da40| 2f 65 55 52 71 50 79 49 69 49 69 49 53 32 39 31 |/eURqPyIiIiIS291|
|0000da50| 4c 31 48 65 6d 73 33 68 6a 67 73 39 4e 6c 39 69 |L1Hems3hjgs9Nl9i|
|0000da60| 73 69 39 69 36 63 61 71 44 45 42 48 52 4c 51 41 |si9i6caqDEBHRLQA|
|0000da70| 69 49 69 49 69 4d 70 36 2b 48 74 78 68 30 36 6a |iIiIiMp6+Htxh06j|
|0000da80| 6e 6f 49 74 38 38 77 58 77 65 76 77 59 37 47 6d |noIt88wXwevwY7Gm|
|0000da90| 50 50 6e 74 67 68 4a 44 50 52 5a 2f 42 2f 6f 69 |PPntghJDPRZ/B/oi|
|0000daa0| 7a 4c 45 51 65 33 6d 54 63 41 71 41 4f 41 42 45 |zLEQe3mTcAqAOABE|
|0000dab0| 52 45 52 45 52 45 5a 46 76 4f 4b 30 42 49 43 49 |REREREZFvOK0BICI|
|0000dac0| 69 49 69 49 69 49 69 49 4a 55 51 65 41 69 49 69 |iIiIiIiIJUQeAiIi|
|0000dad0| 49 69 49 69 49 79 44 53 67 44 67 41 52 45 52 45 |IiIiIyDSgDgARERE|
|0000dae0| 52 45 52 47 52 61 55 41 64 41 43 49 69 49 69 49 |RERGRaUAdACIiIiI|
|0000daf0| 69 49 69 4c 54 67 44 6f 41 52 45 52 45 52 45 52 |iIiLTgDoARERERER|
|0000db00| 45 52 4b 59 42 64 51 43 49 69 49 69 49 69 49 69 |ERKYBdQCIiIiIiIi|
|0000db10| 49 54 41 50 71 41 42 41 52 45 52 45 52 45 52 47 |ITAPqABARERERERG|
|0000db20| 5a 42 74 51 42 49 43 49 69 49 6a 4a 4e 75 57 39 |ZBtQBICIiIjJNuW9|
|0000db30| 63 6f 75 47 57 2f 32 73 2b 61 35 6a 32 53 79 65 |couGW/2s+a5j2Sye|
|0000db40| 70 61 76 49 43 34 4c 2f 31 4a 58 55 33 58 4a 4e |pavIC4L/1JXU3XJN|
|0000db50| 38 44 6a 2f 74 54 5a 64 6f 38 64 79 2f 78 64 74 |8Dj/tTZdo8dy/xdt|
|0000db60| 55 79 79 65 58 4f 69 62 35 66 46 50 48 66 37 32 |UyyeXOib5fFPHf72|
|0000db70| 62 76 65 65 39 55 78 33 47 4a 4f 75 6c 6f 64 35 |bvee9Ux3GJOulod5|
|0000db80| 4e 52 77 44 41 53 38 31 76 75 71 6c 37 30 6f 6f |NRwDAS81vuql70oo|
|0000db90| 6f 4d 6b 58 55 41 53 41 69 49 69 49 79 54 54 6e |oMkXUASAiIiIyTTn|
|0000dba0| 72 47 6a 6e 5a 32 50 4d 31 6e 39 57 44 73 2f 45 |rGjnZ2PM1n9WDs/E|
|0000dbb0| 57 44 53 32 33 41 65 68 70 62 4f 42 45 33 57 51 |WDS23AehpbOBE3WQ|
|0000dbc0| 6e 35 44 31 63 50 64 76 49 75 66 62 37 74 33 53 |n5D1cPdvIufb7t3S|
|0000dbd0| 32 74 4e 48 59 32 49 46 37 6b 73 38 34 56 56 6f |2tNHY2IF7ks84VVo|
|0000dbe0| 76 42 4e 68 31 4d 73 42 6b 64 36 46 4d 72 51 42 |vBNh1MsBkd6FMrQB|
|0000dbf0| 48 64 76 6d 70 63 51 50 65 41 42 38 65 44 31 42 |HdvmpcQPeAB8eD1B|
|0000dc00| 37 65 36 70 6a 45 6e 6b 79 47 4b 63 36 41 42 45 |7e6pjEnkyGKc6ABE|
|0000dc10| 52 45 52 47 5a 54 6a 4a 59 38 64 5a 62 72 4a 69 |RERGZTjJY8dZbrJi|
|0000dc20| 69 73 38 39 62 74 34 58 33 70 2b 6a 63 6a 30 50 |is89bt4X3p+jcj0P|
|0000dc30| 4a 33 2b 66 53 4f 74 56 42 50 45 36 32 47 65 7a |J3+fSOtVBPE62Gez|
|0000dc40| 64 4e 39 56 42 69 44 77 35 31 41 45 67 49 69 49 |dN9VBiDw51AEgIiI|
|0000dc50| 69 4d 68 31 34 76 75 53 54 6f 35 64 70 39 50 51 |iMh14vuSTo5dp9PQ|
|0000dc60| 44 4b 63 78 65 55 45 62 52 71 44 63 45 63 4e 62 |DKcxeUEbRqDcEcNb|
|0000dc70| 57 38 4d 6c 6c 4e 37 34 77 59 4c 44 69 57 46 6e |W8MllN74wYLDiWFn|
|0000dc80| 4f 6d 36 56 5a 41 48 68 76 31 48 4b 6b 32 73 6e |Om6VZAHhv1HKk2sn|
|0000dc90| 4e 58 73 42 67 78 72 46 79 31 64 41 32 50 46 2f |NXsBgxrFy1dA2PF/|
|0000dca0| 79 79 61 65 58 61 58 54 31 41 32 44 4e 4c 6d 44 |yyaeXaXT1A2DNLmD|
|0000dcb0| 44 2b 6e 4c 6d 57 61 48 7a 35 46 48 32 75 62 4a |D+nLmWaHz5FH2ubJ|
|0000dcc0| 5a 48 75 72 67 58 47 38 75 62 32 38 76 70 2f 50 |ZHurgXG8ub28vp/P|
|0000dcd0| 6f 51 63 35 6b 66 4a 73 66 72 4d 6d 4f 6e 74 74 |oQc5kfJsfrMmOntt|
|0000dce0| 50 79 38 6e 66 63 66 79 61 47 78 39 67 73 4d 2b |Py8nfcfyaGx9gsM+|
|0000dcf0| 69 34 75 58 56 6c 4d 30 77 78 44 68 2b 4d 74 62 |i4uXVlM0wxDh+Mtb|
|0000dd00| 73 2f 4b 48 6a 41 34 54 61 7a 33 47 67 36 71 73 |s/KHjA4Taz3Gg6qs|
|0000dd10| 52 73 5a 57 51 50 6b 34 31 52 4f 4a 35 68 76 63 |RsZWQPk41ROJ5hvc|
|0000dd20| 33 6c 63 43 64 57 6e 35 2b 79 4d 58 73 42 63 6b |3lcCdWn5+yMXsBck|
|0000dd30| 34 68 38 36 64 77 34 62 58 31 31 42 69 6a 62 47 |4h86dw4bX11BijbG|
|0000dd40| 7a 72 35 57 71 79 6a 72 71 4f 34 4d 41 47 44 4a |zr5WqyjrqO4MAGDJ|
|0000dd50| 6d 55 66 48 53 59 4a 79 64 56 4f 33 2f 49 39 31 |mUfHSYJydVO3/I91|
|0000dd60| 4c 33 32 4a 72 38 66 41 75 56 30 61 55 39 63 72 |L32Jr8fAuV0aU9cr|
|0000dd70| 52 67 35 78 4a 6e 63 76 73 54 69 65 4e 39 74 4a |Rg5xJncvsTieN9tJ|
|0000dd80| 49 44 43 50 55 66 74 44 42 72 72 78 55 66 6e 54 |IDCPUftDBrrxUfnT|
|0000dd90| 48 7a 33 64 50 44 4e 41 59 68 4a 66 2b 7a 73 53 |Hz3dPDNAYhJf+zsS|
|0000dda0| 65 66 38 69 6b 78 41 62 63 37 6d 62 7a 44 38 4e |ef8ikxAbc7mbzD8N|
|0000ddb0| 73 65 77 39 2b 75 62 65 66 37 2f 34 6b 68 78 66 |sew9+ubef7/4khxf|
|0000ddc0| 71 62 7a 47 37 31 63 4c 41 39 77 33 38 38 70 2f |qbzG71cLA9w388p/|
|0000ddd0| 75 30 62 41 74 6b 31 33 4c 54 4e 45 6a 68 71 6e |u0bAtk13LTNEjhqn|
|0000dde0| 62 64 35 75 64 36 54 5a 71 58 72 4e 44 57 7a 63 |bd5ud6TZqXrNDWzc|
|0000ddf0| 37 2f 32 65 41 66 32 6d 48 48 47 73 53 32 2f 37 |7/2eAf2mHHGsS2/7|
|0000de00| 42 54 50 6c 78 50 36 31 2f 6e 38 75 50 46 67 44 |BTPlxP61/n8uPFgD|
|0000de10| 30 55 76 65 62 48 6e 59 63 48 2b 42 73 45 4f 62 |0UvebHnYcH+BsEOb|
|0000de20| 6d 47 64 6a 31 58 68 72 62 48 45 6e 55 2f 4c 53 |mGdj1XhrbHEnU/LS|
|0000de30| 62 48 38 2b 4e 48 69 66 4b 64 61 61 54 47 53 65 |bH8+NHifKdaaTGSe|
|0000de40| 4d 33 50 33 6e 54 44 49 65 70 42 77 41 4c 68 64 |M3P3nTDIepBwALhd|
|0000de50| 37 66 75 4a 6e 56 78 50 63 53 6f 47 58 6c 6f 37 |7fuJnVxPcSoGXlo7|
|0000de60| 5a 50 73 54 4e 72 72 2f 33 34 2f 68 70 44 74 74 |ZPsTNrr/34/hpDtt|
|0000de70| 6d 41 56 34 33 65 33 2f 53 79 36 37 2f 44 37 35 |mAV43e3/Sy67/D75|
|0000de80| 69 35 48 48 76 38 63 74 2f 75 6b 66 64 74 6b 7a |i5HHv8ct/ukfdtkz|
|0000de90| 32 44 4a 55 66 36 76 5a 31 38 46 31 53 71 58 74 |2DJUf6vZ18F1SqXt|
|0000dea0| 37 76 42 59 68 4d 72 33 6f 46 67 41 52 45 52 47 |7vBYhMr3oFgARERG|
|0000deb0| 52 4a 31 34 7a 52 77 37 57 63 7a 4f 76 6a 48 65 |RJ14zRw7WczOvjHe|
|0000dec0| 2f 2f 78 62 76 37 2f 67 4f 79 38 4e 58 4f 54 56 |//xbv7/gOy8NXOTV|
|0000ded0| 69 69 6e 78 58 62 52 55 48 47 6b 31 38 5a 39 73 |iinxXbRUHGk18Z9s|
|0000dee0| 62 76 4c 2f 6a 4c 58 61 2b 6e 6b 2f 66 32 52 71 |bvL/jLXa+nk/f2Rq|
|0000def0| 4f 74 49 53 42 4e 6b 35 57 74 32 46 63 2b 6c 4a |OtISBNk5Wt2Fc+lJ|
|0000df00| 6b 32 38 59 73 75 6b 2b 64 35 36 78 6e 35 4c 48 |k28Ysuk+d56xn5LH|
|0000df10| 4c 32 62 6e 6a 4c 64 37 66 38 52 49 72 6a 57 30 |L2bnjLd7f8RIrjW0|
|0000df20| 63 50 6e 71 52 72 73 47 44 74 33 64 77 73 33 67 |cPnqRrsGDt3dws3g|
|0000df30| 5a 37 37 35 65 52 76 5a 39 73 51 48 74 31 36 6b |Z775eRvZ9sQHt16k|
|0000df40| 4f 50 38 50 32 48 57 2f 78 2f 76 66 58 38 55 70 |OP8P2HW/x/vfX8Up|
|0000df50| 65 44 79 64 2b 65 34 72 72 51 37 46 66 35 6e 62 |eDyd+e4rrQ7Ff5nb|
|0000df60| 42 34 50 48 58 73 57 35 47 35 2f 44 78 37 31 35 |B4PHXsW5G5/Dx715|
|0000df70| 6b 33 31 45 6e 4c 46 72 4e 50 2b 35 34 69 2f 65 |k31EnLFrNP+54i/e|
|0000df80| 2f 56 30 35 42 34 7a 58 71 59 39 7a 2f 48 35 75 |/V05B4zXqY9z/H5u|
|0000df90| 48 6d 79 50 4f 58 57 47 2f 7a 62 48 4b 53 39 79 |HmyPOXWG/zbHKS9y|
|0000dfa0| 2f 4d 73 49 4e 6a 68 38 38 54 38 75 4d 68 64 45 |/MsINjh88T8uMhdE|
|0000dfb0| 36 66 49 6c 58 63 6e 6f 34 38 64 73 61 47 76 6f |6fIlXcno48dsaGvo|
|0000dfc0| 53 50 52 66 30 74 4e 37 47 73 6e 49 31 37 36 35 |SPRf0tN7GsnI1765|
|0000dfd0| 39 4f 75 62 32 32 67 39 37 4f 56 4a 6b 70 32 46 |9Oub22g97OVJkp2F|
|0000dfe0| 66 4c 67 4f 2f 73 72 4f 54 41 43 2f 38 74 48 76 |fLgO/srOTAC/8tHv|
|0000dff0| 45 46 50 38 77 76 37 79 57 77 74 36 66 70 62 4e |EFP8wv7yWwt6fpbN|
|0000e000| 35 31 73 67 39 6e 32 4c 7a 70 6d 54 2b 6e 7a 39 |51sg9n2LzpmT+nz9|
|0000e010| 35 52 38 52 2b 6a 38 6f 54 38 4e 32 6c 64 6e 42 |5R8R+j8oT8N2ldnB|
|0000e020| 31 73 2b 50 2f 44 47 44 5a 59 71 66 33 4e 37 6c |1s+P/DGDZYqf3N7l|
|0000e030| 30 2f 4c 75 64 39 52 66 38 37 50 78 71 2b 4c 68 |0/Lud9Rf87Pxq+Lh|
|0000e040| 31 2b 39 79 73 76 35 62 43 68 2f 74 79 47 66 6a |1+9ysv5bCh/tyGfj|
|0000e050| 4e 4c 4f 72 65 68 6a 33 2f 37 4b 62 53 5a 65 4b |NLOrehj3/7KbSZeK|
|0000e060| 46 44 55 5a 63 52 2f 75 6f 47 7a 70 32 4c 7a 55 |FDUZcR/uoGzp2LzU|
|0000e070| 6e 2b 76 6e 76 47 35 34 61 6c 66 77 6e 56 41 37 |n+vnvG54alfwnVA7|
|0000e080| 76 58 58 62 2b 30 45 2f 48 42 6a 75 74 76 38 6c |vXXb+0E/HBjutv8l|
|0000e090| 6c 59 46 39 61 5a 50 75 75 62 69 61 2b 47 61 53 |lYF9aZPuubia+GaS|
|0000e0a0| 48 50 66 2f 55 53 38 33 53 70 79 4c 37 2f 53 61 |HPf/US83SpyL7/Sa|
|0000e0b0| 64 48 31 73 48 6a 78 73 70 2f 37 38 63 76 7a 65 |dH1sHjxsp/78cvze|
|0000e0c0| 69 72 74 7a 55 2f 42 46 32 76 71 6a 6b 58 32 53 |irtzU/BF2vqjkX2S|
|0000e0d0| 51 4f 67 42 45 52 45 52 45 6e 6e 52 4e 72 54 53 |QOgBEREREnnRNrTS|
|0000e0e0| 52 78 34 61 4b 51 74 4b 4e 41 47 6e 4d 72 31 6a |Rx4aKQtKNAGnMr1j|
|0000e0f0| 46 38 71 48 4d 72 5a 50 36 5a 68 38 46 35 61 73 |F8qHMrZP6Zh8F5as|
|0000e100| 70 73 55 64 47 33 59 30 7a 79 36 67 6f 53 71 48 |psUdG3Y0zy6goSqH|
|0000e110| 70 57 6a 4f 51 67 74 48 59 6a 37 76 4c 68 52 38 |pWjOQgtHYj7vLhR8|
|0000e120| 77 35 69 31 6a 2b 2f 61 56 4c 4c 61 50 4f 50 61 |w5i1j+/aVLLaPOPa|
|0000e130| 61 2f 4f 6a 55 30 6a 54 4b 58 6c 72 46 4b 77 73 |a/OjU0jTKXlrFKws|
|0000e140| 7a 43 49 65 69 68 38 38 72 59 57 74 70 50 75 6c |zCIeih88rYWtpPul|
|0000e150| 57 53 2b 7a 34 4d 75 62 79 57 6f 55 6a 4d 6d 70 |WS+z4MubyWoUjMmp|
|0000e160| 76 7a 47 42 2b 52 52 6d 6c 33 4f 61 4c 78 6e 44 |vzGB+RRml3OaLxnD|
|0000e170| 6b 2b 4f 5a 38 58 6c 6b 31 66 50 7a 35 46 63 39 |k+OZ8Xlk1fPz5Fc9|
|0000e180| 51 34 47 71 6a 2f 69 35 30 58 57 75 6a 4f 37 75 |Q4Gqj/i50XWujO7u|
|0000e190| 51 4c 63 2f 6c 59 67 45 77 5a 72 50 69 6a 59 55 |QLc/lYgEwZrPijYU|
|0000e1a0| 55 47 52 4b 74 6e 48 53 57 6a 7a 68 33 32 59 70 |UGRKtnHSWjzh32Yp|
|0000e1b0| 38 72 4a 32 33 37 35 39 57 33 33 53 64 71 2b 47 |8rJ23759W33Sdq+G|
|0000e1c0| 78 64 56 6a 4f 59 6e 4d 33 46 78 73 54 58 30 6a |xdVjOYnM3FxsTX0j|
|0000e1d0| 52 57 72 79 45 64 66 4f 79 53 62 65 61 59 6d 37 |RWryEdfOySbeaYm7|
|0000e1e0| 50 58 5a 76 4b 72 70 58 52 36 51 63 6d 47 2b 74 |PXZvKrpXR6QcmG+t|
|0000e1f0| 33 6d 4e 6c 32 4b 55 6a 6c 30 44 33 77 42 6e 37 |3mNl2KUjl0D3wBn7|
|0000e200| 38 2f 51 77 63 4e 67 74 6a 61 7a 50 6a 37 30 7a |8/QwcNgtjazPj70z|
|0000e210| 38 39 77 74 42 4b 71 4d 5a 73 50 39 38 67 44 31 |89wtBKqMZsP98gD1|
|0000e220| 46 4a 6a 62 6e 51 38 65 46 49 50 2f 76 55 6a 4d |FJjbnQ8eFIP/vUjM|
|0000e230| 2f 58 6d 6d 4c 37 6d 64 6c 2f 51 39 54 2b 56 48 |/XmmL7mdl/Q9T+VH|
|0000e240| 4b 34 4e 36 52 7a 6f 4a 64 4f 7a 4a 78 52 4d 2b |K4N6RzoJdOzJxRM+|
|0000e250| 54 73 54 69 64 49 7a 38 79 6b 52 73 4d 77 48 77 |TsTidIz8ykRsMwHw|
|0000e260| 4c 4f 7a 4e 43 66 48 67 2b 45 48 6c 37 6d 34 2b |LOzNCfHg+EHl7m4+|
|0000e270| 39 58 78 6e 5a 74 75 7a 42 79 39 48 78 70 77 44 |9XxnZtuzBy9HxpwD|
|0000e280| 2f 45 69 4f 57 6e 56 38 46 71 47 79 62 6f 50 4b |/EiOWnV8FqGyboPK|
|0000e290| 75 39 62 45 72 4a 59 56 64 4c 7a 38 56 66 53 47 |u9bErJYVdLz8VfSG|
|0000e2a0| 56 38 72 66 74 56 4c 35 73 77 42 2b 49 6c 72 38 |V8rftVL5swB+Ilr8|
|0000e2b0| 70 77 4a 47 32 34 66 4c 76 6d 68 73 70 76 34 68 |pwJG24fLvmhspv4h|
|0000e2c0| 45 36 42 59 41 45 52 45 52 6b 53 64 63 5a 37 73 |E6BYAERERkSdcZ7s|
|0000e2d0| 58 5a 75 5a 54 4d 4f 72 56 44 44 4b 48 70 72 6c |XZuZTMOrVDDKHprl|
|0000e2e0| 33 63 39 73 44 7a 75 71 50 32 46 30 39 5a 6d 65 |3c9sDzuqP2F09Zme|
|0000e2f0| 37 69 79 36 65 59 64 33 4c 43 2f 6e 6b 78 42 66 |7iy6eYd3LC/nkxBf|
|0000e300| 38 32 39 37 7a 57 4c 4e 6d 73 57 54 4e 45 6c 62 |8297zWLNmsWTNElb|
|0000e310| 59 78 7a 6d 32 4f 5a 65 53 30 75 69 35 45 77 6e |Yxzm2OZeS0ui5Ewn|
|0000e320| 51 6d 6b 62 57 71 42 66 6d 55 44 44 7a 4c 47 64 |QmkbWqBfmUDDzLGd|
|0000e330| 75 64 64 47 4a 46 7a 7a 64 37 4e 76 72 76 47 38 |uddGJFzzd7NvrvG8|
|0000e340| 33 51 78 66 63 37 4f 6f 6a 62 57 62 65 6d 47 54 |3Qxfc7OojbWbemGT|
|0000e350| 59 6a 73 30 4b 69 51 33 4d 47 30 62 2f 49 44 5a |Yjs0KiQ3MG0b/IDZ|
|0000e360| 45 66 69 43 48 78 72 77 72 64 68 31 6d 4d 39 73 |EfiCHxrwrdh1mM9s|
|0000e370| 4f 4c 61 37 45 46 31 49 30 78 68 6c 2f 63 2b 53 |OLa7EF1I0xhl/c+S|
|0000e380| 4e 2b 58 6c 75 4d 6c 46 65 31 45 66 72 62 57 42 |N+XluMlFe1EfrbWB|
|0000e390| 57 7a 46 31 47 76 4e 66 4b 2b 71 56 2b 66 6c 6e |WzF1GvNfK+qV+fln|
|0000e3a0| 66 79 2b 5a 76 47 36 6a 39 55 35 6a 76 62 6b 67 |fy+ZvG6j9U5jvbkg|
|0000e3b0| 6e 41 36 68 74 48 65 43 31 42 61 59 78 39 57 51 |nA6htHeC1BaYx9WQ|
|0000e3c0| 6b 4e 34 39 49 5a 38 66 74 4d 4c 56 42 41 7a 38 |kN49IZ8ftMLVBAz8|
|0000e3d0| 61 6c 53 79 62 79 46 31 67 49 6a 66 36 39 2b 5a |alSybyF1gIjf69+Z|
|0000e3e0| 4e 50 6d 62 38 79 63 75 50 6c 35 6e 6f 71 41 2f |NPmb8ycuPl5noqA/|
|0000e3f0| 43 6c 71 63 6f 65 34 68 79 74 49 34 54 69 32 4d |Clqcoe4hytI4Ti2M|
|0000e400| 75 74 4c 71 42 63 52 4c 32 6a 76 5a 2b 62 69 30 |utLqBcRL2jvZ+bi0|
|0000e410| 32 52 54 73 6f 42 6f 39 72 6f 32 7a 78 34 44 2f |2RTsoBo9ro2zx4D/|
|0000e420| 73 62 46 76 72 5a 2b 63 46 44 39 2f 4e 4e 34 38 |sbFvrZ+cFD9/NN48|
|0000e430| 71 76 34 68 45 71 41 4e 41 52 45 52 45 35 41 6d |qv4hEqANARERE5Am|
|0000e440| 58 6e 57 4f 44 70 69 36 63 4d 43 4b 42 64 64 48 |XnWODpi6cMCKBddH|
|0000e450| 74 67 30 68 32 6c 45 6d 6d 48 56 6a 36 42 6c 75 |tg0h2lEmmHVj6Blu|
|0000e460| 4c 68 34 66 4f 51 7a 34 58 58 71 79 52 30 66 45 |Lh4fOQz4XXqyR0fE|
|0000e470| 5a 4a 62 7a 36 56 67 6d 76 34 71 65 39 38 52 7a |ZJbz6Vgmv4qe98Rz|
|0000e480| 48 66 6c 74 44 33 39 61 4e 72 4d 6d 78 51 59 75 |HfltD39aNrMmxQYu|
|0000e490| 4c 64 69 42 76 61 45 38 2f 58 6b 38 41 67 7a 30 |LdiBvaE8/Xk8Agz0|
|0000e4a0| 74 73 51 42 39 50 58 54 42 69 45 36 41 4e 70 78 |tsQB9PXTBiE6ANpx|
|0000e4b0| 33 49 62 30 77 69 32 79 6a 44 5a 7a 5a 76 4c 32 |3Ib0wi2yjDZzZvL2|
|0000e4c0| 39 66 4d 54 74 41 34 50 48 68 35 35 32 4d 7a 31 |9fMTtA4PHh552Mz1|
|0000e4d0| 33 32 76 47 54 50 53 4b 68 39 4f 44 31 50 55 41 |32vGTPSKh9OD1PUA|
|0000e4e0| 46 4a 53 41 37 5a 6a 6b 6a 64 57 68 7a 52 4d 71 |FJSA7ZjkjdWhzRMq|
|0000e4f0| 5a 6d 51 72 4f 75 79 34 59 53 6a 6c 48 31 6e 46 |ZmQrOuy4YSjlH1nF|
|0000e500| 69 57 74 76 48 64 44 30 45 67 74 52 39 6c 55 52 |iWtvHdD0EgtR9lUR|
|0000e510| 5a 76 4f 51 66 67 4d 68 55 2f 5a 31 37 66 62 51 |ZvOQfgMhU/Z17fbQ|
|0000e520| 75 54 65 4c 44 43 77 61 32 37 59 69 4d 30 44 73 |uTeLDCwa27YiM0Ds|
|0000e530| 63 53 58 78 38 4c 59 42 2f 72 57 31 45 50 59 58 |cSXx8LYB/rW1EPYX|
|0000e540| 6f 47 4c 77 4e 5a 4a 61 42 38 70 51 67 72 62 65 |oGLwNZJaB8pQgrbe|
|0000e550| 68 66 4f 68 63 59 66 7a 65 41 50 34 55 45 78 6b |hfOhcYfzeAP4UExk|
|0000e560| 6d 51 32 53 45 2f 64 38 44 56 4c 72 63 74 42 35 |mQ2SE/d8DVLrctB5|
|0000e570| 4f 5a 73 64 50 6e 6d 49 38 45 35 58 44 34 55 6a |OZsdPnmI8E5XD4Uj|
|0000e580| 69 34 2b 74 42 57 44 76 79 44 5a 46 59 63 69 65 |i4+tBWDvyDZFYcie|
|0000e590| 59 72 5a 2b 62 6c 30 7a 4f 69 54 43 74 4d 4b 49 |YrZ+bl0zOiTCtMKI|
|0000e5a0| 54 49 49 44 4c 32 34 2f 46 5a 73 47 43 67 62 49 |TIIDL24/FZsGCgbI|
|0000e5b0| 58 55 37 44 38 63 78 39 31 33 77 37 79 79 33 6f |XU7D8cx913w7yy3o|
|0000e5c0| 6a 4f 33 38 59 65 34 61 43 79 48 53 6c 57 77 42 |jO38Ye4aCyHSlWwB|
|0000e5d0| 45 52 45 52 45 6e 6e 54 46 44 6f 70 6f 35 2f 6a |EREREnnTFDopo5/j|
|0000e5e0| 4a 74 75 6a 49 64 6f 44 4f 50 35 2b 6a 66 75 68 |JtujIdoDOP5+jfuh|
|0000e5f0| 6d 36 57 79 65 4c 37 54 69 76 48 41 65 35 32 44 |m6WyeL7TivHAe52D|
|0000e600| 65 35 6d 6e 67 38 49 64 56 48 47 76 71 42 35 6f |e5mng8IdVHGvqB5o|
|0000e610| 35 38 6f 76 44 48 4c 6a 71 42 53 7a 6b 46 65 61 |58ovDHLjqBSzkFea|
|0000e620| 53 61 51 6a 69 37 51 55 63 42 54 6a 43 62 5a 79 |SaQji7QUcBTjCbZy|
|0000e630| 36 4f 6a 67 4b 48 73 42 5a 2f 54 74 2b 39 75 6c |6OjgKHsBZ/Tt+9ul|
|0000e640| 31 45 6e 35 30 75 38 74 4a 35 5a 38 37 68 32 4a |1En50u8tJ5Z87h2J|
|0000e650| 7a 6e 72 7a 49 31 58 41 6d 69 34 73 4d 6b 64 6a |znrzI1XAmi4sMkdj|
|0000e660| 37 32 71 67 65 65 66 79 54 76 2b 4e 6e 48 31 33 |72qgeefyTv+NnH13|
|0000e670| 6d 4e 70 43 39 4d 4a 2f 4d 7a 6d 59 2b 48 74 72 |mNpC9MJ/MzmY+Htr|
|0000e680| 65 77 2f 58 71 71 7a 53 46 48 37 61 79 78 6c 48 |ew/XqqzSFH7ayxlH|
|0000e690| 73 6f 43 6a 63 52 75 58 70 4d 58 58 6f 79 32 52 |soCjcRuXpMXXoy2R|
|0000e6a0| 4a 73 51 57 77 6b 44 30 6a 68 65 37 6d 71 30 4e |JsQWwkD0jhe7mq0N|
|0000e6b0| 31 36 4c 31 78 69 59 59 48 66 44 35 66 2f 51 6b |16L1xiYYHfD5f/Qk|
|0000e6c0| 2f 76 32 7a 74 6a 66 36 72 6c 39 70 39 66 6e 34 |/v2ztjf6rl9p9fn4|
|0000e6d0| 35 4e 34 55 58 45 75 6f 41 49 44 4a 56 6e 79 41 |5N4UXEuoAIDJVnyA|
|0000e6e0| 66 2f 69 5a 45 37 56 6f 54 4c 30 54 7a 33 39 79 |f/iZE7VoTL0Tz39y|
|0000e6f0| 6c 4b 66 79 33 43 33 33 73 71 52 38 2b 64 73 50 |lKfy3C33sqR8+dsP|
|0000e700| 48 66 6e 59 4e 64 5a 53 6b 73 6e 37 4e 41 48 73 |HfnYNdZSksn7NAHs|
|0000e710| 2b 64 67 33 66 51 39 2f 6d 59 74 76 2f 37 71 48 |+dg3fQ9/mYtv/7qH|
|0000e720| 57 46 2b 30 55 4d 74 6e 5a 74 72 61 66 76 62 76 |WF+0UMtnZtrafvbv|
|0000e730| 38 37 46 6c 73 59 76 30 45 48 52 73 54 6c 53 4e |87FlsYv0EHRsTlSN|
|0000e740| 33 61 51 72 2f 37 55 39 2b 39 6c 77 62 48 63 75 |3aQr/7U9+9lwbHcu|
|0000e750| 65 50 42 50 72 4a 35 71 75 58 32 52 69 70 79 76 |ePBPrJ5quX2Ripyv|
|0000e760| 41 68 30 4e 6c 43 4e 4c 36 32 56 31 4b 66 75 6f |Ah0NlCNL62V1Kfuo|
|0000e770| 62 58 76 63 67 33 38 71 4f 75 53 46 2b 76 43 74 |bXvcg38qOuSF+vCt|
|0000e780| 41 78 78 62 4c 38 41 77 46 58 78 74 58 47 74 73 |AxxbL8AwFXxtXGts|
|0000e790| 53 62 35 4d 69 54 79 6a 4e 41 42 41 52 45 52 46 |Sb5MiTyjNABARERF|
|0000e7a0| 35 34 68 57 79 65 61 4f 4c 2f 5a 56 6e 32 48 4d |54hWyeaOL/ZVn2HM|
|0000e7b0| 74 47 51 50 39 32 41 6f 57 55 70 70 33 6d 61 62 |tGQP92AoWUpp3mab|
|0000e7c0| 6f 4f 37 4c 4b 58 32 42 4c 62 77 30 65 6e 71 78 |oO7LKX2BLbw0enqx|
|0000e7d0| 59 41 41 41 4b 51 30 6c 45 51 56 53 48 50 6a 67 |YAAAKQ0lEQVSHPjg|
|0000e7e0| 49 70 6d 54 43 41 51 4f 7a 79 31 61 79 64 5a 45 |IpmTCAQOzy1aydZE|
|0000e7f0| 46 4b 47 52 64 52 52 76 37 71 7a 39 6a 39 35 6c |FKGRdRRv7qz9j95l|
|0000e800| 6b 44 4f 46 2b 62 49 58 50 73 79 45 50 34 42 6e |kDOF+bIXPsyEP4Bn|
|0000e810| 65 33 4f 68 68 66 2b 58 6e 51 39 75 77 35 2f 44 |e3Ohhf+XnQ9uw5/D|
|0000e820| 4b 36 30 76 49 49 73 46 62 41 50 49 4b 4b 47 32 |K60vIIsFbAPIKKG2|
|0000e830| 76 5a 63 2f 5a 49 41 62 36 43 61 65 6d 73 33 7a |vZc/ZIAb6Caems3z|
|0000e840| 6a 43 35 53 59 6f 37 47 2f 37 75 48 41 30 63 6a |jC5SYo7G/7uHA0cj|
|0000e850| 78 7a 66 51 54 73 75 62 77 79 68 76 6c 6b 64 6b |xzfQTsubwyhvlkdk|
|0000e860| 4d 4d 35 61 77 64 61 32 58 2f 64 57 66 73 2f 74 |MM5awda2X/dWfs/t|
|0000e870| 55 4d 67 59 4d 5a 43 35 77 55 47 79 2f 7a 75 52 |UMgYMZC5wUGy/zuR|
|0000e880| 4f 41 69 68 6b 38 2b 74 42 44 6e 31 32 68 6a 32 |OAihk8+tBDn12hj2|
|0000e890| 58 6f 79 2f 5a 5a 37 48 32 39 64 58 52 4f 4b 47 |Xoy/ZZ7H29dXROKG|
|0000e8a0| 67 6f 70 7a 6c 48 39 56 79 34 49 4f 44 47 41 78 |gopzlH9Vy4IODGAx|
|0000e8b0| 67 7a 48 69 61 6b 6a 78 6f 65 59 43 7a 76 4c 62 |gzHiakjxoeYCzvLb|
|0000e8c0| 42 68 4f 57 77 47 38 63 31 4e 2f 6a 41 55 6d 53 |BhOWwG8c1N/jAUmS|
|0000e8d0| 6b 38 6b 65 5a 30 57 6e 34 69 58 69 4b 39 52 75 |k8keZ0Wn4iXiK9Ru|
|0000e8e0| 38 7a 50 37 33 66 76 35 7a 39 34 6a 68 39 49 78 |8zP73fv5z94jh9Ix|
|0000e8f0| 4d 39 76 79 50 4f 33 78 33 6c 35 75 6b 6f 4a 74 |M9vyPO3x3l5ukoJt|
|0000e900| 69 59 50 33 62 5a 6e 35 63 31 42 64 4e 2b 45 32 |iYP3bZn5c1BdN+E2|
|0000e910| 55 66 64 2f 4f 6a 33 2f 71 6f 65 7a 74 44 68 78 |Ufd/Oj3/qoeztDhx|
|0000e920| 57 61 41 67 6d 38 65 50 2f 6b 54 45 69 30 59 2b |WaAgm8eP/kTEi0Y+|
|0000e930| 4d 73 48 4d 38 79 4d 35 2f 73 4e 2b 33 42 6b 48 |MsHM8yM5/sN+3BkH|
|0000e940| 43 35 63 6a 49 5a 4d 2f 2f 31 63 32 50 66 75 49 |C5cjIZM//1c2PfuI|
|0000e950| 6d 79 65 31 6d 62 68 41 63 53 30 33 78 79 32 6c |mye1mbhAcS03xy2l|
|0000e960| 4b 35 30 66 2f 64 35 69 64 75 39 7a 6b 75 74 77 |K50f/d5idu9zkutw|
|0000e970| 34 67 75 43 61 47 7a 6e 75 63 46 39 45 4b 75 73 |4guCaGznucF9EKus|
|0000e980| 33 33 47 50 48 2f 78 78 67 37 38 72 68 47 51 72 |33GPH/xxg78rhGQr|
|0000e990| 75 78 73 74 55 6e 6b 31 6d 62 57 45 2b 5a 63 71 |uxstUnk1mbWE+Zcq|
|0000e9a0| 41 5a 42 70 4c 47 68 67 59 47 4a 6a 71 49 45 52 |AZBpLGhgYGJjqIER|
|0000e9b0| 45 52 45 54 6b 61 39 4c 6e 78 57 2b 32 54 5a 43 |ERETka9LnxW+2TZC|
|0000e9c0| 38 68 66 48 33 68 62 47 59 78 35 6b 36 33 65 63 |8hfH3hbGYx5k63ec|
|0000e9d0| 6e 5a 4c 62 45 48 6b 55 4b 2b 66 45 62 37 31 2b |nZLbEHkUK+fEb71+|
|0000e9e0| 63 4c 6e 45 42 2f 48 30 47 4c 4f 5a 78 56 76 43 |cLnEB/H0GLOZxVvC|
|0000e9f0| 4c 63 2f 79 51 7a 77 74 57 32 2b 4d 66 34 51 70 |Lc/yQzwtW2+Mf4Qp|
|0000ea00| 35 38 57 4c 44 4e 73 6b 6e 71 76 32 67 67 31 30 |58WLDNsknqv2gg10|
|0000ea10| 4f 4f 30 66 57 32 6f 41 41 66 73 62 65 4a 7a 39 |OO0fW2oAAfsbeJz9|
|0000ea20| 4a 41 67 45 77 54 54 51 31 50 6f 67 2f 6b 49 7a |JAgEwTTQ1Pog/kIz|
|0000ea30| 46 46 4f 4d 36 58 4c 39 44 32 64 34 6b 6a 76 77 |FFOM6XL9D2d4kjvw|
|0000ea40| 6b 61 2f 53 39 2b 43 4d 38 55 44 6b 43 66 66 68 |ka/S9+CM8UDkCffh|
|0000ea50| 4e 35 6f 63 6f 35 2f 6a 48 64 66 32 78 6b 35 4a |N5oco5/jHdf2xk5J|
|0000ea60| 36 45 36 30 2f 7a 48 67 38 39 53 63 79 52 58 70 |6E60/zHg89ScyRXp|
|0000ea70| 36 45 6c 39 76 5a 44 79 36 42 55 42 45 52 45 52 |6El9vZDy6BUBERER|
|0000ea80| 6b 4f 70 6b 77 2b 51 63 77 6a 4a 2f 38 41 34 79 |kOpkw+QcwjJ/8A4y|
|0000ea90| 58 2f 41 4d 38 55 76 49 50 59 42 6f 2f 2b 55 2f |X/AM8UvIPYBo/+U/|
|0000eaa0| 67 2b 4d 61 76 49 2f 6b 48 4d 45 35 2b 38 6e 2b |g+MavI/kHME5+8n+|
|0000eab0| 2f 78 35 54 38 51 35 7a 6b 48 79 41 6c 64 76 4a |/x5T8Q5zkHyAldvJ|
|0000eac0| 50 67 4a 72 6a 49 63 6f 32 57 63 64 4e 2f 6d 4f |PgJrjIco2WcdN/mO|
|0000ead0| 63 62 4f 4a 79 50 46 54 79 50 39 46 78 37 33 48 |cbOJyPFTyP9Fx73H|
|0000eae0| 6b 61 44 38 2f 32 6a 44 78 44 41 57 52 36 55 6f |kaD8/2jDxDAWR6Uo|
|0000eaf0| 64 41 43 49 69 49 69 49 69 45 70 2f 72 48 72 2b |dACIiIiIiEp/rHr+|
|0000eb00| 38 59 4f 43 37 66 35 63 36 31 5a 47 4d 37 37 71 |8YOC7f5c61ZGM77q|
|0000eb10| 66 50 61 53 77 65 58 37 43 7a 34 45 55 6d 56 5a |fPaSweX7Cz4EUmVZ|
|0000eb20| 30 43 34 43 49 69 49 69 49 79 44 64 42 6f 42 63 |0C4CIiIiIyDdBoBc|
|0000eb30| 58 6b 52 58 33 76 35 45 43 66 6c 7a 42 5a 44 4a |XkRX3v5ECflzBZDJ|
|0000eb40| 73 63 57 59 51 54 47 55 35 41 72 32 34 4d 4a 4a |scWYQTGU5Ar24MJJ|
|0000eb50| 68 53 76 6e 36 7a 79 33 79 6d 45 33 47 4c 51 44 |hSvn6zy3ymE3GLQD|
|0000eb60| 71 41 42 41 52 45 52 45 52 45 52 48 35 68 74 4d |qABARERERERH5htM|
|0000eb70| 61 41 43 49 69 49 69 49 69 49 69 4b 53 45 48 55 |aACIiIiIiIiKSEHU|
|0000eb80| 41 69 49 69 49 69 49 69 49 69 45 77 44 36 67 41 |AiIiIiIiIiEwD6gA|
|0000eb90| 51 45 52 45 52 45 52 45 52 6d 51 62 55 41 53 41 |QERERERERmQbUASA|
|0000eba0| 69 49 69 49 69 49 69 49 79 44 61 67 44 51 45 52 |iIiIiIiIyDagDQER|
|0000ebb0| 45 52 45 52 45 52 47 51 61 55 41 65 41 69 49 69 |ERERERGQaUAeAiIi|
|0000ebc0| 49 69 49 69 49 79 44 53 67 44 67 41 52 45 52 45 |IiIiIyDSgDgARERE|
|0000ebd0| 52 45 52 47 52 61 55 41 64 41 43 49 69 49 69 49 |RERGRaUAdACIiIiI|
|0000ebe0| 69 49 69 4c 54 67 44 6f 41 52 45 52 45 52 45 52 |iIiLTgDoARERERER|
|0000ebf0| 45 52 4b 59 42 64 51 43 49 69 49 69 49 69 49 69 |ERKYBdQCIiIiIiIi|
|0000ec00| 49 54 41 50 71 41 42 41 52 45 52 45 52 45 52 47 |ITAPqABARERERERG|
|0000ec10| 5a 42 74 51 42 49 43 49 69 49 69 49 69 49 6a 49 |ZBtQBICIiIiIiIjI|
|0000ec20| 4e 71 41 4e 41 52 45 52 45 52 45 52 45 5a 42 70 |NqANAREREREREZBp|
|0000ec30| 51 42 34 43 49 69 49 69 49 69 49 6a 49 4e 4b 41 |QB4CIiIiIiIjINKA|
|0000ec40| 4f 41 42 45 52 45 52 45 52 45 5a 46 70 51 42 30 |OABEREREREZFpQB0|
|0000ec50| 41 49 69 49 69 49 69 49 69 49 74 4f 41 4f 67 42 |AIiIiIiIiItOAOgB|
|0000ec60| 45 52 45 52 45 52 45 52 45 70 67 46 31 41 49 69 |EREREREREpgF1AIi|
|0000ec70| 49 69 49 69 49 69 49 68 4d 41 2b 6f 41 45 42 45 |IiIiIiIhMA+oAEBE|
|0000ec80| 52 45 52 45 52 45 5a 6b 47 31 41 45 67 49 69 49 |REREREZkG1AEgIiI|
|0000ec90| 69 49 69 49 69 4d 67 32 6f 41 30 42 45 52 45 52 |iIiIiMg2oA0BERER|
|0000eca0| 45 52 45 52 6b 47 6c 41 48 67 49 69 49 69 49 69 |ERERkGlAHgIiIiIi|
|0000ecb0| 49 69 4d 67 30 59 4a 7a 71 41 45 52 45 52 45 53 |IiMg0YJzqAERERES|
|0000ecc0| 6d 55 6c 39 77 41 47 64 58 6d 42 74 33 51 72 69 |mUl9wAGdXmBt3Qri|
|0000ecd0| 38 2f 66 67 43 41 2f 51 47 42 71 59 36 4c 4a 46 |8/fgCA/QGBqY6LJF|
|0000ece0| 4a 6b 5a 53 55 4e 4e 55 68 79 47 4f 57 61 6b 72 |JkZSUNNUhyGOWakr|
|0000ecf0| 43 61 6b 6f 69 77 35 5a 4d 51 5a 61 42 67 70 6c |Cakoiw5ZMQZaBgpl|
|0000ed00| 47 7a 4d 72 79 5a 42 78 4a 41 77 4d 44 2b 68 39 |GzMryZBxJAwMD+h9|
|0000ed10| 4f 52 45 52 45 70 70 32 2b 34 41 42 66 74 41 53 |OREREpp2+4ABftAS|
|0000ed20| 34 31 68 61 6b 76 33 2b 71 6f 78 46 35 50 4e 51 |41hakv3+qoxF5PNQ|
|0000ed30| 42 4d 50 30 6b 4a 38 47 43 62 36 58 77 33 44 79 |BMP0kJ8GCb6Xw3Dy|
|0000ed40| 54 4f 67 4b 65 4d 44 30 39 50 59 39 38 44 48 55 |TOgKeMD09PY98DHU|
|0000ed50| 41 69 49 69 49 79 4c 51 53 43 73 50 56 76 77 61 |AiIiIyLQSCsPVvwa|
|0000ed60| 6f 62 77 33 53 46 39 4c 50 49 48 6d 79 71 51 4e |obw3SF9LPIHmyqQN|
|0000ed70| 67 2b 6a 49 62 6b 79 68 7a 70 4c 44 67 57 79 6b |g+jIbkyhzpLDgWyk|
|0000ed80| 59 64 4f 50 33 45 32 45 79 4f 67 44 55 4a 79 51 |YdOP3E2EyOgDUJyQ|
|0000ed90| 69 49 69 4c 54 79 6d 56 6e 67 41 76 4e 67 61 6b |iIiLTymVngAvNgak|
|0000eda0| 4f 51 30 54 6b 73 65 6f 4c 44 58 43 32 4b 55 44 |OQ0TkseoLDXC2KUD|
|0000edb0| 2f 41 43 79 65 6d 7a 4c 56 34 63 67 33 68 50 71 |/ACyemzLV4cg3hPq|
|0000edc0| 43 52 45 52 45 5a 4e 71 6f 61 31 58 79 4c 79 4c |CREREZNqoa1XyLyL|
|0000edd0| 54 79 2f 6e 6d 41 48 57 74 2b 74 36 54 43 48 55 |Ty/nmAHWt+t6TCHU|
|0000ede0| 41 69 49 69 49 79 4c 54 77 31 2b 34 77 46 2f 36 |AiIiIyLTw1+4wF/6|
|0000edf0| 69 48 38 45 69 4d 76 31 63 2b 45 73 51 5a 31 64 |iH8EiMv1c+EsQZ1d|
|0000ee00| 34 71 73 4f 51 62 77 42 31 41 49 69 49 69 4d 67 |4qsOQbwB1AIiIiMg|
|0000ee10| 54 4c 78 41 61 6f 50 71 4b 48 36 31 38 4a 43 4c |TLxAaoPqKH618JCL|
|0000ee20| 54 31 52 2b 76 39 52 48 51 75 69 66 54 6e 6a 6f |T1R+v9RHQuifTnjo|
|0000ee30| 41 52 45 52 45 35 49 6c 58 31 78 72 45 48 39 51 |ARERE5IlX1xrEH9Q|
|0000ee40| 50 58 35 6b 4b 66 6d 62 61 2f 6b 71 52 31 59 4e |PX5kKfmba/kqR1YN|
|0000ee50| 68 71 6b 4f 52 61 63 30 66 48 4b 44 2b 71 39 42 |hqkORac0fHKD+q9B|
|0000ee60| 55 68 79 46 54 54 49 73 41 69 6f 69 49 79 42 4f |UhyFTTIsAioiIyBO|
|0000ee70| 74 76 78 2b 75 2f 54 55 34 31 57 48 49 4e 35 61 |tvx+u/TU41WHIN5a|
|0000ee80| 66 32 66 5a 62 5a 49 34 63 46 68 73 77 63 73 38 |f2fZbZI4cFhswcs8|
|0000ee90| 2f 6b 36 38 43 35 6b 6b 34 66 67 69 4c 49 59 79 |/k68C5kk4fgiLIYy|
|0000eea0| 35 50 30 51 79 45 47 38 53 74 69 58 31 72 78 53 |5P0QyEG8StiX1rxS|
|0000eeb0| 61 6f 50 76 65 74 37 69 70 47 64 73 79 79 61 37 |aoPvet7ipGdsyya7|
|0000eec0| 39 4e 63 6a 7a 38 2f 52 55 67 4f 6c 4d 6c 31 35 |9Ncjz8/RUgOlMl15|
|0000eed0| 45 52 45 53 65 61 44 65 36 51 67 54 44 47 76 32 |ERESeaDe6QgTDGv2|
|0000eee0| 58 4f 41 5a 4d 33 4f 6c 4e 70 39 31 76 77 7a 73 |XOAZM3OlNp91vwzs|
|0000eef0| 51 34 71 6e 55 54 76 49 6e 5a 61 6a 73 4b 66 37 |Q4qnUTvInZajsKf7|
|0000ef00| 61 4d 35 65 72 39 32 61 67 62 69 69 5a 61 73 48 |aM5er92agbiiZasH|
|0000ef10| 77 41 4f 31 33 31 62 4d 30 6e 57 6b 47 67 49 69 |wAO131bM0nWkGgIi|
|0000ef20| 49 69 44 7a 52 6d 6d 39 70 79 71 73 6b 59 43 41 |IiDzRmm9pyqskYCA|
|0000ef30| 46 64 79 41 44 50 33 42 33 49 45 68 70 61 67 43 |FdyADP3B3IEhpagC|
|0000ef40| 4c 49 51 69 68 46 47 43 41 56 45 73 48 63 30 77 |LIQihFGCAVEsHc0w|
|0000ef50| 42 6a 45 6b 51 43 74 6c 6f 38 38 33 6b 33 6d 43 |BjEkQCtlo883k3mC|
|0000ef60| 2f 6b 71 47 62 65 56 59 50 31 6d 51 49 68 56 4c |/kqGbeVYP1mQIhVL|
|0000ef70| 6f 4e 77 59 68 6b 4d 50 31 58 67 76 67 78 70 48 |oNwYhkMP1XgvgxpH|
|0000ef80| 75 77 74 5a 76 6f 39 6b 7a 45 7a 39 67 54 4f 6c |uwtZvo9kzEz9gTOl|
|0000ef90| 6b 58 6d 6f 76 70 69 53 67 33 30 52 33 37 79 78 |kXmovpiSg30R37yx|
|0000efa0| 75 68 6f 7a 52 30 66 39 49 63 70 62 35 31 46 65 |uhozR0f9Icpb51Fe|
|0000efb0| 59 66 58 4e 70 44 51 4c 30 6b 6d 4f 37 51 36 61 |YfXNpDQL0kmO7Q6a|
|0000efc0| 78 6e 32 53 53 38 51 56 6d 34 4f 78 39 69 68 42 |xn2SS8QVm4Ox9ihB|
|0000efd0| 41 53 67 65 6c 31 6a 37 38 49 54 4d 70 78 68 42 |ASgel1j78ITMpxhB|
|0000efe0| 75 7a 52 79 51 4f 50 37 53 47 61 49 67 53 7a 65 |uzRyQOP7SGaIgSze|
|0000eff0| 6b 54 46 65 61 41 53 41 69 49 69 4a 50 74 43 35 |kTFeaASAiIiJPtC5|
|0000f000| 50 2f 31 53 48 49 48 39 54 77 74 69 4e 49 53 43 |P/1SHIH9TwtiNISC|
|0000f010| 4a 51 48 2f 30 32 65 6b 70 6e 63 77 31 42 30 67 |JQH/02ekpncw1B0g|
|0000f020| 4b 32 32 6a 33 70 39 4a 76 39 46 4b 51 36 6f 6d |K22j3p9Jv9FKQ6om|
|0000f030| 2b 33 30 65 2b 31 59 4d 31 32 55 43 50 50 78 33 |+30e+1YM12UCPPx3|
|0000f040| 58 51 42 6a 54 68 4d 64 33 38 79 31 72 4c 38 61 |XQBjThMd38y1rL8a|
|0000f050| 77 6e 62 2f 63 79 38 52 4e 67 45 78 72 46 33 62 |wnb/cy8RNgExrF3b|
|0000f060| 41 37 38 2f 68 52 73 41 41 47 48 44 35 5a 68 4f |A78/hRsAAGHD5ZhO|
|0000f070| 35 63 32 55 41 75 2f 55 32 4d 34 30 44 2b 50 76 |5c2UAu/U2M40D+Pv|
|0000f080| 53 75 52 56 4d 77 6d 72 71 5a 6e 62 4b 36 46 6b |SuRVMwmrqZnbK6Fk|
|0000f090| 74 46 6d 4f 51 59 4d 69 45 58 35 4e 64 4a 49 35 |tFmOQYMiEX5NdJI5|
|0000f0a0| 4f 74 37 34 54 70 7a 50 4e 41 42 41 52 45 5a 45 |Ot74TpzPNABAREZE|
|0000f0b0| 6e 6d 6c 61 39 6c 6f 51 6b 65 79 6c 4d 39 77 37 |nmla9loQkeylM9w7|
|0000f0c0| 39 4d 78 44 4d 35 47 5a 30 7a 6e 35 36 69 68 38 |9MxDM5GZ0zn56ih8|
|0000f0d0| 44 4b 58 54 34 5a 6e 4a 33 59 41 43 4d 4e 38 67 |DKXT4ZnJ3YACMN8g|
|0000f0e0| 7a 2b 72 42 6a 78 32 50 77 59 55 32 47 63 47 41 |z+rBjx2PwYU2GcGA|
|0000f0f0| 47 7a 6a 34 62 47 45 4b 6b 70 58 6a 48 4f 51 6d |Gzj4bGEKkpXjHOQm|
|0000f100| 51 31 45 2f 53 34 4e 2f 39 4e 74 72 75 6d 62 6d |Q1E/S4N/9Ntrumbm|
|0000f110| 56 6c 42 77 5a 7a 52 39 49 47 62 70 4e 6f 4c 2f |VlBwZzR9IGbpNoL/|
|0000f120| 66 46 48 6b 4e 44 35 6b 70 41 78 42 4b 34 34 59 |fFHkND5kpAxBK44Y|
|0000f130| 2f 67 7a 42 4a 50 4a 58 75 34 71 6d 55 65 78 43 |/gzBJPJXu4qmUexC|
|0000f140| 30 44 78 33 57 32 2f 73 74 57 67 4e 4a 69 4d 53 |0Dx3W2/stWgNJiMS|
|0000f150| 6a 37 38 54 70 54 52 30 41 49 69 49 69 38 6b 54 |j78TpTR0AIiIi8kT|
|0000f160| 54 6a 31 31 4a 79 49 43 4a 4f 2f 35 55 6a 43 59 |Tj11JyICJO/5UjCY|
|0000f170| 33 47 51 59 44 39 2f 72 73 44 4e 34 38 6b 70 51 |3GQYD9/rsDN48kpQ|
|0000f180| 45 45 43 51 33 37 53 74 79 68 33 63 59 74 61 70 |EECQ37Styh3cYtap|
|0000f190| 2f 4f 4e 45 31 2f 67 63 79 61 4f 2f 74 77 35 48 |/ONE1/gcyaO/tw5H|
|0000f1a0| 71 34 65 6b 30 44 77 77 59 63 50 66 6d 38 4e 64 |q4ek0DwwYcPfm8Nd|
|0000f1b0| 78 42 32 55 48 49 68 30 47 78 68 35 4b 30 6e 75 |xB2UHIh0Gxh5K0nu|
|0000f1c0| 47 58 30 34 61 73 38 4f 41 6b 6e 39 4a 6a 4c 34 |GX04as8OAkn9JjL4|
|0000f1d0| 54 70 7a 64 31 41 49 69 49 69 49 69 49 44 4b 34 |Tpzd1AIiIiIiIDK4|
|0000f1e0| 42 30 42 2f 6b 4b 5a 75 50 44 4c 4f 48 6d 37 37 |B0B/kKZuPDLOHm77|
|0000f1f0| 49 43 50 76 41 41 45 41 4b 64 2b 37 4e 70 48 73 |ICPvAAEAKd+7NpHs|
|0000f200| 41 59 49 42 6b 44 41 52 67 4b 50 45 32 78 46 33 |AYIBkDARgKPE2xF3|
|0000f210| 66 66 31 43 59 2f 6c 41 6d 7a 57 34 6a 47 4f 34 |ff1CY/lAmzW4jGO4|
|0000f220| 78 32 33 71 58 64 47 73 58 48 6e 63 75 37 70 6a |x23qXdGsXHncu7pj|
|0000f230| 76 54 32 49 41 49 50 77 55 7a 54 35 37 39 43 77 |vT2IAIPwUzT579Cw|
|0000f240| 44 4a 41 2b 6b 50 48 52 52 52 65 54 4a 38 63 34 |DJA+kPHRRReTJ8c4|
|0000f250| 37 37 34 79 37 37 56 65 2f 2b 74 56 39 72 32 6b |774y77Ve/+tV9r2k|
|0000f260| 4e 41 42 45 52 45 58 6d 69 32 53 33 36 75 53 4d |NABEREXmi2S36uSM|
|0000f270| 50 49 4a 53 4f 4b 77 7a 4a 4b 54 33 6b 52 4a 75 |PIJSOKwzJKT3kRJu|
|0000f280| 4f 4f 32 67 68 54 4a 41 5a 71 57 37 53 6a 54 34 |OO2ghTJAZqW7SjT4|
|0000f290| 79 4c 5a 33 4d 73 2f 67 69 50 36 54 37 55 2f 48 |yLZ3Ms/giP6T7U/H|
|0000f2a0| 31 67 38 46 30 6c 77 4b 7a 69 78 78 7a 37 38 52 |1g8F0lwKzixxz78R|
|0000f2b0| 72 41 43 53 37 6d 57 75 2f 53 5a 47 74 42 2b 4f |rACS7mWu/SZGtB+O|
|0000f2c0| 41 6b 57 42 30 4d 48 5a 77 2f 44 37 53 32 52 44 |AkWB0MHZw/D7S2RD|
|0000f2d0| 47 61 6e 4c 78 56 44 4b 41 6e 65 35 67 45 68 69 |GanLxVDKAne5gEhi|
|0000f2e0| 38 35 4a 75 39 50 47 57 38 52 35 36 74 6b 31 79 |85Ju9PGW8R56tk1y|
|0000f2f0| 6a 52 6e 48 6c 34 64 67 74 6d 69 33 79 4a 49 6d |jRnHl4dgtmi3yJIm|
|0000f300| 56 35 45 2f 30 75 76 35 48 46 42 45 52 6b 53 66 |V5E/0uv5HFBERkSf|
|0000f310| 61 30 7a 6d 61 38 43 67 50 77 73 53 64 67 41 6b |a0zma8CgPwsSdgAk|
|0000f320| 49 6b 57 47 4f 33 73 73 66 7a 4b 61 6c 31 30 49 |IkWGO3ssfzKal10I|
|0000f330| 34 32 55 64 4f 71 70 74 4d 67 78 46 33 77 42 6f |42UdOqptMgxF3wBo|
|0000f340| 64 6a 62 66 53 35 72 50 6a 36 77 2b 54 5a 6e 47 |djbfS5rPj6w+TZnG|
|0000f350| 54 6c 70 77 38 38 56 79 41 2f 6b 79 63 76 52 62 |Tlpw88VyA/kycvRb|
|0000f360| 43 42 6a 65 46 39 74 74 6b 4a 61 58 67 38 73 33 |CBjeF9ttkJaXg8s3|
|0000f370| 45 46 64 33 63 31 32 66 6e 58 6a 39 59 54 47 34 |EFd3c12fnXj9YTG4|
|0000f380| 69 43 37 55 6e 34 66 48 6c 30 42 35 4d 78 6d 54 |iC7Un4fHl0B5MxmT|
|0000f390| 71 49 53 2f 31 48 70 62 2b 56 4c 70 43 57 73 56 |qIS/1Hpb+VLpCWsV|
|0000f3a0| 64 48 73 37 54 4f 5a 6f 39 38 71 51 5a 6d 2b 79 |dHs7TOZo98qQZm+y|
|0000f3b0| 50 6c 2f 77 44 4a 41 30 4d 44 4b 6a 37 55 45 52 |Pl/wDJA0MDKj7UER|
|0000f3c0| 45 52 4a 35 59 6e 65 34 77 48 31 2f 6f 6e 65 6f |ERJ5Yne4wH1/oneo|
|0000f3d0| 77 35 45 6c 6d 36 43 55 31 6e 45 6f 76 67 50 45 |w5Elm6CU1nEovgPE|
|0000f3e0| 32 4a 54 59 66 34 61 48 48 41 45 36 74 70 43 53 |2JTYf4aHHAE6tpCS|
|0000f3f0| 4e 39 73 70 6f 6d 35 5a 59 79 45 35 58 42 39 4c |N9spom5ZYyE5XB9L|
|0000f400| 66 6f 70 36 65 6e 67 6d 33 76 2f 50 4f 4f 78 4d |fop6engm3v/POOxM|
|0000f410| 6d 2f 36 41 31 41 45 52 45 52 4f 51 4a 4e 79 76 |m/6A1AEREROQJNyv|
|0000f420| 4e 67 4d 6d 59 70 49 57 76 35 44 48 70 5a 34 61 |NgMmYpIWv5DHpZ4a|
|0000f430| 6c 6b 35 77 6b 4b 33 63 43 52 6c 4c 4e 50 67 77 |lk5wkK3cCRlLNPgw|
|0000f440| 6b 34 77 6c 4f 66 66 49 76 4d 70 62 4a 6d 4b 54 |k4wlOffIvMpbJmKT|
|0000f450| 6b 2f 77 6b 57 4c 2f 6b 48 33 51 49 67 49 69 49 |k/wkWL/kH3QIgIiI|
|0000f460| 69 54 37 69 6b 4a 46 67 38 56 31 4e 65 35 58 46 |iT7ikJFg8V1Ne5XF|
|0000f470| 4a 78 74 58 33 46 48 31 4a 76 65 53 6b 39 70 43 |JxtX3FH1JveSk9pC|
|0000f480| 57 5a 4f 52 65 62 7a 5a 74 6f 66 68 37 69 6e 7a |WZORebzZtofh7inz|
|0000f490| 64 46 73 33 52 2b 4f 39 30 70 78 59 67 49 69 49 |dFs3R+O90pxYgIiI|
|0000f4a0| 69 54 37 7a 46 63 30 33 63 75 42 50 6d 6c 6a 76 |iT7zFc03cuBPmljv|
|0000f4b0| 52 6c 64 70 46 45 6a 63 51 79 71 4c 46 6b 7a 58 |RldpFEjcQyqLFkzX|
|0000f4c0| 56 59 59 68 4d 4b 44 73 74 6d 63 56 7a 4a 31 79 |VYYhMKDstmcVzJ1y|
|0000f4d0| 69 55 71 59 42 7a 51 41 51 45 52 47 52 4a 31 35 |iUqYBzQAQERGRJ15|
|0000f4e0| 53 45 72 78 51 61 73 5a 6f 30 50 33 51 49 6a 4c |SErxQasZo0P3QIjL|
|0000f4f0| 39 47 41 31 4a 76 46 42 71 52 6b 74 43 69 44 6f |9GA1JvFBqRktCiDo|
|0000f500| 41 52 45 52 45 5a 46 70 49 53 30 32 6d 66 4c 35 |AREREZFpIS02mfL5|
|0000f510| 47 76 30 52 6b 2b 6c 6c 52 6c 45 4a 61 71 6c 49 |Gv0Rk+llRlEJaqlI|
|0000f520| 2f 55 51 65 41 69 49 69 49 54 43 50 2f 4a 54 2b |/UQeAiIiITCP/JT+|
|0000f530| 46 35 55 58 71 42 42 43 52 36 57 50 70 30 79 62 |F5UXqBBCR6WPp0yb|
|0000f540| 2b 53 37 37 57 51 5a 45 49 50 51 5a 51 52 45 52 |+S77WQZEIPQZQRER|
|0000f550| 45 70 70 32 57 7a 68 43 6e 47 76 72 6f 43 2b 70 |Epp2WzhCnGvroC+p|
|0000f560| 6e 6b 44 7a 5a 39 42 6a 41 36 63 74 73 68 44 55 |nkDzZ9BjA6ctshDU|
|0000f570| 4c 4c 4d 79 64 71 56 58 2f 6e 78 54 78 48 67 4f |LLMydqVX/nxTxHgO|
|0000f580| 59 69 50 38 66 7a 58 48 50 48 55 55 4e 47 2b 77 |YiP8fzXHPHUUNG+w|
|0000f590| 41 41 41 41 41 53 55 56 4f 52 4b 35 43 59 49 49 |AAAAASUVORK5CYII|
|0000f5a0| 3d 22 7d                                        |="}             |
+--------+-------------------------------------------------+----------------+
&amp#27;[35m22-11-29 16:05:25:749&amp#27;[m [&amp#27;[34mDEBUG&amp#27;[m] Adding key: http://localhost:44632 for channel [id: 0xb21da692, L:/127.0.0.1:52679 - R:localhost/127.0.0.1:44632]
&amp#27;[35m22-11-29 16:05:25:749&amp#27;[m [&amp#27;[30mTRACE&amp#27;[m] [id: 0xb21da692, L:/127.0.0.1:52679 - R:localhost/127.0.0.1:44632] READ COMPLETE
]]></system-out>
    <system-err><![CDATA[Nov 29, 2022 4:05:25 PM tests.RegisterAccountTests registerAccount
INFO: clicking my account
Nov 29, 2022 4:05:25 PM tests.RegisterAccountTests registerAccount
INFO: entering myName
Nov 29, 2022 4:05:25 PM tests.RegisterAccountTests registerAccount
INFO: entering my address
Nov 29, 2022 4:05:25 PM tests.RegisterAccountTests registerAccount
INFO: entering my email
Nov 29, 2022 4:05:25 PM tests.RegisterAccountTests registerAccount
INFO: intering the password
Nov 29, 2022 4:05:25 PM tests.RegisterAccountTests registerAccount
INFO: clicking the register button
]]></system-err>
  </testcase>
</testsuite>