<?xml version="1.0" encoding="UTF-8"?>
<!-- Generated by org.testng.reporters.JUnitReportReporter -->
<testsuite hostname="Sayed-Sadat" failures="0" tests="2" name="tests.RegisterAccountTests" time="6.184" errors="0" timestamp="2022-11-29T16:05:42 PST" skipped="0">
  <testcase classname="tests.RegisterAccountTests" name="registerAccount" time="2.109"/>
  <system-out/>
  <testcase classname="tests.RegisterAccountTests" name="registerAccount" time="4.075"/>
  <system-out/>
</testsuite> <!-- tests.RegisterAccountTests -->
